42.0 APEX_CODE,FINEST;APEX_PROFILING,INFO;CALLOUT,INFO;DB,INFO;SYSTEM,DEBUG;VALIDATION,INFO;VISUALFORCE,INFO;WAVE,INFO;WORKFLOW,INFO
15:34:21.0 (57421)|USER_INFO|[EXTERNAL]|005f4000001uuP2|nmolinam@deloitte.com|Hora de Venezuela|GMT-04:00
15:34:21.0 (88008)|EXECUTION_STARTED
15:34:21.0 (92744)|CODE_UNIT_STARTED|[EXTERNAL]|Aura
15:34:21.0 (637033)|HEAP_ALLOCATE|[72]|Bytes:3
15:34:21.0 (694304)|HEAP_ALLOCATE|[77]|Bytes:152
15:34:21.0 (710400)|HEAP_ALLOCATE|[342]|Bytes:408
15:34:21.0 (723167)|HEAP_ALLOCATE|[355]|Bytes:408
15:34:21.0 (733844)|HEAP_ALLOCATE|[467]|Bytes:48
15:34:21.0 (761389)|HEAP_ALLOCATE|[139]|Bytes:6
15:34:21.0 (776301)|HEAP_ALLOCATE|[EXTERNAL]|Bytes:18
15:34:21.0 (785688)|HEAP_ALLOCATE|[EXTERNAL]|Bytes:4
15:34:21.0 (1521845)|CODE_UNIT_STARTED|[EXTERNAL]|01pf4000009Vx35|CloneQuote.cloneQuote
15:34:21.0 (1623206)|HEAP_ALLOCATE|[EXTERNAL]|Bytes:1
15:34:21.0 (1636500)|METHOD_ENTRY|[1]|01pf4000009Vx35|CloneQuote.CloneQuote()
15:34:21.0 (1643204)|STATEMENT_EXECUTE|[1]
15:34:21.0 (1648435)|STATEMENT_EXECUTE|[1]
15:34:21.0 (1679429)|HEAP_ALLOCATE|[50]|Bytes:5
15:34:21.0 (1703894)|HEAP_ALLOCATE|[56]|Bytes:5
15:34:21.0 (1711499)|HEAP_ALLOCATE|[64]|Bytes:7
15:34:21.0 (1735612)|SYSTEM_MODE_ENTER|false
15:34:21.0 (1750712)|HEAP_ALLOCATE|[EXTERNAL]|Bytes:5
15:34:21.0 (1757937)|SYSTEM_MODE_EXIT|false
15:34:21.0 (1766869)|METHOD_EXIT|[1]|CloneQuote
15:34:21.0 (1772458)|HEAP_ALLOCATE|[EXTERNAL]|Bytes:4
15:34:21.0 (1780776)|SYSTEM_MODE_ENTER|false
15:34:21.0 (1787692)|VARIABLE_SCOPE_BEGIN|[3]|quoteId|Id|false|false
15:34:21.0 (2023417)|VARIABLE_ASSIGNMENT|[3]|quoteId|"0Q0f40000009kKqCAI"
15:34:21.0 (2045539)|HEAP_ALLOCATE|[6]|Bytes:5
15:34:21.0 (2051681)|STATEMENT_EXECUTE|[3]
15:34:21.0 (2053390)|STATEMENT_EXECUTE|[4]
15:34:21.0 (2056474)|HEAP_ALLOCATE|[6]|Bytes:183
15:34:21.0 (2080218)|HEAP_ALLOCATE|[6]|Bytes:4
15:34:21.0 (2093024)|HEAP_ALLOCATE|[6]|Bytes:7
15:34:21.0 (2721434)|SOQL_EXECUTE_BEGIN|[6]|Aggregations:1|SELECT Name, OPPORTUNITYiD, Pricebook2Id, (SELECT QuoteId, Description, Discount, PricebookEntryId, Quantity, Product2Id, UnitPrice FROM QuoteLineItems) FROM QUOTE WHERE ID = :tmpVar1
15:34:21.0 (6570805)|SOQL_EXECUTE_END|[6]|Rows:1
15:34:21.0 (6596684)|HEAP_ALLOCATE|[6]|Bytes:8
15:34:21.0 (6615638)|HEAP_ALLOCATE|[6]|Bytes:113
15:34:21.0 (6712400)|HEAP_ALLOCATE|[6]|Bytes:8
15:34:21.0 (6728541)|HEAP_ALLOCATE|[4]|Bytes:31
15:34:21.0 (6775232)|HEAP_ALLOCATE|[4]|Bytes:20
15:34:21.0 (6782768)|VARIABLE_SCOPE_BEGIN|[4]|q1|Quote|true|false
15:34:21.0 (6808455)|VARIABLE_ASSIGNMENT|[4]|q1|{"Name":"QUOTE 2","OpportunityId":"006f400000AO4MJAA1","Pricebook2Id":"01sf4000003Vb8JAAS","Id":"0Q0f40000009kKqCAI"}|0x42d0c787
15:34:21.0 (6816175)|STATEMENT_EXECUTE|[11]
15:34:21.0 (6895356)|HEAP_ALLOCATE|[11]|Bytes:88
15:34:21.0 (6901382)|HEAP_ALLOCATE|[11]|Bytes:16
15:34:21.0 (6918625)|VARIABLE_SCOPE_BEGIN|[11]|q2|Quote|true|false
15:34:21.0 (6934220)|VARIABLE_ASSIGNMENT|[11]|q2|{"Name":"QUOTE 2","OpportunityId":"006f400000AO4MJAA1","Pricebook2Id":"01sf4000003Vb8JAAS"}|0x4b92bb4f
15:34:21.0 (6940923)|STATEMENT_EXECUTE|[12]
15:34:21.0 (7007472)|VARIABLE_ASSIGNMENT|[12]|this.Pricebook2Id|"01sf4000003Vb8JAAS"|0x4b92bb4f
15:34:21.0 (7014998)|STATEMENT_EXECUTE|[14]
15:34:21.0 (7036871)|HEAP_ALLOCATE|[14]|Bytes:8
15:34:21.0 (7044911)|DML_BEGIN|[14]|Op:Insert|Type:Quote|Rows:1
15:34:21.0 (7070702)|HEAP_ALLOCATE|[EXTERNAL]|Bytes:8
15:34:21.0 (44177624)|DML_END|[14]
15:34:21.0 (44195408)|HEAP_ALLOCATE|[14]|Bytes:-4
15:34:21.0 (44219907)|STATEMENT_EXECUTE|[15]
15:34:21.0 (44263025)|VARIABLE_SCOPE_BEGIN|[15]|idQuote|Id|false|false
15:34:21.0 (44342336)|VARIABLE_ASSIGNMENT|[15]|idQuote|"0Q0f40000009kLZCAY"
15:34:21.0 (44349444)|STATEMENT_EXECUTE|[18]
15:34:21.0 (44362648)|HEAP_ALLOCATE|[18]|Bytes:14
15:34:21.0 (44371230)|HEAP_ALLOCATE|[18]|Bytes:13
15:34:21.0 (44421263)|HEAP_ALLOCATE|[EXTERNAL]|Bytes:4
15:34:21.0 (44510002)|HEAP_ALLOCATE|[18]|Bytes:4
15:34:21.0 (44523463)|VARIABLE_SCOPE_BEGIN|[18]|items|List<QuoteLineItem>|true|false
15:34:21.0 (44542637)|VARIABLE_ASSIGNMENT|[18]|items|[]|0x33ddfefa
15:34:21.0 (44769520)|HEAP_ALLOCATE|[20]|Bytes:5
15:34:21.0 (44791201)|VARIABLE_ASSIGNMENT|[20]|i|null|
15:34:21.0 (44797970)|STATEMENT_EXECUTE|[20]
15:34:21.0 (44811391)|SYSTEM_MODE_EXIT|false
15:34:21.49 (49307337)|CUMULATIVE_LIMIT_USAGE
15:34:21.49 (49307337)|LIMIT_USAGE_FOR_NS|(default)|
  Number of SOQL queries: 1 out of 100
  Number of query rows: 1 out of 50000
  Number of SOSL queries: 0 out of 20
  Number of DML statements: 1 out of 150
  Number of DML rows: 1 out of 10000
  Maximum CPU time: 0 out of 10000
  Maximum heap size: 0 out of 6000000
  Number of callouts: 0 out of 100
  Number of Email Invocations: 0 out of 10
  Number of future calls: 0 out of 50
  Number of queueable jobs added to the queue: 0 out of 50
  Number of Mobile Apex push calls: 0 out of 10

15:34:21.49 (49307337)|CUMULATIVE_LIMIT_USAGE_END

15:34:21.0 (49340909)|CODE_UNIT_FINISHED|CloneQuote.cloneQuote
15:34:21.0 (49408236)|CODE_UNIT_FINISHED|Aura
15:34:21.0 (50254296)|EXECUTION_FINISHED
