42.0 APEX_CODE,FINEST;APEX_PROFILING,INFO;CALLOUT,INFO;DB,INFO;SYSTEM,DEBUG;VALIDATION,INFO;VISUALFORCE,INFO;WAVE,INFO;WORKFLOW,INFO
14:28:17.0 (72382)|USER_INFO|[EXTERNAL]|005f4000001uuP2|nmolinam@deloitte.com|Hora de Venezuela|GMT-04:00
14:28:17.0 (113095)|EXECUTION_STARTED
14:28:17.0 (117740)|CODE_UNIT_STARTED|[EXTERNAL]|Aura
14:28:17.0 (668166)|HEAP_ALLOCATE|[72]|Bytes:3
14:28:17.0 (715553)|HEAP_ALLOCATE|[77]|Bytes:152
14:28:17.0 (733494)|HEAP_ALLOCATE|[342]|Bytes:408
14:28:17.0 (747593)|HEAP_ALLOCATE|[355]|Bytes:408
14:28:17.0 (758413)|HEAP_ALLOCATE|[467]|Bytes:48
14:28:17.0 (785881)|HEAP_ALLOCATE|[139]|Bytes:6
14:28:17.0 (799713)|HEAP_ALLOCATE|[EXTERNAL]|Bytes:18
14:28:17.0 (809545)|HEAP_ALLOCATE|[EXTERNAL]|Bytes:4
14:28:17.0 (1699184)|CODE_UNIT_STARTED|[EXTERNAL]|01pf4000009Vx35|CloneQuote.cloneQuote
14:28:17.0 (1826271)|HEAP_ALLOCATE|[EXTERNAL]|Bytes:1
14:28:17.0 (1839761)|METHOD_ENTRY|[1]|01pf4000009Vx35|CloneQuote.CloneQuote()
14:28:17.0 (1846903)|STATEMENT_EXECUTE|[1]
14:28:17.0 (1856212)|STATEMENT_EXECUTE|[1]
14:28:17.0 (1888849)|HEAP_ALLOCATE|[50]|Bytes:5
14:28:17.0 (1916613)|HEAP_ALLOCATE|[56]|Bytes:5
14:28:17.0 (1924617)|HEAP_ALLOCATE|[64]|Bytes:7
14:28:17.0 (1949534)|SYSTEM_MODE_ENTER|false
14:28:17.0 (1965697)|HEAP_ALLOCATE|[EXTERNAL]|Bytes:5
14:28:17.0 (1973579)|SYSTEM_MODE_EXIT|false
14:28:17.0 (1983136)|METHOD_EXIT|[1]|CloneQuote
14:28:17.0 (1988324)|HEAP_ALLOCATE|[EXTERNAL]|Bytes:4
14:28:17.0 (1997062)|SYSTEM_MODE_ENTER|false
14:28:17.0 (2004976)|VARIABLE_SCOPE_BEGIN|[3]|quoteId|Id|false|false
14:28:17.0 (2227870)|VARIABLE_ASSIGNMENT|[3]|quoteId|"0Q0f40000009bwtCAA"
14:28:17.0 (2248762)|HEAP_ALLOCATE|[6]|Bytes:5
14:28:17.0 (2253976)|STATEMENT_EXECUTE|[3]
14:28:17.0 (2256014)|STATEMENT_EXECUTE|[4]
14:28:17.0 (2259792)|HEAP_ALLOCATE|[6]|Bytes:183
14:28:17.0 (2286048)|HEAP_ALLOCATE|[6]|Bytes:4
14:28:17.0 (2299818)|HEAP_ALLOCATE|[6]|Bytes:7
14:28:17.0 (3032100)|SOQL_EXECUTE_BEGIN|[6]|Aggregations:1|SELECT Name, OPPORTUNITYiD, Pricebook2Id, (SELECT QuoteId, Description, Discount, PricebookEntryId, Quantity, Product2Id, UnitPrice FROM QuoteLineItems) FROM QUOTE WHERE ID = :tmpVar1
14:28:17.0 (6924180)|SOQL_EXECUTE_END|[6]|Rows:1
14:28:17.0 (6952164)|HEAP_ALLOCATE|[6]|Bytes:8
14:28:17.0 (6981538)|HEAP_ALLOCATE|[6]|Bytes:581
14:28:17.0 (7089886)|HEAP_ALLOCATE|[6]|Bytes:8
14:28:17.0 (7104225)|HEAP_ALLOCATE|[4]|Bytes:31
14:28:17.0 (7152444)|HEAP_ALLOCATE|[4]|Bytes:24
14:28:17.0 (7160402)|VARIABLE_SCOPE_BEGIN|[4]|q1|Quote|true|false
14:28:17.0 (7199218)|VARIABLE_ASSIGNMENT|[4]|q1|{"Name":"QUOTE 2","OpportunityId":"006f400000AO4MJAA1","Pricebook2Id":"01sf4000003Vb8JAAS","Id":"0Q0f40000009bwtCAA","QuoteLineItems":[{"QuoteId":"0Q0f40000009bwtCAA","Id":"0QLf4000000sNKqGAM","PricebookEntryId":"01uf4000002Sio9AAC","Quantity":1.00,"Product2Id":"01tf4000001E5PCAA0","UnitPrice":5000.00},{"QuoteId":"0Q0f40000009bwtCAA","Id":"0QLf4000000sNKrGAM","PricebookEntryId":"01uf4000002SioGAAS","Quantity":3.00,"Product2Id":"01tf4000001E5PJAA0","UnitPrice":100000.00}]}|0xc1844cb
14:28:17.0 (7211218)|STATEMENT_EXECUTE|[11]
14:28:17.0 (7299993)|HEAP_ALLOCATE|[11]|Bytes:556
14:28:17.0 (7307061)|HEAP_ALLOCATE|[11]|Bytes:20
14:28:17.0 (7325877)|VARIABLE_SCOPE_BEGIN|[11]|q2|Quote|true|false
14:28:17.0 (7353210)|VARIABLE_ASSIGNMENT|[11]|q2|{"Name":"QUOTE 2","OpportunityId":"006f400000AO4MJAA1","Pricebook2Id":"01sf4000003Vb8JAAS","QuoteLineItems":[{"QuoteId":"0Q0f40000009bwtCAA","Id":"0QLf4000000sNKqGAM","PricebookEntryId":"01uf4000002Sio9AAC","Quantity":1.00,"Product2Id":"01tf4000001E5PCAA0","UnitPrice":5000.00},{"QuoteId":"0Q0f40000009bwtCAA","Id":"0QLf4000000sNKrGAM","PricebookEntryId":"01uf4000002SioGAAS","Quantity":3.00,"Product2Id":"01tf4000001E5PJAA0","UnitPrice":100000.00}]}|0x78e148b0
14:28:17.0 (7363743)|STATEMENT_EXECUTE|[12]
14:28:17.0 (7439832)|VARIABLE_ASSIGNMENT|[12]|this.Pricebook2Id|"01sf4000003Vb8JAAS"|0x78e148b0
14:28:17.0 (7446482)|STATEMENT_EXECUTE|[14]
14:28:17.0 (7469024)|HEAP_ALLOCATE|[14]|Bytes:8
14:28:17.0 (7481842)|DML_BEGIN|[14]|Op:Insert|Type:Quote|Rows:1
14:28:17.0 (7509545)|HEAP_ALLOCATE|[EXTERNAL]|Bytes:8
14:28:17.0 (37974544)|DML_END|[14]
14:28:17.0 (37993118)|HEAP_ALLOCATE|[14]|Bytes:-4
14:28:17.0 (38018577)|STATEMENT_EXECUTE|[15]
14:28:17.0 (38064747)|VARIABLE_SCOPE_BEGIN|[15]|idQuote|Id|false|false
14:28:17.0 (38149548)|VARIABLE_ASSIGNMENT|[15]|idQuote|"0Q0f40000009eMvCAI"
14:28:17.0 (38156989)|STATEMENT_EXECUTE|[18]
14:28:17.0 (38165025)|HEAP_ALLOCATE|[18]|Bytes:14
14:28:17.0 (38172943)|HEAP_ALLOCATE|[18]|Bytes:13
14:28:17.0 (38228740)|HEAP_ALLOCATE|[EXTERNAL]|Bytes:12
14:28:17.0 (38326708)|HEAP_ALLOCATE|[18]|Bytes:12
14:28:17.0 (38340691)|VARIABLE_SCOPE_BEGIN|[18]|items|List<QuoteLineItem>|true|false
14:28:17.0 (38384411)|VARIABLE_ASSIGNMENT|[18]|items|[{"QuoteId":"0Q0f40000009bwtCAA","Id":"0QLf4000000sNKqGAM","PricebookEntryId":"01uf4000002Sio9AAC","Quantity":1.00,"Product2Id":"01tf4000001E5PCAA0","UnitPrice":5000.00},{"QuoteId":"0Q0f40000009bwtCAA","Id":"0QLf4000000sNKrGAM","PricebookEntryId":"01uf4000002SioGAAS","Quantity":3.00,"Product2Id":"01tf4000001E5PJAA0","UnitPrice":100000.00}]|0x6b84cbc
14:28:17.0 (38639544)|HEAP_ALLOCATE|[20]|Bytes:5
14:28:17.0 (38663997)|HEAP_ALLOCATE|[20]|Bytes:28
14:28:17.0 (38675016)|VARIABLE_SCOPE_BEGIN|[20]|i|QuoteLineItem|true|false
14:28:17.0 (38691995)|VARIABLE_ASSIGNMENT|[20]|i|{"QuoteId":"0Q0f40000009bwtCAA","Id":"0QLf4000000sNKqGAM","PricebookEntryId":"01uf4000002Sio9AAC","Quantity":1.00,"Product2Id":"01tf4000001E5PCAA0","UnitPrice":5000.00}|0xc07c125
14:28:17.0 (38700425)|STATEMENT_EXECUTE|[20]
14:28:17.0 (38702361)|STATEMENT_EXECUTE|[21]
14:28:17.0 (38725959)|HEAP_ALLOCATE|[21]|Bytes:4
14:28:17.0 (38818869)|VARIABLE_SCOPE_BEGIN|[21]|ql|QuoteLineItem|true|false
14:28:17.0 (38835127)|VARIABLE_ASSIGNMENT|[21]|ql|{}|0x2b28f3aa
14:28:17.0 (38841465)|STATEMENT_EXECUTE|[22]
14:28:17.0 (38909014)|VARIABLE_ASSIGNMENT|[22]|this.QuoteId|"0Q0f40000009eMvCAI"|0x2b28f3aa
14:28:17.0 (38915295)|STATEMENT_EXECUTE|[23]
14:28:17.0 (38939253)|VARIABLE_ASSIGNMENT|[23]|this.Description|null|0x2b28f3aa
14:28:17.0 (38944745)|STATEMENT_EXECUTE|[24]
14:28:17.0 (38960674)|VARIABLE_ASSIGNMENT|[24]|this.Discount|null|0x2b28f3aa
14:28:17.0 (38966106)|STATEMENT_EXECUTE|[25]
14:28:17.0 (38990620)|VARIABLE_ASSIGNMENT|[25]|this.PricebookEntryId|"01uf4000002Sio9AAC"|0x2b28f3aa
14:28:17.0 (38997002)|STATEMENT_EXECUTE|[26]
14:28:17.0 (39037158)|VARIABLE_ASSIGNMENT|[26]|this.Quantity|1.00|0x2b28f3aa
14:28:17.0 (39044064)|STATEMENT_EXECUTE|[27]
14:28:17.0 (39064523)|VARIABLE_ASSIGNMENT|[27]|this.Product2Id|"01tf4000001E5PCAA0"|0x2b28f3aa
14:28:17.0 (39070275)|STATEMENT_EXECUTE|[28]
14:28:17.0 (39090886)|VARIABLE_ASSIGNMENT|[28]|this.UnitPrice|5000.00|0x2b28f3aa
14:28:17.0 (39096665)|STATEMENT_EXECUTE|[29]
14:28:17.0 (39118373)|HEAP_ALLOCATE|[29]|Bytes:8
14:28:17.0 (39130076)|DML_BEGIN|[29]|Op:Insert|Type:QuoteLineItem|Rows:1
14:28:17.0 (39168381)|HEAP_ALLOCATE|[EXTERNAL]|Bytes:8
14:28:17.0 (121942294)|DML_END|[29]
14:28:17.0 (122020715)|HEAP_ALLOCATE|[20]|Bytes:5
14:28:17.0 (122057602)|HEAP_ALLOCATE|[20]|Bytes:28
14:28:17.0 (122078306)|VARIABLE_SCOPE_BEGIN|[20]|i|QuoteLineItem|true|false
14:28:17.0 (122112585)|VARIABLE_ASSIGNMENT|[20]|i|{"QuoteId":"0Q0f40000009bwtCAA","Id":"0QLf4000000sNKrGAM","PricebookEntryId":"01uf4000002SioGAAS","Quantity":3.00,"Product2Id":"01tf4000001E5PJAA0","UnitPrice":100000.00}|0x7704269
14:28:17.0 (122123554)|STATEMENT_EXECUTE|[20]
14:28:17.0 (122126266)|STATEMENT_EXECUTE|[21]
14:28:17.0 (122151387)|HEAP_ALLOCATE|[21]|Bytes:4
14:28:17.0 (122173756)|VARIABLE_SCOPE_BEGIN|[21]|ql|QuoteLineItem|true|false
14:28:17.0 (122188219)|VARIABLE_ASSIGNMENT|[21]|ql|{}|0x43eed50d
14:28:17.0 (122193856)|STATEMENT_EXECUTE|[22]
14:28:17.0 (122245000)|VARIABLE_ASSIGNMENT|[22]|this.QuoteId|"0Q0f40000009eMvCAI"|0x43eed50d
14:28:17.0 (122251344)|STATEMENT_EXECUTE|[23]
14:28:17.0 (122276291)|VARIABLE_ASSIGNMENT|[23]|this.Description|null|0x43eed50d
14:28:17.0 (122281848)|STATEMENT_EXECUTE|[24]
14:28:17.0 (122295764)|VARIABLE_ASSIGNMENT|[24]|this.Discount|null|0x43eed50d
14:28:17.0 (122300946)|STATEMENT_EXECUTE|[25]
14:28:17.0 (122325726)|VARIABLE_ASSIGNMENT|[25]|this.PricebookEntryId|"01uf4000002SioGAAS"|0x43eed50d
14:28:17.0 (122331476)|STATEMENT_EXECUTE|[26]
14:28:17.0 (122367502)|VARIABLE_ASSIGNMENT|[26]|this.Quantity|3.00|0x43eed50d
14:28:17.0 (122372982)|STATEMENT_EXECUTE|[27]
14:28:17.0 (122390282)|VARIABLE_ASSIGNMENT|[27]|this.Product2Id|"01tf4000001E5PJAA0"|0x43eed50d
14:28:17.0 (122395953)|STATEMENT_EXECUTE|[28]
14:28:17.0 (122412489)|VARIABLE_ASSIGNMENT|[28]|this.UnitPrice|100000.00|0x43eed50d
14:28:17.0 (122419911)|STATEMENT_EXECUTE|[29]
14:28:17.0 (122436255)|HEAP_ALLOCATE|[29]|Bytes:8
14:28:17.0 (122448526)|DML_BEGIN|[29]|Op:Insert|Type:QuoteLineItem|Rows:1
14:28:17.0 (122491499)|HEAP_ALLOCATE|[EXTERNAL]|Bytes:8
14:28:17.0 (162952670)|DML_END|[29]
14:28:17.0 (163023755)|HEAP_ALLOCATE|[20]|Bytes:5
14:28:17.0 (163065170)|VARIABLE_ASSIGNMENT|[20]|i|null|
14:28:17.0 (163083650)|SYSTEM_MODE_EXIT|false
14:28:17.168 (168152953)|CUMULATIVE_LIMIT_USAGE
14:28:17.168 (168152953)|LIMIT_USAGE_FOR_NS|(default)|
  Number of SOQL queries: 1 out of 100
  Number of query rows: 3 out of 50000
  Number of SOSL queries: 0 out of 20
  Number of DML statements: 3 out of 150
  Number of DML rows: 3 out of 10000
  Maximum CPU time: 0 out of 10000
  Maximum heap size: 0 out of 6000000
  Number of callouts: 0 out of 100
  Number of Email Invocations: 0 out of 10
  Number of future calls: 0 out of 50
  Number of queueable jobs added to the queue: 0 out of 50
  Number of Mobile Apex push calls: 0 out of 10

14:28:17.168 (168152953)|CUMULATIVE_LIMIT_USAGE_END

14:28:17.0 (168200871)|CODE_UNIT_FINISHED|CloneQuote.cloneQuote
14:28:17.0 (168279949)|CODE_UNIT_FINISHED|Aura
14:28:17.0 (169103794)|EXECUTION_FINISHED
