42.0 APEX_CODE,FINEST;APEX_PROFILING,INFO;CALLOUT,INFO;DB,INFO;SYSTEM,DEBUG;VALIDATION,INFO;VISUALFORCE,INFO;WAVE,INFO;WORKFLOW,INFO
14:24:14.0 (312980)|USER_INFO|[EXTERNAL]|005f4000001uuP2|nmolinam@deloitte.com|Hora de Venezuela|GMT-04:00
14:24:14.0 (350553)|EXECUTION_STARTED
14:24:14.0 (354441)|CODE_UNIT_STARTED|[EXTERNAL]|Aura
14:24:14.0 (1649743)|CODE_UNIT_STARTED|[EXTERNAL]|01pf4000008WnsX|ViewQuotePDF.getPDF
14:24:14.0 (1800499)|HEAP_ALLOCATE|[72]|Bytes:3
14:24:14.0 (1826392)|HEAP_ALLOCATE|[77]|Bytes:152
14:24:14.0 (1839495)|HEAP_ALLOCATE|[342]|Bytes:408
14:24:14.0 (1851591)|HEAP_ALLOCATE|[355]|Bytes:408
14:24:14.0 (1864315)|HEAP_ALLOCATE|[467]|Bytes:48
14:24:14.0 (1887997)|HEAP_ALLOCATE|[139]|Bytes:6
14:24:14.0 (1929414)|HEAP_ALLOCATE|[EXTERNAL]|Bytes:4
14:24:14.0 (1935168)|HEAP_ALLOCATE|[EXTERNAL]|Bytes:5
14:24:14.0 (1943243)|METHOD_ENTRY|[1]|01pf4000008WnsX|ViewQuotePDF.ViewQuotePDF()
14:24:14.0 (1950030)|STATEMENT_EXECUTE|[1]
14:24:14.0 (1954111)|STATEMENT_EXECUTE|[1]
14:24:14.0 (1985588)|HEAP_ALLOCATE|[50]|Bytes:5
14:24:14.0 (2001342)|HEAP_ALLOCATE|[56]|Bytes:5
14:24:14.0 (2009597)|HEAP_ALLOCATE|[64]|Bytes:7
14:24:14.0 (2031119)|SYSTEM_MODE_ENTER|false
14:24:14.0 (2041348)|HEAP_ALLOCATE|[EXTERNAL]|Bytes:5
14:24:14.0 (2048700)|SYSTEM_MODE_EXIT|false
14:24:14.0 (2061147)|METHOD_EXIT|[1]|ViewQuotePDF
14:24:14.0 (2071776)|SYSTEM_MODE_ENTER|false
14:24:14.0 (2083132)|HEAP_ALLOCATE|[4]|Bytes:5
14:24:14.0 (2088271)|STATEMENT_EXECUTE|[3]
14:24:14.0 (2090102)|STATEMENT_EXECUTE|[4]
14:24:14.0 (2165631)|HEAP_ALLOCATE|[4]|Bytes:4
14:24:14.0 (2218618)|VARIABLE_SCOPE_BEGIN|[4]|quotes|List<Quote>|true|false
14:24:14.0 (2234408)|HEAP_ALLOCATE|[EXTERNAL]|Bytes:4
14:24:14.0 (2257685)|VARIABLE_ASSIGNMENT|[4]|quotes|[]|0x7a41e2be
14:24:14.0 (2264276)|STATEMENT_EXECUTE|[5]
14:24:14.0 (2267654)|VARIABLE_SCOPE_BEGIN|[5]|pfdBase64|String|false|false
14:24:14.0 (2278156)|VARIABLE_ASSIGNMENT|[5]|pfdBase64|null
14:24:14.0 (2283900)|HEAP_ALLOCATE|[7]|Bytes:22
14:24:14.0 (2297190)|HEAP_ALLOCATE|[7]|Bytes:4
14:24:14.0 (2588342)|SOQL_EXECUTE_BEGIN|[7]|Aggregations:0|SELECT Name FROM Quote
14:24:14.0 (4264905)|SOQL_EXECUTE_END|[7]|Rows:1
14:24:14.0 (4288319)|HEAP_ALLOCATE|[EXTERNAL]|Bytes:8
14:24:14.0 (4426125)|HEAP_ALLOCATE|[7]|Bytes:54
14:24:14.0 (4434758)|HEAP_ALLOCATE|[7]|Bytes:8
14:24:14.0 (4443102)|SYSTEM_METHOD_ENTRY|[7]|QueryLocatorIterator.QueryLocatorIterator()
14:24:14.0 (4447685)|STATEMENT_EXECUTE|[7]
14:24:14.0 (4454321)|SYSTEM_METHOD_EXIT|[7]|QueryLocatorIterator
14:24:14.0 (4461901)|HEAP_ALLOCATE|[7]|Bytes:28
14:24:14.0 (4490873)|HEAP_ALLOCATE|[7]|Bytes:8
14:24:14.0 (4511543)|HEAP_ALLOCATE|[7]|Bytes:8
14:24:14.0 (4515605)|HEAP_ALLOCATE|[7]|Bytes:8
14:24:14.0 (4520455)|VARIABLE_SCOPE_BEGIN|[15]|this|Database.QueryLocatorIterator|true|false
14:24:14.0 (4582614)|VARIABLE_ASSIGNMENT|[15]|this|{}|0x77cabecd
14:24:14.0 (4590116)|VARIABLE_SCOPE_BEGIN|[15]|values|List<SObject>|true|false
14:24:14.0 (4610832)|VARIABLE_ASSIGNMENT|[15]|values|[{"Name":"first quote","Id":"0Q0f40000009VVICA2"}]|0x7fd4eef6
14:24:14.0 (4616830)|VARIABLE_SCOPE_BEGIN|[15]|ql|Database.QueryLocator|true|false
14:24:14.0 (4636882)|VARIABLE_ASSIGNMENT|[15]|ql|{"query":"SELECT Name FROM Quo (2 more) ..."}|0x4541bdb1
14:24:14.0 (4642977)|VARIABLE_SCOPE_BEGIN|[15]|totalNumRecords|Integer|false|false
14:24:14.0 (4652024)|VARIABLE_ASSIGNMENT|[15]|totalNumRecords|1
14:24:14.0 (4656205)|VARIABLE_SCOPE_BEGIN|[15]|queryMoreSize|Integer|false|false
14:24:14.0 (4663528)|VARIABLE_ASSIGNMENT|[15]|queryMoreSize|49999
14:24:14.0 (4755313)|HEAP_ALLOCATE|[7]|Bytes:28
14:24:14.0 (4775671)|METHOD_ENTRY|[7]||Database.QueryLocatorIterator.hasNext()
14:24:14.0 (4820197)|METHOD_EXIT|[7]||Database.QueryLocatorIterator.hasNext()
14:24:14.0 (4827737)|METHOD_ENTRY|[7]||Database.QueryLocatorIterator.next()
14:24:14.0 (4895222)|METHOD_EXIT|[7]||Database.QueryLocatorIterator.next()
14:24:14.0 (4902699)|VARIABLE_SCOPE_BEGIN|[7]|q|Quote|true|false
14:24:14.0 (4917919)|VARIABLE_ASSIGNMENT|[7]|q|{"Name":"first quote","Id":"0Q0f40000009VVICA2"}|0x1eea18d2
14:24:14.0 (4927764)|STATEMENT_EXECUTE|[7]
14:24:14.0 (4929849)|STATEMENT_EXECUTE|[8]
14:24:14.0 (4958124)|HEAP_ALLOCATE|[EXTERNAL]|Bytes:4
14:24:14.0 (4969826)|METHOD_ENTRY|[7]||Database.QueryLocatorIterator.hasNext()
14:24:14.0 (4983893)|METHOD_EXIT|[7]||Database.QueryLocatorIterator.hasNext()
14:24:14.0 (4991261)|VARIABLE_ASSIGNMENT|[7]|q|null|
14:24:14.0 (5023787)|STATEMENT_EXECUTE|[13]
14:24:14.0 (5117453)|HEAP_ALLOCATE|[14]|Bytes:5
14:24:14.0 (5146388)|HEAP_ALLOCATE|[14]|Bytes:12
14:24:14.0 (5153567)|VARIABLE_SCOPE_BEGIN|[14]|q|Quote|true|false
14:24:14.0 (5167021)|VARIABLE_ASSIGNMENT|[14]|q|{"Name":"first quote","Id":"0Q0f40000009VVICA2"}|0x1eea18d2
14:24:14.0 (5173585)|STATEMENT_EXECUTE|[14]
14:24:14.0 (5175651)|STATEMENT_EXECUTE|[15]
14:24:14.0 (5178864)|HEAP_ALLOCATE|[15]|Bytes:20
14:24:14.0 (5218770)|HEAP_ALLOCATE|[15]|Bytes:31
14:24:14.0 (5245349)|USER_DEBUG|[15]|DEBUG|nombre de la quote: first quote
14:24:14.0 (5261803)|HEAP_ALLOCATE|[14]|Bytes:5
14:24:14.0 (5271750)|VARIABLE_ASSIGNMENT|[14]|q|null|
14:24:14.0 (5277088)|STATEMENT_EXECUTE|[18]
14:24:14.0 (5279469)|HEAP_ALLOCATE|[18]|Bytes:53
14:24:14.0 (5294050)|HEAP_ALLOCATE|[18]|Bytes:4
14:24:14.0 (5300760)|HEAP_ALLOCATE|[18]|Bytes:7
14:24:14.0 (5325723)|HEAP_ALLOCATE|[18]|Bytes:12
14:24:14.0 (5834601)|SOQL_EXECUTE_BEGIN|[18]|Aggregations:0|SELECT Body FROM Attachment WHERE ParentId = :tmpVar1
14:24:14.0 (8832937)|SOQL_EXECUTE_END|[18]|Rows:0
14:24:14.0 (8860902)|HEAP_ALLOCATE|[18]|Bytes:4
14:24:14.0 (8869740)|HEAP_ALLOCATE|[18]|Bytes:0
14:24:14.0 (8944584)|HEAP_ALLOCATE|[18]|Bytes:4
14:24:14.0 (8961803)|VARIABLE_SCOPE_BEGIN|[18]|attachements|List<Attachment>|true|false
14:24:14.0 (8983120)|VARIABLE_ASSIGNMENT|[18]|attachements|[]|0x6719a0f9
14:24:14.0 (8990552)|STATEMENT_EXECUTE|[25]
14:24:14.0 (8994754)|HEAP_ALLOCATE|[25]|Bytes:10904
14:24:14.0 (9005321)|SYSTEM_MODE_EXIT|false
14:24:14.9 (9031759)|CUMULATIVE_LIMIT_USAGE
14:24:14.9 (9031759)|LIMIT_USAGE_FOR_NS|(default)|
  Number of SOQL queries: 2 out of 100
  Number of query rows: 1 out of 50000
  Number of SOSL queries: 0 out of 20
  Number of DML statements: 0 out of 150
  Number of DML rows: 0 out of 10000
  Maximum CPU time: 0 out of 10000
  Maximum heap size: 0 out of 6000000
  Number of callouts: 0 out of 100
  Number of Email Invocations: 0 out of 10
  Number of future calls: 0 out of 50
  Number of queueable jobs added to the queue: 0 out of 50
  Number of Mobile Apex push calls: 0 out of 10

14:24:14.9 (9031759)|CUMULATIVE_LIMIT_USAGE_END

14:24:14.0 (9083560)|CODE_UNIT_FINISHED|ViewQuotePDF.getPDF
14:24:14.0 (9392457)|CODE_UNIT_FINISHED|Aura
14:24:14.0 (10473993)|EXECUTION_FINISHED
