42.0 APEX_CODE,FINEST;APEX_PROFILING,INFO;CALLOUT,INFO;DB,INFO;SYSTEM,DEBUG;VALIDATION,INFO;VISUALFORCE,INFO;WAVE,INFO;WORKFLOW,INFO
17:51:43.0 (54980)|USER_INFO|[EXTERNAL]|005f4000001uuP2|nmolinam@deloitte.com|Hora de Venezuela|GMT-04:00
17:51:43.0 (88306)|EXECUTION_STARTED
17:51:43.0 (93392)|CODE_UNIT_STARTED|[EXTERNAL]|Aura
17:51:43.0 (647091)|HEAP_ALLOCATE|[72]|Bytes:3
17:51:43.0 (694013)|HEAP_ALLOCATE|[77]|Bytes:152
17:51:43.0 (711066)|HEAP_ALLOCATE|[342]|Bytes:408
17:51:43.0 (723699)|HEAP_ALLOCATE|[355]|Bytes:408
17:51:43.0 (734786)|HEAP_ALLOCATE|[467]|Bytes:48
17:51:43.0 (759359)|HEAP_ALLOCATE|[139]|Bytes:6
17:51:43.0 (772800)|HEAP_ALLOCATE|[EXTERNAL]|Bytes:18
17:51:43.0 (782675)|HEAP_ALLOCATE|[EXTERNAL]|Bytes:4
17:51:43.0 (1716952)|CODE_UNIT_STARTED|[EXTERNAL]|01pf4000009Vx35|CloneQuote.getQuote
17:51:43.0 (1824133)|HEAP_ALLOCATE|[EXTERNAL]|Bytes:4
17:51:43.0 (1830642)|HEAP_ALLOCATE|[EXTERNAL]|Bytes:2
17:51:43.0 (1841373)|METHOD_ENTRY|[1]|01pf4000009Vx35|CloneQuote.CloneQuote()
17:51:43.0 (1848636)|STATEMENT_EXECUTE|[1]
17:51:43.0 (1855272)|STATEMENT_EXECUTE|[1]
17:51:43.0 (1889038)|HEAP_ALLOCATE|[50]|Bytes:5
17:51:43.0 (1915487)|HEAP_ALLOCATE|[56]|Bytes:5
17:51:43.0 (1922962)|HEAP_ALLOCATE|[64]|Bytes:7
17:51:43.0 (1946186)|SYSTEM_MODE_ENTER|false
17:51:43.0 (1961516)|HEAP_ALLOCATE|[EXTERNAL]|Bytes:5
17:51:43.0 (1969666)|SYSTEM_MODE_EXIT|false
17:51:43.0 (1978736)|METHOD_EXIT|[1]|CloneQuote
17:51:43.0 (1984556)|HEAP_ALLOCATE|[EXTERNAL]|Bytes:4
17:51:43.0 (1992695)|SYSTEM_MODE_ENTER|false
17:51:43.0 (1999743)|VARIABLE_SCOPE_BEGIN|[34]|recordId|Id|false|false
17:51:43.0 (2220556)|VARIABLE_ASSIGNMENT|[34]|recordId|"0Q0f40000009kKqCAI"
17:51:43.0 (2244655)|HEAP_ALLOCATE|[35]|Bytes:5
17:51:43.0 (2250218)|STATEMENT_EXECUTE|[34]
17:51:43.0 (2252325)|STATEMENT_EXECUTE|[35]
17:51:43.0 (2255350)|HEAP_ALLOCATE|[35]|Bytes:71
17:51:43.0 (2279306)|HEAP_ALLOCATE|[35]|Bytes:4
17:51:43.0 (2292712)|HEAP_ALLOCATE|[35]|Bytes:7
17:51:43.0 (2614189)|SOQL_EXECUTE_BEGIN|[35]|Aggregations:0|SELECT Name, OPPORTUNITYiD, Pricebook2Id FROM Quote WHERE Id = :tmpVar1
17:51:43.0 (4611083)|SOQL_EXECUTE_END|[35]|Rows:1
17:51:43.0 (4631569)|HEAP_ALLOCATE|[35]|Bytes:8
17:51:43.0 (4648458)|HEAP_ALLOCATE|[35]|Bytes:113
17:51:43.0 (4735204)|HEAP_ALLOCATE|[35]|Bytes:8
17:51:43.0 (4746690)|HEAP_ALLOCATE|[35]|Bytes:31
17:51:43.0 (4802479)|HEAP_ALLOCATE|[35]|Bytes:20
17:51:43.0 (4810353)|VARIABLE_SCOPE_BEGIN|[35]|q|Quote|true|false
17:51:43.0 (4834832)|VARIABLE_ASSIGNMENT|[35]|q|{"Name":"QUOTE 2","OpportunityId":"006f400000AO4MJAA1","Pricebook2Id":"01sf4000003Vb8JAAS","Id":"0Q0f40000009kKqCAI"}|0x42633294
17:51:43.0 (4842503)|STATEMENT_EXECUTE|[36]
17:51:43.0 (4907126)|USER_DEBUG|[36]|DEBUG|Quote:{Name=QUOTE 2, OpportunityId=006f400000AO4MJAA1, Pricebook2Id=01sf4000003Vb8JAAS, Id=0Q0f40000009kKqCAI}
17:51:43.0 (4919808)|STATEMENT_EXECUTE|[37]
17:51:43.0 (4927507)|SYSTEM_MODE_EXIT|false
17:51:43.4 (4951646)|CUMULATIVE_LIMIT_USAGE
17:51:43.4 (4951646)|LIMIT_USAGE_FOR_NS|(default)|
  Number of SOQL queries: 1 out of 100
  Number of query rows: 1 out of 50000
  Number of SOSL queries: 0 out of 20
  Number of DML statements: 0 out of 150
  Number of DML rows: 0 out of 10000
  Maximum CPU time: 0 out of 10000
  Maximum heap size: 0 out of 6000000
  Number of callouts: 0 out of 100
  Number of Email Invocations: 0 out of 10
  Number of future calls: 0 out of 50
  Number of queueable jobs added to the queue: 0 out of 50
  Number of Mobile Apex push calls: 0 out of 10

17:51:43.4 (4951646)|CUMULATIVE_LIMIT_USAGE_END

17:51:43.0 (4980727)|CODE_UNIT_FINISHED|CloneQuote.getQuote
17:51:43.0 (5031000)|CODE_UNIT_FINISHED|Aura
17:51:43.0 (6492342)|EXECUTION_FINISHED
