42.0 APEX_CODE,FINEST;APEX_PROFILING,INFO;CALLOUT,INFO;DB,INFO;SYSTEM,DEBUG;VALIDATION,INFO;VISUALFORCE,INFO;WAVE,INFO;WORKFLOW,INFO
09:47:06.0 (60915)|USER_INFO|[EXTERNAL]|005f4000001uuP2|nmolinam@deloitte.com|Hora de Venezuela|GMT-04:00
09:47:06.0 (97530)|EXECUTION_STARTED
09:47:06.0 (102334)|CODE_UNIT_STARTED|[EXTERNAL]|VisualForce View State
09:47:06.0 (6420998)|CODE_UNIT_FINISHED|VisualForce View State
09:47:06.0 (7292316)|EXECUTION_FINISHED
09:47:06.9 (9867606)|USER_INFO|[EXTERNAL]|005f4000001uuP2|nmolinam@deloitte.com|Hora de Venezuela|GMT-04:00
09:47:06.9 (9886156)|EXECUTION_STARTED
09:47:06.9 (9891105)|CODE_UNIT_STARTED|[EXTERNAL]|VF: /apex/editStaticResource.apexp
09:47:06.15 (15904924)|SYSTEM_MODE_ENTER|false
09:47:06.15 (51320298)|HEAP_ALLOCATE|[EXTERNAL]|Bytes:-4
09:47:06.53 (53817827)|CUMULATIVE_LIMIT_USAGE
09:47:06.53 (53817827)|LIMIT_USAGE_FOR_NS|(default)|
  Number of SOQL queries: 0 out of 100
  Number of query rows: 0 out of 50000
  Number of SOSL queries: 0 out of 20
  Number of DML statements: 0 out of 150
  Number of DML rows: 0 out of 10000
  Maximum CPU time: 0 out of 10000
  Maximum heap size: 0 out of 6000000
  Number of callouts: 0 out of 100
  Number of Email Invocations: 0 out of 10
  Number of future calls: 0 out of 50
  Number of queueable jobs added to the queue: 0 out of 50
  Number of Mobile Apex push calls: 0 out of 10

09:47:06.53 (53817827)|CUMULATIVE_LIMIT_USAGE_END

09:47:06.9 (53848062)|CODE_UNIT_FINISHED|VF: /apex/editStaticResource.apexp
09:47:06.9 (54635525)|EXECUTION_FINISHED
