42.0 APEX_CODE,FINEST;APEX_PROFILING,INFO;CALLOUT,INFO;DB,INFO;SYSTEM,DEBUG;VALIDATION,INFO;VISUALFORCE,INFO;WAVE,INFO;WORKFLOW,INFO
Execute Anonymous: CloneQuote.cloneQuote('0Q0f40000009bwtCAA');
11:59:16.1 (1091200)|USER_INFO|[EXTERNAL]|005f4000001uuP2|nmolinam@deloitte.com|Hora de Venezuela|GMT-04:00
11:59:16.1 (1112849)|EXECUTION_STARTED
11:59:16.1 (1117921)|CODE_UNIT_STARTED|[EXTERNAL]|execute_anonymous_apex
11:59:16.1 (1327347)|HEAP_ALLOCATE|[72]|Bytes:3
11:59:16.1 (1384109)|HEAP_ALLOCATE|[77]|Bytes:152
11:59:16.1 (1399233)|HEAP_ALLOCATE|[342]|Bytes:408
11:59:16.1 (1411499)|HEAP_ALLOCATE|[355]|Bytes:408
11:59:16.1 (1423000)|HEAP_ALLOCATE|[467]|Bytes:48
11:59:16.1 (1449895)|HEAP_ALLOCATE|[139]|Bytes:6
11:59:16.1 (1466337)|HEAP_ALLOCATE|[EXTERNAL]|Bytes:1
11:59:16.1 (1567144)|STATEMENT_EXECUTE|[1]
11:59:16.1 (1570182)|STATEMENT_EXECUTE|[1]
11:59:16.1 (1572976)|HEAP_ALLOCATE|[1]|Bytes:18
11:59:16.1 (1589859)|HEAP_ALLOCATE|[1]|Bytes:4
11:59:16.1 (1638543)|HEAP_ALLOCATE|[50]|Bytes:5
11:59:16.1 (1660808)|HEAP_ALLOCATE|[56]|Bytes:5
11:59:16.1 (1668606)|HEAP_ALLOCATE|[64]|Bytes:7
11:59:16.1 (1706566)|SYSTEM_MODE_ENTER|false
11:59:16.1 (1841843)|HEAP_ALLOCATE|[1]|Bytes:5
11:59:16.1 (7890160)|HEAP_ALLOCATE|[1]|Bytes:1
11:59:16.1 (7910548)|METHOD_ENTRY|[1]|01pf4000009Vx35|CloneQuote.CloneQuote()
11:59:16.1 (7917627)|STATEMENT_EXECUTE|[1]
11:59:16.1 (7922174)|STATEMENT_EXECUTE|[1]
11:59:16.1 (7937495)|HEAP_ALLOCATE|[1]|Bytes:5
11:59:16.1 (7948510)|METHOD_EXIT|[1]|CloneQuote
11:59:16.1 (7973570)|METHOD_ENTRY|[1]|01pf4000009Vx35|CloneQuote.cloneQuote(Id)
11:59:16.1 (8002021)|VARIABLE_SCOPE_BEGIN|[3]|quoteId|Id|false|false
11:59:16.1 (8199518)|VARIABLE_ASSIGNMENT|[3]|quoteId|"0Q0f40000009bwtCAA"
11:59:16.1 (8218745)|HEAP_ALLOCATE|[6]|Bytes:5
11:59:16.1 (8224562)|STATEMENT_EXECUTE|[3]
11:59:16.1 (8226206)|STATEMENT_EXECUTE|[4]
11:59:16.1 (8229599)|HEAP_ALLOCATE|[6]|Bytes:95
11:59:16.1 (8251306)|HEAP_ALLOCATE|[6]|Bytes:4
11:59:16.1 (8264147)|HEAP_ALLOCATE|[6]|Bytes:7
11:59:16.1 (8600473)|SOQL_EXECUTE_BEGIN|[6]|Aggregations:1|SELECT Name, OPPORTUNITYiD, (SELECT QuoteId FROM QuoteLineItems) FROM QUOTE WHERE ID = :tmpVar1
11:59:16.1 (12378808)|SOQL_EXECUTE_END|[6]|Rows:1
11:59:16.1 (12405656)|HEAP_ALLOCATE|[6]|Bytes:8
11:59:16.1 (12427844)|HEAP_ALLOCATE|[6]|Bytes:213
11:59:16.1 (12520536)|HEAP_ALLOCATE|[6]|Bytes:8
11:59:16.1 (12531661)|HEAP_ALLOCATE|[4]|Bytes:31
11:59:16.1 (12573718)|HEAP_ALLOCATE|[4]|Bytes:20
11:59:16.1 (12580257)|VARIABLE_SCOPE_BEGIN|[4]|q1|Quote|true|false
11:59:16.1 (12610274)|VARIABLE_ASSIGNMENT|[4]|q1|{"Name":"QUOTE 2","OpportunityId":"006f400000AO4MJAA1","Id":"0Q0f40000009bwtCAA","QuoteLineItems":[{"QuoteId":"0Q0f40000009bwtCAA","Id":"0QLf4000000sNKqGAM"},{"QuoteId":"0Q0f40000009bwtCAA","Id":"0QLf4000000sNKrGAM"}]}|0x64fc4cbc
11:59:16.1 (12618210)|STATEMENT_EXECUTE|[10]
11:59:16.1 (12621555)|VARIABLE_SCOPE_BEGIN|[10]|q2|Quote|true|false
11:59:16.1 (12634646)|VARIABLE_ASSIGNMENT|[10]|q2|{"Name":"QUOTE 2","OpportunityId":"006f400000AO4MJAA1","Id":"0Q0f40000009bwtCAA","QuoteLineItems":[{"QuoteId":"0Q0f40000009bwtCAA","Id":"0QLf4000000sNKqGAM"},{"QuoteId":"0Q0f40000009bwtCAA","Id":"0QLf4000000sNKrGAM"}]}|0x64fc4cbc
11:59:16.1 (12640642)|STATEMENT_EXECUTE|[12]
11:59:16.1 (12644638)|HEAP_ALLOCATE|[12]|Bytes:14
11:59:16.1 (12648371)|HEAP_ALLOCATE|[12]|Bytes:13
11:59:16.1 (12683784)|HEAP_ALLOCATE|[EXTERNAL]|Bytes:12
11:59:16.1 (12722382)|HEAP_ALLOCATE|[12]|Bytes:12
11:59:16.1 (12746045)|VARIABLE_SCOPE_BEGIN|[12]|items|List<QuoteLineItem>|true|false
11:59:16.1 (12765676)|VARIABLE_ASSIGNMENT|[12]|items|[{"QuoteId":"0Q0f40000009bwtCAA","Id":"0QLf4000000sNKqGAM"},{"QuoteId":"0Q0f40000009bwtCAA","Id":"0QLf4000000sNKrGAM"}]|0xeaa1a3d
11:59:16.1 (12772158)|STATEMENT_EXECUTE|[16]
11:59:16.1 (12806208)|VARIABLE_ASSIGNMENT|[16]|this.Id|null|0x64fc4cbc
11:59:16.1 (12812427)|STATEMENT_EXECUTE|[17]
11:59:16.1 (12834543)|HEAP_ALLOCATE|[17]|Bytes:8
11:59:16.1 (12846468)|DML_BEGIN|[17]|Op:Insert|Type:Quote|Rows:1
11:59:16.1 (12875660)|HEAP_ALLOCATE|[EXTERNAL]|Bytes:8
11:59:16.1 (55998287)|DML_END|[17]
11:59:16.1 (56270762)|HEAP_ALLOCATE|[18]|Bytes:5
11:59:16.1 (56307045)|HEAP_ALLOCATE|[18]|Bytes:12
11:59:16.1 (56325660)|VARIABLE_SCOPE_BEGIN|[18]|i|QuoteLineItem|true|false
11:59:16.1 (56359551)|VARIABLE_ASSIGNMENT|[18]|i|{"QuoteId":"0Q0f40000009bwtCAA","Id":"0QLf4000000sNKqGAM"}|0x2fff1e9b
11:59:16.1 (56367839)|STATEMENT_EXECUTE|[18]
11:59:16.1 (56370212)|STATEMENT_EXECUTE|[19]
11:59:16.1 (56672232)|HEAP_ALLOCATE|[19]|Bytes:49
11:59:16.1 (56700438)|METHOD_EXIT|[1]|01pf4000009Vx35|CloneQuote.cloneQuote(Id)
11:59:16.1 (56709774)|SYSTEM_MODE_EXIT|false
11:59:16.1 (56799069)|FATAL_ERROR|System.SObjectException: Field is not writeable: QuoteLineItem.QuoteId

Class.CloneQuote.cloneQuote: line 19, column 1
AnonymousBlock: line 1, column 1
AnonymousBlock: line 1, column 1
11:59:16.56 (56839886)|CUMULATIVE_LIMIT_USAGE
11:59:16.56 (56839886)|LIMIT_USAGE_FOR_NS|(default)|
  Number of SOQL queries: 1 out of 100
  Number of query rows: 3 out of 50000
  Number of SOSL queries: 0 out of 20
  Number of DML statements: 1 out of 150
  Number of DML rows: 1 out of 10000
  Maximum CPU time: 0 out of 10000
  Maximum heap size: 0 out of 6000000
  Number of callouts: 0 out of 100
  Number of Email Invocations: 0 out of 10
  Number of future calls: 0 out of 50
  Number of queueable jobs added to the queue: 0 out of 50
  Number of Mobile Apex push calls: 0 out of 10

11:59:16.56 (56839886)|CUMULATIVE_LIMIT_USAGE_END

11:59:16.1 (56880258)|CODE_UNIT_FINISHED|execute_anonymous_apex
11:59:16.1 (58139831)|EXECUTION_FINISHED
