42.0 APEX_CODE,FINEST;APEX_PROFILING,INFO;CALLOUT,INFO;DB,INFO;SYSTEM,DEBUG;VALIDATION,INFO;VISUALFORCE,INFO;WAVE,INFO;WORKFLOW,INFO
09:47:12.0 (281785)|USER_INFO|[EXTERNAL]|005f4000001uuP2|nmolinam@deloitte.com|Hora de Venezuela|GMT-04:00
09:47:12.0 (312828)|EXECUTION_STARTED
09:47:12.0 (318030)|CODE_UNIT_STARTED|[EXTERNAL]|Aura
09:47:12.0 (1695562)|CODE_UNIT_STARTED|[EXTERNAL]|01pf4000008WnsX|ViewQuotePDF.getPDF
09:47:12.0 (1841610)|HEAP_ALLOCATE|[72]|Bytes:3
09:47:12.0 (1937919)|HEAP_ALLOCATE|[77]|Bytes:152
09:47:12.0 (1955283)|HEAP_ALLOCATE|[342]|Bytes:408
09:47:12.0 (1967652)|HEAP_ALLOCATE|[355]|Bytes:408
09:47:12.0 (1978655)|HEAP_ALLOCATE|[467]|Bytes:48
09:47:12.0 (2003248)|HEAP_ALLOCATE|[139]|Bytes:6
09:47:12.0 (2052723)|HEAP_ALLOCATE|[EXTERNAL]|Bytes:7
09:47:12.0 (2082581)|HEAP_ALLOCATE|[EXTERNAL]|Bytes:8
09:47:12.0 (2101270)|METHOD_ENTRY|[1]|01pf4000008WnsX|ViewQuotePDF.ViewQuotePDF()
09:47:12.0 (2107552)|STATEMENT_EXECUTE|[1]
09:47:12.0 (2112017)|STATEMENT_EXECUTE|[1]
09:47:12.0 (2140073)|HEAP_ALLOCATE|[50]|Bytes:5
09:47:12.0 (2156556)|HEAP_ALLOCATE|[56]|Bytes:5
09:47:12.0 (2164426)|HEAP_ALLOCATE|[64]|Bytes:7
09:47:12.0 (2186738)|SYSTEM_MODE_ENTER|false
09:47:12.0 (2197435)|HEAP_ALLOCATE|[EXTERNAL]|Bytes:5
09:47:12.0 (2203442)|SYSTEM_MODE_EXIT|false
09:47:12.0 (2221927)|METHOD_EXIT|[1]|ViewQuotePDF
09:47:12.0 (2233094)|SYSTEM_MODE_ENTER|false
09:47:12.0 (2245202)|HEAP_ALLOCATE|[4]|Bytes:5
09:47:12.0 (2250577)|STATEMENT_EXECUTE|[3]
09:47:12.0 (2252386)|STATEMENT_EXECUTE|[4]
09:47:12.0 (2325005)|HEAP_ALLOCATE|[4]|Bytes:4
09:47:12.0 (2382920)|VARIABLE_SCOPE_BEGIN|[4]|quotes|List<Quote>|true|false
09:47:12.0 (2396970)|HEAP_ALLOCATE|[EXTERNAL]|Bytes:4
09:47:12.0 (2419469)|VARIABLE_ASSIGNMENT|[4]|quotes|[]|0x1db064b6
09:47:12.0 (2425533)|STATEMENT_EXECUTE|[5]
09:47:12.0 (2429320)|VARIABLE_SCOPE_BEGIN|[5]|pfdBase64|String|false|false
09:47:12.0 (2439011)|VARIABLE_ASSIGNMENT|[5]|pfdBase64|null
09:47:12.0 (2445219)|HEAP_ALLOCATE|[7]|Bytes:22
09:47:12.0 (2457260)|HEAP_ALLOCATE|[7]|Bytes:4
09:47:12.0 (2698821)|SOQL_EXECUTE_BEGIN|[7]|Aggregations:0|SELECT Name FROM Quote
09:47:12.0 (4213939)|SOQL_EXECUTE_END|[7]|Rows:1
09:47:12.0 (4233928)|HEAP_ALLOCATE|[EXTERNAL]|Bytes:8
09:47:12.0 (4363134)|HEAP_ALLOCATE|[7]|Bytes:54
09:47:12.0 (4371995)|HEAP_ALLOCATE|[7]|Bytes:8
09:47:12.0 (4379964)|SYSTEM_METHOD_ENTRY|[7]|QueryLocatorIterator.QueryLocatorIterator()
09:47:12.0 (4383981)|STATEMENT_EXECUTE|[7]
09:47:12.0 (4390233)|SYSTEM_METHOD_EXIT|[7]|QueryLocatorIterator
09:47:12.0 (4397205)|HEAP_ALLOCATE|[7]|Bytes:28
09:47:12.0 (4425495)|HEAP_ALLOCATE|[7]|Bytes:8
09:47:12.0 (4438665)|HEAP_ALLOCATE|[7]|Bytes:8
09:47:12.0 (4442307)|HEAP_ALLOCATE|[7]|Bytes:8
09:47:12.0 (4447600)|VARIABLE_SCOPE_BEGIN|[15]|this|Database.QueryLocatorIterator|true|false
09:47:12.0 (4500315)|VARIABLE_ASSIGNMENT|[15]|this|{}|0x766c50e8
09:47:12.0 (4507383)|VARIABLE_SCOPE_BEGIN|[15]|values|List<SObject>|true|false
09:47:12.0 (4525505)|VARIABLE_ASSIGNMENT|[15]|values|[{"Name":"first quote","Id":"0Q0f40000009VVICA2"}]|0x42997ba1
09:47:12.0 (4531344)|VARIABLE_SCOPE_BEGIN|[15]|ql|Database.QueryLocator|true|false
09:47:12.0 (4548096)|VARIABLE_ASSIGNMENT|[15]|ql|{"query":"SELECT Name FROM Quo (2 more) ..."}|0x586fd3b7
09:47:12.0 (4553546)|VARIABLE_SCOPE_BEGIN|[15]|totalNumRecords|Integer|false|false
09:47:12.0 (4561776)|VARIABLE_ASSIGNMENT|[15]|totalNumRecords|1
09:47:12.0 (4566007)|VARIABLE_SCOPE_BEGIN|[15]|queryMoreSize|Integer|false|false
09:47:12.0 (4572668)|VARIABLE_ASSIGNMENT|[15]|queryMoreSize|49999
09:47:12.0 (4668602)|HEAP_ALLOCATE|[7]|Bytes:28
09:47:12.0 (4686947)|METHOD_ENTRY|[7]||Database.QueryLocatorIterator.hasNext()
09:47:12.0 (4726460)|METHOD_EXIT|[7]||Database.QueryLocatorIterator.hasNext()
09:47:12.0 (4733885)|METHOD_ENTRY|[7]||Database.QueryLocatorIterator.next()
09:47:12.0 (4798353)|METHOD_EXIT|[7]||Database.QueryLocatorIterator.next()
09:47:12.0 (4805873)|VARIABLE_SCOPE_BEGIN|[7]|q|Quote|true|false
09:47:12.0 (4820104)|VARIABLE_ASSIGNMENT|[7]|q|{"Name":"first quote","Id":"0Q0f40000009VVICA2"}|0x2f0a6311
09:47:12.0 (4826857)|STATEMENT_EXECUTE|[7]
09:47:12.0 (4828879)|STATEMENT_EXECUTE|[8]
09:47:12.0 (4857201)|HEAP_ALLOCATE|[EXTERNAL]|Bytes:4
09:47:12.0 (4871109)|METHOD_ENTRY|[7]||Database.QueryLocatorIterator.hasNext()
09:47:12.0 (4884478)|METHOD_EXIT|[7]||Database.QueryLocatorIterator.hasNext()
09:47:12.0 (4891672)|VARIABLE_ASSIGNMENT|[7]|q|null|
09:47:12.0 (4921475)|STATEMENT_EXECUTE|[13]
09:47:12.0 (4994461)|HEAP_ALLOCATE|[14]|Bytes:5
09:47:12.0 (5020922)|HEAP_ALLOCATE|[14]|Bytes:12
09:47:12.0 (5028753)|VARIABLE_SCOPE_BEGIN|[14]|q|Quote|true|false
09:47:12.0 (5041954)|VARIABLE_ASSIGNMENT|[14]|q|{"Name":"first quote","Id":"0Q0f40000009VVICA2"}|0x2f0a6311
09:47:12.0 (5047945)|STATEMENT_EXECUTE|[14]
09:47:12.0 (5049482)|STATEMENT_EXECUTE|[15]
09:47:12.0 (5052738)|HEAP_ALLOCATE|[15]|Bytes:20
09:47:12.0 (5086482)|HEAP_ALLOCATE|[15]|Bytes:31
09:47:12.0 (5116399)|USER_DEBUG|[15]|DEBUG|nombre de la quote: first quote
09:47:12.0 (5131801)|HEAP_ALLOCATE|[14]|Bytes:5
09:47:12.0 (5142876)|VARIABLE_ASSIGNMENT|[14]|q|null|
09:47:12.0 (5148082)|STATEMENT_EXECUTE|[18]
09:47:12.0 (5150749)|HEAP_ALLOCATE|[18]|Bytes:53
09:47:12.0 (5162676)|HEAP_ALLOCATE|[18]|Bytes:4
09:47:12.0 (5169019)|HEAP_ALLOCATE|[18]|Bytes:7
09:47:12.0 (5192811)|HEAP_ALLOCATE|[18]|Bytes:12
09:47:12.0 (5641713)|SOQL_EXECUTE_BEGIN|[18]|Aggregations:0|SELECT Body FROM Attachment WHERE ParentId = :tmpVar1
09:47:12.0 (8298629)|SOQL_EXECUTE_END|[18]|Rows:0
09:47:12.0 (8320588)|HEAP_ALLOCATE|[18]|Bytes:4
09:47:12.0 (8329846)|HEAP_ALLOCATE|[18]|Bytes:0
09:47:12.0 (8381897)|HEAP_ALLOCATE|[18]|Bytes:4
09:47:12.0 (8394269)|VARIABLE_SCOPE_BEGIN|[18]|attachements|List<Attachment>|true|false
09:47:12.0 (8408689)|VARIABLE_ASSIGNMENT|[18]|attachements|[]|0xce552
09:47:12.0 (8414845)|STATEMENT_EXECUTE|[20]
09:47:12.0 (8418506)|HEAP_ALLOCATE|[20]|Bytes:21
09:47:12.0 (8440936)|USER_DEBUG|[20]|DEBUG|before blob to string
09:47:12.0 (8449675)|STATEMENT_EXECUTE|[25]
09:47:12.0 (8456962)|METHOD_ENTRY|[25]|01pf4000008WnsX|ViewQuotePDF.StringPDF()
09:47:12.0 (8480387)|HEAP_ALLOCATE|[36]|Bytes:5
09:47:12.0 (8485579)|STATEMENT_EXECUTE|[34]
09:47:12.0 (8487163)|STATEMENT_EXECUTE|[35]
09:47:12.0 (8489605)|HEAP_ALLOCATE|[36]|Bytes:988
09:47:12.0 (8501899)|METHOD_EXIT|[25]|01pf4000008WnsX|ViewQuotePDF.StringPDF()
09:47:12.0 (15300156)|HEAP_ALLOCATE|[25]|Bytes:4
09:47:12.0 (15343658)|VARIABLE_SCOPE_BEGIN|[25]|b|Blob|false|false
09:47:12.0 (15362822)|VARIABLE_ASSIGNMENT|[25]|b|BLOB(1435 bytes)
09:47:12.0 (15368042)|STATEMENT_EXECUTE|[26]
09:47:12.0 (15401486)|HEAP_ALLOCATE|[26]|Bytes:15
09:47:12.0 (15413128)|SYSTEM_METHOD_ENTRY|[1]|EncodingUtil.EncodingUtil()
09:47:12.0 (15417568)|STATEMENT_EXECUTE|[1]
09:47:12.0 (15425790)|SYSTEM_METHOD_EXIT|[1]|EncodingUtil
09:47:12.0 (15438352)|METHOD_ENTRY|[26]||System.EncodingUtil.base64Encode(Blob)
09:47:12.0 (15521297)|METHOD_EXIT|[26]||System.EncodingUtil.base64Encode(Blob)
09:47:12.0 (15532978)|SYSTEM_MODE_EXIT|false
09:47:12.15 (15557482)|CUMULATIVE_LIMIT_USAGE
09:47:12.15 (15557482)|LIMIT_USAGE_FOR_NS|(default)|
  Number of SOQL queries: 2 out of 100
  Number of query rows: 1 out of 50000
  Number of SOSL queries: 0 out of 20
  Number of DML statements: 0 out of 150
  Number of DML rows: 0 out of 10000
  Maximum CPU time: 0 out of 10000
  Maximum heap size: 0 out of 6000000
  Number of callouts: 0 out of 100
  Number of Email Invocations: 0 out of 10
  Number of future calls: 0 out of 50
  Number of queueable jobs added to the queue: 0 out of 50
  Number of Mobile Apex push calls: 0 out of 10

09:47:12.15 (15557482)|CUMULATIVE_LIMIT_USAGE_END

09:47:12.0 (15588405)|CODE_UNIT_FINISHED|ViewQuotePDF.getPDF
09:47:12.0 (15666491)|CODE_UNIT_FINISHED|Aura
09:47:12.0 (16762428)|EXECUTION_FINISHED
