42.0 APEX_CODE,FINEST;APEX_PROFILING,INFO;CALLOUT,INFO;DB,INFO;SYSTEM,DEBUG;VALIDATION,INFO;VISUALFORCE,INFO;WAVE,INFO;WORKFLOW,INFO
14:29:18.0 (72177)|USER_INFO|[EXTERNAL]|005f4000001uuP2|nmolinam@deloitte.com|Hora de Venezuela|GMT-04:00
14:29:18.0 (106317)|EXECUTION_STARTED
14:29:18.0 (109969)|CODE_UNIT_STARTED|[EXTERNAL]|Aura
14:29:18.0 (1140514)|CODE_UNIT_STARTED|[EXTERNAL]|01pf4000008WnsX|ViewQuotePDF.getPDF
14:29:18.0 (1332583)|HEAP_ALLOCATE|[72]|Bytes:3
14:29:18.0 (1385266)|HEAP_ALLOCATE|[77]|Bytes:152
14:29:18.0 (1397448)|HEAP_ALLOCATE|[342]|Bytes:408
14:29:18.0 (1408895)|HEAP_ALLOCATE|[355]|Bytes:408
14:29:18.0 (1419131)|HEAP_ALLOCATE|[467]|Bytes:48
14:29:18.0 (1473476)|HEAP_ALLOCATE|[139]|Bytes:6
14:29:18.0 (1488389)|HEAP_ALLOCATE|[EXTERNAL]|Bytes:4
14:29:18.0 (1505474)|HEAP_ALLOCATE|[EXTERNAL]|Bytes:5
14:29:18.0 (1531252)|METHOD_ENTRY|[1]|01pf4000008WnsX|ViewQuotePDF.ViewQuotePDF()
14:29:18.0 (1538863)|STATEMENT_EXECUTE|[1]
14:29:18.0 (1542680)|STATEMENT_EXECUTE|[1]
14:29:18.0 (1569284)|HEAP_ALLOCATE|[50]|Bytes:5
14:29:18.0 (1586040)|HEAP_ALLOCATE|[56]|Bytes:5
14:29:18.0 (1593089)|HEAP_ALLOCATE|[64]|Bytes:7
14:29:18.0 (1612106)|SYSTEM_MODE_ENTER|false
14:29:18.0 (1757476)|HEAP_ALLOCATE|[EXTERNAL]|Bytes:5
14:29:18.0 (1765223)|SYSTEM_MODE_EXIT|false
14:29:18.0 (1788244)|METHOD_EXIT|[1]|ViewQuotePDF
14:29:18.0 (1799888)|SYSTEM_MODE_ENTER|false
14:29:18.0 (1812492)|HEAP_ALLOCATE|[4]|Bytes:5
14:29:18.0 (1817131)|STATEMENT_EXECUTE|[3]
14:29:18.0 (1819003)|STATEMENT_EXECUTE|[4]
14:29:18.0 (1899409)|HEAP_ALLOCATE|[4]|Bytes:4
14:29:18.0 (1958620)|VARIABLE_SCOPE_BEGIN|[4]|quotes|List<Quote>|true|false
14:29:18.0 (2048273)|HEAP_ALLOCATE|[EXTERNAL]|Bytes:4
14:29:18.0 (2074073)|VARIABLE_ASSIGNMENT|[4]|quotes|[]|0x689bf28a
14:29:18.0 (2080490)|STATEMENT_EXECUTE|[5]
14:29:18.0 (2084266)|VARIABLE_SCOPE_BEGIN|[5]|pfdBase64|String|false|false
14:29:18.0 (2094189)|VARIABLE_ASSIGNMENT|[5]|pfdBase64|null
14:29:18.0 (2100325)|HEAP_ALLOCATE|[7]|Bytes:22
14:29:18.0 (2114151)|HEAP_ALLOCATE|[7]|Bytes:4
14:29:18.0 (2373185)|SOQL_EXECUTE_BEGIN|[7]|Aggregations:0|SELECT Name FROM Quote
14:29:18.0 (3906469)|SOQL_EXECUTE_END|[7]|Rows:1
14:29:18.0 (3927257)|HEAP_ALLOCATE|[EXTERNAL]|Bytes:8
14:29:18.0 (4063368)|HEAP_ALLOCATE|[7]|Bytes:54
14:29:18.0 (4072465)|HEAP_ALLOCATE|[7]|Bytes:8
14:29:18.0 (4080446)|SYSTEM_METHOD_ENTRY|[7]|QueryLocatorIterator.QueryLocatorIterator()
14:29:18.0 (4085277)|STATEMENT_EXECUTE|[7]
14:29:18.0 (4091388)|SYSTEM_METHOD_EXIT|[7]|QueryLocatorIterator
14:29:18.0 (4097853)|HEAP_ALLOCATE|[7]|Bytes:28
14:29:18.0 (4123851)|HEAP_ALLOCATE|[7]|Bytes:8
14:29:18.0 (4135989)|HEAP_ALLOCATE|[7]|Bytes:8
14:29:18.0 (4139853)|HEAP_ALLOCATE|[7]|Bytes:8
14:29:18.0 (4144524)|VARIABLE_SCOPE_BEGIN|[15]|this|Database.QueryLocatorIterator|true|false
14:29:18.0 (4189463)|VARIABLE_ASSIGNMENT|[15]|this|{}|0x3e08a426
14:29:18.0 (4196752)|VARIABLE_SCOPE_BEGIN|[15]|values|List<SObject>|true|false
14:29:18.0 (4217354)|VARIABLE_ASSIGNMENT|[15]|values|[{"Name":"first quote","Id":"0Q0f40000009VVICA2"}]|0x46ebc894
14:29:18.0 (4222812)|VARIABLE_SCOPE_BEGIN|[15]|ql|Database.QueryLocator|true|false
14:29:18.0 (4243636)|VARIABLE_ASSIGNMENT|[15]|ql|{"query":"SELECT Name FROM Quo (2 more) ..."}|0x2368f657
14:29:18.0 (4249414)|VARIABLE_SCOPE_BEGIN|[15]|totalNumRecords|Integer|false|false
14:29:18.0 (4257612)|VARIABLE_ASSIGNMENT|[15]|totalNumRecords|1
14:29:18.0 (4261735)|VARIABLE_SCOPE_BEGIN|[15]|queryMoreSize|Integer|false|false
14:29:18.0 (4268093)|VARIABLE_ASSIGNMENT|[15]|queryMoreSize|49999
14:29:18.0 (4350186)|HEAP_ALLOCATE|[7]|Bytes:28
14:29:18.0 (4369655)|METHOD_ENTRY|[7]||Database.QueryLocatorIterator.hasNext()
14:29:18.0 (4409564)|METHOD_EXIT|[7]||Database.QueryLocatorIterator.hasNext()
14:29:18.0 (4417172)|METHOD_ENTRY|[7]||Database.QueryLocatorIterator.next()
14:29:18.0 (4481485)|METHOD_EXIT|[7]||Database.QueryLocatorIterator.next()
14:29:18.0 (4488813)|VARIABLE_SCOPE_BEGIN|[7]|q|Quote|true|false
14:29:18.0 (4503173)|VARIABLE_ASSIGNMENT|[7]|q|{"Name":"first quote","Id":"0Q0f40000009VVICA2"}|0x397c5d57
14:29:18.0 (4509883)|STATEMENT_EXECUTE|[7]
14:29:18.0 (4512007)|STATEMENT_EXECUTE|[8]
14:29:18.0 (4540187)|HEAP_ALLOCATE|[EXTERNAL]|Bytes:4
14:29:18.0 (4550699)|METHOD_ENTRY|[7]||Database.QueryLocatorIterator.hasNext()
14:29:18.0 (4563845)|METHOD_EXIT|[7]||Database.QueryLocatorIterator.hasNext()
14:29:18.0 (4571034)|VARIABLE_ASSIGNMENT|[7]|q|null|
14:29:18.0 (4599243)|STATEMENT_EXECUTE|[13]
14:29:18.0 (4679722)|HEAP_ALLOCATE|[14]|Bytes:5
14:29:18.0 (4706431)|HEAP_ALLOCATE|[14]|Bytes:12
14:29:18.0 (4713404)|VARIABLE_SCOPE_BEGIN|[14]|q|Quote|true|false
14:29:18.0 (4727451)|VARIABLE_ASSIGNMENT|[14]|q|{"Name":"first quote","Id":"0Q0f40000009VVICA2"}|0x397c5d57
14:29:18.0 (4733312)|STATEMENT_EXECUTE|[14]
14:29:18.0 (4735069)|STATEMENT_EXECUTE|[15]
14:29:18.0 (4738122)|HEAP_ALLOCATE|[15]|Bytes:20
14:29:18.0 (4775401)|HEAP_ALLOCATE|[15]|Bytes:31
14:29:18.0 (4801322)|USER_DEBUG|[15]|DEBUG|nombre de la quote: first quote
14:29:18.0 (4817103)|HEAP_ALLOCATE|[14]|Bytes:5
14:29:18.0 (4828148)|VARIABLE_ASSIGNMENT|[14]|q|null|
14:29:18.0 (4833049)|STATEMENT_EXECUTE|[18]
14:29:18.0 (4835897)|HEAP_ALLOCATE|[18]|Bytes:53
14:29:18.0 (4847460)|HEAP_ALLOCATE|[18]|Bytes:4
14:29:18.0 (4854432)|HEAP_ALLOCATE|[18]|Bytes:7
14:29:18.0 (4877184)|HEAP_ALLOCATE|[18]|Bytes:12
14:29:18.0 (5511217)|SOQL_EXECUTE_BEGIN|[18]|Aggregations:0|SELECT Body FROM Attachment WHERE ParentId = :tmpVar1
14:29:18.0 (7717318)|SOQL_EXECUTE_END|[18]|Rows:0
14:29:18.0 (7739688)|HEAP_ALLOCATE|[18]|Bytes:4
14:29:18.0 (7748010)|HEAP_ALLOCATE|[18]|Bytes:0
14:29:18.0 (7828553)|HEAP_ALLOCATE|[18]|Bytes:4
14:29:18.0 (7840635)|VARIABLE_SCOPE_BEGIN|[18]|attachements|List<Attachment>|true|false
14:29:18.0 (7856100)|VARIABLE_ASSIGNMENT|[18]|attachements|[]|0x2e729fc3
14:29:18.0 (7862231)|STATEMENT_EXECUTE|[24]
14:29:18.0 (7866098)|HEAP_ALLOCATE|[24]|Bytes:49
14:29:18.0 (10327498)|HEAP_ALLOCATE|[24]|Bytes:4
14:29:18.0 (10361657)|SYSTEM_MODE_EXIT|false
14:29:18.10 (10391282)|CUMULATIVE_LIMIT_USAGE
14:29:18.10 (10391282)|LIMIT_USAGE_FOR_NS|(default)|
  Number of SOQL queries: 2 out of 100
  Number of query rows: 1 out of 50000
  Number of SOSL queries: 0 out of 20
  Number of DML statements: 0 out of 150
  Number of DML rows: 0 out of 10000
  Maximum CPU time: 0 out of 10000
  Maximum heap size: 0 out of 6000000
  Number of callouts: 0 out of 100
  Number of Email Invocations: 0 out of 10
  Number of future calls: 0 out of 50
  Number of queueable jobs added to the queue: 0 out of 50
  Number of Mobile Apex push calls: 0 out of 10

14:29:18.10 (10391282)|CUMULATIVE_LIMIT_USAGE_END

14:29:18.0 (10428024)|CODE_UNIT_FINISHED|ViewQuotePDF.getPDF
14:29:18.0 (10784466)|CODE_UNIT_FINISHED|Aura
14:29:18.0 (11866073)|EXECUTION_FINISHED
