42.0 APEX_CODE,FINEST;APEX_PROFILING,INFO;CALLOUT,INFO;DB,INFO;SYSTEM,DEBUG;VALIDATION,INFO;VISUALFORCE,INFO;WAVE,INFO;WORKFLOW,INFO
Execute Anonymous: CloneQuote.cloneQuote('0Q0f40000009bwtCAA');
12:02:06.1 (1156641)|USER_INFO|[EXTERNAL]|005f4000001uuP2|nmolinam@deloitte.com|Hora de Venezuela|GMT-04:00
12:02:06.1 (1183538)|EXECUTION_STARTED
12:02:06.1 (1188708)|CODE_UNIT_STARTED|[EXTERNAL]|execute_anonymous_apex
12:02:06.1 (1384898)|HEAP_ALLOCATE|[72]|Bytes:3
12:02:06.1 (1424634)|HEAP_ALLOCATE|[77]|Bytes:152
12:02:06.1 (1440134)|HEAP_ALLOCATE|[342]|Bytes:408
12:02:06.1 (1453300)|HEAP_ALLOCATE|[355]|Bytes:408
12:02:06.1 (1464104)|HEAP_ALLOCATE|[467]|Bytes:48
12:02:06.1 (1490573)|HEAP_ALLOCATE|[139]|Bytes:6
12:02:06.1 (1524831)|HEAP_ALLOCATE|[EXTERNAL]|Bytes:1
12:02:06.1 (1611515)|STATEMENT_EXECUTE|[1]
12:02:06.1 (1614357)|STATEMENT_EXECUTE|[1]
12:02:06.1 (1617267)|HEAP_ALLOCATE|[1]|Bytes:18
12:02:06.1 (1634409)|HEAP_ALLOCATE|[1]|Bytes:4
12:02:06.1 (1687539)|HEAP_ALLOCATE|[50]|Bytes:5
12:02:06.1 (1710390)|HEAP_ALLOCATE|[56]|Bytes:5
12:02:06.1 (1717598)|HEAP_ALLOCATE|[64]|Bytes:7
12:02:06.1 (1739844)|SYSTEM_MODE_ENTER|false
12:02:06.1 (1760406)|HEAP_ALLOCATE|[1]|Bytes:5
12:02:06.1 (3024264)|HEAP_ALLOCATE|[1]|Bytes:1
12:02:06.1 (3044649)|METHOD_ENTRY|[1]|01pf4000009Vx35|CloneQuote.CloneQuote()
12:02:06.1 (3050957)|STATEMENT_EXECUTE|[1]
12:02:06.1 (3055376)|STATEMENT_EXECUTE|[1]
12:02:06.1 (3065510)|HEAP_ALLOCATE|[1]|Bytes:5
12:02:06.1 (3076618)|METHOD_EXIT|[1]|CloneQuote
12:02:06.1 (3101545)|METHOD_ENTRY|[1]|01pf4000009Vx35|CloneQuote.cloneQuote(Id)
12:02:06.1 (3129307)|VARIABLE_SCOPE_BEGIN|[3]|quoteId|Id|false|false
12:02:06.1 (3258786)|VARIABLE_ASSIGNMENT|[3]|quoteId|"0Q0f40000009bwtCAA"
12:02:06.1 (3280421)|HEAP_ALLOCATE|[6]|Bytes:5
12:02:06.1 (3286914)|STATEMENT_EXECUTE|[3]
12:02:06.1 (3288736)|STATEMENT_EXECUTE|[4]
12:02:06.1 (3291910)|HEAP_ALLOCATE|[6]|Bytes:95
12:02:06.1 (3314405)|HEAP_ALLOCATE|[6]|Bytes:4
12:02:06.1 (3328487)|HEAP_ALLOCATE|[6]|Bytes:7
12:02:06.1 (3685344)|SOQL_EXECUTE_BEGIN|[6]|Aggregations:1|SELECT Name, OPPORTUNITYiD, (SELECT QuoteId FROM QuoteLineItems) FROM QUOTE WHERE ID = :tmpVar1
12:02:06.1 (8006858)|SOQL_EXECUTE_END|[6]|Rows:1
12:02:06.1 (8041451)|HEAP_ALLOCATE|[6]|Bytes:8
12:02:06.1 (8065531)|HEAP_ALLOCATE|[6]|Bytes:213
12:02:06.1 (8165089)|HEAP_ALLOCATE|[6]|Bytes:8
12:02:06.1 (8177754)|HEAP_ALLOCATE|[4]|Bytes:31
12:02:06.1 (8222557)|HEAP_ALLOCATE|[4]|Bytes:20
12:02:06.1 (8230222)|VARIABLE_SCOPE_BEGIN|[4]|q1|Quote|true|false
12:02:06.1 (8262256)|VARIABLE_ASSIGNMENT|[4]|q1|{"Name":"QUOTE 2","OpportunityId":"006f400000AO4MJAA1","Id":"0Q0f40000009bwtCAA","QuoteLineItems":[{"QuoteId":"0Q0f40000009bwtCAA","Id":"0QLf4000000sNKqGAM"},{"QuoteId":"0Q0f40000009bwtCAA","Id":"0QLf4000000sNKrGAM"}]}|0x5d8a30bd
12:02:06.1 (8270627)|STATEMENT_EXECUTE|[10]
12:02:06.1 (8274410)|VARIABLE_SCOPE_BEGIN|[10]|q2|Quote|true|false
12:02:06.1 (8287705)|VARIABLE_ASSIGNMENT|[10]|q2|{"Name":"QUOTE 2","OpportunityId":"006f400000AO4MJAA1","Id":"0Q0f40000009bwtCAA","QuoteLineItems":[{"QuoteId":"0Q0f40000009bwtCAA","Id":"0QLf4000000sNKqGAM"},{"QuoteId":"0Q0f40000009bwtCAA","Id":"0QLf4000000sNKrGAM"}]}|0x5d8a30bd
12:02:06.1 (8294481)|STATEMENT_EXECUTE|[12]
12:02:06.1 (8298137)|HEAP_ALLOCATE|[12]|Bytes:14
12:02:06.1 (8302200)|HEAP_ALLOCATE|[12]|Bytes:13
12:02:06.1 (8338996)|HEAP_ALLOCATE|[EXTERNAL]|Bytes:12
12:02:06.1 (8379537)|HEAP_ALLOCATE|[12]|Bytes:12
12:02:06.1 (8418415)|VARIABLE_SCOPE_BEGIN|[12]|items|List<QuoteLineItem>|true|false
12:02:06.1 (8437374)|VARIABLE_ASSIGNMENT|[12]|items|[{"QuoteId":"0Q0f40000009bwtCAA","Id":"0QLf4000000sNKqGAM"},{"QuoteId":"0Q0f40000009bwtCAA","Id":"0QLf4000000sNKrGAM"}]|0x2198c41e
12:02:06.1 (8444139)|STATEMENT_EXECUTE|[14]
12:02:06.1 (8481451)|VARIABLE_ASSIGNMENT|[14]|this.Id|null|0x5d8a30bd
12:02:06.1 (8488092)|STATEMENT_EXECUTE|[15]
12:02:06.1 (8511224)|HEAP_ALLOCATE|[15]|Bytes:8
12:02:06.1 (8522799)|DML_BEGIN|[15]|Op:Insert|Type:Quote|Rows:1
12:02:06.1 (8553673)|HEAP_ALLOCATE|[EXTERNAL]|Bytes:8
12:02:06.1 (85447428)|DML_END|[15]
12:02:06.1 (85759309)|HEAP_ALLOCATE|[16]|Bytes:5
12:02:06.1 (85792117)|HEAP_ALLOCATE|[16]|Bytes:12
12:02:06.1 (85806873)|VARIABLE_SCOPE_BEGIN|[16]|i|QuoteLineItem|true|false
12:02:06.1 (85836123)|VARIABLE_ASSIGNMENT|[16]|i|{"QuoteId":"0Q0f40000009bwtCAA","Id":"0QLf4000000sNKqGAM"}|0x62aa5dd8
12:02:06.1 (85845457)|STATEMENT_EXECUTE|[16]
12:02:06.1 (85848155)|STATEMENT_EXECUTE|[17]
12:02:06.1 (86173598)|HEAP_ALLOCATE|[17]|Bytes:49
12:02:06.1 (86204480)|METHOD_EXIT|[1]|01pf4000009Vx35|CloneQuote.cloneQuote(Id)
12:02:06.1 (86214348)|SYSTEM_MODE_EXIT|false
12:02:06.1 (86293950)|FATAL_ERROR|System.SObjectException: Field is not writeable: QuoteLineItem.QuoteId

Class.CloneQuote.cloneQuote: line 17, column 1
AnonymousBlock: line 1, column 1
AnonymousBlock: line 1, column 1
12:02:06.86 (86336205)|CUMULATIVE_LIMIT_USAGE
12:02:06.86 (86336205)|LIMIT_USAGE_FOR_NS|(default)|
  Number of SOQL queries: 1 out of 100
  Number of query rows: 3 out of 50000
  Number of SOSL queries: 0 out of 20
  Number of DML statements: 1 out of 150
  Number of DML rows: 1 out of 10000
  Maximum CPU time: 0 out of 10000
  Maximum heap size: 0 out of 6000000
  Number of callouts: 0 out of 100
  Number of Email Invocations: 0 out of 10
  Number of future calls: 0 out of 50
  Number of queueable jobs added to the queue: 0 out of 50
  Number of Mobile Apex push calls: 0 out of 10

12:02:06.86 (86336205)|CUMULATIVE_LIMIT_USAGE_END

12:02:06.1 (86376001)|CODE_UNIT_FINISHED|execute_anonymous_apex
12:02:06.1 (87838445)|EXECUTION_FINISHED
