36.0 APEX_CODE,FINEST;APEX_PROFILING,INFO;CALLOUT,INFO;DB,INFO;SYSTEM,DEBUG;VALIDATION,INFO;VISUALFORCE,INFO;WAVE,INFO;WORKFLOW,INFO
14:18:24.0 (327336)|USER_INFO|[EXTERNAL]|005f4000001uuP2|nmolinam@deloitte.com|Hora de Venezuela|GMT-04:00
14:18:24.0 (364749)|EXECUTION_STARTED
14:18:24.0 (369365)|CODE_UNIT_STARTED|[EXTERNAL]|066f4000002h6Fz|VF: /apex/LightningPDFGeneratorDemo
14:18:24.0 (4931197)|SYSTEM_MODE_ENTER|true
14:18:24.0 (5278720)|HEAP_ALLOCATE|[72]|Bytes:3
14:18:24.0 (5316880)|HEAP_ALLOCATE|[77]|Bytes:152
14:18:24.0 (5329343)|HEAP_ALLOCATE|[342]|Bytes:408
14:18:24.0 (5339783)|HEAP_ALLOCATE|[355]|Bytes:408
14:18:24.0 (5350027)|HEAP_ALLOCATE|[467]|Bytes:48
14:18:24.0 (5376066)|HEAP_ALLOCATE|[139]|Bytes:6
14:18:24.0 (5390763)|HEAP_ALLOCATE|[EXTERNAL]|Bytes:84
14:18:24.0 (5395089)|HEAP_ALLOCATE|[EXTERNAL]|Bytes:5
14:18:24.0 (5405035)|METHOD_ENTRY|[1]|01pf4000008yCKF|DataDisplayController.DataDisplayController()
14:18:24.0 (5411833)|STATEMENT_EXECUTE|[1]
14:18:24.0 (5415809)|STATEMENT_EXECUTE|[1]
14:18:24.0 (5420945)|METHOD_EXIT|[1]|DataDisplayController
14:18:24.0 (5435777)|HEAP_ALLOCATE|[EXTERNAL]|Bytes:8
14:18:24.0 (5443107)|VARIABLE_SCOPE_BEGIN|[4]|this|DataDisplayController|true|false
14:18:24.0 (5496344)|VARIABLE_ASSIGNMENT|[4]|this|{}|0x42649b9d
14:18:24.0 (5506347)|STATEMENT_EXECUTE|[1]
14:18:24.0 (5508032)|STATEMENT_EXECUTE|[2]
14:18:24.0 (5514721)|HEAP_ALLOCATE|[5]|Bytes:6
14:18:24.0 (5565183)|STATEMENT_EXECUTE|[4]
14:18:24.0 (5567441)|STATEMENT_EXECUTE|[5]
14:18:24.0 (5570423)|HEAP_ALLOCATE|[5]|Bytes:4
14:18:24.0 (5631498)|VARIABLE_ASSIGNMENT|[EXTERNAL]|this|{}|0x42649b9d
14:18:24.0 (5646338)|VARIABLE_ASSIGNMENT|[EXTERNAL]|value|"test"
14:18:24.0 (5661242)|VARIABLE_ASSIGNMENT|[2]|this.PDFData|"test"|0x42649b9d
14:18:24.0 (6598526)|SYSTEM_MODE_ENTER|true
14:18:24.0 (6927140)|VF_SERIALIZE_VIEWSTATE_BEGIN|066f4000002h6Fz
14:18:24.0 (19367278)|VF_SERIALIZE_VIEWSTATE_END
14:18:24.0 (20600993)|CODE_UNIT_STARTED|[EXTERNAL]|Generate Metadata
14:18:24.0 (21137014)|CODE_UNIT_FINISHED|Generate Metadata
14:18:24.23 (23202393)|CUMULATIVE_LIMIT_USAGE
14:18:24.23 (23202393)|LIMIT_USAGE_FOR_NS|(default)|
  Number of SOQL queries: 0 out of 100
  Number of query rows: 0 out of 50000
  Number of SOSL queries: 0 out of 20
  Number of DML statements: 0 out of 150
  Number of DML rows: 0 out of 10000
  Maximum CPU time: 0 out of 10000
  Maximum heap size: 0 out of 6000000
  Number of callouts: 0 out of 100
  Number of Email Invocations: 0 out of 10
  Number of future calls: 0 out of 50
  Number of queueable jobs added to the queue: 0 out of 50
  Number of Mobile Apex push calls: 0 out of 10

14:18:24.23 (23202393)|CUMULATIVE_LIMIT_USAGE_END

14:18:24.0 (23238479)|CODE_UNIT_FINISHED|VF: /apex/LightningPDFGeneratorDemo
14:18:24.0 (24640088)|EXECUTION_FINISHED
