42.0 APEX_CODE,FINEST;APEX_PROFILING,INFO;CALLOUT,INFO;DB,INFO;SYSTEM,DEBUG;VALIDATION,INFO;VISUALFORCE,INFO;WAVE,INFO;WORKFLOW,INFO
09:39:18.0 (366726)|USER_INFO|[EXTERNAL]|005f4000001uuP2|nmolinam@deloitte.com|Hora de Venezuela|GMT-04:00
09:39:18.0 (404319)|EXECUTION_STARTED
09:39:18.0 (409107)|CODE_UNIT_STARTED|[EXTERNAL]|Aura
09:39:18.0 (1391743)|HEAP_ALLOCATE|[72]|Bytes:3
09:39:18.0 (1427176)|HEAP_ALLOCATE|[77]|Bytes:152
09:39:18.0 (1440768)|HEAP_ALLOCATE|[342]|Bytes:408
09:39:18.0 (1453459)|HEAP_ALLOCATE|[355]|Bytes:408
09:39:18.0 (1467358)|HEAP_ALLOCATE|[467]|Bytes:48
09:39:18.0 (1498325)|HEAP_ALLOCATE|[139]|Bytes:6
09:39:18.0 (1512846)|HEAP_ALLOCATE|[EXTERNAL]|Bytes:18
09:39:18.0 (1523434)|HEAP_ALLOCATE|[EXTERNAL]|Bytes:4
09:39:18.0 (2296237)|CODE_UNIT_STARTED|[EXTERNAL]|01pf4000009Vx35|CloneQuote.getQuote
09:39:18.0 (2443603)|HEAP_ALLOCATE|[EXTERNAL]|Bytes:4
09:39:18.0 (2451619)|HEAP_ALLOCATE|[EXTERNAL]|Bytes:2
09:39:18.0 (2462571)|METHOD_ENTRY|[1]|01pf4000009Vx35|CloneQuote.CloneQuote()
09:39:18.0 (2469520)|STATEMENT_EXECUTE|[1]
09:39:18.0 (2475304)|STATEMENT_EXECUTE|[1]
09:39:18.0 (2508028)|HEAP_ALLOCATE|[50]|Bytes:5
09:39:18.0 (2546227)|HEAP_ALLOCATE|[56]|Bytes:5
09:39:18.0 (2554933)|HEAP_ALLOCATE|[64]|Bytes:7
09:39:18.0 (2575831)|SYSTEM_MODE_ENTER|false
09:39:18.0 (2589185)|HEAP_ALLOCATE|[EXTERNAL]|Bytes:5
09:39:18.0 (2595048)|SYSTEM_MODE_EXIT|false
09:39:18.0 (2602755)|METHOD_EXIT|[1]|CloneQuote
09:39:18.0 (2608247)|HEAP_ALLOCATE|[EXTERNAL]|Bytes:4
09:39:18.0 (2617024)|SYSTEM_MODE_ENTER|false
09:39:18.0 (2625366)|VARIABLE_SCOPE_BEGIN|[34]|recordId|Id|false|false
09:39:18.0 (2940206)|VARIABLE_ASSIGNMENT|[34]|recordId|"0Q0f40000009VVICA2"
09:39:18.0 (2961473)|HEAP_ALLOCATE|[35]|Bytes:5
09:39:18.0 (2966575)|STATEMENT_EXECUTE|[34]
09:39:18.0 (2968820)|STATEMENT_EXECUTE|[35]
09:39:18.0 (2971913)|HEAP_ALLOCATE|[35]|Bytes:82
09:39:18.0 (2988635)|HEAP_ALLOCATE|[35]|Bytes:4
09:39:18.0 (3000815)|HEAP_ALLOCATE|[35]|Bytes:7
09:39:18.0 (3376313)|SOQL_EXECUTE_BEGIN|[35]|Aggregations:0|SELECT Name, AccountId, OpportunityId, Pricebook2Id FROM Quote WHERE Id = :tmpVar1
09:39:18.0 (5977675)|SOQL_EXECUTE_END|[35]|Rows:1
09:39:18.0 (6002646)|HEAP_ALLOCATE|[35]|Bytes:8
09:39:18.0 (6020074)|HEAP_ALLOCATE|[35]|Bytes:148
09:39:18.0 (6103848)|HEAP_ALLOCATE|[35]|Bytes:8
09:39:18.0 (6116135)|HEAP_ALLOCATE|[35]|Bytes:31
09:39:18.0 (6164323)|HEAP_ALLOCATE|[35]|Bytes:24
09:39:18.0 (6173552)|VARIABLE_SCOPE_BEGIN|[35]|q|Quote|true|false
09:39:18.0 (6204415)|VARIABLE_ASSIGNMENT|[35]|q|{"Name":"first quote","AccountId":"001f400000IPlikAAD","OpportunityId":"006f400000AO4MJAA1","Pricebook2Id":"01sf4000003Vb8JAAS","Id":"0Q0f40000009VVICA2"}|0x1539108d
09:39:18.0 (6213352)|STATEMENT_EXECUTE|[36]
09:39:18.0 (6286290)|USER_DEBUG|[36]|DEBUG|Quote:{Name=first quote, AccountId=001f400000IPlikAAD, OpportunityId=006f400000AO4MJAA1, Pricebook2Id=01sf4000003Vb8JAAS, Id=0Q0f40000009VVICA2}
09:39:18.0 (6298547)|STATEMENT_EXECUTE|[37]
09:39:18.0 (6306010)|SYSTEM_MODE_EXIT|false
09:39:18.6 (6331913)|CUMULATIVE_LIMIT_USAGE
09:39:18.6 (6331913)|LIMIT_USAGE_FOR_NS|(default)|
  Number of SOQL queries: 1 out of 100
  Number of query rows: 1 out of 50000
  Number of SOSL queries: 0 out of 20
  Number of DML statements: 0 out of 150
  Number of DML rows: 0 out of 10000
  Maximum CPU time: 0 out of 10000
  Maximum heap size: 0 out of 6000000
  Number of callouts: 0 out of 100
  Number of Email Invocations: 0 out of 10
  Number of future calls: 0 out of 50
  Number of queueable jobs added to the queue: 0 out of 50
  Number of Mobile Apex push calls: 0 out of 10

09:39:18.6 (6331913)|CUMULATIVE_LIMIT_USAGE_END

09:39:18.0 (6367672)|CODE_UNIT_FINISHED|CloneQuote.getQuote
09:39:18.0 (6448695)|CODE_UNIT_FINISHED|Aura
09:39:18.0 (7589761)|EXECUTION_FINISHED
