42.0 APEX_CODE,FINEST;APEX_PROFILING,INFO;CALLOUT,INFO;DB,INFO;SYSTEM,DEBUG;VALIDATION,INFO;VISUALFORCE,INFO;WAVE,INFO;WORKFLOW,INFO
17:20:40.0 (377560)|USER_INFO|[EXTERNAL]|005f4000001uuP2|nmolinam@deloitte.com|Hora de Venezuela|GMT-04:00
17:20:40.0 (405547)|EXECUTION_STARTED
17:20:40.0 (409812)|CODE_UNIT_STARTED|[EXTERNAL]|Aura
17:20:40.0 (1375309)|HEAP_ALLOCATE|[72]|Bytes:3
17:20:40.0 (1417601)|HEAP_ALLOCATE|[77]|Bytes:152
17:20:40.0 (1434440)|HEAP_ALLOCATE|[342]|Bytes:408
17:20:40.0 (1446079)|HEAP_ALLOCATE|[355]|Bytes:408
17:20:40.0 (1456904)|HEAP_ALLOCATE|[467]|Bytes:48
17:20:40.0 (1482191)|HEAP_ALLOCATE|[139]|Bytes:6
17:20:40.0 (1494768)|HEAP_ALLOCATE|[EXTERNAL]|Bytes:18
17:20:40.0 (1503457)|HEAP_ALLOCATE|[EXTERNAL]|Bytes:4
17:20:40.0 (2240964)|CODE_UNIT_STARTED|[EXTERNAL]|01pf4000009Vx35|CloneQuote.getQuote
17:20:40.0 (2377827)|HEAP_ALLOCATE|[EXTERNAL]|Bytes:4
17:20:40.0 (2393482)|METHOD_ENTRY|[1]|01pf4000009Vx35|CloneQuote.CloneQuote()
17:20:40.0 (2401236)|STATEMENT_EXECUTE|[1]
17:20:40.0 (2407407)|STATEMENT_EXECUTE|[1]
17:20:40.0 (2440108)|HEAP_ALLOCATE|[50]|Bytes:5
17:20:40.0 (2466583)|HEAP_ALLOCATE|[56]|Bytes:5
17:20:40.0 (2474389)|HEAP_ALLOCATE|[64]|Bytes:7
17:20:40.0 (2495354)|SYSTEM_MODE_ENTER|false
17:20:40.0 (2510660)|HEAP_ALLOCATE|[EXTERNAL]|Bytes:5
17:20:40.0 (2519086)|SYSTEM_MODE_EXIT|false
17:20:40.0 (2528461)|METHOD_EXIT|[1]|CloneQuote
17:20:40.0 (2533798)|HEAP_ALLOCATE|[EXTERNAL]|Bytes:4
17:20:40.0 (2542724)|SYSTEM_MODE_ENTER|false
17:20:40.0 (2551528)|VARIABLE_SCOPE_BEGIN|[34]|recordId|Id|false|false
17:20:40.0 (2761285)|VARIABLE_ASSIGNMENT|[34]|recordId|"0Q0f40000009kKqCAI"
17:20:40.0 (2789696)|HEAP_ALLOCATE|[35]|Bytes:5
17:20:40.0 (2795946)|STATEMENT_EXECUTE|[34]
17:20:40.0 (2797686)|STATEMENT_EXECUTE|[35]
17:20:40.0 (2801329)|HEAP_ALLOCATE|[35]|Bytes:71
17:20:40.0 (2824300)|HEAP_ALLOCATE|[35]|Bytes:4
17:20:40.0 (2837922)|HEAP_ALLOCATE|[35]|Bytes:7
17:20:40.0 (3216311)|SOQL_EXECUTE_BEGIN|[35]|Aggregations:0|SELECT Name, OPPORTUNITYiD, Pricebook2Id FROM Quote WHERE Id = :tmpVar1
17:20:40.0 (5189343)|SOQL_EXECUTE_END|[35]|Rows:1
17:20:40.0 (5210857)|HEAP_ALLOCATE|[35]|Bytes:8
17:20:40.0 (5226846)|HEAP_ALLOCATE|[35]|Bytes:113
17:20:40.0 (5301721)|HEAP_ALLOCATE|[35]|Bytes:8
17:20:40.0 (5313809)|HEAP_ALLOCATE|[35]|Bytes:31
17:20:40.0 (5372596)|HEAP_ALLOCATE|[35]|Bytes:20
17:20:40.0 (5380760)|VARIABLE_SCOPE_BEGIN|[35]|q|Quote|true|false
17:20:40.0 (5405677)|VARIABLE_ASSIGNMENT|[35]|q|{"Name":"QUOTE 2","OpportunityId":"006f400000AO4MJAA1","Pricebook2Id":"01sf4000003Vb8JAAS","Id":"0Q0f40000009kKqCAI"}|0x2b32c5ba
17:20:40.0 (5413685)|STATEMENT_EXECUTE|[36]
17:20:40.0 (5421656)|SYSTEM_MODE_EXIT|false
17:20:40.5 (5446143)|CUMULATIVE_LIMIT_USAGE
17:20:40.5 (5446143)|LIMIT_USAGE_FOR_NS|(default)|
  Number of SOQL queries: 1 out of 100
  Number of query rows: 1 out of 50000
  Number of SOSL queries: 0 out of 20
  Number of DML statements: 0 out of 150
  Number of DML rows: 0 out of 10000
  Maximum CPU time: 0 out of 10000
  Maximum heap size: 0 out of 6000000
  Number of callouts: 0 out of 100
  Number of Email Invocations: 0 out of 10
  Number of future calls: 0 out of 50
  Number of queueable jobs added to the queue: 0 out of 50
  Number of Mobile Apex push calls: 0 out of 10

17:20:40.5 (5446143)|CUMULATIVE_LIMIT_USAGE_END

17:20:40.0 (5475996)|CODE_UNIT_FINISHED|CloneQuote.getQuote
17:20:40.0 (5528932)|CODE_UNIT_FINISHED|Aura
17:20:40.0 (6539067)|EXECUTION_FINISHED
