42.0 APEX_CODE,FINEST;APEX_PROFILING,INFO;CALLOUT,INFO;DB,INFO;SYSTEM,DEBUG;VALIDATION,INFO;VISUALFORCE,INFO;WAVE,INFO;WORKFLOW,INFO
09:24:41.0 (64517)|USER_INFO|[EXTERNAL]|005f4000001uuP2|nmolinam@deloitte.com|Hora de Venezuela|GMT-04:00
09:24:41.0 (100159)|EXECUTION_STARTED
09:24:41.0 (105191)|CODE_UNIT_STARTED|[EXTERNAL]|Aura
09:24:41.0 (705862)|HEAP_ALLOCATE|[72]|Bytes:3
09:24:41.0 (752170)|HEAP_ALLOCATE|[77]|Bytes:152
09:24:41.0 (769192)|HEAP_ALLOCATE|[342]|Bytes:408
09:24:41.0 (782083)|HEAP_ALLOCATE|[355]|Bytes:408
09:24:41.0 (793383)|HEAP_ALLOCATE|[467]|Bytes:48
09:24:41.0 (822132)|HEAP_ALLOCATE|[139]|Bytes:6
09:24:41.0 (836114)|HEAP_ALLOCATE|[EXTERNAL]|Bytes:18
09:24:41.0 (848640)|HEAP_ALLOCATE|[EXTERNAL]|Bytes:4
09:24:41.0 (1595440)|CODE_UNIT_STARTED|[EXTERNAL]|01pf4000009Vx35|CloneQuote.getQuote
09:24:41.0 (1731608)|HEAP_ALLOCATE|[EXTERNAL]|Bytes:4
09:24:41.0 (1738230)|HEAP_ALLOCATE|[EXTERNAL]|Bytes:2
09:24:41.0 (1748356)|METHOD_ENTRY|[1]|01pf4000009Vx35|CloneQuote.CloneQuote()
09:24:41.0 (1754739)|STATEMENT_EXECUTE|[1]
09:24:41.0 (1760349)|STATEMENT_EXECUTE|[1]
09:24:41.0 (1792679)|HEAP_ALLOCATE|[50]|Bytes:5
09:24:41.0 (1818901)|HEAP_ALLOCATE|[56]|Bytes:5
09:24:41.0 (1826359)|HEAP_ALLOCATE|[64]|Bytes:7
09:24:41.0 (1849281)|SYSTEM_MODE_ENTER|false
09:24:41.0 (1864980)|HEAP_ALLOCATE|[EXTERNAL]|Bytes:5
09:24:41.0 (1872547)|SYSTEM_MODE_EXIT|false
09:24:41.0 (1881471)|METHOD_EXIT|[1]|CloneQuote
09:24:41.0 (1886421)|HEAP_ALLOCATE|[EXTERNAL]|Bytes:4
09:24:41.0 (1894656)|SYSTEM_MODE_ENTER|false
09:24:41.0 (1900879)|VARIABLE_SCOPE_BEGIN|[34]|recordId|Id|false|false
09:24:41.0 (2214580)|VARIABLE_ASSIGNMENT|[34]|recordId|"0Q0f40000009e7gCAA"
09:24:41.0 (2237731)|HEAP_ALLOCATE|[35]|Bytes:5
09:24:41.0 (2243214)|STATEMENT_EXECUTE|[34]
09:24:41.0 (2245191)|STATEMENT_EXECUTE|[35]
09:24:41.0 (2247779)|HEAP_ALLOCATE|[35]|Bytes:82
09:24:41.0 (2269947)|HEAP_ALLOCATE|[35]|Bytes:4
09:24:41.0 (2283453)|HEAP_ALLOCATE|[35]|Bytes:7
09:24:41.0 (2718924)|SOQL_EXECUTE_BEGIN|[35]|Aggregations:0|SELECT Name, AccountId, OpportunityId, Pricebook2Id FROM Quote WHERE Id = :tmpVar1
09:24:41.0 (6900321)|SOQL_EXECUTE_END|[35]|Rows:1
09:24:41.0 (6924441)|HEAP_ALLOCATE|[35]|Bytes:8
09:24:41.0 (6940969)|HEAP_ALLOCATE|[35]|Bytes:144
09:24:41.0 (7037441)|HEAP_ALLOCATE|[35]|Bytes:8
09:24:41.0 (7054547)|HEAP_ALLOCATE|[35]|Bytes:31
09:24:41.0 (7109622)|HEAP_ALLOCATE|[35]|Bytes:24
09:24:41.0 (7120841)|VARIABLE_SCOPE_BEGIN|[35]|q|Quote|true|false
09:24:41.0 (7147961)|VARIABLE_ASSIGNMENT|[35]|q|{"Name":"QUOTE 2","AccountId":"001f400000IPlikAAD","OpportunityId":"006f400000AO4MJAA1","Pricebook2Id":"01sf4000003Vb8JAAS","Id":"0Q0f40000009e7gCAA"}|0xf352956
09:24:41.0 (7155412)|STATEMENT_EXECUTE|[36]
09:24:41.0 (7228725)|USER_DEBUG|[36]|DEBUG|Quote:{Name=QUOTE 2, AccountId=001f400000IPlikAAD, OpportunityId=006f400000AO4MJAA1, Pricebook2Id=01sf4000003Vb8JAAS, Id=0Q0f40000009e7gCAA}
09:24:41.0 (7240148)|STATEMENT_EXECUTE|[37]
09:24:41.0 (7248790)|SYSTEM_MODE_EXIT|false
09:24:41.7 (7273131)|CUMULATIVE_LIMIT_USAGE
09:24:41.7 (7273131)|LIMIT_USAGE_FOR_NS|(default)|
  Number of SOQL queries: 1 out of 100
  Number of query rows: 1 out of 50000
  Number of SOSL queries: 0 out of 20
  Number of DML statements: 0 out of 150
  Number of DML rows: 0 out of 10000
  Maximum CPU time: 0 out of 10000
  Maximum heap size: 0 out of 6000000
  Number of callouts: 0 out of 100
  Number of Email Invocations: 0 out of 10
  Number of future calls: 0 out of 50
  Number of queueable jobs added to the queue: 0 out of 50
  Number of Mobile Apex push calls: 0 out of 10

09:24:41.7 (7273131)|CUMULATIVE_LIMIT_USAGE_END

09:24:41.0 (7304837)|CODE_UNIT_FINISHED|CloneQuote.getQuote
09:24:41.0 (7363133)|CODE_UNIT_FINISHED|Aura
09:24:41.0 (8452705)|EXECUTION_FINISHED
