42.0 APEX_CODE,FINEST;APEX_PROFILING,INFO;CALLOUT,INFO;DB,INFO;SYSTEM,DEBUG;VALIDATION,INFO;VISUALFORCE,INFO;WAVE,INFO;WORKFLOW,INFO
Execute Anonymous: CloneQuote.cloneQuote('0Q0f40000009bwtCAA');
11:56:51.1 (1176260)|USER_INFO|[EXTERNAL]|005f4000001uuP2|nmolinam@deloitte.com|Hora de Venezuela|GMT-04:00
11:56:51.1 (1207747)|EXECUTION_STARTED
11:56:51.1 (1214268)|CODE_UNIT_STARTED|[EXTERNAL]|execute_anonymous_apex
11:56:51.1 (1401334)|HEAP_ALLOCATE|[72]|Bytes:3
11:56:51.1 (1469353)|HEAP_ALLOCATE|[77]|Bytes:152
11:56:51.1 (1492362)|HEAP_ALLOCATE|[342]|Bytes:408
11:56:51.1 (1515396)|HEAP_ALLOCATE|[355]|Bytes:408
11:56:51.1 (1536662)|HEAP_ALLOCATE|[467]|Bytes:48
11:56:51.1 (1572160)|HEAP_ALLOCATE|[139]|Bytes:6
11:56:51.1 (1595432)|HEAP_ALLOCATE|[EXTERNAL]|Bytes:1
11:56:51.1 (1698900)|STATEMENT_EXECUTE|[1]
11:56:51.1 (1702725)|STATEMENT_EXECUTE|[1]
11:56:51.1 (1707194)|HEAP_ALLOCATE|[1]|Bytes:18
11:56:51.1 (1724358)|HEAP_ALLOCATE|[1]|Bytes:4
11:56:51.1 (1790406)|HEAP_ALLOCATE|[50]|Bytes:5
11:56:51.1 (1815435)|HEAP_ALLOCATE|[56]|Bytes:5
11:56:51.1 (1828477)|HEAP_ALLOCATE|[64]|Bytes:7
11:56:51.1 (1860327)|SYSTEM_MODE_ENTER|false
11:56:51.1 (1882932)|HEAP_ALLOCATE|[1]|Bytes:5
11:56:51.1 (8819770)|HEAP_ALLOCATE|[1]|Bytes:1
11:56:51.1 (8887759)|METHOD_ENTRY|[1]|01pf4000009Vx35|CloneQuote.CloneQuote()
11:56:51.1 (8900466)|STATEMENT_EXECUTE|[1]
11:56:51.1 (8908209)|STATEMENT_EXECUTE|[1]
11:56:51.1 (8925330)|HEAP_ALLOCATE|[1]|Bytes:5
11:56:51.1 (8957039)|METHOD_EXIT|[1]|CloneQuote
11:56:51.1 (9018646)|METHOD_ENTRY|[1]|01pf4000009Vx35|CloneQuote.cloneQuote(Id)
11:56:51.1 (9097897)|VARIABLE_SCOPE_BEGIN|[3]|quoteId|Id|false|false
11:56:51.1 (9336439)|VARIABLE_ASSIGNMENT|[3]|quoteId|"0Q0f40000009bwtCAA"
11:56:51.1 (9361985)|HEAP_ALLOCATE|[6]|Bytes:5
11:56:51.1 (9370972)|STATEMENT_EXECUTE|[3]
11:56:51.1 (9373815)|STATEMENT_EXECUTE|[4]
11:56:51.1 (9377520)|HEAP_ALLOCATE|[6]|Bytes:95
11:56:51.1 (9392901)|HEAP_ALLOCATE|[6]|Bytes:4
11:56:51.1 (9415963)|HEAP_ALLOCATE|[6]|Bytes:7
11:56:51.1 (9749362)|SOQL_EXECUTE_BEGIN|[6]|Aggregations:1|SELECT Name, OPPORTUNITYiD, (SELECT QuoteId FROM QuoteLineItems) FROM QUOTE WHERE ID = :tmpVar1
11:56:51.1 (14064555)|SOQL_EXECUTE_END|[6]|Rows:1
11:56:51.1 (14102113)|HEAP_ALLOCATE|[6]|Bytes:8
11:56:51.1 (14120904)|HEAP_ALLOCATE|[6]|Bytes:213
11:56:51.1 (14202645)|HEAP_ALLOCATE|[6]|Bytes:8
11:56:51.1 (14215636)|HEAP_ALLOCATE|[4]|Bytes:31
11:56:51.1 (14245452)|HEAP_ALLOCATE|[4]|Bytes:20
11:56:51.1 (14253900)|VARIABLE_SCOPE_BEGIN|[4]|q1|Quote|true|false
11:56:51.1 (14289973)|VARIABLE_ASSIGNMENT|[4]|q1|{"Name":"QUOTE 2","OpportunityId":"006f400000AO4MJAA1","Id":"0Q0f40000009bwtCAA","QuoteLineItems":[{"QuoteId":"0Q0f40000009bwtCAA","Id":"0QLf4000000sNKqGAM"},{"QuoteId":"0Q0f40000009bwtCAA","Id":"0QLf4000000sNKrGAM"}]}|0x52183a0b
11:56:51.1 (14300872)|STATEMENT_EXECUTE|[10]
11:56:51.1 (14304961)|VARIABLE_SCOPE_BEGIN|[10]|q2|Quote|true|false
11:56:51.1 (14319125)|VARIABLE_ASSIGNMENT|[10]|q2|{"Name":"QUOTE 2","OpportunityId":"006f400000AO4MJAA1","Id":"0Q0f40000009bwtCAA","QuoteLineItems":[{"QuoteId":"0Q0f40000009bwtCAA","Id":"0QLf4000000sNKqGAM"},{"QuoteId":"0Q0f40000009bwtCAA","Id":"0QLf4000000sNKrGAM"}]}|0x52183a0b
11:56:51.1 (14325988)|STATEMENT_EXECUTE|[12]
11:56:51.1 (14329890)|HEAP_ALLOCATE|[12]|Bytes:14
11:56:51.1 (14334368)|HEAP_ALLOCATE|[12]|Bytes:13
11:56:51.1 (14372913)|HEAP_ALLOCATE|[EXTERNAL]|Bytes:12
11:56:51.1 (14421148)|HEAP_ALLOCATE|[12]|Bytes:12
11:56:51.1 (14449383)|VARIABLE_SCOPE_BEGIN|[12]|items|List<QuoteLineItem>|true|false
11:56:51.1 (14473702)|VARIABLE_ASSIGNMENT|[12]|items|[{"QuoteId":"0Q0f40000009bwtCAA","Id":"0QLf4000000sNKqGAM"},{"QuoteId":"0Q0f40000009bwtCAA","Id":"0QLf4000000sNKrGAM"}]|0x2f1c26dd
11:56:51.1 (14480074)|STATEMENT_EXECUTE|[16]
11:56:51.1 (14519520)|VARIABLE_ASSIGNMENT|[16]|this.Id|null|0x52183a0b
11:56:51.1 (14526140)|STATEMENT_EXECUTE|[17]
11:56:51.1 (14551444)|HEAP_ALLOCATE|[17]|Bytes:8
11:56:51.1 (14562891)|DML_BEGIN|[17]|Op:Insert|Type:Quote|Rows:1
11:56:51.1 (14596032)|HEAP_ALLOCATE|[EXTERNAL]|Bytes:8
11:56:51.1 (61459494)|DML_END|[17]
11:56:51.1 (61699494)|HEAP_ALLOCATE|[18]|Bytes:5
11:56:51.1 (61729739)|HEAP_ALLOCATE|[18]|Bytes:12
11:56:51.1 (61740695)|VARIABLE_SCOPE_BEGIN|[18]|i|QuoteLineItem|true|false
11:56:51.1 (61771798)|VARIABLE_ASSIGNMENT|[18]|i|{"QuoteId":"0Q0f40000009bwtCAA","Id":"0QLf4000000sNKqGAM"}|0x275a0bc2
11:56:51.1 (61779915)|STATEMENT_EXECUTE|[18]
11:56:51.1 (61782079)|STATEMENT_EXECUTE|[19]
11:56:51.1 (62135710)|HEAP_ALLOCATE|[19]|Bytes:49
11:56:51.1 (62167360)|METHOD_EXIT|[1]|01pf4000009Vx35|CloneQuote.cloneQuote(Id)
11:56:51.1 (62177421)|SYSTEM_MODE_EXIT|false
11:56:51.1 (62271362)|FATAL_ERROR|System.SObjectException: Field is not writeable: QuoteLineItem.QuoteId

Class.CloneQuote.cloneQuote: line 19, column 1
AnonymousBlock: line 1, column 1
AnonymousBlock: line 1, column 1
11:56:51.62 (62311069)|CUMULATIVE_LIMIT_USAGE
11:56:51.62 (62311069)|LIMIT_USAGE_FOR_NS|(default)|
  Number of SOQL queries: 1 out of 100
  Number of query rows: 3 out of 50000
  Number of SOSL queries: 0 out of 20
  Number of DML statements: 1 out of 150
  Number of DML rows: 1 out of 10000
  Maximum CPU time: 0 out of 10000
  Maximum heap size: 0 out of 6000000
  Number of callouts: 0 out of 100
  Number of Email Invocations: 0 out of 10
  Number of future calls: 0 out of 50
  Number of queueable jobs added to the queue: 0 out of 50
  Number of Mobile Apex push calls: 0 out of 10

11:56:51.62 (62311069)|CUMULATIVE_LIMIT_USAGE_END

11:56:51.1 (62348340)|CODE_UNIT_FINISHED|execute_anonymous_apex
11:56:51.1 (63544807)|EXECUTION_FINISHED
