42.0 APEX_CODE,FINEST;APEX_PROFILING,INFO;CALLOUT,INFO;DB,INFO;SYSTEM,DEBUG;VALIDATION,INFO;VISUALFORCE,INFO;WAVE,INFO;WORKFLOW,INFO
15:38:20.0 (62541)|USER_INFO|[EXTERNAL]|005f4000001uuP2|nmolinam@deloitte.com|Hora de Venezuela|GMT-04:00
15:38:20.0 (240502)|EXECUTION_STARTED
15:38:20.0 (245304)|CODE_UNIT_STARTED|[EXTERNAL]|Aura
15:38:20.0 (810808)|HEAP_ALLOCATE|[72]|Bytes:3
15:38:20.0 (871801)|HEAP_ALLOCATE|[77]|Bytes:152
15:38:20.0 (885454)|HEAP_ALLOCATE|[342]|Bytes:408
15:38:20.0 (897428)|HEAP_ALLOCATE|[355]|Bytes:408
15:38:20.0 (908061)|HEAP_ALLOCATE|[467]|Bytes:48
15:38:20.0 (959395)|HEAP_ALLOCATE|[139]|Bytes:6
15:38:20.0 (974428)|HEAP_ALLOCATE|[EXTERNAL]|Bytes:18
15:38:20.0 (997605)|HEAP_ALLOCATE|[EXTERNAL]|Bytes:4
15:38:20.0 (1787735)|CODE_UNIT_STARTED|[EXTERNAL]|01pf4000009Vx35|CloneQuote.cloneQuote
15:38:20.0 (1895919)|HEAP_ALLOCATE|[EXTERNAL]|Bytes:1
15:38:20.0 (1925105)|METHOD_ENTRY|[1]|01pf4000009Vx35|CloneQuote.CloneQuote()
15:38:20.0 (1933096)|STATEMENT_EXECUTE|[1]
15:38:20.0 (1938655)|STATEMENT_EXECUTE|[1]
15:38:20.0 (1968490)|HEAP_ALLOCATE|[50]|Bytes:5
15:38:20.0 (2000702)|HEAP_ALLOCATE|[56]|Bytes:5
15:38:20.0 (2009083)|HEAP_ALLOCATE|[64]|Bytes:7
15:38:20.0 (2031041)|SYSTEM_MODE_ENTER|false
15:38:20.0 (2118869)|HEAP_ALLOCATE|[EXTERNAL]|Bytes:5
15:38:20.0 (2126614)|SYSTEM_MODE_EXIT|false
15:38:20.0 (2147379)|METHOD_EXIT|[1]|CloneQuote
15:38:20.0 (2153277)|HEAP_ALLOCATE|[EXTERNAL]|Bytes:4
15:38:20.0 (2162714)|SYSTEM_MODE_ENTER|false
15:38:20.0 (2169422)|VARIABLE_SCOPE_BEGIN|[3]|quoteId|Id|false|false
15:38:20.0 (2413463)|VARIABLE_ASSIGNMENT|[3]|quoteId|"0Q0f40000009kKqCAI"
15:38:20.0 (2435395)|HEAP_ALLOCATE|[6]|Bytes:5
15:38:20.0 (2441357)|STATEMENT_EXECUTE|[3]
15:38:20.0 (2443268)|STATEMENT_EXECUTE|[4]
15:38:20.0 (2446315)|HEAP_ALLOCATE|[6]|Bytes:183
15:38:20.0 (2461810)|HEAP_ALLOCATE|[6]|Bytes:4
15:38:20.0 (2483717)|HEAP_ALLOCATE|[6]|Bytes:7
15:38:20.0 (18751586)|SOQL_EXECUTE_BEGIN|[6]|Aggregations:1|SELECT Name, OPPORTUNITYiD, Pricebook2Id, (SELECT QuoteId, Description, Discount, PricebookEntryId, Quantity, Product2Id, UnitPrice FROM QuoteLineItems) FROM QUOTE WHERE ID = :tmpVar1
15:38:20.0 (23600225)|SOQL_EXECUTE_END|[6]|Rows:1
15:38:20.0 (23634337)|HEAP_ALLOCATE|[6]|Bytes:8
15:38:20.0 (23655964)|HEAP_ALLOCATE|[6]|Bytes:113
15:38:20.0 (23779724)|HEAP_ALLOCATE|[6]|Bytes:8
15:38:20.0 (23794744)|HEAP_ALLOCATE|[4]|Bytes:31
15:38:20.0 (23842440)|HEAP_ALLOCATE|[4]|Bytes:20
15:38:20.0 (23852425)|VARIABLE_SCOPE_BEGIN|[4]|q1|Quote|true|false
15:38:20.0 (23888644)|VARIABLE_ASSIGNMENT|[4]|q1|{"Name":"QUOTE 2","OpportunityId":"006f400000AO4MJAA1","Pricebook2Id":"01sf4000003Vb8JAAS","Id":"0Q0f40000009kKqCAI"}|0x2b86f910
15:38:20.0 (23897141)|STATEMENT_EXECUTE|[11]
15:38:20.0 (24037900)|HEAP_ALLOCATE|[11]|Bytes:88
15:38:20.0 (24044435)|HEAP_ALLOCATE|[11]|Bytes:16
15:38:20.0 (24100973)|VARIABLE_SCOPE_BEGIN|[11]|q2|Quote|true|false
15:38:20.0 (24126415)|VARIABLE_ASSIGNMENT|[11]|q2|{"Name":"QUOTE 2","OpportunityId":"006f400000AO4MJAA1","Pricebook2Id":"01sf4000003Vb8JAAS"}|0x61b5df8f
15:38:20.0 (24134404)|STATEMENT_EXECUTE|[12]
15:38:20.0 (24214139)|VARIABLE_ASSIGNMENT|[12]|this.Pricebook2Id|"01sf4000003Vb8JAAS"|0x61b5df8f
15:38:20.0 (24236073)|STATEMENT_EXECUTE|[14]
15:38:20.0 (24261555)|HEAP_ALLOCATE|[14]|Bytes:8
15:38:20.0 (24269565)|DML_BEGIN|[14]|Op:Insert|Type:Quote|Rows:1
15:38:20.0 (24303550)|HEAP_ALLOCATE|[EXTERNAL]|Bytes:8
15:38:20.0 (58950319)|DML_END|[14]
15:38:20.0 (58967827)|HEAP_ALLOCATE|[14]|Bytes:-4
15:38:20.0 (59004309)|STATEMENT_EXECUTE|[15]
15:38:20.0 (59038540)|VARIABLE_SCOPE_BEGIN|[15]|idQuote|Id|false|false
15:38:20.0 (59115067)|VARIABLE_ASSIGNMENT|[15]|idQuote|"0Q0f40000009kM8CAI"
15:38:20.0 (59121716)|STATEMENT_EXECUTE|[18]
15:38:20.0 (59127283)|HEAP_ALLOCATE|[18]|Bytes:14
15:38:20.0 (59135321)|HEAP_ALLOCATE|[18]|Bytes:13
15:38:20.0 (59179854)|HEAP_ALLOCATE|[EXTERNAL]|Bytes:4
15:38:20.0 (59255567)|HEAP_ALLOCATE|[18]|Bytes:4
15:38:20.0 (59268081)|VARIABLE_SCOPE_BEGIN|[18]|items|List<QuoteLineItem>|true|false
15:38:20.0 (59285296)|VARIABLE_ASSIGNMENT|[18]|items|[]|0x2f83d0a
15:38:20.0 (59513619)|HEAP_ALLOCATE|[20]|Bytes:5
15:38:20.0 (59532669)|VARIABLE_ASSIGNMENT|[20]|i|null|
15:38:20.0 (59539642)|STATEMENT_EXECUTE|[20]
15:38:20.0 (59550609)|SYSTEM_MODE_EXIT|false
15:38:20.63 (63543220)|CUMULATIVE_LIMIT_USAGE
15:38:20.63 (63543220)|LIMIT_USAGE_FOR_NS|(default)|
  Number of SOQL queries: 1 out of 100
  Number of query rows: 1 out of 50000
  Number of SOSL queries: 0 out of 20
  Number of DML statements: 1 out of 150
  Number of DML rows: 1 out of 10000
  Maximum CPU time: 0 out of 10000
  Maximum heap size: 0 out of 6000000
  Number of callouts: 0 out of 100
  Number of Email Invocations: 0 out of 10
  Number of future calls: 0 out of 50
  Number of queueable jobs added to the queue: 0 out of 50
  Number of Mobile Apex push calls: 0 out of 10

15:38:20.63 (63543220)|CUMULATIVE_LIMIT_USAGE_END

15:38:20.0 (63575294)|CODE_UNIT_FINISHED|CloneQuote.cloneQuote
15:38:20.0 (63646045)|CODE_UNIT_FINISHED|Aura
15:38:20.0 (64441948)|EXECUTION_FINISHED
