42.0 APEX_CODE,FINEST;APEX_PROFILING,INFO;CALLOUT,INFO;DB,INFO;SYSTEM,DEBUG;VALIDATION,INFO;VISUALFORCE,INFO;WAVE,INFO;WORKFLOW,INFO
Execute Anonymous: CloneQuote.cloneQuote('0Q0f40000009bwtCAA');
12:37:06.1 (1710716)|USER_INFO|[EXTERNAL]|005f4000001uuP2|nmolinam@deloitte.com|Hora de Venezuela|GMT-04:00
12:37:06.1 (1736207)|EXECUTION_STARTED
12:37:06.1 (1740781)|CODE_UNIT_STARTED|[EXTERNAL]|execute_anonymous_apex
12:37:06.1 (1935526)|HEAP_ALLOCATE|[72]|Bytes:3
12:37:06.1 (1991384)|HEAP_ALLOCATE|[77]|Bytes:152
12:37:06.1 (2007530)|HEAP_ALLOCATE|[342]|Bytes:408
12:37:06.1 (2022752)|HEAP_ALLOCATE|[355]|Bytes:408
12:37:06.1 (2034008)|HEAP_ALLOCATE|[467]|Bytes:48
12:37:06.1 (2061919)|HEAP_ALLOCATE|[139]|Bytes:6
12:37:06.1 (2079415)|HEAP_ALLOCATE|[EXTERNAL]|Bytes:1
12:37:06.1 (2207596)|STATEMENT_EXECUTE|[1]
12:37:06.1 (2210476)|STATEMENT_EXECUTE|[1]
12:37:06.1 (2213816)|HEAP_ALLOCATE|[1]|Bytes:18
12:37:06.1 (2230225)|HEAP_ALLOCATE|[1]|Bytes:4
12:37:06.1 (2281430)|HEAP_ALLOCATE|[50]|Bytes:5
12:37:06.1 (2303420)|HEAP_ALLOCATE|[56]|Bytes:5
12:37:06.1 (2310600)|HEAP_ALLOCATE|[64]|Bytes:7
12:37:06.1 (2337267)|SYSTEM_MODE_ENTER|false
12:37:06.1 (2463783)|HEAP_ALLOCATE|[1]|Bytes:5
12:37:06.1 (10604172)|HEAP_ALLOCATE|[1]|Bytes:1
12:37:06.1 (10644000)|METHOD_ENTRY|[1]|01pf4000009Vx35|CloneQuote.CloneQuote()
12:37:06.1 (10652344)|STATEMENT_EXECUTE|[1]
12:37:06.1 (10657450)|STATEMENT_EXECUTE|[1]
12:37:06.1 (10669779)|HEAP_ALLOCATE|[1]|Bytes:5
12:37:06.1 (10690536)|METHOD_EXIT|[1]|CloneQuote
12:37:06.1 (10732475)|METHOD_ENTRY|[1]|01pf4000009Vx35|CloneQuote.cloneQuote(Id)
12:37:06.1 (10769689)|VARIABLE_SCOPE_BEGIN|[3]|quoteId|Id|false|false
12:37:06.1 (10903924)|VARIABLE_ASSIGNMENT|[3]|quoteId|"0Q0f40000009bwtCAA"
12:37:06.1 (10924415)|HEAP_ALLOCATE|[6]|Bytes:5
12:37:06.1 (10930974)|STATEMENT_EXECUTE|[3]
12:37:06.1 (10932868)|STATEMENT_EXECUTE|[4]
12:37:06.1 (10936102)|HEAP_ALLOCATE|[6]|Bytes:95
12:37:06.1 (10954705)|HEAP_ALLOCATE|[6]|Bytes:4
12:37:06.1 (10976009)|HEAP_ALLOCATE|[6]|Bytes:7
12:37:06.1 (11411208)|SOQL_EXECUTE_BEGIN|[6]|Aggregations:1|SELECT Name, OPPORTUNITYiD, (SELECT QuoteId FROM QuoteLineItems) FROM QUOTE WHERE ID = :tmpVar1
12:37:06.1 (27480250)|SOQL_EXECUTE_END|[6]|Rows:1
12:37:06.1 (27513619)|HEAP_ALLOCATE|[6]|Bytes:8
12:37:06.1 (27537177)|HEAP_ALLOCATE|[6]|Bytes:213
12:37:06.1 (27640918)|HEAP_ALLOCATE|[6]|Bytes:8
12:37:06.1 (27656103)|HEAP_ALLOCATE|[4]|Bytes:31
12:37:06.1 (27707248)|HEAP_ALLOCATE|[4]|Bytes:20
12:37:06.1 (27715860)|VARIABLE_SCOPE_BEGIN|[4]|q1|Quote|true|false
12:37:06.1 (27748080)|VARIABLE_ASSIGNMENT|[4]|q1|{"Name":"QUOTE 2","OpportunityId":"006f400000AO4MJAA1","Id":"0Q0f40000009bwtCAA","QuoteLineItems":[{"QuoteId":"0Q0f40000009bwtCAA","Id":"0QLf4000000sNKqGAM"},{"QuoteId":"0Q0f40000009bwtCAA","Id":"0QLf4000000sNKrGAM"}]}|0x440c2583
12:37:06.1 (27756466)|STATEMENT_EXECUTE|[10]
12:37:06.1 (27864620)|HEAP_ALLOCATE|[10]|Bytes:188
12:37:06.1 (27871378)|HEAP_ALLOCATE|[10]|Bytes:16
12:37:06.1 (27910995)|VARIABLE_SCOPE_BEGIN|[10]|q2|Quote|true|false
12:37:06.1 (27930466)|VARIABLE_ASSIGNMENT|[10]|q2|{"Name":"QUOTE 2","OpportunityId":"006f400000AO4MJAA1","QuoteLineItems":[{"QuoteId":"0Q0f40000009bwtCAA","Id":"0QLf4000000sNKqGAM"},{"QuoteId":"0Q0f40000009bwtCAA","Id":"0QLf4000000sNKrGAM"}]}|0x20a9bdd1
12:37:06.1 (27938466)|STATEMENT_EXECUTE|[11]
12:37:06.1 (27962558)|HEAP_ALLOCATE|[11]|Bytes:8
12:37:06.1 (27974599)|DML_BEGIN|[11]|Op:Insert|Type:Quote|Rows:1
12:37:06.1 (28001732)|HEAP_ALLOCATE|[EXTERNAL]|Bytes:8
12:37:06.1 (79631625)|DML_END|[11]
12:37:06.1 (79648978)|HEAP_ALLOCATE|[11]|Bytes:-4
12:37:06.1 (79688521)|METHOD_EXIT|[1]|01pf4000009Vx35|CloneQuote.cloneQuote(Id)
12:37:06.1 (79699134)|SYSTEM_MODE_EXIT|false
12:37:06.84 (84959004)|CUMULATIVE_LIMIT_USAGE
12:37:06.84 (84959004)|LIMIT_USAGE_FOR_NS|(default)|
  Number of SOQL queries: 1 out of 100
  Number of query rows: 3 out of 50000
  Number of SOSL queries: 0 out of 20
  Number of DML statements: 1 out of 150
  Number of DML rows: 1 out of 10000
  Maximum CPU time: 0 out of 10000
  Maximum heap size: 0 out of 6000000
  Number of callouts: 0 out of 100
  Number of Email Invocations: 0 out of 10
  Number of future calls: 0 out of 50
  Number of queueable jobs added to the queue: 0 out of 50
  Number of Mobile Apex push calls: 0 out of 10

12:37:06.84 (84959004)|CUMULATIVE_LIMIT_USAGE_END

12:37:06.1 (85005535)|CODE_UNIT_FINISHED|execute_anonymous_apex
12:37:06.1 (85811646)|EXECUTION_FINISHED
