42.0 APEX_CODE,FINEST;APEX_PROFILING,INFO;CALLOUT,INFO;DB,INFO;SYSTEM,DEBUG;VALIDATION,INFO;VISUALFORCE,INFO;WAVE,INFO;WORKFLOW,INFO
15:09:45.0 (60380)|USER_INFO|[EXTERNAL]|005f4000001uuP2|nmolinam@deloitte.com|Hora de Venezuela|GMT-04:00
15:09:45.0 (109491)|EXECUTION_STARTED
15:09:45.0 (115522)|CODE_UNIT_STARTED|[EXTERNAL]|Aura
15:09:45.0 (620403)|HEAP_ALLOCATE|[72]|Bytes:3
15:09:45.0 (654951)|HEAP_ALLOCATE|[77]|Bytes:152
15:09:45.0 (675649)|HEAP_ALLOCATE|[342]|Bytes:408
15:09:45.0 (690395)|HEAP_ALLOCATE|[355]|Bytes:408
15:09:45.0 (703095)|HEAP_ALLOCATE|[467]|Bytes:48
15:09:45.0 (729055)|HEAP_ALLOCATE|[139]|Bytes:6
15:09:45.0 (743777)|HEAP_ALLOCATE|[EXTERNAL]|Bytes:18
15:09:45.0 (753548)|HEAP_ALLOCATE|[EXTERNAL]|Bytes:4
15:09:45.0 (1512545)|CODE_UNIT_STARTED|[EXTERNAL]|01pf4000009Vx35|CloneQuote.cloneQuote
15:09:45.0 (1620547)|HEAP_ALLOCATE|[EXTERNAL]|Bytes:1
15:09:45.0 (1633964)|METHOD_ENTRY|[1]|01pf4000009Vx35|CloneQuote.CloneQuote()
15:09:45.0 (1640813)|STATEMENT_EXECUTE|[1]
15:09:45.0 (1646190)|STATEMENT_EXECUTE|[1]
15:09:45.0 (1681730)|HEAP_ALLOCATE|[50]|Bytes:5
15:09:45.0 (1703387)|HEAP_ALLOCATE|[56]|Bytes:5
15:09:45.0 (1712051)|HEAP_ALLOCATE|[64]|Bytes:7
15:09:45.0 (1734479)|SYSTEM_MODE_ENTER|false
15:09:45.0 (1746667)|HEAP_ALLOCATE|[EXTERNAL]|Bytes:5
15:09:45.0 (1754408)|SYSTEM_MODE_EXIT|false
15:09:45.0 (1763186)|METHOD_EXIT|[1]|CloneQuote
15:09:45.0 (1769391)|HEAP_ALLOCATE|[EXTERNAL]|Bytes:4
15:09:45.0 (1777472)|SYSTEM_MODE_ENTER|false
15:09:45.0 (1784538)|VARIABLE_SCOPE_BEGIN|[3]|quoteId|Id|false|false
15:09:45.0 (2016704)|VARIABLE_ASSIGNMENT|[3]|quoteId|"0Q0f40000009kKqCAI"
15:09:45.0 (2038919)|HEAP_ALLOCATE|[6]|Bytes:5
15:09:45.0 (2045273)|STATEMENT_EXECUTE|[3]
15:09:45.0 (2047341)|STATEMENT_EXECUTE|[4]
15:09:45.0 (2050761)|HEAP_ALLOCATE|[6]|Bytes:183
15:09:45.0 (2070196)|HEAP_ALLOCATE|[6]|Bytes:4
15:09:45.0 (2082290)|HEAP_ALLOCATE|[6]|Bytes:7
15:09:45.0 (2829066)|SOQL_EXECUTE_BEGIN|[6]|Aggregations:1|SELECT Name, OPPORTUNITYiD, Pricebook2Id, (SELECT QuoteId, Description, Discount, PricebookEntryId, Quantity, Product2Id, UnitPrice FROM QuoteLineItems) FROM QUOTE WHERE ID = :tmpVar1
15:09:45.0 (7563364)|SOQL_EXECUTE_END|[6]|Rows:1
15:09:45.0 (7594998)|HEAP_ALLOCATE|[6]|Bytes:8
15:09:45.0 (7620417)|HEAP_ALLOCATE|[6]|Bytes:113
15:09:45.0 (7735181)|HEAP_ALLOCATE|[6]|Bytes:8
15:09:45.0 (7750332)|HEAP_ALLOCATE|[4]|Bytes:31
15:09:45.0 (7796361)|HEAP_ALLOCATE|[4]|Bytes:20
15:09:45.0 (7805753)|VARIABLE_SCOPE_BEGIN|[4]|q1|Quote|true|false
15:09:45.0 (7832797)|VARIABLE_ASSIGNMENT|[4]|q1|{"Name":"QUOTE 2","OpportunityId":"006f400000AO4MJAA1","Pricebook2Id":"01sf4000003Vb8JAAS","Id":"0Q0f40000009kKqCAI"}|0x39fbbaac
15:09:45.0 (7840620)|STATEMENT_EXECUTE|[11]
15:09:45.0 (7928146)|HEAP_ALLOCATE|[11]|Bytes:88
15:09:45.0 (7934280)|HEAP_ALLOCATE|[11]|Bytes:16
15:09:45.0 (7952638)|VARIABLE_SCOPE_BEGIN|[11]|q2|Quote|true|false
15:09:45.0 (7975441)|VARIABLE_ASSIGNMENT|[11]|q2|{"Name":"QUOTE 2","OpportunityId":"006f400000AO4MJAA1","Pricebook2Id":"01sf4000003Vb8JAAS"}|0x3058f203
15:09:45.0 (7986108)|STATEMENT_EXECUTE|[12]
15:09:45.0 (8063385)|VARIABLE_ASSIGNMENT|[12]|this.Pricebook2Id|"01sf4000003Vb8JAAS"|0x3058f203
15:09:45.0 (8072774)|STATEMENT_EXECUTE|[14]
15:09:45.0 (8097920)|HEAP_ALLOCATE|[14]|Bytes:8
15:09:45.0 (8106825)|DML_BEGIN|[14]|Op:Insert|Type:Quote|Rows:1
15:09:45.0 (8136024)|HEAP_ALLOCATE|[EXTERNAL]|Bytes:8
15:09:45.0 (40277713)|DML_END|[14]
15:09:45.0 (40295388)|HEAP_ALLOCATE|[14]|Bytes:-4
15:09:45.0 (40315553)|STATEMENT_EXECUTE|[15]
15:09:45.0 (40344608)|VARIABLE_SCOPE_BEGIN|[15]|idQuote|Id|false|false
15:09:45.0 (40423018)|VARIABLE_ASSIGNMENT|[15]|idQuote|"0Q0f40000009kL0CAI"
15:09:45.0 (40431125)|STATEMENT_EXECUTE|[18]
15:09:45.0 (40436976)|HEAP_ALLOCATE|[18]|Bytes:14
15:09:45.0 (40444089)|HEAP_ALLOCATE|[18]|Bytes:13
15:09:45.0 (40482628)|HEAP_ALLOCATE|[EXTERNAL]|Bytes:4
15:09:45.0 (40546126)|HEAP_ALLOCATE|[18]|Bytes:4
15:09:45.0 (40560351)|VARIABLE_SCOPE_BEGIN|[18]|items|List<QuoteLineItem>|true|false
15:09:45.0 (40578290)|VARIABLE_ASSIGNMENT|[18]|items|[]|0x731b6ca6
15:09:45.0 (40783615)|HEAP_ALLOCATE|[20]|Bytes:5
15:09:45.0 (40804031)|VARIABLE_ASSIGNMENT|[20]|i|null|
15:09:45.0 (40810066)|STATEMENT_EXECUTE|[20]
15:09:45.0 (40819797)|SYSTEM_MODE_EXIT|false
15:09:45.44 (44962694)|CUMULATIVE_LIMIT_USAGE
15:09:45.44 (44962694)|LIMIT_USAGE_FOR_NS|(default)|
  Number of SOQL queries: 1 out of 100
  Number of query rows: 1 out of 50000
  Number of SOSL queries: 0 out of 20
  Number of DML statements: 1 out of 150
  Number of DML rows: 1 out of 10000
  Maximum CPU time: 0 out of 10000
  Maximum heap size: 0 out of 6000000
  Number of callouts: 0 out of 100
  Number of Email Invocations: 0 out of 10
  Number of future calls: 0 out of 50
  Number of queueable jobs added to the queue: 0 out of 50
  Number of Mobile Apex push calls: 0 out of 10

15:09:45.44 (44962694)|CUMULATIVE_LIMIT_USAGE_END

15:09:45.0 (44999238)|CODE_UNIT_FINISHED|CloneQuote.cloneQuote
15:09:45.0 (45065367)|CODE_UNIT_FINISHED|Aura
15:09:45.0 (45875011)|EXECUTION_FINISHED
