42.0 APEX_CODE,FINEST;APEX_PROFILING,INFO;CALLOUT,INFO;DB,INFO;SYSTEM,DEBUG;VALIDATION,INFO;VISUALFORCE,INFO;WAVE,INFO;WORKFLOW,INFO
09:42:56.0 (59208)|USER_INFO|[EXTERNAL]|005f4000001uuP2|nmolinam@deloitte.com|Hora de Venezuela|GMT-04:00
09:42:56.0 (204009)|EXECUTION_STARTED
09:42:56.0 (208662)|CODE_UNIT_STARTED|[EXTERNAL]|VisualForce View State
09:42:56.0 (6100608)|CODE_UNIT_FINISHED|VisualForce View State
09:42:56.0 (7495589)|EXECUTION_FINISHED
09:42:56.9 (9178172)|USER_INFO|[EXTERNAL]|005f4000001uuP2|nmolinam@deloitte.com|Hora de Venezuela|GMT-04:00
09:42:56.9 (9194565)|EXECUTION_STARTED
09:42:56.9 (9197876)|CODE_UNIT_STARTED|[EXTERNAL]|VF: /apex/editStaticResource.apexp
09:42:56.9 (10358345)|HEAP_ALLOCATE|[EXTERNAL]|Bytes:-4
09:42:56.10 (10498205)|HEAP_ALLOCATE|[EXTERNAL]|Bytes:-4
09:42:56.11 (11627582)|HEAP_ALLOCATE|[EXTERNAL]|Bytes:-4
09:42:56.11 (11718426)|HEAP_ALLOCATE|[EXTERNAL]|Bytes:-4
09:42:56.11 (11989670)|SYSTEM_MODE_ENTER|false
09:42:56.11 (516335167)|HEAP_ALLOCATE|[EXTERNAL]|Bytes:-4
09:42:56.518 (518110750)|CUMULATIVE_LIMIT_USAGE
09:42:56.518 (518110750)|LIMIT_USAGE_FOR_NS|(default)|
  Number of SOQL queries: 0 out of 100
  Number of query rows: 0 out of 50000
  Number of SOSL queries: 0 out of 20
  Number of DML statements: 0 out of 150
  Number of DML rows: 0 out of 10000
  Maximum CPU time: 0 out of 10000
  Maximum heap size: 0 out of 6000000
  Number of callouts: 0 out of 100
  Number of Email Invocations: 0 out of 10
  Number of future calls: 0 out of 50
  Number of queueable jobs added to the queue: 0 out of 50
  Number of Mobile Apex push calls: 0 out of 10

09:42:56.518 (518110750)|CUMULATIVE_LIMIT_USAGE_END

09:42:56.9 (518165334)|CODE_UNIT_FINISHED|VF: /apex/editStaticResource.apexp
09:42:56.9 (518994165)|EXECUTION_FINISHED
