42.0 APEX_CODE,FINEST;APEX_PROFILING,INFO;CALLOUT,INFO;DB,INFO;SYSTEM,DEBUG;VALIDATION,INFO;VISUALFORCE,INFO;WAVE,INFO;WORKFLOW,INFO
14:32:03.0 (86835)|USER_INFO|[EXTERNAL]|005f4000001uuP2|nmolinam@deloitte.com|Hora de Venezuela|GMT-04:00
14:32:03.0 (122254)|EXECUTION_STARTED
14:32:03.0 (126463)|CODE_UNIT_STARTED|[EXTERNAL]|Aura
14:32:03.0 (1613273)|CODE_UNIT_STARTED|[EXTERNAL]|01pf4000008WnsX|ViewQuotePDF.getPDF
14:32:03.0 (1770099)|HEAP_ALLOCATE|[72]|Bytes:3
14:32:03.0 (1803138)|HEAP_ALLOCATE|[77]|Bytes:152
14:32:03.0 (1815475)|HEAP_ALLOCATE|[342]|Bytes:408
14:32:03.0 (1826869)|HEAP_ALLOCATE|[355]|Bytes:408
14:32:03.0 (1837410)|HEAP_ALLOCATE|[467]|Bytes:48
14:32:03.0 (1865830)|HEAP_ALLOCATE|[139]|Bytes:6
14:32:03.0 (1917674)|HEAP_ALLOCATE|[EXTERNAL]|Bytes:4
14:32:03.0 (1923978)|HEAP_ALLOCATE|[EXTERNAL]|Bytes:5
14:32:03.0 (1932370)|METHOD_ENTRY|[1]|01pf4000008WnsX|ViewQuotePDF.ViewQuotePDF()
14:32:03.0 (1939604)|STATEMENT_EXECUTE|[1]
14:32:03.0 (1943577)|STATEMENT_EXECUTE|[1]
14:32:03.0 (1971210)|HEAP_ALLOCATE|[50]|Bytes:5
14:32:03.0 (1987975)|HEAP_ALLOCATE|[56]|Bytes:5
14:32:03.0 (1995081)|HEAP_ALLOCATE|[64]|Bytes:7
14:32:03.0 (2016267)|SYSTEM_MODE_ENTER|false
14:32:03.0 (2028427)|HEAP_ALLOCATE|[EXTERNAL]|Bytes:5
14:32:03.0 (2036053)|SYSTEM_MODE_EXIT|false
14:32:03.0 (2044224)|METHOD_EXIT|[1]|ViewQuotePDF
14:32:03.0 (2055198)|SYSTEM_MODE_ENTER|false
14:32:03.0 (2067001)|HEAP_ALLOCATE|[4]|Bytes:5
14:32:03.0 (2072496)|STATEMENT_EXECUTE|[3]
14:32:03.0 (2074488)|STATEMENT_EXECUTE|[4]
14:32:03.0 (2151045)|HEAP_ALLOCATE|[4]|Bytes:4
14:32:03.0 (2224888)|VARIABLE_SCOPE_BEGIN|[4]|quotes|List<Quote>|true|false
14:32:03.0 (2238740)|HEAP_ALLOCATE|[EXTERNAL]|Bytes:4
14:32:03.0 (2264442)|VARIABLE_ASSIGNMENT|[4]|quotes|[]|0x42185b73
14:32:03.0 (2276193)|STATEMENT_EXECUTE|[5]
14:32:03.0 (2279869)|VARIABLE_SCOPE_BEGIN|[5]|pfdBase64|String|false|false
14:32:03.0 (2290492)|VARIABLE_ASSIGNMENT|[5]|pfdBase64|null
14:32:03.0 (2297888)|HEAP_ALLOCATE|[7]|Bytes:22
14:32:03.0 (2316342)|HEAP_ALLOCATE|[7]|Bytes:4
14:32:03.0 (2660932)|SOQL_EXECUTE_BEGIN|[7]|Aggregations:0|SELECT Name FROM Quote
14:32:03.0 (4645469)|SOQL_EXECUTE_END|[7]|Rows:1
14:32:03.0 (4670131)|HEAP_ALLOCATE|[EXTERNAL]|Bytes:8
14:32:03.0 (4818240)|HEAP_ALLOCATE|[7]|Bytes:54
14:32:03.0 (4827154)|HEAP_ALLOCATE|[7]|Bytes:8
14:32:03.0 (4835630)|SYSTEM_METHOD_ENTRY|[7]|QueryLocatorIterator.QueryLocatorIterator()
14:32:03.0 (4840543)|STATEMENT_EXECUTE|[7]
14:32:03.0 (4847024)|SYSTEM_METHOD_EXIT|[7]|QueryLocatorIterator
14:32:03.0 (4855331)|HEAP_ALLOCATE|[7]|Bytes:28
14:32:03.0 (4882536)|HEAP_ALLOCATE|[7]|Bytes:8
14:32:03.0 (4896085)|HEAP_ALLOCATE|[7]|Bytes:8
14:32:03.0 (4899769)|HEAP_ALLOCATE|[7]|Bytes:8
14:32:03.0 (4905214)|VARIABLE_SCOPE_BEGIN|[15]|this|Database.QueryLocatorIterator|true|false
14:32:03.0 (4938606)|VARIABLE_ASSIGNMENT|[15]|this|{}|0xcb4b7ac
14:32:03.0 (4945899)|VARIABLE_SCOPE_BEGIN|[15]|values|List<SObject>|true|false
14:32:03.0 (4966532)|VARIABLE_ASSIGNMENT|[15]|values|[{"Name":"first quote","Id":"0Q0f40000009VVICA2"}]|0x31874617
14:32:03.0 (4972320)|VARIABLE_SCOPE_BEGIN|[15]|ql|Database.QueryLocator|true|false
14:32:03.0 (4993023)|VARIABLE_ASSIGNMENT|[15]|ql|{"query":"SELECT Name FROM Quo (2 more) ..."}|0x75289765
14:32:03.0 (4998799)|VARIABLE_SCOPE_BEGIN|[15]|totalNumRecords|Integer|false|false
14:32:03.0 (5007895)|VARIABLE_ASSIGNMENT|[15]|totalNumRecords|1
14:32:03.0 (5013983)|VARIABLE_SCOPE_BEGIN|[15]|queryMoreSize|Integer|false|false
14:32:03.0 (5021383)|VARIABLE_ASSIGNMENT|[15]|queryMoreSize|49999
14:32:03.0 (5110539)|HEAP_ALLOCATE|[7]|Bytes:28
14:32:03.0 (5132717)|METHOD_ENTRY|[7]||Database.QueryLocatorIterator.hasNext()
14:32:03.0 (5174824)|METHOD_EXIT|[7]||Database.QueryLocatorIterator.hasNext()
14:32:03.0 (5183233)|METHOD_ENTRY|[7]||Database.QueryLocatorIterator.next()
14:32:03.0 (5251117)|METHOD_EXIT|[7]||Database.QueryLocatorIterator.next()
14:32:03.0 (5258737)|VARIABLE_SCOPE_BEGIN|[7]|q|Quote|true|false
14:32:03.0 (5287640)|VARIABLE_ASSIGNMENT|[7]|q|{"Name":"first quote","Id":"0Q0f40000009VVICA2"}|0x72420e6c
14:32:03.0 (5294776)|STATEMENT_EXECUTE|[7]
14:32:03.0 (5297090)|STATEMENT_EXECUTE|[8]
14:32:03.0 (5325435)|HEAP_ALLOCATE|[EXTERNAL]|Bytes:4
14:32:03.0 (5337180)|METHOD_ENTRY|[7]||Database.QueryLocatorIterator.hasNext()
14:32:03.0 (5350713)|METHOD_EXIT|[7]||Database.QueryLocatorIterator.hasNext()
14:32:03.0 (5359048)|VARIABLE_ASSIGNMENT|[7]|q|null|
14:32:03.0 (5387516)|STATEMENT_EXECUTE|[13]
14:32:03.0 (5475794)|HEAP_ALLOCATE|[14]|Bytes:5
14:32:03.0 (5489215)|HEAP_ALLOCATE|[14]|Bytes:12
14:32:03.0 (5495739)|VARIABLE_SCOPE_BEGIN|[14]|q|Quote|true|false
14:32:03.0 (5509101)|VARIABLE_ASSIGNMENT|[14]|q|{"Name":"first quote","Id":"0Q0f40000009VVICA2"}|0x72420e6c
14:32:03.0 (5514994)|STATEMENT_EXECUTE|[14]
14:32:03.0 (5517047)|STATEMENT_EXECUTE|[15]
14:32:03.0 (5520387)|HEAP_ALLOCATE|[15]|Bytes:20
14:32:03.0 (5556797)|HEAP_ALLOCATE|[15]|Bytes:31
14:32:03.0 (5582835)|USER_DEBUG|[15]|DEBUG|nombre de la quote: first quote
14:32:03.0 (5598516)|HEAP_ALLOCATE|[14]|Bytes:5
14:32:03.0 (5609088)|VARIABLE_ASSIGNMENT|[14]|q|null|
14:32:03.0 (5614044)|STATEMENT_EXECUTE|[18]
14:32:03.0 (5616366)|HEAP_ALLOCATE|[18]|Bytes:53
14:32:03.0 (5627779)|HEAP_ALLOCATE|[18]|Bytes:4
14:32:03.0 (5634327)|HEAP_ALLOCATE|[18]|Bytes:7
14:32:03.0 (5656463)|HEAP_ALLOCATE|[18]|Bytes:12
14:32:03.0 (6118943)|SOQL_EXECUTE_BEGIN|[18]|Aggregations:0|SELECT Body FROM Attachment WHERE ParentId = :tmpVar1
14:32:03.0 (8621651)|SOQL_EXECUTE_END|[18]|Rows:0
14:32:03.0 (8644537)|HEAP_ALLOCATE|[18]|Bytes:4
14:32:03.0 (8653346)|HEAP_ALLOCATE|[18]|Bytes:0
14:32:03.0 (8707461)|HEAP_ALLOCATE|[18]|Bytes:4
14:32:03.0 (8719065)|VARIABLE_SCOPE_BEGIN|[18]|attachements|List<Attachment>|true|false
14:32:03.0 (8734099)|VARIABLE_ASSIGNMENT|[18]|attachements|[]|0x697f8760
14:32:03.0 (8741013)|STATEMENT_EXECUTE|[24]
14:32:03.0 (8745251)|HEAP_ALLOCATE|[24]|Bytes:49
14:32:03.0 (9340822)|HEAP_ALLOCATE|[24]|Bytes:4
14:32:03.0 (9371027)|SYSTEM_MODE_EXIT|false
14:32:03.9 (9398359)|CUMULATIVE_LIMIT_USAGE
14:32:03.9 (9398359)|LIMIT_USAGE_FOR_NS|(default)|
  Number of SOQL queries: 2 out of 100
  Number of query rows: 1 out of 50000
  Number of SOSL queries: 0 out of 20
  Number of DML statements: 0 out of 150
  Number of DML rows: 0 out of 10000
  Maximum CPU time: 0 out of 10000
  Maximum heap size: 0 out of 6000000
  Number of callouts: 0 out of 100
  Number of Email Invocations: 0 out of 10
  Number of future calls: 0 out of 50
  Number of queueable jobs added to the queue: 0 out of 50
  Number of Mobile Apex push calls: 0 out of 10

14:32:03.9 (9398359)|CUMULATIVE_LIMIT_USAGE_END

14:32:03.0 (9431663)|CODE_UNIT_FINISHED|ViewQuotePDF.getPDF
14:32:03.0 (9531380)|CODE_UNIT_FINISHED|Aura
14:32:03.0 (11006827)|EXECUTION_FINISHED
