42.0 APEX_CODE,FINEST;APEX_PROFILING,INFO;CALLOUT,INFO;DB,INFO;SYSTEM,DEBUG;VALIDATION,INFO;VISUALFORCE,INFO;WAVE,INFO;WORKFLOW,INFO
Execute Anonymous: CloneQuote.cloneQuote('0Q0f40000009bwtCAA');
13:14:55.1 (1052629)|USER_INFO|[EXTERNAL]|005f4000001uuP2|nmolinam@deloitte.com|Hora de Venezuela|GMT-04:00
13:14:55.1 (1196990)|EXECUTION_STARTED
13:14:55.1 (1201997)|CODE_UNIT_STARTED|[EXTERNAL]|execute_anonymous_apex
13:14:55.1 (1388388)|HEAP_ALLOCATE|[72]|Bytes:3
13:14:55.1 (1452475)|HEAP_ALLOCATE|[77]|Bytes:152
13:14:55.1 (1467434)|HEAP_ALLOCATE|[342]|Bytes:408
13:14:55.1 (1480749)|HEAP_ALLOCATE|[355]|Bytes:408
13:14:55.1 (1491532)|HEAP_ALLOCATE|[467]|Bytes:48
13:14:55.1 (1541548)|HEAP_ALLOCATE|[139]|Bytes:6
13:14:55.1 (1560436)|HEAP_ALLOCATE|[EXTERNAL]|Bytes:1
13:14:55.1 (1651129)|STATEMENT_EXECUTE|[1]
13:14:55.1 (1653870)|STATEMENT_EXECUTE|[1]
13:14:55.1 (1656558)|HEAP_ALLOCATE|[1]|Bytes:18
13:14:55.1 (1671311)|HEAP_ALLOCATE|[1]|Bytes:4
13:14:55.1 (1723732)|HEAP_ALLOCATE|[50]|Bytes:5
13:14:55.1 (1743899)|HEAP_ALLOCATE|[56]|Bytes:5
13:14:55.1 (1751556)|HEAP_ALLOCATE|[64]|Bytes:7
13:14:55.1 (1774052)|SYSTEM_MODE_ENTER|false
13:14:55.1 (1856212)|HEAP_ALLOCATE|[1]|Bytes:5
13:14:55.1 (8264860)|HEAP_ALLOCATE|[1]|Bytes:1
13:14:55.1 (8275342)|HEAP_ALLOCATE|[1]|Bytes:2
13:14:55.1 (8309044)|METHOD_ENTRY|[1]|01pf4000009Vx35|CloneQuote.CloneQuote()
13:14:55.1 (8315809)|STATEMENT_EXECUTE|[1]
13:14:55.1 (8326445)|STATEMENT_EXECUTE|[1]
13:14:55.1 (8338847)|HEAP_ALLOCATE|[1]|Bytes:5
13:14:55.1 (8360711)|METHOD_EXIT|[1]|CloneQuote
13:14:55.1 (8403392)|METHOD_ENTRY|[1]|01pf4000009Vx35|CloneQuote.cloneQuote(Id)
13:14:55.1 (8442339)|VARIABLE_SCOPE_BEGIN|[3]|quoteId|Id|false|false
13:14:55.1 (8570538)|VARIABLE_ASSIGNMENT|[3]|quoteId|"0Q0f40000009bwtCAA"
13:14:55.1 (8589215)|HEAP_ALLOCATE|[6]|Bytes:5
13:14:55.1 (8594621)|STATEMENT_EXECUTE|[3]
13:14:55.1 (8596333)|STATEMENT_EXECUTE|[4]
13:14:55.1 (8599529)|HEAP_ALLOCATE|[6]|Bytes:95
13:14:55.1 (8615380)|HEAP_ALLOCATE|[6]|Bytes:4
13:14:55.1 (8637577)|HEAP_ALLOCATE|[6]|Bytes:7
13:14:55.1 (8926746)|SOQL_EXECUTE_BEGIN|[6]|Aggregations:1|SELECT Name, OPPORTUNITYiD, (SELECT QuoteId FROM QuoteLineItems) FROM QUOTE WHERE ID = :tmpVar1
13:14:55.1 (12700261)|SOQL_EXECUTE_END|[6]|Rows:1
13:14:55.1 (12724789)|HEAP_ALLOCATE|[6]|Bytes:8
13:14:55.1 (12743774)|HEAP_ALLOCATE|[6]|Bytes:213
13:14:55.1 (12814321)|HEAP_ALLOCATE|[6]|Bytes:8
13:14:55.1 (12826119)|HEAP_ALLOCATE|[4]|Bytes:31
13:14:55.1 (12856040)|HEAP_ALLOCATE|[4]|Bytes:20
13:14:55.1 (12864007)|VARIABLE_SCOPE_BEGIN|[4]|q1|Quote|true|false
13:14:55.1 (12899043)|VARIABLE_ASSIGNMENT|[4]|q1|{"Name":"QUOTE 2","OpportunityId":"006f400000AO4MJAA1","Id":"0Q0f40000009bwtCAA","QuoteLineItems":[{"QuoteId":"0Q0f40000009bwtCAA","Id":"0QLf4000000sNKqGAM"},{"QuoteId":"0Q0f40000009bwtCAA","Id":"0QLf4000000sNKrGAM"}]}|0xb803dd5
13:14:55.1 (12907613)|STATEMENT_EXECUTE|[10]
13:14:55.1 (13000038)|HEAP_ALLOCATE|[10]|Bytes:188
13:14:55.1 (13006065)|HEAP_ALLOCATE|[10]|Bytes:16
13:14:55.1 (13042476)|VARIABLE_SCOPE_BEGIN|[10]|q2|Quote|true|false
13:14:55.1 (13064127)|VARIABLE_ASSIGNMENT|[10]|q2|{"Name":"QUOTE 2","OpportunityId":"006f400000AO4MJAA1","QuoteLineItems":[{"QuoteId":"0Q0f40000009bwtCAA","Id":"0QLf4000000sNKqGAM"},{"QuoteId":"0Q0f40000009bwtCAA","Id":"0QLf4000000sNKrGAM"}]}|0x209c9dad
13:14:55.1 (13071289)|STATEMENT_EXECUTE|[12]
13:14:55.1 (13092983)|HEAP_ALLOCATE|[12]|Bytes:8
13:14:55.1 (13104236)|DML_BEGIN|[12]|Op:Insert|Type:Quote|Rows:1
13:14:55.1 (13125072)|HEAP_ALLOCATE|[EXTERNAL]|Bytes:8
13:14:55.1 (52138790)|DML_END|[12]
13:14:55.1 (52170922)|HEAP_ALLOCATE|[12]|Bytes:-4
13:14:55.1 (52190602)|STATEMENT_EXECUTE|[13]
13:14:55.1 (52219065)|VARIABLE_SCOPE_BEGIN|[13]|idQuote|Id|false|false
13:14:55.1 (52313170)|VARIABLE_ASSIGNMENT|[13]|idQuote|"0Q0f40000009e9ICAQ"
13:14:55.1 (52324807)|STATEMENT_EXECUTE|[15]
13:14:55.1 (52331020)|HEAP_ALLOCATE|[15]|Bytes:14
13:14:55.1 (52338379)|HEAP_ALLOCATE|[15]|Bytes:13
13:14:55.1 (52383684)|HEAP_ALLOCATE|[EXTERNAL]|Bytes:12
13:14:55.1 (52456757)|HEAP_ALLOCATE|[15]|Bytes:12
13:14:55.1 (52486348)|VARIABLE_SCOPE_BEGIN|[15]|items|List<QuoteLineItem>|true|false
13:14:55.1 (52515552)|VARIABLE_ASSIGNMENT|[15]|items|[{"QuoteId":"0Q0f40000009bwtCAA","Id":"0QLf4000000sNKqGAM"},{"QuoteId":"0Q0f40000009bwtCAA","Id":"0QLf4000000sNKrGAM"}]|0x7290d199
13:14:55.1 (52736305)|HEAP_ALLOCATE|[17]|Bytes:5
13:14:55.1 (52755551)|HEAP_ALLOCATE|[17]|Bytes:12
13:14:55.1 (52764549)|VARIABLE_SCOPE_BEGIN|[17]|i|QuoteLineItem|true|false
13:14:55.1 (52778768)|VARIABLE_ASSIGNMENT|[17]|i|{"QuoteId":"0Q0f40000009bwtCAA","Id":"0QLf4000000sNKqGAM"}|0x209e30aa
13:14:55.1 (52785046)|STATEMENT_EXECUTE|[17]
13:14:55.1 (52786866)|STATEMENT_EXECUTE|[18]
13:14:55.1 (52804901)|HEAP_ALLOCATE|[18]|Bytes:4
13:14:55.1 (52882510)|VARIABLE_SCOPE_BEGIN|[18]|ql|QuoteLineItem|true|false
13:14:55.1 (52898092)|VARIABLE_ASSIGNMENT|[18]|ql|{}|0x3319884
13:14:55.1 (52903548)|STATEMENT_EXECUTE|[19]
13:14:55.1 (52910222)|VARIABLE_ASSIGNMENT|[19]|ql|{"QuoteId":"0Q0f40000009bwtCAA","Id":"0QLf4000000sNKqGAM"}|0x209e30aa
13:14:55.1 (52915123)|STATEMENT_EXECUTE|[20]
13:14:55.1 (52918384)|HEAP_ALLOCATE|[20]|Bytes:8
13:14:55.1 (52995958)|HEAP_ALLOCATE|[20]|Bytes:65
13:14:55.1 (53017279)|HEAP_ALLOCATE|[20]|Bytes:73
13:14:55.1 (53042825)|USER_DEBUG|[20]|DEBUG|ql id : QuoteLineItem:{QuoteId=0Q0f40000009bwtCAA, Id=0QLf4000000sNKqGAM}
13:14:55.1 (53050812)|STATEMENT_EXECUTE|[21]
13:14:55.1 (53409245)|HEAP_ALLOCATE|[21]|Bytes:49
13:14:55.1 (53436409)|METHOD_EXIT|[1]|01pf4000009Vx35|CloneQuote.cloneQuote(Id)
13:14:55.1 (53445011)|SYSTEM_MODE_EXIT|false
13:14:55.1 (53540459)|FATAL_ERROR|System.SObjectException: Field is not writeable: QuoteLineItem.QuoteId

Class.CloneQuote.cloneQuote: line 21, column 1
AnonymousBlock: line 1, column 1
AnonymousBlock: line 1, column 1
13:14:55.53 (53588846)|CUMULATIVE_LIMIT_USAGE
13:14:55.53 (53588846)|LIMIT_USAGE_FOR_NS|(default)|
  Number of SOQL queries: 1 out of 100
  Number of query rows: 3 out of 50000
  Number of SOSL queries: 0 out of 20
  Number of DML statements: 1 out of 150
  Number of DML rows: 1 out of 10000
  Maximum CPU time: 0 out of 10000
  Maximum heap size: 0 out of 6000000
  Number of callouts: 0 out of 100
  Number of Email Invocations: 0 out of 10
  Number of future calls: 0 out of 50
  Number of queueable jobs added to the queue: 0 out of 50
  Number of Mobile Apex push calls: 0 out of 10

13:14:55.53 (53588846)|CUMULATIVE_LIMIT_USAGE_END

13:14:55.1 (53629583)|CODE_UNIT_FINISHED|execute_anonymous_apex
13:14:55.1 (54726924)|EXECUTION_FINISHED
