42.0 APEX_CODE,FINEST;APEX_PROFILING,INFO;CALLOUT,INFO;DB,INFO;SYSTEM,DEBUG;VALIDATION,INFO;VISUALFORCE,INFO;WAVE,INFO;WORKFLOW,INFO
17:49:55.0 (374638)|USER_INFO|[EXTERNAL]|005f4000001uuP2|nmolinam@deloitte.com|Hora de Venezuela|GMT-04:00
17:49:55.0 (420835)|EXECUTION_STARTED
17:49:55.0 (426922)|CODE_UNIT_STARTED|[EXTERNAL]|Aura
17:49:55.0 (1715286)|HEAP_ALLOCATE|[72]|Bytes:3
17:49:55.0 (1771375)|HEAP_ALLOCATE|[77]|Bytes:152
17:49:55.0 (1786057)|HEAP_ALLOCATE|[342]|Bytes:408
17:49:55.0 (1797957)|HEAP_ALLOCATE|[355]|Bytes:408
17:49:55.0 (1819322)|HEAP_ALLOCATE|[467]|Bytes:48
17:49:55.0 (1890169)|HEAP_ALLOCATE|[139]|Bytes:6
17:49:55.0 (1915255)|HEAP_ALLOCATE|[EXTERNAL]|Bytes:18
17:49:55.0 (1942673)|HEAP_ALLOCATE|[EXTERNAL]|Bytes:4
17:49:55.0 (2827753)|CODE_UNIT_STARTED|[EXTERNAL]|01pf4000009Vx35|CloneQuote.getQuote
17:49:55.0 (2983548)|HEAP_ALLOCATE|[EXTERNAL]|Bytes:4
17:49:55.0 (2992978)|HEAP_ALLOCATE|[EXTERNAL]|Bytes:2
17:49:55.0 (3021148)|METHOD_ENTRY|[1]|01pf4000009Vx35|CloneQuote.CloneQuote()
17:49:55.0 (3028913)|STATEMENT_EXECUTE|[1]
17:49:55.0 (3033903)|STATEMENT_EXECUTE|[1]
17:49:55.0 (3066264)|HEAP_ALLOCATE|[50]|Bytes:5
17:49:55.0 (3093155)|HEAP_ALLOCATE|[56]|Bytes:5
17:49:55.0 (3102856)|HEAP_ALLOCATE|[64]|Bytes:7
17:49:55.0 (3142250)|SYSTEM_MODE_ENTER|false
17:49:55.0 (3157091)|HEAP_ALLOCATE|[EXTERNAL]|Bytes:5
17:49:55.0 (3166170)|SYSTEM_MODE_EXIT|false
17:49:55.0 (3188766)|METHOD_EXIT|[1]|CloneQuote
17:49:55.0 (3195536)|HEAP_ALLOCATE|[EXTERNAL]|Bytes:4
17:49:55.0 (3208228)|SYSTEM_MODE_ENTER|false
17:49:55.0 (3226469)|VARIABLE_SCOPE_BEGIN|[34]|recordId|Id|false|false
17:49:55.0 (3744469)|VARIABLE_ASSIGNMENT|[34]|recordId|"0Q0f40000009kKqCAI"
17:49:55.0 (3769255)|HEAP_ALLOCATE|[35]|Bytes:5
17:49:55.0 (3775129)|STATEMENT_EXECUTE|[34]
17:49:55.0 (3776934)|STATEMENT_EXECUTE|[35]
17:49:55.0 (3780474)|HEAP_ALLOCATE|[35]|Bytes:71
17:49:55.0 (3795329)|HEAP_ALLOCATE|[35]|Bytes:4
17:49:55.0 (3824229)|HEAP_ALLOCATE|[35]|Bytes:7
17:49:55.0 (4187364)|SOQL_EXECUTE_BEGIN|[35]|Aggregations:0|SELECT Name, OPPORTUNITYiD, Pricebook2Id FROM Quote WHERE Id = :tmpVar1
17:49:55.0 (6880992)|SOQL_EXECUTE_END|[35]|Rows:1
17:49:55.0 (6904366)|HEAP_ALLOCATE|[35]|Bytes:8
17:49:55.0 (6923270)|HEAP_ALLOCATE|[35]|Bytes:113
17:49:55.0 (7002477)|HEAP_ALLOCATE|[35]|Bytes:8
17:49:55.0 (7017272)|HEAP_ALLOCATE|[35]|Bytes:31
17:49:55.0 (7056126)|HEAP_ALLOCATE|[35]|Bytes:20
17:49:55.0 (7064180)|VARIABLE_SCOPE_BEGIN|[35]|q|Quote|true|false
17:49:55.0 (7090929)|VARIABLE_ASSIGNMENT|[35]|q|{"Name":"QUOTE 2","OpportunityId":"006f400000AO4MJAA1","Pricebook2Id":"01sf4000003Vb8JAAS","Id":"0Q0f40000009kKqCAI"}|0x9db89af
17:49:55.0 (7099715)|STATEMENT_EXECUTE|[36]
17:49:55.0 (7299290)|USER_DEBUG|[36]|DEBUG|Quote:{Name=QUOTE 2, OpportunityId=006f400000AO4MJAA1, Pricebook2Id=01sf4000003Vb8JAAS, Id=0Q0f40000009kKqCAI}
17:49:55.0 (7328383)|STATEMENT_EXECUTE|[37]
17:49:55.0 (7336975)|SYSTEM_MODE_EXIT|false
17:49:55.7 (7357797)|CUMULATIVE_LIMIT_USAGE
17:49:55.7 (7357797)|LIMIT_USAGE_FOR_NS|(default)|
  Number of SOQL queries: 1 out of 100
  Number of query rows: 1 out of 50000
  Number of SOSL queries: 0 out of 20
  Number of DML statements: 0 out of 150
  Number of DML rows: 0 out of 10000
  Maximum CPU time: 0 out of 10000
  Maximum heap size: 0 out of 6000000
  Number of callouts: 0 out of 100
  Number of Email Invocations: 0 out of 10
  Number of future calls: 0 out of 50
  Number of queueable jobs added to the queue: 0 out of 50
  Number of Mobile Apex push calls: 0 out of 10

17:49:55.7 (7357797)|CUMULATIVE_LIMIT_USAGE_END

17:49:55.0 (7391928)|CODE_UNIT_FINISHED|CloneQuote.getQuote
17:49:55.0 (7445854)|CODE_UNIT_FINISHED|Aura
17:49:55.0 (8639578)|EXECUTION_FINISHED
