42.0 APEX_CODE,FINEST;APEX_PROFILING,INFO;CALLOUT,INFO;DB,INFO;SYSTEM,DEBUG;VALIDATION,INFO;VISUALFORCE,INFO;WAVE,INFO;WORKFLOW,INFO
Execute Anonymous: CloneQuote.cloneQuote('0Q0f40000009bwtCAA');
13:29:00.1 (1548185)|USER_INFO|[EXTERNAL]|005f4000001uuP2|nmolinam@deloitte.com|Hora de Venezuela|GMT-04:00
13:29:00.1 (1580069)|EXECUTION_STARTED
13:29:00.1 (1585313)|CODE_UNIT_STARTED|[EXTERNAL]|execute_anonymous_apex
13:29:00.1 (1832686)|HEAP_ALLOCATE|[72]|Bytes:3
13:29:00.1 (1892499)|HEAP_ALLOCATE|[77]|Bytes:152
13:29:00.1 (1914089)|HEAP_ALLOCATE|[342]|Bytes:408
13:29:00.1 (1935516)|HEAP_ALLOCATE|[355]|Bytes:408
13:29:00.1 (1955843)|HEAP_ALLOCATE|[467]|Bytes:48
13:29:00.1 (2030399)|HEAP_ALLOCATE|[139]|Bytes:6
13:29:00.1 (2052659)|HEAP_ALLOCATE|[EXTERNAL]|Bytes:1
13:29:00.1 (2152564)|STATEMENT_EXECUTE|[1]
13:29:00.1 (2156575)|STATEMENT_EXECUTE|[1]
13:29:00.1 (2160517)|HEAP_ALLOCATE|[1]|Bytes:18
13:29:00.1 (2176602)|HEAP_ALLOCATE|[1]|Bytes:4
13:29:00.1 (2237964)|HEAP_ALLOCATE|[50]|Bytes:5
13:29:00.1 (2261944)|HEAP_ALLOCATE|[56]|Bytes:5
13:29:00.1 (2273904)|HEAP_ALLOCATE|[64]|Bytes:7
13:29:00.1 (2305858)|SYSTEM_MODE_ENTER|false
13:29:00.1 (2330984)|HEAP_ALLOCATE|[1]|Bytes:5
13:29:00.1 (10396098)|HEAP_ALLOCATE|[1]|Bytes:1
13:29:00.1 (10414004)|HEAP_ALLOCATE|[1]|Bytes:5
13:29:00.1 (10461044)|METHOD_ENTRY|[1]|01pf4000009Vx35|CloneQuote.CloneQuote()
13:29:00.1 (10468578)|STATEMENT_EXECUTE|[1]
13:29:00.1 (10474939)|STATEMENT_EXECUTE|[1]
13:29:00.1 (10487362)|HEAP_ALLOCATE|[1]|Bytes:5
13:29:00.1 (10508925)|METHOD_EXIT|[1]|CloneQuote
13:29:00.1 (10552093)|METHOD_ENTRY|[1]|01pf4000009Vx35|CloneQuote.cloneQuote(Id)
13:29:00.1 (10596723)|VARIABLE_SCOPE_BEGIN|[3]|quoteId|Id|false|false
13:29:00.1 (10743543)|VARIABLE_ASSIGNMENT|[3]|quoteId|"0Q0f40000009bwtCAA"
13:29:00.1 (10769064)|HEAP_ALLOCATE|[6]|Bytes:5
13:29:00.1 (10775165)|STATEMENT_EXECUTE|[3]
13:29:00.1 (10776877)|STATEMENT_EXECUTE|[4]
13:29:00.1 (10780676)|HEAP_ALLOCATE|[6]|Bytes:158
13:29:00.1 (10798702)|HEAP_ALLOCATE|[6]|Bytes:4
13:29:00.1 (10820659)|HEAP_ALLOCATE|[6]|Bytes:7
13:29:00.1 (11222590)|SOQL_EXECUTE_BEGIN|[6]|Aggregations:1|SELECT Name, OPPORTUNITYiD, (SELECT QuoteId, Description, Discount, PricebookEntryId, Quantity, Product2Id FROM QuoteLineItems) FROM QUOTE WHERE ID = :tmpVar1
13:29:00.1 (16734258)|SOQL_EXECUTE_END|[6]|Rows:1
13:29:00.1 (16775599)|HEAP_ALLOCATE|[6]|Bytes:8
13:29:00.1 (16804499)|HEAP_ALLOCATE|[6]|Bytes:449
13:29:00.1 (16936519)|HEAP_ALLOCATE|[6]|Bytes:8
13:29:00.1 (16955563)|HEAP_ALLOCATE|[4]|Bytes:31
13:29:00.1 (17013867)|HEAP_ALLOCATE|[4]|Bytes:20
13:29:00.1 (17027774)|VARIABLE_SCOPE_BEGIN|[4]|q1|Quote|true|false
13:29:00.1 (17079086)|VARIABLE_ASSIGNMENT|[4]|q1|{"Name":"QUOTE 2","OpportunityId":"006f400000AO4MJAA1","Id":"0Q0f40000009bwtCAA","QuoteLineItems":[{"QuoteId":"0Q0f40000009bwtCAA","Id":"0QLf4000000sNKqGAM","PricebookEntryId":"01uf4000002Sio9AAC","Quantity":1.00,"Product2Id":"01tf4000001E5PCAA0"},{"QuoteId":"0Q0f40000009bwtCAA","Id":"0QLf4000000sNKrGAM","PricebookEntryId":"01uf4000002SioGAAS","Quantity":3.00,"Product2Id":"01tf4000001E5PJAA0"}]}|0x78647cbf
13:29:00.1 (17097472)|STATEMENT_EXECUTE|[11]
13:29:00.1 (17221992)|HEAP_ALLOCATE|[11]|Bytes:424
13:29:00.1 (17232770)|HEAP_ALLOCATE|[11]|Bytes:16
13:29:00.1 (17305054)|VARIABLE_SCOPE_BEGIN|[11]|q2|Quote|true|false
13:29:00.1 (17340206)|VARIABLE_ASSIGNMENT|[11]|q2|{"Name":"QUOTE 2","OpportunityId":"006f400000AO4MJAA1","QuoteLineItems":[{"QuoteId":"0Q0f40000009bwtCAA","Id":"0QLf4000000sNKqGAM","PricebookEntryId":"01uf4000002Sio9AAC","Quantity":1.00,"Product2Id":"01tf4000001E5PCAA0"},{"QuoteId":"0Q0f40000009bwtCAA","Id":"0QLf4000000sNKrGAM","PricebookEntryId":"01uf4000002SioGAAS","Quantity":3.00,"Product2Id":"01tf4000001E5PJAA0"}]}|0x51c9a7b1
13:29:00.1 (17355801)|STATEMENT_EXECUTE|[12]
13:29:00.1 (17400564)|EXCEPTION_THROWN|[12]|System.SObjectException: SObject row was retrieved via SOQL without querying the requested field: Quote.Pricebook2Id
13:29:00.1 (17454215)|HEAP_ALLOCATE|[12]|Bytes:95
13:29:00.1 (17481619)|METHOD_EXIT|[1]|01pf4000009Vx35|CloneQuote.cloneQuote(Id)
13:29:00.1 (17494581)|SYSTEM_MODE_EXIT|false
13:29:00.1 (17637579)|FATAL_ERROR|System.SObjectException: SObject row was retrieved via SOQL without querying the requested field: Quote.Pricebook2Id

Class.CloneQuote.cloneQuote: line 12, column 1
AnonymousBlock: line 1, column 1
AnonymousBlock: line 1, column 1
13:29:00.17 (17706676)|CUMULATIVE_LIMIT_USAGE
13:29:00.17 (17706676)|LIMIT_USAGE_FOR_NS|(default)|
  Number of SOQL queries: 1 out of 100
  Number of query rows: 3 out of 50000
  Number of SOSL queries: 0 out of 20
  Number of DML statements: 0 out of 150
  Number of DML rows: 0 out of 10000
  Maximum CPU time: 0 out of 10000
  Maximum heap size: 0 out of 6000000
  Number of callouts: 0 out of 100
  Number of Email Invocations: 0 out of 10
  Number of future calls: 0 out of 50
  Number of queueable jobs added to the queue: 0 out of 50
  Number of Mobile Apex push calls: 0 out of 10

13:29:00.17 (17706676)|CUMULATIVE_LIMIT_USAGE_END

13:29:00.1 (17765673)|CODE_UNIT_FINISHED|execute_anonymous_apex
13:29:00.1 (18909220)|EXECUTION_FINISHED
