42.0 APEX_CODE,FINEST;APEX_PROFILING,INFO;CALLOUT,INFO;DB,INFO;SYSTEM,DEBUG;VALIDATION,INFO;VISUALFORCE,INFO;WAVE,INFO;WORKFLOW,INFO
Execute Anonymous: CloneQuote.cloneQuote('0Q0f40000009bwtCAA');
12:59:41.1 (1041273)|USER_INFO|[EXTERNAL]|005f4000001uuP2|nmolinam@deloitte.com|Hora de Venezuela|GMT-04:00
12:59:41.1 (1063028)|EXECUTION_STARTED
12:59:41.1 (1067293)|CODE_UNIT_STARTED|[EXTERNAL]|execute_anonymous_apex
12:59:41.1 (1272932)|HEAP_ALLOCATE|[72]|Bytes:3
12:59:41.1 (1315893)|HEAP_ALLOCATE|[77]|Bytes:152
12:59:41.1 (1334368)|HEAP_ALLOCATE|[342]|Bytes:408
12:59:41.1 (1350215)|HEAP_ALLOCATE|[355]|Bytes:408
12:59:41.1 (1361341)|HEAP_ALLOCATE|[467]|Bytes:48
12:59:41.1 (1390322)|HEAP_ALLOCATE|[139]|Bytes:6
12:59:41.1 (1408534)|HEAP_ALLOCATE|[EXTERNAL]|Bytes:1
12:59:41.1 (1493439)|STATEMENT_EXECUTE|[1]
12:59:41.1 (1496391)|STATEMENT_EXECUTE|[1]
12:59:41.1 (1499519)|HEAP_ALLOCATE|[1]|Bytes:18
12:59:41.1 (1516826)|HEAP_ALLOCATE|[1]|Bytes:4
12:59:41.1 (1569928)|HEAP_ALLOCATE|[50]|Bytes:5
12:59:41.1 (1593088)|HEAP_ALLOCATE|[56]|Bytes:5
12:59:41.1 (1600307)|HEAP_ALLOCATE|[64]|Bytes:7
12:59:41.1 (1621246)|SYSTEM_MODE_ENTER|false
12:59:41.1 (1640224)|HEAP_ALLOCATE|[1]|Bytes:5
12:59:41.1 (9568199)|HEAP_ALLOCATE|[1]|Bytes:1
12:59:41.1 (9584973)|HEAP_ALLOCATE|[1]|Bytes:2
12:59:41.1 (9608189)|METHOD_ENTRY|[1]|01pf4000009Vx35|CloneQuote.CloneQuote()
12:59:41.1 (9619138)|STATEMENT_EXECUTE|[1]
12:59:41.1 (9625963)|STATEMENT_EXECUTE|[1]
12:59:41.1 (9642932)|HEAP_ALLOCATE|[1]|Bytes:5
12:59:41.1 (9660529)|METHOD_EXIT|[1]|CloneQuote
12:59:41.1 (9697458)|METHOD_ENTRY|[1]|01pf4000009Vx35|CloneQuote.cloneQuote(Id)
12:59:41.1 (9820045)|VARIABLE_SCOPE_BEGIN|[3]|quoteId|Id|false|false
12:59:41.1 (10010903)|VARIABLE_ASSIGNMENT|[3]|quoteId|"0Q0f40000009bwtCAA"
12:59:41.1 (10041032)|HEAP_ALLOCATE|[6]|Bytes:5
12:59:41.1 (10049295)|STATEMENT_EXECUTE|[3]
12:59:41.1 (10051799)|STATEMENT_EXECUTE|[4]
12:59:41.1 (10056216)|HEAP_ALLOCATE|[6]|Bytes:95
12:59:41.1 (10084362)|HEAP_ALLOCATE|[6]|Bytes:4
12:59:41.1 (10102294)|HEAP_ALLOCATE|[6]|Bytes:7
12:59:41.1 (10572223)|SOQL_EXECUTE_BEGIN|[6]|Aggregations:1|SELECT Name, OPPORTUNITYiD, (SELECT QuoteId FROM QuoteLineItems) FROM QUOTE WHERE ID = :tmpVar1
12:59:41.1 (16899359)|SOQL_EXECUTE_END|[6]|Rows:1
12:59:41.1 (16958027)|HEAP_ALLOCATE|[6]|Bytes:8
12:59:41.1 (16987348)|HEAP_ALLOCATE|[6]|Bytes:213
12:59:41.1 (17120775)|HEAP_ALLOCATE|[6]|Bytes:8
12:59:41.1 (17141264)|HEAP_ALLOCATE|[4]|Bytes:31
12:59:41.1 (17188118)|HEAP_ALLOCATE|[4]|Bytes:20
12:59:41.1 (17197133)|VARIABLE_SCOPE_BEGIN|[4]|q1|Quote|true|false
12:59:41.1 (17234672)|VARIABLE_ASSIGNMENT|[4]|q1|{"Name":"QUOTE 2","OpportunityId":"006f400000AO4MJAA1","Id":"0Q0f40000009bwtCAA","QuoteLineItems":[{"QuoteId":"0Q0f40000009bwtCAA","Id":"0QLf4000000sNKqGAM"},{"QuoteId":"0Q0f40000009bwtCAA","Id":"0QLf4000000sNKrGAM"}]}|0x56b50079
12:59:41.1 (17244393)|STATEMENT_EXECUTE|[10]
12:59:41.1 (17356721)|HEAP_ALLOCATE|[10]|Bytes:188
12:59:41.1 (17363168)|HEAP_ALLOCATE|[10]|Bytes:16
12:59:41.1 (17381433)|VARIABLE_SCOPE_BEGIN|[10]|q2|Quote|true|false
12:59:41.1 (17398853)|VARIABLE_ASSIGNMENT|[10]|q2|{"Name":"QUOTE 2","OpportunityId":"006f400000AO4MJAA1","QuoteLineItems":[{"QuoteId":"0Q0f40000009bwtCAA","Id":"0QLf4000000sNKqGAM"},{"QuoteId":"0Q0f40000009bwtCAA","Id":"0QLf4000000sNKrGAM"}]}|0x490c6bc4
12:59:41.1 (17406227)|STATEMENT_EXECUTE|[12]
12:59:41.1 (17433320)|HEAP_ALLOCATE|[12]|Bytes:8
12:59:41.1 (17443505)|DML_BEGIN|[12]|Op:Insert|Type:Quote|Rows:1
12:59:41.1 (17471339)|HEAP_ALLOCATE|[EXTERNAL]|Bytes:8
12:59:41.1 (62315276)|DML_END|[12]
12:59:41.1 (62333486)|HEAP_ALLOCATE|[12]|Bytes:-4
12:59:41.1 (62358093)|STATEMENT_EXECUTE|[13]
12:59:41.1 (62392757)|VARIABLE_SCOPE_BEGIN|[13]|idQuote|Id|false|false
12:59:41.1 (62517121)|VARIABLE_ASSIGNMENT|[13]|idQuote|"0Q0f40000009e8oCAA"
12:59:41.1 (62527681)|STATEMENT_EXECUTE|[15]
12:59:41.1 (62536040)|HEAP_ALLOCATE|[15]|Bytes:14
12:59:41.1 (62546243)|HEAP_ALLOCATE|[15]|Bytes:13
12:59:41.1 (62608124)|HEAP_ALLOCATE|[EXTERNAL]|Bytes:12
12:59:41.1 (62701299)|HEAP_ALLOCATE|[15]|Bytes:12
12:59:41.1 (62758051)|VARIABLE_SCOPE_BEGIN|[15]|items|List<QuoteLineItem>|true|false
12:59:41.1 (62800633)|VARIABLE_ASSIGNMENT|[15]|items|[{"QuoteId":"0Q0f40000009bwtCAA","Id":"0QLf4000000sNKqGAM"},{"QuoteId":"0Q0f40000009bwtCAA","Id":"0QLf4000000sNKrGAM"}]|0x55d04ad5
12:59:41.1 (63069605)|HEAP_ALLOCATE|[17]|Bytes:5
12:59:41.1 (63098794)|HEAP_ALLOCATE|[17]|Bytes:12
12:59:41.1 (63114191)|VARIABLE_SCOPE_BEGIN|[17]|i|QuoteLineItem|true|false
12:59:41.1 (63136819)|VARIABLE_ASSIGNMENT|[17]|i|{"QuoteId":"0Q0f40000009bwtCAA","Id":"0QLf4000000sNKqGAM"}|0x5c3656b7
12:59:41.1 (63148299)|STATEMENT_EXECUTE|[17]
12:59:41.1 (63150826)|STATEMENT_EXECUTE|[18]
12:59:41.1 (63176702)|HEAP_ALLOCATE|[18]|Bytes:4
12:59:41.1 (63328224)|VARIABLE_ASSIGNMENT|[18]|this.QuoteId|"0Q0f40000009e8oCAA"|0x23840c75
12:59:41.1 (63353040)|VARIABLE_SCOPE_BEGIN|[18]|ql|QuoteLineItem|true|false
12:59:41.1 (63369132)|VARIABLE_ASSIGNMENT|[18]|ql|{"QuoteId":"0Q0f40000009e8oCAA"}|0x23840c75
12:59:41.1 (63375118)|STATEMENT_EXECUTE|[20]
12:59:41.1 (63379484)|HEAP_ALLOCATE|[20]|Bytes:8
12:59:41.1 (63480051)|HEAP_ALLOCATE|[20]|Bytes:42
12:59:41.1 (63517453)|HEAP_ALLOCATE|[20]|Bytes:50
12:59:41.1 (63546862)|USER_DEBUG|[20]|DEBUG|ql id : QuoteLineItem:{QuoteId=0Q0f40000009e8oCAA}
12:59:41.1 (63558961)|STATEMENT_EXECUTE|[22]
12:59:41.1 (63580666)|HEAP_ALLOCATE|[22]|Bytes:8
12:59:41.1 (63594819)|DML_BEGIN|[22]|Op:Insert|Type:QuoteLineItem|Rows:1
12:59:41.1 (63637336)|HEAP_ALLOCATE|[EXTERNAL]|Bytes:8
12:59:41.1 (74804856)|DML_END|[22]
12:59:41.1 (74982851)|VF_PAGE_MESSAGE|Required fields are missing: [PricebookEntryId, Quantity, UnitPrice, Product2Id]
12:59:41.1 (75480566)|EXCEPTION_THROWN|[22]|System.DmlException: Insert failed. First exception on row 0; first error: REQUIRED_FIELD_MISSING, Required fields are missing: [PricebookEntryId, Quantity, UnitPrice, Product2Id]: [PricebookEntryId, Quantity, UnitPrice, Product2Id]
12:59:41.1 (75804176)|HEAP_ALLOCATE|[22]|Bytes:215
12:59:41.1 (75842271)|METHOD_EXIT|[1]|01pf4000009Vx35|CloneQuote.cloneQuote(Id)
12:59:41.1 (75852678)|SYSTEM_MODE_EXIT|false
12:59:41.1 (75928108)|FATAL_ERROR|System.DmlException: Insert failed. First exception on row 0; first error: REQUIRED_FIELD_MISSING, Required fields are missing: [PricebookEntryId, Quantity, UnitPrice, Product2Id]: [PricebookEntryId, Quantity, UnitPrice, Product2Id]

Class.CloneQuote.cloneQuote: line 22, column 1
AnonymousBlock: line 1, column 1
AnonymousBlock: line 1, column 1
12:59:41.75 (75944441)|CUMULATIVE_LIMIT_USAGE
12:59:41.75 (75944441)|LIMIT_USAGE_FOR_NS|(default)|
  Number of SOQL queries: 1 out of 100
  Number of query rows: 3 out of 50000
  Number of SOSL queries: 0 out of 20
  Number of DML statements: 2 out of 150
  Number of DML rows: 2 out of 10000
  Maximum CPU time: 0 out of 10000
  Maximum heap size: 0 out of 6000000
  Number of callouts: 0 out of 100
  Number of Email Invocations: 0 out of 10
  Number of future calls: 0 out of 50
  Number of queueable jobs added to the queue: 0 out of 50
  Number of Mobile Apex push calls: 0 out of 10

12:59:41.75 (75944441)|CUMULATIVE_LIMIT_USAGE_END

12:59:41.1 (75987794)|CODE_UNIT_FINISHED|execute_anonymous_apex
12:59:41.1 (77062683)|EXECUTION_FINISHED
