42.0 APEX_CODE,FINEST;APEX_PROFILING,INFO;CALLOUT,INFO;DB,INFO;SYSTEM,DEBUG;VALIDATION,INFO;VISUALFORCE,INFO;WAVE,INFO;WORKFLOW,INFO
14:28:15.0 (68106)|USER_INFO|[EXTERNAL]|005f4000001uuP2|nmolinam@deloitte.com|Hora de Venezuela|GMT-04:00
14:28:15.0 (114664)|EXECUTION_STARTED
14:28:15.0 (119357)|CODE_UNIT_STARTED|[EXTERNAL]|Aura
14:28:15.0 (627617)|HEAP_ALLOCATE|[72]|Bytes:3
14:28:15.0 (675362)|HEAP_ALLOCATE|[77]|Bytes:152
14:28:15.0 (694978)|HEAP_ALLOCATE|[342]|Bytes:408
14:28:15.0 (710077)|HEAP_ALLOCATE|[355]|Bytes:408
14:28:15.0 (721599)|HEAP_ALLOCATE|[467]|Bytes:48
14:28:15.0 (749560)|HEAP_ALLOCATE|[139]|Bytes:6
14:28:15.0 (767874)|HEAP_ALLOCATE|[EXTERNAL]|Bytes:18
14:28:15.0 (778575)|HEAP_ALLOCATE|[EXTERNAL]|Bytes:4
14:28:15.0 (1610431)|CODE_UNIT_STARTED|[EXTERNAL]|01pf4000009Vx35|CloneQuote.cloneQuote
14:28:15.0 (1727832)|HEAP_ALLOCATE|[EXTERNAL]|Bytes:1
14:28:15.0 (1741170)|METHOD_ENTRY|[1]|01pf4000009Vx35|CloneQuote.CloneQuote()
14:28:15.0 (1748598)|STATEMENT_EXECUTE|[1]
14:28:15.0 (1754378)|STATEMENT_EXECUTE|[1]
14:28:15.0 (1786733)|HEAP_ALLOCATE|[50]|Bytes:5
14:28:15.0 (1814207)|HEAP_ALLOCATE|[56]|Bytes:5
14:28:15.0 (1821719)|HEAP_ALLOCATE|[64]|Bytes:7
14:28:15.0 (1845134)|SYSTEM_MODE_ENTER|false
14:28:15.0 (1860475)|HEAP_ALLOCATE|[EXTERNAL]|Bytes:5
14:28:15.0 (1868643)|SYSTEM_MODE_EXIT|false
14:28:15.0 (1878199)|METHOD_EXIT|[1]|CloneQuote
14:28:15.0 (1883475)|HEAP_ALLOCATE|[EXTERNAL]|Bytes:4
14:28:15.0 (1892231)|SYSTEM_MODE_ENTER|false
14:28:15.0 (1899206)|VARIABLE_SCOPE_BEGIN|[3]|quoteId|Id|false|false
14:28:15.0 (2031715)|VARIABLE_ASSIGNMENT|[3]|quoteId|"0Q0f40000009bwtCAA"
14:28:15.0 (2053873)|HEAP_ALLOCATE|[6]|Bytes:5
14:28:15.0 (2059632)|STATEMENT_EXECUTE|[3]
14:28:15.0 (2061737)|STATEMENT_EXECUTE|[4]
14:28:15.0 (2065133)|HEAP_ALLOCATE|[6]|Bytes:183
14:28:15.0 (2091003)|HEAP_ALLOCATE|[6]|Bytes:4
14:28:15.0 (2109166)|HEAP_ALLOCATE|[6]|Bytes:7
14:28:15.0 (2765484)|SOQL_EXECUTE_BEGIN|[6]|Aggregations:1|SELECT Name, OPPORTUNITYiD, Pricebook2Id, (SELECT QuoteId, Description, Discount, PricebookEntryId, Quantity, Product2Id, UnitPrice FROM QuoteLineItems) FROM QUOTE WHERE ID = :tmpVar1
14:28:15.0 (7647170)|SOQL_EXECUTE_END|[6]|Rows:1
14:28:15.0 (7675279)|HEAP_ALLOCATE|[6]|Bytes:8
14:28:15.0 (7702559)|HEAP_ALLOCATE|[6]|Bytes:581
14:28:15.0 (7802738)|HEAP_ALLOCATE|[6]|Bytes:8
14:28:15.0 (7815166)|HEAP_ALLOCATE|[4]|Bytes:31
14:28:15.0 (7862930)|HEAP_ALLOCATE|[4]|Bytes:24
14:28:15.0 (7870312)|VARIABLE_SCOPE_BEGIN|[4]|q1|Quote|true|false
14:28:15.0 (7904637)|VARIABLE_ASSIGNMENT|[4]|q1|{"Name":"QUOTE 2","OpportunityId":"006f400000AO4MJAA1","Pricebook2Id":"01sf4000003Vb8JAAS","Id":"0Q0f40000009bwtCAA","QuoteLineItems":[{"QuoteId":"0Q0f40000009bwtCAA","Id":"0QLf4000000sNKqGAM","PricebookEntryId":"01uf4000002Sio9AAC","Quantity":1.00,"Product2Id":"01tf4000001E5PCAA0","UnitPrice":5000.00},{"QuoteId":"0Q0f40000009bwtCAA","Id":"0QLf4000000sNKrGAM","PricebookEntryId":"01uf4000002SioGAAS","Quantity":3.00,"Product2Id":"01tf4000001E5PJAA0","UnitPrice":100000.00}]}|0x10467fd5
14:28:15.0 (7917158)|STATEMENT_EXECUTE|[11]
14:28:15.0 (8001001)|HEAP_ALLOCATE|[11]|Bytes:556
14:28:15.0 (8008553)|HEAP_ALLOCATE|[11]|Bytes:20
14:28:15.0 (8027128)|VARIABLE_SCOPE_BEGIN|[11]|q2|Quote|true|false
14:28:15.0 (8049140)|VARIABLE_ASSIGNMENT|[11]|q2|{"Name":"QUOTE 2","OpportunityId":"006f400000AO4MJAA1","Pricebook2Id":"01sf4000003Vb8JAAS","QuoteLineItems":[{"QuoteId":"0Q0f40000009bwtCAA","Id":"0QLf4000000sNKqGAM","PricebookEntryId":"01uf4000002Sio9AAC","Quantity":1.00,"Product2Id":"01tf4000001E5PCAA0","UnitPrice":5000.00},{"QuoteId":"0Q0f40000009bwtCAA","Id":"0QLf4000000sNKrGAM","PricebookEntryId":"01uf4000002SioGAAS","Quantity":3.00,"Product2Id":"01tf4000001E5PJAA0","UnitPrice":100000.00}]}|0x3dbaa597
14:28:15.0 (8059361)|STATEMENT_EXECUTE|[12]
14:28:15.0 (8137801)|VARIABLE_ASSIGNMENT|[12]|this.Pricebook2Id|"01sf4000003Vb8JAAS"|0x3dbaa597
14:28:15.0 (8147728)|STATEMENT_EXECUTE|[14]
14:28:15.0 (8170461)|HEAP_ALLOCATE|[14]|Bytes:8
14:28:15.0 (8185114)|DML_BEGIN|[14]|Op:Insert|Type:Quote|Rows:1
14:28:15.0 (8209420)|HEAP_ALLOCATE|[EXTERNAL]|Bytes:8
14:28:15.0 (47742727)|DML_END|[14]
14:28:15.0 (47756084)|HEAP_ALLOCATE|[14]|Bytes:-4
14:28:15.0 (47774713)|STATEMENT_EXECUTE|[15]
14:28:15.0 (47807888)|VARIABLE_SCOPE_BEGIN|[15]|idQuote|Id|false|false
14:28:15.0 (47886528)|VARIABLE_ASSIGNMENT|[15]|idQuote|"0Q0f40000009eMoCAI"
14:28:15.0 (47893893)|STATEMENT_EXECUTE|[18]
14:28:15.0 (47899995)|HEAP_ALLOCATE|[18]|Bytes:14
14:28:15.0 (47907391)|HEAP_ALLOCATE|[18]|Bytes:13
14:28:15.0 (47950299)|HEAP_ALLOCATE|[EXTERNAL]|Bytes:12
14:28:15.0 (48006906)|HEAP_ALLOCATE|[18]|Bytes:12
14:28:15.0 (48020919)|VARIABLE_SCOPE_BEGIN|[18]|items|List<QuoteLineItem>|true|false
14:28:15.0 (48055738)|VARIABLE_ASSIGNMENT|[18]|items|[{"QuoteId":"0Q0f40000009bwtCAA","Id":"0QLf4000000sNKqGAM","PricebookEntryId":"01uf4000002Sio9AAC","Quantity":1.00,"Product2Id":"01tf4000001E5PCAA0","UnitPrice":5000.00},{"QuoteId":"0Q0f40000009bwtCAA","Id":"0QLf4000000sNKrGAM","PricebookEntryId":"01uf4000002SioGAAS","Quantity":3.00,"Product2Id":"01tf4000001E5PJAA0","UnitPrice":100000.00}]|0x7aafc905
14:28:15.0 (48273388)|HEAP_ALLOCATE|[20]|Bytes:5
14:28:15.0 (48305259)|HEAP_ALLOCATE|[20]|Bytes:28
14:28:15.0 (48320805)|VARIABLE_SCOPE_BEGIN|[20]|i|QuoteLineItem|true|false
14:28:15.0 (48341320)|VARIABLE_ASSIGNMENT|[20]|i|{"QuoteId":"0Q0f40000009bwtCAA","Id":"0QLf4000000sNKqGAM","PricebookEntryId":"01uf4000002Sio9AAC","Quantity":1.00,"Product2Id":"01tf4000001E5PCAA0","UnitPrice":5000.00}|0x8b88423
14:28:15.0 (48349582)|STATEMENT_EXECUTE|[20]
14:28:15.0 (48351437)|STATEMENT_EXECUTE|[21]
14:28:15.0 (48371074)|HEAP_ALLOCATE|[21]|Bytes:4
14:28:15.0 (48482880)|VARIABLE_SCOPE_BEGIN|[21]|ql|QuoteLineItem|true|false
14:28:15.0 (48500645)|VARIABLE_ASSIGNMENT|[21]|ql|{}|0x6f7e4aad
14:28:15.0 (48506862)|STATEMENT_EXECUTE|[22]
14:28:15.0 (48576831)|VARIABLE_ASSIGNMENT|[22]|this.QuoteId|"0Q0f40000009eMoCAI"|0x6f7e4aad
14:28:15.0 (48583903)|STATEMENT_EXECUTE|[23]
14:28:15.0 (48607769)|VARIABLE_ASSIGNMENT|[23]|this.Description|null|0x6f7e4aad
14:28:15.0 (48613876)|STATEMENT_EXECUTE|[24]
14:28:15.0 (48629575)|VARIABLE_ASSIGNMENT|[24]|this.Discount|null|0x6f7e4aad
14:28:15.0 (48634803)|STATEMENT_EXECUTE|[25]
14:28:15.0 (48659835)|VARIABLE_ASSIGNMENT|[25]|this.PricebookEntryId|"01uf4000002Sio9AAC"|0x6f7e4aad
14:28:15.0 (48665654)|STATEMENT_EXECUTE|[26]
14:28:15.0 (48723161)|VARIABLE_ASSIGNMENT|[26]|this.Quantity|1.00|0x6f7e4aad
14:28:15.0 (48730769)|STATEMENT_EXECUTE|[27]
14:28:15.0 (48763393)|VARIABLE_ASSIGNMENT|[27]|this.Product2Id|"01tf4000001E5PCAA0"|0x6f7e4aad
14:28:15.0 (48769521)|STATEMENT_EXECUTE|[28]
14:28:15.0 (48796797)|VARIABLE_ASSIGNMENT|[28]|this.UnitPrice|5000.00|0x6f7e4aad
14:28:15.0 (48803483)|STATEMENT_EXECUTE|[29]
14:28:15.0 (48821771)|HEAP_ALLOCATE|[29]|Bytes:8
14:28:15.0 (48832982)|DML_BEGIN|[29]|Op:Insert|Type:QuoteLineItem|Rows:1
14:28:15.0 (48860673)|HEAP_ALLOCATE|[EXTERNAL]|Bytes:8
14:28:15.0 (118765274)|DML_END|[29]
14:28:15.0 (118843671)|HEAP_ALLOCATE|[20]|Bytes:5
14:28:15.0 (118881282)|HEAP_ALLOCATE|[20]|Bytes:28
14:28:15.0 (118902324)|VARIABLE_SCOPE_BEGIN|[20]|i|QuoteLineItem|true|false
14:28:15.0 (118944503)|VARIABLE_ASSIGNMENT|[20]|i|{"QuoteId":"0Q0f40000009bwtCAA","Id":"0QLf4000000sNKrGAM","PricebookEntryId":"01uf4000002SioGAAS","Quantity":3.00,"Product2Id":"01tf4000001E5PJAA0","UnitPrice":100000.00}|0x38c7a9bd
14:28:15.0 (118955726)|STATEMENT_EXECUTE|[20]
14:28:15.0 (118958408)|STATEMENT_EXECUTE|[21]
14:28:15.0 (118984175)|HEAP_ALLOCATE|[21]|Bytes:4
14:28:15.0 (119006015)|VARIABLE_SCOPE_BEGIN|[21]|ql|QuoteLineItem|true|false
14:28:15.0 (119021343)|VARIABLE_ASSIGNMENT|[21]|ql|{}|0x2efb8e82
14:28:15.0 (119027063)|STATEMENT_EXECUTE|[22]
14:28:15.0 (119075867)|VARIABLE_ASSIGNMENT|[22]|this.QuoteId|"0Q0f40000009eMoCAI"|0x2efb8e82
14:28:15.0 (119082432)|STATEMENT_EXECUTE|[23]
14:28:15.0 (119112689)|VARIABLE_ASSIGNMENT|[23]|this.Description|null|0x2efb8e82
14:28:15.0 (119118672)|STATEMENT_EXECUTE|[24]
14:28:15.0 (119150972)|VARIABLE_ASSIGNMENT|[24]|this.Discount|null|0x2efb8e82
14:28:15.0 (119158672)|STATEMENT_EXECUTE|[25]
14:28:15.0 (119191123)|VARIABLE_ASSIGNMENT|[25]|this.PricebookEntryId|"01uf4000002SioGAAS"|0x2efb8e82
14:28:15.0 (119197243)|STATEMENT_EXECUTE|[26]
14:28:15.0 (119225421)|VARIABLE_ASSIGNMENT|[26]|this.Quantity|3.00|0x2efb8e82
14:28:15.0 (119231448)|STATEMENT_EXECUTE|[27]
14:28:15.0 (119248770)|VARIABLE_ASSIGNMENT|[27]|this.Product2Id|"01tf4000001E5PJAA0"|0x2efb8e82
14:28:15.0 (119254769)|STATEMENT_EXECUTE|[28]
14:28:15.0 (119271812)|VARIABLE_ASSIGNMENT|[28]|this.UnitPrice|100000.00|0x2efb8e82
14:28:15.0 (119277342)|STATEMENT_EXECUTE|[29]
14:28:15.0 (119293638)|HEAP_ALLOCATE|[29]|Bytes:8
14:28:15.0 (119305996)|DML_BEGIN|[29]|Op:Insert|Type:QuoteLineItem|Rows:1
14:28:15.0 (119345634)|HEAP_ALLOCATE|[EXTERNAL]|Bytes:8
14:28:15.0 (192231533)|DML_END|[29]
14:28:15.0 (192307445)|HEAP_ALLOCATE|[20]|Bytes:5
14:28:15.0 (192351437)|VARIABLE_ASSIGNMENT|[20]|i|null|
14:28:15.0 (192369456)|SYSTEM_MODE_EXIT|false
14:28:15.198 (198434424)|CUMULATIVE_LIMIT_USAGE
14:28:15.198 (198434424)|LIMIT_USAGE_FOR_NS|(default)|
  Number of SOQL queries: 1 out of 100
  Number of query rows: 3 out of 50000
  Number of SOSL queries: 0 out of 20
  Number of DML statements: 3 out of 150
  Number of DML rows: 3 out of 10000
  Maximum CPU time: 0 out of 10000
  Maximum heap size: 0 out of 6000000
  Number of callouts: 0 out of 100
  Number of Email Invocations: 0 out of 10
  Number of future calls: 0 out of 50
  Number of queueable jobs added to the queue: 0 out of 50
  Number of Mobile Apex push calls: 0 out of 10

14:28:15.198 (198434424)|CUMULATIVE_LIMIT_USAGE_END

14:28:15.0 (198484027)|CODE_UNIT_FINISHED|CloneQuote.cloneQuote
14:28:15.0 (198562682)|CODE_UNIT_FINISHED|Aura
14:28:15.0 (199426794)|EXECUTION_FINISHED
