42.0 APEX_CODE,FINEST;APEX_PROFILING,INFO;CALLOUT,INFO;DB,INFO;SYSTEM,DEBUG;VALIDATION,INFO;VISUALFORCE,INFO;WAVE,INFO;WORKFLOW,INFO
14:27:01.0 (87819)|USER_INFO|[EXTERNAL]|005f4000001uuP2|nmolinam@deloitte.com|Hora de Venezuela|GMT-04:00
14:27:01.0 (136246)|EXECUTION_STARTED
14:27:01.0 (142588)|CODE_UNIT_STARTED|[EXTERNAL]|Aura
14:27:01.0 (1294202)|CODE_UNIT_STARTED|[EXTERNAL]|01pf4000008WnsX|ViewQuotePDF.getPDF
14:27:01.0 (1487852)|HEAP_ALLOCATE|[72]|Bytes:3
14:27:01.0 (1577513)|HEAP_ALLOCATE|[77]|Bytes:152
14:27:01.0 (1599939)|HEAP_ALLOCATE|[342]|Bytes:408
14:27:01.0 (1621332)|HEAP_ALLOCATE|[355]|Bytes:408
14:27:01.0 (1640967)|HEAP_ALLOCATE|[467]|Bytes:48
14:27:01.0 (1676068)|HEAP_ALLOCATE|[139]|Bytes:6
14:27:01.0 (1743783)|HEAP_ALLOCATE|[EXTERNAL]|Bytes:4
14:27:01.0 (1783121)|HEAP_ALLOCATE|[EXTERNAL]|Bytes:5
14:27:01.0 (1796092)|METHOD_ENTRY|[1]|01pf4000008WnsX|ViewQuotePDF.ViewQuotePDF()
14:27:01.0 (1805917)|STATEMENT_EXECUTE|[1]
14:27:01.0 (1812563)|STATEMENT_EXECUTE|[1]
14:27:01.0 (1850686)|HEAP_ALLOCATE|[50]|Bytes:5
14:27:01.0 (1876914)|HEAP_ALLOCATE|[56]|Bytes:5
14:27:01.0 (1889120)|HEAP_ALLOCATE|[64]|Bytes:7
14:27:01.0 (1918861)|SYSTEM_MODE_ENTER|false
14:27:01.0 (2091713)|HEAP_ALLOCATE|[EXTERNAL]|Bytes:5
14:27:01.0 (2103891)|SYSTEM_MODE_EXIT|false
14:27:01.0 (2118380)|METHOD_EXIT|[1]|ViewQuotePDF
14:27:01.0 (2137639)|SYSTEM_MODE_ENTER|false
14:27:01.0 (2155886)|HEAP_ALLOCATE|[4]|Bytes:5
14:27:01.0 (2162960)|STATEMENT_EXECUTE|[3]
14:27:01.0 (2166110)|STATEMENT_EXECUTE|[4]
14:27:01.0 (2269435)|HEAP_ALLOCATE|[4]|Bytes:4
14:27:01.0 (2349916)|VARIABLE_SCOPE_BEGIN|[4]|quotes|List<Quote>|true|false
14:27:01.0 (2471526)|HEAP_ALLOCATE|[EXTERNAL]|Bytes:4
14:27:01.0 (2500908)|VARIABLE_ASSIGNMENT|[4]|quotes|[]|0x5cbafaba
14:27:01.0 (2514591)|STATEMENT_EXECUTE|[5]
14:27:01.0 (2520447)|VARIABLE_SCOPE_BEGIN|[5]|pfdBase64|String|false|false
14:27:01.0 (2535282)|VARIABLE_ASSIGNMENT|[5]|pfdBase64|null
14:27:01.0 (2542651)|HEAP_ALLOCATE|[7]|Bytes:22
14:27:01.0 (2573990)|HEAP_ALLOCATE|[7]|Bytes:4
14:27:01.0 (2918874)|SOQL_EXECUTE_BEGIN|[7]|Aggregations:0|SELECT Name FROM Quote
14:27:01.0 (4645687)|SOQL_EXECUTE_END|[7]|Rows:1
14:27:01.0 (4667020)|HEAP_ALLOCATE|[EXTERNAL]|Bytes:8
14:27:01.0 (4819081)|HEAP_ALLOCATE|[7]|Bytes:54
14:27:01.0 (4828716)|HEAP_ALLOCATE|[7]|Bytes:8
14:27:01.0 (4837980)|SYSTEM_METHOD_ENTRY|[7]|QueryLocatorIterator.QueryLocatorIterator()
14:27:01.0 (4842587)|STATEMENT_EXECUTE|[7]
14:27:01.0 (4849513)|SYSTEM_METHOD_EXIT|[7]|QueryLocatorIterator
14:27:01.0 (4856834)|HEAP_ALLOCATE|[7]|Bytes:28
14:27:01.0 (4886736)|HEAP_ALLOCATE|[7]|Bytes:8
14:27:01.0 (4900130)|HEAP_ALLOCATE|[7]|Bytes:8
14:27:01.0 (4903641)|HEAP_ALLOCATE|[7]|Bytes:8
14:27:01.0 (4909524)|VARIABLE_SCOPE_BEGIN|[15]|this|Database.QueryLocatorIterator|true|false
14:27:01.0 (4959329)|VARIABLE_ASSIGNMENT|[15]|this|{}|0x660c9dc1
14:27:01.0 (4966720)|VARIABLE_SCOPE_BEGIN|[15]|values|List<SObject>|true|false
14:27:01.0 (4984608)|VARIABLE_ASSIGNMENT|[15]|values|[{"Name":"first quote","Id":"0Q0f40000009VVICA2"}]|0x54b4a66d
14:27:01.0 (4990683)|VARIABLE_SCOPE_BEGIN|[15]|ql|Database.QueryLocator|true|false
14:27:01.0 (5012234)|VARIABLE_ASSIGNMENT|[15]|ql|{"query":"SELECT Name FROM Quo (2 more) ..."}|0x7187da1
14:27:01.0 (5018997)|VARIABLE_SCOPE_BEGIN|[15]|totalNumRecords|Integer|false|false
14:27:01.0 (5027889)|VARIABLE_ASSIGNMENT|[15]|totalNumRecords|1
14:27:01.0 (5033293)|VARIABLE_SCOPE_BEGIN|[15]|queryMoreSize|Integer|false|false
14:27:01.0 (5040634)|VARIABLE_ASSIGNMENT|[15]|queryMoreSize|49999
14:27:01.0 (5129318)|HEAP_ALLOCATE|[7]|Bytes:28
14:27:01.0 (5151591)|METHOD_ENTRY|[7]||Database.QueryLocatorIterator.hasNext()
14:27:01.0 (5196010)|METHOD_EXIT|[7]||Database.QueryLocatorIterator.hasNext()
14:27:01.0 (5204320)|METHOD_ENTRY|[7]||Database.QueryLocatorIterator.next()
14:27:01.0 (5273721)|METHOD_EXIT|[7]||Database.QueryLocatorIterator.next()
14:27:01.0 (5282379)|VARIABLE_SCOPE_BEGIN|[7]|q|Quote|true|false
14:27:01.0 (5297494)|VARIABLE_ASSIGNMENT|[7]|q|{"Name":"first quote","Id":"0Q0f40000009VVICA2"}|0x1876ca06
14:27:01.0 (5304842)|STATEMENT_EXECUTE|[7]
14:27:01.0 (5307080)|STATEMENT_EXECUTE|[8]
14:27:01.0 (5336839)|HEAP_ALLOCATE|[EXTERNAL]|Bytes:4
14:27:01.0 (5348776)|METHOD_ENTRY|[7]||Database.QueryLocatorIterator.hasNext()
14:27:01.0 (5361418)|METHOD_EXIT|[7]||Database.QueryLocatorIterator.hasNext()
14:27:01.0 (5368972)|VARIABLE_ASSIGNMENT|[7]|q|null|
14:27:01.0 (5398620)|STATEMENT_EXECUTE|[13]
14:27:01.0 (5478472)|HEAP_ALLOCATE|[14]|Bytes:5
14:27:01.0 (5507809)|HEAP_ALLOCATE|[14]|Bytes:12
14:27:01.0 (5515165)|VARIABLE_SCOPE_BEGIN|[14]|q|Quote|true|false
14:27:01.0 (5529069)|VARIABLE_ASSIGNMENT|[14]|q|{"Name":"first quote","Id":"0Q0f40000009VVICA2"}|0x1876ca06
14:27:01.0 (5535340)|STATEMENT_EXECUTE|[14]
14:27:01.0 (5537202)|STATEMENT_EXECUTE|[15]
14:27:01.0 (5540206)|HEAP_ALLOCATE|[15]|Bytes:20
14:27:01.0 (5584336)|HEAP_ALLOCATE|[15]|Bytes:31
14:27:01.0 (5613727)|USER_DEBUG|[15]|DEBUG|nombre de la quote: first quote
14:27:01.0 (5630307)|HEAP_ALLOCATE|[14]|Bytes:5
14:27:01.0 (5641857)|VARIABLE_ASSIGNMENT|[14]|q|null|
14:27:01.0 (5646614)|STATEMENT_EXECUTE|[18]
14:27:01.0 (5649225)|HEAP_ALLOCATE|[18]|Bytes:53
14:27:01.0 (5661209)|HEAP_ALLOCATE|[18]|Bytes:4
14:27:01.0 (5668247)|HEAP_ALLOCATE|[18]|Bytes:7
14:27:01.0 (5692969)|HEAP_ALLOCATE|[18]|Bytes:12
14:27:01.0 (6347240)|SOQL_EXECUTE_BEGIN|[18]|Aggregations:0|SELECT Body FROM Attachment WHERE ParentId = :tmpVar1
14:27:01.0 (8776766)|SOQL_EXECUTE_END|[18]|Rows:0
14:27:01.0 (8799222)|HEAP_ALLOCATE|[18]|Bytes:4
14:27:01.0 (8808091)|HEAP_ALLOCATE|[18]|Bytes:0
14:27:01.0 (8861744)|HEAP_ALLOCATE|[18]|Bytes:4
14:27:01.0 (8873783)|VARIABLE_SCOPE_BEGIN|[18]|attachements|List<Attachment>|true|false
14:27:01.0 (8889506)|VARIABLE_ASSIGNMENT|[18]|attachements|[]|0x70fea12c
14:27:01.0 (8895884)|STATEMENT_EXECUTE|[25]
14:27:01.0 (8899875)|HEAP_ALLOCATE|[25]|Bytes:10904
14:27:01.0 (8910814)|SYSTEM_MODE_EXIT|false
14:27:01.8 (8935769)|CUMULATIVE_LIMIT_USAGE
14:27:01.8 (8935769)|LIMIT_USAGE_FOR_NS|(default)|
  Number of SOQL queries: 2 out of 100
  Number of query rows: 1 out of 50000
  Number of SOSL queries: 0 out of 20
  Number of DML statements: 0 out of 150
  Number of DML rows: 0 out of 10000
  Maximum CPU time: 0 out of 10000
  Maximum heap size: 0 out of 6000000
  Number of callouts: 0 out of 100
  Number of Email Invocations: 0 out of 10
  Number of future calls: 0 out of 50
  Number of queueable jobs added to the queue: 0 out of 50
  Number of Mobile Apex push calls: 0 out of 10

14:27:01.8 (8935769)|CUMULATIVE_LIMIT_USAGE_END

14:27:01.0 (8973684)|CODE_UNIT_FINISHED|ViewQuotePDF.getPDF
14:27:01.0 (9250589)|CODE_UNIT_FINISHED|Aura
14:27:01.0 (10399346)|EXECUTION_FINISHED
