42.0 APEX_CODE,FINEST;APEX_PROFILING,INFO;CALLOUT,INFO;DB,INFO;SYSTEM,DEBUG;VALIDATION,INFO;VISUALFORCE,INFO;WAVE,INFO;WORKFLOW,INFO
Execute Anonymous: CloneQuote.cloneQuote('0Q0f40000009bwtCAA');
12:35:07.1 (1123673)|USER_INFO|[EXTERNAL]|005f4000001uuP2|nmolinam@deloitte.com|Hora de Venezuela|GMT-04:00
12:35:07.1 (1148789)|EXECUTION_STARTED
12:35:07.1 (1153186)|CODE_UNIT_STARTED|[EXTERNAL]|execute_anonymous_apex
12:35:07.1 (1380532)|HEAP_ALLOCATE|[72]|Bytes:3
12:35:07.1 (1424629)|HEAP_ALLOCATE|[77]|Bytes:152
12:35:07.1 (1446406)|HEAP_ALLOCATE|[342]|Bytes:408
12:35:07.1 (1459392)|HEAP_ALLOCATE|[355]|Bytes:408
12:35:07.1 (1470136)|HEAP_ALLOCATE|[467]|Bytes:48
12:35:07.1 (1500323)|HEAP_ALLOCATE|[139]|Bytes:6
12:35:07.1 (1517112)|HEAP_ALLOCATE|[EXTERNAL]|Bytes:1
12:35:07.1 (1611482)|STATEMENT_EXECUTE|[1]
12:35:07.1 (1614238)|STATEMENT_EXECUTE|[1]
12:35:07.1 (1617135)|HEAP_ALLOCATE|[1]|Bytes:18
12:35:07.1 (1633569)|HEAP_ALLOCATE|[1]|Bytes:4
12:35:07.1 (1691418)|HEAP_ALLOCATE|[50]|Bytes:5
12:35:07.1 (1712876)|HEAP_ALLOCATE|[56]|Bytes:5
12:35:07.1 (1720033)|HEAP_ALLOCATE|[64]|Bytes:7
12:35:07.1 (1742913)|SYSTEM_MODE_ENTER|false
12:35:07.1 (1768438)|HEAP_ALLOCATE|[1]|Bytes:5
12:35:07.1 (3036245)|HEAP_ALLOCATE|[1]|Bytes:1
12:35:07.1 (3055181)|METHOD_ENTRY|[1]|01pf4000009Vx35|CloneQuote.CloneQuote()
12:35:07.1 (3062171)|STATEMENT_EXECUTE|[1]
12:35:07.1 (3066262)|STATEMENT_EXECUTE|[1]
12:35:07.1 (3077689)|HEAP_ALLOCATE|[1]|Bytes:5
12:35:07.1 (3089876)|METHOD_EXIT|[1]|CloneQuote
12:35:07.1 (3112909)|METHOD_ENTRY|[1]|01pf4000009Vx35|CloneQuote.cloneQuote(Id)
12:35:07.1 (3140634)|VARIABLE_SCOPE_BEGIN|[3]|quoteId|Id|false|false
12:35:07.1 (3349490)|VARIABLE_ASSIGNMENT|[3]|quoteId|"0Q0f40000009bwtCAA"
12:35:07.1 (3371495)|HEAP_ALLOCATE|[6]|Bytes:5
12:35:07.1 (3377324)|STATEMENT_EXECUTE|[3]
12:35:07.1 (3378961)|STATEMENT_EXECUTE|[4]
12:35:07.1 (3381989)|HEAP_ALLOCATE|[6]|Bytes:95
12:35:07.1 (3407739)|HEAP_ALLOCATE|[6]|Bytes:4
12:35:07.1 (3422144)|HEAP_ALLOCATE|[6]|Bytes:7
12:35:07.1 (3789852)|SOQL_EXECUTE_BEGIN|[6]|Aggregations:1|SELECT Name, OPPORTUNITYiD, (SELECT QuoteId FROM QuoteLineItems) FROM QUOTE WHERE ID = :tmpVar1
12:35:07.1 (28086754)|SOQL_EXECUTE_END|[6]|Rows:1
12:35:07.1 (28132274)|HEAP_ALLOCATE|[6]|Bytes:8
12:35:07.1 (28165418)|HEAP_ALLOCATE|[6]|Bytes:213
12:35:07.1 (28343283)|HEAP_ALLOCATE|[6]|Bytes:8
12:35:07.1 (28368128)|HEAP_ALLOCATE|[4]|Bytes:31
12:35:07.1 (28431245)|HEAP_ALLOCATE|[4]|Bytes:20
12:35:07.1 (28441704)|VARIABLE_SCOPE_BEGIN|[4]|q1|Quote|true|false
12:35:07.1 (28484835)|VARIABLE_ASSIGNMENT|[4]|q1|{"Name":"QUOTE 2","OpportunityId":"006f400000AO4MJAA1","Id":"0Q0f40000009bwtCAA","QuoteLineItems":[{"QuoteId":"0Q0f40000009bwtCAA","Id":"0QLf4000000sNKqGAM"},{"QuoteId":"0Q0f40000009bwtCAA","Id":"0QLf4000000sNKrGAM"}]}|0x5769b5f9
12:35:07.1 (28494860)|STATEMENT_EXECUTE|[10]
12:35:07.1 (28612410)|HEAP_ALLOCATE|[10]|Bytes:188
12:35:07.1 (28618072)|HEAP_ALLOCATE|[10]|Bytes:16
12:35:07.1 (28641239)|VARIABLE_SCOPE_BEGIN|[10]|q2|Quote|true|false
12:35:07.1 (28659246)|VARIABLE_ASSIGNMENT|[10]|q2|{"Name":"QUOTE 2","OpportunityId":"006f400000AO4MJAA1","QuoteLineItems":[{"QuoteId":"0Q0f40000009bwtCAA","Id":"0QLf4000000sNKqGAM"},{"QuoteId":"0Q0f40000009bwtCAA","Id":"0QLf4000000sNKrGAM"}]}|0x105eaa5d
12:35:07.1 (28666589)|STATEMENT_EXECUTE|[13]
12:35:07.1 (28671490)|HEAP_ALLOCATE|[13]|Bytes:14
12:35:07.1 (28676118)|HEAP_ALLOCATE|[13]|Bytes:13
12:35:07.1 (28722145)|HEAP_ALLOCATE|[EXTERNAL]|Bytes:12
12:35:07.1 (28771409)|HEAP_ALLOCATE|[13]|Bytes:12
12:35:07.1 (28784583)|VARIABLE_SCOPE_BEGIN|[13]|items|List<QuoteLineItem>|true|false
12:35:07.1 (28827281)|VARIABLE_ASSIGNMENT|[13]|items|[{"QuoteId":"0Q0f40000009bwtCAA","Id":"0QLf4000000sNKqGAM"},{"QuoteId":"0Q0f40000009bwtCAA","Id":"0QLf4000000sNKrGAM"}]|0xbe866cc
12:35:07.1 (28838773)|STATEMENT_EXECUTE|[15]
12:35:07.1 (28876647)|HEAP_ALLOCATE|[15]|Bytes:-4
12:35:07.1 (28890151)|VARIABLE_ASSIGNMENT|[15]|this.Id|null|0x105eaa5d
12:35:07.1 (28896595)|STATEMENT_EXECUTE|[16]
12:35:07.1 (28925179)|HEAP_ALLOCATE|[16]|Bytes:8
12:35:07.1 (28937066)|DML_BEGIN|[16]|Op:Insert|Type:Quote|Rows:1
12:35:07.1 (28967862)|HEAP_ALLOCATE|[EXTERNAL]|Bytes:8
12:35:07.1 (75086033)|DML_END|[16]
12:35:07.1 (75526267)|HEAP_ALLOCATE|[17]|Bytes:5
12:35:07.1 (75572778)|HEAP_ALLOCATE|[17]|Bytes:12
12:35:07.1 (75593483)|VARIABLE_SCOPE_BEGIN|[17]|i|QuoteLineItem|true|false
12:35:07.1 (75635125)|VARIABLE_ASSIGNMENT|[17]|i|{"QuoteId":"0Q0f40000009bwtCAA","Id":"0QLf4000000sNKqGAM"}|0x746aba5a
12:35:07.1 (75648417)|STATEMENT_EXECUTE|[17]
12:35:07.1 (75651167)|STATEMENT_EXECUTE|[18]
12:35:07.1 (76075835)|HEAP_ALLOCATE|[18]|Bytes:49
12:35:07.1 (76115607)|METHOD_EXIT|[1]|01pf4000009Vx35|CloneQuote.cloneQuote(Id)
12:35:07.1 (76140455)|SYSTEM_MODE_EXIT|false
12:35:07.1 (76287253)|FATAL_ERROR|System.SObjectException: Field is not writeable: QuoteLineItem.QuoteId

Class.CloneQuote.cloneQuote: line 18, column 1
AnonymousBlock: line 1, column 1
AnonymousBlock: line 1, column 1
12:35:07.76 (76337755)|CUMULATIVE_LIMIT_USAGE
12:35:07.76 (76337755)|LIMIT_USAGE_FOR_NS|(default)|
  Number of SOQL queries: 1 out of 100
  Number of query rows: 3 out of 50000
  Number of SOSL queries: 0 out of 20
  Number of DML statements: 1 out of 150
  Number of DML rows: 1 out of 10000
  Maximum CPU time: 0 out of 10000
  Maximum heap size: 0 out of 6000000
  Number of callouts: 0 out of 100
  Number of Email Invocations: 0 out of 10
  Number of future calls: 0 out of 50
  Number of queueable jobs added to the queue: 0 out of 50
  Number of Mobile Apex push calls: 0 out of 10

12:35:07.76 (76337755)|CUMULATIVE_LIMIT_USAGE_END

12:35:07.1 (76376086)|CODE_UNIT_FINISHED|execute_anonymous_apex
12:35:07.1 (77776692)|EXECUTION_FINISHED
