42.0 APEX_CODE,FINEST;APEX_PROFILING,INFO;CALLOUT,INFO;DB,INFO;SYSTEM,DEBUG;VALIDATION,INFO;VISUALFORCE,INFO;WAVE,INFO;WORKFLOW,INFO
09:34:28.0 (96082)|USER_INFO|[EXTERNAL]|005f4000001uuP2|nmolinam@deloitte.com|Hora de Venezuela|GMT-04:00
09:34:28.0 (134736)|EXECUTION_STARTED
09:34:28.0 (139752)|CODE_UNIT_STARTED|[EXTERNAL]|Aura
09:34:28.0 (724385)|HEAP_ALLOCATE|[72]|Bytes:3
09:34:28.0 (776393)|HEAP_ALLOCATE|[77]|Bytes:152
09:34:28.0 (793854)|HEAP_ALLOCATE|[342]|Bytes:408
09:34:28.0 (806618)|HEAP_ALLOCATE|[355]|Bytes:408
09:34:28.0 (817589)|HEAP_ALLOCATE|[467]|Bytes:48
09:34:28.0 (853717)|HEAP_ALLOCATE|[139]|Bytes:6
09:34:28.0 (873542)|HEAP_ALLOCATE|[EXTERNAL]|Bytes:18
09:34:28.0 (885274)|HEAP_ALLOCATE|[EXTERNAL]|Bytes:4
09:34:28.0 (1676980)|CODE_UNIT_STARTED|[EXTERNAL]|01pf4000009Vx35|CloneQuote.getQuote
09:34:28.0 (1803886)|HEAP_ALLOCATE|[EXTERNAL]|Bytes:4
09:34:28.0 (1810797)|HEAP_ALLOCATE|[EXTERNAL]|Bytes:2
09:34:28.0 (1820953)|METHOD_ENTRY|[1]|01pf4000009Vx35|CloneQuote.CloneQuote()
09:34:28.0 (1827358)|STATEMENT_EXECUTE|[1]
09:34:28.0 (1832736)|STATEMENT_EXECUTE|[1]
09:34:28.0 (1863542)|HEAP_ALLOCATE|[50]|Bytes:5
09:34:28.0 (1887645)|HEAP_ALLOCATE|[56]|Bytes:5
09:34:28.0 (1894863)|HEAP_ALLOCATE|[64]|Bytes:7
09:34:28.0 (1928390)|SYSTEM_MODE_ENTER|false
09:34:28.0 (1940797)|HEAP_ALLOCATE|[EXTERNAL]|Bytes:5
09:34:28.0 (1948696)|SYSTEM_MODE_EXIT|false
09:34:28.0 (1957188)|METHOD_EXIT|[1]|CloneQuote
09:34:28.0 (1962780)|HEAP_ALLOCATE|[EXTERNAL]|Bytes:4
09:34:28.0 (1972159)|SYSTEM_MODE_ENTER|false
09:34:28.0 (1978494)|VARIABLE_SCOPE_BEGIN|[34]|recordId|Id|false|false
09:34:28.0 (2310414)|VARIABLE_ASSIGNMENT|[34]|recordId|"0Q0f40000009lJOCAY"
09:34:28.0 (2333646)|HEAP_ALLOCATE|[35]|Bytes:5
09:34:28.0 (2338875)|STATEMENT_EXECUTE|[34]
09:34:28.0 (2340877)|STATEMENT_EXECUTE|[35]
09:34:28.0 (2343854)|HEAP_ALLOCATE|[35]|Bytes:82
09:34:28.0 (2359647)|HEAP_ALLOCATE|[35]|Bytes:4
09:34:28.0 (2372379)|HEAP_ALLOCATE|[35]|Bytes:7
09:34:28.0 (2739053)|SOQL_EXECUTE_BEGIN|[35]|Aggregations:0|SELECT Name, AccountId, OpportunityId, Pricebook2Id FROM Quote WHERE Id = :tmpVar1
09:34:28.0 (5281082)|SOQL_EXECUTE_END|[35]|Rows:1
09:34:28.0 (5307633)|HEAP_ALLOCATE|[35]|Bytes:8
09:34:28.0 (5321998)|HEAP_ALLOCATE|[35]|Bytes:114
09:34:28.0 (5426125)|HEAP_ALLOCATE|[35]|Bytes:8
09:34:28.0 (5439736)|HEAP_ALLOCATE|[35]|Bytes:31
09:34:28.0 (5480382)|HEAP_ALLOCATE|[35]|Bytes:20
09:34:28.0 (5489814)|VARIABLE_SCOPE_BEGIN|[35]|q|Quote|true|false
09:34:28.0 (5518390)|VARIABLE_ASSIGNMENT|[35]|q|{"Name":"first quote","AccountId":"001f400000IPlikAAD","OpportunityId":"006f400000AO4MJAA1","Id":"0Q0f40000009lJOCAY"}|0x7445aac6
09:34:28.0 (5525900)|STATEMENT_EXECUTE|[36]
09:34:28.0 (5593915)|USER_DEBUG|[36]|DEBUG|Quote:{Name=first quote, AccountId=001f400000IPlikAAD, OpportunityId=006f400000AO4MJAA1, Id=0Q0f40000009lJOCAY}
09:34:28.0 (5604749)|STATEMENT_EXECUTE|[37]
09:34:28.0 (5614394)|SYSTEM_MODE_EXIT|false
09:34:28.5 (5638614)|CUMULATIVE_LIMIT_USAGE
09:34:28.5 (5638614)|LIMIT_USAGE_FOR_NS|(default)|
  Number of SOQL queries: 1 out of 100
  Number of query rows: 1 out of 50000
  Number of SOSL queries: 0 out of 20
  Number of DML statements: 0 out of 150
  Number of DML rows: 0 out of 10000
  Maximum CPU time: 0 out of 10000
  Maximum heap size: 0 out of 6000000
  Number of callouts: 0 out of 100
  Number of Email Invocations: 0 out of 10
  Number of future calls: 0 out of 50
  Number of queueable jobs added to the queue: 0 out of 50
  Number of Mobile Apex push calls: 0 out of 10

09:34:28.5 (5638614)|CUMULATIVE_LIMIT_USAGE_END

09:34:28.0 (5669168)|CODE_UNIT_FINISHED|CloneQuote.getQuote
09:34:28.0 (5730151)|CODE_UNIT_FINISHED|Aura
09:34:28.0 (7243055)|EXECUTION_FINISHED
