42.0 APEX_CODE,FINEST;APEX_PROFILING,INFO;CALLOUT,INFO;DB,INFO;SYSTEM,DEBUG;VALIDATION,INFO;VISUALFORCE,INFO;WAVE,INFO;WORKFLOW,INFO
15:26:59.0 (66585)|USER_INFO|[EXTERNAL]|005f4000001uuP2|nmolinam@deloitte.com|Hora de Venezuela|GMT-04:00
15:26:59.0 (103601)|EXECUTION_STARTED
15:26:59.0 (108507)|CODE_UNIT_STARTED|[EXTERNAL]|Aura
15:26:59.0 (1410668)|CODE_UNIT_STARTED|[EXTERNAL]|01pf4000008WnsX|ViewQuotePDF.getPDF
15:26:59.0 (1654354)|HEAP_ALLOCATE|[72]|Bytes:3
15:26:59.0 (1697148)|HEAP_ALLOCATE|[77]|Bytes:152
15:26:59.0 (1711034)|HEAP_ALLOCATE|[342]|Bytes:408
15:26:59.0 (1723136)|HEAP_ALLOCATE|[355]|Bytes:408
15:26:59.0 (1733592)|HEAP_ALLOCATE|[467]|Bytes:48
15:26:59.0 (1761284)|HEAP_ALLOCATE|[139]|Bytes:6
15:26:59.0 (1775750)|HEAP_ALLOCATE|[EXTERNAL]|Bytes:7
15:26:59.0 (1781079)|HEAP_ALLOCATE|[EXTERNAL]|Bytes:11
15:26:59.0 (1791258)|METHOD_ENTRY|[1]|01pf4000008WnsX|ViewQuotePDF.ViewQuotePDF()
15:26:59.0 (1798763)|STATEMENT_EXECUTE|[1]
15:26:59.0 (1803388)|STATEMENT_EXECUTE|[1]
15:26:59.0 (1840814)|HEAP_ALLOCATE|[50]|Bytes:5
15:26:59.0 (1862464)|HEAP_ALLOCATE|[56]|Bytes:5
15:26:59.0 (1869564)|HEAP_ALLOCATE|[64]|Bytes:7
15:26:59.0 (1888640)|SYSTEM_MODE_ENTER|false
15:26:59.0 (1904648)|HEAP_ALLOCATE|[EXTERNAL]|Bytes:5
15:26:59.0 (1912940)|SYSTEM_MODE_EXIT|false
15:26:59.0 (1922331)|METHOD_EXIT|[1]|ViewQuotePDF
15:26:59.0 (1931740)|SYSTEM_MODE_ENTER|false
15:26:59.0 (1944503)|HEAP_ALLOCATE|[4]|Bytes:5
15:26:59.0 (1949504)|STATEMENT_EXECUTE|[3]
15:26:59.0 (1951871)|STATEMENT_EXECUTE|[4]
15:26:59.0 (2052114)|HEAP_ALLOCATE|[4]|Bytes:4
15:26:59.0 (2127678)|VARIABLE_SCOPE_BEGIN|[4]|quotes|List<Quote>|true|false
15:26:59.0 (2142866)|HEAP_ALLOCATE|[EXTERNAL]|Bytes:4
15:26:59.0 (2166477)|VARIABLE_ASSIGNMENT|[4]|quotes|[]|0x6e27c14e
15:26:59.0 (2173195)|STATEMENT_EXECUTE|[5]
15:26:59.0 (2177050)|VARIABLE_SCOPE_BEGIN|[5]|pfdBase64|String|false|false
15:26:59.0 (2187652)|VARIABLE_ASSIGNMENT|[5]|pfdBase64|null
15:26:59.0 (2193366)|HEAP_ALLOCATE|[7]|Bytes:22
15:26:59.0 (2211606)|HEAP_ALLOCATE|[7]|Bytes:4
15:26:59.0 (2478000)|SOQL_EXECUTE_BEGIN|[7]|Aggregations:0|SELECT Name FROM Quote
15:26:59.0 (4070218)|SOQL_EXECUTE_END|[7]|Rows:1
15:26:59.0 (4091179)|HEAP_ALLOCATE|[EXTERNAL]|Bytes:8
15:26:59.0 (4245839)|HEAP_ALLOCATE|[7]|Bytes:54
15:26:59.0 (4254453)|HEAP_ALLOCATE|[7]|Bytes:8
15:26:59.0 (4263143)|SYSTEM_METHOD_ENTRY|[7]|QueryLocatorIterator.QueryLocatorIterator()
15:26:59.0 (4268169)|STATEMENT_EXECUTE|[7]
15:26:59.0 (4275381)|SYSTEM_METHOD_EXIT|[7]|QueryLocatorIterator
15:26:59.0 (4287417)|HEAP_ALLOCATE|[7]|Bytes:28
15:26:59.0 (4326109)|HEAP_ALLOCATE|[7]|Bytes:8
15:26:59.0 (4340268)|HEAP_ALLOCATE|[7]|Bytes:8
15:26:59.0 (4344092)|HEAP_ALLOCATE|[7]|Bytes:8
15:26:59.0 (4349639)|VARIABLE_SCOPE_BEGIN|[15]|this|Database.QueryLocatorIterator|true|false
15:26:59.0 (4384201)|VARIABLE_ASSIGNMENT|[15]|this|{}|0x58d7b82
15:26:59.0 (4391329)|VARIABLE_SCOPE_BEGIN|[15]|values|List<SObject>|true|false
15:26:59.0 (4409421)|VARIABLE_ASSIGNMENT|[15]|values|[{"Name":"first quote","Id":"0Q0f40000009VVICA2"}]|0x3a6d10d9
15:26:59.0 (4416394)|VARIABLE_SCOPE_BEGIN|[15]|ql|Database.QueryLocator|true|false
15:26:59.0 (4442905)|VARIABLE_ASSIGNMENT|[15]|ql|{"query":"SELECT Name FROM Quo (2 more) ..."}|0x5a095f00
15:26:59.0 (4449224)|VARIABLE_SCOPE_BEGIN|[15]|totalNumRecords|Integer|false|false
15:26:59.0 (4458229)|VARIABLE_ASSIGNMENT|[15]|totalNumRecords|1
15:26:59.0 (4462630)|VARIABLE_SCOPE_BEGIN|[15]|queryMoreSize|Integer|false|false
15:26:59.0 (4469394)|VARIABLE_ASSIGNMENT|[15]|queryMoreSize|49999
15:26:59.0 (4556190)|HEAP_ALLOCATE|[7]|Bytes:28
15:26:59.0 (4578586)|METHOD_ENTRY|[7]||Database.QueryLocatorIterator.hasNext()
15:26:59.0 (4627208)|METHOD_EXIT|[7]||Database.QueryLocatorIterator.hasNext()
15:26:59.0 (4635261)|METHOD_ENTRY|[7]||Database.QueryLocatorIterator.next()
15:26:59.0 (4707843)|METHOD_EXIT|[7]||Database.QueryLocatorIterator.next()
15:26:59.0 (4716140)|VARIABLE_SCOPE_BEGIN|[7]|q|Quote|true|false
15:26:59.0 (4732035)|VARIABLE_ASSIGNMENT|[7]|q|{"Name":"first quote","Id":"0Q0f40000009VVICA2"}|0xf46f44
15:26:59.0 (4739089)|STATEMENT_EXECUTE|[7]
15:26:59.0 (4741309)|STATEMENT_EXECUTE|[8]
15:26:59.0 (4770814)|HEAP_ALLOCATE|[EXTERNAL]|Bytes:4
15:26:59.0 (4782280)|METHOD_ENTRY|[7]||Database.QueryLocatorIterator.hasNext()
15:26:59.0 (4795834)|METHOD_EXIT|[7]||Database.QueryLocatorIterator.hasNext()
15:26:59.0 (4803064)|VARIABLE_ASSIGNMENT|[7]|q|null|
15:26:59.0 (4832587)|STATEMENT_EXECUTE|[13]
15:26:59.0 (4925453)|HEAP_ALLOCATE|[14]|Bytes:5
15:26:59.0 (4940280)|HEAP_ALLOCATE|[14]|Bytes:12
15:26:59.0 (4947058)|VARIABLE_SCOPE_BEGIN|[14]|q|Quote|true|false
15:26:59.0 (4961144)|VARIABLE_ASSIGNMENT|[14]|q|{"Name":"first quote","Id":"0Q0f40000009VVICA2"}|0xf46f44
15:26:59.0 (4967370)|STATEMENT_EXECUTE|[14]
15:26:59.0 (4969296)|STATEMENT_EXECUTE|[15]
15:26:59.0 (4972339)|HEAP_ALLOCATE|[15]|Bytes:20
15:26:59.0 (5017367)|HEAP_ALLOCATE|[15]|Bytes:31
15:26:59.0 (5046184)|USER_DEBUG|[15]|DEBUG|nombre de la quote: first quote
15:26:59.0 (5061277)|HEAP_ALLOCATE|[14]|Bytes:5
15:26:59.0 (5072301)|VARIABLE_ASSIGNMENT|[14]|q|null|
15:26:59.0 (5077328)|STATEMENT_EXECUTE|[18]
15:26:59.0 (5080144)|HEAP_ALLOCATE|[18]|Bytes:53
15:26:59.0 (5091100)|HEAP_ALLOCATE|[18]|Bytes:4
15:26:59.0 (5097539)|HEAP_ALLOCATE|[18]|Bytes:7
15:26:59.0 (5121564)|HEAP_ALLOCATE|[18]|Bytes:12
15:26:59.0 (5747022)|SOQL_EXECUTE_BEGIN|[18]|Aggregations:0|SELECT Body FROM Attachment WHERE ParentId = :tmpVar1
15:26:59.0 (8563861)|SOQL_EXECUTE_END|[18]|Rows:0
15:26:59.0 (8586011)|HEAP_ALLOCATE|[18]|Bytes:4
15:26:59.0 (8594893)|HEAP_ALLOCATE|[18]|Bytes:0
15:26:59.0 (8646616)|HEAP_ALLOCATE|[18]|Bytes:4
15:26:59.0 (8658506)|VARIABLE_SCOPE_BEGIN|[18]|attachements|List<Attachment>|true|false
15:26:59.0 (8673239)|VARIABLE_ASSIGNMENT|[18]|attachements|[]|0x7231c9a5
15:26:59.0 (8679918)|STATEMENT_EXECUTE|[20]
15:26:59.0 (8683831)|HEAP_ALLOCATE|[20]|Bytes:21
15:26:59.0 (8707857)|USER_DEBUG|[20]|DEBUG|before blob to string
15:26:59.0 (8717330)|STATEMENT_EXECUTE|[21]
15:26:59.0 (8725891)|METHOD_ENTRY|[21]|01pf4000008WnsX|ViewQuotePDF.StringPDF()
15:26:59.0 (8752359)|HEAP_ALLOCATE|[33]|Bytes:5
15:26:59.0 (8757363)|STATEMENT_EXECUTE|[32]
15:26:59.0 (8759080)|STATEMENT_EXECUTE|[33]
15:26:59.0 (8761996)|HEAP_ALLOCATE|[33]|Bytes:49
15:26:59.0 (8770459)|METHOD_EXIT|[21]|01pf4000008WnsX|ViewQuotePDF.StringPDF()
15:26:59.0 (9295877)|HEAP_ALLOCATE|[21]|Bytes:4
15:26:59.0 (9488110)|HEAP_ALLOCATE|[21]|Bytes:36
15:26:59.0 (9572023)|FATAL_ERROR|System.StringException: BLOB is not a valid UTF-8 string

Class.ViewQuotePDF.getPDF: line 21, column 1
15:26:59.0 (9583122)|FATAL_ERROR|System.StringException: BLOB is not a valid UTF-8 string

Class.ViewQuotePDF.getPDF: line 21, column 1
15:26:59.9 (9590226)|CUMULATIVE_LIMIT_USAGE
15:26:59.9 (9590226)|LIMIT_USAGE_FOR_NS|(default)|
  Number of SOQL queries: 2 out of 100
  Number of query rows: 1 out of 50000
  Number of SOSL queries: 0 out of 20
  Number of DML statements: 0 out of 150
  Number of DML rows: 0 out of 10000
  Maximum CPU time: 0 out of 10000
  Maximum heap size: 0 out of 6000000
  Number of callouts: 0 out of 100
  Number of Email Invocations: 0 out of 10
  Number of future calls: 0 out of 50
  Number of queueable jobs added to the queue: 0 out of 50
  Number of Mobile Apex push calls: 0 out of 10

15:26:59.9 (9590226)|CUMULATIVE_LIMIT_USAGE_END

15:26:59.0 (9625258)|CODE_UNIT_FINISHED|ViewQuotePDF.getPDF
15:26:59.0 (13257975)|CODE_UNIT_FINISHED|Aura
15:26:59.0 (14121149)|EXECUTION_FINISHED
