42.0 APEX_CODE,FINEST;APEX_PROFILING,INFO;CALLOUT,INFO;DB,INFO;SYSTEM,DEBUG;VALIDATION,INFO;VISUALFORCE,INFO;WAVE,INFO;WORKFLOW,INFO
17:22:00.0 (65794)|USER_INFO|[EXTERNAL]|005f4000001uuP2|nmolinam@deloitte.com|Hora de Venezuela|GMT-04:00
17:22:00.0 (110235)|EXECUTION_STARTED
17:22:00.0 (114811)|CODE_UNIT_STARTED|[EXTERNAL]|Aura
17:22:00.0 (715438)|HEAP_ALLOCATE|[72]|Bytes:3
17:22:00.0 (746892)|HEAP_ALLOCATE|[77]|Bytes:152
17:22:00.0 (759445)|HEAP_ALLOCATE|[342]|Bytes:408
17:22:00.0 (770928)|HEAP_ALLOCATE|[355]|Bytes:408
17:22:00.0 (781939)|HEAP_ALLOCATE|[467]|Bytes:48
17:22:00.0 (804899)|HEAP_ALLOCATE|[139]|Bytes:6
17:22:00.0 (818023)|HEAP_ALLOCATE|[EXTERNAL]|Bytes:18
17:22:00.0 (826985)|HEAP_ALLOCATE|[EXTERNAL]|Bytes:4
17:22:00.0 (1661731)|CODE_UNIT_STARTED|[EXTERNAL]|01pf4000009Vx35|CloneQuote.getQuote
17:22:00.0 (1773181)|HEAP_ALLOCATE|[EXTERNAL]|Bytes:4
17:22:00.0 (1786898)|METHOD_ENTRY|[1]|01pf4000009Vx35|CloneQuote.CloneQuote()
17:22:00.0 (1793482)|STATEMENT_EXECUTE|[1]
17:22:00.0 (1799107)|STATEMENT_EXECUTE|[1]
17:22:00.0 (1824811)|HEAP_ALLOCATE|[50]|Bytes:5
17:22:00.0 (1845582)|HEAP_ALLOCATE|[56]|Bytes:5
17:22:00.0 (1853298)|HEAP_ALLOCATE|[64]|Bytes:7
17:22:00.0 (1876236)|SYSTEM_MODE_ENTER|false
17:22:00.0 (1888421)|HEAP_ALLOCATE|[EXTERNAL]|Bytes:5
17:22:00.0 (1895030)|SYSTEM_MODE_EXIT|false
17:22:00.0 (1903861)|METHOD_EXIT|[1]|CloneQuote
17:22:00.0 (1909859)|HEAP_ALLOCATE|[EXTERNAL]|Bytes:4
17:22:00.0 (1917817)|SYSTEM_MODE_ENTER|false
17:22:00.0 (1925188)|VARIABLE_SCOPE_BEGIN|[34]|recordId|Id|false|false
17:22:00.0 (2181798)|VARIABLE_ASSIGNMENT|[34]|recordId|"0Q0f40000009kKqCAI"
17:22:00.0 (2204788)|HEAP_ALLOCATE|[35]|Bytes:5
17:22:00.0 (2210063)|STATEMENT_EXECUTE|[34]
17:22:00.0 (2211882)|STATEMENT_EXECUTE|[35]
17:22:00.0 (2215010)|HEAP_ALLOCATE|[35]|Bytes:71
17:22:00.0 (2230817)|HEAP_ALLOCATE|[35]|Bytes:4
17:22:00.0 (2241874)|HEAP_ALLOCATE|[35]|Bytes:7
17:22:00.0 (2588778)|SOQL_EXECUTE_BEGIN|[35]|Aggregations:0|SELECT Name, OPPORTUNITYiD, Pricebook2Id FROM Quote WHERE Id = :tmpVar1
17:22:00.0 (4665609)|SOQL_EXECUTE_END|[35]|Rows:1
17:22:00.0 (4687964)|HEAP_ALLOCATE|[35]|Bytes:8
17:22:00.0 (4702979)|HEAP_ALLOCATE|[35]|Bytes:113
17:22:00.0 (4780134)|HEAP_ALLOCATE|[35]|Bytes:8
17:22:00.0 (4791924)|HEAP_ALLOCATE|[35]|Bytes:31
17:22:00.0 (4830861)|HEAP_ALLOCATE|[35]|Bytes:20
17:22:00.0 (4838587)|VARIABLE_SCOPE_BEGIN|[35]|q|Quote|true|false
17:22:00.0 (4865593)|VARIABLE_ASSIGNMENT|[35]|q|{"Name":"QUOTE 2","OpportunityId":"006f400000AO4MJAA1","Pricebook2Id":"01sf4000003Vb8JAAS","Id":"0Q0f40000009kKqCAI"}|0x1273ae11
17:22:00.0 (4873851)|STATEMENT_EXECUTE|[36]
17:22:00.0 (4881346)|SYSTEM_MODE_EXIT|false
17:22:00.4 (4903374)|CUMULATIVE_LIMIT_USAGE
17:22:00.4 (4903374)|LIMIT_USAGE_FOR_NS|(default)|
  Number of SOQL queries: 1 out of 100
  Number of query rows: 1 out of 50000
  Number of SOSL queries: 0 out of 20
  Number of DML statements: 0 out of 150
  Number of DML rows: 0 out of 10000
  Maximum CPU time: 0 out of 10000
  Maximum heap size: 0 out of 6000000
  Number of callouts: 0 out of 100
  Number of Email Invocations: 0 out of 10
  Number of future calls: 0 out of 50
  Number of queueable jobs added to the queue: 0 out of 50
  Number of Mobile Apex push calls: 0 out of 10

17:22:00.4 (4903374)|CUMULATIVE_LIMIT_USAGE_END

17:22:00.0 (4935399)|CODE_UNIT_FINISHED|CloneQuote.getQuote
17:22:00.0 (4994653)|CODE_UNIT_FINISHED|Aura
17:22:00.0 (6972387)|EXECUTION_FINISHED
