42.0 APEX_CODE,FINEST;APEX_PROFILING,INFO;CALLOUT,INFO;DB,INFO;SYSTEM,DEBUG;VALIDATION,INFO;VISUALFORCE,INFO;WAVE,INFO;WORKFLOW,INFO
17:05:38.0 (309366)|USER_INFO|[EXTERNAL]|005f4000001uuP2|nmolinam@deloitte.com|Hora de Venezuela|GMT-04:00
17:05:38.0 (356058)|EXECUTION_STARTED
17:05:38.0 (362792)|CODE_UNIT_STARTED|[EXTERNAL]|Aura
17:05:38.0 (1605817)|HEAP_ALLOCATE|[72]|Bytes:3
17:05:38.0 (1695151)|HEAP_ALLOCATE|[77]|Bytes:152
17:05:38.0 (1720417)|HEAP_ALLOCATE|[342]|Bytes:408
17:05:38.0 (1743627)|HEAP_ALLOCATE|[355]|Bytes:408
17:05:38.0 (1763667)|HEAP_ALLOCATE|[467]|Bytes:48
17:05:38.0 (1804012)|HEAP_ALLOCATE|[139]|Bytes:6
17:05:38.0 (1828896)|HEAP_ALLOCATE|[EXTERNAL]|Bytes:18
17:05:38.0 (1870142)|HEAP_ALLOCATE|[EXTERNAL]|Bytes:4
17:05:38.0 (2708735)|CODE_UNIT_STARTED|[EXTERNAL]|01pf4000009Vx35|CloneQuote.getQuote
17:05:38.0 (2908360)|HEAP_ALLOCATE|[EXTERNAL]|Bytes:4
17:05:38.0 (2930044)|METHOD_ENTRY|[1]|01pf4000009Vx35|CloneQuote.CloneQuote()
17:05:38.0 (2940517)|STATEMENT_EXECUTE|[1]
17:05:38.0 (2947790)|STATEMENT_EXECUTE|[1]
17:05:38.0 (2994917)|HEAP_ALLOCATE|[50]|Bytes:5
17:05:38.0 (3031932)|HEAP_ALLOCATE|[56]|Bytes:5
17:05:38.0 (3047185)|HEAP_ALLOCATE|[64]|Bytes:7
17:05:38.0 (3081726)|SYSTEM_MODE_ENTER|false
17:05:38.0 (3103738)|HEAP_ALLOCATE|[EXTERNAL]|Bytes:5
17:05:38.0 (3116676)|SYSTEM_MODE_EXIT|false
17:05:38.0 (3131931)|METHOD_EXIT|[1]|CloneQuote
17:05:38.0 (3141134)|HEAP_ALLOCATE|[EXTERNAL]|Bytes:4
17:05:38.0 (3156654)|SYSTEM_MODE_ENTER|false
17:05:38.0 (3169894)|VARIABLE_SCOPE_BEGIN|[34]|recordId|Id|false|false
17:05:38.0 (3816579)|VARIABLE_ASSIGNMENT|[34]|recordId|"0Q0f40000009kKqCAI"
17:05:38.0 (3851120)|HEAP_ALLOCATE|[35]|Bytes:5
17:05:38.0 (3860202)|STATEMENT_EXECUTE|[34]
17:05:38.0 (3862937)|STATEMENT_EXECUTE|[35]
17:05:38.0 (3868298)|HEAP_ALLOCATE|[35]|Bytes:71
17:05:38.0 (3919113)|HEAP_ALLOCATE|[35]|Bytes:4
17:05:38.0 (3940434)|HEAP_ALLOCATE|[35]|Bytes:7
17:05:38.0 (4458755)|SOQL_EXECUTE_BEGIN|[35]|Aggregations:0|SELECT Name, OPPORTUNITYiD, Pricebook2Id FROM Quote WHERE Id = :tmpVar1
17:05:38.0 (15874385)|SOQL_EXECUTE_END|[35]|Rows:1
17:05:38.0 (15902082)|HEAP_ALLOCATE|[35]|Bytes:8
17:05:38.0 (15923852)|HEAP_ALLOCATE|[35]|Bytes:113
17:05:38.0 (16022338)|HEAP_ALLOCATE|[35]|Bytes:8
17:05:38.0 (16044249)|HEAP_ALLOCATE|[35]|Bytes:31
17:05:38.0 (16094448)|HEAP_ALLOCATE|[35]|Bytes:20
17:05:38.0 (16104173)|VARIABLE_SCOPE_BEGIN|[35]|q|Quote|true|false
17:05:38.0 (16133362)|VARIABLE_ASSIGNMENT|[35]|q|{"Name":"QUOTE 2","OpportunityId":"006f400000AO4MJAA1","Pricebook2Id":"01sf4000003Vb8JAAS","Id":"0Q0f40000009kKqCAI"}|0x1ad5a5ed
17:05:38.0 (16141857)|STATEMENT_EXECUTE|[36]
17:05:38.0 (16153045)|SYSTEM_MODE_EXIT|false
17:05:38.16 (16181495)|CUMULATIVE_LIMIT_USAGE
17:05:38.16 (16181495)|LIMIT_USAGE_FOR_NS|(default)|
  Number of SOQL queries: 1 out of 100
  Number of query rows: 1 out of 50000
  Number of SOSL queries: 0 out of 20
  Number of DML statements: 0 out of 150
  Number of DML rows: 0 out of 10000
  Maximum CPU time: 0 out of 10000
  Maximum heap size: 0 out of 6000000
  Number of callouts: 0 out of 100
  Number of Email Invocations: 0 out of 10
  Number of future calls: 0 out of 50
  Number of queueable jobs added to the queue: 0 out of 50
  Number of Mobile Apex push calls: 0 out of 10

17:05:38.16 (16181495)|CUMULATIVE_LIMIT_USAGE_END

17:05:38.0 (16218183)|CODE_UNIT_FINISHED|CloneQuote.getQuote
17:05:38.0 (16278298)|CODE_UNIT_FINISHED|Aura
17:05:38.0 (17484059)|EXECUTION_FINISHED
