42.0 APEX_CODE,FINEST;APEX_PROFILING,INFO;CALLOUT,INFO;DB,INFO;SYSTEM,DEBUG;VALIDATION,INFO;VISUALFORCE,INFO;WAVE,INFO;WORKFLOW,INFO
14:15:59.0 (364809)|USER_INFO|[EXTERNAL]|005f4000001uuP2|nmolinam@deloitte.com|Hora de Venezuela|GMT-04:00
14:15:59.0 (399773)|EXECUTION_STARTED
14:15:59.0 (404999)|CODE_UNIT_STARTED|[EXTERNAL]|VisualForce View State
14:15:59.0 (453792226)|HEAP_ALLOCATE|[72]|Bytes:3
14:15:59.0 (453854399)|HEAP_ALLOCATE|[77]|Bytes:152
14:15:59.0 (453876848)|HEAP_ALLOCATE|[342]|Bytes:408
14:15:59.0 (453898125)|HEAP_ALLOCATE|[355]|Bytes:408
14:15:59.0 (453917509)|HEAP_ALLOCATE|[467]|Bytes:48
14:15:59.0 (453960805)|HEAP_ALLOCATE|[139]|Bytes:6
14:15:59.0 (453995704)|HEAP_ALLOCATE|[50]|Bytes:5
14:15:59.0 (454025333)|HEAP_ALLOCATE|[56]|Bytes:5
14:15:59.0 (454034948)|HEAP_ALLOCATE|[64]|Bytes:7
14:15:59.0 (455609778)|CODE_UNIT_FINISHED|VisualForce View State
14:15:59.0 (457033206)|EXECUTION_FINISHED
14:15:59.458 (458483039)|USER_INFO|[EXTERNAL]|005f4000001uuP2|nmolinam@deloitte.com|Hora de Venezuela|GMT-04:00
14:15:59.458 (458545433)|SYSTEM_MODE_ENTER|true
14:15:59.458 (458621024)|HEAP_ALLOCATE|[EXTERNAL]|Bytes:38
14:15:59.458 (458629632)|HEAP_ALLOCATE|[EXTERNAL]|Bytes:7
14:15:59.458 (458638950)|SYSTEM_METHOD_ENTRY|[1]|PageMessagesComponentController.PageMessagesComponentController()
14:15:59.458 (458650000)|STATEMENT_EXECUTE|[1]
14:15:59.853 (853105315)|CUMULATIVE_LIMIT_USAGE
14:15:59.853 (853105315)|LIMIT_USAGE_FOR_NS|(default)|
  Number of SOQL queries: 0 out of 100
  Number of query rows: 0 out of 50000
  Number of SOSL queries: 0 out of 20
  Number of DML statements: 0 out of 150
  Number of DML rows: 0 out of 10000
  Maximum CPU time: 0 out of 10000
  Maximum heap size: 0 out of 6000000
  Number of callouts: 0 out of 100
  Number of Email Invocations: 0 out of 10
  Number of future calls: 0 out of 50
  Number of queueable jobs added to the queue: 0 out of 50
  Number of Mobile Apex push calls: 0 out of 10

14:15:59.853 (853105315)|CUMULATIVE_LIMIT_USAGE_END

