36.0 APEX_CODE,FINEST;APEX_PROFILING,INFO;CALLOUT,INFO;DB,INFO;SYSTEM,DEBUG;VALIDATION,INFO;VISUALFORCE,INFO;WAVE,INFO;WORKFLOW,INFO
14:18:23.0 (345057)|USER_INFO|[EXTERNAL]|005f4000001uuP2|nmolinam@deloitte.com|Hora de Venezuela|GMT-04:00
14:18:23.0 (391533)|EXECUTION_STARTED
14:18:23.0 (397465)|CODE_UNIT_STARTED|[EXTERNAL]|066f4000002h6Fz|VF: /apex/LightningPDFGeneratorDemo
14:18:23.0 (5911981)|SYSTEM_MODE_ENTER|true
14:18:23.0 (6394082)|HEAP_ALLOCATE|[72]|Bytes:3
14:18:23.0 (6440800)|HEAP_ALLOCATE|[77]|Bytes:152
14:18:23.0 (6457333)|HEAP_ALLOCATE|[342]|Bytes:408
14:18:23.0 (6469797)|HEAP_ALLOCATE|[355]|Bytes:408
14:18:23.0 (6503353)|HEAP_ALLOCATE|[467]|Bytes:48
14:18:23.0 (6531138)|HEAP_ALLOCATE|[139]|Bytes:6
14:18:23.0 (6546834)|HEAP_ALLOCATE|[EXTERNAL]|Bytes:84
14:18:23.0 (6552442)|HEAP_ALLOCATE|[EXTERNAL]|Bytes:5
14:18:23.0 (6561456)|METHOD_ENTRY|[1]|01pf4000008yCKF|DataDisplayController.DataDisplayController()
14:18:23.0 (6568324)|STATEMENT_EXECUTE|[1]
14:18:23.0 (6573444)|STATEMENT_EXECUTE|[1]
14:18:23.0 (6577279)|METHOD_EXIT|[1]|DataDisplayController
14:18:23.0 (6592403)|HEAP_ALLOCATE|[EXTERNAL]|Bytes:8
14:18:23.0 (6599905)|VARIABLE_SCOPE_BEGIN|[4]|this|DataDisplayController|true|false
14:18:23.0 (6653342)|VARIABLE_ASSIGNMENT|[4]|this|{}|0x28485d00
14:18:23.0 (6663020)|STATEMENT_EXECUTE|[1]
14:18:23.0 (6664718)|STATEMENT_EXECUTE|[2]
14:18:23.0 (6670969)|HEAP_ALLOCATE|[5]|Bytes:6
14:18:23.0 (6755179)|STATEMENT_EXECUTE|[4]
14:18:23.0 (6758165)|STATEMENT_EXECUTE|[5]
14:18:23.0 (6761956)|HEAP_ALLOCATE|[5]|Bytes:4
14:18:23.0 (6831660)|VARIABLE_ASSIGNMENT|[EXTERNAL]|this|{}|0x28485d00
14:18:23.0 (6846095)|VARIABLE_ASSIGNMENT|[EXTERNAL]|value|"test"
14:18:23.0 (6860969)|VARIABLE_ASSIGNMENT|[2]|this.PDFData|"test"|0x28485d00
14:18:23.0 (7899282)|SYSTEM_MODE_ENTER|true
14:18:23.0 (8317658)|VF_SERIALIZE_VIEWSTATE_BEGIN|066f4000002h6Fz
14:18:23.0 (37403683)|VF_SERIALIZE_VIEWSTATE_END
14:18:23.0 (39085517)|CODE_UNIT_STARTED|[EXTERNAL]|Generate Metadata
14:18:23.0 (39887957)|CODE_UNIT_FINISHED|Generate Metadata
14:18:23.42 (42260540)|CUMULATIVE_LIMIT_USAGE
14:18:23.42 (42260540)|LIMIT_USAGE_FOR_NS|(default)|
  Number of SOQL queries: 0 out of 100
  Number of query rows: 0 out of 50000
  Number of SOSL queries: 0 out of 20
  Number of DML statements: 0 out of 150
  Number of DML rows: 0 out of 10000
  Maximum CPU time: 0 out of 10000
  Maximum heap size: 0 out of 6000000
  Number of callouts: 0 out of 100
  Number of Email Invocations: 0 out of 10
  Number of future calls: 0 out of 50
  Number of queueable jobs added to the queue: 0 out of 50
  Number of Mobile Apex push calls: 0 out of 10

14:18:23.42 (42260540)|CUMULATIVE_LIMIT_USAGE_END

14:18:23.0 (42298222)|CODE_UNIT_FINISHED|VF: /apex/LightningPDFGeneratorDemo
14:18:23.0 (43163384)|EXECUTION_FINISHED
