42.0 APEX_CODE,FINEST;APEX_PROFILING,INFO;CALLOUT,INFO;DB,INFO;SYSTEM,DEBUG;VALIDATION,INFO;VISUALFORCE,INFO;WAVE,INFO;WORKFLOW,INFO
15:36:39.0 (73057)|USER_INFO|[EXTERNAL]|005f4000001uuP2|nmolinam@deloitte.com|Hora de Venezuela|GMT-04:00
15:36:39.0 (119068)|EXECUTION_STARTED
15:36:39.0 (124378)|CODE_UNIT_STARTED|[EXTERNAL]|Aura
15:36:39.0 (810860)|HEAP_ALLOCATE|[72]|Bytes:3
15:36:39.0 (860135)|HEAP_ALLOCATE|[77]|Bytes:152
15:36:39.0 (875617)|HEAP_ALLOCATE|[342]|Bytes:408
15:36:39.0 (887507)|HEAP_ALLOCATE|[355]|Bytes:408
15:36:39.0 (898552)|HEAP_ALLOCATE|[467]|Bytes:48
15:36:39.0 (924966)|HEAP_ALLOCATE|[139]|Bytes:6
15:36:39.0 (939159)|HEAP_ALLOCATE|[EXTERNAL]|Bytes:18
15:36:39.0 (949330)|HEAP_ALLOCATE|[EXTERNAL]|Bytes:4
15:36:39.0 (1810195)|CODE_UNIT_STARTED|[EXTERNAL]|01pf4000009Vx35|CloneQuote.cloneQuote
15:36:39.0 (1964844)|HEAP_ALLOCATE|[EXTERNAL]|Bytes:1
15:36:39.0 (1979268)|METHOD_ENTRY|[1]|01pf4000009Vx35|CloneQuote.CloneQuote()
15:36:39.0 (1986356)|STATEMENT_EXECUTE|[1]
15:36:39.0 (1991856)|STATEMENT_EXECUTE|[1]
15:36:39.0 (2022740)|HEAP_ALLOCATE|[50]|Bytes:5
15:36:39.0 (2047574)|HEAP_ALLOCATE|[56]|Bytes:5
15:36:39.0 (2055022)|HEAP_ALLOCATE|[64]|Bytes:7
15:36:39.0 (2086926)|SYSTEM_MODE_ENTER|false
15:36:39.0 (2101994)|HEAP_ALLOCATE|[EXTERNAL]|Bytes:5
15:36:39.0 (2109581)|SYSTEM_MODE_EXIT|false
15:36:39.0 (2119757)|METHOD_EXIT|[1]|CloneQuote
15:36:39.0 (2125222)|HEAP_ALLOCATE|[EXTERNAL]|Bytes:4
15:36:39.0 (2133549)|SYSTEM_MODE_ENTER|false
15:36:39.0 (2139618)|VARIABLE_SCOPE_BEGIN|[3]|quoteId|Id|false|false
15:36:39.0 (2498972)|VARIABLE_ASSIGNMENT|[3]|quoteId|"0Q0f40000009kKqCAI"
15:36:39.0 (2522314)|HEAP_ALLOCATE|[6]|Bytes:5
15:36:39.0 (2528162)|STATEMENT_EXECUTE|[3]
15:36:39.0 (2529883)|STATEMENT_EXECUTE|[4]
15:36:39.0 (2533309)|HEAP_ALLOCATE|[6]|Bytes:183
15:36:39.0 (2555296)|HEAP_ALLOCATE|[6]|Bytes:4
15:36:39.0 (2567876)|HEAP_ALLOCATE|[6]|Bytes:7
15:36:39.0 (3301272)|SOQL_EXECUTE_BEGIN|[6]|Aggregations:1|SELECT Name, OPPORTUNITYiD, Pricebook2Id, (SELECT QuoteId, Description, Discount, PricebookEntryId, Quantity, Product2Id, UnitPrice FROM QuoteLineItems) FROM QUOTE WHERE ID = :tmpVar1
15:36:39.0 (8362941)|SOQL_EXECUTE_END|[6]|Rows:1
15:36:39.0 (8404509)|HEAP_ALLOCATE|[6]|Bytes:8
15:36:39.0 (8430399)|HEAP_ALLOCATE|[6]|Bytes:113
15:36:39.0 (8582227)|HEAP_ALLOCATE|[6]|Bytes:8
15:36:39.0 (8605694)|HEAP_ALLOCATE|[4]|Bytes:31
15:36:39.0 (8672725)|HEAP_ALLOCATE|[4]|Bytes:20
15:36:39.0 (8684971)|VARIABLE_SCOPE_BEGIN|[4]|q1|Quote|true|false
15:36:39.0 (8720580)|VARIABLE_ASSIGNMENT|[4]|q1|{"Name":"QUOTE 2","OpportunityId":"006f400000AO4MJAA1","Pricebook2Id":"01sf4000003Vb8JAAS","Id":"0Q0f40000009kKqCAI"}|0x739b0a1b
15:36:39.0 (8731838)|STATEMENT_EXECUTE|[11]
15:36:39.0 (8849336)|HEAP_ALLOCATE|[11]|Bytes:88
15:36:39.0 (8857152)|HEAP_ALLOCATE|[11]|Bytes:16
15:36:39.0 (8882570)|VARIABLE_SCOPE_BEGIN|[11]|q2|Quote|true|false
15:36:39.0 (8904330)|VARIABLE_ASSIGNMENT|[11]|q2|{"Name":"QUOTE 2","OpportunityId":"006f400000AO4MJAA1","Pricebook2Id":"01sf4000003Vb8JAAS"}|0x5468e58f
15:36:39.0 (8913874)|STATEMENT_EXECUTE|[12]
15:36:39.0 (9011812)|VARIABLE_ASSIGNMENT|[12]|this.Pricebook2Id|"01sf4000003Vb8JAAS"|0x5468e58f
15:36:39.0 (9022881)|STATEMENT_EXECUTE|[14]
15:36:39.0 (9056365)|HEAP_ALLOCATE|[14]|Bytes:8
15:36:39.0 (9066365)|DML_BEGIN|[14]|Op:Insert|Type:Quote|Rows:1
15:36:39.0 (9102994)|HEAP_ALLOCATE|[EXTERNAL]|Bytes:8
15:36:39.0 (48069762)|DML_END|[14]
15:36:39.0 (48092218)|HEAP_ALLOCATE|[14]|Bytes:-4
15:36:39.0 (48122460)|STATEMENT_EXECUTE|[15]
15:36:39.0 (48177908)|VARIABLE_SCOPE_BEGIN|[15]|idQuote|Id|false|false
15:36:39.0 (48289090)|VARIABLE_ASSIGNMENT|[15]|idQuote|"0Q0f40000009kLyCAI"
15:36:39.0 (48300878)|STATEMENT_EXECUTE|[18]
15:36:39.0 (48310968)|HEAP_ALLOCATE|[18]|Bytes:14
15:36:39.0 (48323252)|HEAP_ALLOCATE|[18]|Bytes:13
15:36:39.0 (48399775)|HEAP_ALLOCATE|[EXTERNAL]|Bytes:4
15:36:39.0 (48530833)|HEAP_ALLOCATE|[18]|Bytes:4
15:36:39.0 (48553325)|VARIABLE_SCOPE_BEGIN|[18]|items|List<QuoteLineItem>|true|false
15:36:39.0 (48581875)|VARIABLE_ASSIGNMENT|[18]|items|[]|0x14da18ca
15:36:39.0 (48890604)|HEAP_ALLOCATE|[20]|Bytes:5
15:36:39.0 (48920677)|VARIABLE_ASSIGNMENT|[20]|i|null|
15:36:39.0 (48930911)|STATEMENT_EXECUTE|[20]
15:36:39.0 (48946694)|SYSTEM_MODE_EXIT|false
15:36:39.54 (54877403)|CUMULATIVE_LIMIT_USAGE
15:36:39.54 (54877403)|LIMIT_USAGE_FOR_NS|(default)|
  Number of SOQL queries: 1 out of 100
  Number of query rows: 1 out of 50000
  Number of SOSL queries: 0 out of 20
  Number of DML statements: 1 out of 150
  Number of DML rows: 1 out of 10000
  Maximum CPU time: 0 out of 10000
  Maximum heap size: 0 out of 6000000
  Number of callouts: 0 out of 100
  Number of Email Invocations: 0 out of 10
  Number of future calls: 0 out of 50
  Number of queueable jobs added to the queue: 0 out of 50
  Number of Mobile Apex push calls: 0 out of 10

15:36:39.54 (54877403)|CUMULATIVE_LIMIT_USAGE_END

15:36:39.0 (54921387)|CODE_UNIT_FINISHED|CloneQuote.cloneQuote
15:36:39.0 (54994515)|CODE_UNIT_FINISHED|Aura
15:36:39.0 (55950147)|EXECUTION_FINISHED
