42.0 APEX_CODE,FINEST;APEX_PROFILING,INFO;CALLOUT,INFO;DB,INFO;SYSTEM,DEBUG;VALIDATION,INFO;VISUALFORCE,INFO;WAVE,INFO;WORKFLOW,INFO
09:28:11.0 (339702)|USER_INFO|[EXTERNAL]|005f4000001uuP2|nmolinam@deloitte.com|Hora de Venezuela|GMT-04:00
09:28:11.0 (368946)|EXECUTION_STARTED
09:28:11.0 (374145)|CODE_UNIT_STARTED|[EXTERNAL]|Aura
09:28:11.0 (1319899)|HEAP_ALLOCATE|[72]|Bytes:3
09:28:11.0 (1349290)|HEAP_ALLOCATE|[77]|Bytes:152
09:28:11.0 (1362163)|HEAP_ALLOCATE|[342]|Bytes:408
09:28:11.0 (1373689)|HEAP_ALLOCATE|[355]|Bytes:408
09:28:11.0 (1384584)|HEAP_ALLOCATE|[467]|Bytes:48
09:28:11.0 (1406830)|HEAP_ALLOCATE|[139]|Bytes:6
09:28:11.0 (1419822)|HEAP_ALLOCATE|[EXTERNAL]|Bytes:18
09:28:11.0 (1433491)|HEAP_ALLOCATE|[EXTERNAL]|Bytes:4
09:28:11.0 (2211100)|CODE_UNIT_STARTED|[EXTERNAL]|01pf4000009Vx35|CloneQuote.getQuote
09:28:11.0 (2334441)|HEAP_ALLOCATE|[EXTERNAL]|Bytes:4
09:28:11.0 (2341351)|HEAP_ALLOCATE|[EXTERNAL]|Bytes:2
09:28:11.0 (2351508)|METHOD_ENTRY|[1]|01pf4000009Vx35|CloneQuote.CloneQuote()
09:28:11.0 (2357822)|STATEMENT_EXECUTE|[1]
09:28:11.0 (2363723)|STATEMENT_EXECUTE|[1]
09:28:11.0 (2395827)|HEAP_ALLOCATE|[50]|Bytes:5
09:28:11.0 (2421143)|HEAP_ALLOCATE|[56]|Bytes:5
09:28:11.0 (2428928)|HEAP_ALLOCATE|[64]|Bytes:7
09:28:11.0 (2452330)|SYSTEM_MODE_ENTER|false
09:28:11.0 (2466810)|HEAP_ALLOCATE|[EXTERNAL]|Bytes:5
09:28:11.0 (2474634)|SYSTEM_MODE_EXIT|false
09:28:11.0 (2483035)|METHOD_EXIT|[1]|CloneQuote
09:28:11.0 (2488075)|HEAP_ALLOCATE|[EXTERNAL]|Bytes:4
09:28:11.0 (2496549)|SYSTEM_MODE_ENTER|false
09:28:11.0 (2502805)|VARIABLE_SCOPE_BEGIN|[34]|recordId|Id|false|false
09:28:11.0 (2785624)|VARIABLE_ASSIGNMENT|[34]|recordId|"0Q0f40000009e7gCAA"
09:28:11.0 (2808508)|HEAP_ALLOCATE|[35]|Bytes:5
09:28:11.0 (2813835)|STATEMENT_EXECUTE|[34]
09:28:11.0 (2815884)|STATEMENT_EXECUTE|[35]
09:28:11.0 (2818949)|HEAP_ALLOCATE|[35]|Bytes:82
09:28:11.0 (2842406)|HEAP_ALLOCATE|[35]|Bytes:4
09:28:11.0 (2857029)|HEAP_ALLOCATE|[35]|Bytes:7
09:28:11.0 (3343049)|SOQL_EXECUTE_BEGIN|[35]|Aggregations:0|SELECT Name, AccountId, OpportunityId, Pricebook2Id FROM Quote WHERE Id = :tmpVar1
09:28:11.0 (5975883)|SOQL_EXECUTE_END|[35]|Rows:1
09:28:11.0 (5999804)|HEAP_ALLOCATE|[35]|Bytes:8
09:28:11.0 (6015622)|HEAP_ALLOCATE|[35]|Bytes:144
09:28:11.0 (6124261)|HEAP_ALLOCATE|[35]|Bytes:8
09:28:11.0 (6136663)|HEAP_ALLOCATE|[35]|Bytes:31
09:28:11.0 (6189134)|HEAP_ALLOCATE|[35]|Bytes:24
09:28:11.0 (6197754)|VARIABLE_SCOPE_BEGIN|[35]|q|Quote|true|false
09:28:11.0 (6228319)|VARIABLE_ASSIGNMENT|[35]|q|{"Name":"QUOTE 2","AccountId":"001f400000IPlikAAD","OpportunityId":"006f400000AO4MJAA1","Pricebook2Id":"01sf4000003Vb8JAAS","Id":"0Q0f40000009e7gCAA"}|0x2c7450d8
09:28:11.0 (6236415)|STATEMENT_EXECUTE|[36]
09:28:11.0 (6309211)|USER_DEBUG|[36]|DEBUG|Quote:{Name=QUOTE 2, AccountId=001f400000IPlikAAD, OpportunityId=006f400000AO4MJAA1, Pricebook2Id=01sf4000003Vb8JAAS, Id=0Q0f40000009e7gCAA}
09:28:11.0 (6321274)|STATEMENT_EXECUTE|[37]
09:28:11.0 (6330512)|SYSTEM_MODE_EXIT|false
09:28:11.6 (6350551)|CUMULATIVE_LIMIT_USAGE
09:28:11.6 (6350551)|LIMIT_USAGE_FOR_NS|(default)|
  Number of SOQL queries: 1 out of 100
  Number of query rows: 1 out of 50000
  Number of SOSL queries: 0 out of 20
  Number of DML statements: 0 out of 150
  Number of DML rows: 0 out of 10000
  Maximum CPU time: 0 out of 10000
  Maximum heap size: 0 out of 6000000
  Number of callouts: 0 out of 100
  Number of Email Invocations: 0 out of 10
  Number of future calls: 0 out of 50
  Number of queueable jobs added to the queue: 0 out of 50
  Number of Mobile Apex push calls: 0 out of 10

09:28:11.6 (6350551)|CUMULATIVE_LIMIT_USAGE_END

09:28:11.0 (6382382)|CODE_UNIT_FINISHED|CloneQuote.getQuote
09:28:11.0 (6445680)|CODE_UNIT_FINISHED|Aura
09:28:11.0 (7577735)|EXECUTION_FINISHED
