42.0 APEX_CODE,FINEST;APEX_PROFILING,INFO;CALLOUT,INFO;DB,INFO;SYSTEM,DEBUG;VALIDATION,INFO;VISUALFORCE,INFO;WAVE,INFO;WORKFLOW,INFO
10:51:07.1 (1639202)|USER_INFO|[EXTERNAL]|005f4000001uuP2|nmolinam@deloitte.com|Hora de Venezuela|GMT-04:00
10:51:07.1 (1805152)|EXECUTION_STARTED
10:51:07.1 (1810272)|CODE_UNIT_STARTED|[EXTERNAL]|Aura
10:51:07.1 (4421339)|CODE_UNIT_STARTED|[EXTERNAL]|01pf4000008WnsX|ViewQuotePDF.getPDF
10:51:07.1 (4786794)|HEAP_ALLOCATE|[72]|Bytes:3
10:51:07.1 (4847340)|HEAP_ALLOCATE|[77]|Bytes:152
10:51:07.1 (4864140)|HEAP_ALLOCATE|[342]|Bytes:408
10:51:07.1 (4876829)|HEAP_ALLOCATE|[355]|Bytes:408
10:51:07.1 (4887459)|HEAP_ALLOCATE|[467]|Bytes:48
10:51:07.1 (4941751)|HEAP_ALLOCATE|[139]|Bytes:6
10:51:07.1 (4957558)|HEAP_ALLOCATE|[EXTERNAL]|Bytes:4
10:51:07.1 (4976202)|HEAP_ALLOCATE|[EXTERNAL]|Bytes:1
10:51:07.1 (4997716)|METHOD_ENTRY|[1]|01pf4000008WnsX|ViewQuotePDF.ViewQuotePDF()
10:51:07.1 (5004764)|STATEMENT_EXECUTE|[1]
10:51:07.1 (5010533)|STATEMENT_EXECUTE|[1]
10:51:07.1 (5042917)|HEAP_ALLOCATE|[50]|Bytes:5
10:51:07.1 (5065053)|HEAP_ALLOCATE|[56]|Bytes:5
10:51:07.1 (5072327)|HEAP_ALLOCATE|[64]|Bytes:7
10:51:07.1 (5094254)|SYSTEM_MODE_ENTER|false
10:51:07.1 (5181293)|HEAP_ALLOCATE|[EXTERNAL]|Bytes:5
10:51:07.1 (5190349)|SYSTEM_MODE_EXIT|false
10:51:07.1 (5212672)|METHOD_EXIT|[1]|ViewQuotePDF
10:51:07.1 (5225444)|SYSTEM_MODE_ENTER|false
10:51:07.1 (5240054)|HEAP_ALLOCATE|[4]|Bytes:5
10:51:07.1 (5244998)|STATEMENT_EXECUTE|[3]
10:51:07.1 (5246898)|STATEMENT_EXECUTE|[4]
10:51:07.1 (5283692)|HEAP_ALLOCATE|[4]|Bytes:4
10:51:07.1 (5400707)|VARIABLE_SCOPE_BEGIN|[4]|quotes|List<Quote>|true|false
10:51:07.1 (5415995)|HEAP_ALLOCATE|[EXTERNAL]|Bytes:4
10:51:07.1 (5446227)|VARIABLE_ASSIGNMENT|[4]|quotes|[]|0x6f3487b6
10:51:07.1 (5455171)|HEAP_ALLOCATE|[5]|Bytes:22
10:51:07.1 (5473354)|HEAP_ALLOCATE|[5]|Bytes:4
10:51:07.1 (5788679)|SOQL_EXECUTE_BEGIN|[5]|Aggregations:0|SELECT Name FROM Quote
10:51:07.1 (19766521)|SOQL_EXECUTE_END|[5]|Rows:1
10:51:07.1 (19795788)|HEAP_ALLOCATE|[EXTERNAL]|Bytes:8
10:51:07.1 (20034255)|HEAP_ALLOCATE|[5]|Bytes:54
10:51:07.1 (20046575)|HEAP_ALLOCATE|[5]|Bytes:8
10:51:07.1 (20060652)|SYSTEM_METHOD_ENTRY|[7]|QueryLocatorIterator.QueryLocatorIterator()
10:51:07.1 (20065740)|STATEMENT_EXECUTE|[7]
10:51:07.1 (20075424)|SYSTEM_METHOD_EXIT|[7]|QueryLocatorIterator
10:51:07.1 (20083260)|HEAP_ALLOCATE|[5]|Bytes:28
10:51:07.1 (20124207)|HEAP_ALLOCATE|[5]|Bytes:8
10:51:07.1 (20139724)|HEAP_ALLOCATE|[5]|Bytes:8
10:51:07.1 (20143524)|HEAP_ALLOCATE|[5]|Bytes:8
10:51:07.1 (20150967)|VARIABLE_SCOPE_BEGIN|[15]|this|Database.QueryLocatorIterator|true|false
10:51:07.1 (20215323)|VARIABLE_ASSIGNMENT|[15]|this|{}|0x49ebd5ab
10:51:07.1 (20222666)|VARIABLE_SCOPE_BEGIN|[15]|values|List<SObject>|true|false
10:51:07.1 (20249026)|VARIABLE_ASSIGNMENT|[15]|values|[{"Name":"first quote","Id":"0Q0f40000009VVICA2"}]|0x261f3742
10:51:07.1 (20254648)|VARIABLE_SCOPE_BEGIN|[15]|ql|Database.QueryLocator|true|false
10:51:07.1 (20269453)|VARIABLE_ASSIGNMENT|[15]|ql|{"query":"SELECT Name FROM Quo (2 more) ..."}|0x2f499d91
10:51:07.1 (20281290)|VARIABLE_SCOPE_BEGIN|[15]|totalNumRecords|Integer|false|false
10:51:07.1 (20290339)|VARIABLE_ASSIGNMENT|[15]|totalNumRecords|1
10:51:07.1 (20295055)|VARIABLE_SCOPE_BEGIN|[15]|queryMoreSize|Integer|false|false
10:51:07.1 (20312795)|VARIABLE_ASSIGNMENT|[15]|queryMoreSize|49999
10:51:07.1 (20444034)|HEAP_ALLOCATE|[5]|Bytes:28
10:51:07.1 (20501826)|METHOD_ENTRY|[5]||Database.QueryLocatorIterator.hasNext()
10:51:07.1 (20568476)|METHOD_EXIT|[5]||Database.QueryLocatorIterator.hasNext()
10:51:07.1 (20578985)|METHOD_ENTRY|[5]||Database.QueryLocatorIterator.next()
10:51:07.1 (20682673)|METHOD_EXIT|[5]||Database.QueryLocatorIterator.next()
10:51:07.1 (20693389)|VARIABLE_SCOPE_BEGIN|[5]|q|Quote|true|false
10:51:07.1 (20709904)|VARIABLE_ASSIGNMENT|[5]|q|{"Name":"first quote","Id":"0Q0f40000009VVICA2"}|0x33fe9f57
10:51:07.1 (20717656)|STATEMENT_EXECUTE|[5]
10:51:07.1 (20719835)|STATEMENT_EXECUTE|[6]
10:51:07.1 (20779569)|HEAP_ALLOCATE|[EXTERNAL]|Bytes:4
10:51:07.1 (20792830)|METHOD_ENTRY|[5]||Database.QueryLocatorIterator.hasNext()
10:51:07.1 (20807104)|METHOD_EXIT|[5]||Database.QueryLocatorIterator.hasNext()
10:51:07.1 (20814532)|VARIABLE_ASSIGNMENT|[5]|q|null|
10:51:07.1 (20852800)|STATEMENT_EXECUTE|[8]
10:51:07.1 (20854875)|STATEMENT_EXECUTE|[12]
10:51:07.1 (20865127)|SYSTEM_MODE_EXIT|false
10:51:07.20 (20890010)|CUMULATIVE_LIMIT_USAGE
10:51:07.20 (20890010)|LIMIT_USAGE_FOR_NS|(default)|
  Number of SOQL queries: 1 out of 100
  Number of query rows: 1 out of 50000
  Number of SOSL queries: 0 out of 20
  Number of DML statements: 0 out of 150
  Number of DML rows: 0 out of 10000
  Maximum CPU time: 0 out of 10000
  Maximum heap size: 0 out of 6000000
  Number of callouts: 0 out of 100
  Number of Email Invocations: 0 out of 10
  Number of future calls: 0 out of 50
  Number of queueable jobs added to the queue: 0 out of 50
  Number of Mobile Apex push calls: 0 out of 10

10:51:07.20 (20890010)|CUMULATIVE_LIMIT_USAGE_END

10:51:07.1 (20929499)|CODE_UNIT_FINISHED|ViewQuotePDF.getPDF
10:51:07.1 (21005271)|CODE_UNIT_FINISHED|Aura
10:51:07.1 (22225859)|EXECUTION_FINISHED
