42.0 APEX_CODE,FINEST;APEX_PROFILING,INFO;CALLOUT,INFO;DB,INFO;SYSTEM,DEBUG;VALIDATION,INFO;VISUALFORCE,INFO;WAVE,INFO;WORKFLOW,INFO
Execute Anonymous: CloneQuote.cloneQuote('0Q0f40000009bwtCAA');
12:56:48.1 (1266814)|USER_INFO|[EXTERNAL]|005f4000001uuP2|nmolinam@deloitte.com|Hora de Venezuela|GMT-04:00
12:56:48.1 (1288032)|EXECUTION_STARTED
12:56:48.1 (1293634)|CODE_UNIT_STARTED|[EXTERNAL]|execute_anonymous_apex
12:56:48.1 (1499156)|HEAP_ALLOCATE|[72]|Bytes:3
12:56:48.1 (1538494)|HEAP_ALLOCATE|[77]|Bytes:152
12:56:48.1 (1553453)|HEAP_ALLOCATE|[342]|Bytes:408
12:56:48.1 (1566918)|HEAP_ALLOCATE|[355]|Bytes:408
12:56:48.1 (1579345)|HEAP_ALLOCATE|[467]|Bytes:48
12:56:48.1 (1608489)|HEAP_ALLOCATE|[139]|Bytes:6
12:56:48.1 (1624873)|HEAP_ALLOCATE|[EXTERNAL]|Bytes:1
12:56:48.1 (1712870)|STATEMENT_EXECUTE|[1]
12:56:48.1 (1715573)|STATEMENT_EXECUTE|[1]
12:56:48.1 (1718838)|HEAP_ALLOCATE|[1]|Bytes:18
12:56:48.1 (1733317)|HEAP_ALLOCATE|[1]|Bytes:4
12:56:48.1 (1781534)|HEAP_ALLOCATE|[50]|Bytes:5
12:56:48.1 (1800816)|HEAP_ALLOCATE|[56]|Bytes:5
12:56:48.1 (1807865)|HEAP_ALLOCATE|[64]|Bytes:7
12:56:48.1 (1827949)|SYSTEM_MODE_ENTER|false
12:56:48.1 (1845499)|HEAP_ALLOCATE|[1]|Bytes:5
12:56:48.1 (10455483)|HEAP_ALLOCATE|[1]|Bytes:1
12:56:48.1 (10474188)|HEAP_ALLOCATE|[1]|Bytes:2
12:56:48.1 (10499244)|METHOD_ENTRY|[1]|01pf4000009Vx35|CloneQuote.CloneQuote()
12:56:48.1 (10510075)|STATEMENT_EXECUTE|[1]
12:56:48.1 (10518560)|STATEMENT_EXECUTE|[1]
12:56:48.1 (10536029)|HEAP_ALLOCATE|[1]|Bytes:5
12:56:48.1 (10556466)|METHOD_EXIT|[1]|CloneQuote
12:56:48.1 (10607255)|METHOD_ENTRY|[1]|01pf4000009Vx35|CloneQuote.cloneQuote(Id)
12:56:48.1 (10667717)|VARIABLE_SCOPE_BEGIN|[3]|quoteId|Id|false|false
12:56:48.1 (10821724)|VARIABLE_ASSIGNMENT|[3]|quoteId|"0Q0f40000009bwtCAA"
12:56:48.1 (10849197)|HEAP_ALLOCATE|[6]|Bytes:5
12:56:48.1 (10857727)|STATEMENT_EXECUTE|[3]
12:56:48.1 (10860183)|STATEMENT_EXECUTE|[4]
12:56:48.1 (10865896)|HEAP_ALLOCATE|[6]|Bytes:95
12:56:48.1 (10898431)|HEAP_ALLOCATE|[6]|Bytes:4
12:56:48.1 (10917234)|HEAP_ALLOCATE|[6]|Bytes:7
12:56:48.1 (11318068)|SOQL_EXECUTE_BEGIN|[6]|Aggregations:1|SELECT Name, OPPORTUNITYiD, (SELECT QuoteId FROM QuoteLineItems) FROM QUOTE WHERE ID = :tmpVar1
12:56:48.1 (15790109)|SOQL_EXECUTE_END|[6]|Rows:1
12:56:48.1 (15829722)|HEAP_ALLOCATE|[6]|Bytes:8
12:56:48.1 (15855244)|HEAP_ALLOCATE|[6]|Bytes:213
12:56:48.1 (15995662)|HEAP_ALLOCATE|[6]|Bytes:8
12:56:48.1 (16008510)|HEAP_ALLOCATE|[4]|Bytes:31
12:56:48.1 (16071473)|HEAP_ALLOCATE|[4]|Bytes:20
12:56:48.1 (16082679)|VARIABLE_SCOPE_BEGIN|[4]|q1|Quote|true|false
12:56:48.1 (16129406)|VARIABLE_ASSIGNMENT|[4]|q1|{"Name":"QUOTE 2","OpportunityId":"006f400000AO4MJAA1","Id":"0Q0f40000009bwtCAA","QuoteLineItems":[{"QuoteId":"0Q0f40000009bwtCAA","Id":"0QLf4000000sNKqGAM"},{"QuoteId":"0Q0f40000009bwtCAA","Id":"0QLf4000000sNKrGAM"}]}|0x2e81ab3e
12:56:48.1 (16143043)|STATEMENT_EXECUTE|[10]
12:56:48.1 (16261963)|HEAP_ALLOCATE|[10]|Bytes:188
12:56:48.1 (16270185)|HEAP_ALLOCATE|[10]|Bytes:16
12:56:48.1 (16291699)|VARIABLE_SCOPE_BEGIN|[10]|q2|Quote|true|false
12:56:48.1 (16311917)|VARIABLE_ASSIGNMENT|[10]|q2|{"Name":"QUOTE 2","OpportunityId":"006f400000AO4MJAA1","QuoteLineItems":[{"QuoteId":"0Q0f40000009bwtCAA","Id":"0QLf4000000sNKqGAM"},{"QuoteId":"0Q0f40000009bwtCAA","Id":"0QLf4000000sNKrGAM"}]}|0x36848667
12:56:48.1 (16319031)|STATEMENT_EXECUTE|[12]
12:56:48.1 (16343230)|HEAP_ALLOCATE|[12]|Bytes:8
12:56:48.1 (16353952)|DML_BEGIN|[12]|Op:Insert|Type:Quote|Rows:1
12:56:48.1 (16389746)|HEAP_ALLOCATE|[EXTERNAL]|Bytes:8
12:56:48.1 (80373154)|DML_END|[12]
12:56:48.1 (80413785)|HEAP_ALLOCATE|[12]|Bytes:-4
12:56:48.1 (80434700)|STATEMENT_EXECUTE|[13]
12:56:48.1 (80472714)|VARIABLE_SCOPE_BEGIN|[13]|idQuote|Id|false|false
12:56:48.1 (80561536)|VARIABLE_ASSIGNMENT|[13]|idQuote|"0Q0f40000009e8KCAQ"
12:56:48.1 (80570261)|STATEMENT_EXECUTE|[15]
12:56:48.1 (80577065)|HEAP_ALLOCATE|[15]|Bytes:14
12:56:48.1 (80599028)|HEAP_ALLOCATE|[15]|Bytes:13
12:56:48.1 (80654079)|HEAP_ALLOCATE|[EXTERNAL]|Bytes:12
12:56:48.1 (80780797)|HEAP_ALLOCATE|[15]|Bytes:12
12:56:48.1 (80797865)|VARIABLE_SCOPE_BEGIN|[15]|items|List<QuoteLineItem>|true|false
12:56:48.1 (80836027)|VARIABLE_ASSIGNMENT|[15]|items|[{"QuoteId":"0Q0f40000009bwtCAA","Id":"0QLf4000000sNKqGAM"},{"QuoteId":"0Q0f40000009bwtCAA","Id":"0QLf4000000sNKrGAM"}]|0xd1eea18
12:56:48.1 (81121476)|HEAP_ALLOCATE|[17]|Bytes:5
12:56:48.1 (81143134)|HEAP_ALLOCATE|[17]|Bytes:12
12:56:48.1 (81152067)|VARIABLE_SCOPE_BEGIN|[17]|i|QuoteLineItem|true|false
12:56:48.1 (81168535)|VARIABLE_ASSIGNMENT|[17]|i|{"QuoteId":"0Q0f40000009bwtCAA","Id":"0QLf4000000sNKqGAM"}|0x33c1d067
12:56:48.1 (81175401)|STATEMENT_EXECUTE|[17]
12:56:48.1 (81177573)|STATEMENT_EXECUTE|[18]
12:56:48.1 (81201992)|HEAP_ALLOCATE|[18]|Bytes:4
12:56:48.1 (81341104)|VARIABLE_ASSIGNMENT|[18]|this.QuoteId|"0Q0f40000009e8KCAQ"|0x703c9e8c
12:56:48.1 (81382759)|VARIABLE_ASSIGNMENT|[18]|this.Id|null|0x703c9e8c
12:56:48.1 (81411562)|VARIABLE_SCOPE_BEGIN|[18]|ql|QuoteLineItem|true|false
12:56:48.1 (81435087)|VARIABLE_ASSIGNMENT|[18]|ql|{"QuoteId":"0Q0f40000009e8KCAQ"}|0x703c9e8c
12:56:48.1 (81443023)|STATEMENT_EXECUTE|[19]
12:56:48.1 (81452635)|VARIABLE_ASSIGNMENT|[19]|ql|{"QuoteId":"0Q0f40000009bwtCAA","Id":"0QLf4000000sNKqGAM"}|0x33c1d067
12:56:48.1 (81459085)|STATEMENT_EXECUTE|[20]
12:56:48.1 (81464103)|HEAP_ALLOCATE|[20]|Bytes:8
12:56:48.1 (81568397)|HEAP_ALLOCATE|[20]|Bytes:65
12:56:48.1 (81596642)|HEAP_ALLOCATE|[20]|Bytes:73
12:56:48.1 (81627422)|USER_DEBUG|[20]|DEBUG|ql id : QuoteLineItem:{QuoteId=0Q0f40000009bwtCAA, Id=0QLf4000000sNKqGAM}
12:56:48.1 (81638293)|STATEMENT_EXECUTE|[22]
12:56:48.1 (81656765)|HEAP_ALLOCATE|[22]|Bytes:8
12:56:48.1 (81671218)|DML_BEGIN|[22]|Op:Insert|Type:QuoteLineItem|Rows:1
12:56:48.1 (81722087)|HEAP_ALLOCATE|[EXTERNAL]|Bytes:8
12:56:48.1 (82497612)|DML_END|[22]
12:56:48.1 (82625079)|VF_PAGE_MESSAGE|cannot specify Id in an insert call
12:56:48.1 (82740678)|EXCEPTION_THROWN|[22]|System.DmlException: Insert failed. First exception on row 0 with id 0QLf4000000sNKqGAM; first error: INVALID_FIELD_FOR_INSERT_UPDATE, cannot specify Id in an insert call: [Id]
12:56:48.1 (83171752)|HEAP_ALLOCATE|[22]|Bytes:159
12:56:48.1 (83203403)|METHOD_EXIT|[1]|01pf4000009Vx35|CloneQuote.cloneQuote(Id)
12:56:48.1 (83215275)|SYSTEM_MODE_EXIT|false
12:56:48.1 (83352786)|FATAL_ERROR|System.DmlException: Insert failed. First exception on row 0 with id 0QLf4000000sNKqGAM; first error: INVALID_FIELD_FOR_INSERT_UPDATE, cannot specify Id in an insert call: [Id]

Class.CloneQuote.cloneQuote: line 22, column 1
AnonymousBlock: line 1, column 1
AnonymousBlock: line 1, column 1
12:56:48.83 (83377678)|CUMULATIVE_LIMIT_USAGE
12:56:48.83 (83377678)|LIMIT_USAGE_FOR_NS|(default)|
  Number of SOQL queries: 1 out of 100
  Number of query rows: 3 out of 50000
  Number of SOSL queries: 0 out of 20
  Number of DML statements: 2 out of 150
  Number of DML rows: 2 out of 10000
  Maximum CPU time: 0 out of 10000
  Maximum heap size: 0 out of 6000000
  Number of callouts: 0 out of 100
  Number of Email Invocations: 0 out of 10
  Number of future calls: 0 out of 50
  Number of queueable jobs added to the queue: 0 out of 50
  Number of Mobile Apex push calls: 0 out of 10

12:56:48.83 (83377678)|CUMULATIVE_LIMIT_USAGE_END

12:56:48.1 (83430473)|CODE_UNIT_FINISHED|execute_anonymous_apex
12:56:48.1 (84838271)|EXECUTION_FINISHED
