42.0 APEX_CODE,FINEST;APEX_PROFILING,INFO;CALLOUT,INFO;DB,INFO;SYSTEM,DEBUG;VALIDATION,INFO;VISUALFORCE,INFO;WAVE,INFO;WORKFLOW,INFO
17:21:01.0 (90189)|USER_INFO|[EXTERNAL]|005f4000001uuP2|nmolinam@deloitte.com|Hora de Venezuela|GMT-04:00
17:21:01.0 (117834)|EXECUTION_STARTED
17:21:01.0 (122666)|CODE_UNIT_STARTED|[EXTERNAL]|Aura
17:21:01.0 (663260)|HEAP_ALLOCATE|[72]|Bytes:3
17:21:01.0 (721175)|HEAP_ALLOCATE|[77]|Bytes:152
17:21:01.0 (736482)|HEAP_ALLOCATE|[342]|Bytes:408
17:21:01.0 (749428)|HEAP_ALLOCATE|[355]|Bytes:408
17:21:01.0 (760267)|HEAP_ALLOCATE|[467]|Bytes:48
17:21:01.0 (818657)|HEAP_ALLOCATE|[139]|Bytes:6
17:21:01.0 (832935)|HEAP_ALLOCATE|[EXTERNAL]|Bytes:18
17:21:01.0 (852038)|HEAP_ALLOCATE|[EXTERNAL]|Bytes:4
17:21:01.0 (1612808)|CODE_UNIT_STARTED|[EXTERNAL]|01pf4000009Vx35|CloneQuote.getQuote
17:21:01.0 (1715993)|HEAP_ALLOCATE|[EXTERNAL]|Bytes:4
17:21:01.0 (1744213)|METHOD_ENTRY|[1]|01pf4000009Vx35|CloneQuote.CloneQuote()
17:21:01.0 (1751423)|STATEMENT_EXECUTE|[1]
17:21:01.0 (1756865)|STATEMENT_EXECUTE|[1]
17:21:01.0 (1788706)|HEAP_ALLOCATE|[50]|Bytes:5
17:21:01.0 (1815078)|HEAP_ALLOCATE|[56]|Bytes:5
17:21:01.0 (1823248)|HEAP_ALLOCATE|[64]|Bytes:7
17:21:01.0 (1847605)|SYSTEM_MODE_ENTER|false
17:21:01.0 (1861826)|HEAP_ALLOCATE|[EXTERNAL]|Bytes:5
17:21:01.0 (1870828)|SYSTEM_MODE_EXIT|false
17:21:01.0 (1891633)|METHOD_EXIT|[1]|CloneQuote
17:21:01.0 (1898441)|HEAP_ALLOCATE|[EXTERNAL]|Bytes:4
17:21:01.0 (1908032)|SYSTEM_MODE_ENTER|false
17:21:01.0 (1914182)|VARIABLE_SCOPE_BEGIN|[34]|recordId|Id|false|false
17:21:01.0 (2348035)|VARIABLE_ASSIGNMENT|[34]|recordId|"0Q0f40000009kKqCAI"
17:21:01.0 (2373737)|HEAP_ALLOCATE|[35]|Bytes:5
17:21:01.0 (2379530)|STATEMENT_EXECUTE|[34]
17:21:01.0 (2381355)|STATEMENT_EXECUTE|[35]
17:21:01.0 (2384992)|HEAP_ALLOCATE|[35]|Bytes:71
17:21:01.0 (2408778)|HEAP_ALLOCATE|[35]|Bytes:4
17:21:01.0 (2433287)|HEAP_ALLOCATE|[35]|Bytes:7
17:21:01.0 (2797954)|SOQL_EXECUTE_BEGIN|[35]|Aggregations:0|SELECT Name, OPPORTUNITYiD, Pricebook2Id FROM Quote WHERE Id = :tmpVar1
17:21:01.0 (4703855)|SOQL_EXECUTE_END|[35]|Rows:1
17:21:01.0 (4724664)|HEAP_ALLOCATE|[35]|Bytes:8
17:21:01.0 (4741505)|HEAP_ALLOCATE|[35]|Bytes:113
17:21:01.0 (4824716)|HEAP_ALLOCATE|[35]|Bytes:8
17:21:01.0 (4836641)|HEAP_ALLOCATE|[35]|Bytes:31
17:21:01.0 (4880915)|HEAP_ALLOCATE|[35]|Bytes:20
17:21:01.0 (4888346)|VARIABLE_SCOPE_BEGIN|[35]|q|Quote|true|false
17:21:01.0 (4914332)|VARIABLE_ASSIGNMENT|[35]|q|{"Name":"QUOTE 2","OpportunityId":"006f400000AO4MJAA1","Pricebook2Id":"01sf4000003Vb8JAAS","Id":"0Q0f40000009kKqCAI"}|0x1c4ebc68
17:21:01.0 (4921926)|STATEMENT_EXECUTE|[36]
17:21:01.0 (4929879)|SYSTEM_MODE_EXIT|false
17:21:01.4 (4953580)|CUMULATIVE_LIMIT_USAGE
17:21:01.4 (4953580)|LIMIT_USAGE_FOR_NS|(default)|
  Number of SOQL queries: 1 out of 100
  Number of query rows: 1 out of 50000
  Number of SOSL queries: 0 out of 20
  Number of DML statements: 0 out of 150
  Number of DML rows: 0 out of 10000
  Maximum CPU time: 0 out of 10000
  Maximum heap size: 0 out of 6000000
  Number of callouts: 0 out of 100
  Number of Email Invocations: 0 out of 10
  Number of future calls: 0 out of 50
  Number of queueable jobs added to the queue: 0 out of 50
  Number of Mobile Apex push calls: 0 out of 10

17:21:01.4 (4953580)|CUMULATIVE_LIMIT_USAGE_END

17:21:01.0 (4983957)|CODE_UNIT_FINISHED|CloneQuote.getQuote
17:21:01.0 (5039340)|CODE_UNIT_FINISHED|Aura
17:21:01.0 (6090517)|EXECUTION_FINISHED
