42.0 APEX_CODE,FINEST;APEX_PROFILING,INFO;CALLOUT,INFO;DB,INFO;SYSTEM,DEBUG;VALIDATION,INFO;VISUALFORCE,INFO;WAVE,INFO;WORKFLOW,INFO
11:31:54.0 (329355)|USER_INFO|[EXTERNAL]|005f4000001uuP2|nmolinam@deloitte.com|Hora de Venezuela|GMT-04:00
11:31:54.0 (359312)|EXECUTION_STARTED
11:31:54.0 (363306)|CODE_UNIT_STARTED|[EXTERNAL]|Aura
11:31:54.0 (2022431)|CODE_UNIT_STARTED|[EXTERNAL]|01pf4000008WnsX|ViewQuotePDF.getPDF
11:31:54.0 (2243372)|HEAP_ALLOCATE|[72]|Bytes:3
11:31:54.0 (2304751)|HEAP_ALLOCATE|[77]|Bytes:152
11:31:54.0 (2320075)|HEAP_ALLOCATE|[342]|Bytes:408
11:31:54.0 (2332021)|HEAP_ALLOCATE|[355]|Bytes:408
11:31:54.0 (2342937)|HEAP_ALLOCATE|[467]|Bytes:48
11:31:54.0 (2368639)|HEAP_ALLOCATE|[139]|Bytes:6
11:31:54.0 (2382594)|HEAP_ALLOCATE|[EXTERNAL]|Bytes:7
11:31:54.0 (2410188)|HEAP_ALLOCATE|[EXTERNAL]|Bytes:8
11:31:54.0 (2432015)|METHOD_ENTRY|[1]|01pf4000008WnsX|ViewQuotePDF.ViewQuotePDF()
11:31:54.0 (2439227)|STATEMENT_EXECUTE|[1]
11:31:54.0 (2444476)|STATEMENT_EXECUTE|[1]
11:31:54.0 (2473727)|HEAP_ALLOCATE|[50]|Bytes:5
11:31:54.0 (2493269)|HEAP_ALLOCATE|[56]|Bytes:5
11:31:54.0 (2500098)|HEAP_ALLOCATE|[64]|Bytes:7
11:31:54.0 (2519176)|SYSTEM_MODE_ENTER|false
11:31:54.0 (2532841)|HEAP_ALLOCATE|[EXTERNAL]|Bytes:5
11:31:54.0 (2540024)|SYSTEM_MODE_EXIT|false
11:31:54.0 (2559815)|METHOD_EXIT|[1]|ViewQuotePDF
11:31:54.0 (2570949)|SYSTEM_MODE_ENTER|false
11:31:54.0 (2584013)|HEAP_ALLOCATE|[4]|Bytes:5
11:31:54.0 (2588682)|STATEMENT_EXECUTE|[3]
11:31:54.0 (2590533)|STATEMENT_EXECUTE|[4]
11:31:54.0 (2690188)|HEAP_ALLOCATE|[4]|Bytes:4
11:31:54.0 (2764583)|VARIABLE_SCOPE_BEGIN|[4]|quotes|List<Quote>|true|false
11:31:54.0 (2777391)|HEAP_ALLOCATE|[EXTERNAL]|Bytes:4
11:31:54.0 (2801700)|VARIABLE_ASSIGNMENT|[4]|quotes|[]|0x388e09a0
11:31:54.0 (2807713)|STATEMENT_EXECUTE|[5]
11:31:54.0 (2811767)|VARIABLE_SCOPE_BEGIN|[5]|pfdBase64|String|false|false
11:31:54.0 (2820665)|VARIABLE_ASSIGNMENT|[5]|pfdBase64|null
11:31:54.0 (2827600)|HEAP_ALLOCATE|[7]|Bytes:22
11:31:54.0 (2843594)|HEAP_ALLOCATE|[7]|Bytes:4
11:31:54.0 (3130417)|SOQL_EXECUTE_BEGIN|[7]|Aggregations:0|SELECT Name FROM Quote
11:31:54.0 (4660406)|SOQL_EXECUTE_END|[7]|Rows:1
11:31:54.0 (4680834)|HEAP_ALLOCATE|[EXTERNAL]|Bytes:8
11:31:54.0 (4825069)|HEAP_ALLOCATE|[7]|Bytes:54
11:31:54.0 (4833462)|HEAP_ALLOCATE|[7]|Bytes:8
11:31:54.0 (4841849)|SYSTEM_METHOD_ENTRY|[7]|QueryLocatorIterator.QueryLocatorIterator()
11:31:54.0 (4845768)|STATEMENT_EXECUTE|[7]
11:31:54.0 (4852013)|SYSTEM_METHOD_EXIT|[7]|QueryLocatorIterator
11:31:54.0 (4858629)|HEAP_ALLOCATE|[7]|Bytes:28
11:31:54.0 (4890630)|HEAP_ALLOCATE|[7]|Bytes:8
11:31:54.0 (4903967)|HEAP_ALLOCATE|[7]|Bytes:8
11:31:54.0 (4907348)|HEAP_ALLOCATE|[7]|Bytes:8
11:31:54.0 (4912314)|VARIABLE_SCOPE_BEGIN|[15]|this|Database.QueryLocatorIterator|true|false
11:31:54.0 (4958030)|VARIABLE_ASSIGNMENT|[15]|this|{}|0x330be57b
11:31:54.0 (4964896)|VARIABLE_SCOPE_BEGIN|[15]|values|List<SObject>|true|false
11:31:54.0 (4983232)|VARIABLE_ASSIGNMENT|[15]|values|[{"Name":"first quote","Id":"0Q0f40000009VVICA2"}]|0x326a2028
11:31:54.0 (4988801)|VARIABLE_SCOPE_BEGIN|[15]|ql|Database.QueryLocator|true|false
11:31:54.0 (5005573)|VARIABLE_ASSIGNMENT|[15]|ql|{"query":"SELECT Name FROM Quo (2 more) ..."}|0x6d036e82
11:31:54.0 (5011644)|VARIABLE_SCOPE_BEGIN|[15]|totalNumRecords|Integer|false|false
11:31:54.0 (5019626)|VARIABLE_ASSIGNMENT|[15]|totalNumRecords|1
11:31:54.0 (5023307)|VARIABLE_SCOPE_BEGIN|[15]|queryMoreSize|Integer|false|false
11:31:54.0 (5029696)|VARIABLE_ASSIGNMENT|[15]|queryMoreSize|49999
11:31:54.0 (5119812)|HEAP_ALLOCATE|[7]|Bytes:28
11:31:54.0 (5142456)|METHOD_ENTRY|[7]||Database.QueryLocatorIterator.hasNext()
11:31:54.0 (5195086)|METHOD_EXIT|[7]||Database.QueryLocatorIterator.hasNext()
11:31:54.0 (5203190)|METHOD_ENTRY|[7]||Database.QueryLocatorIterator.next()
11:31:54.0 (5271034)|METHOD_EXIT|[7]||Database.QueryLocatorIterator.next()
11:31:54.0 (5280093)|VARIABLE_SCOPE_BEGIN|[7]|q|Quote|true|false
11:31:54.0 (5293729)|VARIABLE_ASSIGNMENT|[7]|q|{"Name":"first quote","Id":"0Q0f40000009VVICA2"}|0x5f57b54c
11:31:54.0 (5300086)|STATEMENT_EXECUTE|[7]
11:31:54.0 (5302357)|STATEMENT_EXECUTE|[8]
11:31:54.0 (5332315)|HEAP_ALLOCATE|[EXTERNAL]|Bytes:4
11:31:54.0 (5343292)|METHOD_ENTRY|[7]||Database.QueryLocatorIterator.hasNext()
11:31:54.0 (5355637)|METHOD_EXIT|[7]||Database.QueryLocatorIterator.hasNext()
11:31:54.0 (5362830)|VARIABLE_ASSIGNMENT|[7]|q|null|
11:31:54.0 (5394721)|STATEMENT_EXECUTE|[13]
11:31:54.0 (5492320)|HEAP_ALLOCATE|[14]|Bytes:5
11:31:54.0 (5519625)|HEAP_ALLOCATE|[14]|Bytes:12
11:31:54.0 (5527053)|VARIABLE_SCOPE_BEGIN|[14]|q|Quote|true|false
11:31:54.0 (5540152)|VARIABLE_ASSIGNMENT|[14]|q|{"Name":"first quote","Id":"0Q0f40000009VVICA2"}|0x5f57b54c
11:31:54.0 (5545934)|STATEMENT_EXECUTE|[14]
11:31:54.0 (5547718)|STATEMENT_EXECUTE|[15]
11:31:54.0 (5551521)|HEAP_ALLOCATE|[15]|Bytes:20
11:31:54.0 (5594542)|HEAP_ALLOCATE|[15]|Bytes:31
11:31:54.0 (5739610)|USER_DEBUG|[15]|DEBUG|nombre de la quote: first quote
11:31:54.0 (5756742)|HEAP_ALLOCATE|[14]|Bytes:5
11:31:54.0 (5768388)|VARIABLE_ASSIGNMENT|[14]|q|null|
11:31:54.0 (5773652)|STATEMENT_EXECUTE|[18]
11:31:54.0 (5777441)|HEAP_ALLOCATE|[18]|Bytes:53
11:31:54.0 (5789262)|HEAP_ALLOCATE|[18]|Bytes:4
11:31:54.0 (5796090)|HEAP_ALLOCATE|[18]|Bytes:7
11:31:54.0 (5820370)|HEAP_ALLOCATE|[18]|Bytes:12
11:31:54.0 (6356355)|SOQL_EXECUTE_BEGIN|[18]|Aggregations:0|SELECT Body FROM Attachment WHERE ParentId = :tmpVar1
11:31:54.0 (9238821)|SOQL_EXECUTE_END|[18]|Rows:0
11:31:54.0 (9260139)|HEAP_ALLOCATE|[18]|Bytes:4
11:31:54.0 (9269001)|HEAP_ALLOCATE|[18]|Bytes:0
11:31:54.0 (9321709)|HEAP_ALLOCATE|[18]|Bytes:4
11:31:54.0 (9333264)|VARIABLE_SCOPE_BEGIN|[18]|attachements|List<Attachment>|true|false
11:31:54.0 (9346980)|VARIABLE_ASSIGNMENT|[18]|attachements|[]|0x7aff62fa
11:31:54.0 (9352938)|STATEMENT_EXECUTE|[20]
11:31:54.0 (9357049)|HEAP_ALLOCATE|[20]|Bytes:21
11:31:54.0 (9381087)|USER_DEBUG|[20]|DEBUG|before blob to string
11:31:54.0 (9389855)|STATEMENT_EXECUTE|[25]
11:31:54.0 (9398026)|METHOD_ENTRY|[25]|01pf4000008WnsX|ViewQuotePDF.StringPDF()
11:31:54.0 (9423638)|HEAP_ALLOCATE|[36]|Bytes:5
11:31:54.0 (9428383)|STATEMENT_EXECUTE|[34]
11:31:54.0 (9430048)|STATEMENT_EXECUTE|[35]
11:31:54.0 (9433324)|HEAP_ALLOCATE|[36]|Bytes:988
11:31:54.0 (9441522)|METHOD_EXIT|[25]|01pf4000008WnsX|ViewQuotePDF.StringPDF()
11:31:54.0 (18820074)|HEAP_ALLOCATE|[25]|Bytes:4
11:31:54.0 (18872192)|VARIABLE_SCOPE_BEGIN|[25]|b|Blob|false|false
11:31:54.0 (18892428)|VARIABLE_ASSIGNMENT|[25]|b|BLOB(1435 bytes)
11:31:54.0 (18898591)|STATEMENT_EXECUTE|[26]
11:31:54.0 (18935548)|HEAP_ALLOCATE|[26]|Bytes:15
11:31:54.0 (18951493)|SYSTEM_METHOD_ENTRY|[1]|EncodingUtil.EncodingUtil()
11:31:54.0 (18956088)|STATEMENT_EXECUTE|[1]
11:31:54.0 (18963661)|SYSTEM_METHOD_EXIT|[1]|EncodingUtil
11:31:54.0 (18982213)|METHOD_ENTRY|[26]||System.EncodingUtil.base64Encode(Blob)
11:31:54.0 (19072803)|METHOD_EXIT|[26]||System.EncodingUtil.base64Encode(Blob)
11:31:54.0 (19086158)|SYSTEM_MODE_EXIT|false
11:31:54.19 (19110540)|CUMULATIVE_LIMIT_USAGE
11:31:54.19 (19110540)|LIMIT_USAGE_FOR_NS|(default)|
  Number of SOQL queries: 2 out of 100
  Number of query rows: 1 out of 50000
  Number of SOSL queries: 0 out of 20
  Number of DML statements: 0 out of 150
  Number of DML rows: 0 out of 10000
  Maximum CPU time: 0 out of 10000
  Maximum heap size: 0 out of 6000000
  Number of callouts: 0 out of 100
  Number of Email Invocations: 0 out of 10
  Number of future calls: 0 out of 50
  Number of queueable jobs added to the queue: 0 out of 50
  Number of Mobile Apex push calls: 0 out of 10

11:31:54.19 (19110540)|CUMULATIVE_LIMIT_USAGE_END

11:31:54.0 (19139929)|CODE_UNIT_FINISHED|ViewQuotePDF.getPDF
11:31:54.0 (19238856)|CODE_UNIT_FINISHED|Aura
11:31:54.0 (20525571)|EXECUTION_FINISHED
