42.0 APEX_CODE,FINEST;APEX_PROFILING,INFO;CALLOUT,INFO;DB,INFO;SYSTEM,DEBUG;VALIDATION,INFO;VISUALFORCE,INFO;WAVE,INFO;WORKFLOW,INFO
14:38:55.0 (336972)|USER_INFO|[EXTERNAL]|005f4000001uuP2|nmolinam@deloitte.com|Hora de Venezuela|GMT-04:00
14:38:55.0 (370336)|EXECUTION_STARTED
14:38:55.0 (374718)|CODE_UNIT_STARTED|[EXTERNAL]|Aura
14:38:55.0 (1802997)|CODE_UNIT_STARTED|[EXTERNAL]|01pf4000008WnsX|ViewQuotePDF.getPDF
14:38:55.0 (1995333)|HEAP_ALLOCATE|[72]|Bytes:3
14:38:55.0 (2039599)|HEAP_ALLOCATE|[77]|Bytes:152
14:38:55.0 (2055462)|HEAP_ALLOCATE|[342]|Bytes:408
14:38:55.0 (2068049)|HEAP_ALLOCATE|[355]|Bytes:408
14:38:55.0 (2079133)|HEAP_ALLOCATE|[467]|Bytes:48
14:38:55.0 (2104063)|HEAP_ALLOCATE|[139]|Bytes:6
14:38:55.0 (2164376)|HEAP_ALLOCATE|[EXTERNAL]|Bytes:7
14:38:55.0 (2171514)|HEAP_ALLOCATE|[EXTERNAL]|Bytes:8
14:38:55.0 (2180979)|METHOD_ENTRY|[1]|01pf4000008WnsX|ViewQuotePDF.ViewQuotePDF()
14:38:55.0 (2186922)|STATEMENT_EXECUTE|[1]
14:38:55.0 (2191537)|STATEMENT_EXECUTE|[1]
14:38:55.0 (2222696)|HEAP_ALLOCATE|[50]|Bytes:5
14:38:55.0 (2247796)|HEAP_ALLOCATE|[56]|Bytes:5
14:38:55.0 (2254843)|HEAP_ALLOCATE|[64]|Bytes:7
14:38:55.0 (2276847)|SYSTEM_MODE_ENTER|false
14:38:55.0 (2291652)|HEAP_ALLOCATE|[EXTERNAL]|Bytes:5
14:38:55.0 (2300805)|SYSTEM_MODE_EXIT|false
14:38:55.0 (2308903)|METHOD_EXIT|[1]|ViewQuotePDF
14:38:55.0 (2318149)|SYSTEM_MODE_ENTER|false
14:38:55.0 (2330662)|HEAP_ALLOCATE|[4]|Bytes:5
14:38:55.0 (2335364)|STATEMENT_EXECUTE|[3]
14:38:55.0 (2337574)|STATEMENT_EXECUTE|[4]
14:38:55.0 (2439100)|HEAP_ALLOCATE|[4]|Bytes:4
14:38:55.0 (2517796)|VARIABLE_SCOPE_BEGIN|[4]|quotes|List<Quote>|true|false
14:38:55.0 (2531691)|HEAP_ALLOCATE|[EXTERNAL]|Bytes:4
14:38:55.0 (2552585)|VARIABLE_ASSIGNMENT|[4]|quotes|[]|0x49df0b41
14:38:55.0 (2558959)|STATEMENT_EXECUTE|[5]
14:38:55.0 (2564364)|VARIABLE_SCOPE_BEGIN|[5]|pfdBase64|String|false|false
14:38:55.0 (2573949)|VARIABLE_ASSIGNMENT|[5]|pfdBase64|null
14:38:55.0 (2578255)|STATEMENT_EXECUTE|[6]
14:38:55.0 (2593789)|VARIABLE_SCOPE_BEGIN|[6]|b|Blob|false|false
14:38:55.0 (2602053)|VARIABLE_ASSIGNMENT|[6]|b|null
14:38:55.0 (2608603)|HEAP_ALLOCATE|[8]|Bytes:22
14:38:55.0 (2624704)|HEAP_ALLOCATE|[8]|Bytes:4
14:38:55.0 (2899612)|SOQL_EXECUTE_BEGIN|[8]|Aggregations:0|SELECT Name FROM Quote
14:38:55.0 (4842589)|SOQL_EXECUTE_END|[8]|Rows:32
14:38:55.0 (4862221)|HEAP_ALLOCATE|[EXTERNAL]|Bytes:132
14:38:55.0 (5008321)|HEAP_ALLOCATE|[8]|Bytes:54
14:38:55.0 (5017715)|HEAP_ALLOCATE|[8]|Bytes:8
14:38:55.0 (5026469)|SYSTEM_METHOD_ENTRY|[7]|QueryLocatorIterator.QueryLocatorIterator()
14:38:55.0 (5030769)|STATEMENT_EXECUTE|[7]
14:38:55.0 (5037250)|SYSTEM_METHOD_EXIT|[7]|QueryLocatorIterator
14:38:55.0 (5044202)|HEAP_ALLOCATE|[8]|Bytes:28
14:38:55.0 (5077733)|HEAP_ALLOCATE|[8]|Bytes:132
14:38:55.0 (5091774)|HEAP_ALLOCATE|[8]|Bytes:8
14:38:55.0 (5095673)|HEAP_ALLOCATE|[8]|Bytes:8
14:38:55.0 (5101556)|VARIABLE_SCOPE_BEGIN|[15]|this|Database.QueryLocatorIterator|true|false
14:38:55.0 (5159843)|VARIABLE_ASSIGNMENT|[15]|this|{}|0x342662cd
14:38:55.0 (5166813)|VARIABLE_SCOPE_BEGIN|[15]|values|List<SObject>|true|false
14:38:55.0 (5179128)|VARIABLE_ASSIGNMENT|[15]|values|"List of size 32 too large to display"|0x62980f9
14:38:55.0 (5184787)|VARIABLE_SCOPE_BEGIN|[15]|ql|Database.QueryLocator|true|false
14:38:55.0 (5206476)|VARIABLE_ASSIGNMENT|[15]|ql|{"query":"SELECT Name FROM Quo (2 more) ..."}|0x798f3bbb
14:38:55.0 (5212105)|VARIABLE_SCOPE_BEGIN|[15]|totalNumRecords|Integer|false|false
14:38:55.0 (5220662)|VARIABLE_ASSIGNMENT|[15]|totalNumRecords|32
14:38:55.0 (5225075)|VARIABLE_SCOPE_BEGIN|[15]|queryMoreSize|Integer|false|false
14:38:55.0 (5231717)|VARIABLE_ASSIGNMENT|[15]|queryMoreSize|49968
14:38:55.0 (5316715)|HEAP_ALLOCATE|[8]|Bytes:28
14:38:55.0 (5336543)|METHOD_ENTRY|[8]||Database.QueryLocatorIterator.hasNext()
14:38:55.0 (5382188)|METHOD_EXIT|[8]||Database.QueryLocatorIterator.hasNext()
14:38:55.0 (5390359)|METHOD_ENTRY|[8]||Database.QueryLocatorIterator.next()
14:38:55.0 (5459252)|METHOD_EXIT|[8]||Database.QueryLocatorIterator.next()
14:38:55.0 (5466766)|VARIABLE_SCOPE_BEGIN|[8]|q|Quote|true|false
14:38:55.0 (5483370)|VARIABLE_ASSIGNMENT|[8]|q|{"Name":"QUOTE 2","Id":"0Q0f40000009lJECAY"}|0xd45a419
14:38:55.0 (5489575)|STATEMENT_EXECUTE|[8]
14:38:55.0 (5491452)|STATEMENT_EXECUTE|[9]
14:38:55.0 (5518706)|HEAP_ALLOCATE|[EXTERNAL]|Bytes:4
14:38:55.0 (5529502)|METHOD_ENTRY|[8]||Database.QueryLocatorIterator.hasNext()
14:38:55.0 (5546952)|METHOD_EXIT|[8]||Database.QueryLocatorIterator.hasNext()
14:38:55.0 (5552003)|METHOD_ENTRY|[8]||Database.QueryLocatorIterator.next()
14:38:55.0 (6492479)|METHOD_EXIT|[8]||Database.QueryLocatorIterator.next()
14:38:55.0 (6502127)|VARIABLE_SCOPE_BEGIN|[8]|q|Quote|true|false
14:38:55.0 (6516436)|VARIABLE_ASSIGNMENT|[8]|q|{"Name":"first quote","Id":"0Q0f40000009lJYCAY"}|0x47a1d300
14:38:55.0 (6522240)|STATEMENT_EXECUTE|[8]
14:38:55.0 (6523923)|STATEMENT_EXECUTE|[9]
14:38:55.0 (6530886)|HEAP_ALLOCATE|[EXTERNAL]|Bytes:4
14:38:55.0 (6539526)|METHOD_ENTRY|[8]||Database.QueryLocatorIterator.hasNext()
14:38:55.0 (6556358)|METHOD_EXIT|[8]||Database.QueryLocatorIterator.hasNext()
14:38:55.0 (6561402)|METHOD_ENTRY|[8]||Database.QueryLocatorIterator.next()
14:38:55.0 (6601510)|METHOD_EXIT|[8]||Database.QueryLocatorIterator.next()
14:38:55.0 (6607104)|VARIABLE_SCOPE_BEGIN|[8]|q|Quote|true|false
14:38:55.0 (6618167)|VARIABLE_ASSIGNMENT|[8]|q|{"Name":"first quote","Id":"0Q0f40000009lJJCAY"}|0x47f36aac
14:38:55.0 (6623472)|STATEMENT_EXECUTE|[8]
14:38:55.0 (6625038)|STATEMENT_EXECUTE|[9]
14:38:55.0 (6630229)|HEAP_ALLOCATE|[EXTERNAL]|Bytes:4
14:38:55.0 (6637079)|METHOD_ENTRY|[8]||Database.QueryLocatorIterator.hasNext()
14:38:55.0 (6651328)|METHOD_EXIT|[8]||Database.QueryLocatorIterator.hasNext()
14:38:55.0 (6655661)|METHOD_ENTRY|[8]||Database.QueryLocatorIterator.next()
14:38:55.0 (6690636)|METHOD_EXIT|[8]||Database.QueryLocatorIterator.next()
14:38:55.0 (6696045)|VARIABLE_SCOPE_BEGIN|[8]|q|Quote|true|false
14:38:55.0 (6706910)|VARIABLE_ASSIGNMENT|[8]|q|{"Name":"first quote","Id":"0Q0f40000009lJOCAY"}|0x59e363cd
14:38:55.0 (6716765)|STATEMENT_EXECUTE|[8]
14:38:55.0 (6718362)|STATEMENT_EXECUTE|[9]
14:38:55.0 (6723871)|HEAP_ALLOCATE|[EXTERNAL]|Bytes:4
14:38:55.0 (6730864)|METHOD_ENTRY|[8]||Database.QueryLocatorIterator.hasNext()
14:38:55.0 (6745105)|METHOD_EXIT|[8]||Database.QueryLocatorIterator.hasNext()
14:38:55.0 (6749583)|METHOD_ENTRY|[8]||Database.QueryLocatorIterator.next()
14:38:55.0 (6785029)|METHOD_EXIT|[8]||Database.QueryLocatorIterator.next()
14:38:55.0 (6790118)|VARIABLE_SCOPE_BEGIN|[8]|q|Quote|true|false
14:38:55.0 (6800240)|VARIABLE_ASSIGNMENT|[8]|q|{"Name":"first quote","Id":"0Q0f40000009lelCAA"}|0x79266184
14:38:55.0 (6805382)|STATEMENT_EXECUTE|[8]
14:38:55.0 (6806920)|STATEMENT_EXECUTE|[9]
14:38:55.0 (6811897)|HEAP_ALLOCATE|[EXTERNAL]|Bytes:4
14:38:55.0 (6818357)|METHOD_ENTRY|[8]||Database.QueryLocatorIterator.hasNext()
14:38:55.0 (6832525)|METHOD_EXIT|[8]||Database.QueryLocatorIterator.hasNext()
14:38:55.0 (6836582)|METHOD_ENTRY|[8]||Database.QueryLocatorIterator.next()
14:38:55.0 (6870608)|METHOD_EXIT|[8]||Database.QueryLocatorIterator.next()
14:38:55.0 (6875605)|VARIABLE_SCOPE_BEGIN|[8]|q|Quote|true|false
14:38:55.0 (6889718)|VARIABLE_ASSIGNMENT|[8]|q|{"Name":"first quote","Id":"0Q0f40000009lemCAA"}|0x30569473
14:38:55.0 (6895134)|STATEMENT_EXECUTE|[8]
14:38:55.0 (6896593)|STATEMENT_EXECUTE|[9]
14:38:55.0 (6901560)|HEAP_ALLOCATE|[EXTERNAL]|Bytes:4
14:38:55.0 (6908166)|METHOD_ENTRY|[8]||Database.QueryLocatorIterator.hasNext()
14:38:55.0 (6922387)|METHOD_EXIT|[8]||Database.QueryLocatorIterator.hasNext()
14:38:55.0 (6926824)|METHOD_ENTRY|[8]||Database.QueryLocatorIterator.next()
14:38:55.0 (6961418)|METHOD_EXIT|[8]||Database.QueryLocatorIterator.next()
14:38:55.0 (6966380)|VARIABLE_SCOPE_BEGIN|[8]|q|Quote|true|false
14:38:55.0 (6976355)|VARIABLE_ASSIGNMENT|[8]|q|{"Name":"first quote","Id":"0Q0f40000009VVICA2"}|0x6c2c2edf
14:38:55.0 (6981452)|STATEMENT_EXECUTE|[8]
14:38:55.0 (6983134)|STATEMENT_EXECUTE|[9]
14:38:55.0 (6988077)|HEAP_ALLOCATE|[EXTERNAL]|Bytes:4
14:38:55.0 (6994820)|METHOD_ENTRY|[8]||Database.QueryLocatorIterator.hasNext()
14:38:55.0 (7008724)|METHOD_EXIT|[8]||Database.QueryLocatorIterator.hasNext()
14:38:55.0 (7013688)|METHOD_ENTRY|[8]||Database.QueryLocatorIterator.next()
14:38:55.0 (7048091)|METHOD_EXIT|[8]||Database.QueryLocatorIterator.next()
14:38:55.0 (7053241)|VARIABLE_SCOPE_BEGIN|[8]|q|Quote|true|false
14:38:55.0 (7063168)|VARIABLE_ASSIGNMENT|[8]|q|{"Name":"QUOTE 2","Id":"0Q0f40000009e7gCAA"}|0x2e93d59c
14:38:55.0 (7068363)|STATEMENT_EXECUTE|[8]
14:38:55.0 (7069889)|STATEMENT_EXECUTE|[9]
14:38:55.0 (7074819)|HEAP_ALLOCATE|[EXTERNAL]|Bytes:4
14:38:55.0 (7081462)|METHOD_ENTRY|[8]||Database.QueryLocatorIterator.hasNext()
14:38:55.0 (7095654)|METHOD_EXIT|[8]||Database.QueryLocatorIterator.hasNext()
14:38:55.0 (7099865)|METHOD_ENTRY|[8]||Database.QueryLocatorIterator.next()
14:38:55.0 (7135090)|METHOD_EXIT|[8]||Database.QueryLocatorIterator.next()
14:38:55.0 (7140032)|VARIABLE_SCOPE_BEGIN|[8]|q|Quote|true|false
14:38:55.0 (7150288)|VARIABLE_ASSIGNMENT|[8]|q|{"Name":"QUOTE 2","Id":"0Q0f40000009kLKCAY"}|0x6473bb8b
14:38:55.0 (7155198)|STATEMENT_EXECUTE|[8]
14:38:55.0 (7156698)|STATEMENT_EXECUTE|[9]
14:38:55.0 (7161842)|HEAP_ALLOCATE|[EXTERNAL]|Bytes:4
14:38:55.0 (7168310)|METHOD_ENTRY|[8]||Database.QueryLocatorIterator.hasNext()
14:38:55.0 (7182223)|METHOD_EXIT|[8]||Database.QueryLocatorIterator.hasNext()
14:38:55.0 (7186232)|METHOD_ENTRY|[8]||Database.QueryLocatorIterator.next()
14:38:55.0 (7221091)|METHOD_EXIT|[8]||Database.QueryLocatorIterator.next()
14:38:55.0 (7225984)|VARIABLE_SCOPE_BEGIN|[8]|q|Quote|true|false
14:38:55.0 (7235684)|VARIABLE_ASSIGNMENT|[8]|q|{"Name":"QUOTE 2","Id":"0Q0f40000009kLLCAY"}|0x60825e7a
14:38:55.0 (7240500)|STATEMENT_EXECUTE|[8]
14:38:55.0 (7241989)|STATEMENT_EXECUTE|[9]
14:38:55.0 (7246869)|HEAP_ALLOCATE|[EXTERNAL]|Bytes:4
14:38:55.0 (7254339)|METHOD_ENTRY|[8]||Database.QueryLocatorIterator.hasNext()
14:38:55.0 (7267688)|METHOD_EXIT|[8]||Database.QueryLocatorIterator.hasNext()
14:38:55.0 (7271689)|METHOD_ENTRY|[8]||Database.QueryLocatorIterator.next()
14:38:55.0 (7305946)|METHOD_EXIT|[8]||Database.QueryLocatorIterator.next()
14:38:55.0 (7310954)|VARIABLE_SCOPE_BEGIN|[8]|q|Quote|true|false
14:38:55.0 (7321438)|VARIABLE_ASSIGNMENT|[8]|q|{"Name":"QUOTE 2","Id":"0Q0f40000009kLeCAI"}|0x6dd5ce63
14:38:55.0 (7326525)|STATEMENT_EXECUTE|[8]
14:38:55.0 (7327998)|STATEMENT_EXECUTE|[9]
14:38:55.0 (7332948)|HEAP_ALLOCATE|[EXTERNAL]|Bytes:4
14:38:55.0 (7339646)|METHOD_ENTRY|[8]||Database.QueryLocatorIterator.hasNext()
14:38:55.0 (7353665)|METHOD_EXIT|[8]||Database.QueryLocatorIterator.hasNext()
14:38:55.0 (7357707)|METHOD_ENTRY|[8]||Database.QueryLocatorIterator.next()
14:38:55.0 (7391584)|METHOD_EXIT|[8]||Database.QueryLocatorIterator.next()
14:38:55.0 (7396475)|VARIABLE_SCOPE_BEGIN|[8]|q|Quote|true|false
14:38:55.0 (7406145)|VARIABLE_ASSIGNMENT|[8]|q|{"Name":"QUOTE 2","Id":"0Q0f40000009kLfCAI"}|0x5d5ad970
14:38:55.0 (7411041)|STATEMENT_EXECUTE|[8]
14:38:55.0 (7412657)|STATEMENT_EXECUTE|[9]
14:38:55.0 (7417457)|HEAP_ALLOCATE|[EXTERNAL]|Bytes:4
14:38:55.0 (7424102)|METHOD_ENTRY|[8]||Database.QueryLocatorIterator.hasNext()
14:38:55.0 (7437954)|METHOD_EXIT|[8]||Database.QueryLocatorIterator.hasNext()
14:38:55.0 (7442228)|METHOD_ENTRY|[8]||Database.QueryLocatorIterator.next()
14:38:55.0 (7476175)|METHOD_EXIT|[8]||Database.QueryLocatorIterator.next()
14:38:55.0 (7481570)|VARIABLE_SCOPE_BEGIN|[8]|q|Quote|true|false
14:38:55.0 (7491497)|VARIABLE_ASSIGNMENT|[8]|q|{"Name":"QUOTE 2","Id":"0Q0f40000009kMDCAY"}|0x248c9eb3
14:38:55.0 (7496643)|STATEMENT_EXECUTE|[8]
14:38:55.0 (7498106)|STATEMENT_EXECUTE|[9]
14:38:55.0 (7502960)|HEAP_ALLOCATE|[EXTERNAL]|Bytes:4
14:38:55.0 (7509391)|METHOD_ENTRY|[8]||Database.QueryLocatorIterator.hasNext()
14:38:55.0 (7523526)|METHOD_EXIT|[8]||Database.QueryLocatorIterator.hasNext()
14:38:55.0 (7528015)|METHOD_ENTRY|[8]||Database.QueryLocatorIterator.next()
14:38:55.0 (7561943)|METHOD_EXIT|[8]||Database.QueryLocatorIterator.next()
14:38:55.0 (7567475)|VARIABLE_SCOPE_BEGIN|[8]|q|Quote|true|false
14:38:55.0 (7577456)|VARIABLE_ASSIGNMENT|[8]|q|{"Name":"QUOTE 2","Id":"0Q0f40000009kLtCAI"}|0x560f65d6
14:38:55.0 (7582878)|STATEMENT_EXECUTE|[8]
14:38:55.0 (7584311)|STATEMENT_EXECUTE|[9]
14:38:55.0 (7589259)|HEAP_ALLOCATE|[EXTERNAL]|Bytes:4
14:38:55.0 (7595676)|METHOD_ENTRY|[8]||Database.QueryLocatorIterator.hasNext()
14:38:55.0 (7609514)|METHOD_EXIT|[8]||Database.QueryLocatorIterator.hasNext()
14:38:55.0 (7613934)|METHOD_ENTRY|[8]||Database.QueryLocatorIterator.next()
14:38:55.0 (7648057)|METHOD_EXIT|[8]||Database.QueryLocatorIterator.next()
14:38:55.0 (7653148)|VARIABLE_SCOPE_BEGIN|[8]|q|Quote|true|false
14:38:55.0 (7662986)|VARIABLE_ASSIGNMENT|[8]|q|{"Name":"QUOTE 2","Id":"0Q0f40000009kLuCAI"}|0x15ea0fa2
14:38:55.0 (7668374)|STATEMENT_EXECUTE|[8]
14:38:55.0 (7669841)|STATEMENT_EXECUTE|[9]
14:38:55.0 (7674769)|HEAP_ALLOCATE|[EXTERNAL]|Bytes:4
14:38:55.0 (7681118)|METHOD_ENTRY|[8]||Database.QueryLocatorIterator.hasNext()
14:38:55.0 (7694779)|METHOD_EXIT|[8]||Database.QueryLocatorIterator.hasNext()
14:38:55.0 (7699334)|METHOD_ENTRY|[8]||Database.QueryLocatorIterator.next()
14:38:55.0 (7738188)|METHOD_EXIT|[8]||Database.QueryLocatorIterator.next()
14:38:55.0 (7743395)|VARIABLE_SCOPE_BEGIN|[8]|q|Quote|true|false
14:38:55.0 (7753251)|VARIABLE_ASSIGNMENT|[8]|q|{"Name":"QUOTE 2","Id":"0Q0f40000009kLACAY"}|0x1ef0d536
14:38:55.0 (7758203)|STATEMENT_EXECUTE|[8]
14:38:55.0 (7759888)|STATEMENT_EXECUTE|[9]
14:38:55.0 (7764785)|HEAP_ALLOCATE|[EXTERNAL]|Bytes:4
14:38:55.0 (7771426)|METHOD_ENTRY|[8]||Database.QueryLocatorIterator.hasNext()
14:38:55.0 (7785891)|METHOD_EXIT|[8]||Database.QueryLocatorIterator.hasNext()
14:38:55.0 (7789936)|METHOD_ENTRY|[8]||Database.QueryLocatorIterator.next()
14:38:55.0 (7823965)|METHOD_EXIT|[8]||Database.QueryLocatorIterator.next()
14:38:55.0 (7828891)|VARIABLE_SCOPE_BEGIN|[8]|q|Quote|true|false
14:38:55.0 (7838722)|VARIABLE_ASSIGNMENT|[8]|q|{"Name":"QUOTE 2","Id":"0Q0f40000009kM3CAI"}|0x5ec9a95d
14:38:55.0 (7843790)|STATEMENT_EXECUTE|[8]
14:38:55.0 (7845441)|STATEMENT_EXECUTE|[9]
14:38:55.0 (7850305)|HEAP_ALLOCATE|[EXTERNAL]|Bytes:4
14:38:55.0 (7856882)|METHOD_ENTRY|[8]||Database.QueryLocatorIterator.hasNext()
14:38:55.0 (7871107)|METHOD_EXIT|[8]||Database.QueryLocatorIterator.hasNext()
14:38:55.0 (7875290)|METHOD_ENTRY|[8]||Database.QueryLocatorIterator.next()
14:38:55.0 (7909577)|METHOD_EXIT|[8]||Database.QueryLocatorIterator.next()
14:38:55.0 (7914515)|VARIABLE_SCOPE_BEGIN|[8]|q|Quote|true|false
14:38:55.0 (7924454)|VARIABLE_ASSIGNMENT|[8]|q|{"Name":"QUOTE 2","Id":"0Q0f40000009kMNCAY"}|0x73455687
14:38:55.0 (7929242)|STATEMENT_EXECUTE|[8]
14:38:55.0 (7930744)|STATEMENT_EXECUTE|[9]
14:38:55.0 (7935441)|HEAP_ALLOCATE|[EXTERNAL]|Bytes:4
14:38:55.0 (7941807)|METHOD_ENTRY|[8]||Database.QueryLocatorIterator.hasNext()
14:38:55.0 (7955584)|METHOD_EXIT|[8]||Database.QueryLocatorIterator.hasNext()
14:38:55.0 (7960014)|METHOD_ENTRY|[8]||Database.QueryLocatorIterator.next()
14:38:55.0 (7993680)|METHOD_EXIT|[8]||Database.QueryLocatorIterator.next()
14:38:55.0 (7998731)|VARIABLE_SCOPE_BEGIN|[8]|q|Quote|true|false
14:38:55.0 (8008709)|VARIABLE_ASSIGNMENT|[8]|q|{"Name":"QUOTE 2","Id":"0Q0f40000009kMICAY"}|0x3617c052
14:38:55.0 (8014124)|STATEMENT_EXECUTE|[8]
14:38:55.0 (8015600)|STATEMENT_EXECUTE|[9]
14:38:55.0 (8020448)|HEAP_ALLOCATE|[EXTERNAL]|Bytes:4
14:38:55.0 (8026794)|METHOD_ENTRY|[8]||Database.QueryLocatorIterator.hasNext()
14:38:55.0 (8040667)|METHOD_EXIT|[8]||Database.QueryLocatorIterator.hasNext()
14:38:55.0 (8044768)|METHOD_ENTRY|[8]||Database.QueryLocatorIterator.next()
14:38:55.0 (8078647)|METHOD_EXIT|[8]||Database.QueryLocatorIterator.next()
14:38:55.0 (8083390)|VARIABLE_SCOPE_BEGIN|[8]|q|Quote|true|false
14:38:55.0 (8093431)|VARIABLE_ASSIGNMENT|[8]|q|{"Name":"QUOTE 2","Id":"0Q0f40000009kMJCAY"}|0x2ed6fac3
14:38:55.0 (8098290)|STATEMENT_EXECUTE|[8]
14:38:55.0 (8099878)|STATEMENT_EXECUTE|[9]
14:38:55.0 (8104566)|HEAP_ALLOCATE|[EXTERNAL]|Bytes:4
14:38:55.0 (8111041)|METHOD_ENTRY|[8]||Database.QueryLocatorIterator.hasNext()
14:38:55.0 (8124710)|METHOD_EXIT|[8]||Database.QueryLocatorIterator.hasNext()
14:38:55.0 (8128942)|METHOD_ENTRY|[8]||Database.QueryLocatorIterator.next()
14:38:55.0 (8162559)|METHOD_EXIT|[8]||Database.QueryLocatorIterator.next()
14:38:55.0 (8167548)|VARIABLE_SCOPE_BEGIN|[8]|q|Quote|true|false
14:38:55.0 (8177705)|VARIABLE_ASSIGNMENT|[8]|q|{"Name":"QUOTE 2","Id":"0Q0f40000009kKvCAI"}|0x3d462d05
14:38:55.0 (8183301)|STATEMENT_EXECUTE|[8]
14:38:55.0 (8184797)|STATEMENT_EXECUTE|[9]
14:38:55.0 (8189484)|HEAP_ALLOCATE|[EXTERNAL]|Bytes:4
14:38:55.0 (8196049)|METHOD_ENTRY|[8]||Database.QueryLocatorIterator.hasNext()
14:38:55.0 (8209790)|METHOD_EXIT|[8]||Database.QueryLocatorIterator.hasNext()
14:38:55.0 (8213988)|METHOD_ENTRY|[8]||Database.QueryLocatorIterator.next()
14:38:55.0 (8247529)|METHOD_EXIT|[8]||Database.QueryLocatorIterator.next()
14:38:55.0 (8252489)|VARIABLE_SCOPE_BEGIN|[8]|q|Quote|true|false
14:38:55.0 (8264533)|VARIABLE_ASSIGNMENT|[8]|q|{"Name":"QUOTE 2","Id":"0Q0f40000009kKqCAI"}|0x646ea544
14:38:55.0 (8269585)|STATEMENT_EXECUTE|[8]
14:38:55.0 (8271068)|STATEMENT_EXECUTE|[9]
14:38:55.0 (8275927)|HEAP_ALLOCATE|[EXTERNAL]|Bytes:4
14:38:55.0 (8282572)|METHOD_ENTRY|[8]||Database.QueryLocatorIterator.hasNext()
14:38:55.0 (8296283)|METHOD_EXIT|[8]||Database.QueryLocatorIterator.hasNext()
14:38:55.0 (8300584)|METHOD_ENTRY|[8]||Database.QueryLocatorIterator.next()
14:38:55.0 (8334692)|METHOD_EXIT|[8]||Database.QueryLocatorIterator.next()
14:38:55.0 (8340036)|VARIABLE_SCOPE_BEGIN|[8]|q|Quote|true|false
14:38:55.0 (8349965)|VARIABLE_ASSIGNMENT|[8]|q|{"Name":"QUOTE 2","Id":"0Q0f40000009kKWCAY"}|0x6cf3eccb
14:38:55.0 (8355234)|STATEMENT_EXECUTE|[8]
14:38:55.0 (8356725)|STATEMENT_EXECUTE|[9]
14:38:55.0 (8361596)|HEAP_ALLOCATE|[EXTERNAL]|Bytes:4
14:38:55.0 (8368284)|METHOD_ENTRY|[8]||Database.QueryLocatorIterator.hasNext()
14:38:55.0 (8381966)|METHOD_EXIT|[8]||Database.QueryLocatorIterator.hasNext()
14:38:55.0 (8386513)|METHOD_ENTRY|[8]||Database.QueryLocatorIterator.next()
14:38:55.0 (8420451)|METHOD_EXIT|[8]||Database.QueryLocatorIterator.next()
14:38:55.0 (8425577)|VARIABLE_SCOPE_BEGIN|[8]|q|Quote|true|false
14:38:55.0 (8435249)|VARIABLE_ASSIGNMENT|[8]|q|{"Name":"QUOTE 2","Id":"0Q0f40000009kL0CAI"}|0x75ea1374
14:38:55.0 (8440489)|STATEMENT_EXECUTE|[8]
14:38:55.0 (8442047)|STATEMENT_EXECUTE|[9]
14:38:55.0 (8446835)|HEAP_ALLOCATE|[EXTERNAL]|Bytes:4
14:38:55.0 (8453104)|METHOD_ENTRY|[8]||Database.QueryLocatorIterator.hasNext()
14:38:55.0 (8466922)|METHOD_EXIT|[8]||Database.QueryLocatorIterator.hasNext()
14:38:55.0 (8471108)|METHOD_ENTRY|[8]||Database.QueryLocatorIterator.next()
14:38:55.0 (8504581)|METHOD_EXIT|[8]||Database.QueryLocatorIterator.next()
14:38:55.0 (8509673)|VARIABLE_SCOPE_BEGIN|[8]|q|Quote|true|false
14:38:55.0 (8519934)|VARIABLE_ASSIGNMENT|[8]|q|{"Name":"QUOTE 2","Id":"0Q0f40000009kLyCAI"}|0x794826c9
14:38:55.0 (8525326)|STATEMENT_EXECUTE|[8]
14:38:55.0 (8526782)|STATEMENT_EXECUTE|[9]
14:38:55.0 (8531590)|HEAP_ALLOCATE|[EXTERNAL]|Bytes:4
14:38:55.0 (8537958)|METHOD_ENTRY|[8]||Database.QueryLocatorIterator.hasNext()
14:38:55.0 (8552086)|METHOD_EXIT|[8]||Database.QueryLocatorIterator.hasNext()
14:38:55.0 (8556869)|METHOD_ENTRY|[8]||Database.QueryLocatorIterator.next()
14:38:55.0 (8591133)|METHOD_EXIT|[8]||Database.QueryLocatorIterator.next()
14:38:55.0 (8596359)|VARIABLE_SCOPE_BEGIN|[8]|q|Quote|true|false
14:38:55.0 (8606034)|VARIABLE_ASSIGNMENT|[8]|q|{"Name":"QUOTE 2","Id":"0Q0f40000009kM8CAI"}|0x681de821
14:38:55.0 (8611309)|STATEMENT_EXECUTE|[8]
14:38:55.0 (8612750)|STATEMENT_EXECUTE|[9]
14:38:55.0 (8617506)|HEAP_ALLOCATE|[EXTERNAL]|Bytes:4
14:38:55.0 (8624084)|METHOD_ENTRY|[8]||Database.QueryLocatorIterator.hasNext()
14:38:55.0 (8638150)|METHOD_EXIT|[8]||Database.QueryLocatorIterator.hasNext()
14:38:55.0 (8642901)|METHOD_ENTRY|[8]||Database.QueryLocatorIterator.next()
14:38:55.0 (8676446)|METHOD_EXIT|[8]||Database.QueryLocatorIterator.next()
14:38:55.0 (8681428)|VARIABLE_SCOPE_BEGIN|[8]|q|Quote|true|false
14:38:55.0 (8691176)|VARIABLE_ASSIGNMENT|[8]|q|{"Name":"QUOTE 2","Id":"0Q0f40000009kLZCAY"}|0x1bfbc45d
14:38:55.0 (8696013)|STATEMENT_EXECUTE|[8]
14:38:55.0 (8697660)|STATEMENT_EXECUTE|[9]
14:38:55.0 (8702448)|HEAP_ALLOCATE|[EXTERNAL]|Bytes:4
14:38:55.0 (8708860)|METHOD_ENTRY|[8]||Database.QueryLocatorIterator.hasNext()
14:38:55.0 (8727079)|METHOD_EXIT|[8]||Database.QueryLocatorIterator.hasNext()
14:38:55.0 (8731583)|METHOD_ENTRY|[8]||Database.QueryLocatorIterator.next()
14:38:55.0 (8766558)|METHOD_EXIT|[8]||Database.QueryLocatorIterator.next()
14:38:55.0 (8771716)|VARIABLE_SCOPE_BEGIN|[8]|q|Quote|true|false
14:38:55.0 (8782315)|VARIABLE_ASSIGNMENT|[8]|q|{"Name":"QUOTE 2","Id":"0Q0f40000009kLaCAI"}|0x3e2f05e5
14:38:55.0 (8787533)|STATEMENT_EXECUTE|[8]
14:38:55.0 (8788973)|STATEMENT_EXECUTE|[9]
14:38:55.0 (8793914)|HEAP_ALLOCATE|[EXTERNAL]|Bytes:4
14:38:55.0 (8800374)|METHOD_ENTRY|[8]||Database.QueryLocatorIterator.hasNext()
14:38:55.0 (8814059)|METHOD_EXIT|[8]||Database.QueryLocatorIterator.hasNext()
14:38:55.0 (8818136)|METHOD_ENTRY|[8]||Database.QueryLocatorIterator.next()
14:38:55.0 (8852033)|METHOD_EXIT|[8]||Database.QueryLocatorIterator.next()
14:38:55.0 (8856952)|VARIABLE_SCOPE_BEGIN|[8]|q|Quote|true|false
14:38:55.0 (8866881)|VARIABLE_ASSIGNMENT|[8]|q|{"Name":"QUOTE 2","Id":"0Q0f40000009kLUCAY"}|0x6690287
14:38:55.0 (8871959)|STATEMENT_EXECUTE|[8]
14:38:55.0 (8873461)|STATEMENT_EXECUTE|[9]
14:38:55.0 (8878331)|HEAP_ALLOCATE|[EXTERNAL]|Bytes:4
14:38:55.0 (8884550)|METHOD_ENTRY|[8]||Database.QueryLocatorIterator.hasNext()
14:38:55.0 (8898646)|METHOD_EXIT|[8]||Database.QueryLocatorIterator.hasNext()
14:38:55.0 (8902494)|METHOD_ENTRY|[8]||Database.QueryLocatorIterator.next()
14:38:55.0 (8936657)|METHOD_EXIT|[8]||Database.QueryLocatorIterator.next()
14:38:55.0 (8941609)|VARIABLE_SCOPE_BEGIN|[8]|q|Quote|true|false
14:38:55.0 (8951762)|VARIABLE_ASSIGNMENT|[8]|q|{"Name":"QUOTE 2","Id":"0Q0f40000009kLFCAY"}|0x1b2ae8b
14:38:55.0 (8957008)|STATEMENT_EXECUTE|[8]
14:38:55.0 (8958466)|STATEMENT_EXECUTE|[9]
14:38:55.0 (8963203)|HEAP_ALLOCATE|[EXTERNAL]|Bytes:4
14:38:55.0 (8969864)|METHOD_ENTRY|[8]||Database.QueryLocatorIterator.hasNext()
14:38:55.0 (8983760)|METHOD_EXIT|[8]||Database.QueryLocatorIterator.hasNext()
14:38:55.0 (8988453)|METHOD_ENTRY|[8]||Database.QueryLocatorIterator.next()
14:38:55.0 (9022293)|METHOD_EXIT|[8]||Database.QueryLocatorIterator.next()
14:38:55.0 (9027628)|VARIABLE_SCOPE_BEGIN|[8]|q|Quote|true|false
14:38:55.0 (9037657)|VARIABLE_ASSIGNMENT|[8]|q|{"Name":"QUOTE 2","Id":"0Q0f40000009kLoCAI"}|0x44ae5bcc
14:38:55.0 (9042827)|STATEMENT_EXECUTE|[8]
14:38:55.0 (9044427)|STATEMENT_EXECUTE|[9]
14:38:55.0 (9049300)|HEAP_ALLOCATE|[EXTERNAL]|Bytes:4
14:38:55.0 (9056066)|METHOD_ENTRY|[8]||Database.QueryLocatorIterator.hasNext()
14:38:55.0 (9070108)|METHOD_EXIT|[8]||Database.QueryLocatorIterator.hasNext()
14:38:55.0 (9074532)|METHOD_ENTRY|[8]||Database.QueryLocatorIterator.next()
14:38:55.0 (9109099)|METHOD_EXIT|[8]||Database.QueryLocatorIterator.next()
14:38:55.0 (9113960)|VARIABLE_SCOPE_BEGIN|[8]|q|Quote|true|false
14:38:55.0 (9124315)|VARIABLE_ASSIGNMENT|[8]|q|{"Name":"QUOTE 2","Id":"0Q0f40000009kMSCAY"}|0x2686e91
14:38:55.0 (9129116)|STATEMENT_EXECUTE|[8]
14:38:55.0 (9130580)|STATEMENT_EXECUTE|[9]
14:38:55.0 (9135308)|HEAP_ALLOCATE|[EXTERNAL]|Bytes:4
14:38:55.0 (9141881)|METHOD_ENTRY|[8]||Database.QueryLocatorIterator.hasNext()
14:38:55.0 (9152159)|METHOD_EXIT|[8]||Database.QueryLocatorIterator.hasNext()
14:38:55.0 (9158829)|VARIABLE_ASSIGNMENT|[8]|q|null|
14:38:55.0 (9192718)|STATEMENT_EXECUTE|[14]
14:38:55.0 (9294141)|HEAP_ALLOCATE|[15]|Bytes:5
14:38:55.0 (9308819)|HEAP_ALLOCATE|[15]|Bytes:12
14:38:55.0 (9315433)|VARIABLE_SCOPE_BEGIN|[15]|q|Quote|true|false
14:38:55.0 (9327764)|VARIABLE_ASSIGNMENT|[15]|q|{"Name":"QUOTE 2","Id":"0Q0f40000009lJECAY"}|0xd45a419
14:38:55.0 (9333242)|STATEMENT_EXECUTE|[15]
14:38:55.0 (9335220)|STATEMENT_EXECUTE|[16]
14:38:55.0 (9338286)|HEAP_ALLOCATE|[16]|Bytes:20
14:38:55.0 (9387865)|HEAP_ALLOCATE|[16]|Bytes:27
14:38:55.0 (9416604)|USER_DEBUG|[16]|DEBUG|nombre de la quote: QUOTE 2
14:38:55.0 (9425219)|STATEMENT_EXECUTE|[17]
14:38:55.0 (9432406)|METHOD_ENTRY|[17]|01pf4000008WnsX|ViewQuotePDF.StringPDF(Quote)
14:38:55.0 (9442764)|VARIABLE_SCOPE_BEGIN|[35]|quote|Quote|true|false
14:38:55.0 (9454969)|VARIABLE_ASSIGNMENT|[35]|quote|{"Name":"QUOTE 2","Id":"0Q0f40000009lJECAY"}|0xd45a419
14:38:55.0 (9471217)|HEAP_ALLOCATE|[37]|Bytes:5
14:38:55.0 (9476227)|STATEMENT_EXECUTE|[35]
14:38:55.0 (9477942)|STATEMENT_EXECUTE|[36]
14:38:55.0 (9480490)|HEAP_ALLOCATE|[37]|Bytes:5
14:38:55.0 (9489032)|HEAP_ALLOCATE|[37]|Bytes:6
14:38:55.0 (9498268)|HEAP_ALLOCATE|[37]|Bytes:18
14:38:55.0 (9506268)|METHOD_EXIT|[17]|01pf4000008WnsX|ViewQuotePDF.StringPDF(Quote)
14:38:55.0 (10074793)|HEAP_ALLOCATE|[17]|Bytes:4
14:38:55.0 (10108032)|VARIABLE_ASSIGNMENT|[17]|b|BLOB(882 bytes)
14:38:55.0 (10124561)|HEAP_ALLOCATE|[15]|Bytes:5
14:38:55.0 (10136981)|HEAP_ALLOCATE|[15]|Bytes:12
14:38:55.0 (10143934)|VARIABLE_SCOPE_BEGIN|[15]|q|Quote|true|false
14:38:55.0 (10158221)|VARIABLE_ASSIGNMENT|[15]|q|{"Name":"first quote","Id":"0Q0f40000009lJYCAY"}|0x47a1d300
14:38:55.0 (10167954)|STATEMENT_EXECUTE|[15]
14:38:55.0 (10169734)|STATEMENT_EXECUTE|[16]
14:38:55.0 (10181323)|HEAP_ALLOCATE|[16]|Bytes:31
14:38:55.0 (10191290)|USER_DEBUG|[16]|DEBUG|nombre de la quote: first quote
14:38:55.0 (10198970)|STATEMENT_EXECUTE|[17]
14:38:55.0 (10203719)|METHOD_ENTRY|[17]|01pf4000008WnsX|ViewQuotePDF.StringPDF(Quote)
14:38:55.0 (10209504)|VARIABLE_SCOPE_BEGIN|[35]|quote|Quote|true|false
14:38:55.0 (10220281)|VARIABLE_ASSIGNMENT|[35]|quote|{"Name":"first quote","Id":"0Q0f40000009lJYCAY"}|0x47a1d300
14:38:55.0 (10235183)|HEAP_ALLOCATE|[37]|Bytes:5
14:38:55.0 (10239469)|STATEMENT_EXECUTE|[35]
14:38:55.0 (10241034)|STATEMENT_EXECUTE|[36]
14:38:55.0 (10249293)|HEAP_ALLOCATE|[37]|Bytes:22
14:38:55.0 (10257248)|METHOD_EXIT|[17]|01pf4000008WnsX|ViewQuotePDF.StringPDF(Quote)
14:38:55.0 (10538264)|HEAP_ALLOCATE|[17]|Bytes:4
14:38:55.0 (10565725)|VARIABLE_ASSIGNMENT|[17]|b|BLOB(886 bytes)
14:38:55.0 (10581005)|HEAP_ALLOCATE|[15]|Bytes:5
14:38:55.0 (10593349)|HEAP_ALLOCATE|[15]|Bytes:12
14:38:55.0 (10600281)|VARIABLE_SCOPE_BEGIN|[15]|q|Quote|true|false
14:38:55.0 (10614703)|VARIABLE_ASSIGNMENT|[15]|q|{"Name":"first quote","Id":"0Q0f40000009lJJCAY"}|0x47f36aac
14:38:55.0 (10620842)|STATEMENT_EXECUTE|[15]
14:38:55.0 (10622559)|STATEMENT_EXECUTE|[16]
14:38:55.0 (10633142)|HEAP_ALLOCATE|[16]|Bytes:31
14:38:55.0 (10643019)|USER_DEBUG|[16]|DEBUG|nombre de la quote: first quote
14:38:55.0 (10650802)|STATEMENT_EXECUTE|[17]
14:38:55.0 (10655659)|METHOD_ENTRY|[17]|01pf4000008WnsX|ViewQuotePDF.StringPDF(Quote)
14:38:55.0 (10660959)|VARIABLE_SCOPE_BEGIN|[35]|quote|Quote|true|false
14:38:55.0 (10672395)|VARIABLE_ASSIGNMENT|[35]|quote|{"Name":"first quote","Id":"0Q0f40000009lJJCAY"}|0x47f36aac
14:38:55.0 (10687112)|HEAP_ALLOCATE|[37]|Bytes:5
14:38:55.0 (10691255)|STATEMENT_EXECUTE|[35]
14:38:55.0 (10692776)|STATEMENT_EXECUTE|[36]
14:38:55.0 (10699799)|HEAP_ALLOCATE|[37]|Bytes:22
14:38:55.0 (10707548)|METHOD_EXIT|[17]|01pf4000008WnsX|ViewQuotePDF.StringPDF(Quote)
14:38:55.0 (10984731)|HEAP_ALLOCATE|[17]|Bytes:4
14:38:55.0 (11011745)|VARIABLE_ASSIGNMENT|[17]|b|BLOB(886 bytes)
14:38:55.0 (11028489)|HEAP_ALLOCATE|[15]|Bytes:5
14:38:55.0 (11040464)|HEAP_ALLOCATE|[15]|Bytes:12
14:38:55.0 (11047307)|VARIABLE_SCOPE_BEGIN|[15]|q|Quote|true|false
14:38:55.0 (11061340)|VARIABLE_ASSIGNMENT|[15]|q|{"Name":"first quote","Id":"0Q0f40000009lJOCAY"}|0x59e363cd
14:38:55.0 (11067327)|STATEMENT_EXECUTE|[15]
14:38:55.0 (11069017)|STATEMENT_EXECUTE|[16]
14:38:55.0 (11079441)|HEAP_ALLOCATE|[16]|Bytes:31
14:38:55.0 (11088936)|USER_DEBUG|[16]|DEBUG|nombre de la quote: first quote
14:38:55.0 (11096155)|STATEMENT_EXECUTE|[17]
14:38:55.0 (11101051)|METHOD_ENTRY|[17]|01pf4000008WnsX|ViewQuotePDF.StringPDF(Quote)
14:38:55.0 (11106577)|VARIABLE_SCOPE_BEGIN|[35]|quote|Quote|true|false
14:38:55.0 (11117077)|VARIABLE_ASSIGNMENT|[35]|quote|{"Name":"first quote","Id":"0Q0f40000009lJOCAY"}|0x59e363cd
14:38:55.0 (11132331)|HEAP_ALLOCATE|[37]|Bytes:5
14:38:55.0 (11136389)|STATEMENT_EXECUTE|[35]
14:38:55.0 (11137947)|STATEMENT_EXECUTE|[36]
14:38:55.0 (11144982)|HEAP_ALLOCATE|[37]|Bytes:22
14:38:55.0 (11152894)|METHOD_EXIT|[17]|01pf4000008WnsX|ViewQuotePDF.StringPDF(Quote)
14:38:55.0 (11434047)|HEAP_ALLOCATE|[17]|Bytes:4
14:38:55.0 (11465427)|VARIABLE_ASSIGNMENT|[17]|b|BLOB(886 bytes)
14:38:55.0 (11481418)|HEAP_ALLOCATE|[15]|Bytes:5
14:38:55.0 (11493746)|HEAP_ALLOCATE|[15]|Bytes:12
14:38:55.0 (11500546)|VARIABLE_SCOPE_BEGIN|[15]|q|Quote|true|false
14:38:55.0 (11514745)|VARIABLE_ASSIGNMENT|[15]|q|{"Name":"first quote","Id":"0Q0f40000009lelCAA"}|0x79266184
14:38:55.0 (11520637)|STATEMENT_EXECUTE|[15]
14:38:55.0 (11522459)|STATEMENT_EXECUTE|[16]
14:38:55.0 (11532820)|HEAP_ALLOCATE|[16]|Bytes:31
14:38:55.0 (11542671)|USER_DEBUG|[16]|DEBUG|nombre de la quote: first quote
14:38:55.0 (11550217)|STATEMENT_EXECUTE|[17]
14:38:55.0 (11554894)|METHOD_ENTRY|[17]|01pf4000008WnsX|ViewQuotePDF.StringPDF(Quote)
14:38:55.0 (11560316)|VARIABLE_SCOPE_BEGIN|[35]|quote|Quote|true|false
14:38:55.0 (11570510)|VARIABLE_ASSIGNMENT|[35]|quote|{"Name":"first quote","Id":"0Q0f40000009lelCAA"}|0x79266184
14:38:55.0 (11585136)|HEAP_ALLOCATE|[37]|Bytes:5
14:38:55.0 (11589405)|STATEMENT_EXECUTE|[35]
14:38:55.0 (11590929)|STATEMENT_EXECUTE|[36]
14:38:55.0 (11597725)|HEAP_ALLOCATE|[37]|Bytes:22
14:38:55.0 (11605595)|METHOD_EXIT|[17]|01pf4000008WnsX|ViewQuotePDF.StringPDF(Quote)
14:38:55.0 (11881755)|HEAP_ALLOCATE|[17]|Bytes:4
14:38:55.0 (11908938)|VARIABLE_ASSIGNMENT|[17]|b|BLOB(886 bytes)
14:38:55.0 (11924060)|HEAP_ALLOCATE|[15]|Bytes:5
14:38:55.0 (11936554)|HEAP_ALLOCATE|[15]|Bytes:12
14:38:55.0 (11943257)|VARIABLE_SCOPE_BEGIN|[15]|q|Quote|true|false
14:38:55.0 (11956994)|VARIABLE_ASSIGNMENT|[15]|q|{"Name":"first quote","Id":"0Q0f40000009lemCAA"}|0x30569473
14:38:55.0 (11962930)|STATEMENT_EXECUTE|[15]
14:38:55.0 (11964627)|STATEMENT_EXECUTE|[16]
14:38:55.0 (11974717)|HEAP_ALLOCATE|[16]|Bytes:31
14:38:55.0 (11987115)|USER_DEBUG|[16]|DEBUG|nombre de la quote: first quote
14:38:55.0 (11994495)|STATEMENT_EXECUTE|[17]
14:38:55.0 (11999562)|METHOD_ENTRY|[17]|01pf4000008WnsX|ViewQuotePDF.StringPDF(Quote)
14:38:55.0 (12005240)|VARIABLE_SCOPE_BEGIN|[35]|quote|Quote|true|false
14:38:55.0 (12016107)|VARIABLE_ASSIGNMENT|[35]|quote|{"Name":"first quote","Id":"0Q0f40000009lemCAA"}|0x30569473
14:38:55.0 (12031078)|HEAP_ALLOCATE|[37]|Bytes:5
14:38:55.0 (12035329)|STATEMENT_EXECUTE|[35]
14:38:55.0 (12036927)|STATEMENT_EXECUTE|[36]
14:38:55.0 (12044115)|HEAP_ALLOCATE|[37]|Bytes:22
14:38:55.0 (12051842)|METHOD_EXIT|[17]|01pf4000008WnsX|ViewQuotePDF.StringPDF(Quote)
14:38:55.0 (12321554)|HEAP_ALLOCATE|[17]|Bytes:4
14:38:55.0 (12348346)|VARIABLE_ASSIGNMENT|[17]|b|BLOB(886 bytes)
14:38:55.0 (12363897)|HEAP_ALLOCATE|[15]|Bytes:5
14:38:55.0 (12376376)|HEAP_ALLOCATE|[15]|Bytes:12
14:38:55.0 (12383065)|VARIABLE_SCOPE_BEGIN|[15]|q|Quote|true|false
14:38:55.0 (12397073)|VARIABLE_ASSIGNMENT|[15]|q|{"Name":"first quote","Id":"0Q0f40000009VVICA2"}|0x6c2c2edf
14:38:55.0 (12402904)|STATEMENT_EXECUTE|[15]
14:38:55.0 (12404571)|STATEMENT_EXECUTE|[16]
14:38:55.0 (12414503)|HEAP_ALLOCATE|[16]|Bytes:31
14:38:55.0 (12423890)|USER_DEBUG|[16]|DEBUG|nombre de la quote: first quote
14:38:55.0 (12431275)|STATEMENT_EXECUTE|[17]
14:38:55.0 (12435954)|METHOD_ENTRY|[17]|01pf4000008WnsX|ViewQuotePDF.StringPDF(Quote)
14:38:55.0 (12441491)|VARIABLE_SCOPE_BEGIN|[35]|quote|Quote|true|false
14:38:55.0 (12452005)|VARIABLE_ASSIGNMENT|[35]|quote|{"Name":"first quote","Id":"0Q0f40000009VVICA2"}|0x6c2c2edf
14:38:55.0 (12466721)|HEAP_ALLOCATE|[37]|Bytes:5
14:38:55.0 (12471002)|STATEMENT_EXECUTE|[35]
14:38:55.0 (12472508)|STATEMENT_EXECUTE|[36]
14:38:55.0 (12479233)|HEAP_ALLOCATE|[37]|Bytes:22
14:38:55.0 (12487027)|METHOD_EXIT|[17]|01pf4000008WnsX|ViewQuotePDF.StringPDF(Quote)
14:38:55.0 (12762358)|HEAP_ALLOCATE|[17]|Bytes:4
14:38:55.0 (12789031)|VARIABLE_ASSIGNMENT|[17]|b|BLOB(886 bytes)
14:38:55.0 (12804279)|HEAP_ALLOCATE|[15]|Bytes:5
14:38:55.0 (12816479)|HEAP_ALLOCATE|[15]|Bytes:12
14:38:55.0 (12823301)|VARIABLE_SCOPE_BEGIN|[15]|q|Quote|true|false
14:38:55.0 (12837199)|VARIABLE_ASSIGNMENT|[15]|q|{"Name":"QUOTE 2","Id":"0Q0f40000009e7gCAA"}|0x2e93d59c
14:38:55.0 (12843085)|STATEMENT_EXECUTE|[15]
14:38:55.0 (12844717)|STATEMENT_EXECUTE|[16]
14:38:55.0 (12854833)|HEAP_ALLOCATE|[16]|Bytes:27
14:38:55.0 (12864538)|USER_DEBUG|[16]|DEBUG|nombre de la quote: QUOTE 2
14:38:55.0 (12872071)|STATEMENT_EXECUTE|[17]
14:38:55.0 (12877055)|METHOD_ENTRY|[17]|01pf4000008WnsX|ViewQuotePDF.StringPDF(Quote)
14:38:55.0 (12882629)|VARIABLE_SCOPE_BEGIN|[35]|quote|Quote|true|false
14:38:55.0 (12892814)|VARIABLE_ASSIGNMENT|[35]|quote|{"Name":"QUOTE 2","Id":"0Q0f40000009e7gCAA"}|0x2e93d59c
14:38:55.0 (12907540)|HEAP_ALLOCATE|[37]|Bytes:5
14:38:55.0 (12911954)|STATEMENT_EXECUTE|[35]
14:38:55.0 (12913542)|STATEMENT_EXECUTE|[36]
14:38:55.0 (12920417)|HEAP_ALLOCATE|[37]|Bytes:18
14:38:55.0 (12928140)|METHOD_EXIT|[17]|01pf4000008WnsX|ViewQuotePDF.StringPDF(Quote)
14:38:55.0 (13197145)|HEAP_ALLOCATE|[17]|Bytes:4
14:38:55.0 (13224214)|VARIABLE_ASSIGNMENT|[17]|b|BLOB(882 bytes)
14:38:55.0 (13239220)|HEAP_ALLOCATE|[15]|Bytes:5
14:38:55.0 (13251603)|HEAP_ALLOCATE|[15]|Bytes:12
14:38:55.0 (13258389)|VARIABLE_SCOPE_BEGIN|[15]|q|Quote|true|false
14:38:55.0 (13272067)|VARIABLE_ASSIGNMENT|[15]|q|{"Name":"QUOTE 2","Id":"0Q0f40000009kLKCAY"}|0x6473bb8b
14:38:55.0 (13277932)|STATEMENT_EXECUTE|[15]
14:38:55.0 (13279604)|STATEMENT_EXECUTE|[16]
14:38:55.0 (13289815)|HEAP_ALLOCATE|[16]|Bytes:27
14:38:55.0 (13299660)|USER_DEBUG|[16]|DEBUG|nombre de la quote: QUOTE 2
14:38:55.0 (13307295)|STATEMENT_EXECUTE|[17]
14:38:55.0 (13311781)|METHOD_ENTRY|[17]|01pf4000008WnsX|ViewQuotePDF.StringPDF(Quote)
14:38:55.0 (13317012)|VARIABLE_SCOPE_BEGIN|[35]|quote|Quote|true|false
14:38:55.0 (13327873)|VARIABLE_ASSIGNMENT|[35]|quote|{"Name":"QUOTE 2","Id":"0Q0f40000009kLKCAY"}|0x6473bb8b
14:38:55.0 (13342313)|HEAP_ALLOCATE|[37]|Bytes:5
14:38:55.0 (13346429)|STATEMENT_EXECUTE|[35]
14:38:55.0 (13348010)|STATEMENT_EXECUTE|[36]
14:38:55.0 (13354921)|HEAP_ALLOCATE|[37]|Bytes:18
14:38:55.0 (13362807)|METHOD_EXIT|[17]|01pf4000008WnsX|ViewQuotePDF.StringPDF(Quote)
14:38:55.0 (13631917)|HEAP_ALLOCATE|[17]|Bytes:4
14:38:55.0 (13658613)|VARIABLE_ASSIGNMENT|[17]|b|BLOB(882 bytes)
14:38:55.0 (13674459)|HEAP_ALLOCATE|[15]|Bytes:5
14:38:55.0 (13686863)|HEAP_ALLOCATE|[15]|Bytes:12
14:38:55.0 (13693588)|VARIABLE_SCOPE_BEGIN|[15]|q|Quote|true|false
14:38:55.0 (13707124)|VARIABLE_ASSIGNMENT|[15]|q|{"Name":"QUOTE 2","Id":"0Q0f40000009kLLCAY"}|0x60825e7a
14:38:55.0 (13717513)|STATEMENT_EXECUTE|[15]
14:38:55.0 (13719254)|STATEMENT_EXECUTE|[16]
14:38:55.0 (13729408)|HEAP_ALLOCATE|[16]|Bytes:27
14:38:55.0 (13739241)|USER_DEBUG|[16]|DEBUG|nombre de la quote: QUOTE 2
14:38:55.0 (13746526)|STATEMENT_EXECUTE|[17]
14:38:55.0 (13751376)|METHOD_ENTRY|[17]|01pf4000008WnsX|ViewQuotePDF.StringPDF(Quote)
14:38:55.0 (13759499)|VARIABLE_SCOPE_BEGIN|[35]|quote|Quote|true|false
14:38:55.0 (13770646)|VARIABLE_ASSIGNMENT|[35]|quote|{"Name":"QUOTE 2","Id":"0Q0f40000009kLLCAY"}|0x60825e7a
14:38:55.0 (13785211)|HEAP_ALLOCATE|[37]|Bytes:5
14:38:55.0 (13789656)|STATEMENT_EXECUTE|[35]
14:38:55.0 (13791261)|STATEMENT_EXECUTE|[36]
14:38:55.0 (13798325)|HEAP_ALLOCATE|[37]|Bytes:18
14:38:55.0 (13806252)|METHOD_EXIT|[17]|01pf4000008WnsX|ViewQuotePDF.StringPDF(Quote)
14:38:55.0 (14073101)|HEAP_ALLOCATE|[17]|Bytes:4
14:38:55.0 (14099734)|VARIABLE_ASSIGNMENT|[17]|b|BLOB(882 bytes)
14:38:55.0 (14114587)|HEAP_ALLOCATE|[15]|Bytes:5
14:38:55.0 (14126456)|HEAP_ALLOCATE|[15]|Bytes:12
14:38:55.0 (14133296)|VARIABLE_SCOPE_BEGIN|[15]|q|Quote|true|false
14:38:55.0 (14147022)|VARIABLE_ASSIGNMENT|[15]|q|{"Name":"QUOTE 2","Id":"0Q0f40000009kLeCAI"}|0x6dd5ce63
14:38:55.0 (14152932)|STATEMENT_EXECUTE|[15]
14:38:55.0 (14154776)|STATEMENT_EXECUTE|[16]
14:38:55.0 (14164836)|HEAP_ALLOCATE|[16]|Bytes:27
14:38:55.0 (14173763)|USER_DEBUG|[16]|DEBUG|nombre de la quote: QUOTE 2
14:38:55.0 (14181583)|STATEMENT_EXECUTE|[17]
14:38:55.0 (14186483)|METHOD_ENTRY|[17]|01pf4000008WnsX|ViewQuotePDF.StringPDF(Quote)
14:38:55.0 (14191971)|VARIABLE_SCOPE_BEGIN|[35]|quote|Quote|true|false
14:38:55.0 (14202662)|VARIABLE_ASSIGNMENT|[35]|quote|{"Name":"QUOTE 2","Id":"0Q0f40000009kLeCAI"}|0x6dd5ce63
14:38:55.0 (14216407)|HEAP_ALLOCATE|[37]|Bytes:5
14:38:55.0 (14220509)|STATEMENT_EXECUTE|[35]
14:38:55.0 (14222008)|STATEMENT_EXECUTE|[36]
14:38:55.0 (14228905)|HEAP_ALLOCATE|[37]|Bytes:18
14:38:55.0 (14236392)|METHOD_EXIT|[17]|01pf4000008WnsX|ViewQuotePDF.StringPDF(Quote)
14:38:55.0 (14503794)|HEAP_ALLOCATE|[17]|Bytes:4
14:38:55.0 (14529949)|VARIABLE_ASSIGNMENT|[17]|b|BLOB(882 bytes)
14:38:55.0 (14545065)|HEAP_ALLOCATE|[15]|Bytes:5
14:38:55.0 (14556945)|HEAP_ALLOCATE|[15]|Bytes:12
14:38:55.0 (14563824)|VARIABLE_SCOPE_BEGIN|[15]|q|Quote|true|false
14:38:55.0 (14577570)|VARIABLE_ASSIGNMENT|[15]|q|{"Name":"QUOTE 2","Id":"0Q0f40000009kLfCAI"}|0x5d5ad970
14:38:55.0 (14583471)|STATEMENT_EXECUTE|[15]
14:38:55.0 (14585179)|STATEMENT_EXECUTE|[16]
14:38:55.0 (14595068)|HEAP_ALLOCATE|[16]|Bytes:27
14:38:55.0 (14604361)|USER_DEBUG|[16]|DEBUG|nombre de la quote: QUOTE 2
14:38:55.0 (14612280)|STATEMENT_EXECUTE|[17]
14:38:55.0 (14616809)|METHOD_ENTRY|[17]|01pf4000008WnsX|ViewQuotePDF.StringPDF(Quote)
14:38:55.0 (14622276)|VARIABLE_SCOPE_BEGIN|[35]|quote|Quote|true|false
14:38:55.0 (14632887)|VARIABLE_ASSIGNMENT|[35]|quote|{"Name":"QUOTE 2","Id":"0Q0f40000009kLfCAI"}|0x5d5ad970
14:38:55.0 (14646882)|HEAP_ALLOCATE|[37]|Bytes:5
14:38:55.0 (14651044)|STATEMENT_EXECUTE|[35]
14:38:55.0 (14652552)|STATEMENT_EXECUTE|[36]
14:38:55.0 (14659505)|HEAP_ALLOCATE|[37]|Bytes:18
14:38:55.0 (14667572)|METHOD_EXIT|[17]|01pf4000008WnsX|ViewQuotePDF.StringPDF(Quote)
14:38:55.0 (14940718)|HEAP_ALLOCATE|[17]|Bytes:4
14:38:55.0 (14966950)|VARIABLE_ASSIGNMENT|[17]|b|BLOB(882 bytes)
14:38:55.0 (14982326)|HEAP_ALLOCATE|[15]|Bytes:5
14:38:55.0 (14994443)|HEAP_ALLOCATE|[15]|Bytes:12
14:38:55.0 (15001981)|VARIABLE_SCOPE_BEGIN|[15]|q|Quote|true|false
14:38:55.0 (15016238)|VARIABLE_ASSIGNMENT|[15]|q|{"Name":"QUOTE 2","Id":"0Q0f40000009kMDCAY"}|0x248c9eb3
14:38:55.0 (15022280)|STATEMENT_EXECUTE|[15]
14:38:55.0 (15023953)|STATEMENT_EXECUTE|[16]
14:38:55.0 (15034218)|HEAP_ALLOCATE|[16]|Bytes:27
14:38:55.0 (15043746)|USER_DEBUG|[16]|DEBUG|nombre de la quote: QUOTE 2
14:38:55.0 (15051206)|STATEMENT_EXECUTE|[17]
14:38:55.0 (15055931)|METHOD_ENTRY|[17]|01pf4000008WnsX|ViewQuotePDF.StringPDF(Quote)
14:38:55.0 (15061862)|VARIABLE_SCOPE_BEGIN|[35]|quote|Quote|true|false
14:38:55.0 (15072037)|VARIABLE_ASSIGNMENT|[35]|quote|{"Name":"QUOTE 2","Id":"0Q0f40000009kMDCAY"}|0x248c9eb3
14:38:55.0 (15086542)|HEAP_ALLOCATE|[37]|Bytes:5
14:38:55.0 (15090730)|STATEMENT_EXECUTE|[35]
14:38:55.0 (15092325)|STATEMENT_EXECUTE|[36]
14:38:55.0 (15099252)|HEAP_ALLOCATE|[37]|Bytes:18
14:38:55.0 (15107225)|METHOD_EXIT|[17]|01pf4000008WnsX|ViewQuotePDF.StringPDF(Quote)
14:38:55.0 (15393642)|HEAP_ALLOCATE|[17]|Bytes:4
14:38:55.0 (15420574)|VARIABLE_ASSIGNMENT|[17]|b|BLOB(882 bytes)
14:38:55.0 (15435854)|HEAP_ALLOCATE|[15]|Bytes:5
14:38:55.0 (15447988)|HEAP_ALLOCATE|[15]|Bytes:12
14:38:55.0 (15455124)|VARIABLE_SCOPE_BEGIN|[15]|q|Quote|true|false
14:38:55.0 (15469101)|VARIABLE_ASSIGNMENT|[15]|q|{"Name":"QUOTE 2","Id":"0Q0f40000009kLtCAI"}|0x560f65d6
14:38:55.0 (15475010)|STATEMENT_EXECUTE|[15]
14:38:55.0 (15476640)|STATEMENT_EXECUTE|[16]
14:38:55.0 (15486963)|HEAP_ALLOCATE|[16]|Bytes:27
14:38:55.0 (15496902)|USER_DEBUG|[16]|DEBUG|nombre de la quote: QUOTE 2
14:38:55.0 (15504181)|STATEMENT_EXECUTE|[17]
14:38:55.0 (15509158)|METHOD_ENTRY|[17]|01pf4000008WnsX|ViewQuotePDF.StringPDF(Quote)
14:38:55.0 (15515305)|VARIABLE_SCOPE_BEGIN|[35]|quote|Quote|true|false
14:38:55.0 (15526235)|VARIABLE_ASSIGNMENT|[35]|quote|{"Name":"QUOTE 2","Id":"0Q0f40000009kLtCAI"}|0x560f65d6
14:38:55.0 (15544272)|HEAP_ALLOCATE|[37]|Bytes:5
14:38:55.0 (15548680)|STATEMENT_EXECUTE|[35]
14:38:55.0 (15550243)|STATEMENT_EXECUTE|[36]
14:38:55.0 (15557362)|HEAP_ALLOCATE|[37]|Bytes:18
14:38:55.0 (15565571)|METHOD_EXIT|[17]|01pf4000008WnsX|ViewQuotePDF.StringPDF(Quote)
14:38:55.0 (15857879)|HEAP_ALLOCATE|[17]|Bytes:4
14:38:55.0 (15884645)|VARIABLE_ASSIGNMENT|[17]|b|BLOB(882 bytes)
14:38:55.0 (15899750)|HEAP_ALLOCATE|[15]|Bytes:5
14:38:55.0 (15912234)|HEAP_ALLOCATE|[15]|Bytes:12
14:38:55.0 (15918985)|VARIABLE_SCOPE_BEGIN|[15]|q|Quote|true|false
14:38:55.0 (15932667)|VARIABLE_ASSIGNMENT|[15]|q|{"Name":"QUOTE 2","Id":"0Q0f40000009kLuCAI"}|0x15ea0fa2
14:38:55.0 (15938722)|STATEMENT_EXECUTE|[15]
14:38:55.0 (15940632)|STATEMENT_EXECUTE|[16]
14:38:55.0 (15951289)|HEAP_ALLOCATE|[16]|Bytes:27
14:38:55.0 (15960846)|USER_DEBUG|[16]|DEBUG|nombre de la quote: QUOTE 2
14:38:55.0 (15968000)|STATEMENT_EXECUTE|[17]
14:38:55.0 (15972849)|METHOD_ENTRY|[17]|01pf4000008WnsX|ViewQuotePDF.StringPDF(Quote)
14:38:55.0 (15978069)|VARIABLE_SCOPE_BEGIN|[35]|quote|Quote|true|false
14:38:55.0 (15988304)|VARIABLE_ASSIGNMENT|[35]|quote|{"Name":"QUOTE 2","Id":"0Q0f40000009kLuCAI"}|0x15ea0fa2
14:38:55.0 (16002521)|HEAP_ALLOCATE|[37]|Bytes:5
14:38:55.0 (16007506)|STATEMENT_EXECUTE|[35]
14:38:55.0 (16009054)|STATEMENT_EXECUTE|[36]
14:38:55.0 (16015896)|HEAP_ALLOCATE|[37]|Bytes:18
14:38:55.0 (16023597)|METHOD_EXIT|[17]|01pf4000008WnsX|ViewQuotePDF.StringPDF(Quote)
14:38:55.0 (16291906)|HEAP_ALLOCATE|[17]|Bytes:4
14:38:55.0 (16318177)|VARIABLE_ASSIGNMENT|[17]|b|BLOB(882 bytes)
14:38:55.0 (16333288)|HEAP_ALLOCATE|[15]|Bytes:5
14:38:55.0 (16345470)|HEAP_ALLOCATE|[15]|Bytes:12
14:38:55.0 (16352528)|VARIABLE_SCOPE_BEGIN|[15]|q|Quote|true|false
14:38:55.0 (16366437)|VARIABLE_ASSIGNMENT|[15]|q|{"Name":"QUOTE 2","Id":"0Q0f40000009kLACAY"}|0x1ef0d536
14:38:55.0 (16372155)|STATEMENT_EXECUTE|[15]
14:38:55.0 (16374040)|STATEMENT_EXECUTE|[16]
14:38:55.0 (16384555)|HEAP_ALLOCATE|[16]|Bytes:27
14:38:55.0 (16394108)|USER_DEBUG|[16]|DEBUG|nombre de la quote: QUOTE 2
14:38:55.0 (16401404)|STATEMENT_EXECUTE|[17]
14:38:55.0 (16406084)|METHOD_ENTRY|[17]|01pf4000008WnsX|ViewQuotePDF.StringPDF(Quote)
14:38:55.0 (16411771)|VARIABLE_SCOPE_BEGIN|[35]|quote|Quote|true|false
14:38:55.0 (16422230)|VARIABLE_ASSIGNMENT|[35]|quote|{"Name":"QUOTE 2","Id":"0Q0f40000009kLACAY"}|0x1ef0d536
14:38:55.0 (16435857)|HEAP_ALLOCATE|[37]|Bytes:5
14:38:55.0 (16440021)|STATEMENT_EXECUTE|[35]
14:38:55.0 (16441554)|STATEMENT_EXECUTE|[36]
14:38:55.0 (16448323)|HEAP_ALLOCATE|[37]|Bytes:18
14:38:55.0 (16456122)|METHOD_EXIT|[17]|01pf4000008WnsX|ViewQuotePDF.StringPDF(Quote)
14:38:55.0 (16733554)|HEAP_ALLOCATE|[17]|Bytes:4
14:38:55.0 (16760434)|VARIABLE_ASSIGNMENT|[17]|b|BLOB(882 bytes)
14:38:55.0 (16775683)|HEAP_ALLOCATE|[15]|Bytes:5
14:38:55.0 (16787951)|HEAP_ALLOCATE|[15]|Bytes:12
14:38:55.0 (16794583)|VARIABLE_SCOPE_BEGIN|[15]|q|Quote|true|false
14:38:55.0 (16808219)|VARIABLE_ASSIGNMENT|[15]|q|{"Name":"QUOTE 2","Id":"0Q0f40000009kM3CAI"}|0x5ec9a95d
14:38:55.0 (16813748)|STATEMENT_EXECUTE|[15]
14:38:55.0 (16815599)|STATEMENT_EXECUTE|[16]
14:38:55.0 (16826023)|HEAP_ALLOCATE|[16]|Bytes:27
14:38:55.0 (16835225)|USER_DEBUG|[16]|DEBUG|nombre de la quote: QUOTE 2
14:38:55.0 (16842410)|STATEMENT_EXECUTE|[17]
14:38:55.0 (16847072)|METHOD_ENTRY|[17]|01pf4000008WnsX|ViewQuotePDF.StringPDF(Quote)
14:38:55.0 (16852562)|VARIABLE_SCOPE_BEGIN|[35]|quote|Quote|true|false
14:38:55.0 (16863875)|VARIABLE_ASSIGNMENT|[35]|quote|{"Name":"QUOTE 2","Id":"0Q0f40000009kM3CAI"}|0x5ec9a95d
14:38:55.0 (16877308)|HEAP_ALLOCATE|[37]|Bytes:5
14:38:55.0 (16881697)|STATEMENT_EXECUTE|[35]
14:38:55.0 (16883214)|STATEMENT_EXECUTE|[36]
14:38:55.0 (16889977)|HEAP_ALLOCATE|[37]|Bytes:18
14:38:55.0 (16897751)|METHOD_EXIT|[17]|01pf4000008WnsX|ViewQuotePDF.StringPDF(Quote)
14:38:55.0 (17167835)|HEAP_ALLOCATE|[17]|Bytes:4
14:38:55.0 (17194777)|VARIABLE_ASSIGNMENT|[17]|b|BLOB(882 bytes)
14:38:55.0 (17210332)|HEAP_ALLOCATE|[15]|Bytes:5
14:38:55.0 (17222364)|HEAP_ALLOCATE|[15]|Bytes:12
14:38:55.0 (17229217)|VARIABLE_SCOPE_BEGIN|[15]|q|Quote|true|false
14:38:55.0 (17243251)|VARIABLE_ASSIGNMENT|[15]|q|{"Name":"QUOTE 2","Id":"0Q0f40000009kMNCAY"}|0x73455687
14:38:55.0 (17249126)|STATEMENT_EXECUTE|[15]
14:38:55.0 (17250820)|STATEMENT_EXECUTE|[16]
14:38:55.0 (17261213)|HEAP_ALLOCATE|[16]|Bytes:27
14:38:55.0 (17270267)|USER_DEBUG|[16]|DEBUG|nombre de la quote: QUOTE 2
14:38:55.0 (17277459)|STATEMENT_EXECUTE|[17]
14:38:55.0 (17282190)|METHOD_ENTRY|[17]|01pf4000008WnsX|ViewQuotePDF.StringPDF(Quote)
14:38:55.0 (17287311)|VARIABLE_SCOPE_BEGIN|[35]|quote|Quote|true|false
14:38:55.0 (17297827)|VARIABLE_ASSIGNMENT|[35]|quote|{"Name":"QUOTE 2","Id":"0Q0f40000009kMNCAY"}|0x73455687
14:38:55.0 (17311474)|HEAP_ALLOCATE|[37]|Bytes:5
14:38:55.0 (17315834)|STATEMENT_EXECUTE|[35]
14:38:55.0 (17317353)|STATEMENT_EXECUTE|[36]
14:38:55.0 (17324232)|HEAP_ALLOCATE|[37]|Bytes:18
14:38:55.0 (17335146)|METHOD_EXIT|[17]|01pf4000008WnsX|ViewQuotePDF.StringPDF(Quote)
14:38:55.0 (17599902)|HEAP_ALLOCATE|[17]|Bytes:4
14:38:55.0 (17626491)|VARIABLE_ASSIGNMENT|[17]|b|BLOB(882 bytes)
14:38:55.0 (17641759)|HEAP_ALLOCATE|[15]|Bytes:5
14:38:55.0 (17654508)|HEAP_ALLOCATE|[15]|Bytes:12
14:38:55.0 (17661028)|VARIABLE_SCOPE_BEGIN|[15]|q|Quote|true|false
14:38:55.0 (17674621)|VARIABLE_ASSIGNMENT|[15]|q|{"Name":"QUOTE 2","Id":"0Q0f40000009kMICAY"}|0x3617c052
14:38:55.0 (17680274)|STATEMENT_EXECUTE|[15]
14:38:55.0 (17681978)|STATEMENT_EXECUTE|[16]
14:38:55.0 (17692615)|HEAP_ALLOCATE|[16]|Bytes:27
14:38:55.0 (17702141)|USER_DEBUG|[16]|DEBUG|nombre de la quote: QUOTE 2
14:38:55.0 (17709317)|STATEMENT_EXECUTE|[17]
14:38:55.0 (17719066)|METHOD_ENTRY|[17]|01pf4000008WnsX|ViewQuotePDF.StringPDF(Quote)
14:38:55.0 (17724935)|VARIABLE_SCOPE_BEGIN|[35]|quote|Quote|true|false
14:38:55.0 (17736466)|VARIABLE_ASSIGNMENT|[35]|quote|{"Name":"QUOTE 2","Id":"0Q0f40000009kMICAY"}|0x3617c052
14:38:55.0 (17750432)|HEAP_ALLOCATE|[37]|Bytes:5
14:38:55.0 (17755399)|STATEMENT_EXECUTE|[35]
14:38:55.0 (17756902)|STATEMENT_EXECUTE|[36]
14:38:55.0 (17764285)|HEAP_ALLOCATE|[37]|Bytes:18
14:38:55.0 (17772387)|METHOD_EXIT|[17]|01pf4000008WnsX|ViewQuotePDF.StringPDF(Quote)
14:38:55.0 (18043638)|HEAP_ALLOCATE|[17]|Bytes:4
14:38:55.0 (18087681)|VARIABLE_ASSIGNMENT|[17]|b|BLOB(882 bytes)
14:38:55.0 (18105377)|HEAP_ALLOCATE|[15]|Bytes:5
14:38:55.0 (18117437)|HEAP_ALLOCATE|[15]|Bytes:12
14:38:55.0 (18124263)|VARIABLE_SCOPE_BEGIN|[15]|q|Quote|true|false
14:38:55.0 (18138421)|VARIABLE_ASSIGNMENT|[15]|q|{"Name":"QUOTE 2","Id":"0Q0f40000009kMJCAY"}|0x2ed6fac3
14:38:55.0 (18144073)|STATEMENT_EXECUTE|[15]
14:38:55.0 (18145741)|STATEMENT_EXECUTE|[16]
14:38:55.0 (18156323)|HEAP_ALLOCATE|[16]|Bytes:27
14:38:55.0 (18165713)|USER_DEBUG|[16]|DEBUG|nombre de la quote: QUOTE 2
14:38:55.0 (18173263)|STATEMENT_EXECUTE|[17]
14:38:55.0 (18178258)|METHOD_ENTRY|[17]|01pf4000008WnsX|ViewQuotePDF.StringPDF(Quote)
14:38:55.0 (18183687)|VARIABLE_SCOPE_BEGIN|[35]|quote|Quote|true|false
14:38:55.0 (18194181)|VARIABLE_ASSIGNMENT|[35]|quote|{"Name":"QUOTE 2","Id":"0Q0f40000009kMJCAY"}|0x2ed6fac3
14:38:55.0 (18208389)|HEAP_ALLOCATE|[37]|Bytes:5
14:38:55.0 (18212644)|STATEMENT_EXECUTE|[35]
14:38:55.0 (18214137)|STATEMENT_EXECUTE|[36]
14:38:55.0 (18221095)|HEAP_ALLOCATE|[37]|Bytes:18
14:38:55.0 (18229260)|METHOD_EXIT|[17]|01pf4000008WnsX|ViewQuotePDF.StringPDF(Quote)
14:38:55.0 (19281897)|HEAP_ALLOCATE|[17]|Bytes:4
14:38:55.0 (19312495)|VARIABLE_ASSIGNMENT|[17]|b|BLOB(882 bytes)
14:38:55.0 (19329366)|HEAP_ALLOCATE|[15]|Bytes:5
14:38:55.0 (19342953)|HEAP_ALLOCATE|[15]|Bytes:12
14:38:55.0 (19350213)|VARIABLE_SCOPE_BEGIN|[15]|q|Quote|true|false
14:38:55.0 (19365304)|VARIABLE_ASSIGNMENT|[15]|q|{"Name":"QUOTE 2","Id":"0Q0f40000009kKvCAI"}|0x3d462d05
14:38:55.0 (19371973)|STATEMENT_EXECUTE|[15]
14:38:55.0 (19373792)|STATEMENT_EXECUTE|[16]
14:38:55.0 (19385044)|HEAP_ALLOCATE|[16]|Bytes:27
14:38:55.0 (19394604)|USER_DEBUG|[16]|DEBUG|nombre de la quote: QUOTE 2
14:38:55.0 (19402284)|STATEMENT_EXECUTE|[17]
14:38:55.0 (19407493)|METHOD_ENTRY|[17]|01pf4000008WnsX|ViewQuotePDF.StringPDF(Quote)
14:38:55.0 (19413456)|VARIABLE_SCOPE_BEGIN|[35]|quote|Quote|true|false
14:38:55.0 (19424627)|VARIABLE_ASSIGNMENT|[35]|quote|{"Name":"QUOTE 2","Id":"0Q0f40000009kKvCAI"}|0x3d462d05
14:38:55.0 (19439276)|HEAP_ALLOCATE|[37]|Bytes:5
14:38:55.0 (19443590)|STATEMENT_EXECUTE|[35]
14:38:55.0 (19445094)|STATEMENT_EXECUTE|[36]
14:38:55.0 (19452528)|HEAP_ALLOCATE|[37]|Bytes:18
14:38:55.0 (19460519)|METHOD_EXIT|[17]|01pf4000008WnsX|ViewQuotePDF.StringPDF(Quote)
14:38:55.0 (19746499)|HEAP_ALLOCATE|[17]|Bytes:4
14:38:55.0 (19774796)|VARIABLE_ASSIGNMENT|[17]|b|BLOB(882 bytes)
14:38:55.0 (19791004)|HEAP_ALLOCATE|[15]|Bytes:5
14:38:55.0 (19803492)|HEAP_ALLOCATE|[15]|Bytes:12
14:38:55.0 (19810592)|VARIABLE_SCOPE_BEGIN|[15]|q|Quote|true|false
14:38:55.0 (19824616)|VARIABLE_ASSIGNMENT|[15]|q|{"Name":"QUOTE 2","Id":"0Q0f40000009kKqCAI"}|0x646ea544
14:38:55.0 (19830562)|STATEMENT_EXECUTE|[15]
14:38:55.0 (19832297)|STATEMENT_EXECUTE|[16]
14:38:55.0 (19843017)|HEAP_ALLOCATE|[16]|Bytes:27
14:38:55.0 (19853152)|USER_DEBUG|[16]|DEBUG|nombre de la quote: QUOTE 2
14:38:55.0 (19860773)|STATEMENT_EXECUTE|[17]
14:38:55.0 (19865827)|METHOD_ENTRY|[17]|01pf4000008WnsX|ViewQuotePDF.StringPDF(Quote)
14:38:55.0 (19871740)|VARIABLE_SCOPE_BEGIN|[35]|quote|Quote|true|false
14:38:55.0 (19882593)|VARIABLE_ASSIGNMENT|[35]|quote|{"Name":"QUOTE 2","Id":"0Q0f40000009kKqCAI"}|0x646ea544
14:38:55.0 (19897169)|HEAP_ALLOCATE|[37]|Bytes:5
14:38:55.0 (19901425)|STATEMENT_EXECUTE|[35]
14:38:55.0 (19903005)|STATEMENT_EXECUTE|[36]
14:38:55.0 (19909925)|HEAP_ALLOCATE|[37]|Bytes:18
14:38:55.0 (19917764)|METHOD_EXIT|[17]|01pf4000008WnsX|ViewQuotePDF.StringPDF(Quote)
14:38:55.0 (20196735)|HEAP_ALLOCATE|[17]|Bytes:4
14:38:55.0 (20224938)|VARIABLE_ASSIGNMENT|[17]|b|BLOB(882 bytes)
14:38:55.0 (20240266)|HEAP_ALLOCATE|[15]|Bytes:5
14:38:55.0 (20252784)|HEAP_ALLOCATE|[15]|Bytes:12
14:38:55.0 (20259374)|VARIABLE_SCOPE_BEGIN|[15]|q|Quote|true|false
14:38:55.0 (20273476)|VARIABLE_ASSIGNMENT|[15]|q|{"Name":"QUOTE 2","Id":"0Q0f40000009kKWCAY"}|0x6cf3eccb
14:38:55.0 (20280178)|STATEMENT_EXECUTE|[15]
14:38:55.0 (20281761)|STATEMENT_EXECUTE|[16]
14:38:55.0 (20292353)|HEAP_ALLOCATE|[16]|Bytes:27
14:38:55.0 (20301899)|USER_DEBUG|[16]|DEBUG|nombre de la quote: QUOTE 2
14:38:55.0 (20309568)|STATEMENT_EXECUTE|[17]
14:38:55.0 (20314411)|METHOD_ENTRY|[17]|01pf4000008WnsX|ViewQuotePDF.StringPDF(Quote)
14:38:55.0 (20320253)|VARIABLE_SCOPE_BEGIN|[35]|quote|Quote|true|false
14:38:55.0 (20330642)|VARIABLE_ASSIGNMENT|[35]|quote|{"Name":"QUOTE 2","Id":"0Q0f40000009kKWCAY"}|0x6cf3eccb
14:38:55.0 (20345042)|HEAP_ALLOCATE|[37]|Bytes:5
14:38:55.0 (20349704)|STATEMENT_EXECUTE|[35]
14:38:55.0 (20351281)|STATEMENT_EXECUTE|[36]
14:38:55.0 (20358124)|HEAP_ALLOCATE|[37]|Bytes:18
14:38:55.0 (20366034)|METHOD_EXIT|[17]|01pf4000008WnsX|ViewQuotePDF.StringPDF(Quote)
14:38:55.0 (20643901)|HEAP_ALLOCATE|[17]|Bytes:4
14:38:55.0 (20670941)|VARIABLE_ASSIGNMENT|[17]|b|BLOB(882 bytes)
14:38:55.0 (20686423)|HEAP_ALLOCATE|[15]|Bytes:5
14:38:55.0 (20699055)|HEAP_ALLOCATE|[15]|Bytes:12
14:38:55.0 (20706250)|VARIABLE_SCOPE_BEGIN|[15]|q|Quote|true|false
14:38:55.0 (20725204)|VARIABLE_ASSIGNMENT|[15]|q|{"Name":"QUOTE 2","Id":"0Q0f40000009kL0CAI"}|0x75ea1374
14:38:55.0 (20731395)|STATEMENT_EXECUTE|[15]
14:38:55.0 (20733012)|STATEMENT_EXECUTE|[16]
14:38:55.0 (20743414)|HEAP_ALLOCATE|[16]|Bytes:27
14:38:55.0 (20753422)|USER_DEBUG|[16]|DEBUG|nombre de la quote: QUOTE 2
14:38:55.0 (20761105)|STATEMENT_EXECUTE|[17]
14:38:55.0 (20765856)|METHOD_ENTRY|[17]|01pf4000008WnsX|ViewQuotePDF.StringPDF(Quote)
14:38:55.0 (20772122)|VARIABLE_SCOPE_BEGIN|[35]|quote|Quote|true|false
14:38:55.0 (20782912)|VARIABLE_ASSIGNMENT|[35]|quote|{"Name":"QUOTE 2","Id":"0Q0f40000009kL0CAI"}|0x75ea1374
14:38:55.0 (20796964)|HEAP_ALLOCATE|[37]|Bytes:5
14:38:55.0 (20801613)|STATEMENT_EXECUTE|[35]
14:38:55.0 (20803141)|STATEMENT_EXECUTE|[36]
14:38:55.0 (20810195)|HEAP_ALLOCATE|[37]|Bytes:18
14:38:55.0 (20817892)|METHOD_EXIT|[17]|01pf4000008WnsX|ViewQuotePDF.StringPDF(Quote)
14:38:55.0 (21085777)|HEAP_ALLOCATE|[17]|Bytes:4
14:38:55.0 (21113155)|VARIABLE_ASSIGNMENT|[17]|b|BLOB(882 bytes)
14:38:55.0 (21128389)|HEAP_ALLOCATE|[15]|Bytes:5
14:38:55.0 (21140804)|HEAP_ALLOCATE|[15]|Bytes:12
14:38:55.0 (21148173)|VARIABLE_SCOPE_BEGIN|[15]|q|Quote|true|false
14:38:55.0 (21162570)|VARIABLE_ASSIGNMENT|[15]|q|{"Name":"QUOTE 2","Id":"0Q0f40000009kLyCAI"}|0x794826c9
14:38:55.0 (21168172)|STATEMENT_EXECUTE|[15]
14:38:55.0 (21169791)|STATEMENT_EXECUTE|[16]
14:38:55.0 (21179849)|HEAP_ALLOCATE|[16]|Bytes:27
14:38:55.0 (21189929)|USER_DEBUG|[16]|DEBUG|nombre de la quote: QUOTE 2
14:38:55.0 (21197495)|STATEMENT_EXECUTE|[17]
14:38:55.0 (21202237)|METHOD_ENTRY|[17]|01pf4000008WnsX|ViewQuotePDF.StringPDF(Quote)
14:38:55.0 (21208298)|VARIABLE_SCOPE_BEGIN|[35]|quote|Quote|true|false
14:38:55.0 (21218852)|VARIABLE_ASSIGNMENT|[35]|quote|{"Name":"QUOTE 2","Id":"0Q0f40000009kLyCAI"}|0x794826c9
14:38:55.0 (21233338)|HEAP_ALLOCATE|[37]|Bytes:5
14:38:55.0 (21237494)|STATEMENT_EXECUTE|[35]
14:38:55.0 (21239017)|STATEMENT_EXECUTE|[36]
14:38:55.0 (21245823)|HEAP_ALLOCATE|[37]|Bytes:18
14:38:55.0 (21253729)|METHOD_EXIT|[17]|01pf4000008WnsX|ViewQuotePDF.StringPDF(Quote)
14:38:55.0 (21521704)|HEAP_ALLOCATE|[17]|Bytes:4
14:38:55.0 (21548334)|VARIABLE_ASSIGNMENT|[17]|b|BLOB(882 bytes)
14:38:55.0 (21563592)|HEAP_ALLOCATE|[15]|Bytes:5
14:38:55.0 (21576105)|HEAP_ALLOCATE|[15]|Bytes:12
14:38:55.0 (21583071)|VARIABLE_SCOPE_BEGIN|[15]|q|Quote|true|false
14:38:55.0 (21597031)|VARIABLE_ASSIGNMENT|[15]|q|{"Name":"QUOTE 2","Id":"0Q0f40000009kM8CAI"}|0x681de821
14:38:55.0 (21602891)|STATEMENT_EXECUTE|[15]
14:38:55.0 (21604534)|STATEMENT_EXECUTE|[16]
14:38:55.0 (21614996)|HEAP_ALLOCATE|[16]|Bytes:27
14:38:55.0 (21624484)|USER_DEBUG|[16]|DEBUG|nombre de la quote: QUOTE 2
14:38:55.0 (21632837)|STATEMENT_EXECUTE|[17]
14:38:55.0 (21637754)|METHOD_ENTRY|[17]|01pf4000008WnsX|ViewQuotePDF.StringPDF(Quote)
14:38:55.0 (21643304)|VARIABLE_SCOPE_BEGIN|[35]|quote|Quote|true|false
14:38:55.0 (21653562)|VARIABLE_ASSIGNMENT|[35]|quote|{"Name":"QUOTE 2","Id":"0Q0f40000009kM8CAI"}|0x681de821
14:38:55.0 (21667926)|HEAP_ALLOCATE|[37]|Bytes:5
14:38:55.0 (21672221)|STATEMENT_EXECUTE|[35]
14:38:55.0 (21673716)|STATEMENT_EXECUTE|[36]
14:38:55.0 (21680505)|HEAP_ALLOCATE|[37]|Bytes:18
14:38:55.0 (21688370)|METHOD_EXIT|[17]|01pf4000008WnsX|ViewQuotePDF.StringPDF(Quote)
14:38:55.0 (21972751)|HEAP_ALLOCATE|[17]|Bytes:4
14:38:55.0 (22000302)|VARIABLE_ASSIGNMENT|[17]|b|BLOB(882 bytes)
14:38:55.0 (22016542)|HEAP_ALLOCATE|[15]|Bytes:5
14:38:55.0 (22028916)|HEAP_ALLOCATE|[15]|Bytes:12
14:38:55.0 (22035820)|VARIABLE_SCOPE_BEGIN|[15]|q|Quote|true|false
14:38:55.0 (22050245)|VARIABLE_ASSIGNMENT|[15]|q|{"Name":"QUOTE 2","Id":"0Q0f40000009kLZCAY"}|0x1bfbc45d
14:38:55.0 (22055744)|STATEMENT_EXECUTE|[15]
14:38:55.0 (22057423)|STATEMENT_EXECUTE|[16]
14:38:55.0 (22067949)|HEAP_ALLOCATE|[16]|Bytes:27
14:38:55.0 (22077622)|USER_DEBUG|[16]|DEBUG|nombre de la quote: QUOTE 2
14:38:55.0 (22085872)|STATEMENT_EXECUTE|[17]
14:38:55.0 (22090635)|METHOD_ENTRY|[17]|01pf4000008WnsX|ViewQuotePDF.StringPDF(Quote)
14:38:55.0 (22095945)|VARIABLE_SCOPE_BEGIN|[35]|quote|Quote|true|false
14:38:55.0 (22106660)|VARIABLE_ASSIGNMENT|[35]|quote|{"Name":"QUOTE 2","Id":"0Q0f40000009kLZCAY"}|0x1bfbc45d
14:38:55.0 (22120848)|HEAP_ALLOCATE|[37]|Bytes:5
14:38:55.0 (22125378)|STATEMENT_EXECUTE|[35]
14:38:55.0 (22126893)|STATEMENT_EXECUTE|[36]
14:38:55.0 (22133765)|HEAP_ALLOCATE|[37]|Bytes:18
14:38:55.0 (22141773)|METHOD_EXIT|[17]|01pf4000008WnsX|ViewQuotePDF.StringPDF(Quote)
14:38:55.0 (22417008)|HEAP_ALLOCATE|[17]|Bytes:4
14:38:55.0 (22444055)|VARIABLE_ASSIGNMENT|[17]|b|BLOB(882 bytes)
14:38:55.0 (22459868)|HEAP_ALLOCATE|[15]|Bytes:5
14:38:55.0 (22471901)|HEAP_ALLOCATE|[15]|Bytes:12
14:38:55.0 (22478776)|VARIABLE_SCOPE_BEGIN|[15]|q|Quote|true|false
14:38:55.0 (22492393)|VARIABLE_ASSIGNMENT|[15]|q|{"Name":"QUOTE 2","Id":"0Q0f40000009kLaCAI"}|0x3e2f05e5
14:38:55.0 (22498195)|STATEMENT_EXECUTE|[15]
14:38:55.0 (22499793)|STATEMENT_EXECUTE|[16]
14:38:55.0 (22509937)|HEAP_ALLOCATE|[16]|Bytes:27
14:38:55.0 (22519597)|USER_DEBUG|[16]|DEBUG|nombre de la quote: QUOTE 2
14:38:55.0 (22527221)|STATEMENT_EXECUTE|[17]
14:38:55.0 (22532026)|METHOD_ENTRY|[17]|01pf4000008WnsX|ViewQuotePDF.StringPDF(Quote)
14:38:55.0 (22537736)|VARIABLE_SCOPE_BEGIN|[35]|quote|Quote|true|false
14:38:55.0 (22549110)|VARIABLE_ASSIGNMENT|[35]|quote|{"Name":"QUOTE 2","Id":"0Q0f40000009kLaCAI"}|0x3e2f05e5
14:38:55.0 (22563181)|HEAP_ALLOCATE|[37]|Bytes:5
14:38:55.0 (22567333)|STATEMENT_EXECUTE|[35]
14:38:55.0 (22568851)|STATEMENT_EXECUTE|[36]
14:38:55.0 (22575756)|HEAP_ALLOCATE|[37]|Bytes:18
14:38:55.0 (22583451)|METHOD_EXIT|[17]|01pf4000008WnsX|ViewQuotePDF.StringPDF(Quote)
14:38:55.0 (22876794)|HEAP_ALLOCATE|[17]|Bytes:4
14:38:55.0 (22904240)|VARIABLE_ASSIGNMENT|[17]|b|BLOB(882 bytes)
14:38:55.0 (22920293)|HEAP_ALLOCATE|[15]|Bytes:5
14:38:55.0 (22932706)|HEAP_ALLOCATE|[15]|Bytes:12
14:38:55.0 (22939488)|VARIABLE_SCOPE_BEGIN|[15]|q|Quote|true|false
14:38:55.0 (22953929)|VARIABLE_ASSIGNMENT|[15]|q|{"Name":"QUOTE 2","Id":"0Q0f40000009kLUCAY"}|0x6690287
14:38:55.0 (22959665)|STATEMENT_EXECUTE|[15]
14:38:55.0 (22961316)|STATEMENT_EXECUTE|[16]
14:38:55.0 (22971992)|HEAP_ALLOCATE|[16]|Bytes:27
14:38:55.0 (22981782)|USER_DEBUG|[16]|DEBUG|nombre de la quote: QUOTE 2
14:38:55.0 (22989415)|STATEMENT_EXECUTE|[17]
14:38:55.0 (22994131)|METHOD_ENTRY|[17]|01pf4000008WnsX|ViewQuotePDF.StringPDF(Quote)
14:38:55.0 (22999608)|VARIABLE_SCOPE_BEGIN|[35]|quote|Quote|true|false
14:38:55.0 (23010734)|VARIABLE_ASSIGNMENT|[35]|quote|{"Name":"QUOTE 2","Id":"0Q0f40000009kLUCAY"}|0x6690287
14:38:55.0 (23026236)|HEAP_ALLOCATE|[37]|Bytes:5
14:38:55.0 (23030503)|STATEMENT_EXECUTE|[35]
14:38:55.0 (23032016)|STATEMENT_EXECUTE|[36]
14:38:55.0 (23039301)|HEAP_ALLOCATE|[37]|Bytes:18
14:38:55.0 (23046891)|METHOD_EXIT|[17]|01pf4000008WnsX|ViewQuotePDF.StringPDF(Quote)
14:38:55.0 (23316135)|HEAP_ALLOCATE|[17]|Bytes:4
14:38:55.0 (23342778)|VARIABLE_ASSIGNMENT|[17]|b|BLOB(882 bytes)
14:38:55.0 (23358057)|HEAP_ALLOCATE|[15]|Bytes:5
14:38:55.0 (23370432)|HEAP_ALLOCATE|[15]|Bytes:12
14:38:55.0 (23377219)|VARIABLE_SCOPE_BEGIN|[15]|q|Quote|true|false
14:38:55.0 (23390878)|VARIABLE_ASSIGNMENT|[15]|q|{"Name":"QUOTE 2","Id":"0Q0f40000009kLFCAY"}|0x1b2ae8b
14:38:55.0 (23397019)|STATEMENT_EXECUTE|[15]
14:38:55.0 (23398631)|STATEMENT_EXECUTE|[16]
14:38:55.0 (23408958)|HEAP_ALLOCATE|[16]|Bytes:27
14:38:55.0 (23418688)|USER_DEBUG|[16]|DEBUG|nombre de la quote: QUOTE 2
14:38:55.0 (23426755)|STATEMENT_EXECUTE|[17]
14:38:55.0 (23431389)|METHOD_ENTRY|[17]|01pf4000008WnsX|ViewQuotePDF.StringPDF(Quote)
14:38:55.0 (23436744)|VARIABLE_SCOPE_BEGIN|[35]|quote|Quote|true|false
14:38:55.0 (23447456)|VARIABLE_ASSIGNMENT|[35]|quote|{"Name":"QUOTE 2","Id":"0Q0f40000009kLFCAY"}|0x1b2ae8b
14:38:55.0 (23461611)|HEAP_ALLOCATE|[37]|Bytes:5
14:38:55.0 (23465754)|STATEMENT_EXECUTE|[35]
14:38:55.0 (23467289)|STATEMENT_EXECUTE|[36]
14:38:55.0 (23474243)|HEAP_ALLOCATE|[37]|Bytes:18
14:38:55.0 (23481929)|METHOD_EXIT|[17]|01pf4000008WnsX|ViewQuotePDF.StringPDF(Quote)
14:38:55.0 (23756034)|HEAP_ALLOCATE|[17]|Bytes:4
14:38:55.0 (23782506)|VARIABLE_ASSIGNMENT|[17]|b|BLOB(882 bytes)
14:38:55.0 (23797896)|HEAP_ALLOCATE|[15]|Bytes:5
14:38:55.0 (23809879)|HEAP_ALLOCATE|[15]|Bytes:12
14:38:55.0 (23816505)|VARIABLE_SCOPE_BEGIN|[15]|q|Quote|true|false
14:38:55.0 (23830760)|VARIABLE_ASSIGNMENT|[15]|q|{"Name":"QUOTE 2","Id":"0Q0f40000009kLoCAI"}|0x44ae5bcc
14:38:55.0 (23836393)|STATEMENT_EXECUTE|[15]
14:38:55.0 (23838067)|STATEMENT_EXECUTE|[16]
14:38:55.0 (23848272)|HEAP_ALLOCATE|[16]|Bytes:27
14:38:55.0 (23857645)|USER_DEBUG|[16]|DEBUG|nombre de la quote: QUOTE 2
14:38:55.0 (23865767)|STATEMENT_EXECUTE|[17]
14:38:55.0 (23870705)|METHOD_ENTRY|[17]|01pf4000008WnsX|ViewQuotePDF.StringPDF(Quote)
14:38:55.0 (23876062)|VARIABLE_SCOPE_BEGIN|[35]|quote|Quote|true|false
14:38:55.0 (23886437)|VARIABLE_ASSIGNMENT|[35]|quote|{"Name":"QUOTE 2","Id":"0Q0f40000009kLoCAI"}|0x44ae5bcc
14:38:55.0 (23900462)|HEAP_ALLOCATE|[37]|Bytes:5
14:38:55.0 (23904613)|STATEMENT_EXECUTE|[35]
14:38:55.0 (23906186)|STATEMENT_EXECUTE|[36]
14:38:55.0 (23912905)|HEAP_ALLOCATE|[37]|Bytes:18
14:38:55.0 (23921311)|METHOD_EXIT|[17]|01pf4000008WnsX|ViewQuotePDF.StringPDF(Quote)
14:38:55.0 (24187226)|HEAP_ALLOCATE|[17]|Bytes:4
14:38:55.0 (24214112)|VARIABLE_ASSIGNMENT|[17]|b|BLOB(882 bytes)
14:38:55.0 (24229422)|HEAP_ALLOCATE|[15]|Bytes:5
14:38:55.0 (24241475)|HEAP_ALLOCATE|[15]|Bytes:12
14:38:55.0 (24248647)|VARIABLE_SCOPE_BEGIN|[15]|q|Quote|true|false
14:38:55.0 (24262829)|VARIABLE_ASSIGNMENT|[15]|q|{"Name":"QUOTE 2","Id":"0Q0f40000009kMSCAY"}|0x2686e91
14:38:55.0 (24268764)|STATEMENT_EXECUTE|[15]
14:38:55.0 (24270499)|STATEMENT_EXECUTE|[16]
14:38:55.0 (24280690)|HEAP_ALLOCATE|[16]|Bytes:27
14:38:55.0 (24290622)|USER_DEBUG|[16]|DEBUG|nombre de la quote: QUOTE 2
14:38:55.0 (24297833)|STATEMENT_EXECUTE|[17]
14:38:55.0 (24302720)|METHOD_ENTRY|[17]|01pf4000008WnsX|ViewQuotePDF.StringPDF(Quote)
14:38:55.0 (24308011)|VARIABLE_SCOPE_BEGIN|[35]|quote|Quote|true|false
14:38:55.0 (24319073)|VARIABLE_ASSIGNMENT|[35]|quote|{"Name":"QUOTE 2","Id":"0Q0f40000009kMSCAY"}|0x2686e91
14:38:55.0 (24333234)|HEAP_ALLOCATE|[37]|Bytes:5
14:38:55.0 (24337827)|STATEMENT_EXECUTE|[35]
14:38:55.0 (24339385)|STATEMENT_EXECUTE|[36]
14:38:55.0 (24346031)|HEAP_ALLOCATE|[37]|Bytes:18
14:38:55.0 (24353735)|METHOD_EXIT|[17]|01pf4000008WnsX|ViewQuotePDF.StringPDF(Quote)
14:38:55.0 (24618125)|HEAP_ALLOCATE|[17]|Bytes:4
14:38:55.0 (24644674)|VARIABLE_ASSIGNMENT|[17]|b|BLOB(882 bytes)
14:38:55.0 (24660255)|HEAP_ALLOCATE|[15]|Bytes:5
14:38:55.0 (24672539)|VARIABLE_ASSIGNMENT|[15]|q|null|
14:38:55.0 (24677731)|STATEMENT_EXECUTE|[19]
14:38:55.0 (24681510)|HEAP_ALLOCATE|[19]|Bytes:53
14:38:55.0 (24702248)|HEAP_ALLOCATE|[19]|Bytes:4
14:38:55.0 (24728409)|HEAP_ALLOCATE|[19]|Bytes:7
14:38:55.0 (24769978)|HEAP_ALLOCATE|[19]|Bytes:12
14:38:55.0 (25501644)|SOQL_EXECUTE_BEGIN|[19]|Aggregations:0|SELECT Body FROM Attachment WHERE ParentId = :tmpVar1
14:38:55.0 (28251687)|SOQL_EXECUTE_END|[19]|Rows:0
14:38:55.0 (28275486)|HEAP_ALLOCATE|[19]|Bytes:4
14:38:55.0 (28284122)|HEAP_ALLOCATE|[19]|Bytes:0
14:38:55.0 (28363699)|HEAP_ALLOCATE|[19]|Bytes:4
14:38:55.0 (28376489)|VARIABLE_SCOPE_BEGIN|[19]|attachements|List<Attachment>|true|false
14:38:55.0 (28394084)|VARIABLE_ASSIGNMENT|[19]|attachements|[]|0x20c08453
14:38:55.0 (28400195)|STATEMENT_EXECUTE|[21]
14:38:55.0 (28404770)|HEAP_ALLOCATE|[21]|Bytes:21
14:38:55.0 (28430869)|USER_DEBUG|[21]|DEBUG|before blob to string
14:38:55.0 (28439663)|STATEMENT_EXECUTE|[27]
14:38:55.0 (28495263)|HEAP_ALLOCATE|[27]|Bytes:15
14:38:55.0 (28510383)|SYSTEM_METHOD_ENTRY|[1]|EncodingUtil.EncodingUtil()
14:38:55.0 (28514952)|STATEMENT_EXECUTE|[1]
14:38:55.0 (28524284)|SYSTEM_METHOD_EXIT|[1]|EncodingUtil
14:38:55.0 (28535070)|METHOD_ENTRY|[27]||System.EncodingUtil.base64Encode(Blob)
14:38:55.0 (28612101)|METHOD_EXIT|[27]||System.EncodingUtil.base64Encode(Blob)
14:38:55.0 (28625739)|SYSTEM_MODE_EXIT|false
14:38:55.28 (28649190)|CUMULATIVE_LIMIT_USAGE
14:38:55.28 (28649190)|LIMIT_USAGE_FOR_NS|(default)|
  Number of SOQL queries: 2 out of 100
  Number of query rows: 32 out of 50000
  Number of SOSL queries: 0 out of 20
  Number of DML statements: 0 out of 150
  Number of DML rows: 0 out of 10000
  Maximum CPU time: 0 out of 10000
  Maximum heap size: 0 out of 6000000
  Number of callouts: 0 out of 100
  Number of Email Invocations: 0 out of 10
  Number of future calls: 0 out of 50
  Number of queueable jobs added to the queue: 0 out of 50
  Number of Mobile Apex push calls: 0 out of 10

14:38:55.28 (28649190)|CUMULATIVE_LIMIT_USAGE_END

14:38:55.0 (28678747)|CODE_UNIT_FINISHED|ViewQuotePDF.getPDF
14:38:55.0 (28749381)|CODE_UNIT_FINISHED|Aura
14:38:55.0 (30056216)|EXECUTION_FINISHED
