42.0 APEX_CODE,FINEST;APEX_PROFILING,INFO;CALLOUT,INFO;DB,INFO;SYSTEM,DEBUG;VALIDATION,INFO;VISUALFORCE,INFO;WAVE,INFO;WORKFLOW,INFO
09:39:47.0 (89670)|USER_INFO|[EXTERNAL]|005f4000001uuP2|nmolinam@deloitte.com|Hora de Venezuela|GMT-04:00
09:39:47.0 (130798)|EXECUTION_STARTED
09:39:47.0 (137024)|CODE_UNIT_STARTED|[EXTERNAL]|Aura
09:39:47.0 (834173)|HEAP_ALLOCATE|[72]|Bytes:3
09:39:47.0 (885394)|HEAP_ALLOCATE|[77]|Bytes:152
09:39:47.0 (903395)|HEAP_ALLOCATE|[342]|Bytes:408
09:39:47.0 (916365)|HEAP_ALLOCATE|[355]|Bytes:408
09:39:47.0 (927229)|HEAP_ALLOCATE|[467]|Bytes:48
09:39:47.0 (973138)|HEAP_ALLOCATE|[139]|Bytes:6
09:39:47.0 (996507)|HEAP_ALLOCATE|[EXTERNAL]|Bytes:18
09:39:47.0 (1011113)|HEAP_ALLOCATE|[EXTERNAL]|Bytes:4
09:39:47.0 (1811699)|CODE_UNIT_STARTED|[EXTERNAL]|01pf4000009Vx35|CloneQuote.getQuote
09:39:47.0 (1931507)|HEAP_ALLOCATE|[EXTERNAL]|Bytes:4
09:39:47.0 (1938624)|HEAP_ALLOCATE|[EXTERNAL]|Bytes:2
09:39:47.0 (1949820)|METHOD_ENTRY|[1]|01pf4000009Vx35|CloneQuote.CloneQuote()
09:39:47.0 (1956099)|STATEMENT_EXECUTE|[1]
09:39:47.0 (1961845)|STATEMENT_EXECUTE|[1]
09:39:47.0 (1993820)|HEAP_ALLOCATE|[50]|Bytes:5
09:39:47.0 (2019966)|HEAP_ALLOCATE|[56]|Bytes:5
09:39:47.0 (2028774)|HEAP_ALLOCATE|[64]|Bytes:7
09:39:47.0 (2051619)|SYSTEM_MODE_ENTER|false
09:39:47.0 (2065694)|HEAP_ALLOCATE|[EXTERNAL]|Bytes:5
09:39:47.0 (2073553)|SYSTEM_MODE_EXIT|false
09:39:47.0 (2082598)|METHOD_EXIT|[1]|CloneQuote
09:39:47.0 (2088233)|HEAP_ALLOCATE|[EXTERNAL]|Bytes:4
09:39:47.0 (2097365)|SYSTEM_MODE_ENTER|false
09:39:47.0 (2104050)|VARIABLE_SCOPE_BEGIN|[34]|recordId|Id|false|false
09:39:47.0 (2388238)|VARIABLE_ASSIGNMENT|[34]|recordId|"0Q0f40000009lJYCAY"
09:39:47.0 (2410056)|HEAP_ALLOCATE|[35]|Bytes:5
09:39:47.0 (2415888)|STATEMENT_EXECUTE|[34]
09:39:47.0 (2417900)|STATEMENT_EXECUTE|[35]
09:39:47.0 (2420917)|HEAP_ALLOCATE|[35]|Bytes:82
09:39:47.0 (2442601)|HEAP_ALLOCATE|[35]|Bytes:4
09:39:47.0 (2456348)|HEAP_ALLOCATE|[35]|Bytes:7
09:39:47.0 (2929178)|SOQL_EXECUTE_BEGIN|[35]|Aggregations:0|SELECT Name, AccountId, OpportunityId, Pricebook2Id FROM Quote WHERE Id = :tmpVar1
09:39:47.0 (6099550)|SOQL_EXECUTE_END|[35]|Rows:1
09:39:47.0 (6124144)|HEAP_ALLOCATE|[35]|Bytes:8
09:39:47.0 (6140306)|HEAP_ALLOCATE|[35]|Bytes:114
09:39:47.0 (6244901)|HEAP_ALLOCATE|[35]|Bytes:8
09:39:47.0 (6263048)|HEAP_ALLOCATE|[35]|Bytes:31
09:39:47.0 (6316909)|HEAP_ALLOCATE|[35]|Bytes:20
09:39:47.0 (6326471)|VARIABLE_SCOPE_BEGIN|[35]|q|Quote|true|false
09:39:47.0 (6352980)|VARIABLE_ASSIGNMENT|[35]|q|{"Name":"first quote","AccountId":"001f400000IPlikAAD","OpportunityId":"006f400000AO4MJAA1","Id":"0Q0f40000009lJYCAY"}|0xb743a47
09:39:47.0 (6360380)|STATEMENT_EXECUTE|[36]
09:39:47.0 (6445700)|USER_DEBUG|[36]|DEBUG|Quote:{Name=first quote, AccountId=001f400000IPlikAAD, OpportunityId=006f400000AO4MJAA1, Id=0Q0f40000009lJYCAY}
09:39:47.0 (6463305)|STATEMENT_EXECUTE|[37]
09:39:47.0 (6475080)|SYSTEM_MODE_EXIT|false
09:39:47.6 (6515299)|CUMULATIVE_LIMIT_USAGE
09:39:47.6 (6515299)|LIMIT_USAGE_FOR_NS|(default)|
  Number of SOQL queries: 1 out of 100
  Number of query rows: 1 out of 50000
  Number of SOSL queries: 0 out of 20
  Number of DML statements: 0 out of 150
  Number of DML rows: 0 out of 10000
  Maximum CPU time: 0 out of 10000
  Maximum heap size: 0 out of 6000000
  Number of callouts: 0 out of 100
  Number of Email Invocations: 0 out of 10
  Number of future calls: 0 out of 50
  Number of queueable jobs added to the queue: 0 out of 50
  Number of Mobile Apex push calls: 0 out of 10

09:39:47.6 (6515299)|CUMULATIVE_LIMIT_USAGE_END

09:39:47.0 (6564831)|CODE_UNIT_FINISHED|CloneQuote.getQuote
09:39:47.0 (6641242)|CODE_UNIT_FINISHED|Aura
09:39:47.0 (7839023)|EXECUTION_FINISHED
