42.0 APEX_CODE,FINEST;APEX_PROFILING,INFO;CALLOUT,INFO;DB,INFO;SYSTEM,DEBUG;VALIDATION,INFO;VISUALFORCE,INFO;WAVE,INFO;WORKFLOW,INFO
14:16:10.0 (63486)|USER_INFO|[EXTERNAL]|005f4000001uuP2|nmolinam@deloitte.com|Hora de Venezuela|GMT-04:00
14:16:10.0 (102399)|EXECUTION_STARTED
14:16:10.0 (106452)|CODE_UNIT_STARTED|[EXTERNAL]|Aura
14:16:10.0 (1113015)|CODE_UNIT_STARTED|[EXTERNAL]|01pf4000009Vx35|CloneQuote.cloneQuote
14:16:10.0 (1279280)|HEAP_ALLOCATE|[72]|Bytes:3
14:16:10.0 (1315764)|HEAP_ALLOCATE|[77]|Bytes:152
14:16:10.0 (1331332)|HEAP_ALLOCATE|[342]|Bytes:408
14:16:10.0 (1345284)|HEAP_ALLOCATE|[355]|Bytes:408
14:16:10.0 (1355679)|HEAP_ALLOCATE|[467]|Bytes:48
14:16:10.0 (1382064)|HEAP_ALLOCATE|[139]|Bytes:6
14:16:10.0 (1437863)|HEAP_ALLOCATE|[EXTERNAL]|Bytes:1
14:16:10.0 (1448022)|METHOD_ENTRY|[1]|01pf4000009Vx35|CloneQuote.CloneQuote()
14:16:10.0 (1455321)|STATEMENT_EXECUTE|[1]
14:16:10.0 (1460879)|STATEMENT_EXECUTE|[1]
14:16:10.0 (1488741)|HEAP_ALLOCATE|[50]|Bytes:5
14:16:10.0 (1510012)|HEAP_ALLOCATE|[56]|Bytes:5
14:16:10.0 (1517956)|HEAP_ALLOCATE|[64]|Bytes:7
14:16:10.0 (1538063)|SYSTEM_MODE_ENTER|false
14:16:10.0 (1549347)|HEAP_ALLOCATE|[EXTERNAL]|Bytes:5
14:16:10.0 (1555776)|SYSTEM_MODE_EXIT|false
14:16:10.0 (1563409)|METHOD_EXIT|[1]|CloneQuote
14:16:10.0 (1574141)|SYSTEM_MODE_ENTER|false
14:16:10.0 (1581211)|VARIABLE_SCOPE_BEGIN|[3]|quoteId|Id|false|false
14:16:10.0 (1600312)|VARIABLE_ASSIGNMENT|[3]|quoteId|null
14:16:10.0 (1613752)|HEAP_ALLOCATE|[6]|Bytes:5
14:16:10.0 (1618737)|STATEMENT_EXECUTE|[3]
14:16:10.0 (1620665)|STATEMENT_EXECUTE|[4]
14:16:10.0 (1624696)|HEAP_ALLOCATE|[6]|Bytes:183
14:16:10.0 (1641714)|HEAP_ALLOCATE|[6]|Bytes:4
14:16:10.0 (1653368)|HEAP_ALLOCATE|[6]|Bytes:7
14:16:10.0 (2305915)|SOQL_EXECUTE_BEGIN|[6]|Aggregations:1|SELECT Name, OPPORTUNITYiD, Pricebook2Id, (SELECT QuoteId, Description, Discount, PricebookEntryId, Quantity, Product2Id, UnitPrice FROM QuoteLineItems) FROM QUOTE WHERE ID = :tmpVar1
14:16:10.0 (3631088)|SOQL_EXECUTE_END|[6]|Rows:0
14:16:10.0 (3654841)|HEAP_ALLOCATE|[6]|Bytes:4
14:16:10.0 (3666182)|HEAP_ALLOCATE|[6]|Bytes:0
14:16:10.0 (3759805)|HEAP_ALLOCATE|[6]|Bytes:4
14:16:10.0 (3774046)|HEAP_ALLOCATE|[4]|Bytes:31
14:16:10.0 (3851239)|HEAP_ALLOCATE|[4]|Bytes:46
14:16:10.0 (3958811)|FATAL_ERROR|System.QueryException: List has no rows for assignment to SObject

Class.CloneQuote.cloneQuote: line 4, column 1
14:16:10.0 (3970198)|FATAL_ERROR|System.QueryException: List has no rows for assignment to SObject

Class.CloneQuote.cloneQuote: line 4, column 1
14:16:10.3 (3976761)|CUMULATIVE_LIMIT_USAGE
14:16:10.3 (3976761)|LIMIT_USAGE_FOR_NS|(default)|
  Number of SOQL queries: 1 out of 100
  Number of query rows: 0 out of 50000
  Number of SOSL queries: 0 out of 20
  Number of DML statements: 0 out of 150
  Number of DML rows: 0 out of 10000
  Maximum CPU time: 0 out of 10000
  Maximum heap size: 0 out of 6000000
  Number of callouts: 0 out of 100
  Number of Email Invocations: 0 out of 10
  Number of future calls: 0 out of 50
  Number of queueable jobs added to the queue: 0 out of 50
  Number of Mobile Apex push calls: 0 out of 10

14:16:10.3 (3976761)|CUMULATIVE_LIMIT_USAGE_END

14:16:10.0 (4016217)|CODE_UNIT_FINISHED|CloneQuote.cloneQuote
14:16:10.0 (7239902)|CODE_UNIT_FINISHED|Aura
14:16:10.0 (7990577)|EXECUTION_FINISHED
