42.0 APEX_CODE,FINEST;APEX_PROFILING,INFO;CALLOUT,INFO;DB,INFO;SYSTEM,DEBUG;VALIDATION,INFO;VISUALFORCE,INFO;WAVE,INFO;WORKFLOW,INFO
14:16:10.0 (78384)|USER_INFO|[EXTERNAL]|005f4000001uuP2|nmolinam@deloitte.com|Hora de Venezuela|GMT-04:00
14:16:10.0 (119611)|EXECUTION_STARTED
14:16:10.0 (123783)|CODE_UNIT_STARTED|[EXTERNAL]|Aura
14:16:10.0 (1536953)|CODE_UNIT_STARTED|[EXTERNAL]|01pf4000009Vx35|CloneQuote.cloneQuote
14:16:10.0 (1679479)|HEAP_ALLOCATE|[72]|Bytes:3
14:16:10.0 (1710141)|HEAP_ALLOCATE|[77]|Bytes:152
14:16:10.0 (1728650)|HEAP_ALLOCATE|[342]|Bytes:408
14:16:10.0 (1749784)|HEAP_ALLOCATE|[355]|Bytes:408
14:16:10.0 (1769546)|HEAP_ALLOCATE|[467]|Bytes:48
14:16:10.0 (1801443)|HEAP_ALLOCATE|[139]|Bytes:6
14:16:10.0 (1860756)|HEAP_ALLOCATE|[EXTERNAL]|Bytes:1
14:16:10.0 (1875401)|METHOD_ENTRY|[1]|01pf4000009Vx35|CloneQuote.CloneQuote()
14:16:10.0 (1884701)|STATEMENT_EXECUTE|[1]
14:16:10.0 (1890784)|STATEMENT_EXECUTE|[1]
14:16:10.0 (1920740)|HEAP_ALLOCATE|[50]|Bytes:5
14:16:10.0 (1942775)|HEAP_ALLOCATE|[56]|Bytes:5
14:16:10.0 (1953455)|HEAP_ALLOCATE|[64]|Bytes:7
14:16:10.0 (1980778)|SYSTEM_MODE_ENTER|false
14:16:10.0 (1993697)|HEAP_ALLOCATE|[EXTERNAL]|Bytes:5
14:16:10.0 (2002052)|SYSTEM_MODE_EXIT|false
14:16:10.0 (2013150)|METHOD_EXIT|[1]|CloneQuote
14:16:10.0 (2030481)|SYSTEM_MODE_ENTER|false
14:16:10.0 (2040408)|VARIABLE_SCOPE_BEGIN|[3]|quoteId|Id|false|false
14:16:10.0 (2066841)|VARIABLE_ASSIGNMENT|[3]|quoteId|null
14:16:10.0 (2087007)|HEAP_ALLOCATE|[6]|Bytes:5
14:16:10.0 (2093347)|STATEMENT_EXECUTE|[3]
14:16:10.0 (2095722)|STATEMENT_EXECUTE|[4]
14:16:10.0 (2100202)|HEAP_ALLOCATE|[6]|Bytes:183
14:16:10.0 (2115366)|HEAP_ALLOCATE|[6]|Bytes:4
14:16:10.0 (2126428)|HEAP_ALLOCATE|[6]|Bytes:7
14:16:10.0 (2845160)|SOQL_EXECUTE_BEGIN|[6]|Aggregations:1|SELECT Name, OPPORTUNITYiD, Pricebook2Id, (SELECT QuoteId, Description, Discount, PricebookEntryId, Quantity, Product2Id, UnitPrice FROM QuoteLineItems) FROM QUOTE WHERE ID = :tmpVar1
14:16:10.0 (4488507)|SOQL_EXECUTE_END|[6]|Rows:0
14:16:10.0 (4533467)|HEAP_ALLOCATE|[6]|Bytes:4
14:16:10.0 (4548750)|HEAP_ALLOCATE|[6]|Bytes:0
14:16:10.0 (4650145)|HEAP_ALLOCATE|[6]|Bytes:4
14:16:10.0 (4666482)|HEAP_ALLOCATE|[4]|Bytes:31
14:16:10.0 (4755235)|HEAP_ALLOCATE|[4]|Bytes:46
14:16:10.0 (4982857)|FATAL_ERROR|System.QueryException: List has no rows for assignment to SObject

Class.CloneQuote.cloneQuote: line 4, column 1
14:16:10.0 (4999759)|FATAL_ERROR|System.QueryException: List has no rows for assignment to SObject

Class.CloneQuote.cloneQuote: line 4, column 1
14:16:10.5 (5008009)|CUMULATIVE_LIMIT_USAGE
14:16:10.5 (5008009)|LIMIT_USAGE_FOR_NS|(default)|
  Number of SOQL queries: 1 out of 100
  Number of query rows: 0 out of 50000
  Number of SOSL queries: 0 out of 20
  Number of DML statements: 0 out of 150
  Number of DML rows: 0 out of 10000
  Maximum CPU time: 0 out of 10000
  Maximum heap size: 0 out of 6000000
  Number of callouts: 0 out of 100
  Number of Email Invocations: 0 out of 10
  Number of future calls: 0 out of 50
  Number of queueable jobs added to the queue: 0 out of 50
  Number of Mobile Apex push calls: 0 out of 10

14:16:10.5 (5008009)|CUMULATIVE_LIMIT_USAGE_END

14:16:10.0 (5054029)|CODE_UNIT_FINISHED|CloneQuote.cloneQuote
14:16:10.0 (8936248)|CODE_UNIT_FINISHED|Aura
14:16:10.0 (9794912)|EXECUTION_FINISHED
