42.0 APEX_CODE,FINEST;APEX_PROFILING,INFO;CALLOUT,INFO;DB,INFO;SYSTEM,DEBUG;VALIDATION,INFO;VISUALFORCE,INFO;WAVE,INFO;WORKFLOW,INFO
09:39:24.0 (69032)|USER_INFO|[EXTERNAL]|005f4000001uuP2|nmolinam@deloitte.com|Hora de Venezuela|GMT-04:00
09:39:24.0 (104781)|EXECUTION_STARTED
09:39:24.0 (110015)|CODE_UNIT_STARTED|[EXTERNAL]|Aura
09:39:24.0 (751250)|HEAP_ALLOCATE|[72]|Bytes:3
09:39:24.0 (799298)|HEAP_ALLOCATE|[77]|Bytes:152
09:39:24.0 (829570)|HEAP_ALLOCATE|[342]|Bytes:408
09:39:24.0 (854835)|HEAP_ALLOCATE|[355]|Bytes:408
09:39:24.0 (867864)|HEAP_ALLOCATE|[467]|Bytes:48
09:39:24.0 (900233)|HEAP_ALLOCATE|[139]|Bytes:6
09:39:24.0 (920567)|HEAP_ALLOCATE|[EXTERNAL]|Bytes:18
09:39:24.0 (933418)|HEAP_ALLOCATE|[EXTERNAL]|Bytes:4
09:39:24.0 (1817180)|CODE_UNIT_STARTED|[EXTERNAL]|01pf4000009Vx35|CloneQuote.getQuote
09:39:24.0 (1957170)|HEAP_ALLOCATE|[EXTERNAL]|Bytes:4
09:39:24.0 (1964532)|HEAP_ALLOCATE|[EXTERNAL]|Bytes:2
09:39:24.0 (1974787)|METHOD_ENTRY|[1]|01pf4000009Vx35|CloneQuote.CloneQuote()
09:39:24.0 (1981213)|STATEMENT_EXECUTE|[1]
09:39:24.0 (1986515)|STATEMENT_EXECUTE|[1]
09:39:24.0 (2019173)|HEAP_ALLOCATE|[50]|Bytes:5
09:39:24.0 (2046838)|HEAP_ALLOCATE|[56]|Bytes:5
09:39:24.0 (2055138)|HEAP_ALLOCATE|[64]|Bytes:7
09:39:24.0 (2080549)|SYSTEM_MODE_ENTER|false
09:39:24.0 (2096602)|HEAP_ALLOCATE|[EXTERNAL]|Bytes:5
09:39:24.0 (2104151)|SYSTEM_MODE_EXIT|false
09:39:24.0 (2112732)|METHOD_EXIT|[1]|CloneQuote
09:39:24.0 (2118022)|HEAP_ALLOCATE|[EXTERNAL]|Bytes:4
09:39:24.0 (2126633)|SYSTEM_MODE_ENTER|false
09:39:24.0 (2133939)|VARIABLE_SCOPE_BEGIN|[34]|recordId|Id|false|false
09:39:24.0 (2442726)|VARIABLE_ASSIGNMENT|[34]|recordId|"0Q0f40000009VVICA2"
09:39:24.0 (2464586)|HEAP_ALLOCATE|[35]|Bytes:5
09:39:24.0 (2469810)|STATEMENT_EXECUTE|[34]
09:39:24.0 (2471723)|STATEMENT_EXECUTE|[35]
09:39:24.0 (2474870)|HEAP_ALLOCATE|[35]|Bytes:82
09:39:24.0 (2498594)|HEAP_ALLOCATE|[35]|Bytes:4
09:39:24.0 (2513688)|HEAP_ALLOCATE|[35]|Bytes:7
09:39:24.0 (2942224)|SOQL_EXECUTE_BEGIN|[35]|Aggregations:0|SELECT Name, AccountId, OpportunityId, Pricebook2Id FROM Quote WHERE Id = :tmpVar1
09:39:24.0 (5530915)|SOQL_EXECUTE_END|[35]|Rows:1
09:39:24.0 (5554173)|HEAP_ALLOCATE|[35]|Bytes:8
09:39:24.0 (5570262)|HEAP_ALLOCATE|[35]|Bytes:148
09:39:24.0 (5708686)|HEAP_ALLOCATE|[35]|Bytes:8
09:39:24.0 (5723598)|HEAP_ALLOCATE|[35]|Bytes:31
09:39:24.0 (5779864)|HEAP_ALLOCATE|[35]|Bytes:24
09:39:24.0 (5788616)|VARIABLE_SCOPE_BEGIN|[35]|q|Quote|true|false
09:39:24.0 (5817921)|VARIABLE_ASSIGNMENT|[35]|q|{"Name":"first quote","AccountId":"001f400000IPlikAAD","OpportunityId":"006f400000AO4MJAA1","Pricebook2Id":"01sf4000003Vb8JAAS","Id":"0Q0f40000009VVICA2"}|0x5f5ecd3b
09:39:24.0 (5826047)|STATEMENT_EXECUTE|[36]
09:39:24.0 (5901972)|USER_DEBUG|[36]|DEBUG|Quote:{Name=first quote, AccountId=001f400000IPlikAAD, OpportunityId=006f400000AO4MJAA1, Pricebook2Id=01sf4000003Vb8JAAS, Id=0Q0f40000009VVICA2}
09:39:24.0 (5913921)|STATEMENT_EXECUTE|[37]
09:39:24.0 (5922432)|SYSTEM_MODE_EXIT|false
09:39:24.5 (5943471)|CUMULATIVE_LIMIT_USAGE
09:39:24.5 (5943471)|LIMIT_USAGE_FOR_NS|(default)|
  Number of SOQL queries: 1 out of 100
  Number of query rows: 1 out of 50000
  Number of SOSL queries: 0 out of 20
  Number of DML statements: 0 out of 150
  Number of DML rows: 0 out of 10000
  Maximum CPU time: 0 out of 10000
  Maximum heap size: 0 out of 6000000
  Number of callouts: 0 out of 100
  Number of Email Invocations: 0 out of 10
  Number of future calls: 0 out of 50
  Number of queueable jobs added to the queue: 0 out of 50
  Number of Mobile Apex push calls: 0 out of 10

09:39:24.5 (5943471)|CUMULATIVE_LIMIT_USAGE_END

09:39:24.0 (5975377)|CODE_UNIT_FINISHED|CloneQuote.getQuote
09:39:24.0 (6051817)|CODE_UNIT_FINISHED|Aura
09:39:24.0 (7349129)|EXECUTION_FINISHED
