42.0 APEX_CODE,FINEST;APEX_PROFILING,INFO;CALLOUT,INFO;DB,INFO;SYSTEM,DEBUG;VALIDATION,INFO;VISUALFORCE,INFO;WAVE,INFO;WORKFLOW,INFO
15:36:03.0 (56832)|USER_INFO|[EXTERNAL]|005f4000001uuP2|nmolinam@deloitte.com|Hora de Venezuela|GMT-04:00
15:36:03.0 (90872)|EXECUTION_STARTED
15:36:03.0 (94716)|CODE_UNIT_STARTED|[EXTERNAL]|Aura
15:36:03.0 (539619)|HEAP_ALLOCATE|[72]|Bytes:3
15:36:03.0 (569549)|HEAP_ALLOCATE|[77]|Bytes:152
15:36:03.0 (581739)|HEAP_ALLOCATE|[342]|Bytes:408
15:36:03.0 (593816)|HEAP_ALLOCATE|[355]|Bytes:408
15:36:03.0 (604577)|HEAP_ALLOCATE|[467]|Bytes:48
15:36:03.0 (628598)|HEAP_ALLOCATE|[139]|Bytes:6
15:36:03.0 (641467)|HEAP_ALLOCATE|[EXTERNAL]|Bytes:18
15:36:03.0 (673100)|HEAP_ALLOCATE|[EXTERNAL]|Bytes:4
15:36:03.0 (1600395)|CODE_UNIT_STARTED|[EXTERNAL]|01pf4000009Vx35|CloneQuote.cloneQuote
15:36:03.0 (1701711)|HEAP_ALLOCATE|[EXTERNAL]|Bytes:1
15:36:03.0 (1714314)|METHOD_ENTRY|[1]|01pf4000009Vx35|CloneQuote.CloneQuote()
15:36:03.0 (1722539)|STATEMENT_EXECUTE|[1]
15:36:03.0 (1727930)|STATEMENT_EXECUTE|[1]
15:36:03.0 (1757965)|HEAP_ALLOCATE|[50]|Bytes:5
15:36:03.0 (1778160)|HEAP_ALLOCATE|[56]|Bytes:5
15:36:03.0 (1786329)|HEAP_ALLOCATE|[64]|Bytes:7
15:36:03.0 (1809050)|SYSTEM_MODE_ENTER|false
15:36:03.0 (1820377)|HEAP_ALLOCATE|[EXTERNAL]|Bytes:5
15:36:03.0 (1849823)|SYSTEM_MODE_EXIT|false
15:36:03.0 (1864771)|METHOD_EXIT|[1]|CloneQuote
15:36:03.0 (1874643)|HEAP_ALLOCATE|[EXTERNAL]|Bytes:4
15:36:03.0 (1887678)|SYSTEM_MODE_ENTER|false
15:36:03.0 (1894886)|VARIABLE_SCOPE_BEGIN|[3]|quoteId|Id|false|false
15:36:03.0 (2159479)|VARIABLE_ASSIGNMENT|[3]|quoteId|"0Q0f40000009kKqCAI"
15:36:03.0 (2196387)|HEAP_ALLOCATE|[6]|Bytes:5
15:36:03.0 (2205019)|STATEMENT_EXECUTE|[3]
15:36:03.0 (2207426)|STATEMENT_EXECUTE|[4]
15:36:03.0 (2211627)|HEAP_ALLOCATE|[6]|Bytes:183
15:36:03.0 (2228698)|HEAP_ALLOCATE|[6]|Bytes:4
15:36:03.0 (2239638)|HEAP_ALLOCATE|[6]|Bytes:7
15:36:03.0 (2856458)|SOQL_EXECUTE_BEGIN|[6]|Aggregations:1|SELECT Name, OPPORTUNITYiD, Pricebook2Id, (SELECT QuoteId, Description, Discount, PricebookEntryId, Quantity, Product2Id, UnitPrice FROM QuoteLineItems) FROM QUOTE WHERE ID = :tmpVar1
15:36:03.0 (6677613)|SOQL_EXECUTE_END|[6]|Rows:1
15:36:03.0 (6702417)|HEAP_ALLOCATE|[6]|Bytes:8
15:36:03.0 (6719651)|HEAP_ALLOCATE|[6]|Bytes:113
15:36:03.0 (6795462)|HEAP_ALLOCATE|[6]|Bytes:8
15:36:03.0 (6806360)|HEAP_ALLOCATE|[4]|Bytes:31
15:36:03.0 (6843236)|HEAP_ALLOCATE|[4]|Bytes:20
15:36:03.0 (6851065)|VARIABLE_SCOPE_BEGIN|[4]|q1|Quote|true|false
15:36:03.0 (6878464)|VARIABLE_ASSIGNMENT|[4]|q1|{"Name":"QUOTE 2","OpportunityId":"006f400000AO4MJAA1","Pricebook2Id":"01sf4000003Vb8JAAS","Id":"0Q0f40000009kKqCAI"}|0x63bb04d9
15:36:03.0 (6885887)|STATEMENT_EXECUTE|[11]
15:36:03.0 (6960315)|HEAP_ALLOCATE|[11]|Bytes:88
15:36:03.0 (6965649)|HEAP_ALLOCATE|[11]|Bytes:16
15:36:03.0 (6981988)|VARIABLE_SCOPE_BEGIN|[11]|q2|Quote|true|false
15:36:03.0 (6997690)|VARIABLE_ASSIGNMENT|[11]|q2|{"Name":"QUOTE 2","OpportunityId":"006f400000AO4MJAA1","Pricebook2Id":"01sf4000003Vb8JAAS"}|0x2e5eb7e6
15:36:03.0 (7003742)|STATEMENT_EXECUTE|[12]
15:36:03.0 (7069693)|VARIABLE_ASSIGNMENT|[12]|this.Pricebook2Id|"01sf4000003Vb8JAAS"|0x2e5eb7e6
15:36:03.0 (7076827)|STATEMENT_EXECUTE|[14]
15:36:03.0 (7098078)|HEAP_ALLOCATE|[14]|Bytes:8
15:36:03.0 (7105570)|DML_BEGIN|[14]|Op:Insert|Type:Quote|Rows:1
15:36:03.0 (7133202)|HEAP_ALLOCATE|[EXTERNAL]|Bytes:8
15:36:03.0 (49831260)|DML_END|[14]
15:36:03.0 (49847095)|HEAP_ALLOCATE|[14]|Bytes:-4
15:36:03.0 (49868476)|STATEMENT_EXECUTE|[15]
15:36:03.0 (49899997)|VARIABLE_SCOPE_BEGIN|[15]|idQuote|Id|false|false
15:36:03.0 (50018741)|VARIABLE_ASSIGNMENT|[15]|idQuote|"0Q0f40000009kLoCAI"
15:36:03.0 (50034672)|STATEMENT_EXECUTE|[18]
15:36:03.0 (50042530)|HEAP_ALLOCATE|[18]|Bytes:14
15:36:03.0 (50057045)|HEAP_ALLOCATE|[18]|Bytes:13
15:36:03.0 (50108798)|HEAP_ALLOCATE|[EXTERNAL]|Bytes:4
15:36:03.0 (50222447)|HEAP_ALLOCATE|[18]|Bytes:4
15:36:03.0 (50240048)|VARIABLE_SCOPE_BEGIN|[18]|items|List<QuoteLineItem>|true|false
15:36:03.0 (50266895)|VARIABLE_ASSIGNMENT|[18]|items|[]|0x1bf781fa
15:36:03.0 (50596040)|HEAP_ALLOCATE|[20]|Bytes:5
15:36:03.0 (50623920)|VARIABLE_ASSIGNMENT|[20]|i|null|
15:36:03.0 (50633649)|STATEMENT_EXECUTE|[20]
15:36:03.0 (50645609)|SYSTEM_MODE_EXIT|false
15:36:03.55 (55451956)|CUMULATIVE_LIMIT_USAGE
15:36:03.55 (55451956)|LIMIT_USAGE_FOR_NS|(default)|
  Number of SOQL queries: 1 out of 100
  Number of query rows: 1 out of 50000
  Number of SOSL queries: 0 out of 20
  Number of DML statements: 1 out of 150
  Number of DML rows: 1 out of 10000
  Maximum CPU time: 0 out of 10000
  Maximum heap size: 0 out of 6000000
  Number of callouts: 0 out of 100
  Number of Email Invocations: 0 out of 10
  Number of future calls: 0 out of 50
  Number of queueable jobs added to the queue: 0 out of 50
  Number of Mobile Apex push calls: 0 out of 10

15:36:03.55 (55451956)|CUMULATIVE_LIMIT_USAGE_END

15:36:03.0 (55489813)|CODE_UNIT_FINISHED|CloneQuote.cloneQuote
15:36:03.0 (55562482)|CODE_UNIT_FINISHED|Aura
15:36:03.0 (56479303)|EXECUTION_FINISHED
