42.0 APEX_CODE,FINEST;APEX_PROFILING,INFO;CALLOUT,INFO;DB,INFO;SYSTEM,DEBUG;VALIDATION,INFO;VISUALFORCE,INFO;WAVE,INFO;WORKFLOW,INFO
Execute Anonymous: CloneQuote.cloneQuote('0Q0f40000009bwtCAA');
12:47:04.1 (1487824)|USER_INFO|[EXTERNAL]|005f4000001uuP2|nmolinam@deloitte.com|Hora de Venezuela|GMT-04:00
12:47:04.1 (1523968)|EXECUTION_STARTED
12:47:04.1 (1529452)|CODE_UNIT_STARTED|[EXTERNAL]|execute_anonymous_apex
12:47:04.1 (1922230)|HEAP_ALLOCATE|[72]|Bytes:3
12:47:04.1 (2003671)|HEAP_ALLOCATE|[77]|Bytes:152
12:47:04.1 (2047722)|HEAP_ALLOCATE|[342]|Bytes:408
12:47:04.1 (2089986)|HEAP_ALLOCATE|[355]|Bytes:408
12:47:04.1 (2131455)|HEAP_ALLOCATE|[467]|Bytes:48
12:47:04.1 (2195362)|HEAP_ALLOCATE|[139]|Bytes:6
12:47:04.1 (2250658)|HEAP_ALLOCATE|[EXTERNAL]|Bytes:1
12:47:04.1 (2399140)|STATEMENT_EXECUTE|[1]
12:47:04.1 (2404802)|STATEMENT_EXECUTE|[1]
12:47:04.1 (2412478)|HEAP_ALLOCATE|[1]|Bytes:18
12:47:04.1 (2452733)|HEAP_ALLOCATE|[1]|Bytes:4
12:47:04.1 (2553006)|HEAP_ALLOCATE|[50]|Bytes:5
12:47:04.1 (2614035)|HEAP_ALLOCATE|[56]|Bytes:5
12:47:04.1 (2681462)|HEAP_ALLOCATE|[64]|Bytes:7
12:47:04.1 (2782649)|SYSTEM_MODE_ENTER|false
12:47:04.1 (2855468)|HEAP_ALLOCATE|[1]|Bytes:5
12:47:04.1 (12691279)|HEAP_ALLOCATE|[1]|Bytes:1
12:47:04.1 (12720306)|HEAP_ALLOCATE|[1]|Bytes:2
12:47:04.1 (12758454)|METHOD_ENTRY|[1]|01pf4000009Vx35|CloneQuote.CloneQuote()
12:47:04.1 (12777120)|STATEMENT_EXECUTE|[1]
12:47:04.1 (12788728)|STATEMENT_EXECUTE|[1]
12:47:04.1 (12814033)|HEAP_ALLOCATE|[1]|Bytes:5
12:47:04.1 (12841611)|METHOD_EXIT|[1]|CloneQuote
12:47:04.1 (12906212)|METHOD_ENTRY|[1]|01pf4000009Vx35|CloneQuote.cloneQuote(Id)
12:47:04.1 (12986399)|VARIABLE_SCOPE_BEGIN|[3]|quoteId|Id|false|false
12:47:04.1 (13247302)|VARIABLE_ASSIGNMENT|[3]|quoteId|"0Q0f40000009bwtCAA"
12:47:04.1 (13288095)|HEAP_ALLOCATE|[6]|Bytes:5
12:47:04.1 (13301044)|STATEMENT_EXECUTE|[3]
12:47:04.1 (13304207)|STATEMENT_EXECUTE|[4]
12:47:04.1 (13311625)|HEAP_ALLOCATE|[6]|Bytes:95
12:47:04.1 (13346839)|HEAP_ALLOCATE|[6]|Bytes:4
12:47:04.1 (13377866)|HEAP_ALLOCATE|[6]|Bytes:7
12:47:04.1 (14121944)|SOQL_EXECUTE_BEGIN|[6]|Aggregations:1|SELECT Name, OPPORTUNITYiD, (SELECT QuoteId FROM QuoteLineItems) FROM QUOTE WHERE ID = :tmpVar1
12:47:04.1 (20423517)|SOQL_EXECUTE_END|[6]|Rows:1
12:47:04.1 (20541787)|HEAP_ALLOCATE|[6]|Bytes:8
12:47:04.1 (20581966)|HEAP_ALLOCATE|[6]|Bytes:213
12:47:04.1 (20793588)|HEAP_ALLOCATE|[6]|Bytes:8
12:47:04.1 (20828768)|HEAP_ALLOCATE|[4]|Bytes:31
12:47:04.1 (20909509)|HEAP_ALLOCATE|[4]|Bytes:20
12:47:04.1 (20929145)|VARIABLE_SCOPE_BEGIN|[4]|q1|Quote|true|false
12:47:04.1 (20980468)|VARIABLE_ASSIGNMENT|[4]|q1|{"Name":"QUOTE 2","OpportunityId":"006f400000AO4MJAA1","Id":"0Q0f40000009bwtCAA","QuoteLineItems":[{"QuoteId":"0Q0f40000009bwtCAA","Id":"0QLf4000000sNKqGAM"},{"QuoteId":"0Q0f40000009bwtCAA","Id":"0QLf4000000sNKrGAM"}]}|0x3c23ac6
12:47:04.1 (21012792)|STATEMENT_EXECUTE|[10]
12:47:04.1 (21181820)|HEAP_ALLOCATE|[10]|Bytes:188
12:47:04.1 (21195143)|HEAP_ALLOCATE|[10]|Bytes:16
12:47:04.1 (21224651)|VARIABLE_SCOPE_BEGIN|[10]|q2|Quote|true|false
12:47:04.1 (21250490)|VARIABLE_ASSIGNMENT|[10]|q2|{"Name":"QUOTE 2","OpportunityId":"006f400000AO4MJAA1","QuoteLineItems":[{"QuoteId":"0Q0f40000009bwtCAA","Id":"0QLf4000000sNKqGAM"},{"QuoteId":"0Q0f40000009bwtCAA","Id":"0QLf4000000sNKrGAM"}]}|0x4be0ddd1
12:47:04.1 (21290539)|STATEMENT_EXECUTE|[12]
12:47:04.1 (21365909)|HEAP_ALLOCATE|[12]|Bytes:8
12:47:04.1 (21390242)|DML_BEGIN|[12]|Op:Insert|Type:Quote|Rows:1
12:47:04.1 (21448906)|HEAP_ALLOCATE|[EXTERNAL]|Bytes:8
12:47:04.1 (68889610)|DML_END|[12]
12:47:04.1 (68933446)|HEAP_ALLOCATE|[12]|Bytes:-4
12:47:04.1 (68969596)|STATEMENT_EXECUTE|[13]
12:47:04.1 (69022952)|VARIABLE_SCOPE_BEGIN|[13]|idQuote|Id|false|false
12:47:04.1 (69185167)|VARIABLE_ASSIGNMENT|[13]|idQuote|"0Q0f40000009e7qCAA"
12:47:04.1 (69204162)|STATEMENT_EXECUTE|[15]
12:47:04.1 (69216067)|HEAP_ALLOCATE|[15]|Bytes:14
12:47:04.1 (69235747)|HEAP_ALLOCATE|[15]|Bytes:13
12:47:04.1 (69332629)|HEAP_ALLOCATE|[EXTERNAL]|Bytes:12
12:47:04.1 (69524558)|HEAP_ALLOCATE|[15]|Bytes:12
12:47:04.1 (69565181)|VARIABLE_SCOPE_BEGIN|[15]|items|List<QuoteLineItem>|true|false
12:47:04.1 (69606000)|VARIABLE_ASSIGNMENT|[15]|items|[{"QuoteId":"0Q0f40000009bwtCAA","Id":"0QLf4000000sNKqGAM"},{"QuoteId":"0Q0f40000009bwtCAA","Id":"0QLf4000000sNKrGAM"}]|0x9bb3f0c
12:47:04.1 (69978953)|HEAP_ALLOCATE|[17]|Bytes:5
12:47:04.1 (70024295)|HEAP_ALLOCATE|[17]|Bytes:12
12:47:04.1 (70048252)|VARIABLE_SCOPE_BEGIN|[17]|i|QuoteLineItem|true|false
12:47:04.1 (70070733)|VARIABLE_ASSIGNMENT|[17]|i|{"QuoteId":"0Q0f40000009bwtCAA","Id":"0QLf4000000sNKqGAM"}|0x74014adf
12:47:04.1 (70079926)|STATEMENT_EXECUTE|[17]
12:47:04.1 (70082081)|STATEMENT_EXECUTE|[18]
12:47:04.1 (70117920)|HEAP_ALLOCATE|[18]|Bytes:4
12:47:04.1 (70277970)|VARIABLE_SCOPE_BEGIN|[18]|ql|QuoteLineItem|true|false
12:47:04.1 (70306457)|VARIABLE_ASSIGNMENT|[18]|ql|{}|0x5c0132a7
12:47:04.1 (70331977)|STATEMENT_EXECUTE|[19]
12:47:04.1 (70476802)|HEAP_ALLOCATE|[19]|Bytes:33
12:47:04.1 (70487735)|HEAP_ALLOCATE|[19]|Bytes:8
12:47:04.1 (70525092)|VARIABLE_ASSIGNMENT|[19]|ql|{"QuoteId":"0Q0f40000009bwtCAA"}|0xc122574
12:47:04.1 (70535474)|STATEMENT_EXECUTE|[20]
12:47:04.1 (70540633)|HEAP_ALLOCATE|[20]|Bytes:8
12:47:04.1 (70618898)|HEAP_ALLOCATE|[20]|Bytes:12
12:47:04.1 (70657020)|USER_DEBUG|[20]|DEBUG|ql id : null
12:47:04.1 (70669436)|STATEMENT_EXECUTE|[21]
12:47:04.1 (70759474)|VARIABLE_ASSIGNMENT|[21]|this.QuoteId|"0Q0f40000009e7qCAA"|0xc122574
12:47:04.1 (70771268)|STATEMENT_EXECUTE|[22]
12:47:04.1 (70804110)|HEAP_ALLOCATE|[22]|Bytes:8
12:47:04.1 (70820380)|DML_BEGIN|[22]|Op:Insert|Type:QuoteLineItem|Rows:1
12:47:04.1 (70869609)|HEAP_ALLOCATE|[EXTERNAL]|Bytes:8
12:47:04.1 (83485285)|DML_END|[22]
12:47:04.1 (83692585)|VF_PAGE_MESSAGE|Required fields are missing: [PricebookEntryId, Quantity, UnitPrice, Product2Id]
12:47:04.1 (84207447)|EXCEPTION_THROWN|[22]|System.DmlException: Insert failed. First exception on row 0; first error: REQUIRED_FIELD_MISSING, Required fields are missing: [PricebookEntryId, Quantity, UnitPrice, Product2Id]: [PricebookEntryId, Quantity, UnitPrice, Product2Id]
12:47:04.1 (84546257)|HEAP_ALLOCATE|[22]|Bytes:215
12:47:04.1 (84596294)|METHOD_EXIT|[1]|01pf4000009Vx35|CloneQuote.cloneQuote(Id)
12:47:04.1 (84611145)|SYSTEM_MODE_EXIT|false
12:47:04.1 (84748313)|FATAL_ERROR|System.DmlException: Insert failed. First exception on row 0; first error: REQUIRED_FIELD_MISSING, Required fields are missing: [PricebookEntryId, Quantity, UnitPrice, Product2Id]: [PricebookEntryId, Quantity, UnitPrice, Product2Id]

Class.CloneQuote.cloneQuote: line 22, column 1
AnonymousBlock: line 1, column 1
AnonymousBlock: line 1, column 1
12:47:04.84 (84773844)|CUMULATIVE_LIMIT_USAGE
12:47:04.84 (84773844)|LIMIT_USAGE_FOR_NS|(default)|
  Number of SOQL queries: 1 out of 100
  Number of query rows: 3 out of 50000
  Number of SOSL queries: 0 out of 20
  Number of DML statements: 2 out of 150
  Number of DML rows: 2 out of 10000
  Maximum CPU time: 0 out of 10000
  Maximum heap size: 0 out of 6000000
  Number of callouts: 0 out of 100
  Number of Email Invocations: 0 out of 10
  Number of future calls: 0 out of 50
  Number of queueable jobs added to the queue: 0 out of 50
  Number of Mobile Apex push calls: 0 out of 10

12:47:04.84 (84773844)|CUMULATIVE_LIMIT_USAGE_END

12:47:04.1 (84902931)|CODE_UNIT_FINISHED|execute_anonymous_apex
12:47:04.1 (86176410)|EXECUTION_FINISHED
