42.0 APEX_CODE,FINEST;APEX_PROFILING,INFO;CALLOUT,INFO;DB,INFO;SYSTEM,DEBUG;VALIDATION,INFO;VISUALFORCE,INFO;WAVE,INFO;WORKFLOW,INFO
Execute Anonymous: CloneQuote.cloneQuote('0Q0f40000009bwtCAA');
13:27:54.1 (1156416)|USER_INFO|[EXTERNAL]|005f4000001uuP2|nmolinam@deloitte.com|Hora de Venezuela|GMT-04:00
13:27:54.1 (1178455)|EXECUTION_STARTED
13:27:54.1 (1182442)|CODE_UNIT_STARTED|[EXTERNAL]|execute_anonymous_apex
13:27:54.1 (1349796)|HEAP_ALLOCATE|[72]|Bytes:3
13:27:54.1 (1387796)|HEAP_ALLOCATE|[77]|Bytes:152
13:27:54.1 (1403763)|HEAP_ALLOCATE|[342]|Bytes:408
13:27:54.1 (1417142)|HEAP_ALLOCATE|[355]|Bytes:408
13:27:54.1 (1432627)|HEAP_ALLOCATE|[467]|Bytes:48
13:27:54.1 (1461581)|HEAP_ALLOCATE|[139]|Bytes:6
13:27:54.1 (1479526)|HEAP_ALLOCATE|[EXTERNAL]|Bytes:1
13:27:54.1 (1562102)|STATEMENT_EXECUTE|[1]
13:27:54.1 (1564886)|STATEMENT_EXECUTE|[1]
13:27:54.1 (1567832)|HEAP_ALLOCATE|[1]|Bytes:18
13:27:54.1 (1584086)|HEAP_ALLOCATE|[1]|Bytes:4
13:27:54.1 (1632517)|HEAP_ALLOCATE|[50]|Bytes:5
13:27:54.1 (1650664)|HEAP_ALLOCATE|[56]|Bytes:5
13:27:54.1 (1658129)|HEAP_ALLOCATE|[64]|Bytes:7
13:27:54.1 (1678133)|SYSTEM_MODE_ENTER|false
13:27:54.1 (1692005)|HEAP_ALLOCATE|[1]|Bytes:5
13:27:54.1 (2921553)|HEAP_ALLOCATE|[1]|Bytes:1
13:27:54.1 (2931283)|HEAP_ALLOCATE|[1]|Bytes:2
13:27:54.1 (2944592)|METHOD_ENTRY|[1]|01pf4000009Vx35|CloneQuote.CloneQuote()
13:27:54.1 (2951031)|STATEMENT_EXECUTE|[1]
13:27:54.1 (2955567)|STATEMENT_EXECUTE|[1]
13:27:54.1 (2965077)|HEAP_ALLOCATE|[1]|Bytes:5
13:27:54.1 (2975974)|METHOD_EXIT|[1]|CloneQuote
13:27:54.1 (2999838)|METHOD_ENTRY|[1]|01pf4000009Vx35|CloneQuote.cloneQuote(Id)
13:27:54.1 (3025848)|VARIABLE_SCOPE_BEGIN|[3]|quoteId|Id|false|false
13:27:54.1 (3159133)|VARIABLE_ASSIGNMENT|[3]|quoteId|"0Q0f40000009bwtCAA"
13:27:54.1 (3177494)|HEAP_ALLOCATE|[6]|Bytes:5
13:27:54.1 (3183089)|STATEMENT_EXECUTE|[3]
13:27:54.1 (3184785)|STATEMENT_EXECUTE|[4]
13:27:54.1 (3187934)|HEAP_ALLOCATE|[6]|Bytes:158
13:27:54.1 (3206528)|HEAP_ALLOCATE|[6]|Bytes:4
13:27:54.1 (3220384)|HEAP_ALLOCATE|[6]|Bytes:7
13:27:54.1 (3658337)|SOQL_EXECUTE_BEGIN|[6]|Aggregations:1|SELECT Name, OPPORTUNITYiD, (SELECT QuoteId, Description, Discount, PricebookEntryId, Quantity, Product2Id FROM QuoteLineItems) FROM QUOTE WHERE ID = :tmpVar1
13:27:54.1 (8012753)|SOQL_EXECUTE_END|[6]|Rows:1
13:27:54.1 (8040042)|HEAP_ALLOCATE|[6]|Bytes:8
13:27:54.1 (8068330)|HEAP_ALLOCATE|[6]|Bytes:449
13:27:54.1 (8160745)|HEAP_ALLOCATE|[6]|Bytes:8
13:27:54.1 (8173221)|HEAP_ALLOCATE|[4]|Bytes:31
13:27:54.1 (8216178)|HEAP_ALLOCATE|[4]|Bytes:20
13:27:54.1 (8223792)|VARIABLE_SCOPE_BEGIN|[4]|q1|Quote|true|false
13:27:54.1 (8257306)|VARIABLE_ASSIGNMENT|[4]|q1|{"Name":"QUOTE 2","OpportunityId":"006f400000AO4MJAA1","Id":"0Q0f40000009bwtCAA","QuoteLineItems":[{"QuoteId":"0Q0f40000009bwtCAA","Id":"0QLf4000000sNKqGAM","PricebookEntryId":"01uf4000002Sio9AAC","Quantity":1.00,"Product2Id":"01tf4000001E5PCAA0"},{"QuoteId":"0Q0f40000009bwtCAA","Id":"0QLf4000000sNKrGAM","PricebookEntryId":"01uf4000002SioGAAS","Quantity":3.00,"Product2Id":"01tf4000001E5PJAA0"}]}|0x128ee474
13:27:54.1 (8274879)|STATEMENT_EXECUTE|[11]
13:27:54.1 (8362487)|HEAP_ALLOCATE|[11]|Bytes:424
13:27:54.1 (8367871)|HEAP_ALLOCATE|[11]|Bytes:16
13:27:54.1 (8384573)|VARIABLE_SCOPE_BEGIN|[11]|q2|Quote|true|false
13:27:54.1 (8404632)|VARIABLE_ASSIGNMENT|[11]|q2|{"Name":"QUOTE 2","OpportunityId":"006f400000AO4MJAA1","QuoteLineItems":[{"QuoteId":"0Q0f40000009bwtCAA","Id":"0QLf4000000sNKqGAM","PricebookEntryId":"01uf4000002Sio9AAC","Quantity":1.00,"Product2Id":"01tf4000001E5PCAA0"},{"QuoteId":"0Q0f40000009bwtCAA","Id":"0QLf4000000sNKrGAM","PricebookEntryId":"01uf4000002SioGAAS","Quantity":3.00,"Product2Id":"01tf4000001E5PJAA0"}]}|0x75879c49
13:27:54.1 (8413658)|STATEMENT_EXECUTE|[13]
13:27:54.1 (8439515)|HEAP_ALLOCATE|[13]|Bytes:8
13:27:54.1 (8451262)|DML_BEGIN|[13]|Op:Insert|Type:Quote|Rows:1
13:27:54.1 (8474765)|HEAP_ALLOCATE|[EXTERNAL]|Bytes:8
13:27:54.1 (66260280)|DML_END|[13]
13:27:54.1 (66274654)|HEAP_ALLOCATE|[13]|Bytes:-4
13:27:54.1 (66295139)|STATEMENT_EXECUTE|[14]
13:27:54.1 (66331042)|VARIABLE_SCOPE_BEGIN|[14]|idQuote|Id|false|false
13:27:54.1 (66417910)|VARIABLE_ASSIGNMENT|[14]|idQuote|"0Q0f40000009e9wCAA"
13:27:54.1 (66429708)|STATEMENT_EXECUTE|[16]
13:27:54.1 (66436148)|HEAP_ALLOCATE|[16]|Bytes:14
13:27:54.1 (66444453)|HEAP_ALLOCATE|[16]|Bytes:13
13:27:54.1 (66492179)|HEAP_ALLOCATE|[EXTERNAL]|Bytes:12
13:27:54.1 (66567127)|HEAP_ALLOCATE|[16]|Bytes:12
13:27:54.1 (66579621)|VARIABLE_SCOPE_BEGIN|[16]|items|List<QuoteLineItem>|true|false
13:27:54.1 (66613121)|VARIABLE_ASSIGNMENT|[16]|items|[{"QuoteId":"0Q0f40000009bwtCAA","Id":"0QLf4000000sNKqGAM","PricebookEntryId":"01uf4000002Sio9AAC","Quantity":1.00,"Product2Id":"01tf4000001E5PCAA0"},{"QuoteId":"0Q0f40000009bwtCAA","Id":"0QLf4000000sNKrGAM","PricebookEntryId":"01uf4000002SioGAAS","Quantity":3.00,"Product2Id":"01tf4000001E5PJAA0"}]|0x56eded31
13:27:54.1 (66835403)|HEAP_ALLOCATE|[18]|Bytes:5
13:27:54.1 (66855797)|HEAP_ALLOCATE|[18]|Bytes:24
13:27:54.1 (66864690)|VARIABLE_SCOPE_BEGIN|[18]|i|QuoteLineItem|true|false
13:27:54.1 (66880824)|VARIABLE_ASSIGNMENT|[18]|i|{"QuoteId":"0Q0f40000009bwtCAA","Id":"0QLf4000000sNKqGAM","PricebookEntryId":"01uf4000002Sio9AAC","Quantity":1.00,"Product2Id":"01tf4000001E5PCAA0"}|0x7839f4c4
13:27:54.1 (66887998)|STATEMENT_EXECUTE|[18]
13:27:54.1 (66889793)|STATEMENT_EXECUTE|[19]
13:27:54.1 (66909426)|HEAP_ALLOCATE|[19]|Bytes:4
13:27:54.1 (67004168)|VARIABLE_SCOPE_BEGIN|[19]|ql|QuoteLineItem|true|false
13:27:54.1 (67021798)|VARIABLE_ASSIGNMENT|[19]|ql|{}|0xc91ef2c
13:27:54.1 (67027450)|STATEMENT_EXECUTE|[20]
13:27:54.1 (67103208)|VARIABLE_ASSIGNMENT|[20]|this.QuoteId|"0Q0f40000009e9wCAA"|0xc91ef2c
13:27:54.1 (67110217)|STATEMENT_EXECUTE|[21]
13:27:54.1 (67138933)|VARIABLE_ASSIGNMENT|[21]|this.Description|null|0xc91ef2c
13:27:54.1 (67144781)|STATEMENT_EXECUTE|[22]
13:27:54.1 (67162294)|VARIABLE_ASSIGNMENT|[22]|this.Discount|null|0xc91ef2c
13:27:54.1 (67167524)|STATEMENT_EXECUTE|[23]
13:27:54.1 (67192824)|VARIABLE_ASSIGNMENT|[23]|this.PricebookEntryId|"01uf4000002Sio9AAC"|0xc91ef2c
13:27:54.1 (67198439)|STATEMENT_EXECUTE|[24]
13:27:54.1 (67238545)|VARIABLE_ASSIGNMENT|[24]|this.Quantity|1.00|0xc91ef2c
13:27:54.1 (67244072)|STATEMENT_EXECUTE|[25]
13:27:54.1 (67267541)|VARIABLE_ASSIGNMENT|[25]|this.Product2Id|"01tf4000001E5PCAA0"|0xc91ef2c
13:27:54.1 (67272834)|STATEMENT_EXECUTE|[26]
13:27:54.1 (67276144)|HEAP_ALLOCATE|[26]|Bytes:8
13:27:54.1 (67357152)|HEAP_ALLOCATE|[26]|Bytes:158
13:27:54.1 (67394001)|HEAP_ALLOCATE|[26]|Bytes:166
13:27:54.1 (67417408)|USER_DEBUG|[26]|DEBUG|ql id : QuoteLineItem:{QuoteId=0Q0f40000009e9wCAA, Description=null, Discount=null, PricebookEntryId=01uf4000002Sio9AAC, Quantity=1.00, Product2Id=01tf4000001E5PCAA0}
13:27:54.1 (67431512)|STATEMENT_EXECUTE|[27]
13:27:54.1 (67447109)|HEAP_ALLOCATE|[27]|Bytes:8
13:27:54.1 (67457516)|DML_BEGIN|[27]|Op:Insert|Type:QuoteLineItem|Rows:1
13:27:54.1 (67483143)|HEAP_ALLOCATE|[EXTERNAL]|Bytes:8
13:27:54.1 (72913335)|DML_END|[27]
13:27:54.1 (73156105)|VF_PAGE_MESSAGE|The price book entry is in a different price book than the one assigned to the Quote, or Quote has no price book assigned.
13:27:54.1 (73456306)|EXCEPTION_THROWN|[27]|System.DmlException: Insert failed. First exception on row 0; first error: FIELD_INTEGRITY_EXCEPTION, The price book entry is in a different price book than the one assigned to the Quote, or Quote has no price book assigned.: [PricebookEntryId]
13:27:54.1 (73734884)|HEAP_ALLOCATE|[27]|Bytes:227
13:27:54.1 (73761652)|METHOD_EXIT|[1]|01pf4000009Vx35|CloneQuote.cloneQuote(Id)
13:27:54.1 (73771330)|SYSTEM_MODE_EXIT|false
13:27:54.1 (73868510)|FATAL_ERROR|System.DmlException: Insert failed. First exception on row 0; first error: FIELD_INTEGRITY_EXCEPTION, The price book entry is in a different price book than the one assigned to the Quote, or Quote has no price book assigned.: [PricebookEntryId]

Class.CloneQuote.cloneQuote: line 27, column 1
AnonymousBlock: line 1, column 1
AnonymousBlock: line 1, column 1
13:27:54.73 (73882736)|CUMULATIVE_LIMIT_USAGE
13:27:54.73 (73882736)|LIMIT_USAGE_FOR_NS|(default)|
  Number of SOQL queries: 1 out of 100
  Number of query rows: 3 out of 50000
  Number of SOSL queries: 0 out of 20
  Number of DML statements: 2 out of 150
  Number of DML rows: 2 out of 10000
  Maximum CPU time: 0 out of 10000
  Maximum heap size: 0 out of 6000000
  Number of callouts: 0 out of 100
  Number of Email Invocations: 0 out of 10
  Number of future calls: 0 out of 50
  Number of queueable jobs added to the queue: 0 out of 50
  Number of Mobile Apex push calls: 0 out of 10

13:27:54.73 (73882736)|CUMULATIVE_LIMIT_USAGE_END

13:27:54.1 (73925598)|CODE_UNIT_FINISHED|execute_anonymous_apex
13:27:54.1 (75052278)|EXECUTION_FINISHED
