36.0 APEX_CODE,FINEST;APEX_PROFILING,INFO;CALLOUT,INFO;DB,INFO;SYSTEM,DEBUG;VALIDATION,INFO;VISUALFORCE,INFO;WAVE,INFO;WORKFLOW,INFO
14:20:16.0 (375015)|USER_INFO|[EXTERNAL]|005f4000001uuP2|nmolinam@deloitte.com|Hora de Venezuela|GMT-04:00
14:20:16.0 (412237)|EXECUTION_STARTED
14:20:16.0 (417472)|CODE_UNIT_STARTED|[EXTERNAL]|066f4000002h6Fz|VF: /apex/LightningPDFGeneratorDemo
14:20:16.0 (1980368)|SYSTEM_MODE_ENTER|true
14:20:16.0 (2314290)|HEAP_ALLOCATE|[72]|Bytes:3
14:20:16.0 (2345816)|HEAP_ALLOCATE|[77]|Bytes:152
14:20:16.0 (2358601)|HEAP_ALLOCATE|[342]|Bytes:408
14:20:16.0 (2372276)|HEAP_ALLOCATE|[355]|Bytes:408
14:20:16.0 (2382974)|HEAP_ALLOCATE|[467]|Bytes:48
14:20:16.0 (2406526)|HEAP_ALLOCATE|[139]|Bytes:6
14:20:16.0 (2423384)|HEAP_ALLOCATE|[EXTERNAL]|Bytes:84
14:20:16.0 (2429102)|HEAP_ALLOCATE|[EXTERNAL]|Bytes:5
14:20:16.0 (2438475)|METHOD_ENTRY|[1]|01pf4000008yCKF|DataDisplayController.DataDisplayController()
14:20:16.0 (2445185)|STATEMENT_EXECUTE|[1]
14:20:16.0 (2449028)|STATEMENT_EXECUTE|[1]
14:20:16.0 (2453201)|METHOD_EXIT|[1]|DataDisplayController
14:20:16.0 (2466742)|HEAP_ALLOCATE|[EXTERNAL]|Bytes:8
14:20:16.0 (2474193)|VARIABLE_SCOPE_BEGIN|[4]|this|DataDisplayController|true|false
14:20:16.0 (2518707)|VARIABLE_ASSIGNMENT|[4]|this|{}|0x14ab3a30
14:20:16.0 (2529066)|STATEMENT_EXECUTE|[1]
14:20:16.0 (2530863)|STATEMENT_EXECUTE|[2]
14:20:16.0 (2537590)|HEAP_ALLOCATE|[5]|Bytes:6
14:20:16.0 (2589006)|STATEMENT_EXECUTE|[4]
14:20:16.0 (2591040)|STATEMENT_EXECUTE|[5]
14:20:16.0 (2593943)|HEAP_ALLOCATE|[5]|Bytes:4
14:20:16.0 (2643271)|VARIABLE_ASSIGNMENT|[EXTERNAL]|this|{}|0x14ab3a30
14:20:16.0 (2657750)|VARIABLE_ASSIGNMENT|[EXTERNAL]|value|"test"
14:20:16.0 (2670770)|VARIABLE_ASSIGNMENT|[2]|this.PDFData|"test"|0x14ab3a30
14:20:16.0 (3745409)|SYSTEM_MODE_ENTER|true
14:20:16.0 (4143428)|VF_SERIALIZE_VIEWSTATE_BEGIN|066f4000002h6Fz
14:20:16.0 (9921977)|VF_SERIALIZE_VIEWSTATE_END
14:20:16.0 (11182702)|CODE_UNIT_STARTED|[EXTERNAL]|Generate Metadata
14:20:16.0 (11815976)|CODE_UNIT_FINISHED|Generate Metadata
14:20:16.14 (14105810)|CUMULATIVE_LIMIT_USAGE
14:20:16.14 (14105810)|LIMIT_USAGE_FOR_NS|(default)|
  Number of SOQL queries: 0 out of 100
  Number of query rows: 0 out of 50000
  Number of SOSL queries: 0 out of 20
  Number of DML statements: 0 out of 150
  Number of DML rows: 0 out of 10000
  Maximum CPU time: 0 out of 10000
  Maximum heap size: 0 out of 6000000
  Number of callouts: 0 out of 100
  Number of Email Invocations: 0 out of 10
  Number of future calls: 0 out of 50
  Number of queueable jobs added to the queue: 0 out of 50
  Number of Mobile Apex push calls: 0 out of 10

14:20:16.14 (14105810)|CUMULATIVE_LIMIT_USAGE_END

14:20:16.0 (14140063)|CODE_UNIT_FINISHED|VF: /apex/LightningPDFGeneratorDemo
14:20:16.0 (15097167)|EXECUTION_FINISHED
