42.0 APEX_CODE,FINEST;APEX_PROFILING,INFO;CALLOUT,INFO;DB,INFO;SYSTEM,DEBUG;VALIDATION,INFO;VISUALFORCE,INFO;WAVE,INFO;WORKFLOW,INFO
14:15:17.0 (99648)|USER_INFO|[EXTERNAL]|005f4000001uuP2|nmolinam@deloitte.com|Hora de Venezuela|GMT-04:00
14:15:17.0 (149055)|EXECUTION_STARTED
14:15:17.0 (155167)|CODE_UNIT_STARTED|[EXTERNAL]|Aura
14:15:17.0 (1317450)|CODE_UNIT_STARTED|[EXTERNAL]|01pf4000008WnsX|ViewQuotePDF.getPDF
14:15:17.0 (1521683)|HEAP_ALLOCATE|[72]|Bytes:3
14:15:17.0 (1553026)|HEAP_ALLOCATE|[77]|Bytes:152
14:15:17.0 (1566411)|HEAP_ALLOCATE|[342]|Bytes:408
14:15:17.0 (1588011)|HEAP_ALLOCATE|[355]|Bytes:408
14:15:17.0 (1608751)|HEAP_ALLOCATE|[467]|Bytes:48
14:15:17.0 (1646283)|HEAP_ALLOCATE|[139]|Bytes:6
14:15:17.0 (1734686)|HEAP_ALLOCATE|[EXTERNAL]|Bytes:4
14:15:17.0 (1743689)|HEAP_ALLOCATE|[EXTERNAL]|Bytes:5
14:15:17.0 (1755387)|METHOD_ENTRY|[1]|01pf4000008WnsX|ViewQuotePDF.ViewQuotePDF()
14:15:17.0 (1765217)|STATEMENT_EXECUTE|[1]
14:15:17.0 (1771214)|STATEMENT_EXECUTE|[1]
14:15:17.0 (1808263)|HEAP_ALLOCATE|[50]|Bytes:5
14:15:17.0 (1830397)|HEAP_ALLOCATE|[56]|Bytes:5
14:15:17.0 (1841612)|HEAP_ALLOCATE|[64]|Bytes:7
14:15:17.0 (1873449)|SYSTEM_MODE_ENTER|false
14:15:17.0 (1890790)|HEAP_ALLOCATE|[EXTERNAL]|Bytes:5
14:15:17.0 (1900764)|SYSTEM_MODE_EXIT|false
14:15:17.0 (1912501)|METHOD_EXIT|[1]|ViewQuotePDF
14:15:17.0 (1930460)|SYSTEM_MODE_ENTER|false
14:15:17.0 (1949867)|HEAP_ALLOCATE|[4]|Bytes:5
14:15:17.0 (1957648)|STATEMENT_EXECUTE|[3]
14:15:17.0 (1960201)|STATEMENT_EXECUTE|[4]
14:15:17.0 (2086149)|HEAP_ALLOCATE|[4]|Bytes:4
14:15:17.0 (2182601)|VARIABLE_SCOPE_BEGIN|[4]|quotes|List<Quote>|true|false
14:15:17.0 (2202499)|HEAP_ALLOCATE|[EXTERNAL]|Bytes:4
14:15:17.0 (2237795)|VARIABLE_ASSIGNMENT|[4]|quotes|[]|0x4114155b
14:15:17.0 (2247189)|STATEMENT_EXECUTE|[5]
14:15:17.0 (2251965)|VARIABLE_SCOPE_BEGIN|[5]|pfdBase64|String|false|false
14:15:17.0 (2266161)|VARIABLE_ASSIGNMENT|[5]|pfdBase64|null
14:15:17.0 (2276101)|HEAP_ALLOCATE|[7]|Bytes:22
14:15:17.0 (2296109)|HEAP_ALLOCATE|[7]|Bytes:4
14:15:17.0 (2729701)|SOQL_EXECUTE_BEGIN|[7]|Aggregations:0|SELECT Name FROM Quote
14:15:17.0 (4636109)|SOQL_EXECUTE_END|[7]|Rows:1
14:15:17.0 (4657654)|HEAP_ALLOCATE|[EXTERNAL]|Bytes:8
14:15:17.0 (4805330)|HEAP_ALLOCATE|[7]|Bytes:54
14:15:17.0 (4814070)|HEAP_ALLOCATE|[7]|Bytes:8
14:15:17.0 (4822989)|SYSTEM_METHOD_ENTRY|[7]|QueryLocatorIterator.QueryLocatorIterator()
14:15:17.0 (4827252)|STATEMENT_EXECUTE|[7]
14:15:17.0 (4833683)|SYSTEM_METHOD_EXIT|[7]|QueryLocatorIterator
14:15:17.0 (4841373)|HEAP_ALLOCATE|[7]|Bytes:28
14:15:17.0 (4870971)|HEAP_ALLOCATE|[7]|Bytes:8
14:15:17.0 (4884007)|HEAP_ALLOCATE|[7]|Bytes:8
14:15:17.0 (4887841)|HEAP_ALLOCATE|[7]|Bytes:8
14:15:17.0 (4892828)|VARIABLE_SCOPE_BEGIN|[15]|this|Database.QueryLocatorIterator|true|false
14:15:17.0 (4925165)|VARIABLE_ASSIGNMENT|[15]|this|{}|0x5eb256a5
14:15:17.0 (4931786)|VARIABLE_SCOPE_BEGIN|[15]|values|List<SObject>|true|false
14:15:17.0 (4953250)|VARIABLE_ASSIGNMENT|[15]|values|[{"Name":"first quote","Id":"0Q0f40000009VVICA2"}]|0x6adf3519
14:15:17.0 (4959024)|VARIABLE_SCOPE_BEGIN|[15]|ql|Database.QueryLocator|true|false
14:15:17.0 (4979943)|VARIABLE_ASSIGNMENT|[15]|ql|{"query":"SELECT Name FROM Quo (2 more) ..."}|0x2d86681b
14:15:17.0 (4986530)|VARIABLE_SCOPE_BEGIN|[15]|totalNumRecords|Integer|false|false
14:15:17.0 (4995242)|VARIABLE_ASSIGNMENT|[15]|totalNumRecords|1
14:15:17.0 (4999908)|VARIABLE_SCOPE_BEGIN|[15]|queryMoreSize|Integer|false|false
14:15:17.0 (5006711)|VARIABLE_ASSIGNMENT|[15]|queryMoreSize|49999
14:15:17.0 (5102303)|HEAP_ALLOCATE|[7]|Bytes:28
14:15:17.0 (5123541)|METHOD_ENTRY|[7]||Database.QueryLocatorIterator.hasNext()
14:15:17.0 (5166843)|METHOD_EXIT|[7]||Database.QueryLocatorIterator.hasNext()
14:15:17.0 (5174162)|METHOD_ENTRY|[7]||Database.QueryLocatorIterator.next()
14:15:17.0 (5240548)|METHOD_EXIT|[7]||Database.QueryLocatorIterator.next()
14:15:17.0 (5253853)|VARIABLE_SCOPE_BEGIN|[7]|q|Quote|true|false
14:15:17.0 (5270202)|VARIABLE_ASSIGNMENT|[7]|q|{"Name":"first quote","Id":"0Q0f40000009VVICA2"}|0x216e4221
14:15:17.0 (5276392)|STATEMENT_EXECUTE|[7]
14:15:17.0 (5278588)|STATEMENT_EXECUTE|[8]
14:15:17.0 (5309647)|HEAP_ALLOCATE|[EXTERNAL]|Bytes:4
14:15:17.0 (5321159)|METHOD_ENTRY|[7]||Database.QueryLocatorIterator.hasNext()
14:15:17.0 (5334847)|METHOD_EXIT|[7]||Database.QueryLocatorIterator.hasNext()
14:15:17.0 (5342753)|VARIABLE_ASSIGNMENT|[7]|q|null|
14:15:17.0 (5373821)|STATEMENT_EXECUTE|[13]
14:15:17.0 (5468702)|HEAP_ALLOCATE|[14]|Bytes:5
14:15:17.0 (5482446)|HEAP_ALLOCATE|[14]|Bytes:12
14:15:17.0 (5491097)|VARIABLE_SCOPE_BEGIN|[14]|q|Quote|true|false
14:15:17.0 (5505621)|VARIABLE_ASSIGNMENT|[14]|q|{"Name":"first quote","Id":"0Q0f40000009VVICA2"}|0x216e4221
14:15:17.0 (5511670)|STATEMENT_EXECUTE|[14]
14:15:17.0 (5513452)|STATEMENT_EXECUTE|[15]
14:15:17.0 (5516802)|HEAP_ALLOCATE|[15]|Bytes:20
14:15:17.0 (5551363)|HEAP_ALLOCATE|[15]|Bytes:31
14:15:17.0 (5585510)|USER_DEBUG|[15]|DEBUG|nombre de la quote: first quote
14:15:17.0 (5614527)|HEAP_ALLOCATE|[14]|Bytes:5
14:15:17.0 (5629949)|VARIABLE_ASSIGNMENT|[14]|q|null|
14:15:17.0 (5635195)|STATEMENT_EXECUTE|[18]
14:15:17.0 (5638237)|HEAP_ALLOCATE|[18]|Bytes:53
14:15:17.0 (5653011)|HEAP_ALLOCATE|[18]|Bytes:4
14:15:17.0 (5659644)|HEAP_ALLOCATE|[18]|Bytes:7
14:15:17.0 (5689154)|HEAP_ALLOCATE|[18]|Bytes:12
14:15:17.0 (6380263)|SOQL_EXECUTE_BEGIN|[18]|Aggregations:0|SELECT Body FROM Attachment WHERE ParentId = :tmpVar1
14:15:17.0 (9016353)|SOQL_EXECUTE_END|[18]|Rows:0
14:15:17.0 (9040830)|HEAP_ALLOCATE|[18]|Bytes:4
14:15:17.0 (9049448)|HEAP_ALLOCATE|[18]|Bytes:0
14:15:17.0 (9116714)|HEAP_ALLOCATE|[18]|Bytes:4
14:15:17.0 (9130854)|VARIABLE_SCOPE_BEGIN|[18]|attachements|List<Attachment>|true|false
14:15:17.0 (9155369)|VARIABLE_ASSIGNMENT|[18]|attachements|[]|0x635a859e
14:15:17.0 (9163111)|STATEMENT_EXECUTE|[25]
14:15:17.0 (9167222)|HEAP_ALLOCATE|[25]|Bytes:10904
14:15:17.0 (9179255)|SYSTEM_MODE_EXIT|false
14:15:17.9 (9204610)|CUMULATIVE_LIMIT_USAGE
14:15:17.9 (9204610)|LIMIT_USAGE_FOR_NS|(default)|
  Number of SOQL queries: 2 out of 100
  Number of query rows: 1 out of 50000
  Number of SOSL queries: 0 out of 20
  Number of DML statements: 0 out of 150
  Number of DML rows: 0 out of 10000
  Maximum CPU time: 0 out of 10000
  Maximum heap size: 0 out of 6000000
  Number of callouts: 0 out of 100
  Number of Email Invocations: 0 out of 10
  Number of future calls: 0 out of 50
  Number of queueable jobs added to the queue: 0 out of 50
  Number of Mobile Apex push calls: 0 out of 10

14:15:17.9 (9204610)|CUMULATIVE_LIMIT_USAGE_END

14:15:17.0 (9253014)|CODE_UNIT_FINISHED|ViewQuotePDF.getPDF
14:15:17.0 (9557263)|CODE_UNIT_FINISHED|Aura
14:15:17.0 (10694836)|EXECUTION_FINISHED
