42.0 APEX_CODE,FINEST;APEX_PROFILING,INFO;CALLOUT,INFO;DB,INFO;SYSTEM,DEBUG;VALIDATION,INFO;VISUALFORCE,INFO;WAVE,INFO;WORKFLOW,INFO
14:30:26.0 (74685)|USER_INFO|[EXTERNAL]|005f4000001uuP2|nmolinam@deloitte.com|Hora de Venezuela|GMT-04:00
14:30:26.0 (114067)|EXECUTION_STARTED
14:30:26.0 (119046)|CODE_UNIT_STARTED|[EXTERNAL]|Aura
14:30:26.0 (1184417)|CODE_UNIT_STARTED|[EXTERNAL]|01pf4000008WnsX|ViewQuotePDF.getPDF
14:30:26.0 (1357991)|HEAP_ALLOCATE|[72]|Bytes:3
14:30:26.0 (1395227)|HEAP_ALLOCATE|[77]|Bytes:152
14:30:26.0 (1408786)|HEAP_ALLOCATE|[342]|Bytes:408
14:30:26.0 (1420682)|HEAP_ALLOCATE|[355]|Bytes:408
14:30:26.0 (1431355)|HEAP_ALLOCATE|[467]|Bytes:48
14:30:26.0 (1458222)|HEAP_ALLOCATE|[139]|Bytes:6
14:30:26.0 (1532069)|HEAP_ALLOCATE|[EXTERNAL]|Bytes:4
14:30:26.0 (1540127)|HEAP_ALLOCATE|[EXTERNAL]|Bytes:5
14:30:26.0 (1550130)|METHOD_ENTRY|[1]|01pf4000008WnsX|ViewQuotePDF.ViewQuotePDF()
14:30:26.0 (1557317)|STATEMENT_EXECUTE|[1]
14:30:26.0 (1562545)|STATEMENT_EXECUTE|[1]
14:30:26.0 (1594219)|HEAP_ALLOCATE|[50]|Bytes:5
14:30:26.0 (1613272)|HEAP_ALLOCATE|[56]|Bytes:5
14:30:26.0 (1621314)|HEAP_ALLOCATE|[64]|Bytes:7
14:30:26.0 (1644928)|SYSTEM_MODE_ENTER|false
14:30:26.0 (1658778)|HEAP_ALLOCATE|[EXTERNAL]|Bytes:5
14:30:26.0 (1666341)|SYSTEM_MODE_EXIT|false
14:30:26.0 (1674813)|METHOD_EXIT|[1]|ViewQuotePDF
14:30:26.0 (1686507)|SYSTEM_MODE_ENTER|false
14:30:26.0 (1700071)|HEAP_ALLOCATE|[4]|Bytes:5
14:30:26.0 (1705312)|STATEMENT_EXECUTE|[3]
14:30:26.0 (1707180)|STATEMENT_EXECUTE|[4]
14:30:26.0 (1802757)|HEAP_ALLOCATE|[4]|Bytes:4
14:30:26.0 (1878674)|VARIABLE_SCOPE_BEGIN|[4]|quotes|List<Quote>|true|false
14:30:26.0 (1894522)|HEAP_ALLOCATE|[EXTERNAL]|Bytes:4
14:30:26.0 (1921903)|VARIABLE_ASSIGNMENT|[4]|quotes|[]|0x7c102067
14:30:26.0 (1928083)|STATEMENT_EXECUTE|[5]
14:30:26.0 (1932805)|VARIABLE_SCOPE_BEGIN|[5]|pfdBase64|String|false|false
14:30:26.0 (1944048)|VARIABLE_ASSIGNMENT|[5]|pfdBase64|null
14:30:26.0 (1950382)|HEAP_ALLOCATE|[7]|Bytes:22
14:30:26.0 (1968094)|HEAP_ALLOCATE|[7]|Bytes:4
14:30:26.0 (2287778)|SOQL_EXECUTE_BEGIN|[7]|Aggregations:0|SELECT Name FROM Quote
14:30:26.0 (4033659)|SOQL_EXECUTE_END|[7]|Rows:1
14:30:26.0 (4057200)|HEAP_ALLOCATE|[EXTERNAL]|Bytes:8
14:30:26.0 (4222887)|HEAP_ALLOCATE|[7]|Bytes:54
14:30:26.0 (4232081)|HEAP_ALLOCATE|[7]|Bytes:8
14:30:26.0 (4241803)|SYSTEM_METHOD_ENTRY|[7]|QueryLocatorIterator.QueryLocatorIterator()
14:30:26.0 (4246603)|STATEMENT_EXECUTE|[7]
14:30:26.0 (4253450)|SYSTEM_METHOD_EXIT|[7]|QueryLocatorIterator
14:30:26.0 (4261154)|HEAP_ALLOCATE|[7]|Bytes:28
14:30:26.0 (4293280)|HEAP_ALLOCATE|[7]|Bytes:8
14:30:26.0 (4307945)|HEAP_ALLOCATE|[7]|Bytes:8
14:30:26.0 (4312581)|HEAP_ALLOCATE|[7]|Bytes:8
14:30:26.0 (4317839)|VARIABLE_SCOPE_BEGIN|[15]|this|Database.QueryLocatorIterator|true|false
14:30:26.0 (4354474)|VARIABLE_ASSIGNMENT|[15]|this|{}|0x562138cc
14:30:26.0 (4361778)|VARIABLE_SCOPE_BEGIN|[15]|values|List<SObject>|true|false
14:30:26.0 (4382658)|VARIABLE_ASSIGNMENT|[15]|values|[{"Name":"first quote","Id":"0Q0f40000009VVICA2"}]|0x646aa43c
14:30:26.0 (4388856)|VARIABLE_SCOPE_BEGIN|[15]|ql|Database.QueryLocator|true|false
14:30:26.0 (4411191)|VARIABLE_ASSIGNMENT|[15]|ql|{"query":"SELECT Name FROM Quo (2 more) ..."}|0x124f8468
14:30:26.0 (4417496)|VARIABLE_SCOPE_BEGIN|[15]|totalNumRecords|Integer|false|false
14:30:26.0 (4426550)|VARIABLE_ASSIGNMENT|[15]|totalNumRecords|1
14:30:26.0 (4431746)|VARIABLE_SCOPE_BEGIN|[15]|queryMoreSize|Integer|false|false
14:30:26.0 (4439840)|VARIABLE_ASSIGNMENT|[15]|queryMoreSize|49999
14:30:26.0 (4540386)|HEAP_ALLOCATE|[7]|Bytes:28
14:30:26.0 (4563631)|METHOD_ENTRY|[7]||Database.QueryLocatorIterator.hasNext()
14:30:26.0 (4609117)|METHOD_EXIT|[7]||Database.QueryLocatorIterator.hasNext()
14:30:26.0 (4616867)|METHOD_ENTRY|[7]||Database.QueryLocatorIterator.next()
14:30:26.0 (4688175)|METHOD_EXIT|[7]||Database.QueryLocatorIterator.next()
14:30:26.0 (4697352)|VARIABLE_SCOPE_BEGIN|[7]|q|Quote|true|false
14:30:26.0 (4713407)|VARIABLE_ASSIGNMENT|[7]|q|{"Name":"first quote","Id":"0Q0f40000009VVICA2"}|0x6b2c366e
14:30:26.0 (4720284)|STATEMENT_EXECUTE|[7]
14:30:26.0 (4722412)|STATEMENT_EXECUTE|[8]
14:30:26.0 (4753388)|HEAP_ALLOCATE|[EXTERNAL]|Bytes:4
14:30:26.0 (4766606)|METHOD_ENTRY|[7]||Database.QueryLocatorIterator.hasNext()
14:30:26.0 (4780797)|METHOD_EXIT|[7]||Database.QueryLocatorIterator.hasNext()
14:30:26.0 (4789473)|VARIABLE_ASSIGNMENT|[7]|q|null|
14:30:26.0 (4821494)|STATEMENT_EXECUTE|[13]
14:30:26.0 (4919464)|HEAP_ALLOCATE|[14]|Bytes:5
14:30:26.0 (4934232)|HEAP_ALLOCATE|[14]|Bytes:12
14:30:26.0 (4941824)|VARIABLE_SCOPE_BEGIN|[14]|q|Quote|true|false
14:30:26.0 (4955450)|VARIABLE_ASSIGNMENT|[14]|q|{"Name":"first quote","Id":"0Q0f40000009VVICA2"}|0x6b2c366e
14:30:26.0 (4962068)|STATEMENT_EXECUTE|[14]
14:30:26.0 (4963846)|STATEMENT_EXECUTE|[15]
14:30:26.0 (4966902)|HEAP_ALLOCATE|[15]|Bytes:20
14:30:26.0 (5008095)|HEAP_ALLOCATE|[15]|Bytes:31
14:30:26.0 (5036863)|USER_DEBUG|[15]|DEBUG|nombre de la quote: first quote
14:30:26.0 (5053708)|HEAP_ALLOCATE|[14]|Bytes:5
14:30:26.0 (5064949)|VARIABLE_ASSIGNMENT|[14]|q|null|
14:30:26.0 (5075704)|STATEMENT_EXECUTE|[18]
14:30:26.0 (5078350)|HEAP_ALLOCATE|[18]|Bytes:53
14:30:26.0 (5092535)|HEAP_ALLOCATE|[18]|Bytes:4
14:30:26.0 (5100048)|HEAP_ALLOCATE|[18]|Bytes:7
14:30:26.0 (5125787)|HEAP_ALLOCATE|[18]|Bytes:12
14:30:26.0 (5810844)|SOQL_EXECUTE_BEGIN|[18]|Aggregations:0|SELECT Body FROM Attachment WHERE ParentId = :tmpVar1
14:30:26.0 (9489732)|SOQL_EXECUTE_END|[18]|Rows:0
14:30:26.0 (9520901)|HEAP_ALLOCATE|[18]|Bytes:4
14:30:26.0 (9531312)|HEAP_ALLOCATE|[18]|Bytes:0
14:30:26.0 (9601243)|HEAP_ALLOCATE|[18]|Bytes:4
14:30:26.0 (9618574)|VARIABLE_SCOPE_BEGIN|[18]|attachements|List<Attachment>|true|false
14:30:26.0 (9644216)|VARIABLE_ASSIGNMENT|[18]|attachements|[]|0x515b978f
14:30:26.0 (9651280)|STATEMENT_EXECUTE|[24]
14:30:26.0 (9655543)|HEAP_ALLOCATE|[24]|Bytes:49
14:30:26.0 (10286220)|HEAP_ALLOCATE|[24]|Bytes:4
14:30:26.0 (10337165)|SYSTEM_MODE_EXIT|false
14:30:26.10 (10376003)|CUMULATIVE_LIMIT_USAGE
14:30:26.10 (10376003)|LIMIT_USAGE_FOR_NS|(default)|
  Number of SOQL queries: 2 out of 100
  Number of query rows: 1 out of 50000
  Number of SOSL queries: 0 out of 20
  Number of DML statements: 0 out of 150
  Number of DML rows: 0 out of 10000
  Maximum CPU time: 0 out of 10000
  Maximum heap size: 0 out of 6000000
  Number of callouts: 0 out of 100
  Number of Email Invocations: 0 out of 10
  Number of future calls: 0 out of 50
  Number of queueable jobs added to the queue: 0 out of 50
  Number of Mobile Apex push calls: 0 out of 10

14:30:26.10 (10376003)|CUMULATIVE_LIMIT_USAGE_END

14:30:26.0 (10416009)|CODE_UNIT_FINISHED|ViewQuotePDF.getPDF
14:30:26.0 (10569032)|CODE_UNIT_FINISHED|Aura
14:30:26.0 (11748428)|EXECUTION_FINISHED
