42.0 APEX_CODE,FINEST;APEX_PROFILING,INFO;CALLOUT,INFO;DB,INFO;SYSTEM,DEBUG;VALIDATION,INFO;VISUALFORCE,INFO;WAVE,INFO;WORKFLOW,INFO
14:14:05.0 (383286)|USER_INFO|[EXTERNAL]|005f4000001uuP2|nmolinam@deloitte.com|Hora de Venezuela|GMT-04:00
14:14:05.0 (424582)|EXECUTION_STARTED
14:14:05.0 (430261)|CODE_UNIT_STARTED|[EXTERNAL]|Aura
14:14:05.0 (1850416)|CODE_UNIT_STARTED|[EXTERNAL]|01pf4000008WnsX|ViewQuotePDF.getPDF
14:14:05.0 (2087358)|HEAP_ALLOCATE|[72]|Bytes:3
14:14:05.0 (2153510)|HEAP_ALLOCATE|[77]|Bytes:152
14:14:05.0 (2167871)|HEAP_ALLOCATE|[342]|Bytes:408
14:14:05.0 (2179583)|HEAP_ALLOCATE|[355]|Bytes:408
14:14:05.0 (2190007)|HEAP_ALLOCATE|[467]|Bytes:48
14:14:05.0 (2217738)|HEAP_ALLOCATE|[139]|Bytes:6
14:14:05.0 (2236975)|HEAP_ALLOCATE|[EXTERNAL]|Bytes:4
14:14:05.0 (2265486)|HEAP_ALLOCATE|[EXTERNAL]|Bytes:5
14:14:05.0 (2288575)|METHOD_ENTRY|[1]|01pf4000008WnsX|ViewQuotePDF.ViewQuotePDF()
14:14:05.0 (2297197)|STATEMENT_EXECUTE|[1]
14:14:05.0 (2301561)|STATEMENT_EXECUTE|[1]
14:14:05.0 (2334276)|HEAP_ALLOCATE|[50]|Bytes:5
14:14:05.0 (2353950)|HEAP_ALLOCATE|[56]|Bytes:5
14:14:05.0 (2361614)|HEAP_ALLOCATE|[64]|Bytes:7
14:14:05.0 (2381628)|SYSTEM_MODE_ENTER|false
14:14:05.0 (2521204)|HEAP_ALLOCATE|[EXTERNAL]|Bytes:5
14:14:05.0 (2529195)|SYSTEM_MODE_EXIT|false
14:14:05.0 (2549323)|METHOD_EXIT|[1]|ViewQuotePDF
14:14:05.0 (2562381)|SYSTEM_MODE_ENTER|false
14:14:05.0 (2575559)|HEAP_ALLOCATE|[4]|Bytes:5
14:14:05.0 (2580415)|STATEMENT_EXECUTE|[3]
14:14:05.0 (2582372)|STATEMENT_EXECUTE|[4]
14:14:05.0 (2681370)|HEAP_ALLOCATE|[4]|Bytes:4
14:14:05.0 (2754877)|VARIABLE_SCOPE_BEGIN|[4]|quotes|List<Quote>|true|false
14:14:05.0 (2851954)|HEAP_ALLOCATE|[EXTERNAL]|Bytes:4
14:14:05.0 (2881575)|VARIABLE_ASSIGNMENT|[4]|quotes|[]|0x129d8301
14:14:05.0 (2888282)|STATEMENT_EXECUTE|[5]
14:14:05.0 (2892668)|VARIABLE_SCOPE_BEGIN|[5]|pfdBase64|String|false|false
14:14:05.0 (2903503)|VARIABLE_ASSIGNMENT|[5]|pfdBase64|null
14:14:05.0 (2909804)|HEAP_ALLOCATE|[7]|Bytes:22
14:14:05.0 (2926226)|HEAP_ALLOCATE|[7]|Bytes:4
14:14:05.0 (3287942)|SOQL_EXECUTE_BEGIN|[7]|Aggregations:0|SELECT Name FROM Quote
14:14:05.0 (5504710)|SOQL_EXECUTE_END|[7]|Rows:1
14:14:05.0 (5528116)|HEAP_ALLOCATE|[EXTERNAL]|Bytes:8
14:14:05.0 (5708283)|HEAP_ALLOCATE|[7]|Bytes:54
14:14:05.0 (5717581)|HEAP_ALLOCATE|[7]|Bytes:8
14:14:05.0 (5728062)|SYSTEM_METHOD_ENTRY|[7]|QueryLocatorIterator.QueryLocatorIterator()
14:14:05.0 (5734238)|STATEMENT_EXECUTE|[7]
14:14:05.0 (5741400)|SYSTEM_METHOD_EXIT|[7]|QueryLocatorIterator
14:14:05.0 (5748734)|HEAP_ALLOCATE|[7]|Bytes:28
14:14:05.0 (5790595)|HEAP_ALLOCATE|[7]|Bytes:8
14:14:05.0 (5807453)|HEAP_ALLOCATE|[7]|Bytes:8
14:14:05.0 (5811066)|HEAP_ALLOCATE|[7]|Bytes:8
14:14:05.0 (5820872)|VARIABLE_SCOPE_BEGIN|[15]|this|Database.QueryLocatorIterator|true|false
14:14:05.0 (5887336)|VARIABLE_ASSIGNMENT|[15]|this|{}|0x2925671b
14:14:05.0 (5895083)|VARIABLE_SCOPE_BEGIN|[15]|values|List<SObject>|true|false
14:14:05.0 (5916776)|VARIABLE_ASSIGNMENT|[15]|values|[{"Name":"first quote","Id":"0Q0f40000009VVICA2"}]|0x6a529c69
14:14:05.0 (5922575)|VARIABLE_SCOPE_BEGIN|[15]|ql|Database.QueryLocator|true|false
14:14:05.0 (5955581)|VARIABLE_ASSIGNMENT|[15]|ql|{"query":"SELECT Name FROM Quo (2 more) ..."}|0x4e871281
14:14:05.0 (5965779)|VARIABLE_SCOPE_BEGIN|[15]|totalNumRecords|Integer|false|false
14:14:05.0 (5980412)|VARIABLE_ASSIGNMENT|[15]|totalNumRecords|1
14:14:05.0 (5987606)|VARIABLE_SCOPE_BEGIN|[15]|queryMoreSize|Integer|false|false
14:14:05.0 (5997494)|VARIABLE_ASSIGNMENT|[15]|queryMoreSize|49999
14:14:05.0 (6141583)|HEAP_ALLOCATE|[7]|Bytes:28
14:14:05.0 (6176815)|METHOD_ENTRY|[7]||Database.QueryLocatorIterator.hasNext()
14:14:05.0 (6240012)|METHOD_EXIT|[7]||Database.QueryLocatorIterator.hasNext()
14:14:05.0 (6249479)|METHOD_ENTRY|[7]||Database.QueryLocatorIterator.next()
14:14:05.0 (6340651)|METHOD_EXIT|[7]||Database.QueryLocatorIterator.next()
14:14:05.0 (6350769)|VARIABLE_SCOPE_BEGIN|[7]|q|Quote|true|false
14:14:05.0 (6367845)|VARIABLE_ASSIGNMENT|[7]|q|{"Name":"first quote","Id":"0Q0f40000009VVICA2"}|0x1103ca37
14:14:05.0 (6374704)|STATEMENT_EXECUTE|[7]
14:14:05.0 (6377069)|STATEMENT_EXECUTE|[8]
14:14:05.0 (6410477)|HEAP_ALLOCATE|[EXTERNAL]|Bytes:4
14:14:05.0 (6423011)|METHOD_ENTRY|[7]||Database.QueryLocatorIterator.hasNext()
14:14:05.0 (6449768)|METHOD_EXIT|[7]||Database.QueryLocatorIterator.hasNext()
14:14:05.0 (6458264)|VARIABLE_ASSIGNMENT|[7]|q|null|
14:14:05.0 (6492366)|STATEMENT_EXECUTE|[13]
14:14:05.0 (6592000)|HEAP_ALLOCATE|[14]|Bytes:5
14:14:05.0 (6620991)|HEAP_ALLOCATE|[14]|Bytes:12
14:14:05.0 (6628340)|VARIABLE_SCOPE_BEGIN|[14]|q|Quote|true|false
14:14:05.0 (6642562)|VARIABLE_ASSIGNMENT|[14]|q|{"Name":"first quote","Id":"0Q0f40000009VVICA2"}|0x1103ca37
14:14:05.0 (6649105)|STATEMENT_EXECUTE|[14]
14:14:05.0 (6650791)|STATEMENT_EXECUTE|[15]
14:14:05.0 (6654268)|HEAP_ALLOCATE|[15]|Bytes:20
14:14:05.0 (6702286)|HEAP_ALLOCATE|[15]|Bytes:31
14:14:05.0 (6730924)|USER_DEBUG|[15]|DEBUG|nombre de la quote: first quote
14:14:05.0 (6747069)|HEAP_ALLOCATE|[14]|Bytes:5
14:14:05.0 (6757401)|VARIABLE_ASSIGNMENT|[14]|q|null|
14:14:05.0 (6763453)|STATEMENT_EXECUTE|[18]
14:14:05.0 (6766302)|HEAP_ALLOCATE|[18]|Bytes:53
14:14:05.0 (6779618)|HEAP_ALLOCATE|[18]|Bytes:4
14:14:05.0 (6787513)|HEAP_ALLOCATE|[18]|Bytes:7
14:14:05.0 (6811851)|HEAP_ALLOCATE|[18]|Bytes:12
14:14:05.0 (7741633)|SOQL_EXECUTE_BEGIN|[18]|Aggregations:0|SELECT Body FROM Attachment WHERE ParentId = :tmpVar1
14:14:05.0 (11398520)|SOQL_EXECUTE_END|[18]|Rows:0
14:14:05.0 (11424231)|HEAP_ALLOCATE|[18]|Bytes:4
14:14:05.0 (11436717)|HEAP_ALLOCATE|[18]|Bytes:0
14:14:05.0 (11503428)|HEAP_ALLOCATE|[18]|Bytes:4
14:14:05.0 (11518770)|VARIABLE_SCOPE_BEGIN|[18]|attachements|List<Attachment>|true|false
14:14:05.0 (11537953)|VARIABLE_ASSIGNMENT|[18]|attachements|[]|0x3d9e001e
14:14:05.0 (11545025)|STATEMENT_EXECUTE|[25]
14:14:05.0 (11548939)|HEAP_ALLOCATE|[25]|Bytes:10904
14:14:05.0 (11561661)|SYSTEM_MODE_EXIT|false
14:14:05.11 (11589141)|CUMULATIVE_LIMIT_USAGE
14:14:05.11 (11589141)|LIMIT_USAGE_FOR_NS|(default)|
  Number of SOQL queries: 2 out of 100
  Number of query rows: 1 out of 50000
  Number of SOSL queries: 0 out of 20
  Number of DML statements: 0 out of 150
  Number of DML rows: 0 out of 10000
  Maximum CPU time: 0 out of 10000
  Maximum heap size: 0 out of 6000000
  Number of callouts: 0 out of 100
  Number of Email Invocations: 0 out of 10
  Number of future calls: 0 out of 50
  Number of queueable jobs added to the queue: 0 out of 50
  Number of Mobile Apex push calls: 0 out of 10

14:14:05.11 (11589141)|CUMULATIVE_LIMIT_USAGE_END

14:14:05.0 (11626471)|CODE_UNIT_FINISHED|ViewQuotePDF.getPDF
14:14:05.0 (11921118)|CODE_UNIT_FINISHED|Aura
14:14:05.0 (13074731)|EXECUTION_FINISHED
