42.0 APEX_CODE,FINEST;APEX_PROFILING,INFO;CALLOUT,INFO;DB,INFO;SYSTEM,DEBUG;VALIDATION,INFO;VISUALFORCE,INFO;WAVE,INFO;WORKFLOW,INFO
14:18:19.0 (337278)|USER_INFO|[EXTERNAL]|005f4000001uuP2|nmolinam@deloitte.com|Hora de Venezuela|GMT-04:00
14:18:19.0 (370261)|EXECUTION_STARTED
14:18:19.0 (374640)|CODE_UNIT_STARTED|[EXTERNAL]|Aura
14:18:19.0 (1897377)|CODE_UNIT_STARTED|[EXTERNAL]|01pf4000008WnsX|ViewQuotePDF.getPDF
14:18:19.0 (2139983)|HEAP_ALLOCATE|[72]|Bytes:3
14:18:19.0 (2185399)|HEAP_ALLOCATE|[77]|Bytes:152
14:18:19.0 (2201162)|HEAP_ALLOCATE|[342]|Bytes:408
14:18:19.0 (2213113)|HEAP_ALLOCATE|[355]|Bytes:408
14:18:19.0 (2223787)|HEAP_ALLOCATE|[467]|Bytes:48
14:18:19.0 (2250275)|HEAP_ALLOCATE|[139]|Bytes:6
14:18:19.0 (2264168)|HEAP_ALLOCATE|[EXTERNAL]|Bytes:7
14:18:19.0 (2269511)|HEAP_ALLOCATE|[EXTERNAL]|Bytes:8
14:18:19.0 (2279367)|METHOD_ENTRY|[1]|01pf4000008WnsX|ViewQuotePDF.ViewQuotePDF()
14:18:19.0 (2285867)|STATEMENT_EXECUTE|[1]
14:18:19.0 (2290631)|STATEMENT_EXECUTE|[1]
14:18:19.0 (2319062)|HEAP_ALLOCATE|[50]|Bytes:5
14:18:19.0 (2341937)|HEAP_ALLOCATE|[56]|Bytes:5
14:18:19.0 (2348762)|HEAP_ALLOCATE|[64]|Bytes:7
14:18:19.0 (2368196)|SYSTEM_MODE_ENTER|false
14:18:19.0 (2381379)|HEAP_ALLOCATE|[EXTERNAL]|Bytes:5
14:18:19.0 (2389861)|SYSTEM_MODE_EXIT|false
14:18:19.0 (2397997)|METHOD_EXIT|[1]|ViewQuotePDF
14:18:19.0 (2408099)|SYSTEM_MODE_ENTER|false
14:18:19.0 (2420651)|HEAP_ALLOCATE|[4]|Bytes:5
14:18:19.0 (2425521)|STATEMENT_EXECUTE|[3]
14:18:19.0 (2427402)|STATEMENT_EXECUTE|[4]
14:18:19.0 (2531135)|HEAP_ALLOCATE|[4]|Bytes:4
14:18:19.0 (2608800)|VARIABLE_SCOPE_BEGIN|[4]|quotes|List<Quote>|true|false
14:18:19.0 (2621963)|HEAP_ALLOCATE|[EXTERNAL]|Bytes:4
14:18:19.0 (2643631)|VARIABLE_ASSIGNMENT|[4]|quotes|[]|0x5465a29b
14:18:19.0 (2649728)|STATEMENT_EXECUTE|[5]
14:18:19.0 (2654013)|VARIABLE_SCOPE_BEGIN|[5]|pfdBase64|String|false|false
14:18:19.0 (2663375)|VARIABLE_ASSIGNMENT|[5]|pfdBase64|null
14:18:19.0 (2667654)|STATEMENT_EXECUTE|[6]
14:18:19.0 (2684459)|VARIABLE_SCOPE_BEGIN|[6]|b|Blob|false|false
14:18:19.0 (2693650)|VARIABLE_ASSIGNMENT|[6]|b|null
14:18:19.0 (2699916)|HEAP_ALLOCATE|[8]|Bytes:22
14:18:19.0 (2716315)|HEAP_ALLOCATE|[8]|Bytes:4
14:18:19.0 (3335616)|SOQL_EXECUTE_BEGIN|[8]|Aggregations:0|SELECT Name FROM Quote
14:18:19.0 (5279153)|SOQL_EXECUTE_END|[8]|Rows:32
14:18:19.0 (5298200)|HEAP_ALLOCATE|[EXTERNAL]|Bytes:132
14:18:19.0 (5445020)|HEAP_ALLOCATE|[8]|Bytes:54
14:18:19.0 (5453881)|HEAP_ALLOCATE|[8]|Bytes:8
14:18:19.0 (5463507)|SYSTEM_METHOD_ENTRY|[7]|QueryLocatorIterator.QueryLocatorIterator()
14:18:19.0 (5467610)|STATEMENT_EXECUTE|[7]
14:18:19.0 (5474123)|SYSTEM_METHOD_EXIT|[7]|QueryLocatorIterator
14:18:19.0 (5481460)|HEAP_ALLOCATE|[8]|Bytes:28
14:18:19.0 (5527441)|HEAP_ALLOCATE|[8]|Bytes:132
14:18:19.0 (5550644)|HEAP_ALLOCATE|[8]|Bytes:8
14:18:19.0 (5557142)|HEAP_ALLOCATE|[8]|Bytes:8
14:18:19.0 (5564754)|VARIABLE_SCOPE_BEGIN|[15]|this|Database.QueryLocatorIterator|true|false
14:18:19.0 (5611709)|VARIABLE_ASSIGNMENT|[15]|this|{}|0x422af1e7
14:18:19.0 (5619098)|VARIABLE_SCOPE_BEGIN|[15]|values|List<SObject>|true|false
14:18:19.0 (5631699)|VARIABLE_ASSIGNMENT|[15]|values|"List of size 32 too large to display"|0x8b8da44
14:18:19.0 (5637006)|VARIABLE_SCOPE_BEGIN|[15]|ql|Database.QueryLocator|true|false
14:18:19.0 (5658453)|VARIABLE_ASSIGNMENT|[15]|ql|{"query":"SELECT Name FROM Quo (2 more) ..."}|0x4924c10c
14:18:19.0 (5664002)|VARIABLE_SCOPE_BEGIN|[15]|totalNumRecords|Integer|false|false
14:18:19.0 (5672392)|VARIABLE_ASSIGNMENT|[15]|totalNumRecords|32
14:18:19.0 (5676758)|VARIABLE_SCOPE_BEGIN|[15]|queryMoreSize|Integer|false|false
14:18:19.0 (5683559)|VARIABLE_ASSIGNMENT|[15]|queryMoreSize|49968
14:18:19.0 (5772350)|HEAP_ALLOCATE|[8]|Bytes:28
14:18:19.0 (5793749)|METHOD_ENTRY|[8]||Database.QueryLocatorIterator.hasNext()
14:18:19.0 (5839949)|METHOD_EXIT|[8]||Database.QueryLocatorIterator.hasNext()
14:18:19.0 (5847400)|METHOD_ENTRY|[8]||Database.QueryLocatorIterator.next()
14:18:19.0 (5915585)|METHOD_EXIT|[8]||Database.QueryLocatorIterator.next()
14:18:19.0 (5925643)|VARIABLE_SCOPE_BEGIN|[8]|q|Quote|true|false
14:18:19.0 (5950848)|VARIABLE_ASSIGNMENT|[8]|q|{"Name":"QUOTE 2","Id":"0Q0f40000009lJECAY"}|0x474dcd38
14:18:19.0 (5961128)|STATEMENT_EXECUTE|[8]
14:18:19.0 (5963541)|STATEMENT_EXECUTE|[9]
14:18:19.0 (5994851)|HEAP_ALLOCATE|[EXTERNAL]|Bytes:4
14:18:19.0 (6006068)|METHOD_ENTRY|[8]||Database.QueryLocatorIterator.hasNext()
14:18:19.0 (6024302)|METHOD_EXIT|[8]||Database.QueryLocatorIterator.hasNext()
14:18:19.0 (6028719)|METHOD_ENTRY|[8]||Database.QueryLocatorIterator.next()
14:18:19.0 (6072498)|METHOD_EXIT|[8]||Database.QueryLocatorIterator.next()
14:18:19.0 (6078250)|VARIABLE_SCOPE_BEGIN|[8]|q|Quote|true|false
14:18:19.0 (6091349)|VARIABLE_ASSIGNMENT|[8]|q|{"Name":"first quote","Id":"0Q0f40000009lJYCAY"}|0x969456f
14:18:19.0 (6096882)|STATEMENT_EXECUTE|[8]
14:18:19.0 (6098421)|STATEMENT_EXECUTE|[9]
14:18:19.0 (6103805)|HEAP_ALLOCATE|[EXTERNAL]|Bytes:4
14:18:19.0 (6110912)|METHOD_ENTRY|[8]||Database.QueryLocatorIterator.hasNext()
14:18:19.0 (6125494)|METHOD_EXIT|[8]||Database.QueryLocatorIterator.hasNext()
14:18:19.0 (6130408)|METHOD_ENTRY|[8]||Database.QueryLocatorIterator.next()
14:18:19.0 (6188013)|METHOD_EXIT|[8]||Database.QueryLocatorIterator.next()
14:18:19.0 (6195862)|VARIABLE_SCOPE_BEGIN|[8]|q|Quote|true|false
14:18:19.0 (6207938)|VARIABLE_ASSIGNMENT|[8]|q|{"Name":"first quote","Id":"0Q0f40000009lJJCAY"}|0x66aad9ef
14:18:19.0 (6213069)|STATEMENT_EXECUTE|[8]
14:18:19.0 (6214591)|STATEMENT_EXECUTE|[9]
14:18:19.0 (6220038)|HEAP_ALLOCATE|[EXTERNAL]|Bytes:4
14:18:19.0 (6227367)|METHOD_ENTRY|[8]||Database.QueryLocatorIterator.hasNext()
14:18:19.0 (6242314)|METHOD_EXIT|[8]||Database.QueryLocatorIterator.hasNext()
14:18:19.0 (6246511)|METHOD_ENTRY|[8]||Database.QueryLocatorIterator.next()
14:18:19.0 (6282737)|METHOD_EXIT|[8]||Database.QueryLocatorIterator.next()
14:18:19.0 (6287551)|VARIABLE_SCOPE_BEGIN|[8]|q|Quote|true|false
14:18:19.0 (6301108)|VARIABLE_ASSIGNMENT|[8]|q|{"Name":"first quote","Id":"0Q0f40000009lJOCAY"}|0x59329100
14:18:19.0 (6306195)|STATEMENT_EXECUTE|[8]
14:18:19.0 (6307729)|STATEMENT_EXECUTE|[9]
14:18:19.0 (6312814)|HEAP_ALLOCATE|[EXTERNAL]|Bytes:4
14:18:19.0 (6319473)|METHOD_ENTRY|[8]||Database.QueryLocatorIterator.hasNext()
14:18:19.0 (6333917)|METHOD_EXIT|[8]||Database.QueryLocatorIterator.hasNext()
14:18:19.0 (6338399)|METHOD_ENTRY|[8]||Database.QueryLocatorIterator.next()
14:18:19.0 (6373226)|METHOD_EXIT|[8]||Database.QueryLocatorIterator.next()
14:18:19.0 (6378754)|VARIABLE_SCOPE_BEGIN|[8]|q|Quote|true|false
14:18:19.0 (6388981)|VARIABLE_ASSIGNMENT|[8]|q|{"Name":"first quote","Id":"0Q0f40000009lelCAA"}|0x70bfa313
14:18:19.0 (6394469)|STATEMENT_EXECUTE|[8]
14:18:19.0 (6396051)|STATEMENT_EXECUTE|[9]
14:18:19.0 (6401095)|HEAP_ALLOCATE|[EXTERNAL]|Bytes:4
14:18:19.0 (6407599)|METHOD_ENTRY|[8]||Database.QueryLocatorIterator.hasNext()
14:18:19.0 (6421410)|METHOD_EXIT|[8]||Database.QueryLocatorIterator.hasNext()
14:18:19.0 (6425754)|METHOD_ENTRY|[8]||Database.QueryLocatorIterator.next()
14:18:19.0 (6459824)|METHOD_EXIT|[8]||Database.QueryLocatorIterator.next()
14:18:19.0 (6464653)|VARIABLE_SCOPE_BEGIN|[8]|q|Quote|true|false
14:18:19.0 (6474682)|VARIABLE_ASSIGNMENT|[8]|q|{"Name":"first quote","Id":"0Q0f40000009lemCAA"}|0x333ed256
14:18:19.0 (6479711)|STATEMENT_EXECUTE|[8]
14:18:19.0 (6481202)|STATEMENT_EXECUTE|[9]
14:18:19.0 (6485978)|HEAP_ALLOCATE|[EXTERNAL]|Bytes:4
14:18:19.0 (6492661)|METHOD_ENTRY|[8]||Database.QueryLocatorIterator.hasNext()
14:18:19.0 (6512652)|METHOD_EXIT|[8]||Database.QueryLocatorIterator.hasNext()
14:18:19.0 (6517204)|METHOD_ENTRY|[8]||Database.QueryLocatorIterator.next()
14:18:19.0 (6551924)|METHOD_EXIT|[8]||Database.QueryLocatorIterator.next()
14:18:19.0 (6556623)|VARIABLE_SCOPE_BEGIN|[8]|q|Quote|true|false
14:18:19.0 (6567351)|VARIABLE_ASSIGNMENT|[8]|q|{"Name":"first quote","Id":"0Q0f40000009VVICA2"}|0x36b007f
14:18:19.0 (6572327)|STATEMENT_EXECUTE|[8]
14:18:19.0 (6574068)|STATEMENT_EXECUTE|[9]
14:18:19.0 (6579051)|HEAP_ALLOCATE|[EXTERNAL]|Bytes:4
14:18:19.0 (6585381)|METHOD_ENTRY|[8]||Database.QueryLocatorIterator.hasNext()
14:18:19.0 (6599383)|METHOD_EXIT|[8]||Database.QueryLocatorIterator.hasNext()
14:18:19.0 (6604013)|METHOD_ENTRY|[8]||Database.QueryLocatorIterator.next()
14:18:19.0 (6639129)|METHOD_EXIT|[8]||Database.QueryLocatorIterator.next()
14:18:19.0 (6644415)|VARIABLE_SCOPE_BEGIN|[8]|q|Quote|true|false
14:18:19.0 (6654563)|VARIABLE_ASSIGNMENT|[8]|q|{"Name":"QUOTE 2","Id":"0Q0f40000009e7gCAA"}|0x4e9c3b83
14:18:19.0 (6659835)|STATEMENT_EXECUTE|[8]
14:18:19.0 (6661322)|STATEMENT_EXECUTE|[9]
14:18:19.0 (6666202)|HEAP_ALLOCATE|[EXTERNAL]|Bytes:4
14:18:19.0 (6672451)|METHOD_ENTRY|[8]||Database.QueryLocatorIterator.hasNext()
14:18:19.0 (6685844)|METHOD_EXIT|[8]||Database.QueryLocatorIterator.hasNext()
14:18:19.0 (6690280)|METHOD_ENTRY|[8]||Database.QueryLocatorIterator.next()
14:18:19.0 (6724114)|METHOD_EXIT|[8]||Database.QueryLocatorIterator.next()
14:18:19.0 (6729640)|VARIABLE_SCOPE_BEGIN|[8]|q|Quote|true|false
14:18:19.0 (6739345)|VARIABLE_ASSIGNMENT|[8]|q|{"Name":"QUOTE 2","Id":"0Q0f40000009kLKCAY"}|0x43b6be78
14:18:19.0 (6744708)|STATEMENT_EXECUTE|[8]
14:18:19.0 (6746143)|STATEMENT_EXECUTE|[9]
14:18:19.0 (6750798)|HEAP_ALLOCATE|[EXTERNAL]|Bytes:4
14:18:19.0 (6757064)|METHOD_ENTRY|[8]||Database.QueryLocatorIterator.hasNext()
14:18:19.0 (6770721)|METHOD_EXIT|[8]||Database.QueryLocatorIterator.hasNext()
14:18:19.0 (6775337)|METHOD_ENTRY|[8]||Database.QueryLocatorIterator.next()
14:18:19.0 (6809192)|METHOD_EXIT|[8]||Database.QueryLocatorIterator.next()
14:18:19.0 (6814115)|VARIABLE_SCOPE_BEGIN|[8]|q|Quote|true|false
14:18:19.0 (6823483)|VARIABLE_ASSIGNMENT|[8]|q|{"Name":"QUOTE 2","Id":"0Q0f40000009kLLCAY"}|0x65f783a
14:18:19.0 (6828794)|STATEMENT_EXECUTE|[8]
14:18:19.0 (6830211)|STATEMENT_EXECUTE|[9]
14:18:19.0 (6834661)|HEAP_ALLOCATE|[EXTERNAL]|Bytes:4
14:18:19.0 (6841543)|METHOD_ENTRY|[8]||Database.QueryLocatorIterator.hasNext()
14:18:19.0 (6855751)|METHOD_EXIT|[8]||Database.QueryLocatorIterator.hasNext()
14:18:19.0 (6859471)|METHOD_ENTRY|[8]||Database.QueryLocatorIterator.next()
14:18:19.0 (6893118)|METHOD_EXIT|[8]||Database.QueryLocatorIterator.next()
14:18:19.0 (6897800)|VARIABLE_SCOPE_BEGIN|[8]|q|Quote|true|false
14:18:19.0 (6907088)|VARIABLE_ASSIGNMENT|[8]|q|{"Name":"QUOTE 2","Id":"0Q0f40000009kLeCAI"}|0x5dece876
14:18:19.0 (6911604)|STATEMENT_EXECUTE|[8]
14:18:19.0 (6913034)|STATEMENT_EXECUTE|[9]
14:18:19.0 (6917516)|HEAP_ALLOCATE|[EXTERNAL]|Bytes:4
14:18:19.0 (6924024)|METHOD_ENTRY|[8]||Database.QueryLocatorIterator.hasNext()
14:18:19.0 (6937923)|METHOD_EXIT|[8]||Database.QueryLocatorIterator.hasNext()
14:18:19.0 (6942037)|METHOD_ENTRY|[8]||Database.QueryLocatorIterator.next()
14:18:19.0 (6975897)|METHOD_EXIT|[8]||Database.QueryLocatorIterator.next()
14:18:19.0 (6980763)|VARIABLE_SCOPE_BEGIN|[8]|q|Quote|true|false
14:18:19.0 (6990429)|VARIABLE_ASSIGNMENT|[8]|q|{"Name":"QUOTE 2","Id":"0Q0f40000009kLfCAI"}|0x7283906b
14:18:19.0 (6995179)|STATEMENT_EXECUTE|[8]
14:18:19.0 (6996620)|STATEMENT_EXECUTE|[9]
14:18:19.0 (7001249)|HEAP_ALLOCATE|[EXTERNAL]|Bytes:4
14:18:19.0 (7008228)|METHOD_ENTRY|[8]||Database.QueryLocatorIterator.hasNext()
14:18:19.0 (7021902)|METHOD_EXIT|[8]||Database.QueryLocatorIterator.hasNext()
14:18:19.0 (7026335)|METHOD_ENTRY|[8]||Database.QueryLocatorIterator.next()
14:18:19.0 (7060239)|METHOD_EXIT|[8]||Database.QueryLocatorIterator.next()
14:18:19.0 (7065414)|VARIABLE_SCOPE_BEGIN|[8]|q|Quote|true|false
14:18:19.0 (7075012)|VARIABLE_ASSIGNMENT|[8]|q|{"Name":"QUOTE 2","Id":"0Q0f40000009kMDCAY"}|0x430b53d
14:18:19.0 (7079885)|STATEMENT_EXECUTE|[8]
14:18:19.0 (7081319)|STATEMENT_EXECUTE|[9]
14:18:19.0 (7085937)|HEAP_ALLOCATE|[EXTERNAL]|Bytes:4
14:18:19.0 (7092118)|METHOD_ENTRY|[8]||Database.QueryLocatorIterator.hasNext()
14:18:19.0 (7105936)|METHOD_EXIT|[8]||Database.QueryLocatorIterator.hasNext()
14:18:19.0 (7110176)|METHOD_ENTRY|[8]||Database.QueryLocatorIterator.next()
14:18:19.0 (7143756)|METHOD_EXIT|[8]||Database.QueryLocatorIterator.next()
14:18:19.0 (7148534)|VARIABLE_SCOPE_BEGIN|[8]|q|Quote|true|false
14:18:19.0 (7157826)|VARIABLE_ASSIGNMENT|[8]|q|{"Name":"QUOTE 2","Id":"0Q0f40000009kLtCAI"}|0x79538329
14:18:19.0 (7162501)|STATEMENT_EXECUTE|[8]
14:18:19.0 (7164018)|STATEMENT_EXECUTE|[9]
14:18:19.0 (7168522)|HEAP_ALLOCATE|[EXTERNAL]|Bytes:4
14:18:19.0 (7174759)|METHOD_ENTRY|[8]||Database.QueryLocatorIterator.hasNext()
14:18:19.0 (7188151)|METHOD_EXIT|[8]||Database.QueryLocatorIterator.hasNext()
14:18:19.0 (7192453)|METHOD_ENTRY|[8]||Database.QueryLocatorIterator.next()
14:18:19.0 (7226450)|METHOD_EXIT|[8]||Database.QueryLocatorIterator.next()
14:18:19.0 (7231039)|VARIABLE_SCOPE_BEGIN|[8]|q|Quote|true|false
14:18:19.0 (7240408)|VARIABLE_ASSIGNMENT|[8]|q|{"Name":"QUOTE 2","Id":"0Q0f40000009kLuCAI"}|0x43466b2d
14:18:19.0 (7245339)|STATEMENT_EXECUTE|[8]
14:18:19.0 (7246792)|STATEMENT_EXECUTE|[9]
14:18:19.0 (7251462)|HEAP_ALLOCATE|[EXTERNAL]|Bytes:4
14:18:19.0 (7257588)|METHOD_ENTRY|[8]||Database.QueryLocatorIterator.hasNext()
14:18:19.0 (7271199)|METHOD_EXIT|[8]||Database.QueryLocatorIterator.hasNext()
14:18:19.0 (7275108)|METHOD_ENTRY|[8]||Database.QueryLocatorIterator.next()
14:18:19.0 (7308639)|METHOD_EXIT|[8]||Database.QueryLocatorIterator.next()
14:18:19.0 (7313303)|VARIABLE_SCOPE_BEGIN|[8]|q|Quote|true|false
14:18:19.0 (7322604)|VARIABLE_ASSIGNMENT|[8]|q|{"Name":"QUOTE 2","Id":"0Q0f40000009kLACAY"}|0x2da8abe6
14:18:19.0 (7327280)|STATEMENT_EXECUTE|[8]
14:18:19.0 (7328732)|STATEMENT_EXECUTE|[9]
14:18:19.0 (7333280)|HEAP_ALLOCATE|[EXTERNAL]|Bytes:4
14:18:19.0 (7339766)|METHOD_ENTRY|[8]||Database.QueryLocatorIterator.hasNext()
14:18:19.0 (7353383)|METHOD_EXIT|[8]||Database.QueryLocatorIterator.hasNext()
14:18:19.0 (7357165)|METHOD_ENTRY|[8]||Database.QueryLocatorIterator.next()
14:18:19.0 (7390616)|METHOD_EXIT|[8]||Database.QueryLocatorIterator.next()
14:18:19.0 (7395010)|VARIABLE_SCOPE_BEGIN|[8]|q|Quote|true|false
14:18:19.0 (7404769)|VARIABLE_ASSIGNMENT|[8]|q|{"Name":"QUOTE 2","Id":"0Q0f40000009kM3CAI"}|0x2cb07a33
14:18:19.0 (7409739)|STATEMENT_EXECUTE|[8]
14:18:19.0 (7411347)|STATEMENT_EXECUTE|[9]
14:18:19.0 (7415835)|HEAP_ALLOCATE|[EXTERNAL]|Bytes:4
14:18:19.0 (7422076)|METHOD_ENTRY|[8]||Database.QueryLocatorIterator.hasNext()
14:18:19.0 (7435301)|METHOD_EXIT|[8]||Database.QueryLocatorIterator.hasNext()
14:18:19.0 (7439854)|METHOD_ENTRY|[8]||Database.QueryLocatorIterator.next()
14:18:19.0 (7473377)|METHOD_EXIT|[8]||Database.QueryLocatorIterator.next()
14:18:19.0 (7478665)|VARIABLE_SCOPE_BEGIN|[8]|q|Quote|true|false
14:18:19.0 (7488505)|VARIABLE_ASSIGNMENT|[8]|q|{"Name":"QUOTE 2","Id":"0Q0f40000009kMNCAY"}|0x499ffe47
14:18:19.0 (7493404)|STATEMENT_EXECUTE|[8]
14:18:19.0 (7494878)|STATEMENT_EXECUTE|[9]
14:18:19.0 (7499551)|HEAP_ALLOCATE|[EXTERNAL]|Bytes:4
14:18:19.0 (7505824)|METHOD_ENTRY|[8]||Database.QueryLocatorIterator.hasNext()
14:18:19.0 (7524564)|METHOD_EXIT|[8]||Database.QueryLocatorIterator.hasNext()
14:18:19.0 (7528689)|METHOD_ENTRY|[8]||Database.QueryLocatorIterator.next()
14:18:19.0 (7564407)|METHOD_EXIT|[8]||Database.QueryLocatorIterator.next()
14:18:19.0 (7569418)|VARIABLE_SCOPE_BEGIN|[8]|q|Quote|true|false
14:18:19.0 (7579130)|VARIABLE_ASSIGNMENT|[8]|q|{"Name":"QUOTE 2","Id":"0Q0f40000009kMICAY"}|0x39f0eb5a
14:18:19.0 (7583847)|STATEMENT_EXECUTE|[8]
14:18:19.0 (7585619)|STATEMENT_EXECUTE|[9]
14:18:19.0 (7590347)|HEAP_ALLOCATE|[EXTERNAL]|Bytes:4
14:18:19.0 (7596624)|METHOD_ENTRY|[8]||Database.QueryLocatorIterator.hasNext()
14:18:19.0 (7610073)|METHOD_EXIT|[8]||Database.QueryLocatorIterator.hasNext()
14:18:19.0 (7614298)|METHOD_ENTRY|[8]||Database.QueryLocatorIterator.next()
14:18:19.0 (7648538)|METHOD_EXIT|[8]||Database.QueryLocatorIterator.next()
14:18:19.0 (7653422)|VARIABLE_SCOPE_BEGIN|[8]|q|Quote|true|false
14:18:19.0 (7663855)|VARIABLE_ASSIGNMENT|[8]|q|{"Name":"QUOTE 2","Id":"0Q0f40000009kMJCAY"}|0x51ef8019
14:18:19.0 (7668646)|STATEMENT_EXECUTE|[8]
14:18:19.0 (7670082)|STATEMENT_EXECUTE|[9]
14:18:19.0 (7675032)|HEAP_ALLOCATE|[EXTERNAL]|Bytes:4
14:18:19.0 (7681865)|METHOD_ENTRY|[8]||Database.QueryLocatorIterator.hasNext()
14:18:19.0 (7695399)|METHOD_EXIT|[8]||Database.QueryLocatorIterator.hasNext()
14:18:19.0 (7699258)|METHOD_ENTRY|[8]||Database.QueryLocatorIterator.next()
14:18:19.0 (7733061)|METHOD_EXIT|[8]||Database.QueryLocatorIterator.next()
14:18:19.0 (7737733)|VARIABLE_SCOPE_BEGIN|[8]|q|Quote|true|false
14:18:19.0 (7747539)|VARIABLE_ASSIGNMENT|[8]|q|{"Name":"QUOTE 2","Id":"0Q0f40000009kKvCAI"}|0x7e2119f5
14:18:19.0 (7752560)|STATEMENT_EXECUTE|[8]
14:18:19.0 (7754064)|STATEMENT_EXECUTE|[9]
14:18:19.0 (7758628)|HEAP_ALLOCATE|[EXTERNAL]|Bytes:4
14:18:19.0 (7764807)|METHOD_ENTRY|[8]||Database.QueryLocatorIterator.hasNext()
14:18:19.0 (7778807)|METHOD_EXIT|[8]||Database.QueryLocatorIterator.hasNext()
14:18:19.0 (7783540)|METHOD_ENTRY|[8]||Database.QueryLocatorIterator.next()
14:18:19.0 (7817654)|METHOD_EXIT|[8]||Database.QueryLocatorIterator.next()
14:18:19.0 (7822331)|VARIABLE_SCOPE_BEGIN|[8]|q|Quote|true|false
14:18:19.0 (7831927)|VARIABLE_ASSIGNMENT|[8]|q|{"Name":"QUOTE 2","Id":"0Q0f40000009kKqCAI"}|0x48fabdb0
14:18:19.0 (7837199)|STATEMENT_EXECUTE|[8]
14:18:19.0 (7838646)|STATEMENT_EXECUTE|[9]
14:18:19.0 (7843260)|HEAP_ALLOCATE|[EXTERNAL]|Bytes:4
14:18:19.0 (7849669)|METHOD_ENTRY|[8]||Database.QueryLocatorIterator.hasNext()
14:18:19.0 (7863225)|METHOD_EXIT|[8]||Database.QueryLocatorIterator.hasNext()
14:18:19.0 (7867318)|METHOD_ENTRY|[8]||Database.QueryLocatorIterator.next()
14:18:19.0 (7901205)|METHOD_EXIT|[8]||Database.QueryLocatorIterator.next()
14:18:19.0 (7906096)|VARIABLE_SCOPE_BEGIN|[8]|q|Quote|true|false
14:18:19.0 (7915262)|VARIABLE_ASSIGNMENT|[8]|q|{"Name":"QUOTE 2","Id":"0Q0f40000009kKWCAY"}|0x76ee35ce
14:18:19.0 (7919704)|STATEMENT_EXECUTE|[8]
14:18:19.0 (7921206)|STATEMENT_EXECUTE|[9]
14:18:19.0 (7925787)|HEAP_ALLOCATE|[EXTERNAL]|Bytes:4
14:18:19.0 (7932178)|METHOD_ENTRY|[8]||Database.QueryLocatorIterator.hasNext()
14:18:19.0 (7945390)|METHOD_EXIT|[8]||Database.QueryLocatorIterator.hasNext()
14:18:19.0 (7949283)|METHOD_ENTRY|[8]||Database.QueryLocatorIterator.next()
14:18:19.0 (7983057)|METHOD_EXIT|[8]||Database.QueryLocatorIterator.next()
14:18:19.0 (7987754)|VARIABLE_SCOPE_BEGIN|[8]|q|Quote|true|false
14:18:19.0 (7997381)|VARIABLE_ASSIGNMENT|[8]|q|{"Name":"QUOTE 2","Id":"0Q0f40000009kL0CAI"}|0x5bac9c42
14:18:19.0 (8002189)|STATEMENT_EXECUTE|[8]
14:18:19.0 (8004075)|STATEMENT_EXECUTE|[9]
14:18:19.0 (8008761)|HEAP_ALLOCATE|[EXTERNAL]|Bytes:4
14:18:19.0 (8015499)|METHOD_ENTRY|[8]||Database.QueryLocatorIterator.hasNext()
14:18:19.0 (8028918)|METHOD_EXIT|[8]||Database.QueryLocatorIterator.hasNext()
14:18:19.0 (8033221)|METHOD_ENTRY|[8]||Database.QueryLocatorIterator.next()
14:18:19.0 (8067270)|METHOD_EXIT|[8]||Database.QueryLocatorIterator.next()
14:18:19.0 (8071987)|VARIABLE_SCOPE_BEGIN|[8]|q|Quote|true|false
14:18:19.0 (8081335)|VARIABLE_ASSIGNMENT|[8]|q|{"Name":"QUOTE 2","Id":"0Q0f40000009kLyCAI"}|0x2d34d873
14:18:19.0 (8086592)|STATEMENT_EXECUTE|[8]
14:18:19.0 (8088021)|STATEMENT_EXECUTE|[9]
14:18:19.0 (8092521)|HEAP_ALLOCATE|[EXTERNAL]|Bytes:4
14:18:19.0 (8098799)|METHOD_ENTRY|[8]||Database.QueryLocatorIterator.hasNext()
14:18:19.0 (8113156)|METHOD_EXIT|[8]||Database.QueryLocatorIterator.hasNext()
14:18:19.0 (8116937)|METHOD_ENTRY|[8]||Database.QueryLocatorIterator.next()
14:18:19.0 (8151099)|METHOD_EXIT|[8]||Database.QueryLocatorIterator.next()
14:18:19.0 (8155732)|VARIABLE_SCOPE_BEGIN|[8]|q|Quote|true|false
14:18:19.0 (8165191)|VARIABLE_ASSIGNMENT|[8]|q|{"Name":"QUOTE 2","Id":"0Q0f40000009kM8CAI"}|0x303ee758
14:18:19.0 (8169888)|STATEMENT_EXECUTE|[8]
14:18:19.0 (8171365)|STATEMENT_EXECUTE|[9]
14:18:19.0 (8175866)|HEAP_ALLOCATE|[EXTERNAL]|Bytes:4
14:18:19.0 (8181997)|METHOD_ENTRY|[8]||Database.QueryLocatorIterator.hasNext()
14:18:19.0 (8195318)|METHOD_EXIT|[8]||Database.QueryLocatorIterator.hasNext()
14:18:19.0 (8199096)|METHOD_ENTRY|[8]||Database.QueryLocatorIterator.next()
14:18:19.0 (8232914)|METHOD_EXIT|[8]||Database.QueryLocatorIterator.next()
14:18:19.0 (8237537)|VARIABLE_SCOPE_BEGIN|[8]|q|Quote|true|false
14:18:19.0 (8247125)|VARIABLE_ASSIGNMENT|[8]|q|{"Name":"QUOTE 2","Id":"0Q0f40000009kLZCAY"}|0x3779f4d4
14:18:19.0 (8252196)|STATEMENT_EXECUTE|[8]
14:18:19.0 (8253833)|STATEMENT_EXECUTE|[9]
14:18:19.0 (8258288)|HEAP_ALLOCATE|[EXTERNAL]|Bytes:4
14:18:19.0 (8264733)|METHOD_ENTRY|[8]||Database.QueryLocatorIterator.hasNext()
14:18:19.0 (8278246)|METHOD_EXIT|[8]||Database.QueryLocatorIterator.hasNext()
14:18:19.0 (8282386)|METHOD_ENTRY|[8]||Database.QueryLocatorIterator.next()
14:18:19.0 (8316568)|METHOD_EXIT|[8]||Database.QueryLocatorIterator.next()
14:18:19.0 (8321587)|VARIABLE_SCOPE_BEGIN|[8]|q|Quote|true|false
14:18:19.0 (8331761)|VARIABLE_ASSIGNMENT|[8]|q|{"Name":"QUOTE 2","Id":"0Q0f40000009kLaCAI"}|0x88820f5
14:18:19.0 (8336692)|STATEMENT_EXECUTE|[8]
14:18:19.0 (8338156)|STATEMENT_EXECUTE|[9]
14:18:19.0 (8342852)|HEAP_ALLOCATE|[EXTERNAL]|Bytes:4
14:18:19.0 (8348994)|METHOD_ENTRY|[8]||Database.QueryLocatorIterator.hasNext()
14:18:19.0 (8362838)|METHOD_EXIT|[8]||Database.QueryLocatorIterator.hasNext()
14:18:19.0 (8366813)|METHOD_ENTRY|[8]||Database.QueryLocatorIterator.next()
14:18:19.0 (8401523)|METHOD_EXIT|[8]||Database.QueryLocatorIterator.next()
14:18:19.0 (8406413)|VARIABLE_SCOPE_BEGIN|[8]|q|Quote|true|false
14:18:19.0 (8416122)|VARIABLE_ASSIGNMENT|[8]|q|{"Name":"QUOTE 2","Id":"0Q0f40000009kLUCAY"}|0x37496d7
14:18:19.0 (8420950)|STATEMENT_EXECUTE|[8]
14:18:19.0 (8422399)|STATEMENT_EXECUTE|[9]
14:18:19.0 (8426973)|HEAP_ALLOCATE|[EXTERNAL]|Bytes:4
14:18:19.0 (8433343)|METHOD_ENTRY|[8]||Database.QueryLocatorIterator.hasNext()
14:18:19.0 (8446835)|METHOD_EXIT|[8]||Database.QueryLocatorIterator.hasNext()
14:18:19.0 (8450735)|METHOD_ENTRY|[8]||Database.QueryLocatorIterator.next()
14:18:19.0 (8484722)|METHOD_EXIT|[8]||Database.QueryLocatorIterator.next()
14:18:19.0 (8489745)|VARIABLE_SCOPE_BEGIN|[8]|q|Quote|true|false
14:18:19.0 (8499310)|VARIABLE_ASSIGNMENT|[8]|q|{"Name":"QUOTE 2","Id":"0Q0f40000009kLFCAY"}|0x4437b5c6
14:18:19.0 (8503809)|STATEMENT_EXECUTE|[8]
14:18:19.0 (8505297)|STATEMENT_EXECUTE|[9]
14:18:19.0 (8513409)|HEAP_ALLOCATE|[EXTERNAL]|Bytes:4
14:18:19.0 (8520726)|METHOD_ENTRY|[8]||Database.QueryLocatorIterator.hasNext()
14:18:19.0 (8535021)|METHOD_EXIT|[8]||Database.QueryLocatorIterator.hasNext()
14:18:19.0 (8539218)|METHOD_ENTRY|[8]||Database.QueryLocatorIterator.next()
14:18:19.0 (8573485)|METHOD_EXIT|[8]||Database.QueryLocatorIterator.next()
14:18:19.0 (8578176)|VARIABLE_SCOPE_BEGIN|[8]|q|Quote|true|false
14:18:19.0 (8587641)|VARIABLE_ASSIGNMENT|[8]|q|{"Name":"QUOTE 2","Id":"0Q0f40000009kLoCAI"}|0x3c9036c0
14:18:19.0 (8592381)|STATEMENT_EXECUTE|[8]
14:18:19.0 (8593842)|STATEMENT_EXECUTE|[9]
14:18:19.0 (8598493)|HEAP_ALLOCATE|[EXTERNAL]|Bytes:4
14:18:19.0 (8604871)|METHOD_ENTRY|[8]||Database.QueryLocatorIterator.hasNext()
14:18:19.0 (8618357)|METHOD_EXIT|[8]||Database.QueryLocatorIterator.hasNext()
14:18:19.0 (8621978)|METHOD_ENTRY|[8]||Database.QueryLocatorIterator.next()
14:18:19.0 (8656430)|METHOD_EXIT|[8]||Database.QueryLocatorIterator.next()
14:18:19.0 (8660884)|VARIABLE_SCOPE_BEGIN|[8]|q|Quote|true|false
14:18:19.0 (8672149)|VARIABLE_ASSIGNMENT|[8]|q|{"Name":"QUOTE 2","Id":"0Q0f40000009kMSCAY"}|0x7556362f
14:18:19.0 (8676808)|STATEMENT_EXECUTE|[8]
14:18:19.0 (8678264)|STATEMENT_EXECUTE|[9]
14:18:19.0 (8683100)|HEAP_ALLOCATE|[EXTERNAL]|Bytes:4
14:18:19.0 (8689831)|METHOD_ENTRY|[8]||Database.QueryLocatorIterator.hasNext()
14:18:19.0 (8699782)|METHOD_EXIT|[8]||Database.QueryLocatorIterator.hasNext()
14:18:19.0 (8706039)|VARIABLE_ASSIGNMENT|[8]|q|null|
14:18:19.0 (8739671)|STATEMENT_EXECUTE|[14]
14:18:19.0 (8845312)|HEAP_ALLOCATE|[15]|Bytes:5
14:18:19.0 (8859943)|HEAP_ALLOCATE|[15]|Bytes:12
14:18:19.0 (8866133)|VARIABLE_SCOPE_BEGIN|[15]|q|Quote|true|false
14:18:19.0 (8878295)|VARIABLE_ASSIGNMENT|[15]|q|{"Name":"QUOTE 2","Id":"0Q0f40000009lJECAY"}|0x474dcd38
14:18:19.0 (8884011)|STATEMENT_EXECUTE|[15]
14:18:19.0 (8885982)|STATEMENT_EXECUTE|[16]
14:18:19.0 (8889082)|HEAP_ALLOCATE|[16]|Bytes:20
14:18:19.0 (8938002)|HEAP_ALLOCATE|[16]|Bytes:27
14:18:19.0 (8965423)|USER_DEBUG|[16]|DEBUG|nombre de la quote: QUOTE 2
14:18:19.0 (8973937)|STATEMENT_EXECUTE|[17]
14:18:19.0 (8983808)|METHOD_ENTRY|[17]|01pf4000008WnsX|ViewQuotePDF.StringPDF(Quote)
14:18:19.0 (8996937)|VARIABLE_SCOPE_BEGIN|[35]|quote|Quote|true|false
14:18:19.0 (9009301)|VARIABLE_ASSIGNMENT|[35]|quote|{"Name":"QUOTE 2","Id":"0Q0f40000009lJECAY"}|0x474dcd38
14:18:19.0 (9027730)|HEAP_ALLOCATE|[37]|Bytes:5
14:18:19.0 (9032829)|STATEMENT_EXECUTE|[35]
14:18:19.0 (9034454)|STATEMENT_EXECUTE|[36]
14:18:19.0 (9037080)|HEAP_ALLOCATE|[37]|Bytes:5
14:18:19.0 (9045347)|HEAP_ALLOCATE|[37]|Bytes:6
14:18:19.0 (9053664)|HEAP_ALLOCATE|[37]|Bytes:18
14:18:19.0 (9062628)|METHOD_EXIT|[17]|01pf4000008WnsX|ViewQuotePDF.StringPDF(Quote)
14:18:19.0 (9639342)|HEAP_ALLOCATE|[17]|Bytes:4
14:18:19.0 (9668821)|VARIABLE_ASSIGNMENT|[17]|b|BLOB(882 bytes)
14:18:19.0 (9684957)|HEAP_ALLOCATE|[15]|Bytes:5
14:18:19.0 (9697306)|HEAP_ALLOCATE|[15]|Bytes:12
14:18:19.0 (9704207)|VARIABLE_SCOPE_BEGIN|[15]|q|Quote|true|false
14:18:19.0 (9718179)|VARIABLE_ASSIGNMENT|[15]|q|{"Name":"first quote","Id":"0Q0f40000009lJYCAY"}|0x969456f
14:18:19.0 (9724047)|STATEMENT_EXECUTE|[15]
14:18:19.0 (9725774)|STATEMENT_EXECUTE|[16]
14:18:19.0 (9736275)|HEAP_ALLOCATE|[16]|Bytes:31
14:18:19.0 (9746510)|USER_DEBUG|[16]|DEBUG|nombre de la quote: first quote
14:18:19.0 (9753985)|STATEMENT_EXECUTE|[17]
14:18:19.0 (9758504)|METHOD_ENTRY|[17]|01pf4000008WnsX|ViewQuotePDF.StringPDF(Quote)
14:18:19.0 (9764109)|VARIABLE_SCOPE_BEGIN|[35]|quote|Quote|true|false
14:18:19.0 (9774241)|VARIABLE_ASSIGNMENT|[35]|quote|{"Name":"first quote","Id":"0Q0f40000009lJYCAY"}|0x969456f
14:18:19.0 (9790423)|HEAP_ALLOCATE|[37]|Bytes:5
14:18:19.0 (9794500)|STATEMENT_EXECUTE|[35]
14:18:19.0 (9796033)|STATEMENT_EXECUTE|[36]
14:18:19.0 (9803521)|HEAP_ALLOCATE|[37]|Bytes:22
14:18:19.0 (9811450)|METHOD_EXIT|[17]|01pf4000008WnsX|ViewQuotePDF.StringPDF(Quote)
14:18:19.0 (10127860)|HEAP_ALLOCATE|[17]|Bytes:4
14:18:19.0 (10153483)|VARIABLE_ASSIGNMENT|[17]|b|BLOB(886 bytes)
14:18:19.0 (10168650)|HEAP_ALLOCATE|[15]|Bytes:5
14:18:19.0 (10181091)|HEAP_ALLOCATE|[15]|Bytes:12
14:18:19.0 (10188000)|VARIABLE_SCOPE_BEGIN|[15]|q|Quote|true|false
14:18:19.0 (10201778)|VARIABLE_ASSIGNMENT|[15]|q|{"Name":"first quote","Id":"0Q0f40000009lJJCAY"}|0x66aad9ef
14:18:19.0 (10207654)|STATEMENT_EXECUTE|[15]
14:18:19.0 (10209574)|STATEMENT_EXECUTE|[16]
14:18:19.0 (10220079)|HEAP_ALLOCATE|[16]|Bytes:31
14:18:19.0 (10229675)|USER_DEBUG|[16]|DEBUG|nombre de la quote: first quote
14:18:19.0 (10237319)|STATEMENT_EXECUTE|[17]
14:18:19.0 (10241813)|METHOD_ENTRY|[17]|01pf4000008WnsX|ViewQuotePDF.StringPDF(Quote)
14:18:19.0 (10247239)|VARIABLE_SCOPE_BEGIN|[35]|quote|Quote|true|false
14:18:19.0 (10257875)|VARIABLE_ASSIGNMENT|[35]|quote|{"Name":"first quote","Id":"0Q0f40000009lJJCAY"}|0x66aad9ef
14:18:19.0 (10272839)|HEAP_ALLOCATE|[37]|Bytes:5
14:18:19.0 (10276927)|STATEMENT_EXECUTE|[35]
14:18:19.0 (10278466)|STATEMENT_EXECUTE|[36]
14:18:19.0 (10285981)|HEAP_ALLOCATE|[37]|Bytes:22
14:18:19.0 (10293832)|METHOD_EXIT|[17]|01pf4000008WnsX|ViewQuotePDF.StringPDF(Quote)
14:18:19.0 (10564392)|HEAP_ALLOCATE|[17]|Bytes:4
14:18:19.0 (10588531)|VARIABLE_ASSIGNMENT|[17]|b|BLOB(886 bytes)
14:18:19.0 (10603545)|HEAP_ALLOCATE|[15]|Bytes:5
14:18:19.0 (10615580)|HEAP_ALLOCATE|[15]|Bytes:12
14:18:19.0 (10622288)|VARIABLE_SCOPE_BEGIN|[15]|q|Quote|true|false
14:18:19.0 (10635513)|VARIABLE_ASSIGNMENT|[15]|q|{"Name":"first quote","Id":"0Q0f40000009lJOCAY"}|0x59329100
14:18:19.0 (10641661)|STATEMENT_EXECUTE|[15]
14:18:19.0 (10643453)|STATEMENT_EXECUTE|[16]
14:18:19.0 (10653363)|HEAP_ALLOCATE|[16]|Bytes:31
14:18:19.0 (10662704)|USER_DEBUG|[16]|DEBUG|nombre de la quote: first quote
14:18:19.0 (10669885)|STATEMENT_EXECUTE|[17]
14:18:19.0 (10674191)|METHOD_ENTRY|[17]|01pf4000008WnsX|ViewQuotePDF.StringPDF(Quote)
14:18:19.0 (10680576)|VARIABLE_SCOPE_BEGIN|[35]|quote|Quote|true|false
14:18:19.0 (10691853)|VARIABLE_ASSIGNMENT|[35]|quote|{"Name":"first quote","Id":"0Q0f40000009lJOCAY"}|0x59329100
14:18:19.0 (10706600)|HEAP_ALLOCATE|[37]|Bytes:5
14:18:19.0 (10710843)|STATEMENT_EXECUTE|[35]
14:18:19.0 (10712347)|STATEMENT_EXECUTE|[36]
14:18:19.0 (10719106)|HEAP_ALLOCATE|[37]|Bytes:22
14:18:19.0 (10726203)|METHOD_EXIT|[17]|01pf4000008WnsX|ViewQuotePDF.StringPDF(Quote)
14:18:19.0 (14362655)|HEAP_ALLOCATE|[17]|Bytes:4
14:18:19.0 (14388589)|VARIABLE_ASSIGNMENT|[17]|b|BLOB(886 bytes)
14:18:19.0 (14404243)|HEAP_ALLOCATE|[15]|Bytes:5
14:18:19.0 (14416805)|HEAP_ALLOCATE|[15]|Bytes:12
14:18:19.0 (14423962)|VARIABLE_SCOPE_BEGIN|[15]|q|Quote|true|false
14:18:19.0 (14438509)|VARIABLE_ASSIGNMENT|[15]|q|{"Name":"first quote","Id":"0Q0f40000009lelCAA"}|0x70bfa313
14:18:19.0 (14445120)|STATEMENT_EXECUTE|[15]
14:18:19.0 (14446966)|STATEMENT_EXECUTE|[16]
14:18:19.0 (14457426)|HEAP_ALLOCATE|[16]|Bytes:31
14:18:19.0 (14466997)|USER_DEBUG|[16]|DEBUG|nombre de la quote: first quote
14:18:19.0 (14474564)|STATEMENT_EXECUTE|[17]
14:18:19.0 (14479041)|METHOD_ENTRY|[17]|01pf4000008WnsX|ViewQuotePDF.StringPDF(Quote)
14:18:19.0 (14485245)|VARIABLE_SCOPE_BEGIN|[35]|quote|Quote|true|false
14:18:19.0 (14495212)|VARIABLE_ASSIGNMENT|[35]|quote|{"Name":"first quote","Id":"0Q0f40000009lelCAA"}|0x70bfa313
14:18:19.0 (14514772)|HEAP_ALLOCATE|[37]|Bytes:5
14:18:19.0 (14519048)|STATEMENT_EXECUTE|[35]
14:18:19.0 (14520558)|STATEMENT_EXECUTE|[36]
14:18:19.0 (14531727)|HEAP_ALLOCATE|[37]|Bytes:22
14:18:19.0 (14540014)|METHOD_EXIT|[17]|01pf4000008WnsX|ViewQuotePDF.StringPDF(Quote)
14:18:19.0 (14818851)|HEAP_ALLOCATE|[17]|Bytes:4
14:18:19.0 (14843561)|VARIABLE_ASSIGNMENT|[17]|b|BLOB(886 bytes)
14:18:19.0 (14858569)|HEAP_ALLOCATE|[15]|Bytes:5
14:18:19.0 (14870712)|HEAP_ALLOCATE|[15]|Bytes:12
14:18:19.0 (14877602)|VARIABLE_SCOPE_BEGIN|[15]|q|Quote|true|false
14:18:19.0 (14891287)|VARIABLE_ASSIGNMENT|[15]|q|{"Name":"first quote","Id":"0Q0f40000009lemCAA"}|0x333ed256
14:18:19.0 (14897702)|STATEMENT_EXECUTE|[15]
14:18:19.0 (14899454)|STATEMENT_EXECUTE|[16]
14:18:19.0 (14909360)|HEAP_ALLOCATE|[16]|Bytes:31
14:18:19.0 (14918872)|USER_DEBUG|[16]|DEBUG|nombre de la quote: first quote
14:18:19.0 (14926506)|STATEMENT_EXECUTE|[17]
14:18:19.0 (14930967)|METHOD_ENTRY|[17]|01pf4000008WnsX|ViewQuotePDF.StringPDF(Quote)
14:18:19.0 (14936561)|VARIABLE_SCOPE_BEGIN|[35]|quote|Quote|true|false
14:18:19.0 (14947144)|VARIABLE_ASSIGNMENT|[35]|quote|{"Name":"first quote","Id":"0Q0f40000009lemCAA"}|0x333ed256
14:18:19.0 (14962544)|HEAP_ALLOCATE|[37]|Bytes:5
14:18:19.0 (14966702)|STATEMENT_EXECUTE|[35]
14:18:19.0 (14968205)|STATEMENT_EXECUTE|[36]
14:18:19.0 (14975185)|HEAP_ALLOCATE|[37]|Bytes:22
14:18:19.0 (14982609)|METHOD_EXIT|[17]|01pf4000008WnsX|ViewQuotePDF.StringPDF(Quote)
14:18:19.0 (15241285)|HEAP_ALLOCATE|[17]|Bytes:4
14:18:19.0 (15266293)|VARIABLE_ASSIGNMENT|[17]|b|BLOB(886 bytes)
14:18:19.0 (15281395)|HEAP_ALLOCATE|[15]|Bytes:5
14:18:19.0 (15293174)|HEAP_ALLOCATE|[15]|Bytes:12
14:18:19.0 (15299898)|VARIABLE_SCOPE_BEGIN|[15]|q|Quote|true|false
14:18:19.0 (15313048)|VARIABLE_ASSIGNMENT|[15]|q|{"Name":"first quote","Id":"0Q0f40000009VVICA2"}|0x36b007f
14:18:19.0 (15319041)|STATEMENT_EXECUTE|[15]
14:18:19.0 (15320727)|STATEMENT_EXECUTE|[16]
14:18:19.0 (15330390)|HEAP_ALLOCATE|[16]|Bytes:31
14:18:19.0 (15339581)|USER_DEBUG|[16]|DEBUG|nombre de la quote: first quote
14:18:19.0 (15346972)|STATEMENT_EXECUTE|[17]
14:18:19.0 (15351202)|METHOD_ENTRY|[17]|01pf4000008WnsX|ViewQuotePDF.StringPDF(Quote)
14:18:19.0 (15357055)|VARIABLE_SCOPE_BEGIN|[35]|quote|Quote|true|false
14:18:19.0 (15367201)|VARIABLE_ASSIGNMENT|[35]|quote|{"Name":"first quote","Id":"0Q0f40000009VVICA2"}|0x36b007f
14:18:19.0 (15381408)|HEAP_ALLOCATE|[37]|Bytes:5
14:18:19.0 (15385440)|STATEMENT_EXECUTE|[35]
14:18:19.0 (15387202)|STATEMENT_EXECUTE|[36]
14:18:19.0 (15394021)|HEAP_ALLOCATE|[37]|Bytes:22
14:18:19.0 (15401396)|METHOD_EXIT|[17]|01pf4000008WnsX|ViewQuotePDF.StringPDF(Quote)
14:18:19.0 (15705492)|HEAP_ALLOCATE|[17]|Bytes:4
14:18:19.0 (15730715)|VARIABLE_ASSIGNMENT|[17]|b|BLOB(886 bytes)
14:18:19.0 (15745886)|HEAP_ALLOCATE|[15]|Bytes:5
14:18:19.0 (15758053)|HEAP_ALLOCATE|[15]|Bytes:12
14:18:19.0 (15765038)|VARIABLE_SCOPE_BEGIN|[15]|q|Quote|true|false
14:18:19.0 (15779018)|VARIABLE_ASSIGNMENT|[15]|q|{"Name":"QUOTE 2","Id":"0Q0f40000009e7gCAA"}|0x4e9c3b83
14:18:19.0 (15785334)|STATEMENT_EXECUTE|[15]
14:18:19.0 (15787062)|STATEMENT_EXECUTE|[16]
14:18:19.0 (15797100)|HEAP_ALLOCATE|[16]|Bytes:27
14:18:19.0 (15806796)|USER_DEBUG|[16]|DEBUG|nombre de la quote: QUOTE 2
14:18:19.0 (15814660)|STATEMENT_EXECUTE|[17]
14:18:19.0 (15819091)|METHOD_ENTRY|[17]|01pf4000008WnsX|ViewQuotePDF.StringPDF(Quote)
14:18:19.0 (15824460)|VARIABLE_SCOPE_BEGIN|[35]|quote|Quote|true|false
14:18:19.0 (15834862)|VARIABLE_ASSIGNMENT|[35]|quote|{"Name":"QUOTE 2","Id":"0Q0f40000009e7gCAA"}|0x4e9c3b83
14:18:19.0 (15849645)|HEAP_ALLOCATE|[37]|Bytes:5
14:18:19.0 (15853635)|STATEMENT_EXECUTE|[35]
14:18:19.0 (15855197)|STATEMENT_EXECUTE|[36]
14:18:19.0 (15862211)|HEAP_ALLOCATE|[37]|Bytes:18
14:18:19.0 (15869682)|METHOD_EXIT|[17]|01pf4000008WnsX|ViewQuotePDF.StringPDF(Quote)
14:18:19.0 (16125784)|HEAP_ALLOCATE|[17]|Bytes:4
14:18:19.0 (16150111)|VARIABLE_ASSIGNMENT|[17]|b|BLOB(882 bytes)
14:18:19.0 (16165147)|HEAP_ALLOCATE|[15]|Bytes:5
14:18:19.0 (16177180)|HEAP_ALLOCATE|[15]|Bytes:12
14:18:19.0 (16183936)|VARIABLE_SCOPE_BEGIN|[15]|q|Quote|true|false
14:18:19.0 (16197041)|VARIABLE_ASSIGNMENT|[15]|q|{"Name":"QUOTE 2","Id":"0Q0f40000009kLKCAY"}|0x43b6be78
14:18:19.0 (16202603)|STATEMENT_EXECUTE|[15]
14:18:19.0 (16204358)|STATEMENT_EXECUTE|[16]
14:18:19.0 (16214090)|HEAP_ALLOCATE|[16]|Bytes:27
14:18:19.0 (16223186)|USER_DEBUG|[16]|DEBUG|nombre de la quote: QUOTE 2
14:18:19.0 (16230183)|STATEMENT_EXECUTE|[17]
14:18:19.0 (16234447)|METHOD_ENTRY|[17]|01pf4000008WnsX|ViewQuotePDF.StringPDF(Quote)
14:18:19.0 (16240388)|VARIABLE_SCOPE_BEGIN|[35]|quote|Quote|true|false
14:18:19.0 (16251354)|VARIABLE_ASSIGNMENT|[35]|quote|{"Name":"QUOTE 2","Id":"0Q0f40000009kLKCAY"}|0x43b6be78
14:18:19.0 (16265894)|HEAP_ALLOCATE|[37]|Bytes:5
14:18:19.0 (16270206)|STATEMENT_EXECUTE|[35]
14:18:19.0 (16271730)|STATEMENT_EXECUTE|[36]
14:18:19.0 (16278740)|HEAP_ALLOCATE|[37]|Bytes:18
14:18:19.0 (16286308)|METHOD_EXIT|[17]|01pf4000008WnsX|ViewQuotePDF.StringPDF(Quote)
14:18:19.0 (16549820)|HEAP_ALLOCATE|[17]|Bytes:4
14:18:19.0 (16573577)|VARIABLE_ASSIGNMENT|[17]|b|BLOB(882 bytes)
14:18:19.0 (16588263)|HEAP_ALLOCATE|[15]|Bytes:5
14:18:19.0 (16600054)|HEAP_ALLOCATE|[15]|Bytes:12
14:18:19.0 (16606480)|VARIABLE_SCOPE_BEGIN|[15]|q|Quote|true|false
14:18:19.0 (16619734)|VARIABLE_ASSIGNMENT|[15]|q|{"Name":"QUOTE 2","Id":"0Q0f40000009kLLCAY"}|0x65f783a
14:18:19.0 (16625861)|STATEMENT_EXECUTE|[15]
14:18:19.0 (16627480)|STATEMENT_EXECUTE|[16]
14:18:19.0 (16637175)|HEAP_ALLOCATE|[16]|Bytes:27
14:18:19.0 (16646515)|USER_DEBUG|[16]|DEBUG|nombre de la quote: QUOTE 2
14:18:19.0 (16654022)|STATEMENT_EXECUTE|[17]
14:18:19.0 (16658354)|METHOD_ENTRY|[17]|01pf4000008WnsX|ViewQuotePDF.StringPDF(Quote)
14:18:19.0 (16663835)|VARIABLE_SCOPE_BEGIN|[35]|quote|Quote|true|false
14:18:19.0 (16673965)|VARIABLE_ASSIGNMENT|[35]|quote|{"Name":"QUOTE 2","Id":"0Q0f40000009kLLCAY"}|0x65f783a
14:18:19.0 (16687989)|HEAP_ALLOCATE|[37]|Bytes:5
14:18:19.0 (16692600)|STATEMENT_EXECUTE|[35]
14:18:19.0 (16694177)|STATEMENT_EXECUTE|[36]
14:18:19.0 (16700952)|HEAP_ALLOCATE|[37]|Bytes:18
14:18:19.0 (16708077)|METHOD_EXIT|[17]|01pf4000008WnsX|ViewQuotePDF.StringPDF(Quote)
14:18:19.0 (16962207)|HEAP_ALLOCATE|[17]|Bytes:4
14:18:19.0 (16985310)|VARIABLE_ASSIGNMENT|[17]|b|BLOB(882 bytes)
14:18:19.0 (16999680)|HEAP_ALLOCATE|[15]|Bytes:5
14:18:19.0 (17011618)|HEAP_ALLOCATE|[15]|Bytes:12
14:18:19.0 (17019126)|VARIABLE_SCOPE_BEGIN|[15]|q|Quote|true|false
14:18:19.0 (17032125)|VARIABLE_ASSIGNMENT|[15]|q|{"Name":"QUOTE 2","Id":"0Q0f40000009kLeCAI"}|0x5dece876
14:18:19.0 (17038197)|STATEMENT_EXECUTE|[15]
14:18:19.0 (17039975)|STATEMENT_EXECUTE|[16]
14:18:19.0 (17049673)|HEAP_ALLOCATE|[16]|Bytes:27
14:18:19.0 (17058938)|USER_DEBUG|[16]|DEBUG|nombre de la quote: QUOTE 2
14:18:19.0 (17066309)|STATEMENT_EXECUTE|[17]
14:18:19.0 (17070647)|METHOD_ENTRY|[17]|01pf4000008WnsX|ViewQuotePDF.StringPDF(Quote)
14:18:19.0 (17076236)|VARIABLE_SCOPE_BEGIN|[35]|quote|Quote|true|false
14:18:19.0 (17086520)|VARIABLE_ASSIGNMENT|[35]|quote|{"Name":"QUOTE 2","Id":"0Q0f40000009kLeCAI"}|0x5dece876
14:18:19.0 (17100979)|HEAP_ALLOCATE|[37]|Bytes:5
14:18:19.0 (17105339)|STATEMENT_EXECUTE|[35]
14:18:19.0 (17106865)|STATEMENT_EXECUTE|[36]
14:18:19.0 (17113371)|HEAP_ALLOCATE|[37]|Bytes:18
14:18:19.0 (17120467)|METHOD_EXIT|[17]|01pf4000008WnsX|ViewQuotePDF.StringPDF(Quote)
14:18:19.0 (17375526)|HEAP_ALLOCATE|[17]|Bytes:4
14:18:19.0 (17398833)|VARIABLE_ASSIGNMENT|[17]|b|BLOB(882 bytes)
14:18:19.0 (17413756)|HEAP_ALLOCATE|[15]|Bytes:5
14:18:19.0 (17425696)|HEAP_ALLOCATE|[15]|Bytes:12
14:18:19.0 (17432273)|VARIABLE_SCOPE_BEGIN|[15]|q|Quote|true|false
14:18:19.0 (17445500)|VARIABLE_ASSIGNMENT|[15]|q|{"Name":"QUOTE 2","Id":"0Q0f40000009kLfCAI"}|0x7283906b
14:18:19.0 (17451650)|STATEMENT_EXECUTE|[15]
14:18:19.0 (17453273)|STATEMENT_EXECUTE|[16]
14:18:19.0 (17463107)|HEAP_ALLOCATE|[16]|Bytes:27
14:18:19.0 (17472322)|USER_DEBUG|[16]|DEBUG|nombre de la quote: QUOTE 2
14:18:19.0 (17479700)|STATEMENT_EXECUTE|[17]
14:18:19.0 (17483914)|METHOD_ENTRY|[17]|01pf4000008WnsX|ViewQuotePDF.StringPDF(Quote)
14:18:19.0 (17489591)|VARIABLE_SCOPE_BEGIN|[35]|quote|Quote|true|false
14:18:19.0 (17499841)|VARIABLE_ASSIGNMENT|[35]|quote|{"Name":"QUOTE 2","Id":"0Q0f40000009kLfCAI"}|0x7283906b
14:18:19.0 (17519802)|HEAP_ALLOCATE|[37]|Bytes:5
14:18:19.0 (17524167)|STATEMENT_EXECUTE|[35]
14:18:19.0 (17525674)|STATEMENT_EXECUTE|[36]
14:18:19.0 (17532829)|HEAP_ALLOCATE|[37]|Bytes:18
14:18:19.0 (17540388)|METHOD_EXIT|[17]|01pf4000008WnsX|ViewQuotePDF.StringPDF(Quote)
14:18:19.0 (17802418)|HEAP_ALLOCATE|[17]|Bytes:4
14:18:19.0 (17825757)|VARIABLE_ASSIGNMENT|[17]|b|BLOB(882 bytes)
14:18:19.0 (17840299)|HEAP_ALLOCATE|[15]|Bytes:5
14:18:19.0 (17855215)|HEAP_ALLOCATE|[15]|Bytes:12
14:18:19.0 (17862116)|VARIABLE_SCOPE_BEGIN|[15]|q|Quote|true|false
14:18:19.0 (17875011)|VARIABLE_ASSIGNMENT|[15]|q|{"Name":"QUOTE 2","Id":"0Q0f40000009kMDCAY"}|0x430b53d
14:18:19.0 (17881142)|STATEMENT_EXECUTE|[15]
14:18:19.0 (17883094)|STATEMENT_EXECUTE|[16]
14:18:19.0 (17893207)|HEAP_ALLOCATE|[16]|Bytes:27
14:18:19.0 (17902079)|USER_DEBUG|[16]|DEBUG|nombre de la quote: QUOTE 2
14:18:19.0 (17909437)|STATEMENT_EXECUTE|[17]
14:18:19.0 (17913833)|METHOD_ENTRY|[17]|01pf4000008WnsX|ViewQuotePDF.StringPDF(Quote)
14:18:19.0 (17919430)|VARIABLE_SCOPE_BEGIN|[35]|quote|Quote|true|false
14:18:19.0 (17929525)|VARIABLE_ASSIGNMENT|[35]|quote|{"Name":"QUOTE 2","Id":"0Q0f40000009kMDCAY"}|0x430b53d
14:18:19.0 (17943530)|HEAP_ALLOCATE|[37]|Bytes:5
14:18:19.0 (17947546)|STATEMENT_EXECUTE|[35]
14:18:19.0 (17949258)|STATEMENT_EXECUTE|[36]
14:18:19.0 (17955913)|HEAP_ALLOCATE|[37]|Bytes:18
14:18:19.0 (17963015)|METHOD_EXIT|[17]|01pf4000008WnsX|ViewQuotePDF.StringPDF(Quote)
14:18:19.0 (18215651)|HEAP_ALLOCATE|[17]|Bytes:4
14:18:19.0 (18239563)|VARIABLE_ASSIGNMENT|[17]|b|BLOB(882 bytes)
14:18:19.0 (18254212)|HEAP_ALLOCATE|[15]|Bytes:5
14:18:19.0 (18265482)|HEAP_ALLOCATE|[15]|Bytes:12
14:18:19.0 (18271887)|VARIABLE_SCOPE_BEGIN|[15]|q|Quote|true|false
14:18:19.0 (18285721)|VARIABLE_ASSIGNMENT|[15]|q|{"Name":"QUOTE 2","Id":"0Q0f40000009kLtCAI"}|0x79538329
14:18:19.0 (18291365)|STATEMENT_EXECUTE|[15]
14:18:19.0 (18293213)|STATEMENT_EXECUTE|[16]
14:18:19.0 (18302805)|HEAP_ALLOCATE|[16]|Bytes:27
14:18:19.0 (18311857)|USER_DEBUG|[16]|DEBUG|nombre de la quote: QUOTE 2
14:18:19.0 (18319300)|STATEMENT_EXECUTE|[17]
14:18:19.0 (18323707)|METHOD_ENTRY|[17]|01pf4000008WnsX|ViewQuotePDF.StringPDF(Quote)
14:18:19.0 (18328627)|VARIABLE_SCOPE_BEGIN|[35]|quote|Quote|true|false
14:18:19.0 (18338290)|VARIABLE_ASSIGNMENT|[35]|quote|{"Name":"QUOTE 2","Id":"0Q0f40000009kLtCAI"}|0x79538329
14:18:19.0 (18351927)|HEAP_ALLOCATE|[37]|Bytes:5
14:18:19.0 (18356338)|STATEMENT_EXECUTE|[35]
14:18:19.0 (18357857)|STATEMENT_EXECUTE|[36]
14:18:19.0 (18364900)|HEAP_ALLOCATE|[37]|Bytes:18
14:18:19.0 (18372276)|METHOD_EXIT|[17]|01pf4000008WnsX|ViewQuotePDF.StringPDF(Quote)
14:18:19.0 (18639525)|HEAP_ALLOCATE|[17]|Bytes:4
14:18:19.0 (18663008)|VARIABLE_ASSIGNMENT|[17]|b|BLOB(882 bytes)
14:18:19.0 (18678637)|HEAP_ALLOCATE|[15]|Bytes:5
14:18:19.0 (18690004)|HEAP_ALLOCATE|[15]|Bytes:12
14:18:19.0 (18696583)|VARIABLE_SCOPE_BEGIN|[15]|q|Quote|true|false
14:18:19.0 (18712948)|VARIABLE_ASSIGNMENT|[15]|q|{"Name":"QUOTE 2","Id":"0Q0f40000009kLuCAI"}|0x43466b2d
14:18:19.0 (18718472)|STATEMENT_EXECUTE|[15]
14:18:19.0 (18720328)|STATEMENT_EXECUTE|[16]
14:18:19.0 (18730775)|HEAP_ALLOCATE|[16]|Bytes:27
14:18:19.0 (18740420)|USER_DEBUG|[16]|DEBUG|nombre de la quote: QUOTE 2
14:18:19.0 (18747826)|STATEMENT_EXECUTE|[17]
14:18:19.0 (18752186)|METHOD_ENTRY|[17]|01pf4000008WnsX|ViewQuotePDF.StringPDF(Quote)
14:18:19.0 (18757205)|VARIABLE_SCOPE_BEGIN|[35]|quote|Quote|true|false
14:18:19.0 (18768211)|VARIABLE_ASSIGNMENT|[35]|quote|{"Name":"QUOTE 2","Id":"0Q0f40000009kLuCAI"}|0x43466b2d
14:18:19.0 (18798818)|HEAP_ALLOCATE|[37]|Bytes:5
14:18:19.0 (18804000)|STATEMENT_EXECUTE|[35]
14:18:19.0 (18805562)|STATEMENT_EXECUTE|[36]
14:18:19.0 (18813703)|HEAP_ALLOCATE|[37]|Bytes:18
14:18:19.0 (18821911)|METHOD_EXIT|[17]|01pf4000008WnsX|ViewQuotePDF.StringPDF(Quote)
14:18:19.0 (19114771)|HEAP_ALLOCATE|[17]|Bytes:4
14:18:19.0 (19140549)|VARIABLE_ASSIGNMENT|[17]|b|BLOB(882 bytes)
14:18:19.0 (19156262)|HEAP_ALLOCATE|[15]|Bytes:5
14:18:19.0 (19168271)|HEAP_ALLOCATE|[15]|Bytes:12
14:18:19.0 (19175143)|VARIABLE_SCOPE_BEGIN|[15]|q|Quote|true|false
14:18:19.0 (19188518)|VARIABLE_ASSIGNMENT|[15]|q|{"Name":"QUOTE 2","Id":"0Q0f40000009kLACAY"}|0x2da8abe6
14:18:19.0 (19194003)|STATEMENT_EXECUTE|[15]
14:18:19.0 (19195996)|STATEMENT_EXECUTE|[16]
14:18:19.0 (19206486)|HEAP_ALLOCATE|[16]|Bytes:27
14:18:19.0 (19215972)|USER_DEBUG|[16]|DEBUG|nombre de la quote: QUOTE 2
14:18:19.0 (19223218)|STATEMENT_EXECUTE|[17]
14:18:19.0 (19227470)|METHOD_ENTRY|[17]|01pf4000008WnsX|ViewQuotePDF.StringPDF(Quote)
14:18:19.0 (19233360)|VARIABLE_SCOPE_BEGIN|[35]|quote|Quote|true|false
14:18:19.0 (19244583)|VARIABLE_ASSIGNMENT|[35]|quote|{"Name":"QUOTE 2","Id":"0Q0f40000009kLACAY"}|0x2da8abe6
14:18:19.0 (19258923)|HEAP_ALLOCATE|[37]|Bytes:5
14:18:19.0 (19263044)|STATEMENT_EXECUTE|[35]
14:18:19.0 (19264583)|STATEMENT_EXECUTE|[36]
14:18:19.0 (19271430)|HEAP_ALLOCATE|[37]|Bytes:18
14:18:19.0 (19279303)|METHOD_EXIT|[17]|01pf4000008WnsX|ViewQuotePDF.StringPDF(Quote)
14:18:19.0 (19555455)|HEAP_ALLOCATE|[17]|Bytes:4
14:18:19.0 (19579767)|VARIABLE_ASSIGNMENT|[17]|b|BLOB(882 bytes)
14:18:19.0 (19594661)|HEAP_ALLOCATE|[15]|Bytes:5
14:18:19.0 (19606437)|HEAP_ALLOCATE|[15]|Bytes:12
14:18:19.0 (19612862)|VARIABLE_SCOPE_BEGIN|[15]|q|Quote|true|false
14:18:19.0 (19626318)|VARIABLE_ASSIGNMENT|[15]|q|{"Name":"QUOTE 2","Id":"0Q0f40000009kM3CAI"}|0x2cb07a33
14:18:19.0 (19631954)|STATEMENT_EXECUTE|[15]
14:18:19.0 (19633652)|STATEMENT_EXECUTE|[16]
14:18:19.0 (19644164)|HEAP_ALLOCATE|[16]|Bytes:27
14:18:19.0 (19653142)|USER_DEBUG|[16]|DEBUG|nombre de la quote: QUOTE 2
14:18:19.0 (19660387)|STATEMENT_EXECUTE|[17]
14:18:19.0 (19664598)|METHOD_ENTRY|[17]|01pf4000008WnsX|ViewQuotePDF.StringPDF(Quote)
14:18:19.0 (19669765)|VARIABLE_SCOPE_BEGIN|[35]|quote|Quote|true|false
14:18:19.0 (19680440)|VARIABLE_ASSIGNMENT|[35]|quote|{"Name":"QUOTE 2","Id":"0Q0f40000009kM3CAI"}|0x2cb07a33
14:18:19.0 (19694244)|HEAP_ALLOCATE|[37]|Bytes:5
14:18:19.0 (19698801)|STATEMENT_EXECUTE|[35]
14:18:19.0 (19700314)|STATEMENT_EXECUTE|[36]
14:18:19.0 (19707149)|HEAP_ALLOCATE|[37]|Bytes:18
14:18:19.0 (19714416)|METHOD_EXIT|[17]|01pf4000008WnsX|ViewQuotePDF.StringPDF(Quote)
14:18:19.0 (19972115)|HEAP_ALLOCATE|[17]|Bytes:4
14:18:19.0 (19995203)|VARIABLE_ASSIGNMENT|[17]|b|BLOB(882 bytes)
14:18:19.0 (20010211)|HEAP_ALLOCATE|[15]|Bytes:5
14:18:19.0 (20022605)|HEAP_ALLOCATE|[15]|Bytes:12
14:18:19.0 (20029447)|VARIABLE_SCOPE_BEGIN|[15]|q|Quote|true|false
14:18:19.0 (20042866)|VARIABLE_ASSIGNMENT|[15]|q|{"Name":"QUOTE 2","Id":"0Q0f40000009kMNCAY"}|0x499ffe47
14:18:19.0 (20048237)|STATEMENT_EXECUTE|[15]
14:18:19.0 (20049837)|STATEMENT_EXECUTE|[16]
14:18:19.0 (20060065)|HEAP_ALLOCATE|[16]|Bytes:27
14:18:19.0 (20069467)|USER_DEBUG|[16]|DEBUG|nombre de la quote: QUOTE 2
14:18:19.0 (20076917)|STATEMENT_EXECUTE|[17]
14:18:19.0 (20081332)|METHOD_ENTRY|[17]|01pf4000008WnsX|ViewQuotePDF.StringPDF(Quote)
14:18:19.0 (20086325)|VARIABLE_SCOPE_BEGIN|[35]|quote|Quote|true|false
14:18:19.0 (20096717)|VARIABLE_ASSIGNMENT|[35]|quote|{"Name":"QUOTE 2","Id":"0Q0f40000009kMNCAY"}|0x499ffe47
14:18:19.0 (20110122)|HEAP_ALLOCATE|[37]|Bytes:5
14:18:19.0 (20114258)|STATEMENT_EXECUTE|[35]
14:18:19.0 (20115742)|STATEMENT_EXECUTE|[36]
14:18:19.0 (20122439)|HEAP_ALLOCATE|[37]|Bytes:18
14:18:19.0 (20130138)|METHOD_EXIT|[17]|01pf4000008WnsX|ViewQuotePDF.StringPDF(Quote)
14:18:19.0 (27958823)|HEAP_ALLOCATE|[17]|Bytes:4
14:18:19.0 (27993899)|VARIABLE_ASSIGNMENT|[17]|b|BLOB(882 bytes)
14:18:19.0 (28012957)|HEAP_ALLOCATE|[15]|Bytes:5
14:18:19.0 (28027640)|HEAP_ALLOCATE|[15]|Bytes:12
14:18:19.0 (28045930)|VARIABLE_SCOPE_BEGIN|[15]|q|Quote|true|false
14:18:19.0 (28061345)|VARIABLE_ASSIGNMENT|[15]|q|{"Name":"QUOTE 2","Id":"0Q0f40000009kMICAY"}|0x39f0eb5a
14:18:19.0 (28067646)|STATEMENT_EXECUTE|[15]
14:18:19.0 (28069784)|STATEMENT_EXECUTE|[16]
14:18:19.0 (28082993)|HEAP_ALLOCATE|[16]|Bytes:27
14:18:19.0 (28093704)|USER_DEBUG|[16]|DEBUG|nombre de la quote: QUOTE 2
14:18:19.0 (28101256)|STATEMENT_EXECUTE|[17]
14:18:19.0 (28107107)|METHOD_ENTRY|[17]|01pf4000008WnsX|ViewQuotePDF.StringPDF(Quote)
14:18:19.0 (28112824)|VARIABLE_SCOPE_BEGIN|[35]|quote|Quote|true|false
14:18:19.0 (28123965)|VARIABLE_ASSIGNMENT|[35]|quote|{"Name":"QUOTE 2","Id":"0Q0f40000009kMICAY"}|0x39f0eb5a
14:18:19.0 (28139294)|HEAP_ALLOCATE|[37]|Bytes:5
14:18:19.0 (28143865)|STATEMENT_EXECUTE|[35]
14:18:19.0 (28145428)|STATEMENT_EXECUTE|[36]
14:18:19.0 (28152631)|HEAP_ALLOCATE|[37]|Bytes:18
14:18:19.0 (28160698)|METHOD_EXIT|[17]|01pf4000008WnsX|ViewQuotePDF.StringPDF(Quote)
14:18:19.0 (28471634)|HEAP_ALLOCATE|[17]|Bytes:4
14:18:19.0 (28497687)|VARIABLE_ASSIGNMENT|[17]|b|BLOB(882 bytes)
14:18:19.0 (28519242)|HEAP_ALLOCATE|[15]|Bytes:5
14:18:19.0 (28532439)|HEAP_ALLOCATE|[15]|Bytes:12
14:18:19.0 (28539366)|VARIABLE_SCOPE_BEGIN|[15]|q|Quote|true|false
14:18:19.0 (28553615)|VARIABLE_ASSIGNMENT|[15]|q|{"Name":"QUOTE 2","Id":"0Q0f40000009kMJCAY"}|0x51ef8019
14:18:19.0 (28559085)|STATEMENT_EXECUTE|[15]
14:18:19.0 (28560922)|STATEMENT_EXECUTE|[16]
14:18:19.0 (28571179)|HEAP_ALLOCATE|[16]|Bytes:27
14:18:19.0 (28580750)|USER_DEBUG|[16]|DEBUG|nombre de la quote: QUOTE 2
14:18:19.0 (28588584)|STATEMENT_EXECUTE|[17]
14:18:19.0 (28593151)|METHOD_ENTRY|[17]|01pf4000008WnsX|ViewQuotePDF.StringPDF(Quote)
14:18:19.0 (28598510)|VARIABLE_SCOPE_BEGIN|[35]|quote|Quote|true|false
14:18:19.0 (28609047)|VARIABLE_ASSIGNMENT|[35]|quote|{"Name":"QUOTE 2","Id":"0Q0f40000009kMJCAY"}|0x51ef8019
14:18:19.0 (28623839)|HEAP_ALLOCATE|[37]|Bytes:5
14:18:19.0 (28627934)|STATEMENT_EXECUTE|[35]
14:18:19.0 (28629494)|STATEMENT_EXECUTE|[36]
14:18:19.0 (28636197)|HEAP_ALLOCATE|[37]|Bytes:18
14:18:19.0 (28644589)|METHOD_EXIT|[17]|01pf4000008WnsX|ViewQuotePDF.StringPDF(Quote)
14:18:19.0 (31741384)|HEAP_ALLOCATE|[17]|Bytes:4
14:18:19.0 (31773876)|VARIABLE_ASSIGNMENT|[17]|b|BLOB(882 bytes)
14:18:19.0 (31790701)|HEAP_ALLOCATE|[15]|Bytes:5
14:18:19.0 (31804550)|HEAP_ALLOCATE|[15]|Bytes:12
14:18:19.0 (31812145)|VARIABLE_SCOPE_BEGIN|[15]|q|Quote|true|false
14:18:19.0 (31826944)|VARIABLE_ASSIGNMENT|[15]|q|{"Name":"QUOTE 2","Id":"0Q0f40000009kKvCAI"}|0x7e2119f5
14:18:19.0 (31833384)|STATEMENT_EXECUTE|[15]
14:18:19.0 (31835290)|STATEMENT_EXECUTE|[16]
14:18:19.0 (31846586)|HEAP_ALLOCATE|[16]|Bytes:27
14:18:19.0 (31857327)|USER_DEBUG|[16]|DEBUG|nombre de la quote: QUOTE 2
14:18:19.0 (31865166)|STATEMENT_EXECUTE|[17]
14:18:19.0 (31869772)|METHOD_ENTRY|[17]|01pf4000008WnsX|ViewQuotePDF.StringPDF(Quote)
14:18:19.0 (31875670)|VARIABLE_SCOPE_BEGIN|[35]|quote|Quote|true|false
14:18:19.0 (31887099)|VARIABLE_ASSIGNMENT|[35]|quote|{"Name":"QUOTE 2","Id":"0Q0f40000009kKvCAI"}|0x7e2119f5
14:18:19.0 (31902954)|HEAP_ALLOCATE|[37]|Bytes:5
14:18:19.0 (31907031)|STATEMENT_EXECUTE|[35]
14:18:19.0 (31908735)|STATEMENT_EXECUTE|[36]
14:18:19.0 (31916358)|HEAP_ALLOCATE|[37]|Bytes:18
14:18:19.0 (31924814)|METHOD_EXIT|[17]|01pf4000008WnsX|ViewQuotePDF.StringPDF(Quote)
14:18:19.0 (32186516)|HEAP_ALLOCATE|[17]|Bytes:4
14:18:19.0 (32211373)|VARIABLE_ASSIGNMENT|[17]|b|BLOB(882 bytes)
14:18:19.0 (32226792)|HEAP_ALLOCATE|[15]|Bytes:5
14:18:19.0 (32239080)|HEAP_ALLOCATE|[15]|Bytes:12
14:18:19.0 (32246003)|VARIABLE_SCOPE_BEGIN|[15]|q|Quote|true|false
14:18:19.0 (32259635)|VARIABLE_ASSIGNMENT|[15]|q|{"Name":"QUOTE 2","Id":"0Q0f40000009kKqCAI"}|0x48fabdb0
14:18:19.0 (32265640)|STATEMENT_EXECUTE|[15]
14:18:19.0 (32267323)|STATEMENT_EXECUTE|[16]
14:18:19.0 (32277237)|HEAP_ALLOCATE|[16]|Bytes:27
14:18:19.0 (32286866)|USER_DEBUG|[16]|DEBUG|nombre de la quote: QUOTE 2
14:18:19.0 (32294345)|STATEMENT_EXECUTE|[17]
14:18:19.0 (32302327)|METHOD_ENTRY|[17]|01pf4000008WnsX|ViewQuotePDF.StringPDF(Quote)
14:18:19.0 (32308183)|VARIABLE_SCOPE_BEGIN|[35]|quote|Quote|true|false
14:18:19.0 (32318835)|VARIABLE_ASSIGNMENT|[35]|quote|{"Name":"QUOTE 2","Id":"0Q0f40000009kKqCAI"}|0x48fabdb0
14:18:19.0 (32333333)|HEAP_ALLOCATE|[37]|Bytes:5
14:18:19.0 (32337376)|STATEMENT_EXECUTE|[35]
14:18:19.0 (32338922)|STATEMENT_EXECUTE|[36]
14:18:19.0 (32345821)|HEAP_ALLOCATE|[37]|Bytes:18
14:18:19.0 (32353777)|METHOD_EXIT|[17]|01pf4000008WnsX|ViewQuotePDF.StringPDF(Quote)
14:18:19.0 (32636400)|HEAP_ALLOCATE|[17]|Bytes:4
14:18:19.0 (32660960)|VARIABLE_ASSIGNMENT|[17]|b|BLOB(882 bytes)
14:18:19.0 (32676360)|HEAP_ALLOCATE|[15]|Bytes:5
14:18:19.0 (32688324)|HEAP_ALLOCATE|[15]|Bytes:12
14:18:19.0 (32695372)|VARIABLE_SCOPE_BEGIN|[15]|q|Quote|true|false
14:18:19.0 (32709457)|VARIABLE_ASSIGNMENT|[15]|q|{"Name":"QUOTE 2","Id":"0Q0f40000009kKWCAY"}|0x76ee35ce
14:18:19.0 (32714746)|STATEMENT_EXECUTE|[15]
14:18:19.0 (32716467)|STATEMENT_EXECUTE|[16]
14:18:19.0 (32726610)|HEAP_ALLOCATE|[16]|Bytes:27
14:18:19.0 (32736439)|USER_DEBUG|[16]|DEBUG|nombre de la quote: QUOTE 2
14:18:19.0 (32744000)|STATEMENT_EXECUTE|[17]
14:18:19.0 (32748465)|METHOD_ENTRY|[17]|01pf4000008WnsX|ViewQuotePDF.StringPDF(Quote)
14:18:19.0 (32753687)|VARIABLE_SCOPE_BEGIN|[35]|quote|Quote|true|false
14:18:19.0 (32764037)|VARIABLE_ASSIGNMENT|[35]|quote|{"Name":"QUOTE 2","Id":"0Q0f40000009kKWCAY"}|0x76ee35ce
14:18:19.0 (32778128)|HEAP_ALLOCATE|[37]|Bytes:5
14:18:19.0 (32782513)|STATEMENT_EXECUTE|[35]
14:18:19.0 (32784075)|STATEMENT_EXECUTE|[36]
14:18:19.0 (32790605)|HEAP_ALLOCATE|[37]|Bytes:18
14:18:19.0 (32798550)|METHOD_EXIT|[17]|01pf4000008WnsX|ViewQuotePDF.StringPDF(Quote)
14:18:19.0 (33076719)|HEAP_ALLOCATE|[17]|Bytes:4
14:18:19.0 (33119460)|VARIABLE_ASSIGNMENT|[17]|b|BLOB(882 bytes)
14:18:19.0 (33135648)|HEAP_ALLOCATE|[15]|Bytes:5
14:18:19.0 (33147953)|HEAP_ALLOCATE|[15]|Bytes:12
14:18:19.0 (33154861)|VARIABLE_SCOPE_BEGIN|[15]|q|Quote|true|false
14:18:19.0 (33169080)|VARIABLE_ASSIGNMENT|[15]|q|{"Name":"QUOTE 2","Id":"0Q0f40000009kL0CAI"}|0x5bac9c42
14:18:19.0 (33174566)|STATEMENT_EXECUTE|[15]
14:18:19.0 (33176194)|STATEMENT_EXECUTE|[16]
14:18:19.0 (33186557)|HEAP_ALLOCATE|[16]|Bytes:27
14:18:19.0 (33195952)|USER_DEBUG|[16]|DEBUG|nombre de la quote: QUOTE 2
14:18:19.0 (33203866)|STATEMENT_EXECUTE|[17]
14:18:19.0 (33208476)|METHOD_ENTRY|[17]|01pf4000008WnsX|ViewQuotePDF.StringPDF(Quote)
14:18:19.0 (33213506)|VARIABLE_SCOPE_BEGIN|[35]|quote|Quote|true|false
14:18:19.0 (33224252)|VARIABLE_ASSIGNMENT|[35]|quote|{"Name":"QUOTE 2","Id":"0Q0f40000009kL0CAI"}|0x5bac9c42
14:18:19.0 (33238247)|HEAP_ALLOCATE|[37]|Bytes:5
14:18:19.0 (33242509)|STATEMENT_EXECUTE|[35]
14:18:19.0 (33244023)|STATEMENT_EXECUTE|[36]
14:18:19.0 (33250985)|HEAP_ALLOCATE|[37]|Bytes:18
14:18:19.0 (33259008)|METHOD_EXIT|[17]|01pf4000008WnsX|ViewQuotePDF.StringPDF(Quote)
14:18:19.0 (33520217)|HEAP_ALLOCATE|[17]|Bytes:4
14:18:19.0 (33544006)|VARIABLE_ASSIGNMENT|[17]|b|BLOB(882 bytes)
14:18:19.0 (33558704)|HEAP_ALLOCATE|[15]|Bytes:5
14:18:19.0 (33570630)|HEAP_ALLOCATE|[15]|Bytes:12
14:18:19.0 (33577319)|VARIABLE_SCOPE_BEGIN|[15]|q|Quote|true|false
14:18:19.0 (33590410)|VARIABLE_ASSIGNMENT|[15]|q|{"Name":"QUOTE 2","Id":"0Q0f40000009kLyCAI"}|0x2d34d873
14:18:19.0 (33596176)|STATEMENT_EXECUTE|[15]
14:18:19.0 (33597835)|STATEMENT_EXECUTE|[16]
14:18:19.0 (33607840)|HEAP_ALLOCATE|[16]|Bytes:27
14:18:19.0 (33617195)|USER_DEBUG|[16]|DEBUG|nombre de la quote: QUOTE 2
14:18:19.0 (33625021)|STATEMENT_EXECUTE|[17]
14:18:19.0 (33629406)|METHOD_ENTRY|[17]|01pf4000008WnsX|ViewQuotePDF.StringPDF(Quote)
14:18:19.0 (33634503)|VARIABLE_SCOPE_BEGIN|[35]|quote|Quote|true|false
14:18:19.0 (33644865)|VARIABLE_ASSIGNMENT|[35]|quote|{"Name":"QUOTE 2","Id":"0Q0f40000009kLyCAI"}|0x2d34d873
14:18:19.0 (33658948)|HEAP_ALLOCATE|[37]|Bytes:5
14:18:19.0 (33662981)|STATEMENT_EXECUTE|[35]
14:18:19.0 (33664517)|STATEMENT_EXECUTE|[36]
14:18:19.0 (33671472)|HEAP_ALLOCATE|[37]|Bytes:18
14:18:19.0 (33679330)|METHOD_EXIT|[17]|01pf4000008WnsX|ViewQuotePDF.StringPDF(Quote)
14:18:19.0 (33929604)|HEAP_ALLOCATE|[17]|Bytes:4
14:18:19.0 (33953263)|VARIABLE_ASSIGNMENT|[17]|b|BLOB(882 bytes)
14:18:19.0 (33968184)|HEAP_ALLOCATE|[15]|Bytes:5
14:18:19.0 (33980350)|HEAP_ALLOCATE|[15]|Bytes:12
14:18:19.0 (33986938)|VARIABLE_SCOPE_BEGIN|[15]|q|Quote|true|false
14:18:19.0 (34000431)|VARIABLE_ASSIGNMENT|[15]|q|{"Name":"QUOTE 2","Id":"0Q0f40000009kM8CAI"}|0x303ee758
14:18:19.0 (34007215)|STATEMENT_EXECUTE|[15]
14:18:19.0 (34008896)|STATEMENT_EXECUTE|[16]
14:18:19.0 (34018992)|HEAP_ALLOCATE|[16]|Bytes:27
14:18:19.0 (34028089)|USER_DEBUG|[16]|DEBUG|nombre de la quote: QUOTE 2
14:18:19.0 (34035611)|STATEMENT_EXECUTE|[17]
14:18:19.0 (34040083)|METHOD_ENTRY|[17]|01pf4000008WnsX|ViewQuotePDF.StringPDF(Quote)
14:18:19.0 (34045822)|VARIABLE_SCOPE_BEGIN|[35]|quote|Quote|true|false
14:18:19.0 (34056450)|VARIABLE_ASSIGNMENT|[35]|quote|{"Name":"QUOTE 2","Id":"0Q0f40000009kM8CAI"}|0x303ee758
14:18:19.0 (34070513)|HEAP_ALLOCATE|[37]|Bytes:5
14:18:19.0 (34075033)|STATEMENT_EXECUTE|[35]
14:18:19.0 (34076599)|STATEMENT_EXECUTE|[36]
14:18:19.0 (34083531)|HEAP_ALLOCATE|[37]|Bytes:18
14:18:19.0 (34090945)|METHOD_EXIT|[17]|01pf4000008WnsX|ViewQuotePDF.StringPDF(Quote)
14:18:19.0 (34344835)|HEAP_ALLOCATE|[17]|Bytes:4
14:18:19.0 (34368250)|VARIABLE_ASSIGNMENT|[17]|b|BLOB(882 bytes)
14:18:19.0 (34383601)|HEAP_ALLOCATE|[15]|Bytes:5
14:18:19.0 (34396044)|HEAP_ALLOCATE|[15]|Bytes:12
14:18:19.0 (34402765)|VARIABLE_SCOPE_BEGIN|[15]|q|Quote|true|false
14:18:19.0 (34416111)|VARIABLE_ASSIGNMENT|[15]|q|{"Name":"QUOTE 2","Id":"0Q0f40000009kLZCAY"}|0x3779f4d4
14:18:19.0 (34422063)|STATEMENT_EXECUTE|[15]
14:18:19.0 (34423749)|STATEMENT_EXECUTE|[16]
14:18:19.0 (34434211)|HEAP_ALLOCATE|[16]|Bytes:27
14:18:19.0 (34443120)|USER_DEBUG|[16]|DEBUG|nombre de la quote: QUOTE 2
14:18:19.0 (34450869)|STATEMENT_EXECUTE|[17]
14:18:19.0 (34455246)|METHOD_ENTRY|[17]|01pf4000008WnsX|ViewQuotePDF.StringPDF(Quote)
14:18:19.0 (34460477)|VARIABLE_SCOPE_BEGIN|[35]|quote|Quote|true|false
14:18:19.0 (34470669)|VARIABLE_ASSIGNMENT|[35]|quote|{"Name":"QUOTE 2","Id":"0Q0f40000009kLZCAY"}|0x3779f4d4
14:18:19.0 (34484744)|HEAP_ALLOCATE|[37]|Bytes:5
14:18:19.0 (34489126)|STATEMENT_EXECUTE|[35]
14:18:19.0 (34490723)|STATEMENT_EXECUTE|[36]
14:18:19.0 (34497768)|HEAP_ALLOCATE|[37]|Bytes:18
14:18:19.0 (34504958)|METHOD_EXIT|[17]|01pf4000008WnsX|ViewQuotePDF.StringPDF(Quote)
14:18:19.0 (34781243)|HEAP_ALLOCATE|[17]|Bytes:4
14:18:19.0 (34805309)|VARIABLE_ASSIGNMENT|[17]|b|BLOB(882 bytes)
14:18:19.0 (34820431)|HEAP_ALLOCATE|[15]|Bytes:5
14:18:19.0 (34833319)|HEAP_ALLOCATE|[15]|Bytes:12
14:18:19.0 (34840006)|VARIABLE_SCOPE_BEGIN|[15]|q|Quote|true|false
14:18:19.0 (34853907)|VARIABLE_ASSIGNMENT|[15]|q|{"Name":"QUOTE 2","Id":"0Q0f40000009kLaCAI"}|0x88820f5
14:18:19.0 (34859548)|STATEMENT_EXECUTE|[15]
14:18:19.0 (34861160)|STATEMENT_EXECUTE|[16]
14:18:19.0 (34871142)|HEAP_ALLOCATE|[16]|Bytes:27
14:18:19.0 (34880178)|USER_DEBUG|[16]|DEBUG|nombre de la quote: QUOTE 2
14:18:19.0 (34887752)|STATEMENT_EXECUTE|[17]
14:18:19.0 (34892007)|METHOD_ENTRY|[17]|01pf4000008WnsX|ViewQuotePDF.StringPDF(Quote)
14:18:19.0 (34897755)|VARIABLE_SCOPE_BEGIN|[35]|quote|Quote|true|false
14:18:19.0 (34908433)|VARIABLE_ASSIGNMENT|[35]|quote|{"Name":"QUOTE 2","Id":"0Q0f40000009kLaCAI"}|0x88820f5
14:18:19.0 (34922582)|HEAP_ALLOCATE|[37]|Bytes:5
14:18:19.0 (34927124)|STATEMENT_EXECUTE|[35]
14:18:19.0 (34928720)|STATEMENT_EXECUTE|[36]
14:18:19.0 (34935396)|HEAP_ALLOCATE|[37]|Bytes:18
14:18:19.0 (34942623)|METHOD_EXIT|[17]|01pf4000008WnsX|ViewQuotePDF.StringPDF(Quote)
14:18:19.0 (35201944)|HEAP_ALLOCATE|[17]|Bytes:4
14:18:19.0 (35226608)|VARIABLE_ASSIGNMENT|[17]|b|BLOB(882 bytes)
14:18:19.0 (35241587)|HEAP_ALLOCATE|[15]|Bytes:5
14:18:19.0 (35253676)|HEAP_ALLOCATE|[15]|Bytes:12
14:18:19.0 (35260333)|VARIABLE_SCOPE_BEGIN|[15]|q|Quote|true|false
14:18:19.0 (35273497)|VARIABLE_ASSIGNMENT|[15]|q|{"Name":"QUOTE 2","Id":"0Q0f40000009kLUCAY"}|0x37496d7
14:18:19.0 (35279554)|STATEMENT_EXECUTE|[15]
14:18:19.0 (35281254)|STATEMENT_EXECUTE|[16]
14:18:19.0 (35290748)|HEAP_ALLOCATE|[16]|Bytes:27
14:18:19.0 (35299746)|USER_DEBUG|[16]|DEBUG|nombre de la quote: QUOTE 2
14:18:19.0 (35307145)|STATEMENT_EXECUTE|[17]
14:18:19.0 (35311615)|METHOD_ENTRY|[17]|01pf4000008WnsX|ViewQuotePDF.StringPDF(Quote)
14:18:19.0 (35316878)|VARIABLE_SCOPE_BEGIN|[35]|quote|Quote|true|false
14:18:19.0 (35327237)|VARIABLE_ASSIGNMENT|[35]|quote|{"Name":"QUOTE 2","Id":"0Q0f40000009kLUCAY"}|0x37496d7
14:18:19.0 (35341602)|HEAP_ALLOCATE|[37]|Bytes:5
14:18:19.0 (35348550)|STATEMENT_EXECUTE|[35]
14:18:19.0 (35350150)|STATEMENT_EXECUTE|[36]
14:18:19.0 (35357299)|HEAP_ALLOCATE|[37]|Bytes:18
14:18:19.0 (35365021)|METHOD_EXIT|[17]|01pf4000008WnsX|ViewQuotePDF.StringPDF(Quote)
14:18:19.0 (35622073)|HEAP_ALLOCATE|[17]|Bytes:4
14:18:19.0 (35645818)|VARIABLE_ASSIGNMENT|[17]|b|BLOB(882 bytes)
14:18:19.0 (35660187)|HEAP_ALLOCATE|[15]|Bytes:5
14:18:19.0 (35671928)|HEAP_ALLOCATE|[15]|Bytes:12
14:18:19.0 (35679330)|VARIABLE_SCOPE_BEGIN|[15]|q|Quote|true|false
14:18:19.0 (35693415)|VARIABLE_ASSIGNMENT|[15]|q|{"Name":"QUOTE 2","Id":"0Q0f40000009kLFCAY"}|0x4437b5c6
14:18:19.0 (35698900)|STATEMENT_EXECUTE|[15]
14:18:19.0 (35700509)|STATEMENT_EXECUTE|[16]
14:18:19.0 (35710178)|HEAP_ALLOCATE|[16]|Bytes:27
14:18:19.0 (35719400)|USER_DEBUG|[16]|DEBUG|nombre de la quote: QUOTE 2
14:18:19.0 (35726764)|STATEMENT_EXECUTE|[17]
14:18:19.0 (35731536)|METHOD_ENTRY|[17]|01pf4000008WnsX|ViewQuotePDF.StringPDF(Quote)
14:18:19.0 (35736845)|VARIABLE_SCOPE_BEGIN|[35]|quote|Quote|true|false
14:18:19.0 (35746956)|VARIABLE_ASSIGNMENT|[35]|quote|{"Name":"QUOTE 2","Id":"0Q0f40000009kLFCAY"}|0x4437b5c6
14:18:19.0 (35760885)|HEAP_ALLOCATE|[37]|Bytes:5
14:18:19.0 (35764897)|STATEMENT_EXECUTE|[35]
14:18:19.0 (35766429)|STATEMENT_EXECUTE|[36]
14:18:19.0 (35773426)|HEAP_ALLOCATE|[37]|Bytes:18
14:18:19.0 (35781549)|METHOD_EXIT|[17]|01pf4000008WnsX|ViewQuotePDF.StringPDF(Quote)
14:18:19.0 (36063956)|HEAP_ALLOCATE|[17]|Bytes:4
14:18:19.0 (36088948)|VARIABLE_ASSIGNMENT|[17]|b|BLOB(882 bytes)
14:18:19.0 (36104118)|HEAP_ALLOCATE|[15]|Bytes:5
14:18:19.0 (36116198)|HEAP_ALLOCATE|[15]|Bytes:12
14:18:19.0 (36123310)|VARIABLE_SCOPE_BEGIN|[15]|q|Quote|true|false
14:18:19.0 (36136843)|VARIABLE_ASSIGNMENT|[15]|q|{"Name":"QUOTE 2","Id":"0Q0f40000009kLoCAI"}|0x3c9036c0
14:18:19.0 (36142274)|STATEMENT_EXECUTE|[15]
14:18:19.0 (36143966)|STATEMENT_EXECUTE|[16]
14:18:19.0 (36153698)|HEAP_ALLOCATE|[16]|Bytes:27
14:18:19.0 (36162877)|USER_DEBUG|[16]|DEBUG|nombre de la quote: QUOTE 2
14:18:19.0 (36170171)|STATEMENT_EXECUTE|[17]
14:18:19.0 (36174943)|METHOD_ENTRY|[17]|01pf4000008WnsX|ViewQuotePDF.StringPDF(Quote)
14:18:19.0 (36180364)|VARIABLE_SCOPE_BEGIN|[35]|quote|Quote|true|false
14:18:19.0 (36190760)|VARIABLE_ASSIGNMENT|[35]|quote|{"Name":"QUOTE 2","Id":"0Q0f40000009kLoCAI"}|0x3c9036c0
14:18:19.0 (36204976)|HEAP_ALLOCATE|[37]|Bytes:5
14:18:19.0 (36208980)|STATEMENT_EXECUTE|[35]
14:18:19.0 (36210509)|STATEMENT_EXECUTE|[36]
14:18:19.0 (36217394)|HEAP_ALLOCATE|[37]|Bytes:18
14:18:19.0 (36224668)|METHOD_EXIT|[17]|01pf4000008WnsX|ViewQuotePDF.StringPDF(Quote)
14:18:19.0 (36480344)|HEAP_ALLOCATE|[17]|Bytes:4
14:18:19.0 (36503525)|VARIABLE_ASSIGNMENT|[17]|b|BLOB(882 bytes)
14:18:19.0 (36523535)|HEAP_ALLOCATE|[15]|Bytes:5
14:18:19.0 (36536207)|HEAP_ALLOCATE|[15]|Bytes:12
14:18:19.0 (36542774)|VARIABLE_SCOPE_BEGIN|[15]|q|Quote|true|false
14:18:19.0 (36556265)|VARIABLE_ASSIGNMENT|[15]|q|{"Name":"QUOTE 2","Id":"0Q0f40000009kMSCAY"}|0x7556362f
14:18:19.0 (36561472)|STATEMENT_EXECUTE|[15]
14:18:19.0 (36563116)|STATEMENT_EXECUTE|[16]
14:18:19.0 (36573206)|HEAP_ALLOCATE|[16]|Bytes:27
14:18:19.0 (36582461)|USER_DEBUG|[16]|DEBUG|nombre de la quote: QUOTE 2
14:18:19.0 (36589728)|STATEMENT_EXECUTE|[17]
14:18:19.0 (36594185)|METHOD_ENTRY|[17]|01pf4000008WnsX|ViewQuotePDF.StringPDF(Quote)
14:18:19.0 (36599656)|VARIABLE_SCOPE_BEGIN|[35]|quote|Quote|true|false
14:18:19.0 (36609885)|VARIABLE_ASSIGNMENT|[35]|quote|{"Name":"QUOTE 2","Id":"0Q0f40000009kMSCAY"}|0x7556362f
14:18:19.0 (36624046)|HEAP_ALLOCATE|[37]|Bytes:5
14:18:19.0 (36628467)|STATEMENT_EXECUTE|[35]
14:18:19.0 (36629978)|STATEMENT_EXECUTE|[36]
14:18:19.0 (36636752)|HEAP_ALLOCATE|[37]|Bytes:18
14:18:19.0 (36644166)|METHOD_EXIT|[17]|01pf4000008WnsX|ViewQuotePDF.StringPDF(Quote)
14:18:19.0 (37212720)|HEAP_ALLOCATE|[17]|Bytes:4
14:18:19.0 (37238550)|VARIABLE_ASSIGNMENT|[17]|b|BLOB(882 bytes)
14:18:19.0 (37253943)|HEAP_ALLOCATE|[15]|Bytes:5
14:18:19.0 (37265995)|VARIABLE_ASSIGNMENT|[15]|q|null|
14:18:19.0 (37272164)|STATEMENT_EXECUTE|[19]
14:18:19.0 (37276038)|HEAP_ALLOCATE|[19]|Bytes:53
14:18:19.0 (37297873)|HEAP_ALLOCATE|[19]|Bytes:4
14:18:19.0 (37308807)|HEAP_ALLOCATE|[19]|Bytes:7
14:18:19.0 (37351562)|HEAP_ALLOCATE|[19]|Bytes:12
14:18:19.0 (38098601)|SOQL_EXECUTE_BEGIN|[19]|Aggregations:0|SELECT Body FROM Attachment WHERE ParentId = :tmpVar1
14:18:19.0 (41254980)|SOQL_EXECUTE_END|[19]|Rows:0
14:18:19.0 (41277918)|HEAP_ALLOCATE|[19]|Bytes:4
14:18:19.0 (41287027)|HEAP_ALLOCATE|[19]|Bytes:0
14:18:19.0 (41366432)|HEAP_ALLOCATE|[19]|Bytes:4
14:18:19.0 (41378164)|VARIABLE_SCOPE_BEGIN|[19]|attachements|List<Attachment>|true|false
14:18:19.0 (41394336)|VARIABLE_ASSIGNMENT|[19]|attachements|[]|0x29e4c6b4
14:18:19.0 (41400396)|STATEMENT_EXECUTE|[21]
14:18:19.0 (41404755)|HEAP_ALLOCATE|[21]|Bytes:21
14:18:19.0 (41430719)|USER_DEBUG|[21]|DEBUG|before blob to string
14:18:19.0 (41439452)|STATEMENT_EXECUTE|[27]
14:18:19.0 (41493956)|HEAP_ALLOCATE|[27]|Bytes:15
14:18:19.0 (41512563)|SYSTEM_METHOD_ENTRY|[1]|EncodingUtil.EncodingUtil()
14:18:19.0 (41516769)|STATEMENT_EXECUTE|[1]
14:18:19.0 (41525720)|SYSTEM_METHOD_EXIT|[1]|EncodingUtil
14:18:19.0 (41536849)|METHOD_ENTRY|[27]||System.EncodingUtil.base64Encode(Blob)
14:18:19.0 (41609092)|METHOD_EXIT|[27]||System.EncodingUtil.base64Encode(Blob)
14:18:19.0 (41621102)|SYSTEM_MODE_EXIT|false
14:18:19.41 (41647341)|CUMULATIVE_LIMIT_USAGE
14:18:19.41 (41647341)|LIMIT_USAGE_FOR_NS|(default)|
  Number of SOQL queries: 2 out of 100
  Number of query rows: 32 out of 50000
  Number of SOSL queries: 0 out of 20
  Number of DML statements: 0 out of 150
  Number of DML rows: 0 out of 10000
  Maximum CPU time: 0 out of 10000
  Maximum heap size: 0 out of 6000000
  Number of callouts: 0 out of 100
  Number of Email Invocations: 0 out of 10
  Number of future calls: 0 out of 50
  Number of queueable jobs added to the queue: 0 out of 50
  Number of Mobile Apex push calls: 0 out of 10

14:18:19.41 (41647341)|CUMULATIVE_LIMIT_USAGE_END

14:18:19.0 (41676063)|CODE_UNIT_FINISHED|ViewQuotePDF.getPDF
14:18:19.0 (41733779)|CODE_UNIT_FINISHED|Aura
14:18:19.0 (43204166)|EXECUTION_FINISHED
