42.0 APEX_CODE,FINEST;APEX_PROFILING,INFO;CALLOUT,INFO;DB,INFO;SYSTEM,DEBUG;VALIDATION,INFO;VISUALFORCE,INFO;WAVE,INFO;WORKFLOW,INFO
Execute Anonymous: CloneQuote.cloneQuote('0Q0f40000009bwtCAA');
12:58:34.1 (1030840)|USER_INFO|[EXTERNAL]|005f4000001uuP2|nmolinam@deloitte.com|Hora de Venezuela|GMT-04:00
12:58:34.1 (1048731)|EXECUTION_STARTED
12:58:34.1 (1052947)|CODE_UNIT_STARTED|[EXTERNAL]|execute_anonymous_apex
12:58:34.1 (1223155)|HEAP_ALLOCATE|[72]|Bytes:3
12:58:34.1 (1256792)|HEAP_ALLOCATE|[77]|Bytes:152
12:58:34.1 (1272259)|HEAP_ALLOCATE|[342]|Bytes:408
12:58:34.1 (1283630)|HEAP_ALLOCATE|[355]|Bytes:408
12:58:34.1 (1294056)|HEAP_ALLOCATE|[467]|Bytes:48
12:58:34.1 (1319128)|HEAP_ALLOCATE|[139]|Bytes:6
12:58:34.1 (1335548)|HEAP_ALLOCATE|[EXTERNAL]|Bytes:1
12:58:34.1 (1422783)|STATEMENT_EXECUTE|[1]
12:58:34.1 (1425677)|STATEMENT_EXECUTE|[1]
12:58:34.1 (1428352)|HEAP_ALLOCATE|[1]|Bytes:18
12:58:34.1 (1444735)|HEAP_ALLOCATE|[1]|Bytes:4
12:58:34.1 (1492395)|HEAP_ALLOCATE|[50]|Bytes:5
12:58:34.1 (1514508)|HEAP_ALLOCATE|[56]|Bytes:5
12:58:34.1 (1525878)|HEAP_ALLOCATE|[64]|Bytes:7
12:58:34.1 (1560566)|SYSTEM_MODE_ENTER|false
12:58:34.1 (1582316)|HEAP_ALLOCATE|[1]|Bytes:5
12:58:34.1 (2760593)|HEAP_ALLOCATE|[1]|Bytes:1
12:58:34.1 (2770822)|HEAP_ALLOCATE|[1]|Bytes:2
12:58:34.1 (2784404)|METHOD_ENTRY|[1]|01pf4000009Vx35|CloneQuote.CloneQuote()
12:58:34.1 (2790837)|STATEMENT_EXECUTE|[1]
12:58:34.1 (2795007)|STATEMENT_EXECUTE|[1]
12:58:34.1 (2804753)|HEAP_ALLOCATE|[1]|Bytes:5
12:58:34.1 (2814640)|METHOD_EXIT|[1]|CloneQuote
12:58:34.1 (2838395)|METHOD_ENTRY|[1]|01pf4000009Vx35|CloneQuote.cloneQuote(Id)
12:58:34.1 (2864336)|VARIABLE_SCOPE_BEGIN|[3]|quoteId|Id|false|false
12:58:34.1 (2986332)|VARIABLE_ASSIGNMENT|[3]|quoteId|"0Q0f40000009bwtCAA"
12:58:34.1 (3004819)|HEAP_ALLOCATE|[6]|Bytes:5
12:58:34.1 (3011158)|STATEMENT_EXECUTE|[3]
12:58:34.1 (3013022)|STATEMENT_EXECUTE|[4]
12:58:34.1 (3015794)|HEAP_ALLOCATE|[6]|Bytes:95
12:58:34.1 (3033972)|HEAP_ALLOCATE|[6]|Bytes:4
12:58:34.1 (3046671)|HEAP_ALLOCATE|[6]|Bytes:7
12:58:34.1 (3403262)|SOQL_EXECUTE_BEGIN|[6]|Aggregations:1|SELECT Name, OPPORTUNITYiD, (SELECT QuoteId FROM QuoteLineItems) FROM QUOTE WHERE ID = :tmpVar1
12:58:34.1 (7559419)|SOQL_EXECUTE_END|[6]|Rows:1
12:58:34.1 (7587815)|HEAP_ALLOCATE|[6]|Bytes:8
12:58:34.1 (7610693)|HEAP_ALLOCATE|[6]|Bytes:213
12:58:34.1 (7710878)|HEAP_ALLOCATE|[6]|Bytes:8
12:58:34.1 (7722166)|HEAP_ALLOCATE|[4]|Bytes:31
12:58:34.1 (7767334)|HEAP_ALLOCATE|[4]|Bytes:20
12:58:34.1 (7774246)|VARIABLE_SCOPE_BEGIN|[4]|q1|Quote|true|false
12:58:34.1 (7808815)|VARIABLE_ASSIGNMENT|[4]|q1|{"Name":"QUOTE 2","OpportunityId":"006f400000AO4MJAA1","Id":"0Q0f40000009bwtCAA","QuoteLineItems":[{"QuoteId":"0Q0f40000009bwtCAA","Id":"0QLf4000000sNKqGAM"},{"QuoteId":"0Q0f40000009bwtCAA","Id":"0QLf4000000sNKrGAM"}]}|0x170e6dfb
12:58:34.1 (7818204)|STATEMENT_EXECUTE|[10]
12:58:34.1 (7911843)|HEAP_ALLOCATE|[10]|Bytes:188
12:58:34.1 (7917513)|HEAP_ALLOCATE|[10]|Bytes:16
12:58:34.1 (7934684)|VARIABLE_SCOPE_BEGIN|[10]|q2|Quote|true|false
12:58:34.1 (7950951)|VARIABLE_ASSIGNMENT|[10]|q2|{"Name":"QUOTE 2","OpportunityId":"006f400000AO4MJAA1","QuoteLineItems":[{"QuoteId":"0Q0f40000009bwtCAA","Id":"0QLf4000000sNKqGAM"},{"QuoteId":"0Q0f40000009bwtCAA","Id":"0QLf4000000sNKrGAM"}]}|0x65f43303
12:58:34.1 (7957792)|STATEMENT_EXECUTE|[12]
12:58:34.1 (7981839)|HEAP_ALLOCATE|[12]|Bytes:8
12:58:34.1 (7992531)|DML_BEGIN|[12]|Op:Insert|Type:Quote|Rows:1
12:58:34.1 (8019994)|HEAP_ALLOCATE|[EXTERNAL]|Bytes:8
12:58:34.1 (47528912)|DML_END|[12]
12:58:34.1 (47787614)|HEAP_ALLOCATE|[12]|Bytes:-4
12:58:34.1 (47806289)|STATEMENT_EXECUTE|[13]
12:58:34.1 (47833874)|VARIABLE_SCOPE_BEGIN|[13]|idQuote|Id|false|false
12:58:34.1 (47910431)|VARIABLE_ASSIGNMENT|[13]|idQuote|"0Q0f40000009e8ZCAQ"
12:58:34.1 (47917394)|STATEMENT_EXECUTE|[15]
12:58:34.1 (47923014)|HEAP_ALLOCATE|[15]|Bytes:14
12:58:34.1 (47930020)|HEAP_ALLOCATE|[15]|Bytes:13
12:58:34.1 (47975061)|HEAP_ALLOCATE|[EXTERNAL]|Bytes:12
12:58:34.1 (48033225)|HEAP_ALLOCATE|[15]|Bytes:12
12:58:34.1 (48064542)|VARIABLE_SCOPE_BEGIN|[15]|items|List<QuoteLineItem>|true|false
12:58:34.1 (48095744)|VARIABLE_ASSIGNMENT|[15]|items|[{"QuoteId":"0Q0f40000009bwtCAA","Id":"0QLf4000000sNKqGAM"},{"QuoteId":"0Q0f40000009bwtCAA","Id":"0QLf4000000sNKrGAM"}]|0x72d4158e
12:58:34.1 (48285817)|HEAP_ALLOCATE|[17]|Bytes:5
12:58:34.1 (48303337)|HEAP_ALLOCATE|[17]|Bytes:12
12:58:34.1 (48311232)|VARIABLE_SCOPE_BEGIN|[17]|i|QuoteLineItem|true|false
12:58:34.1 (48325525)|VARIABLE_ASSIGNMENT|[17]|i|{"QuoteId":"0Q0f40000009bwtCAA","Id":"0QLf4000000sNKqGAM"}|0x71ac1d40
12:58:34.1 (48331795)|STATEMENT_EXECUTE|[17]
12:58:34.1 (48333855)|STATEMENT_EXECUTE|[18]
12:58:34.1 (48353217)|HEAP_ALLOCATE|[18]|Bytes:4
12:58:34.1 (48462532)|VARIABLE_ASSIGNMENT|[18]|this.QuoteId|"0Q0f40000009e8ZCAQ"|0x79bb96e5
12:58:34.1 (48484077)|VARIABLE_SCOPE_BEGIN|[18]|ql|QuoteLineItem|true|false
12:58:34.1 (48497973)|VARIABLE_ASSIGNMENT|[18]|ql|{"QuoteId":"0Q0f40000009e8ZCAQ"}|0x79bb96e5
12:58:34.1 (48503474)|STATEMENT_EXECUTE|[19]
12:58:34.1 (48509452)|VARIABLE_ASSIGNMENT|[19]|ql|{"QuoteId":"0Q0f40000009bwtCAA","Id":"0QLf4000000sNKqGAM"}|0x71ac1d40
12:58:34.1 (48514602)|STATEMENT_EXECUTE|[20]
12:58:34.1 (48518319)|HEAP_ALLOCATE|[20]|Bytes:8
12:58:34.1 (48596367)|HEAP_ALLOCATE|[20]|Bytes:65
12:58:34.1 (48617577)|HEAP_ALLOCATE|[20]|Bytes:73
12:58:34.1 (48636261)|USER_DEBUG|[20]|DEBUG|ql id : QuoteLineItem:{QuoteId=0Q0f40000009bwtCAA, Id=0QLf4000000sNKqGAM}
12:58:34.1 (48644722)|STATEMENT_EXECUTE|[22]
12:58:34.1 (48658787)|HEAP_ALLOCATE|[22]|Bytes:8
12:58:34.1 (48669881)|DML_BEGIN|[22]|Op:Insert|Type:QuoteLineItem|Rows:1
12:58:34.1 (48702098)|HEAP_ALLOCATE|[EXTERNAL]|Bytes:8
12:58:34.1 (49311376)|DML_END|[22]
12:58:34.1 (49428375)|VF_PAGE_MESSAGE|cannot specify Id in an insert call
12:58:34.1 (49496623)|EXCEPTION_THROWN|[22]|System.DmlException: Insert failed. First exception on row 0 with id 0QLf4000000sNKqGAM; first error: INVALID_FIELD_FOR_INSERT_UPDATE, cannot specify Id in an insert call: [Id]
12:58:34.1 (49788877)|HEAP_ALLOCATE|[22]|Bytes:159
12:58:34.1 (49810341)|METHOD_EXIT|[1]|01pf4000009Vx35|CloneQuote.cloneQuote(Id)
12:58:34.1 (49819391)|SYSTEM_MODE_EXIT|false
12:58:34.1 (49888283)|FATAL_ERROR|System.DmlException: Insert failed. First exception on row 0 with id 0QLf4000000sNKqGAM; first error: INVALID_FIELD_FOR_INSERT_UPDATE, cannot specify Id in an insert call: [Id]

Class.CloneQuote.cloneQuote: line 22, column 1
AnonymousBlock: line 1, column 1
AnonymousBlock: line 1, column 1
12:58:34.49 (49913055)|CUMULATIVE_LIMIT_USAGE
12:58:34.49 (49913055)|LIMIT_USAGE_FOR_NS|(default)|
  Number of SOQL queries: 1 out of 100
  Number of query rows: 3 out of 50000
  Number of SOSL queries: 0 out of 20
  Number of DML statements: 2 out of 150
  Number of DML rows: 2 out of 10000
  Maximum CPU time: 0 out of 10000
  Maximum heap size: 0 out of 6000000
  Number of callouts: 0 out of 100
  Number of Email Invocations: 0 out of 10
  Number of future calls: 0 out of 50
  Number of queueable jobs added to the queue: 0 out of 50
  Number of Mobile Apex push calls: 0 out of 10

12:58:34.49 (49913055)|CUMULATIVE_LIMIT_USAGE_END

12:58:34.1 (49942563)|CODE_UNIT_FINISHED|execute_anonymous_apex
12:58:34.1 (51009346)|EXECUTION_FINISHED
