42.0 APEX_CODE,FINEST;APEX_PROFILING,INFO;CALLOUT,INFO;DB,INFO;SYSTEM,DEBUG;VALIDATION,INFO;VISUALFORCE,INFO;WAVE,INFO;WORKFLOW,INFO
Execute Anonymous: CloneQuote.cloneQuote('0Q0f40000009bwtCAA');
13:29:32.1 (1084463)|USER_INFO|[EXTERNAL]|005f4000001uuP2|nmolinam@deloitte.com|Hora de Venezuela|GMT-04:00
13:29:32.1 (1109798)|EXECUTION_STARTED
13:29:32.1 (1115663)|CODE_UNIT_STARTED|[EXTERNAL]|execute_anonymous_apex
13:29:32.1 (1335004)|HEAP_ALLOCATE|[72]|Bytes:3
13:29:32.1 (1376278)|HEAP_ALLOCATE|[77]|Bytes:152
13:29:32.1 (1392207)|HEAP_ALLOCATE|[342]|Bytes:408
13:29:32.1 (1404857)|HEAP_ALLOCATE|[355]|Bytes:408
13:29:32.1 (1415622)|HEAP_ALLOCATE|[467]|Bytes:48
13:29:32.1 (1443562)|HEAP_ALLOCATE|[139]|Bytes:6
13:29:32.1 (1459695)|HEAP_ALLOCATE|[EXTERNAL]|Bytes:1
13:29:32.1 (1559688)|STATEMENT_EXECUTE|[1]
13:29:32.1 (1562868)|STATEMENT_EXECUTE|[1]
13:29:32.1 (1566711)|HEAP_ALLOCATE|[1]|Bytes:18
13:29:32.1 (1585474)|HEAP_ALLOCATE|[1]|Bytes:4
13:29:32.1 (1638881)|HEAP_ALLOCATE|[50]|Bytes:5
13:29:32.1 (1660507)|HEAP_ALLOCATE|[56]|Bytes:5
13:29:32.1 (1667514)|HEAP_ALLOCATE|[64]|Bytes:7
13:29:32.1 (1689648)|SYSTEM_MODE_ENTER|false
13:29:32.1 (1711566)|HEAP_ALLOCATE|[1]|Bytes:5
13:29:32.1 (7961010)|HEAP_ALLOCATE|[1]|Bytes:1
13:29:32.1 (7971092)|HEAP_ALLOCATE|[1]|Bytes:5
13:29:32.1 (7985560)|METHOD_ENTRY|[1]|01pf4000009Vx35|CloneQuote.CloneQuote()
13:29:32.1 (7992275)|STATEMENT_EXECUTE|[1]
13:29:32.1 (7996280)|STATEMENT_EXECUTE|[1]
13:29:32.1 (8007512)|HEAP_ALLOCATE|[1]|Bytes:5
13:29:32.1 (8020640)|METHOD_EXIT|[1]|CloneQuote
13:29:32.1 (8047447)|METHOD_ENTRY|[1]|01pf4000009Vx35|CloneQuote.cloneQuote(Id)
13:29:32.1 (8077421)|VARIABLE_SCOPE_BEGIN|[3]|quoteId|Id|false|false
13:29:32.1 (8261965)|VARIABLE_ASSIGNMENT|[3]|quoteId|"0Q0f40000009bwtCAA"
13:29:32.1 (8282218)|HEAP_ALLOCATE|[6]|Bytes:5
13:29:32.1 (8287774)|STATEMENT_EXECUTE|[3]
13:29:32.1 (8289523)|STATEMENT_EXECUTE|[4]
13:29:32.1 (8292986)|HEAP_ALLOCATE|[6]|Bytes:172
13:29:32.1 (8316343)|HEAP_ALLOCATE|[6]|Bytes:4
13:29:32.1 (8330593)|HEAP_ALLOCATE|[6]|Bytes:7
13:29:32.1 (8760601)|SOQL_EXECUTE_BEGIN|[6]|Aggregations:1|SELECT Name, OPPORTUNITYiD, Pricebook2Id, (SELECT QuoteId, Description, Discount, PricebookEntryId, Quantity, Product2Id FROM QuoteLineItems) FROM QUOTE WHERE ID = :tmpVar1
13:29:32.1 (21550423)|SOQL_EXECUTE_END|[6]|Rows:1
13:29:32.1 (21589585)|HEAP_ALLOCATE|[6]|Bytes:8
13:29:32.1 (21620807)|HEAP_ALLOCATE|[6]|Bytes:483
13:29:32.1 (21773849)|HEAP_ALLOCATE|[6]|Bytes:8
13:29:32.1 (21798695)|HEAP_ALLOCATE|[4]|Bytes:31
13:29:32.1 (21870442)|HEAP_ALLOCATE|[4]|Bytes:24
13:29:32.1 (21882044)|VARIABLE_SCOPE_BEGIN|[4]|q1|Quote|true|false
13:29:32.1 (21930254)|VARIABLE_ASSIGNMENT|[4]|q1|{"Name":"QUOTE 2","OpportunityId":"006f400000AO4MJAA1","Pricebook2Id":"01sf4000003Vb8JAAS","Id":"0Q0f40000009bwtCAA","QuoteLineItems":[{"QuoteId":"0Q0f40000009bwtCAA","Id":"0QLf4000000sNKqGAM","PricebookEntryId":"01uf4000002Sio9AAC","Quantity":1.00,"Product2Id":"01tf4000001E5PCAA0"},{"QuoteId":"0Q0f40000009bwtCAA","Id":"0QLf4000000sNKrGAM","PricebookEntryId":"01uf4000002SioGAAS","Quantity":3.00,"Product2Id":"01tf4000001E5PJAA0"}]}|0x411d2623
13:29:32.1 (21943217)|STATEMENT_EXECUTE|[11]
13:29:32.1 (22055482)|HEAP_ALLOCATE|[11]|Bytes:458
13:29:32.1 (22061813)|HEAP_ALLOCATE|[11]|Bytes:20
13:29:32.1 (22079575)|VARIABLE_SCOPE_BEGIN|[11]|q2|Quote|true|false
13:29:32.1 (22100302)|VARIABLE_ASSIGNMENT|[11]|q2|{"Name":"QUOTE 2","OpportunityId":"006f400000AO4MJAA1","Pricebook2Id":"01sf4000003Vb8JAAS","QuoteLineItems":[{"QuoteId":"0Q0f40000009bwtCAA","Id":"0QLf4000000sNKqGAM","PricebookEntryId":"01uf4000002Sio9AAC","Quantity":1.00,"Product2Id":"01tf4000001E5PCAA0"},{"QuoteId":"0Q0f40000009bwtCAA","Id":"0QLf4000000sNKrGAM","PricebookEntryId":"01uf4000002SioGAAS","Quantity":3.00,"Product2Id":"01tf4000001E5PJAA0"}]}|0x3d06cb40
13:29:32.1 (22110002)|STATEMENT_EXECUTE|[12]
13:29:32.1 (22186567)|VARIABLE_ASSIGNMENT|[12]|this.Pricebook2Id|"01sf4000003Vb8JAAS"|0x3d06cb40
13:29:32.1 (22193607)|STATEMENT_EXECUTE|[13]
13:29:32.1 (22197552)|HEAP_ALLOCATE|[13]|Bytes:7
13:29:32.1 (22261444)|HEAP_ALLOCATE|[13]|Bytes:87
13:29:32.1 (22281443)|HEAP_ALLOCATE|[13]|Bytes:94
13:29:32.1 (22307378)|USER_DEBUG|[13]|DEBUG|QUOTE: Quote:{Name=QUOTE 2, OpportunityId=006f400000AO4MJAA1, Pricebook2Id=01sf4000003Vb8JAAS}
13:29:32.1 (22316367)|STATEMENT_EXECUTE|[14]
13:29:32.1 (22337462)|HEAP_ALLOCATE|[14]|Bytes:8
13:29:32.1 (22347984)|DML_BEGIN|[14]|Op:Insert|Type:Quote|Rows:1
13:29:32.1 (22377663)|HEAP_ALLOCATE|[EXTERNAL]|Bytes:8
13:29:32.1 (64939007)|DML_END|[14]
13:29:32.1 (64954526)|HEAP_ALLOCATE|[14]|Bytes:-4
13:29:32.1 (64977524)|STATEMENT_EXECUTE|[15]
13:29:32.1 (65005298)|VARIABLE_SCOPE_BEGIN|[15]|idQuote|Id|false|false
13:29:32.1 (65088801)|VARIABLE_ASSIGNMENT|[15]|idQuote|"0Q0f40000009eA1CAI"
13:29:32.1 (65095311)|STATEMENT_EXECUTE|[18]
13:29:32.1 (65100506)|HEAP_ALLOCATE|[18]|Bytes:14
13:29:32.1 (65107742)|HEAP_ALLOCATE|[18]|Bytes:13
13:29:32.1 (65148733)|HEAP_ALLOCATE|[EXTERNAL]|Bytes:12
13:29:32.1 (65218608)|HEAP_ALLOCATE|[18]|Bytes:12
13:29:32.1 (65230327)|VARIABLE_SCOPE_BEGIN|[18]|items|List<QuoteLineItem>|true|false
13:29:32.1 (65266904)|VARIABLE_ASSIGNMENT|[18]|items|[{"QuoteId":"0Q0f40000009bwtCAA","Id":"0QLf4000000sNKqGAM","PricebookEntryId":"01uf4000002Sio9AAC","Quantity":1.00,"Product2Id":"01tf4000001E5PCAA0"},{"QuoteId":"0Q0f40000009bwtCAA","Id":"0QLf4000000sNKrGAM","PricebookEntryId":"01uf4000002SioGAAS","Quantity":3.00,"Product2Id":"01tf4000001E5PJAA0"}]|0x21c0bf5d
13:29:32.1 (65459242)|HEAP_ALLOCATE|[20]|Bytes:5
13:29:32.1 (65477754)|HEAP_ALLOCATE|[20]|Bytes:24
13:29:32.1 (65486872)|VARIABLE_SCOPE_BEGIN|[20]|i|QuoteLineItem|true|false
13:29:32.1 (65502483)|VARIABLE_ASSIGNMENT|[20]|i|{"QuoteId":"0Q0f40000009bwtCAA","Id":"0QLf4000000sNKqGAM","PricebookEntryId":"01uf4000002Sio9AAC","Quantity":1.00,"Product2Id":"01tf4000001E5PCAA0"}|0x44d5feb0
13:29:32.1 (65509918)|STATEMENT_EXECUTE|[20]
13:29:32.1 (65511933)|STATEMENT_EXECUTE|[21]
13:29:32.1 (65531086)|HEAP_ALLOCATE|[21]|Bytes:4
13:29:32.1 (65612959)|VARIABLE_SCOPE_BEGIN|[21]|ql|QuoteLineItem|true|false
13:29:32.1 (65630111)|VARIABLE_ASSIGNMENT|[21]|ql|{}|0x2036aec5
13:29:32.1 (65635720)|STATEMENT_EXECUTE|[22]
13:29:32.1 (65701192)|VARIABLE_ASSIGNMENT|[22]|this.QuoteId|"0Q0f40000009eA1CAI"|0x2036aec5
13:29:32.1 (65708130)|STATEMENT_EXECUTE|[23]
13:29:32.1 (65733053)|VARIABLE_ASSIGNMENT|[23]|this.Description|null|0x2036aec5
13:29:32.1 (65738891)|STATEMENT_EXECUTE|[24]
13:29:32.1 (65754675)|VARIABLE_ASSIGNMENT|[24]|this.Discount|null|0x2036aec5
13:29:32.1 (65760598)|STATEMENT_EXECUTE|[25]
13:29:32.1 (65784634)|VARIABLE_ASSIGNMENT|[25]|this.PricebookEntryId|"01uf4000002Sio9AAC"|0x2036aec5
13:29:32.1 (65790239)|STATEMENT_EXECUTE|[26]
13:29:32.1 (65832254)|VARIABLE_ASSIGNMENT|[26]|this.Quantity|1.00|0x2036aec5
13:29:32.1 (65838248)|STATEMENT_EXECUTE|[27]
13:29:32.1 (65861361)|VARIABLE_ASSIGNMENT|[27]|this.Product2Id|"01tf4000001E5PCAA0"|0x2036aec5
13:29:32.1 (65866797)|STATEMENT_EXECUTE|[28]
13:29:32.1 (65870465)|HEAP_ALLOCATE|[28]|Bytes:8
13:29:32.1 (65946500)|HEAP_ALLOCATE|[28]|Bytes:158
13:29:32.1 (65963037)|HEAP_ALLOCATE|[28]|Bytes:166
13:29:32.1 (65977730)|USER_DEBUG|[28]|DEBUG|ql id : QuoteLineItem:{QuoteId=0Q0f40000009eA1CAI, Description=null, Discount=null, PricebookEntryId=01uf4000002Sio9AAC, Quantity=1.00, Product2Id=01tf4000001E5PCAA0}
13:29:32.1 (65987482)|STATEMENT_EXECUTE|[29]
13:29:32.1 (66001452)|HEAP_ALLOCATE|[29]|Bytes:8
13:29:32.1 (66011892)|DML_BEGIN|[29]|Op:Insert|Type:QuoteLineItem|Rows:1
13:29:32.1 (66060870)|HEAP_ALLOCATE|[EXTERNAL]|Bytes:8
13:29:32.1 (80527193)|DML_END|[29]
13:29:32.1 (80613688)|VF_PAGE_MESSAGE|Required fields are missing: [UnitPrice]
13:29:32.1 (80696218)|EXCEPTION_THROWN|[29]|System.DmlException: Insert failed. First exception on row 0; first error: REQUIRED_FIELD_MISSING, Required fields are missing: [UnitPrice]: [UnitPrice]
13:29:32.1 (80975687)|HEAP_ALLOCATE|[29]|Bytes:135
13:29:32.1 (81005227)|METHOD_EXIT|[1]|01pf4000009Vx35|CloneQuote.cloneQuote(Id)
13:29:32.1 (81015465)|SYSTEM_MODE_EXIT|false
13:29:32.1 (81105215)|FATAL_ERROR|System.DmlException: Insert failed. First exception on row 0; first error: REQUIRED_FIELD_MISSING, Required fields are missing: [UnitPrice]: [UnitPrice]

Class.CloneQuote.cloneQuote: line 29, column 1
AnonymousBlock: line 1, column 1
AnonymousBlock: line 1, column 1
13:29:32.81 (81118889)|CUMULATIVE_LIMIT_USAGE
13:29:32.81 (81118889)|LIMIT_USAGE_FOR_NS|(default)|
  Number of SOQL queries: 1 out of 100
  Number of query rows: 3 out of 50000
  Number of SOSL queries: 0 out of 20
  Number of DML statements: 2 out of 150
  Number of DML rows: 2 out of 10000
  Maximum CPU time: 0 out of 10000
  Maximum heap size: 0 out of 6000000
  Number of callouts: 0 out of 100
  Number of Email Invocations: 0 out of 10
  Number of future calls: 0 out of 50
  Number of queueable jobs added to the queue: 0 out of 50
  Number of Mobile Apex push calls: 0 out of 10

13:29:32.81 (81118889)|CUMULATIVE_LIMIT_USAGE_END

13:29:32.1 (81163077)|CODE_UNIT_FINISHED|execute_anonymous_apex
13:29:32.1 (82237217)|EXECUTION_FINISHED
