42.0 APEX_CODE,FINEST;APEX_PROFILING,INFO;CALLOUT,INFO;DB,INFO;SYSTEM,DEBUG;VALIDATION,INFO;VISUALFORCE,INFO;WAVE,INFO;WORKFLOW,INFO
09:24:14.0 (466325)|USER_INFO|[EXTERNAL]|005f4000001uuP2|nmolinam@deloitte.com|Hora de Venezuela|GMT-04:00
09:24:14.0 (513132)|EXECUTION_STARTED
09:24:14.0 (533215)|CODE_UNIT_STARTED|[EXTERNAL]|Aura
09:24:14.0 (1818936)|HEAP_ALLOCATE|[72]|Bytes:3
09:24:14.0 (1865553)|HEAP_ALLOCATE|[77]|Bytes:152
09:24:14.0 (1896413)|HEAP_ALLOCATE|[342]|Bytes:408
09:24:14.0 (1918137)|HEAP_ALLOCATE|[355]|Bytes:408
09:24:14.0 (1938560)|HEAP_ALLOCATE|[467]|Bytes:48
09:24:14.0 (2018442)|HEAP_ALLOCATE|[139]|Bytes:6
09:24:14.0 (2059796)|HEAP_ALLOCATE|[EXTERNAL]|Bytes:18
09:24:14.0 (2077847)|HEAP_ALLOCATE|[EXTERNAL]|Bytes:4
09:24:14.0 (2915697)|CODE_UNIT_STARTED|[EXTERNAL]|01pf4000009Vx35|CloneQuote.getQuote
09:24:14.0 (3089131)|HEAP_ALLOCATE|[EXTERNAL]|Bytes:4
09:24:14.0 (3102658)|HEAP_ALLOCATE|[EXTERNAL]|Bytes:2
09:24:14.0 (3118670)|METHOD_ENTRY|[1]|01pf4000009Vx35|CloneQuote.CloneQuote()
09:24:14.0 (3125432)|STATEMENT_EXECUTE|[1]
09:24:14.0 (3131244)|STATEMENT_EXECUTE|[1]
09:24:14.0 (3166830)|HEAP_ALLOCATE|[50]|Bytes:5
09:24:14.0 (3195352)|HEAP_ALLOCATE|[56]|Bytes:5
09:24:14.0 (3203623)|HEAP_ALLOCATE|[64]|Bytes:7
09:24:14.0 (3243771)|SYSTEM_MODE_ENTER|false
09:24:14.0 (3267363)|HEAP_ALLOCATE|[EXTERNAL]|Bytes:5
09:24:14.0 (3277278)|SYSTEM_MODE_EXIT|false
09:24:14.0 (3286620)|METHOD_EXIT|[1]|CloneQuote
09:24:14.0 (3292393)|HEAP_ALLOCATE|[EXTERNAL]|Bytes:4
09:24:14.0 (3301949)|SYSTEM_MODE_ENTER|false
09:24:14.0 (3311028)|VARIABLE_SCOPE_BEGIN|[34]|recordId|Id|false|false
09:24:14.0 (3627805)|VARIABLE_ASSIGNMENT|[34]|recordId|"0Q0f40000009e7gCAA"
09:24:14.0 (3649611)|HEAP_ALLOCATE|[35]|Bytes:5
09:24:14.0 (3654692)|STATEMENT_EXECUTE|[34]
09:24:14.0 (3656691)|STATEMENT_EXECUTE|[35]
09:24:14.0 (3660182)|HEAP_ALLOCATE|[35]|Bytes:82
09:24:14.0 (3683369)|HEAP_ALLOCATE|[35]|Bytes:4
09:24:14.0 (3697353)|HEAP_ALLOCATE|[35]|Bytes:7
09:24:14.0 (4036532)|SOQL_EXECUTE_BEGIN|[35]|Aggregations:0|SELECT Name, AccountId, OpportunityId, Pricebook2Id FROM Quote WHERE Id = :tmpVar1
09:24:14.0 (19771245)|SOQL_EXECUTE_END|[35]|Rows:1
09:24:14.0 (19801452)|HEAP_ALLOCATE|[35]|Bytes:8
09:24:14.0 (19819183)|HEAP_ALLOCATE|[35]|Bytes:144
09:24:14.0 (19936671)|HEAP_ALLOCATE|[35]|Bytes:8
09:24:14.0 (19954420)|HEAP_ALLOCATE|[35]|Bytes:31
09:24:14.0 (20007235)|HEAP_ALLOCATE|[35]|Bytes:24
09:24:14.0 (20017947)|VARIABLE_SCOPE_BEGIN|[35]|q|Quote|true|false
09:24:14.0 (20050835)|VARIABLE_ASSIGNMENT|[35]|q|{"Name":"QUOTE 2","AccountId":"001f400000IPlikAAD","OpportunityId":"006f400000AO4MJAA1","Pricebook2Id":"01sf4000003Vb8JAAS","Id":"0Q0f40000009e7gCAA"}|0x44258b61
09:24:14.0 (20059887)|STATEMENT_EXECUTE|[36]
09:24:14.0 (20144352)|USER_DEBUG|[36]|DEBUG|Quote:{Name=QUOTE 2, AccountId=001f400000IPlikAAD, OpportunityId=006f400000AO4MJAA1, Pricebook2Id=01sf4000003Vb8JAAS, Id=0Q0f40000009e7gCAA}
09:24:14.0 (20156637)|STATEMENT_EXECUTE|[37]
09:24:14.0 (20168726)|SYSTEM_MODE_EXIT|false
09:24:14.20 (20191667)|CUMULATIVE_LIMIT_USAGE
09:24:14.20 (20191667)|LIMIT_USAGE_FOR_NS|(default)|
  Number of SOQL queries: 1 out of 100
  Number of query rows: 1 out of 50000
  Number of SOSL queries: 0 out of 20
  Number of DML statements: 0 out of 150
  Number of DML rows: 0 out of 10000
  Maximum CPU time: 0 out of 10000
  Maximum heap size: 0 out of 6000000
  Number of callouts: 0 out of 100
  Number of Email Invocations: 0 out of 10
  Number of future calls: 0 out of 50
  Number of queueable jobs added to the queue: 0 out of 50
  Number of Mobile Apex push calls: 0 out of 10

09:24:14.20 (20191667)|CUMULATIVE_LIMIT_USAGE_END

09:24:14.0 (20221455)|CODE_UNIT_FINISHED|CloneQuote.getQuote
09:24:14.0 (20287710)|CODE_UNIT_FINISHED|Aura
09:24:14.0 (21454191)|EXECUTION_FINISHED
