42.0 APEX_CODE,FINEST;APEX_PROFILING,INFO;CALLOUT,INFO;DB,INFO;SYSTEM,DEBUG;VALIDATION,INFO;VISUALFORCE,INFO;WAVE,INFO;WORKFLOW,INFO
14:13:02.0 (86624)|USER_INFO|[EXTERNAL]|005f4000001uuP2|nmolinam@deloitte.com|Hora de Venezuela|GMT-04:00
14:13:02.0 (127783)|EXECUTION_STARTED
14:13:02.0 (132152)|CODE_UNIT_STARTED|[EXTERNAL]|Aura
14:13:02.0 (1516271)|CODE_UNIT_STARTED|[EXTERNAL]|01pf4000009Vx35|CloneQuote.cloneQuote
14:13:02.0 (1736364)|HEAP_ALLOCATE|[72]|Bytes:3
14:13:02.0 (1776781)|HEAP_ALLOCATE|[77]|Bytes:152
14:13:02.0 (1792009)|HEAP_ALLOCATE|[342]|Bytes:408
14:13:02.0 (1806449)|HEAP_ALLOCATE|[355]|Bytes:408
14:13:02.0 (1816914)|HEAP_ALLOCATE|[467]|Bytes:48
14:13:02.0 (1842058)|HEAP_ALLOCATE|[139]|Bytes:6
14:13:02.0 (1903556)|HEAP_ALLOCATE|[EXTERNAL]|Bytes:1
14:13:02.0 (1914162)|METHOD_ENTRY|[1]|01pf4000009Vx35|CloneQuote.CloneQuote()
14:13:02.0 (1922110)|STATEMENT_EXECUTE|[1]
14:13:02.0 (1926919)|STATEMENT_EXECUTE|[1]
14:13:02.0 (1956775)|HEAP_ALLOCATE|[50]|Bytes:5
14:13:02.0 (1984649)|HEAP_ALLOCATE|[56]|Bytes:5
14:13:02.0 (1992198)|HEAP_ALLOCATE|[64]|Bytes:7
14:13:02.0 (2025015)|SYSTEM_MODE_ENTER|false
14:13:02.0 (2039970)|HEAP_ALLOCATE|[EXTERNAL]|Bytes:5
14:13:02.0 (2048134)|SYSTEM_MODE_EXIT|false
14:13:02.0 (2058198)|METHOD_EXIT|[1]|CloneQuote
14:13:02.0 (2068998)|SYSTEM_MODE_ENTER|false
14:13:02.0 (2076096)|VARIABLE_SCOPE_BEGIN|[3]|quoteId|Id|false|false
14:13:02.0 (2096622)|VARIABLE_ASSIGNMENT|[3]|quoteId|null
14:13:02.0 (2110830)|HEAP_ALLOCATE|[6]|Bytes:5
14:13:02.0 (2115733)|STATEMENT_EXECUTE|[3]
14:13:02.0 (2117585)|STATEMENT_EXECUTE|[4]
14:13:02.0 (2121138)|HEAP_ALLOCATE|[6]|Bytes:183
14:13:02.0 (2142033)|HEAP_ALLOCATE|[6]|Bytes:4
14:13:02.0 (2153379)|HEAP_ALLOCATE|[6]|Bytes:7
14:13:02.0 (2854688)|SOQL_EXECUTE_BEGIN|[6]|Aggregations:1|SELECT Name, OPPORTUNITYiD, Pricebook2Id, (SELECT QuoteId, Description, Discount, PricebookEntryId, Quantity, Product2Id, UnitPrice FROM QuoteLineItems) FROM QUOTE WHERE ID = :tmpVar1
14:13:02.0 (4580507)|SOQL_EXECUTE_END|[6]|Rows:0
14:13:02.0 (4609504)|HEAP_ALLOCATE|[6]|Bytes:4
14:13:02.0 (4637642)|HEAP_ALLOCATE|[6]|Bytes:0
14:13:02.0 (4794277)|HEAP_ALLOCATE|[6]|Bytes:4
14:13:02.0 (4814686)|HEAP_ALLOCATE|[4]|Bytes:31
14:13:02.0 (4925776)|HEAP_ALLOCATE|[4]|Bytes:46
14:13:02.0 (5050202)|FATAL_ERROR|System.QueryException: List has no rows for assignment to SObject

Class.CloneQuote.cloneQuote: line 4, column 1
14:13:02.0 (5062486)|FATAL_ERROR|System.QueryException: List has no rows for assignment to SObject

Class.CloneQuote.cloneQuote: line 4, column 1
14:13:02.5 (5067952)|CUMULATIVE_LIMIT_USAGE
14:13:02.5 (5067952)|LIMIT_USAGE_FOR_NS|(default)|
  Number of SOQL queries: 1 out of 100
  Number of query rows: 0 out of 50000
  Number of SOSL queries: 0 out of 20
  Number of DML statements: 0 out of 150
  Number of DML rows: 0 out of 10000
  Maximum CPU time: 0 out of 10000
  Maximum heap size: 0 out of 6000000
  Number of callouts: 0 out of 100
  Number of Email Invocations: 0 out of 10
  Number of future calls: 0 out of 50
  Number of queueable jobs added to the queue: 0 out of 50
  Number of Mobile Apex push calls: 0 out of 10

14:13:02.5 (5067952)|CUMULATIVE_LIMIT_USAGE_END

14:13:02.0 (5115360)|CODE_UNIT_FINISHED|CloneQuote.cloneQuote
14:13:02.0 (9160287)|CODE_UNIT_FINISHED|Aura
14:13:02.0 (10254489)|EXECUTION_FINISHED
