42.0 APEX_CODE,FINEST;APEX_PROFILING,INFO;CALLOUT,INFO;DB,INFO;SYSTEM,DEBUG;VALIDATION,INFO;VISUALFORCE,INFO;WAVE,INFO;WORKFLOW,INFO
14:14:16.0 (61514)|USER_INFO|[EXTERNAL]|005f4000001uuP2|nmolinam@deloitte.com|Hora de Venezuela|GMT-04:00
14:14:16.0 (99019)|EXECUTION_STARTED
14:14:16.0 (103147)|CODE_UNIT_STARTED|[EXTERNAL]|Aura
14:14:16.0 (1194462)|CODE_UNIT_STARTED|[EXTERNAL]|01pf4000009Vx35|CloneQuote.cloneQuote
14:14:16.0 (1338797)|HEAP_ALLOCATE|[72]|Bytes:3
14:14:16.0 (1365977)|HEAP_ALLOCATE|[77]|Bytes:152
14:14:16.0 (1378575)|HEAP_ALLOCATE|[342]|Bytes:408
14:14:16.0 (1390860)|HEAP_ALLOCATE|[355]|Bytes:408
14:14:16.0 (1401134)|HEAP_ALLOCATE|[467]|Bytes:48
14:14:16.0 (1424277)|HEAP_ALLOCATE|[139]|Bytes:6
14:14:16.0 (1468285)|HEAP_ALLOCATE|[EXTERNAL]|Bytes:1
14:14:16.0 (1479547)|METHOD_ENTRY|[1]|01pf4000009Vx35|CloneQuote.CloneQuote()
14:14:16.0 (1487065)|STATEMENT_EXECUTE|[1]
14:14:16.0 (1491854)|STATEMENT_EXECUTE|[1]
14:14:16.0 (1516985)|HEAP_ALLOCATE|[50]|Bytes:5
14:14:16.0 (1533986)|HEAP_ALLOCATE|[56]|Bytes:5
14:14:16.0 (1541019)|HEAP_ALLOCATE|[64]|Bytes:7
14:14:16.0 (1567925)|SYSTEM_MODE_ENTER|false
14:14:16.0 (1582107)|HEAP_ALLOCATE|[EXTERNAL]|Bytes:5
14:14:16.0 (1590380)|SYSTEM_MODE_EXIT|false
14:14:16.0 (1598694)|METHOD_EXIT|[1]|CloneQuote
14:14:16.0 (1609412)|SYSTEM_MODE_ENTER|false
14:14:16.0 (1617117)|VARIABLE_SCOPE_BEGIN|[3]|quoteId|Id|false|false
14:14:16.0 (1637019)|VARIABLE_ASSIGNMENT|[3]|quoteId|null
14:14:16.0 (1651977)|HEAP_ALLOCATE|[6]|Bytes:5
14:14:16.0 (1656766)|STATEMENT_EXECUTE|[3]
14:14:16.0 (1658827)|STATEMENT_EXECUTE|[4]
14:14:16.0 (1662245)|HEAP_ALLOCATE|[6]|Bytes:183
14:14:16.0 (1683328)|HEAP_ALLOCATE|[6]|Bytes:4
14:14:16.0 (1696335)|HEAP_ALLOCATE|[6]|Bytes:7
14:14:16.0 (2425501)|SOQL_EXECUTE_BEGIN|[6]|Aggregations:1|SELECT Name, OPPORTUNITYiD, Pricebook2Id, (SELECT QuoteId, Description, Discount, PricebookEntryId, Quantity, Product2Id, UnitPrice FROM QuoteLineItems) FROM QUOTE WHERE ID = :tmpVar1
14:14:16.0 (4112674)|SOQL_EXECUTE_END|[6]|Rows:0
14:14:16.0 (4140156)|HEAP_ALLOCATE|[6]|Bytes:4
14:14:16.0 (4152429)|HEAP_ALLOCATE|[6]|Bytes:0
14:14:16.0 (4238821)|HEAP_ALLOCATE|[6]|Bytes:4
14:14:16.0 (4250607)|HEAP_ALLOCATE|[4]|Bytes:31
14:14:16.0 (4331964)|HEAP_ALLOCATE|[4]|Bytes:46
14:14:16.0 (4439759)|FATAL_ERROR|System.QueryException: List has no rows for assignment to SObject

Class.CloneQuote.cloneQuote: line 4, column 1
14:14:16.0 (4451978)|FATAL_ERROR|System.QueryException: List has no rows for assignment to SObject

Class.CloneQuote.cloneQuote: line 4, column 1
14:14:16.4 (4461858)|CUMULATIVE_LIMIT_USAGE
14:14:16.4 (4461858)|LIMIT_USAGE_FOR_NS|(default)|
  Number of SOQL queries: 1 out of 100
  Number of query rows: 0 out of 50000
  Number of SOSL queries: 0 out of 20
  Number of DML statements: 0 out of 150
  Number of DML rows: 0 out of 10000
  Maximum CPU time: 0 out of 10000
  Maximum heap size: 0 out of 6000000
  Number of callouts: 0 out of 100
  Number of Email Invocations: 0 out of 10
  Number of future calls: 0 out of 50
  Number of queueable jobs added to the queue: 0 out of 50
  Number of Mobile Apex push calls: 0 out of 10

14:14:16.4 (4461858)|CUMULATIVE_LIMIT_USAGE_END

14:14:16.0 (4498609)|CODE_UNIT_FINISHED|CloneQuote.cloneQuote
14:14:16.0 (7835196)|CODE_UNIT_FINISHED|Aura
14:14:16.0 (8731685)|EXECUTION_FINISHED
