42.0 APEX_CODE,FINEST;APEX_PROFILING,INFO;CALLOUT,INFO;DB,INFO;SYSTEM,DEBUG;VALIDATION,INFO;VISUALFORCE,INFO;WAVE,INFO;WORKFLOW,INFO
Execute Anonymous: CloneQuote.cloneQuote('0Q0f40000009bwtCAA');
12:01:40.1 (1210765)|USER_INFO|[EXTERNAL]|005f4000001uuP2|nmolinam@deloitte.com|Hora de Venezuela|GMT-04:00
12:01:40.1 (1238630)|EXECUTION_STARTED
12:01:40.1 (1243860)|CODE_UNIT_STARTED|[EXTERNAL]|execute_anonymous_apex
12:01:40.1 (1546248)|HEAP_ALLOCATE|[72]|Bytes:3
12:01:40.1 (1581908)|HEAP_ALLOCATE|[77]|Bytes:152
12:01:40.1 (1601520)|HEAP_ALLOCATE|[342]|Bytes:408
12:01:40.1 (1622392)|HEAP_ALLOCATE|[355]|Bytes:408
12:01:40.1 (1640866)|HEAP_ALLOCATE|[467]|Bytes:48
12:01:40.1 (1673829)|HEAP_ALLOCATE|[139]|Bytes:6
12:01:40.1 (1695423)|HEAP_ALLOCATE|[EXTERNAL]|Bytes:1
12:01:40.1 (1794795)|STATEMENT_EXECUTE|[1]
12:01:40.1 (1798642)|STATEMENT_EXECUTE|[1]
12:01:40.1 (1803155)|HEAP_ALLOCATE|[1]|Bytes:18
12:01:40.1 (1819573)|HEAP_ALLOCATE|[1]|Bytes:4
12:01:40.1 (1879815)|HEAP_ALLOCATE|[50]|Bytes:5
12:01:40.1 (1901857)|HEAP_ALLOCATE|[56]|Bytes:5
12:01:40.1 (1912279)|HEAP_ALLOCATE|[64]|Bytes:7
12:01:40.1 (1938706)|SYSTEM_MODE_ENTER|false
12:01:40.1 (1959846)|HEAP_ALLOCATE|[1]|Bytes:5
12:01:40.1 (9691745)|HEAP_ALLOCATE|[1]|Bytes:1
12:01:40.1 (9714725)|METHOD_ENTRY|[1]|01pf4000009Vx35|CloneQuote.CloneQuote()
12:01:40.1 (9722673)|STATEMENT_EXECUTE|[1]
12:01:40.1 (9728443)|STATEMENT_EXECUTE|[1]
12:01:40.1 (9740557)|HEAP_ALLOCATE|[1]|Bytes:5
12:01:40.1 (9750442)|METHOD_EXIT|[1]|CloneQuote
12:01:40.1 (9781175)|METHOD_ENTRY|[1]|01pf4000009Vx35|CloneQuote.cloneQuote(Id)
12:01:40.1 (9818899)|VARIABLE_SCOPE_BEGIN|[3]|quoteId|Id|false|false
12:01:40.1 (9953169)|VARIABLE_ASSIGNMENT|[3]|quoteId|"0Q0f40000009bwtCAA"
12:01:40.1 (9974175)|HEAP_ALLOCATE|[6]|Bytes:5
12:01:40.1 (9979927)|STATEMENT_EXECUTE|[3]
12:01:40.1 (9981707)|STATEMENT_EXECUTE|[4]
12:01:40.1 (9985219)|HEAP_ALLOCATE|[6]|Bytes:95
12:01:40.1 (10002991)|HEAP_ALLOCATE|[6]|Bytes:4
12:01:40.1 (10034049)|HEAP_ALLOCATE|[6]|Bytes:7
12:01:40.1 (10424593)|SOQL_EXECUTE_BEGIN|[6]|Aggregations:1|SELECT Name, OPPORTUNITYiD, (SELECT QuoteId FROM QuoteLineItems) FROM QUOTE WHERE ID = :tmpVar1
12:01:40.1 (14941058)|SOQL_EXECUTE_END|[6]|Rows:1
12:01:40.1 (14972603)|HEAP_ALLOCATE|[6]|Bytes:8
12:01:40.1 (14994941)|HEAP_ALLOCATE|[6]|Bytes:213
12:01:40.1 (15099290)|HEAP_ALLOCATE|[6]|Bytes:8
12:01:40.1 (15112810)|HEAP_ALLOCATE|[4]|Bytes:31
12:01:40.1 (15156194)|HEAP_ALLOCATE|[4]|Bytes:20
12:01:40.1 (15163727)|VARIABLE_SCOPE_BEGIN|[4]|q1|Quote|true|false
12:01:40.1 (15198400)|VARIABLE_ASSIGNMENT|[4]|q1|{"Name":"QUOTE 2","OpportunityId":"006f400000AO4MJAA1","Id":"0Q0f40000009bwtCAA","QuoteLineItems":[{"QuoteId":"0Q0f40000009bwtCAA","Id":"0QLf4000000sNKqGAM"},{"QuoteId":"0Q0f40000009bwtCAA","Id":"0QLf4000000sNKrGAM"}]}|0x375cf6cb
12:01:40.1 (15208441)|STATEMENT_EXECUTE|[10]
12:01:40.1 (15212595)|VARIABLE_SCOPE_BEGIN|[10]|q2|Quote|true|false
12:01:40.1 (15226223)|VARIABLE_ASSIGNMENT|[10]|q2|{"Name":"QUOTE 2","OpportunityId":"006f400000AO4MJAA1","Id":"0Q0f40000009bwtCAA","QuoteLineItems":[{"QuoteId":"0Q0f40000009bwtCAA","Id":"0QLf4000000sNKqGAM"},{"QuoteId":"0Q0f40000009bwtCAA","Id":"0QLf4000000sNKrGAM"}]}|0x375cf6cb
12:01:40.1 (15232947)|STATEMENT_EXECUTE|[12]
12:01:40.1 (15236583)|HEAP_ALLOCATE|[12]|Bytes:14
12:01:40.1 (15241664)|HEAP_ALLOCATE|[12]|Bytes:13
12:01:40.1 (15278113)|HEAP_ALLOCATE|[EXTERNAL]|Bytes:12
12:01:40.1 (15319983)|HEAP_ALLOCATE|[12]|Bytes:12
12:01:40.1 (15350321)|VARIABLE_SCOPE_BEGIN|[12]|items|List<QuoteLineItem>|true|false
12:01:40.1 (15371026)|VARIABLE_ASSIGNMENT|[12]|items|[{"QuoteId":"0Q0f40000009bwtCAA","Id":"0QLf4000000sNKqGAM"},{"QuoteId":"0Q0f40000009bwtCAA","Id":"0QLf4000000sNKrGAM"}]|0x62356d65
12:01:40.1 (15377726)|STATEMENT_EXECUTE|[14]
12:01:40.1 (15414570)|VARIABLE_ASSIGNMENT|[14]|this.Id|null|0x375cf6cb
12:01:40.1 (15421326)|STATEMENT_EXECUTE|[15]
12:01:40.1 (15447965)|HEAP_ALLOCATE|[15]|Bytes:8
12:01:40.1 (15461412)|DML_BEGIN|[15]|Op:Insert|Type:Quote|Rows:1
12:01:40.1 (15491894)|HEAP_ALLOCATE|[EXTERNAL]|Bytes:8
12:01:40.1 (77469422)|DML_END|[15]
12:01:40.1 (77772558)|HEAP_ALLOCATE|[16]|Bytes:5
12:01:40.1 (77805730)|HEAP_ALLOCATE|[16]|Bytes:12
12:01:40.1 (77820544)|VARIABLE_SCOPE_BEGIN|[16]|i|QuoteLineItem|true|false
12:01:40.1 (77854767)|VARIABLE_ASSIGNMENT|[16]|i|{"QuoteId":"0Q0f40000009bwtCAA","Id":"0QLf4000000sNKqGAM"}|0x181d7d90
12:01:40.1 (77865380)|STATEMENT_EXECUTE|[16]
12:01:40.1 (77868597)|STATEMENT_EXECUTE|[17]
12:01:40.1 (78466951)|HEAP_ALLOCATE|[17]|Bytes:49
12:01:40.1 (78524433)|METHOD_EXIT|[1]|01pf4000009Vx35|CloneQuote.cloneQuote(Id)
12:01:40.1 (78540556)|SYSTEM_MODE_EXIT|false
12:01:40.1 (78708159)|FATAL_ERROR|System.SObjectException: Field is not writeable: QuoteLineItem.QuoteId

Class.CloneQuote.cloneQuote: line 17, column 1
AnonymousBlock: line 1, column 1
AnonymousBlock: line 1, column 1
12:01:40.78 (78752822)|CUMULATIVE_LIMIT_USAGE
12:01:40.78 (78752822)|LIMIT_USAGE_FOR_NS|(default)|
  Number of SOQL queries: 1 out of 100
  Number of query rows: 3 out of 50000
  Number of SOSL queries: 0 out of 20
  Number of DML statements: 1 out of 150
  Number of DML rows: 1 out of 10000
  Maximum CPU time: 0 out of 10000
  Maximum heap size: 0 out of 6000000
  Number of callouts: 0 out of 100
  Number of Email Invocations: 0 out of 10
  Number of future calls: 0 out of 50
  Number of queueable jobs added to the queue: 0 out of 50
  Number of Mobile Apex push calls: 0 out of 10

12:01:40.78 (78752822)|CUMULATIVE_LIMIT_USAGE_END

12:01:40.1 (78810529)|CODE_UNIT_FINISHED|execute_anonymous_apex
12:01:40.1 (322131313)|EXECUTION_FINISHED
