42.0 APEX_CODE,FINEST;APEX_PROFILING,INFO;CALLOUT,INFO;DB,INFO;SYSTEM,DEBUG;VALIDATION,INFO;VISUALFORCE,INFO;WAVE,INFO;WORKFLOW,INFO
15:32:58.0 (62713)|USER_INFO|[EXTERNAL]|005f4000001uuP2|nmolinam@deloitte.com|Hora de Venezuela|GMT-04:00
15:32:58.0 (101527)|EXECUTION_STARTED
15:32:58.0 (105872)|CODE_UNIT_STARTED|[EXTERNAL]|Aura
15:32:58.0 (635132)|HEAP_ALLOCATE|[72]|Bytes:3
15:32:58.0 (667879)|HEAP_ALLOCATE|[77]|Bytes:152
15:32:58.0 (681357)|HEAP_ALLOCATE|[342]|Bytes:408
15:32:58.0 (693701)|HEAP_ALLOCATE|[355]|Bytes:408
15:32:58.0 (704502)|HEAP_ALLOCATE|[467]|Bytes:48
15:32:58.0 (729624)|HEAP_ALLOCATE|[139]|Bytes:6
15:32:58.0 (743428)|HEAP_ALLOCATE|[EXTERNAL]|Bytes:18
15:32:58.0 (752723)|HEAP_ALLOCATE|[EXTERNAL]|Bytes:4
15:32:58.0 (1505942)|CODE_UNIT_STARTED|[EXTERNAL]|01pf4000009Vx35|CloneQuote.cloneQuote
15:32:58.0 (1616936)|HEAP_ALLOCATE|[EXTERNAL]|Bytes:1
15:32:58.0 (1629829)|METHOD_ENTRY|[1]|01pf4000009Vx35|CloneQuote.CloneQuote()
15:32:58.0 (1636855)|STATEMENT_EXECUTE|[1]
15:32:58.0 (1642006)|STATEMENT_EXECUTE|[1]
15:32:58.0 (1670472)|HEAP_ALLOCATE|[50]|Bytes:5
15:32:58.0 (1693902)|HEAP_ALLOCATE|[56]|Bytes:5
15:32:58.0 (1701579)|HEAP_ALLOCATE|[64]|Bytes:7
15:32:58.0 (1723987)|SYSTEM_MODE_ENTER|false
15:32:58.0 (1736672)|HEAP_ALLOCATE|[EXTERNAL]|Bytes:5
15:32:58.0 (1743522)|SYSTEM_MODE_EXIT|false
15:32:58.0 (1752853)|METHOD_EXIT|[1]|CloneQuote
15:32:58.0 (1758514)|HEAP_ALLOCATE|[EXTERNAL]|Bytes:4
15:32:58.0 (1767320)|SYSTEM_MODE_ENTER|false
15:32:58.0 (1774005)|VARIABLE_SCOPE_BEGIN|[3]|quoteId|Id|false|false
15:32:58.0 (1993005)|VARIABLE_ASSIGNMENT|[3]|quoteId|"0Q0f40000009kKqCAI"
15:32:58.0 (2014129)|HEAP_ALLOCATE|[6]|Bytes:5
15:32:58.0 (2020292)|STATEMENT_EXECUTE|[3]
15:32:58.0 (2022044)|STATEMENT_EXECUTE|[4]
15:32:58.0 (2025047)|HEAP_ALLOCATE|[6]|Bytes:183
15:32:58.0 (2046939)|HEAP_ALLOCATE|[6]|Bytes:4
15:32:58.0 (2060239)|HEAP_ALLOCATE|[6]|Bytes:7
15:32:58.0 (2727691)|SOQL_EXECUTE_BEGIN|[6]|Aggregations:1|SELECT Name, OPPORTUNITYiD, Pricebook2Id, (SELECT QuoteId, Description, Discount, PricebookEntryId, Quantity, Product2Id, UnitPrice FROM QuoteLineItems) FROM QUOTE WHERE ID = :tmpVar1
15:32:58.0 (6611921)|SOQL_EXECUTE_END|[6]|Rows:1
15:32:58.0 (6640631)|HEAP_ALLOCATE|[6]|Bytes:8
15:32:58.0 (6660362)|HEAP_ALLOCATE|[6]|Bytes:113
15:32:58.0 (6761163)|HEAP_ALLOCATE|[6]|Bytes:8
15:32:58.0 (6773006)|HEAP_ALLOCATE|[4]|Bytes:31
15:32:58.0 (6816375)|HEAP_ALLOCATE|[4]|Bytes:20
15:32:58.0 (6824070)|VARIABLE_SCOPE_BEGIN|[4]|q1|Quote|true|false
15:32:58.0 (6853700)|VARIABLE_ASSIGNMENT|[4]|q1|{"Name":"QUOTE 2","OpportunityId":"006f400000AO4MJAA1","Pricebook2Id":"01sf4000003Vb8JAAS","Id":"0Q0f40000009kKqCAI"}|0x47f05a17
15:32:58.0 (6861455)|STATEMENT_EXECUTE|[11]
15:32:58.0 (6948343)|HEAP_ALLOCATE|[11]|Bytes:88
15:32:58.0 (6954015)|HEAP_ALLOCATE|[11]|Bytes:16
15:32:58.0 (6972600)|VARIABLE_SCOPE_BEGIN|[11]|q2|Quote|true|false
15:32:58.0 (6988068)|VARIABLE_ASSIGNMENT|[11]|q2|{"Name":"QUOTE 2","OpportunityId":"006f400000AO4MJAA1","Pricebook2Id":"01sf4000003Vb8JAAS"}|0x6a6b2a63
15:32:58.0 (6994518)|STATEMENT_EXECUTE|[12]
15:32:58.0 (7069520)|VARIABLE_ASSIGNMENT|[12]|this.Pricebook2Id|"01sf4000003Vb8JAAS"|0x6a6b2a63
15:32:58.0 (7076873)|STATEMENT_EXECUTE|[14]
15:32:58.0 (7100616)|HEAP_ALLOCATE|[14]|Bytes:8
15:32:58.0 (7108215)|DML_BEGIN|[14]|Op:Insert|Type:Quote|Rows:1
15:32:58.0 (7141915)|HEAP_ALLOCATE|[EXTERNAL]|Bytes:8
15:32:58.0 (34539429)|DML_END|[14]
15:32:58.0 (34555887)|HEAP_ALLOCATE|[14]|Bytes:-4
15:32:58.0 (34576219)|STATEMENT_EXECUTE|[15]
15:32:58.0 (34608908)|VARIABLE_SCOPE_BEGIN|[15]|idQuote|Id|false|false
15:32:58.0 (34686103)|VARIABLE_ASSIGNMENT|[15]|idQuote|"0Q0f40000009kLLCAY"
15:32:58.0 (34693005)|STATEMENT_EXECUTE|[18]
15:32:58.0 (34698760)|HEAP_ALLOCATE|[18]|Bytes:14
15:32:58.0 (34706648)|HEAP_ALLOCATE|[18]|Bytes:13
15:32:58.0 (34749982)|HEAP_ALLOCATE|[EXTERNAL]|Bytes:4
15:32:58.0 (34827921)|HEAP_ALLOCATE|[18]|Bytes:4
15:32:58.0 (34841293)|VARIABLE_SCOPE_BEGIN|[18]|items|List<QuoteLineItem>|true|false
15:32:58.0 (34859282)|VARIABLE_ASSIGNMENT|[18]|items|[]|0x297741bb
15:32:58.0 (35075784)|HEAP_ALLOCATE|[20]|Bytes:5
15:32:58.0 (35098130)|VARIABLE_ASSIGNMENT|[20]|i|null|
15:32:58.0 (35104034)|STATEMENT_EXECUTE|[20]
15:32:58.0 (35115055)|SYSTEM_MODE_EXIT|false
15:32:58.39 (39857484)|CUMULATIVE_LIMIT_USAGE
15:32:58.39 (39857484)|LIMIT_USAGE_FOR_NS|(default)|
  Number of SOQL queries: 1 out of 100
  Number of query rows: 1 out of 50000
  Number of SOSL queries: 0 out of 20
  Number of DML statements: 1 out of 150
  Number of DML rows: 1 out of 10000
  Maximum CPU time: 0 out of 10000
  Maximum heap size: 0 out of 6000000
  Number of callouts: 0 out of 100
  Number of Email Invocations: 0 out of 10
  Number of future calls: 0 out of 50
  Number of queueable jobs added to the queue: 0 out of 50
  Number of Mobile Apex push calls: 0 out of 10

15:32:58.39 (39857484)|CUMULATIVE_LIMIT_USAGE_END

15:32:58.0 (39897265)|CODE_UNIT_FINISHED|CloneQuote.cloneQuote
15:32:58.0 (39969972)|CODE_UNIT_FINISHED|Aura
15:32:58.0 (41120140)|EXECUTION_FINISHED
