36.0 APEX_CODE,FINEST;APEX_PROFILING,INFO;CALLOUT,INFO;DB,INFO;SYSTEM,DEBUG;VALIDATION,INFO;VISUALFORCE,INFO;WAVE,INFO;WORKFLOW,INFO
14:20:46.0 (330424)|USER_INFO|[EXTERNAL]|005f4000001uuP2|nmolinam@deloitte.com|Hora de Venezuela|GMT-04:00
14:20:46.0 (367176)|EXECUTION_STARTED
14:20:46.0 (371160)|CODE_UNIT_STARTED|[EXTERNAL]|066f4000002h6Fz|VF: /apex/LightningPDFGeneratorDemo
14:20:46.0 (5106325)|SYSTEM_MODE_ENTER|true
14:20:46.0 (5479589)|HEAP_ALLOCATE|[72]|Bytes:3
14:20:46.0 (5510833)|HEAP_ALLOCATE|[77]|Bytes:152
14:20:46.0 (5523236)|HEAP_ALLOCATE|[342]|Bytes:408
14:20:46.0 (5535267)|HEAP_ALLOCATE|[355]|Bytes:408
14:20:46.0 (5545830)|HEAP_ALLOCATE|[467]|Bytes:48
14:20:46.0 (5584286)|HEAP_ALLOCATE|[139]|Bytes:6
14:20:46.0 (5610665)|HEAP_ALLOCATE|[EXTERNAL]|Bytes:84
14:20:46.0 (5618935)|HEAP_ALLOCATE|[EXTERNAL]|Bytes:5
14:20:46.0 (5630857)|METHOD_ENTRY|[1]|01pf4000008yCKF|DataDisplayController.DataDisplayController()
14:20:46.0 (5637212)|STATEMENT_EXECUTE|[1]
14:20:46.0 (5641630)|STATEMENT_EXECUTE|[1]
14:20:46.0 (5645495)|METHOD_EXIT|[1]|DataDisplayController
14:20:46.0 (5660291)|HEAP_ALLOCATE|[EXTERNAL]|Bytes:8
14:20:46.0 (5671049)|VARIABLE_SCOPE_BEGIN|[4]|this|DataDisplayController|true|false
14:20:46.0 (5716165)|VARIABLE_ASSIGNMENT|[4]|this|{}|0x1c717fe9
14:20:46.0 (5724570)|STATEMENT_EXECUTE|[1]
14:20:46.0 (5726272)|STATEMENT_EXECUTE|[2]
14:20:46.0 (5733130)|HEAP_ALLOCATE|[5]|Bytes:6
14:20:46.0 (5786378)|STATEMENT_EXECUTE|[4]
14:20:46.0 (5788350)|STATEMENT_EXECUTE|[5]
14:20:46.0 (5809901)|HEAP_ALLOCATE|[5]|Bytes:4
14:20:46.0 (5888115)|VARIABLE_ASSIGNMENT|[EXTERNAL]|this|{}|0x1c717fe9
14:20:46.0 (5903131)|VARIABLE_ASSIGNMENT|[EXTERNAL]|value|"test"
14:20:46.0 (5914444)|VARIABLE_ASSIGNMENT|[2]|this.PDFData|"test"|0x1c717fe9
14:20:46.0 (6806214)|SYSTEM_MODE_ENTER|true
14:20:46.0 (7141372)|VF_SERIALIZE_VIEWSTATE_BEGIN|066f4000002h6Fz
14:20:46.0 (8836288)|VF_SERIALIZE_VIEWSTATE_END
14:20:46.10 (10920013)|CUMULATIVE_LIMIT_USAGE
14:20:46.10 (10920013)|LIMIT_USAGE_FOR_NS|(default)|
  Number of SOQL queries: 0 out of 100
  Number of query rows: 0 out of 50000
  Number of SOSL queries: 0 out of 20
  Number of DML statements: 0 out of 150
  Number of DML rows: 0 out of 10000
  Maximum CPU time: 0 out of 10000
  Maximum heap size: 0 out of 6000000
  Number of callouts: 0 out of 100
  Number of Email Invocations: 0 out of 10
  Number of future calls: 0 out of 50
  Number of queueable jobs added to the queue: 0 out of 50
  Number of Mobile Apex push calls: 0 out of 10

14:20:46.10 (10920013)|CUMULATIVE_LIMIT_USAGE_END

14:20:46.0 (10954566)|CODE_UNIT_FINISHED|VF: /apex/LightningPDFGeneratorDemo
14:20:46.0 (11882968)|EXECUTION_FINISHED
