42.0 APEX_CODE,FINEST;APEX_PROFILING,INFO;CALLOUT,INFO;DB,INFO;SYSTEM,DEBUG;VALIDATION,INFO;VISUALFORCE,INFO;WAVE,INFO;WORKFLOW,INFO
Execute Anonymous: CloneQuote.cloneQuote('0Q0f40000009bwtCAA');
13:13:37.1 (1163262)|USER_INFO|[EXTERNAL]|005f4000001uuP2|nmolinam@deloitte.com|Hora de Venezuela|GMT-04:00
13:13:37.1 (1187320)|EXECUTION_STARTED
13:13:37.1 (1192943)|CODE_UNIT_STARTED|[EXTERNAL]|execute_anonymous_apex
13:13:37.1 (1394850)|HEAP_ALLOCATE|[72]|Bytes:3
13:13:37.1 (1463086)|HEAP_ALLOCATE|[77]|Bytes:152
13:13:37.1 (1480376)|HEAP_ALLOCATE|[342]|Bytes:408
13:13:37.1 (1500183)|HEAP_ALLOCATE|[355]|Bytes:408
13:13:37.1 (1519213)|HEAP_ALLOCATE|[467]|Bytes:48
13:13:37.1 (1553433)|HEAP_ALLOCATE|[139]|Bytes:6
13:13:37.1 (1575589)|HEAP_ALLOCATE|[EXTERNAL]|Bytes:1
13:13:37.1 (1686078)|STATEMENT_EXECUTE|[1]
13:13:37.1 (1689754)|STATEMENT_EXECUTE|[1]
13:13:37.1 (1693561)|HEAP_ALLOCATE|[1]|Bytes:18
13:13:37.1 (1719686)|HEAP_ALLOCATE|[1]|Bytes:4
13:13:37.1 (1783568)|HEAP_ALLOCATE|[50]|Bytes:5
13:13:37.1 (1807809)|HEAP_ALLOCATE|[56]|Bytes:5
13:13:37.1 (1819027)|HEAP_ALLOCATE|[64]|Bytes:7
13:13:37.1 (1848702)|SYSTEM_MODE_ENTER|false
13:13:37.1 (1867753)|HEAP_ALLOCATE|[1]|Bytes:5
13:13:37.1 (3093569)|HEAP_ALLOCATE|[1]|Bytes:1
13:13:37.1 (3103928)|HEAP_ALLOCATE|[1]|Bytes:2
13:13:37.1 (3136606)|METHOD_ENTRY|[1]|01pf4000009Vx35|CloneQuote.CloneQuote()
13:13:37.1 (3143494)|STATEMENT_EXECUTE|[1]
13:13:37.1 (3147695)|STATEMENT_EXECUTE|[1]
13:13:37.1 (3159089)|HEAP_ALLOCATE|[1]|Bytes:5
13:13:37.1 (3181752)|METHOD_EXIT|[1]|CloneQuote
13:13:37.1 (3217856)|METHOD_ENTRY|[1]|01pf4000009Vx35|CloneQuote.cloneQuote(Id)
13:13:37.1 (3252777)|VARIABLE_SCOPE_BEGIN|[3]|quoteId|Id|false|false
13:13:37.1 (3374090)|VARIABLE_ASSIGNMENT|[3]|quoteId|"0Q0f40000009bwtCAA"
13:13:37.1 (3394207)|HEAP_ALLOCATE|[6]|Bytes:5
13:13:37.1 (3400175)|STATEMENT_EXECUTE|[3]
13:13:37.1 (3401852)|STATEMENT_EXECUTE|[4]
13:13:37.1 (3405135)|HEAP_ALLOCATE|[6]|Bytes:95
13:13:37.1 (3422381)|HEAP_ALLOCATE|[6]|Bytes:4
13:13:37.1 (3446309)|HEAP_ALLOCATE|[6]|Bytes:7
13:13:37.1 (3794128)|SOQL_EXECUTE_BEGIN|[6]|Aggregations:1|SELECT Name, OPPORTUNITYiD, (SELECT QuoteId FROM QuoteLineItems) FROM QUOTE WHERE ID = :tmpVar1
13:13:37.1 (7794996)|SOQL_EXECUTE_END|[6]|Rows:1
13:13:37.1 (7824530)|HEAP_ALLOCATE|[6]|Bytes:8
13:13:37.1 (7846733)|HEAP_ALLOCATE|[6]|Bytes:213
13:13:37.1 (7936262)|HEAP_ALLOCATE|[6]|Bytes:8
13:13:37.1 (7951546)|HEAP_ALLOCATE|[4]|Bytes:31
13:13:37.1 (8004934)|HEAP_ALLOCATE|[4]|Bytes:20
13:13:37.1 (8016417)|VARIABLE_SCOPE_BEGIN|[4]|q1|Quote|true|false
13:13:37.1 (8048430)|VARIABLE_ASSIGNMENT|[4]|q1|{"Name":"QUOTE 2","OpportunityId":"006f400000AO4MJAA1","Id":"0Q0f40000009bwtCAA","QuoteLineItems":[{"QuoteId":"0Q0f40000009bwtCAA","Id":"0QLf4000000sNKqGAM"},{"QuoteId":"0Q0f40000009bwtCAA","Id":"0QLf4000000sNKrGAM"}]}|0x46aebb23
13:13:37.1 (8057888)|STATEMENT_EXECUTE|[10]
13:13:37.1 (8155161)|HEAP_ALLOCATE|[10]|Bytes:188
13:13:37.1 (8161281)|HEAP_ALLOCATE|[10]|Bytes:16
13:13:37.1 (8199843)|VARIABLE_SCOPE_BEGIN|[10]|q2|Quote|true|false
13:13:37.1 (8219480)|VARIABLE_ASSIGNMENT|[10]|q2|{"Name":"QUOTE 2","OpportunityId":"006f400000AO4MJAA1","QuoteLineItems":[{"QuoteId":"0Q0f40000009bwtCAA","Id":"0QLf4000000sNKqGAM"},{"QuoteId":"0Q0f40000009bwtCAA","Id":"0QLf4000000sNKrGAM"}]}|0x3476772c
13:13:37.1 (8227543)|STATEMENT_EXECUTE|[12]
13:13:37.1 (8251065)|HEAP_ALLOCATE|[12]|Bytes:8
13:13:37.1 (8261522)|DML_BEGIN|[12]|Op:Insert|Type:Quote|Rows:1
13:13:37.1 (8289182)|HEAP_ALLOCATE|[EXTERNAL]|Bytes:8
13:13:37.1 (51758179)|DML_END|[12]
13:13:37.1 (51795001)|HEAP_ALLOCATE|[12]|Bytes:-4
13:13:37.1 (51817398)|STATEMENT_EXECUTE|[13]
13:13:37.1 (51851179)|VARIABLE_SCOPE_BEGIN|[13]|idQuote|Id|false|false
13:13:37.1 (51927882)|VARIABLE_ASSIGNMENT|[13]|idQuote|"0Q0f40000009e9DCAQ"
13:13:37.1 (51934641)|STATEMENT_EXECUTE|[15]
13:13:37.1 (51940444)|HEAP_ALLOCATE|[15]|Bytes:14
13:13:37.1 (51948138)|HEAP_ALLOCATE|[15]|Bytes:13
13:13:37.1 (51985045)|HEAP_ALLOCATE|[EXTERNAL]|Bytes:12
13:13:37.1 (52049743)|HEAP_ALLOCATE|[15]|Bytes:12
13:13:37.1 (52077002)|VARIABLE_SCOPE_BEGIN|[15]|items|List<QuoteLineItem>|true|false
13:13:37.1 (52106655)|VARIABLE_ASSIGNMENT|[15]|items|[{"QuoteId":"0Q0f40000009bwtCAA","Id":"0QLf4000000sNKqGAM"},{"QuoteId":"0Q0f40000009bwtCAA","Id":"0QLf4000000sNKrGAM"}]|0x63f77607
13:13:37.1 (52326180)|HEAP_ALLOCATE|[17]|Bytes:5
13:13:37.1 (52346197)|HEAP_ALLOCATE|[17]|Bytes:12
13:13:37.1 (52355776)|VARIABLE_SCOPE_BEGIN|[17]|i|QuoteLineItem|true|false
13:13:37.1 (52371446)|VARIABLE_ASSIGNMENT|[17]|i|{"QuoteId":"0Q0f40000009bwtCAA","Id":"0QLf4000000sNKqGAM"}|0x2ceba19b
13:13:37.1 (52378057)|STATEMENT_EXECUTE|[17]
13:13:37.1 (52380096)|STATEMENT_EXECUTE|[18]
13:13:37.1 (52398448)|HEAP_ALLOCATE|[18]|Bytes:4
13:13:37.1 (52498350)|VARIABLE_ASSIGNMENT|[18]|this.QuoteId|"0Q0f40000009e9DCAQ"|0x8b4a3c1
13:13:37.1 (52518284)|VARIABLE_SCOPE_BEGIN|[18]|ql|QuoteLineItem|true|false
13:13:37.1 (52532219)|VARIABLE_ASSIGNMENT|[18]|ql|{"QuoteId":"0Q0f40000009e9DCAQ"}|0x8b4a3c1
13:13:37.1 (52538476)|STATEMENT_EXECUTE|[20]
13:13:37.1 (52542413)|HEAP_ALLOCATE|[20]|Bytes:8
13:13:37.1 (52611353)|HEAP_ALLOCATE|[20]|Bytes:42
13:13:37.1 (52632218)|HEAP_ALLOCATE|[20]|Bytes:50
13:13:37.1 (52652081)|USER_DEBUG|[20]|DEBUG|ql id : QuoteLineItem:{QuoteId=0Q0f40000009e9DCAQ}
13:13:37.1 (52660155)|STATEMENT_EXECUTE|[22]
13:13:37.1 (52674739)|HEAP_ALLOCATE|[22]|Bytes:8
13:13:37.1 (52684930)|DML_BEGIN|[22]|Op:Insert|Type:QuoteLineItem|Rows:1
13:13:37.1 (52721419)|HEAP_ALLOCATE|[EXTERNAL]|Bytes:8
13:13:37.1 (63878325)|DML_END|[22]
13:13:37.1 (64039364)|VF_PAGE_MESSAGE|Required fields are missing: [PricebookEntryId, Quantity, UnitPrice, Product2Id]
13:13:37.1 (64410908)|EXCEPTION_THROWN|[22]|System.DmlException: Insert failed. First exception on row 0; first error: REQUIRED_FIELD_MISSING, Required fields are missing: [PricebookEntryId, Quantity, UnitPrice, Product2Id]: [PricebookEntryId, Quantity, UnitPrice, Product2Id]
13:13:37.1 (64705871)|HEAP_ALLOCATE|[22]|Bytes:215
13:13:37.1 (64737863)|METHOD_EXIT|[1]|01pf4000009Vx35|CloneQuote.cloneQuote(Id)
13:13:37.1 (64749909)|SYSTEM_MODE_EXIT|false
13:13:37.1 (64845202)|FATAL_ERROR|System.DmlException: Insert failed. First exception on row 0; first error: REQUIRED_FIELD_MISSING, Required fields are missing: [PricebookEntryId, Quantity, UnitPrice, Product2Id]: [PricebookEntryId, Quantity, UnitPrice, Product2Id]

Class.CloneQuote.cloneQuote: line 22, column 1
AnonymousBlock: line 1, column 1
AnonymousBlock: line 1, column 1
13:13:37.64 (64859565)|CUMULATIVE_LIMIT_USAGE
13:13:37.64 (64859565)|LIMIT_USAGE_FOR_NS|(default)|
  Number of SOQL queries: 1 out of 100
  Number of query rows: 3 out of 50000
  Number of SOSL queries: 0 out of 20
  Number of DML statements: 2 out of 150
  Number of DML rows: 2 out of 10000
  Maximum CPU time: 0 out of 10000
  Maximum heap size: 0 out of 6000000
  Number of callouts: 0 out of 100
  Number of Email Invocations: 0 out of 10
  Number of future calls: 0 out of 50
  Number of queueable jobs added to the queue: 0 out of 50
  Number of Mobile Apex push calls: 0 out of 10

13:13:37.64 (64859565)|CUMULATIVE_LIMIT_USAGE_END

13:13:37.1 (64898040)|CODE_UNIT_FINISHED|execute_anonymous_apex
13:13:37.1 (66021979)|EXECUTION_FINISHED
