42.0 APEX_CODE,FINEST;APEX_PROFILING,INFO;CALLOUT,INFO;DB,INFO;SYSTEM,DEBUG;VALIDATION,INFO;VISUALFORCE,INFO;WAVE,INFO;WORKFLOW,INFO
09:40:47.0 (282789)|USER_INFO|[EXTERNAL]|005f4000001uuP2|nmolinam@deloitte.com|Hora de Venezuela|GMT-04:00
09:40:47.0 (311185)|EXECUTION_STARTED
09:40:47.0 (315015)|CODE_UNIT_STARTED|[EXTERNAL]|VisualForce View State
09:40:47.0 (51346951)|CODE_UNIT_FINISHED|VisualForce View State
09:40:47.0 (52311531)|EXECUTION_FINISHED
09:40:47.54 (54707864)|USER_INFO|[EXTERNAL]|005f4000001uuP2|nmolinam@deloitte.com|Hora de Venezuela|GMT-04:00
09:40:47.54 (54724810)|EXECUTION_STARTED
09:40:47.54 (54728720)|CODE_UNIT_STARTED|[EXTERNAL]|VF: /apex/editStaticResource.apexp
09:40:47.57 (57658091)|SYSTEM_MODE_ENTER|false
09:40:47.57 (96248180)|HEAP_ALLOCATE|[EXTERNAL]|Bytes:-4
09:40:47.98 (98179673)|CUMULATIVE_LIMIT_USAGE
09:40:47.98 (98179673)|LIMIT_USAGE_FOR_NS|(default)|
  Number of SOQL queries: 0 out of 100
  Number of query rows: 0 out of 50000
  Number of SOSL queries: 0 out of 20
  Number of DML statements: 0 out of 150
  Number of DML rows: 0 out of 10000
  Maximum CPU time: 0 out of 10000
  Maximum heap size: 0 out of 6000000
  Number of callouts: 0 out of 100
  Number of Email Invocations: 0 out of 10
  Number of future calls: 0 out of 50
  Number of queueable jobs added to the queue: 0 out of 50
  Number of Mobile Apex push calls: 0 out of 10

09:40:47.98 (98179673)|CUMULATIVE_LIMIT_USAGE_END

09:40:47.54 (98213129)|CODE_UNIT_FINISHED|VF: /apex/editStaticResource.apexp
09:40:47.54 (99027392)|EXECUTION_FINISHED
