36.0 APEX_CODE,FINEST;APEX_PROFILING,INFO;CALLOUT,INFO;DB,INFO;SYSTEM,DEBUG;VALIDATION,INFO;VISUALFORCE,INFO;WAVE,INFO;WORKFLOW,INFO
14:41:47.0 (326655)|USER_INFO|[EXTERNAL]|005f4000001uuP2|nmolinam@deloitte.com|Hora de Venezuela|GMT-04:00
14:41:47.0 (365963)|EXECUTION_STARTED
14:41:47.0 (370825)|CODE_UNIT_STARTED|[EXTERNAL]|066f4000003BL1y|VF: /apex/pdf
14:41:47.3 (3683320)|CUMULATIVE_LIMIT_USAGE
14:41:47.3 (3683320)|LIMIT_USAGE_FOR_NS|(default)|
  Number of SOQL queries: 0 out of 100
  Number of query rows: 0 out of 50000
  Number of SOSL queries: 0 out of 20
  Number of DML statements: 0 out of 150
  Number of DML rows: 0 out of 10000
  Maximum CPU time: 0 out of 10000
  Maximum heap size: 0 out of 6000000
  Number of callouts: 0 out of 100
  Number of Email Invocations: 0 out of 10
  Number of future calls: 0 out of 50
  Number of queueable jobs added to the queue: 0 out of 50
  Number of Mobile Apex push calls: 0 out of 10

14:41:47.3 (3683320)|CUMULATIVE_LIMIT_USAGE_END

14:41:47.0 (3721495)|CODE_UNIT_FINISHED|VF: /apex/pdf
14:41:47.0 (4515794)|EXECUTION_FINISHED
