42.0 APEX_CODE,FINEST;APEX_PROFILING,INFO;CALLOUT,INFO;DB,INFO;SYSTEM,DEBUG;VALIDATION,INFO;VISUALFORCE,INFO;WAVE,INFO;WORKFLOW,INFO
15:35:39.0 (68182)|USER_INFO|[EXTERNAL]|005f4000001uuP2|nmolinam@deloitte.com|Hora de Venezuela|GMT-04:00
15:35:39.0 (105393)|EXECUTION_STARTED
15:35:39.0 (110053)|CODE_UNIT_STARTED|[EXTERNAL]|Aura
15:35:39.0 (597507)|HEAP_ALLOCATE|[72]|Bytes:3
15:35:39.0 (634167)|HEAP_ALLOCATE|[77]|Bytes:152
15:35:39.0 (647481)|HEAP_ALLOCATE|[342]|Bytes:408
15:35:39.0 (660022)|HEAP_ALLOCATE|[355]|Bytes:408
15:35:39.0 (670880)|HEAP_ALLOCATE|[467]|Bytes:48
15:35:39.0 (694943)|HEAP_ALLOCATE|[139]|Bytes:6
15:35:39.0 (709108)|HEAP_ALLOCATE|[EXTERNAL]|Bytes:18
15:35:39.0 (718243)|HEAP_ALLOCATE|[EXTERNAL]|Bytes:4
15:35:39.0 (1993391)|CODE_UNIT_STARTED|[EXTERNAL]|01pf4000009Vx35|CloneQuote.cloneQuote
15:35:39.0 (2179982)|HEAP_ALLOCATE|[EXTERNAL]|Bytes:1
15:35:39.0 (2200273)|METHOD_ENTRY|[1]|01pf4000009Vx35|CloneQuote.CloneQuote()
15:35:39.0 (2207508)|STATEMENT_EXECUTE|[1]
15:35:39.0 (2213525)|STATEMENT_EXECUTE|[1]
15:35:39.0 (2250933)|HEAP_ALLOCATE|[50]|Bytes:5
15:35:39.0 (2284482)|HEAP_ALLOCATE|[56]|Bytes:5
15:35:39.0 (2293842)|HEAP_ALLOCATE|[64]|Bytes:7
15:35:39.0 (2329017)|SYSTEM_MODE_ENTER|false
15:35:39.0 (2342867)|HEAP_ALLOCATE|[EXTERNAL]|Bytes:5
15:35:39.0 (2350517)|SYSTEM_MODE_EXIT|false
15:35:39.0 (2360321)|METHOD_EXIT|[1]|CloneQuote
15:35:39.0 (2367609)|HEAP_ALLOCATE|[EXTERNAL]|Bytes:4
15:35:39.0 (2375195)|SYSTEM_MODE_ENTER|false
15:35:39.0 (2381155)|VARIABLE_SCOPE_BEGIN|[3]|quoteId|Id|false|false
15:35:39.0 (2717358)|VARIABLE_ASSIGNMENT|[3]|quoteId|"0Q0f40000009kKqCAI"
15:35:39.0 (2740122)|HEAP_ALLOCATE|[6]|Bytes:5
15:35:39.0 (2745999)|STATEMENT_EXECUTE|[3]
15:35:39.0 (2747824)|STATEMENT_EXECUTE|[4]
15:35:39.0 (2751606)|HEAP_ALLOCATE|[6]|Bytes:183
15:35:39.0 (2774554)|HEAP_ALLOCATE|[6]|Bytes:4
15:35:39.0 (2787498)|HEAP_ALLOCATE|[6]|Bytes:7
15:35:39.0 (3520931)|SOQL_EXECUTE_BEGIN|[6]|Aggregations:1|SELECT Name, OPPORTUNITYiD, Pricebook2Id, (SELECT QuoteId, Description, Discount, PricebookEntryId, Quantity, Product2Id, UnitPrice FROM QuoteLineItems) FROM QUOTE WHERE ID = :tmpVar1
15:35:39.0 (8538750)|SOQL_EXECUTE_END|[6]|Rows:1
15:35:39.0 (8586511)|HEAP_ALLOCATE|[6]|Bytes:8
15:35:39.0 (8612771)|HEAP_ALLOCATE|[6]|Bytes:113
15:35:39.0 (8732639)|HEAP_ALLOCATE|[6]|Bytes:8
15:35:39.0 (8750269)|HEAP_ALLOCATE|[4]|Bytes:31
15:35:39.0 (8800717)|HEAP_ALLOCATE|[4]|Bytes:20
15:35:39.0 (8813124)|VARIABLE_SCOPE_BEGIN|[4]|q1|Quote|true|false
15:35:39.0 (8853814)|VARIABLE_ASSIGNMENT|[4]|q1|{"Name":"QUOTE 2","OpportunityId":"006f400000AO4MJAA1","Pricebook2Id":"01sf4000003Vb8JAAS","Id":"0Q0f40000009kKqCAI"}|0x5c88e7f7
15:35:39.0 (8867151)|STATEMENT_EXECUTE|[11]
15:35:39.0 (8979371)|HEAP_ALLOCATE|[11]|Bytes:88
15:35:39.0 (8987779)|HEAP_ALLOCATE|[11]|Bytes:16
15:35:39.0 (9013188)|VARIABLE_SCOPE_BEGIN|[11]|q2|Quote|true|false
15:35:39.0 (9036887)|VARIABLE_ASSIGNMENT|[11]|q2|{"Name":"QUOTE 2","OpportunityId":"006f400000AO4MJAA1","Pricebook2Id":"01sf4000003Vb8JAAS"}|0x2b12e8ab
15:35:39.0 (9047376)|STATEMENT_EXECUTE|[12]
15:35:39.0 (9143948)|VARIABLE_ASSIGNMENT|[12]|this.Pricebook2Id|"01sf4000003Vb8JAAS"|0x2b12e8ab
15:35:39.0 (9155781)|STATEMENT_EXECUTE|[14]
15:35:39.0 (9188195)|HEAP_ALLOCATE|[14]|Bytes:8
15:35:39.0 (9198859)|DML_BEGIN|[14]|Op:Insert|Type:Quote|Rows:1
15:35:39.0 (9232610)|HEAP_ALLOCATE|[EXTERNAL]|Bytes:8
15:35:39.0 (48921071)|DML_END|[14]
15:35:39.0 (48939602)|HEAP_ALLOCATE|[14]|Bytes:-4
15:35:39.0 (48963840)|STATEMENT_EXECUTE|[15]
15:35:39.0 (49007677)|VARIABLE_SCOPE_BEGIN|[15]|idQuote|Id|false|false
15:35:39.0 (49131006)|VARIABLE_ASSIGNMENT|[15]|idQuote|"0Q0f40000009kLfCAI"
15:35:39.0 (49143862)|STATEMENT_EXECUTE|[18]
15:35:39.0 (49151081)|HEAP_ALLOCATE|[18]|Bytes:14
15:35:39.0 (49159267)|HEAP_ALLOCATE|[18]|Bytes:13
15:35:39.0 (49203042)|HEAP_ALLOCATE|[EXTERNAL]|Bytes:4
15:35:39.0 (49259014)|HEAP_ALLOCATE|[18]|Bytes:4
15:35:39.0 (49271709)|VARIABLE_SCOPE_BEGIN|[18]|items|List<QuoteLineItem>|true|false
15:35:39.0 (49290182)|VARIABLE_ASSIGNMENT|[18]|items|[]|0xa41296b
15:35:39.0 (49554269)|HEAP_ALLOCATE|[20]|Bytes:5
15:35:39.0 (49583510)|VARIABLE_ASSIGNMENT|[20]|i|null|
15:35:39.0 (49592844)|STATEMENT_EXECUTE|[20]
15:35:39.0 (49607668)|SYSTEM_MODE_EXIT|false
15:35:39.55 (55303916)|CUMULATIVE_LIMIT_USAGE
15:35:39.55 (55303916)|LIMIT_USAGE_FOR_NS|(default)|
  Number of SOQL queries: 1 out of 100
  Number of query rows: 1 out of 50000
  Number of SOSL queries: 0 out of 20
  Number of DML statements: 1 out of 150
  Number of DML rows: 1 out of 10000
  Maximum CPU time: 0 out of 10000
  Maximum heap size: 0 out of 6000000
  Number of callouts: 0 out of 100
  Number of Email Invocations: 0 out of 10
  Number of future calls: 0 out of 50
  Number of queueable jobs added to the queue: 0 out of 50
  Number of Mobile Apex push calls: 0 out of 10

15:35:39.55 (55303916)|CUMULATIVE_LIMIT_USAGE_END

15:35:39.0 (55339732)|CODE_UNIT_FINISHED|CloneQuote.cloneQuote
15:35:39.0 (55415812)|CODE_UNIT_FINISHED|Aura
15:35:39.0 (56332292)|EXECUTION_FINISHED
