42.0 APEX_CODE,FINEST;APEX_PROFILING,INFO;CALLOUT,INFO;DB,INFO;SYSTEM,DEBUG;VALIDATION,INFO;VISUALFORCE,INFO;WAVE,INFO;WORKFLOW,INFO
Execute Anonymous: CloneQuote.cloneQuote('0Q0f40000009bwtCAA');
13:19:04.1 (1110215)|USER_INFO|[EXTERNAL]|005f4000001uuP2|nmolinam@deloitte.com|Hora de Venezuela|GMT-04:00
13:19:04.1 (1131712)|EXECUTION_STARTED
13:19:04.1 (1135589)|CODE_UNIT_STARTED|[EXTERNAL]|execute_anonymous_apex
13:19:04.1 (1309342)|HEAP_ALLOCATE|[72]|Bytes:3
13:19:04.1 (1360878)|HEAP_ALLOCATE|[77]|Bytes:152
13:19:04.1 (1376550)|HEAP_ALLOCATE|[342]|Bytes:408
13:19:04.1 (1390809)|HEAP_ALLOCATE|[355]|Bytes:408
13:19:04.1 (1403195)|HEAP_ALLOCATE|[467]|Bytes:48
13:19:04.1 (1428324)|HEAP_ALLOCATE|[139]|Bytes:6
13:19:04.1 (1445206)|HEAP_ALLOCATE|[EXTERNAL]|Bytes:1
13:19:04.1 (1544590)|STATEMENT_EXECUTE|[1]
13:19:04.1 (1547626)|STATEMENT_EXECUTE|[1]
13:19:04.1 (1550677)|HEAP_ALLOCATE|[1]|Bytes:18
13:19:04.1 (1563728)|HEAP_ALLOCATE|[1]|Bytes:4
13:19:04.1 (1611302)|HEAP_ALLOCATE|[50]|Bytes:5
13:19:04.1 (1632283)|HEAP_ALLOCATE|[56]|Bytes:5
13:19:04.1 (1639903)|HEAP_ALLOCATE|[64]|Bytes:7
13:19:04.1 (1662797)|SYSTEM_MODE_ENTER|false
13:19:04.1 (1802670)|HEAP_ALLOCATE|[1]|Bytes:5
13:19:04.1 (2991593)|HEAP_ALLOCATE|[1]|Bytes:1
13:19:04.1 (3001793)|HEAP_ALLOCATE|[1]|Bytes:2
13:19:04.1 (3037065)|METHOD_ENTRY|[1]|01pf4000009Vx35|CloneQuote.CloneQuote()
13:19:04.1 (3044008)|STATEMENT_EXECUTE|[1]
13:19:04.1 (3048808)|STATEMENT_EXECUTE|[1]
13:19:04.1 (3059312)|HEAP_ALLOCATE|[1]|Bytes:5
13:19:04.1 (3079290)|METHOD_EXIT|[1]|CloneQuote
13:19:04.1 (3115853)|METHOD_ENTRY|[1]|01pf4000009Vx35|CloneQuote.cloneQuote(Id)
13:19:04.1 (3149142)|VARIABLE_SCOPE_BEGIN|[3]|quoteId|Id|false|false
13:19:04.1 (3275174)|VARIABLE_ASSIGNMENT|[3]|quoteId|"0Q0f40000009bwtCAA"
13:19:04.1 (3293832)|HEAP_ALLOCATE|[6]|Bytes:5
13:19:04.1 (3299911)|STATEMENT_EXECUTE|[3]
13:19:04.1 (3301713)|STATEMENT_EXECUTE|[4]
13:19:04.1 (3304410)|HEAP_ALLOCATE|[6]|Bytes:95
13:19:04.1 (3318713)|HEAP_ALLOCATE|[6]|Bytes:4
13:19:04.1 (3338975)|HEAP_ALLOCATE|[6]|Bytes:7
13:19:04.1 (3672936)|SOQL_EXECUTE_BEGIN|[6]|Aggregations:1|SELECT Name, OPPORTUNITYiD, (SELECT QuoteId FROM QuoteLineItems) FROM QUOTE WHERE ID = :tmpVar1
13:19:04.1 (7564285)|SOQL_EXECUTE_END|[6]|Rows:1
13:19:04.1 (7592026)|HEAP_ALLOCATE|[6]|Bytes:8
13:19:04.1 (7613304)|HEAP_ALLOCATE|[6]|Bytes:213
13:19:04.1 (7707005)|HEAP_ALLOCATE|[6]|Bytes:8
13:19:04.1 (7718129)|HEAP_ALLOCATE|[4]|Bytes:31
13:19:04.1 (7755503)|HEAP_ALLOCATE|[4]|Bytes:20
13:19:04.1 (7762779)|VARIABLE_SCOPE_BEGIN|[4]|q1|Quote|true|false
13:19:04.1 (7793594)|VARIABLE_ASSIGNMENT|[4]|q1|{"Name":"QUOTE 2","OpportunityId":"006f400000AO4MJAA1","Id":"0Q0f40000009bwtCAA","QuoteLineItems":[{"QuoteId":"0Q0f40000009bwtCAA","Id":"0QLf4000000sNKqGAM"},{"QuoteId":"0Q0f40000009bwtCAA","Id":"0QLf4000000sNKrGAM"}]}|0x69651a1a
13:19:04.1 (7802226)|STATEMENT_EXECUTE|[10]
13:19:04.1 (7886083)|HEAP_ALLOCATE|[10]|Bytes:188
13:19:04.1 (7893024)|HEAP_ALLOCATE|[10]|Bytes:16
13:19:04.1 (7941315)|VARIABLE_SCOPE_BEGIN|[10]|q2|Quote|true|false
13:19:04.1 (7960466)|VARIABLE_ASSIGNMENT|[10]|q2|{"Name":"QUOTE 2","OpportunityId":"006f400000AO4MJAA1","QuoteLineItems":[{"QuoteId":"0Q0f40000009bwtCAA","Id":"0QLf4000000sNKqGAM"},{"QuoteId":"0Q0f40000009bwtCAA","Id":"0QLf4000000sNKrGAM"}]}|0x4e488aa9
13:19:04.1 (7967821)|STATEMENT_EXECUTE|[12]
13:19:04.1 (7990355)|HEAP_ALLOCATE|[12]|Bytes:8
13:19:04.1 (8001115)|DML_BEGIN|[12]|Op:Insert|Type:Quote|Rows:1
13:19:04.1 (8031144)|HEAP_ALLOCATE|[EXTERNAL]|Bytes:8
13:19:04.1 (58055523)|DML_END|[12]
13:19:04.1 (58072065)|HEAP_ALLOCATE|[12]|Bytes:-4
13:19:04.1 (58092265)|STATEMENT_EXECUTE|[13]
13:19:04.1 (58142210)|VARIABLE_SCOPE_BEGIN|[13]|idQuote|Id|false|false
13:19:04.1 (58254268)|VARIABLE_ASSIGNMENT|[13]|idQuote|"0Q0f40000009e9SCAQ"
13:19:04.1 (58268973)|STATEMENT_EXECUTE|[15]
13:19:04.1 (58276802)|HEAP_ALLOCATE|[15]|Bytes:14
13:19:04.1 (58284468)|HEAP_ALLOCATE|[15]|Bytes:13
13:19:04.1 (58332817)|HEAP_ALLOCATE|[EXTERNAL]|Bytes:12
13:19:04.1 (58437427)|HEAP_ALLOCATE|[15]|Bytes:12
13:19:04.1 (58466464)|VARIABLE_SCOPE_BEGIN|[15]|items|List<QuoteLineItem>|true|false
13:19:04.1 (58497664)|VARIABLE_ASSIGNMENT|[15]|items|[{"QuoteId":"0Q0f40000009bwtCAA","Id":"0QLf4000000sNKqGAM"},{"QuoteId":"0Q0f40000009bwtCAA","Id":"0QLf4000000sNKrGAM"}]|0x6ac8957b
13:19:04.1 (58737698)|HEAP_ALLOCATE|[17]|Bytes:5
13:19:04.1 (58757598)|HEAP_ALLOCATE|[17]|Bytes:12
13:19:04.1 (58766314)|VARIABLE_SCOPE_BEGIN|[17]|i|QuoteLineItem|true|false
13:19:04.1 (58782259)|VARIABLE_ASSIGNMENT|[17]|i|{"QuoteId":"0Q0f40000009bwtCAA","Id":"0QLf4000000sNKqGAM"}|0x3801cf30
13:19:04.1 (58789229)|STATEMENT_EXECUTE|[17]
13:19:04.1 (58791188)|STATEMENT_EXECUTE|[18]
13:19:04.1 (58811290)|HEAP_ALLOCATE|[18]|Bytes:4
13:19:04.1 (58892964)|VARIABLE_SCOPE_BEGIN|[18]|ql|QuoteLineItem|true|false
13:19:04.1 (58909005)|VARIABLE_ASSIGNMENT|[18]|ql|{}|0x1d064f45
13:19:04.1 (58919022)|STATEMENT_EXECUTE|[19]
13:19:04.1 (58985999)|VARIABLE_ASSIGNMENT|[19]|this.QuoteId|"0Q0f40000009e9SCAQ"|0x1d064f45
13:19:04.1 (58992480)|STATEMENT_EXECUTE|[20]
13:19:04.1 (58996454)|HEAP_ALLOCATE|[20]|Bytes:8
13:19:04.1 (59070915)|HEAP_ALLOCATE|[20]|Bytes:42
13:19:04.1 (59092759)|HEAP_ALLOCATE|[20]|Bytes:50
13:19:04.1 (59114767)|USER_DEBUG|[20]|DEBUG|ql id : QuoteLineItem:{QuoteId=0Q0f40000009e9SCAQ}
13:19:04.1 (59123294)|STATEMENT_EXECUTE|[21]
13:19:04.1 (59137583)|HEAP_ALLOCATE|[21]|Bytes:8
13:19:04.1 (59148236)|DML_BEGIN|[21]|Op:Insert|Type:QuoteLineItem|Rows:1
13:19:04.1 (59183036)|HEAP_ALLOCATE|[EXTERNAL]|Bytes:8
13:19:04.1 (69372011)|DML_END|[21]
13:19:04.1 (69522063)|VF_PAGE_MESSAGE|Required fields are missing: [PricebookEntryId, Quantity, UnitPrice, Product2Id]
13:19:04.1 (69889655)|EXCEPTION_THROWN|[21]|System.DmlException: Insert failed. First exception on row 0; first error: REQUIRED_FIELD_MISSING, Required fields are missing: [PricebookEntryId, Quantity, UnitPrice, Product2Id]: [PricebookEntryId, Quantity, UnitPrice, Product2Id]
13:19:04.1 (70200760)|HEAP_ALLOCATE|[21]|Bytes:215
13:19:04.1 (70225441)|METHOD_EXIT|[1]|01pf4000009Vx35|CloneQuote.cloneQuote(Id)
13:19:04.1 (70235288)|SYSTEM_MODE_EXIT|false
13:19:04.1 (70317007)|FATAL_ERROR|System.DmlException: Insert failed. First exception on row 0; first error: REQUIRED_FIELD_MISSING, Required fields are missing: [PricebookEntryId, Quantity, UnitPrice, Product2Id]: [PricebookEntryId, Quantity, UnitPrice, Product2Id]

Class.CloneQuote.cloneQuote: line 21, column 1
AnonymousBlock: line 1, column 1
AnonymousBlock: line 1, column 1
13:19:04.70 (70332118)|CUMULATIVE_LIMIT_USAGE
13:19:04.70 (70332118)|LIMIT_USAGE_FOR_NS|(default)|
  Number of SOQL queries: 1 out of 100
  Number of query rows: 3 out of 50000
  Number of SOSL queries: 0 out of 20
  Number of DML statements: 2 out of 150
  Number of DML rows: 2 out of 10000
  Maximum CPU time: 0 out of 10000
  Maximum heap size: 0 out of 6000000
  Number of callouts: 0 out of 100
  Number of Email Invocations: 0 out of 10
  Number of future calls: 0 out of 50
  Number of queueable jobs added to the queue: 0 out of 50
  Number of Mobile Apex push calls: 0 out of 10

13:19:04.70 (70332118)|CUMULATIVE_LIMIT_USAGE_END

13:19:04.1 (70373842)|CODE_UNIT_FINISHED|execute_anonymous_apex
13:19:04.1 (71441229)|EXECUTION_FINISHED
