42.0 APEX_CODE,FINEST;APEX_PROFILING,INFO;CALLOUT,INFO;DB,INFO;SYSTEM,DEBUG;VALIDATION,INFO;VISUALFORCE,INFO;WAVE,INFO;WORKFLOW,INFO
09:57:11.0 (309700)|USER_INFO|[EXTERNAL]|005f4000001uuP2|nmolinam@deloitte.com|Hora de Venezuela|GMT-04:00
09:57:11.0 (341837)|EXECUTION_STARTED
09:57:11.0 (347405)|CODE_UNIT_STARTED|[EXTERNAL]|Aura
09:57:11.0 (1932131)|CODE_UNIT_STARTED|[EXTERNAL]|01pf4000008WnsX|ViewQuotePDF.getPDF
09:57:11.0 (2136571)|HEAP_ALLOCATE|[72]|Bytes:3
09:57:11.0 (2173768)|HEAP_ALLOCATE|[77]|Bytes:152
09:57:11.0 (2194026)|HEAP_ALLOCATE|[342]|Bytes:408
09:57:11.0 (2207179)|HEAP_ALLOCATE|[355]|Bytes:408
09:57:11.0 (2217873)|HEAP_ALLOCATE|[467]|Bytes:48
09:57:11.0 (2244043)|HEAP_ALLOCATE|[139]|Bytes:6
09:57:11.0 (2260244)|HEAP_ALLOCATE|[EXTERNAL]|Bytes:7
09:57:11.0 (2267022)|HEAP_ALLOCATE|[EXTERNAL]|Bytes:8
09:57:11.0 (2276881)|METHOD_ENTRY|[1]|01pf4000008WnsX|ViewQuotePDF.ViewQuotePDF()
09:57:11.0 (2282615)|STATEMENT_EXECUTE|[1]
09:57:11.0 (2287685)|STATEMENT_EXECUTE|[1]
09:57:11.0 (2320779)|HEAP_ALLOCATE|[50]|Bytes:5
09:57:11.0 (2342022)|HEAP_ALLOCATE|[56]|Bytes:5
09:57:11.0 (2349221)|HEAP_ALLOCATE|[64]|Bytes:7
09:57:11.0 (2370617)|SYSTEM_MODE_ENTER|false
09:57:11.0 (2385462)|HEAP_ALLOCATE|[EXTERNAL]|Bytes:5
09:57:11.0 (2392890)|SYSTEM_MODE_EXIT|false
09:57:11.0 (2401157)|METHOD_EXIT|[1]|ViewQuotePDF
09:57:11.0 (2410254)|SYSTEM_MODE_ENTER|false
09:57:11.0 (2423056)|HEAP_ALLOCATE|[4]|Bytes:5
09:57:11.0 (2427871)|STATEMENT_EXECUTE|[3]
09:57:11.0 (2429566)|STATEMENT_EXECUTE|[4]
09:57:11.0 (2525063)|HEAP_ALLOCATE|[4]|Bytes:4
09:57:11.0 (2614808)|VARIABLE_SCOPE_BEGIN|[4]|quotes|List<Quote>|true|false
09:57:11.0 (2629319)|HEAP_ALLOCATE|[EXTERNAL]|Bytes:4
09:57:11.0 (2651349)|VARIABLE_ASSIGNMENT|[4]|quotes|[]|0xfabe5d3
09:57:11.0 (2657030)|STATEMENT_EXECUTE|[5]
09:57:11.0 (2660766)|VARIABLE_SCOPE_BEGIN|[5]|pfdBase64|String|false|false
09:57:11.0 (2670197)|VARIABLE_ASSIGNMENT|[5]|pfdBase64|null
09:57:11.0 (2676789)|HEAP_ALLOCATE|[7]|Bytes:22
09:57:11.0 (2693962)|HEAP_ALLOCATE|[7]|Bytes:4
09:57:11.0 (2995496)|SOQL_EXECUTE_BEGIN|[7]|Aggregations:0|SELECT Name FROM Quote
09:57:11.0 (4681555)|SOQL_EXECUTE_END|[7]|Rows:1
09:57:11.0 (4701976)|HEAP_ALLOCATE|[EXTERNAL]|Bytes:8
09:57:11.0 (4843063)|HEAP_ALLOCATE|[7]|Bytes:54
09:57:11.0 (4851852)|HEAP_ALLOCATE|[7]|Bytes:8
09:57:11.0 (4860401)|SYSTEM_METHOD_ENTRY|[7]|QueryLocatorIterator.QueryLocatorIterator()
09:57:11.0 (4864624)|STATEMENT_EXECUTE|[7]
09:57:11.0 (4871471)|SYSTEM_METHOD_EXIT|[7]|QueryLocatorIterator
09:57:11.0 (4878820)|HEAP_ALLOCATE|[7]|Bytes:28
09:57:11.0 (4911352)|HEAP_ALLOCATE|[7]|Bytes:8
09:57:11.0 (4924944)|HEAP_ALLOCATE|[7]|Bytes:8
09:57:11.0 (4928277)|HEAP_ALLOCATE|[7]|Bytes:8
09:57:11.0 (4933599)|VARIABLE_SCOPE_BEGIN|[15]|this|Database.QueryLocatorIterator|true|false
09:57:11.0 (4993487)|VARIABLE_ASSIGNMENT|[15]|this|{}|0x1f4905f2
09:57:11.0 (5001129)|VARIABLE_SCOPE_BEGIN|[15]|values|List<SObject>|true|false
09:57:11.0 (5020403)|VARIABLE_ASSIGNMENT|[15]|values|[{"Name":"first quote","Id":"0Q0f40000009VVICA2"}]|0x437bf77a
09:57:11.0 (5026344)|VARIABLE_SCOPE_BEGIN|[15]|ql|Database.QueryLocator|true|false
09:57:11.0 (5041133)|VARIABLE_ASSIGNMENT|[15]|ql|{"query":"SELECT Name FROM Quo (2 more) ..."}|0x46d6ebe9
09:57:11.0 (5046421)|VARIABLE_SCOPE_BEGIN|[15]|totalNumRecords|Integer|false|false
09:57:11.0 (5054919)|VARIABLE_ASSIGNMENT|[15]|totalNumRecords|1
09:57:11.0 (5059559)|VARIABLE_SCOPE_BEGIN|[15]|queryMoreSize|Integer|false|false
09:57:11.0 (5066293)|VARIABLE_ASSIGNMENT|[15]|queryMoreSize|49999
09:57:11.0 (5153010)|HEAP_ALLOCATE|[7]|Bytes:28
09:57:11.0 (5173004)|METHOD_ENTRY|[7]||Database.QueryLocatorIterator.hasNext()
09:57:11.0 (5222962)|METHOD_EXIT|[7]||Database.QueryLocatorIterator.hasNext()
09:57:11.0 (5230339)|METHOD_ENTRY|[7]||Database.QueryLocatorIterator.next()
09:57:11.0 (5299788)|METHOD_EXIT|[7]||Database.QueryLocatorIterator.next()
09:57:11.0 (5308888)|VARIABLE_SCOPE_BEGIN|[7]|q|Quote|true|false
09:57:11.0 (5323196)|VARIABLE_ASSIGNMENT|[7]|q|{"Name":"first quote","Id":"0Q0f40000009VVICA2"}|0x7785f9a0
09:57:11.0 (5329839)|STATEMENT_EXECUTE|[7]
09:57:11.0 (5331907)|STATEMENT_EXECUTE|[8]
09:57:11.0 (5359156)|HEAP_ALLOCATE|[EXTERNAL]|Bytes:4
09:57:11.0 (5370395)|METHOD_ENTRY|[7]||Database.QueryLocatorIterator.hasNext()
09:57:11.0 (5382183)|METHOD_EXIT|[7]||Database.QueryLocatorIterator.hasNext()
09:57:11.0 (5390131)|VARIABLE_ASSIGNMENT|[7]|q|null|
09:57:11.0 (5418825)|STATEMENT_EXECUTE|[13]
09:57:11.0 (5505127)|HEAP_ALLOCATE|[14]|Bytes:5
09:57:11.0 (5534579)|HEAP_ALLOCATE|[14]|Bytes:12
09:57:11.0 (5541839)|VARIABLE_SCOPE_BEGIN|[14]|q|Quote|true|false
09:57:11.0 (5554664)|VARIABLE_ASSIGNMENT|[14]|q|{"Name":"first quote","Id":"0Q0f40000009VVICA2"}|0x7785f9a0
09:57:11.0 (5560583)|STATEMENT_EXECUTE|[14]
09:57:11.0 (5562330)|STATEMENT_EXECUTE|[15]
09:57:11.0 (5565256)|HEAP_ALLOCATE|[15]|Bytes:20
09:57:11.0 (5609284)|HEAP_ALLOCATE|[15]|Bytes:31
09:57:11.0 (5634990)|USER_DEBUG|[15]|DEBUG|nombre de la quote: first quote
09:57:11.0 (5649393)|HEAP_ALLOCATE|[14]|Bytes:5
09:57:11.0 (5659885)|VARIABLE_ASSIGNMENT|[14]|q|null|
09:57:11.0 (5664584)|STATEMENT_EXECUTE|[18]
09:57:11.0 (5667299)|HEAP_ALLOCATE|[18]|Bytes:53
09:57:11.0 (5678226)|HEAP_ALLOCATE|[18]|Bytes:4
09:57:11.0 (5684612)|HEAP_ALLOCATE|[18]|Bytes:7
09:57:11.0 (5708313)|HEAP_ALLOCATE|[18]|Bytes:12
09:57:11.0 (6199879)|SOQL_EXECUTE_BEGIN|[18]|Aggregations:0|SELECT Body FROM Attachment WHERE ParentId = :tmpVar1
09:57:11.0 (8930426)|SOQL_EXECUTE_END|[18]|Rows:0
09:57:11.0 (8951870)|HEAP_ALLOCATE|[18]|Bytes:4
09:57:11.0 (8961215)|HEAP_ALLOCATE|[18]|Bytes:0
09:57:11.0 (9013544)|HEAP_ALLOCATE|[18]|Bytes:4
09:57:11.0 (9025751)|VARIABLE_SCOPE_BEGIN|[18]|attachements|List<Attachment>|true|false
09:57:11.0 (9040473)|VARIABLE_ASSIGNMENT|[18]|attachements|[]|0x5f728833
09:57:11.0 (9046331)|STATEMENT_EXECUTE|[20]
09:57:11.0 (9050054)|HEAP_ALLOCATE|[20]|Bytes:21
09:57:11.0 (9071703)|USER_DEBUG|[20]|DEBUG|before blob to string
09:57:11.0 (9080192)|STATEMENT_EXECUTE|[25]
09:57:11.0 (9088731)|METHOD_ENTRY|[25]|01pf4000008WnsX|ViewQuotePDF.StringPDF()
09:57:11.0 (9114883)|HEAP_ALLOCATE|[36]|Bytes:5
09:57:11.0 (9119887)|STATEMENT_EXECUTE|[34]
09:57:11.0 (9121666)|STATEMENT_EXECUTE|[35]
09:57:11.0 (9124371)|HEAP_ALLOCATE|[36]|Bytes:988
09:57:11.0 (9132518)|METHOD_EXIT|[25]|01pf4000008WnsX|ViewQuotePDF.StringPDF()
09:57:11.0 (10978129)|HEAP_ALLOCATE|[25]|Bytes:4
09:57:11.0 (11017005)|VARIABLE_SCOPE_BEGIN|[25]|b|Blob|false|false
09:57:11.0 (11035530)|VARIABLE_ASSIGNMENT|[25]|b|BLOB(1435 bytes)
09:57:11.0 (11041837)|STATEMENT_EXECUTE|[26]
09:57:11.0 (11073975)|HEAP_ALLOCATE|[26]|Bytes:15
09:57:11.0 (11085113)|SYSTEM_METHOD_ENTRY|[1]|EncodingUtil.EncodingUtil()
09:57:11.0 (11089349)|STATEMENT_EXECUTE|[1]
09:57:11.0 (11095988)|SYSTEM_METHOD_EXIT|[1]|EncodingUtil
09:57:11.0 (11106373)|METHOD_ENTRY|[26]||System.EncodingUtil.base64Encode(Blob)
09:57:11.0 (11183505)|METHOD_EXIT|[26]||System.EncodingUtil.base64Encode(Blob)
09:57:11.0 (11200995)|SYSTEM_MODE_EXIT|false
09:57:11.11 (11227369)|CUMULATIVE_LIMIT_USAGE
09:57:11.11 (11227369)|LIMIT_USAGE_FOR_NS|(default)|
  Number of SOQL queries: 2 out of 100
  Number of query rows: 1 out of 50000
  Number of SOSL queries: 0 out of 20
  Number of DML statements: 0 out of 150
  Number of DML rows: 0 out of 10000
  Maximum CPU time: 0 out of 10000
  Maximum heap size: 0 out of 6000000
  Number of callouts: 0 out of 100
  Number of Email Invocations: 0 out of 10
  Number of future calls: 0 out of 50
  Number of queueable jobs added to the queue: 0 out of 50
  Number of Mobile Apex push calls: 0 out of 10

09:57:11.11 (11227369)|CUMULATIVE_LIMIT_USAGE_END

09:57:11.0 (11255494)|CODE_UNIT_FINISHED|ViewQuotePDF.getPDF
09:57:11.0 (11347856)|CODE_UNIT_FINISHED|Aura
09:57:11.0 (12776009)|EXECUTION_FINISHED
