42.0 APEX_CODE,FINEST;APEX_PROFILING,INFO;CALLOUT,INFO;DB,INFO;SYSTEM,DEBUG;VALIDATION,INFO;VISUALFORCE,INFO;WAVE,INFO;WORKFLOW,INFO
14:12:22.0 (336593)|USER_INFO|[EXTERNAL]|005f4000001uuP2|nmolinam@deloitte.com|Hora de Venezuela|GMT-04:00
14:12:22.0 (371413)|EXECUTION_STARTED
14:12:22.0 (376199)|CODE_UNIT_STARTED|[EXTERNAL]|VisualForce View State
14:12:22.0 (169575796)|HEAP_ALLOCATE|[72]|Bytes:3
14:12:22.0 (169632074)|HEAP_ALLOCATE|[77]|Bytes:152
14:12:22.0 (169646261)|HEAP_ALLOCATE|[342]|Bytes:408
14:12:22.0 (169658221)|HEAP_ALLOCATE|[355]|Bytes:408
14:12:22.0 (169668985)|HEAP_ALLOCATE|[467]|Bytes:48
14:12:22.0 (169728834)|HEAP_ALLOCATE|[139]|Bytes:6
14:12:22.0 (169758591)|HEAP_ALLOCATE|[50]|Bytes:5
14:12:22.0 (169793556)|HEAP_ALLOCATE|[56]|Bytes:5
14:12:22.0 (169807675)|HEAP_ALLOCATE|[64]|Bytes:7
14:12:22.0 (171533672)|CODE_UNIT_FINISHED|VisualForce View State
14:12:22.0 (173027072)|EXECUTION_FINISHED
14:12:22.174 (174509504)|USER_INFO|[EXTERNAL]|005f4000001uuP2|nmolinam@deloitte.com|Hora de Venezuela|GMT-04:00
14:12:22.174 (174558035)|SYSTEM_MODE_ENTER|true
14:12:22.174 (174678011)|HEAP_ALLOCATE|[EXTERNAL]|Bytes:38
14:12:22.174 (174712723)|HEAP_ALLOCATE|[EXTERNAL]|Bytes:7
14:12:22.174 (174741483)|SYSTEM_METHOD_ENTRY|[1]|PageMessagesComponentController.PageMessagesComponentController()
14:12:22.174 (174749184)|STATEMENT_EXECUTE|[1]
14:12:22.410 (410608499)|CUMULATIVE_LIMIT_USAGE
14:12:22.410 (410608499)|LIMIT_USAGE_FOR_NS|(default)|
  Number of SOQL queries: 0 out of 100
  Number of query rows: 0 out of 50000
  Number of SOSL queries: 0 out of 20
  Number of DML statements: 0 out of 150
  Number of DML rows: 0 out of 10000
  Maximum CPU time: 0 out of 10000
  Maximum heap size: 0 out of 6000000
  Number of callouts: 0 out of 100
  Number of Email Invocations: 0 out of 10
  Number of future calls: 0 out of 50
  Number of queueable jobs added to the queue: 0 out of 50
  Number of Mobile Apex push calls: 0 out of 10

14:12:22.410 (410608499)|CUMULATIVE_LIMIT_USAGE_END

