42.0 APEX_CODE,FINEST;APEX_PROFILING,INFO;CALLOUT,INFO;DB,INFO;SYSTEM,DEBUG;VALIDATION,INFO;VISUALFORCE,INFO;WAVE,INFO;WORKFLOW,INFO
Execute Anonymous: CloneQuote.cloneQuote('0Q0f40000009bwtCAA');
13:26:10.1 (1078953)|USER_INFO|[EXTERNAL]|005f4000001uuP2|nmolinam@deloitte.com|Hora de Venezuela|GMT-04:00
13:26:10.1 (1099922)|EXECUTION_STARTED
13:26:10.1 (1104384)|CODE_UNIT_STARTED|[EXTERNAL]|execute_anonymous_apex
13:26:10.1 (1247868)|HEAP_ALLOCATE|[72]|Bytes:3
13:26:10.1 (1277612)|HEAP_ALLOCATE|[77]|Bytes:152
13:26:10.1 (1294585)|HEAP_ALLOCATE|[342]|Bytes:408
13:26:10.1 (1309487)|HEAP_ALLOCATE|[355]|Bytes:408
13:26:10.1 (1320556)|HEAP_ALLOCATE|[467]|Bytes:48
13:26:10.1 (1345567)|HEAP_ALLOCATE|[139]|Bytes:6
13:26:10.1 (1362907)|HEAP_ALLOCATE|[EXTERNAL]|Bytes:1
13:26:10.1 (1423548)|STATEMENT_EXECUTE|[1]
13:26:10.1 (1426370)|STATEMENT_EXECUTE|[1]
13:26:10.1 (1429379)|HEAP_ALLOCATE|[1]|Bytes:18
13:26:10.1 (1440507)|HEAP_ALLOCATE|[1]|Bytes:4
13:26:10.1 (1479774)|HEAP_ALLOCATE|[50]|Bytes:5
13:26:10.1 (1496974)|HEAP_ALLOCATE|[56]|Bytes:5
13:26:10.1 (1504443)|HEAP_ALLOCATE|[64]|Bytes:7
13:26:10.1 (1556124)|SYSTEM_MODE_ENTER|false
13:26:10.1 (1574299)|HEAP_ALLOCATE|[1]|Bytes:5
13:26:10.1 (2526454)|HEAP_ALLOCATE|[1]|Bytes:1
13:26:10.1 (2536407)|HEAP_ALLOCATE|[1]|Bytes:2
13:26:10.1 (2550409)|METHOD_ENTRY|[1]|01pf4000009Vx35|CloneQuote.CloneQuote()
13:26:10.1 (2556179)|STATEMENT_EXECUTE|[1]
13:26:10.1 (2560207)|STATEMENT_EXECUTE|[1]
13:26:10.1 (2575245)|HEAP_ALLOCATE|[1]|Bytes:5
13:26:10.1 (2585251)|METHOD_EXIT|[1]|CloneQuote
13:26:10.1 (2607667)|METHOD_ENTRY|[1]|01pf4000009Vx35|CloneQuote.cloneQuote(Id)
13:26:10.1 (2633200)|VARIABLE_SCOPE_BEGIN|[3]|quoteId|Id|false|false
13:26:10.1 (2760655)|VARIABLE_ASSIGNMENT|[3]|quoteId|"0Q0f40000009bwtCAA"
13:26:10.1 (2778843)|HEAP_ALLOCATE|[6]|Bytes:5
13:26:10.1 (2784223)|STATEMENT_EXECUTE|[3]
13:26:10.1 (2785864)|STATEMENT_EXECUTE|[4]
13:26:10.1 (2789165)|HEAP_ALLOCATE|[6]|Bytes:158
13:26:10.1 (2804368)|HEAP_ALLOCATE|[6]|Bytes:4
13:26:10.1 (2814308)|HEAP_ALLOCATE|[6]|Bytes:7
13:26:10.1 (3181222)|SOQL_EXECUTE_BEGIN|[6]|Aggregations:1|SELECT Name, OPPORTUNITYiD, (SELECT QuoteId, Description, Discount, PricebookEntryId, Quantity, Product2Id FROM QuoteLineItems) FROM QUOTE WHERE ID = :tmpVar1
13:26:10.1 (7475872)|SOQL_EXECUTE_END|[6]|Rows:1
13:26:10.1 (7501910)|HEAP_ALLOCATE|[6]|Bytes:8
13:26:10.1 (7522376)|HEAP_ALLOCATE|[6]|Bytes:449
13:26:10.1 (7642743)|HEAP_ALLOCATE|[6]|Bytes:8
13:26:10.1 (7660112)|HEAP_ALLOCATE|[4]|Bytes:31
13:26:10.1 (7697500)|HEAP_ALLOCATE|[4]|Bytes:20
13:26:10.1 (7705961)|VARIABLE_SCOPE_BEGIN|[4]|q1|Quote|true|false
13:26:10.1 (7743292)|VARIABLE_ASSIGNMENT|[4]|q1|{"Name":"QUOTE 2","OpportunityId":"006f400000AO4MJAA1","Id":"0Q0f40000009bwtCAA","QuoteLineItems":[{"QuoteId":"0Q0f40000009bwtCAA","Id":"0QLf4000000sNKqGAM","PricebookEntryId":"01uf4000002Sio9AAC","Quantity":1.00,"Product2Id":"01tf4000001E5PCAA0"},{"QuoteId":"0Q0f40000009bwtCAA","Id":"0QLf4000000sNKrGAM","PricebookEntryId":"01uf4000002SioGAAS","Quantity":3.00,"Product2Id":"01tf4000001E5PJAA0"}]}|0x59c7329c
13:26:10.1 (7754455)|STATEMENT_EXECUTE|[11]
13:26:10.1 (8078010)|HEAP_ALLOCATE|[11]|Bytes:424
13:26:10.1 (8086527)|HEAP_ALLOCATE|[11]|Bytes:16
13:26:10.1 (8106139)|VARIABLE_SCOPE_BEGIN|[11]|q2|Quote|true|false
13:26:10.1 (8133234)|VARIABLE_ASSIGNMENT|[11]|q2|{"Name":"QUOTE 2","OpportunityId":"006f400000AO4MJAA1","QuoteLineItems":[{"QuoteId":"0Q0f40000009bwtCAA","Id":"0QLf4000000sNKqGAM","PricebookEntryId":"01uf4000002Sio9AAC","Quantity":1.00,"Product2Id":"01tf4000001E5PCAA0"},{"QuoteId":"0Q0f40000009bwtCAA","Id":"0QLf4000000sNKrGAM","PricebookEntryId":"01uf4000002SioGAAS","Quantity":3.00,"Product2Id":"01tf4000001E5PJAA0"}]}|0x51277391
13:26:10.1 (8143094)|STATEMENT_EXECUTE|[13]
13:26:10.1 (8167903)|HEAP_ALLOCATE|[13]|Bytes:8
13:26:10.1 (8179506)|DML_BEGIN|[13]|Op:Insert|Type:Quote|Rows:1
13:26:10.1 (8202283)|HEAP_ALLOCATE|[EXTERNAL]|Bytes:8
13:26:10.1 (46863950)|DML_END|[13]
13:26:10.1 (47140028)|HEAP_ALLOCATE|[13]|Bytes:-4
13:26:10.1 (47160658)|STATEMENT_EXECUTE|[14]
13:26:10.1 (47186689)|VARIABLE_SCOPE_BEGIN|[14]|idQuote|Id|false|false
13:26:10.1 (47265383)|VARIABLE_ASSIGNMENT|[14]|idQuote|"0Q0f40000009e9rCAA"
13:26:10.1 (47272535)|STATEMENT_EXECUTE|[16]
13:26:10.1 (47278001)|HEAP_ALLOCATE|[16]|Bytes:14
13:26:10.1 (47284974)|HEAP_ALLOCATE|[16]|Bytes:13
13:26:10.1 (47320560)|HEAP_ALLOCATE|[EXTERNAL]|Bytes:12
13:26:10.1 (47372405)|HEAP_ALLOCATE|[16]|Bytes:12
13:26:10.1 (47384522)|VARIABLE_SCOPE_BEGIN|[16]|items|List<QuoteLineItem>|true|false
13:26:10.1 (47421351)|VARIABLE_ASSIGNMENT|[16]|items|[{"QuoteId":"0Q0f40000009bwtCAA","Id":"0QLf4000000sNKqGAM","PricebookEntryId":"01uf4000002Sio9AAC","Quantity":1.00,"Product2Id":"01tf4000001E5PCAA0"},{"QuoteId":"0Q0f40000009bwtCAA","Id":"0QLf4000000sNKrGAM","PricebookEntryId":"01uf4000002SioGAAS","Quantity":3.00,"Product2Id":"01tf4000001E5PJAA0"}]|0x5f386b3e
13:26:10.1 (47584315)|HEAP_ALLOCATE|[18]|Bytes:5
13:26:10.1 (47601128)|HEAP_ALLOCATE|[18]|Bytes:24
13:26:10.1 (47608974)|VARIABLE_SCOPE_BEGIN|[18]|i|QuoteLineItem|true|false
13:26:10.1 (47625880)|VARIABLE_ASSIGNMENT|[18]|i|{"QuoteId":"0Q0f40000009bwtCAA","Id":"0QLf4000000sNKqGAM","PricebookEntryId":"01uf4000002Sio9AAC","Quantity":1.00,"Product2Id":"01tf4000001E5PCAA0"}|0x6d1c227b
13:26:10.1 (47633295)|STATEMENT_EXECUTE|[18]
13:26:10.1 (47635174)|STATEMENT_EXECUTE|[19]
13:26:10.1 (47651545)|HEAP_ALLOCATE|[19]|Bytes:4
13:26:10.1 (47705832)|VARIABLE_SCOPE_BEGIN|[19]|ql|QuoteLineItem|true|false
13:26:10.1 (47721817)|VARIABLE_ASSIGNMENT|[19]|ql|{}|0x21e47fab
13:26:10.1 (47727067)|STATEMENT_EXECUTE|[20]
13:26:10.1 (47779639)|VARIABLE_ASSIGNMENT|[20]|this.QuoteId|"0Q0f40000009e9rCAA"|0x21e47fab
13:26:10.1 (47786238)|STATEMENT_EXECUTE|[21]
13:26:10.1 (47809550)|VARIABLE_ASSIGNMENT|[21]|this.Description|null|0x21e47fab
13:26:10.1 (47815741)|STATEMENT_EXECUTE|[22]
13:26:10.1 (47832224)|VARIABLE_ASSIGNMENT|[22]|this.Discount|null|0x21e47fab
13:26:10.1 (47837525)|STATEMENT_EXECUTE|[23]
13:26:10.1 (47861607)|VARIABLE_ASSIGNMENT|[23]|this.PricebookEntryId|"01uf4000002Sio9AAC"|0x21e47fab
13:26:10.1 (47867549)|STATEMENT_EXECUTE|[24]
13:26:10.1 (47902960)|VARIABLE_ASSIGNMENT|[24]|this.Quantity|1.00|0x21e47fab
13:26:10.1 (47908706)|STATEMENT_EXECUTE|[25]
13:26:10.1 (47930554)|VARIABLE_ASSIGNMENT|[25]|this.Product2Id|"01tf4000001E5PCAA0"|0x21e47fab
13:26:10.1 (47936281)|STATEMENT_EXECUTE|[26]
13:26:10.1 (47940015)|HEAP_ALLOCATE|[26]|Bytes:8
13:26:10.1 (48016795)|HEAP_ALLOCATE|[26]|Bytes:158
13:26:10.1 (48036666)|HEAP_ALLOCATE|[26]|Bytes:166
13:26:10.1 (48057891)|USER_DEBUG|[26]|DEBUG|ql id : QuoteLineItem:{QuoteId=0Q0f40000009e9rCAA, Description=null, Discount=null, PricebookEntryId=01uf4000002Sio9AAC, Quantity=1.00, Product2Id=01tf4000001E5PCAA0}
13:26:10.1 (48069170)|STATEMENT_EXECUTE|[27]
13:26:10.1 (48082865)|HEAP_ALLOCATE|[27]|Bytes:8
13:26:10.1 (48092896)|DML_BEGIN|[27]|Op:Insert|Type:QuoteLineItem|Rows:1
13:26:10.1 (48117232)|HEAP_ALLOCATE|[EXTERNAL]|Bytes:8
13:26:10.1 (53259720)|DML_END|[27]
13:26:10.1 (53500678)|VF_PAGE_MESSAGE|The price book entry is in a different price book than the one assigned to the Quote, or Quote has no price book assigned.
13:26:10.1 (53763387)|EXCEPTION_THROWN|[27]|System.DmlException: Insert failed. First exception on row 0; first error: FIELD_INTEGRITY_EXCEPTION, The price book entry is in a different price book than the one assigned to the Quote, or Quote has no price book assigned.: [PricebookEntryId]
13:26:10.1 (54039142)|HEAP_ALLOCATE|[27]|Bytes:227
13:26:10.1 (54063556)|METHOD_EXIT|[1]|01pf4000009Vx35|CloneQuote.cloneQuote(Id)
13:26:10.1 (54073151)|SYSTEM_MODE_EXIT|false
13:26:10.1 (54180629)|FATAL_ERROR|System.DmlException: Insert failed. First exception on row 0; first error: FIELD_INTEGRITY_EXCEPTION, The price book entry is in a different price book than the one assigned to the Quote, or Quote has no price book assigned.: [PricebookEntryId]

Class.CloneQuote.cloneQuote: line 27, column 1
AnonymousBlock: line 1, column 1
AnonymousBlock: line 1, column 1
13:26:10.54 (54194107)|CUMULATIVE_LIMIT_USAGE
13:26:10.54 (54194107)|LIMIT_USAGE_FOR_NS|(default)|
  Number of SOQL queries: 1 out of 100
  Number of query rows: 3 out of 50000
  Number of SOSL queries: 0 out of 20
  Number of DML statements: 2 out of 150
  Number of DML rows: 2 out of 10000
  Maximum CPU time: 0 out of 10000
  Maximum heap size: 0 out of 6000000
  Number of callouts: 0 out of 100
  Number of Email Invocations: 0 out of 10
  Number of future calls: 0 out of 50
  Number of queueable jobs added to the queue: 0 out of 50
  Number of Mobile Apex push calls: 0 out of 10

13:26:10.54 (54194107)|CUMULATIVE_LIMIT_USAGE_END

13:26:10.1 (54228576)|CODE_UNIT_FINISHED|execute_anonymous_apex
13:26:10.1 (55404939)|EXECUTION_FINISHED
