42.0 APEX_CODE,FINEST;APEX_PROFILING,INFO;CALLOUT,INFO;DB,INFO;SYSTEM,DEBUG;VALIDATION,INFO;VISUALFORCE,INFO;WAVE,INFO;WORKFLOW,INFO
17:07:04.0 (61308)|USER_INFO|[EXTERNAL]|005f4000001uuP2|nmolinam@deloitte.com|Hora de Venezuela|GMT-04:00
17:07:04.0 (91747)|EXECUTION_STARTED
17:07:04.0 (95839)|CODE_UNIT_STARTED|[EXTERNAL]|Aura
17:07:04.0 (652330)|HEAP_ALLOCATE|[72]|Bytes:3
17:07:04.0 (695661)|HEAP_ALLOCATE|[77]|Bytes:152
17:07:04.0 (711626)|HEAP_ALLOCATE|[342]|Bytes:408
17:07:04.0 (723918)|HEAP_ALLOCATE|[355]|Bytes:408
17:07:04.0 (735909)|HEAP_ALLOCATE|[467]|Bytes:48
17:07:04.0 (761780)|HEAP_ALLOCATE|[139]|Bytes:6
17:07:04.0 (775797)|HEAP_ALLOCATE|[EXTERNAL]|Bytes:18
17:07:04.0 (802915)|HEAP_ALLOCATE|[EXTERNAL]|Bytes:4
17:07:04.0 (1570399)|CODE_UNIT_STARTED|[EXTERNAL]|01pf4000009Vx35|CloneQuote.getQuote
17:07:04.0 (1701315)|HEAP_ALLOCATE|[EXTERNAL]|Bytes:4
17:07:04.0 (1715300)|METHOD_ENTRY|[1]|01pf4000009Vx35|CloneQuote.CloneQuote()
17:07:04.0 (1723324)|STATEMENT_EXECUTE|[1]
17:07:04.0 (1729112)|STATEMENT_EXECUTE|[1]
17:07:04.0 (1762760)|HEAP_ALLOCATE|[50]|Bytes:5
17:07:04.0 (1788968)|HEAP_ALLOCATE|[56]|Bytes:5
17:07:04.0 (1796861)|HEAP_ALLOCATE|[64]|Bytes:7
17:07:04.0 (1820716)|SYSTEM_MODE_ENTER|false
17:07:04.0 (1837340)|HEAP_ALLOCATE|[EXTERNAL]|Bytes:5
17:07:04.0 (1846438)|SYSTEM_MODE_EXIT|false
17:07:04.0 (1855996)|METHOD_EXIT|[1]|CloneQuote
17:07:04.0 (1862284)|HEAP_ALLOCATE|[EXTERNAL]|Bytes:4
17:07:04.0 (1870457)|SYSTEM_MODE_ENTER|false
17:07:04.0 (1877279)|VARIABLE_SCOPE_BEGIN|[34]|recordId|Id|false|false
17:07:04.0 (2130719)|VARIABLE_ASSIGNMENT|[34]|recordId|"0Q0f40000009kKqCAI"
17:07:04.0 (2156000)|HEAP_ALLOCATE|[35]|Bytes:5
17:07:04.0 (2162356)|STATEMENT_EXECUTE|[34]
17:07:04.0 (2164389)|STATEMENT_EXECUTE|[35]
17:07:04.0 (2167581)|HEAP_ALLOCATE|[35]|Bytes:71
17:07:04.0 (2192255)|HEAP_ALLOCATE|[35]|Bytes:4
17:07:04.0 (2219823)|HEAP_ALLOCATE|[35]|Bytes:7
17:07:04.0 (2642929)|SOQL_EXECUTE_BEGIN|[35]|Aggregations:0|SELECT Name, OPPORTUNITYiD, Pricebook2Id FROM Quote WHERE Id = :tmpVar1
17:07:04.0 (5382397)|SOQL_EXECUTE_END|[35]|Rows:1
17:07:04.0 (5403302)|HEAP_ALLOCATE|[35]|Bytes:8
17:07:04.0 (5419380)|HEAP_ALLOCATE|[35]|Bytes:113
17:07:04.0 (5505205)|HEAP_ALLOCATE|[35]|Bytes:8
17:07:04.0 (5516947)|HEAP_ALLOCATE|[35]|Bytes:31
17:07:04.0 (5562330)|HEAP_ALLOCATE|[35]|Bytes:20
17:07:04.0 (5570126)|VARIABLE_SCOPE_BEGIN|[35]|q|Quote|true|false
17:07:04.0 (5596963)|VARIABLE_ASSIGNMENT|[35]|q|{"Name":"QUOTE 2","OpportunityId":"006f400000AO4MJAA1","Pricebook2Id":"01sf4000003Vb8JAAS","Id":"0Q0f40000009kKqCAI"}|0x1347e680
17:07:04.0 (5605229)|STATEMENT_EXECUTE|[36]
17:07:04.0 (5613649)|SYSTEM_MODE_EXIT|false
17:07:04.5 (5634250)|CUMULATIVE_LIMIT_USAGE
17:07:04.5 (5634250)|LIMIT_USAGE_FOR_NS|(default)|
  Number of SOQL queries: 1 out of 100
  Number of query rows: 1 out of 50000
  Number of SOSL queries: 0 out of 20
  Number of DML statements: 0 out of 150
  Number of DML rows: 0 out of 10000
  Maximum CPU time: 0 out of 10000
  Maximum heap size: 0 out of 6000000
  Number of callouts: 0 out of 100
  Number of Email Invocations: 0 out of 10
  Number of future calls: 0 out of 50
  Number of queueable jobs added to the queue: 0 out of 50
  Number of Mobile Apex push calls: 0 out of 10

17:07:04.5 (5634250)|CUMULATIVE_LIMIT_USAGE_END

17:07:04.0 (5663525)|CODE_UNIT_FINISHED|CloneQuote.getQuote
17:07:04.0 (5714584)|CODE_UNIT_FINISHED|Aura
17:07:04.0 (6828736)|EXECUTION_FINISHED
