42.0 APEX_CODE,FINEST;APEX_PROFILING,INFO;CALLOUT,INFO;DB,INFO;SYSTEM,DEBUG;VALIDATION,INFO;VISUALFORCE,INFO;WAVE,INFO;WORKFLOW,INFO
Execute Anonymous: CloneQuote.cloneQuote('0Q0f40000009bwtCAA');
13:04:41.1 (1177640)|USER_INFO|[EXTERNAL]|005f4000001uuP2|nmolinam@deloitte.com|Hora de Venezuela|GMT-04:00
13:04:41.1 (1200732)|EXECUTION_STARTED
13:04:41.1 (1205158)|CODE_UNIT_STARTED|[EXTERNAL]|execute_anonymous_apex
13:04:41.1 (1393819)|HEAP_ALLOCATE|[72]|Bytes:3
13:04:41.1 (1459244)|HEAP_ALLOCATE|[77]|Bytes:152
13:04:41.1 (1475938)|HEAP_ALLOCATE|[342]|Bytes:408
13:04:41.1 (1492367)|HEAP_ALLOCATE|[355]|Bytes:408
13:04:41.1 (1503442)|HEAP_ALLOCATE|[467]|Bytes:48
13:04:41.1 (1530159)|HEAP_ALLOCATE|[139]|Bytes:6
13:04:41.1 (1548151)|HEAP_ALLOCATE|[EXTERNAL]|Bytes:1
13:04:41.1 (1663384)|STATEMENT_EXECUTE|[1]
13:04:41.1 (1666306)|STATEMENT_EXECUTE|[1]
13:04:41.1 (1669645)|HEAP_ALLOCATE|[1]|Bytes:18
13:04:41.1 (1686078)|HEAP_ALLOCATE|[1]|Bytes:4
13:04:41.1 (1734142)|HEAP_ALLOCATE|[50]|Bytes:5
13:04:41.1 (1753757)|HEAP_ALLOCATE|[56]|Bytes:5
13:04:41.1 (1760473)|HEAP_ALLOCATE|[64]|Bytes:7
13:04:41.1 (1783705)|SYSTEM_MODE_ENTER|false
13:04:41.1 (1931756)|HEAP_ALLOCATE|[1]|Bytes:5
13:04:41.1 (3158852)|HEAP_ALLOCATE|[1]|Bytes:1
13:04:41.1 (3168411)|HEAP_ALLOCATE|[1]|Bytes:2
13:04:41.1 (3203766)|METHOD_ENTRY|[1]|01pf4000009Vx35|CloneQuote.CloneQuote()
13:04:41.1 (3210976)|STATEMENT_EXECUTE|[1]
13:04:41.1 (3215288)|STATEMENT_EXECUTE|[1]
13:04:41.1 (3227321)|HEAP_ALLOCATE|[1]|Bytes:5
13:04:41.1 (3256837)|METHOD_EXIT|[1]|CloneQuote
13:04:41.1 (3294675)|METHOD_ENTRY|[1]|01pf4000009Vx35|CloneQuote.cloneQuote(Id)
13:04:41.1 (3329699)|VARIABLE_SCOPE_BEGIN|[3]|quoteId|Id|false|false
13:04:41.1 (3464648)|VARIABLE_ASSIGNMENT|[3]|quoteId|"0Q0f40000009bwtCAA"
13:04:41.1 (3485336)|HEAP_ALLOCATE|[6]|Bytes:5
13:04:41.1 (3490803)|STATEMENT_EXECUTE|[3]
13:04:41.1 (3492584)|STATEMENT_EXECUTE|[4]
13:04:41.1 (3495949)|HEAP_ALLOCATE|[6]|Bytes:95
13:04:41.1 (3519292)|HEAP_ALLOCATE|[6]|Bytes:4
13:04:41.1 (3541586)|HEAP_ALLOCATE|[6]|Bytes:7
13:04:41.1 (3882736)|SOQL_EXECUTE_BEGIN|[6]|Aggregations:1|SELECT Name, OPPORTUNITYiD, (SELECT QuoteId FROM QuoteLineItems) FROM QUOTE WHERE ID = :tmpVar1
13:04:41.1 (8095334)|SOQL_EXECUTE_END|[6]|Rows:1
13:04:41.1 (8122935)|HEAP_ALLOCATE|[6]|Bytes:8
13:04:41.1 (8147021)|HEAP_ALLOCATE|[6]|Bytes:213
13:04:41.1 (8248564)|HEAP_ALLOCATE|[6]|Bytes:8
13:04:41.1 (8269725)|HEAP_ALLOCATE|[4]|Bytes:31
13:04:41.1 (8315574)|HEAP_ALLOCATE|[4]|Bytes:20
13:04:41.1 (8323320)|VARIABLE_SCOPE_BEGIN|[4]|q1|Quote|true|false
13:04:41.1 (8350793)|VARIABLE_ASSIGNMENT|[4]|q1|{"Name":"QUOTE 2","OpportunityId":"006f400000AO4MJAA1","Id":"0Q0f40000009bwtCAA","QuoteLineItems":[{"QuoteId":"0Q0f40000009bwtCAA","Id":"0QLf4000000sNKqGAM"},{"QuoteId":"0Q0f40000009bwtCAA","Id":"0QLf4000000sNKrGAM"}]}|0x7d6f28cc
13:04:41.1 (8363748)|STATEMENT_EXECUTE|[10]
13:04:41.1 (8453947)|HEAP_ALLOCATE|[10]|Bytes:188
13:04:41.1 (8459441)|HEAP_ALLOCATE|[10]|Bytes:16
13:04:41.1 (8502468)|VARIABLE_SCOPE_BEGIN|[10]|q2|Quote|true|false
13:04:41.1 (8526323)|VARIABLE_ASSIGNMENT|[10]|q2|{"Name":"QUOTE 2","OpportunityId":"006f400000AO4MJAA1","QuoteLineItems":[{"QuoteId":"0Q0f40000009bwtCAA","Id":"0QLf4000000sNKqGAM"},{"QuoteId":"0Q0f40000009bwtCAA","Id":"0QLf4000000sNKrGAM"}]}|0x3d1ab706
13:04:41.1 (8534144)|STATEMENT_EXECUTE|[12]
13:04:41.1 (8556868)|HEAP_ALLOCATE|[12]|Bytes:8
13:04:41.1 (8568385)|DML_BEGIN|[12]|Op:Insert|Type:Quote|Rows:1
13:04:41.1 (8599569)|HEAP_ALLOCATE|[EXTERNAL]|Bytes:8
13:04:41.1 (46564004)|DML_END|[12]
13:04:41.1 (46579289)|HEAP_ALLOCATE|[12]|Bytes:-4
13:04:41.1 (46603500)|STATEMENT_EXECUTE|[13]
13:04:41.1 (46647731)|VARIABLE_SCOPE_BEGIN|[13]|idQuote|Id|false|false
13:04:41.1 (46730700)|VARIABLE_ASSIGNMENT|[13]|idQuote|"0Q0f40000009e8yCAA"
13:04:41.1 (46741243)|STATEMENT_EXECUTE|[15]
13:04:41.1 (46748308)|HEAP_ALLOCATE|[15]|Bytes:14
13:04:41.1 (46760798)|HEAP_ALLOCATE|[15]|Bytes:13
13:04:41.1 (46817617)|HEAP_ALLOCATE|[EXTERNAL]|Bytes:12
13:04:41.1 (46905019)|HEAP_ALLOCATE|[15]|Bytes:12
13:04:41.1 (46945133)|VARIABLE_SCOPE_BEGIN|[15]|items|List<QuoteLineItem>|true|false
13:04:41.1 (46971696)|VARIABLE_ASSIGNMENT|[15]|items|[{"QuoteId":"0Q0f40000009bwtCAA","Id":"0QLf4000000sNKqGAM"},{"QuoteId":"0Q0f40000009bwtCAA","Id":"0QLf4000000sNKrGAM"}]|0x3bd6b945
13:04:41.1 (47215945)|HEAP_ALLOCATE|[17]|Bytes:5
13:04:41.1 (47237766)|HEAP_ALLOCATE|[17]|Bytes:12
13:04:41.1 (47247643)|VARIABLE_SCOPE_BEGIN|[17]|i|QuoteLineItem|true|false
13:04:41.1 (47268857)|VARIABLE_ASSIGNMENT|[17]|i|{"QuoteId":"0Q0f40000009bwtCAA","Id":"0QLf4000000sNKqGAM"}|0x7dcbfbf6
13:04:41.1 (47277950)|STATEMENT_EXECUTE|[17]
13:04:41.1 (47280163)|STATEMENT_EXECUTE|[18]
13:04:41.1 (47307961)|HEAP_ALLOCATE|[18]|Bytes:4
13:04:41.1 (47422813)|VARIABLE_ASSIGNMENT|[18]|this.QuoteId|"0Q0f40000009e8yCAA"|0x39c40b8f
13:04:41.1 (47445409)|VARIABLE_SCOPE_BEGIN|[18]|ql|QuoteLineItem|true|false
13:04:41.1 (47464788)|VARIABLE_ASSIGNMENT|[18]|ql|{"QuoteId":"0Q0f40000009e8yCAA"}|0x39c40b8f
13:04:41.1 (47472155)|STATEMENT_EXECUTE|[20]
13:04:41.1 (47475773)|HEAP_ALLOCATE|[20]|Bytes:8
13:04:41.1 (47552276)|HEAP_ALLOCATE|[20]|Bytes:42
13:04:41.1 (47573415)|HEAP_ALLOCATE|[20]|Bytes:50
13:04:41.1 (47599354)|USER_DEBUG|[20]|DEBUG|ql id : QuoteLineItem:{QuoteId=0Q0f40000009e8yCAA}
13:04:41.1 (47609164)|STATEMENT_EXECUTE|[22]
13:04:41.1 (47626316)|HEAP_ALLOCATE|[22]|Bytes:8
13:04:41.1 (47636100)|DML_BEGIN|[22]|Op:Insert|Type:QuoteLineItem|Rows:1
13:04:41.1 (47671609)|HEAP_ALLOCATE|[EXTERNAL]|Bytes:8
13:04:41.1 (57812699)|DML_END|[22]
13:04:41.1 (57956809)|VF_PAGE_MESSAGE|Required fields are missing: [PricebookEntryId, Quantity, UnitPrice, Product2Id]
13:04:41.1 (58372706)|EXCEPTION_THROWN|[22]|System.DmlException: Insert failed. First exception on row 0; first error: REQUIRED_FIELD_MISSING, Required fields are missing: [PricebookEntryId, Quantity, UnitPrice, Product2Id]: [PricebookEntryId, Quantity, UnitPrice, Product2Id]
13:04:41.1 (58708333)|HEAP_ALLOCATE|[22]|Bytes:215
13:04:41.1 (58734799)|METHOD_EXIT|[1]|01pf4000009Vx35|CloneQuote.cloneQuote(Id)
13:04:41.1 (58746732)|SYSTEM_MODE_EXIT|false
13:04:41.1 (58833716)|FATAL_ERROR|System.DmlException: Insert failed. First exception on row 0; first error: REQUIRED_FIELD_MISSING, Required fields are missing: [PricebookEntryId, Quantity, UnitPrice, Product2Id]: [PricebookEntryId, Quantity, UnitPrice, Product2Id]

Class.CloneQuote.cloneQuote: line 22, column 1
AnonymousBlock: line 1, column 1
AnonymousBlock: line 1, column 1
13:04:41.58 (58852606)|CUMULATIVE_LIMIT_USAGE
13:04:41.58 (58852606)|LIMIT_USAGE_FOR_NS|(default)|
  Number of SOQL queries: 1 out of 100
  Number of query rows: 3 out of 50000
  Number of SOSL queries: 0 out of 20
  Number of DML statements: 2 out of 150
  Number of DML rows: 2 out of 10000
  Maximum CPU time: 0 out of 10000
  Maximum heap size: 0 out of 6000000
  Number of callouts: 0 out of 100
  Number of Email Invocations: 0 out of 10
  Number of future calls: 0 out of 50
  Number of queueable jobs added to the queue: 0 out of 50
  Number of Mobile Apex push calls: 0 out of 10

13:04:41.58 (58852606)|CUMULATIVE_LIMIT_USAGE_END

13:04:41.1 (58886284)|CODE_UNIT_FINISHED|execute_anonymous_apex
13:04:41.1 (60022896)|EXECUTION_FINISHED
