42.0 APEX_CODE,FINEST;APEX_PROFILING,INFO;CALLOUT,INFO;DB,INFO;SYSTEM,DEBUG;VALIDATION,INFO;VISUALFORCE,INFO;WAVE,INFO;WORKFLOW,INFO
09:18:03.0 (86208)|USER_INFO|[EXTERNAL]|005f4000001uuP2|nmolinam@deloitte.com|Hora de Venezuela|GMT-04:00
09:18:03.0 (123076)|EXECUTION_STARTED
09:18:03.0 (128254)|CODE_UNIT_STARTED|[EXTERNAL]|Aura
09:18:03.0 (840176)|HEAP_ALLOCATE|[72]|Bytes:3
09:18:03.0 (926782)|HEAP_ALLOCATE|[77]|Bytes:152
09:18:03.0 (949319)|HEAP_ALLOCATE|[342]|Bytes:408
09:18:03.0 (961946)|HEAP_ALLOCATE|[355]|Bytes:408
09:18:03.0 (972890)|HEAP_ALLOCATE|[467]|Bytes:48
09:18:03.0 (1044155)|HEAP_ALLOCATE|[139]|Bytes:6
09:18:03.0 (1062218)|HEAP_ALLOCATE|[EXTERNAL]|Bytes:18
09:18:03.0 (1074732)|HEAP_ALLOCATE|[EXTERNAL]|Bytes:4
09:18:03.0 (1935082)|CODE_UNIT_STARTED|[EXTERNAL]|01pf4000009Vx35|CloneQuote.getQuote
09:18:03.0 (2060927)|HEAP_ALLOCATE|[EXTERNAL]|Bytes:4
09:18:03.0 (2068496)|HEAP_ALLOCATE|[EXTERNAL]|Bytes:2
09:18:03.0 (2079376)|METHOD_ENTRY|[1]|01pf4000009Vx35|CloneQuote.CloneQuote()
09:18:03.0 (2085951)|STATEMENT_EXECUTE|[1]
09:18:03.0 (2091641)|STATEMENT_EXECUTE|[1]
09:18:03.0 (2125866)|HEAP_ALLOCATE|[50]|Bytes:5
09:18:03.0 (2153594)|HEAP_ALLOCATE|[56]|Bytes:5
09:18:03.0 (2161353)|HEAP_ALLOCATE|[64]|Bytes:7
09:18:03.0 (2199213)|SYSTEM_MODE_ENTER|false
09:18:03.0 (2215977)|HEAP_ALLOCATE|[EXTERNAL]|Bytes:5
09:18:03.0 (2223900)|SYSTEM_MODE_EXIT|false
09:18:03.0 (2232837)|METHOD_EXIT|[1]|CloneQuote
09:18:03.0 (2238081)|HEAP_ALLOCATE|[EXTERNAL]|Bytes:4
09:18:03.0 (2247284)|SYSTEM_MODE_ENTER|false
09:18:03.0 (2254061)|VARIABLE_SCOPE_BEGIN|[34]|recordId|Id|false|false
09:18:03.0 (2572119)|VARIABLE_ASSIGNMENT|[34]|recordId|"0Q0f40000009e7gCAA"
09:18:03.0 (2598052)|HEAP_ALLOCATE|[35]|Bytes:5
09:18:03.0 (2603594)|STATEMENT_EXECUTE|[34]
09:18:03.0 (2605600)|STATEMENT_EXECUTE|[35]
09:18:03.0 (2608646)|HEAP_ALLOCATE|[35]|Bytes:71
09:18:03.0 (2632058)|HEAP_ALLOCATE|[35]|Bytes:4
09:18:03.0 (2646089)|HEAP_ALLOCATE|[35]|Bytes:7
09:18:03.0 (3193847)|SOQL_EXECUTE_BEGIN|[35]|Aggregations:0|SELECT Name, OPPORTUNITYiD, Pricebook2Id FROM Quote WHERE Id = :tmpVar1
09:18:03.0 (5723761)|SOQL_EXECUTE_END|[35]|Rows:1
09:18:03.0 (5749703)|HEAP_ALLOCATE|[35]|Bytes:8
09:18:03.0 (5767000)|HEAP_ALLOCATE|[35]|Bytes:113
09:18:03.0 (5884322)|HEAP_ALLOCATE|[35]|Bytes:8
09:18:03.0 (5899866)|HEAP_ALLOCATE|[35]|Bytes:31
09:18:03.0 (5948639)|HEAP_ALLOCATE|[35]|Bytes:20
09:18:03.0 (5958995)|VARIABLE_SCOPE_BEGIN|[35]|q|Quote|true|false
09:18:03.0 (5998228)|VARIABLE_ASSIGNMENT|[35]|q|{"Name":"QUOTE 2","OpportunityId":"006f400000AO4MJAA1","Pricebook2Id":"01sf4000003Vb8JAAS","Id":"0Q0f40000009e7gCAA"}|0x160b416
09:18:03.0 (6010308)|STATEMENT_EXECUTE|[36]
09:18:03.0 (6095382)|USER_DEBUG|[36]|DEBUG|Quote:{Name=QUOTE 2, OpportunityId=006f400000AO4MJAA1, Pricebook2Id=01sf4000003Vb8JAAS, Id=0Q0f40000009e7gCAA}
09:18:03.0 (6113104)|STATEMENT_EXECUTE|[37]
09:18:03.0 (6129058)|SYSTEM_MODE_EXIT|false
09:18:03.6 (6163016)|CUMULATIVE_LIMIT_USAGE
09:18:03.6 (6163016)|LIMIT_USAGE_FOR_NS|(default)|
  Number of SOQL queries: 1 out of 100
  Number of query rows: 1 out of 50000
  Number of SOSL queries: 0 out of 20
  Number of DML statements: 0 out of 150
  Number of DML rows: 0 out of 10000
  Maximum CPU time: 0 out of 10000
  Maximum heap size: 0 out of 6000000
  Number of callouts: 0 out of 100
  Number of Email Invocations: 0 out of 10
  Number of future calls: 0 out of 50
  Number of queueable jobs added to the queue: 0 out of 50
  Number of Mobile Apex push calls: 0 out of 10

09:18:03.6 (6163016)|CUMULATIVE_LIMIT_USAGE_END

09:18:03.0 (6198677)|CODE_UNIT_FINISHED|CloneQuote.getQuote
09:18:03.0 (6262407)|CODE_UNIT_FINISHED|Aura
09:18:03.0 (7646027)|EXECUTION_FINISHED
