42.0 APEX_CODE,FINEST;APEX_PROFILING,INFO;CALLOUT,INFO;DB,INFO;SYSTEM,DEBUG;VALIDATION,INFO;VISUALFORCE,INFO;WAVE,INFO;WORKFLOW,INFO
10:39:50.2 (2654116)|USER_INFO|[EXTERNAL]|005f4000001uuP2|nmolinam@deloitte.com|Hora de Venezuela|GMT-04:00
10:39:50.2 (2675526)|EXECUTION_STARTED
10:39:50.2 (2678971)|CODE_UNIT_STARTED|[EXTERNAL]|Aura
10:39:50.2 (5176252)|CODE_UNIT_STARTED|[EXTERNAL]|01pf4000008WnsX|ViewQuotePDF.getPDF
10:39:50.2 (5284887)|HEAP_ALLOCATE|[72]|Bytes:3
10:39:50.2 (5306900)|HEAP_ALLOCATE|[77]|Bytes:152
10:39:50.2 (5318227)|HEAP_ALLOCATE|[342]|Bytes:408
10:39:50.2 (5329266)|HEAP_ALLOCATE|[355]|Bytes:408
10:39:50.2 (5339446)|HEAP_ALLOCATE|[467]|Bytes:48
10:39:50.2 (5364447)|HEAP_ALLOCATE|[139]|Bytes:6
10:39:50.2 (5403130)|HEAP_ALLOCATE|[EXTERNAL]|Bytes:7
10:39:50.2 (5409066)|HEAP_ALLOCATE|[EXTERNAL]|Bytes:8
10:39:50.2 (5414867)|METHOD_ENTRY|[1]|01pf4000008WnsX|ViewQuotePDF.ViewQuotePDF()
10:39:50.2 (5420750)|STATEMENT_EXECUTE|[1]
10:39:50.2 (5424542)|STATEMENT_EXECUTE|[1]
10:39:50.2 (5452957)|HEAP_ALLOCATE|[50]|Bytes:5
10:39:50.2 (5467717)|HEAP_ALLOCATE|[56]|Bytes:5
10:39:50.2 (5474612)|HEAP_ALLOCATE|[64]|Bytes:7
10:39:50.2 (5493989)|SYSTEM_MODE_ENTER|false
10:39:50.2 (5503682)|HEAP_ALLOCATE|[EXTERNAL]|Bytes:5
10:39:50.2 (5509956)|SYSTEM_MODE_EXIT|false
10:39:50.2 (5516935)|METHOD_EXIT|[1]|ViewQuotePDF
10:39:50.2 (5527211)|SYSTEM_MODE_ENTER|false
10:39:50.2 (5538032)|HEAP_ALLOCATE|[4]|Bytes:5
10:39:50.2 (5542283)|STATEMENT_EXECUTE|[3]
10:39:50.2 (5543906)|STATEMENT_EXECUTE|[4]
10:39:50.2 (5617917)|HEAP_ALLOCATE|[4]|Bytes:4
10:39:50.2 (5698050)|VARIABLE_SCOPE_BEGIN|[4]|quotes|List<Quote>|true|false
10:39:50.2 (5712558)|HEAP_ALLOCATE|[EXTERNAL]|Bytes:4
10:39:50.2 (5737547)|VARIABLE_ASSIGNMENT|[4]|quotes|[]|0x10aa679e
10:39:50.2 (5743951)|STATEMENT_EXECUTE|[5]
10:39:50.2 (5748576)|VARIABLE_SCOPE_BEGIN|[5]|pfdBase64|String|false|false
10:39:50.2 (5757454)|VARIABLE_ASSIGNMENT|[5]|pfdBase64|null
10:39:50.2 (5761092)|STATEMENT_EXECUTE|[6]
10:39:50.2 (5777654)|VARIABLE_SCOPE_BEGIN|[6]|b|Blob|false|false
10:39:50.2 (5786629)|VARIABLE_ASSIGNMENT|[6]|b|null
10:39:50.2 (5793268)|HEAP_ALLOCATE|[8]|Bytes:22
10:39:50.2 (5810337)|HEAP_ALLOCATE|[8]|Bytes:4
10:39:50.2 (6143925)|SOQL_EXECUTE_BEGIN|[8]|Aggregations:0|SELECT Name FROM Quote
10:39:50.2 (18111263)|SOQL_EXECUTE_END|[8]|Rows:2
10:39:50.2 (18129593)|HEAP_ALLOCATE|[EXTERNAL]|Bytes:12
10:39:50.2 (18242524)|HEAP_ALLOCATE|[8]|Bytes:54
10:39:50.2 (18251894)|HEAP_ALLOCATE|[8]|Bytes:8
10:39:50.2 (18259761)|SYSTEM_METHOD_ENTRY|[7]|QueryLocatorIterator.QueryLocatorIterator()
10:39:50.2 (18263913)|STATEMENT_EXECUTE|[7]
10:39:50.2 (18269856)|SYSTEM_METHOD_EXIT|[7]|QueryLocatorIterator
10:39:50.2 (18276304)|HEAP_ALLOCATE|[8]|Bytes:28
10:39:50.2 (18304124)|HEAP_ALLOCATE|[8]|Bytes:12
10:39:50.2 (18317501)|HEAP_ALLOCATE|[8]|Bytes:8
10:39:50.2 (18321057)|HEAP_ALLOCATE|[8]|Bytes:8
10:39:50.2 (18325913)|VARIABLE_SCOPE_BEGIN|[15]|this|Database.QueryLocatorIterator|true|false
10:39:50.2 (18357741)|VARIABLE_ASSIGNMENT|[15]|this|{}|0x31a16bd2
10:39:50.2 (18364952)|VARIABLE_SCOPE_BEGIN|[15]|values|List<SObject>|true|false
10:39:50.2 (18382302)|VARIABLE_ASSIGNMENT|[15]|values|[{"Name":"QUOTE 2","Id":"0Q0f40000009bwtCAA"},{"Name":"first quote","Id":"0Q0f40000009VVICA2"}]|0x39d3c131
10:39:50.2 (18388290)|VARIABLE_SCOPE_BEGIN|[15]|ql|Database.QueryLocator|true|false
10:39:50.2 (18403965)|VARIABLE_ASSIGNMENT|[15]|ql|{"query":"SELECT Name FROM Quo (2 more) ..."}|0x238b6bf
10:39:50.2 (18410087)|VARIABLE_SCOPE_BEGIN|[15]|totalNumRecords|Integer|false|false
10:39:50.2 (18418165)|VARIABLE_ASSIGNMENT|[15]|totalNumRecords|2
10:39:50.2 (18421902)|VARIABLE_SCOPE_BEGIN|[15]|queryMoreSize|Integer|false|false
10:39:50.2 (18428980)|VARIABLE_ASSIGNMENT|[15]|queryMoreSize|49998
10:39:50.2 (18510171)|HEAP_ALLOCATE|[8]|Bytes:28
10:39:50.2 (18526756)|METHOD_ENTRY|[8]||Database.QueryLocatorIterator.hasNext()
10:39:50.2 (18563336)|METHOD_EXIT|[8]||Database.QueryLocatorIterator.hasNext()
10:39:50.2 (18573123)|METHOD_ENTRY|[8]||Database.QueryLocatorIterator.next()
10:39:50.2 (18631946)|METHOD_EXIT|[8]||Database.QueryLocatorIterator.next()
10:39:50.2 (18639983)|VARIABLE_SCOPE_BEGIN|[8]|q|Quote|true|false
10:39:50.2 (18653710)|VARIABLE_ASSIGNMENT|[8]|q|{"Name":"QUOTE 2","Id":"0Q0f40000009bwtCAA"}|0x3e59bcaf
10:39:50.2 (18660629)|STATEMENT_EXECUTE|[8]
10:39:50.2 (18662549)|STATEMENT_EXECUTE|[9]
10:39:50.2 (18686134)|HEAP_ALLOCATE|[EXTERNAL]|Bytes:4
10:39:50.2 (18696938)|METHOD_ENTRY|[8]||Database.QueryLocatorIterator.hasNext()
10:39:50.2 (18714462)|METHOD_EXIT|[8]||Database.QueryLocatorIterator.hasNext()
10:39:50.2 (18719377)|METHOD_ENTRY|[8]||Database.QueryLocatorIterator.next()
10:39:50.2 (18759138)|METHOD_EXIT|[8]||Database.QueryLocatorIterator.next()
10:39:50.2 (18764573)|VARIABLE_SCOPE_BEGIN|[8]|q|Quote|true|false
10:39:50.2 (18775987)|VARIABLE_ASSIGNMENT|[8]|q|{"Name":"first quote","Id":"0Q0f40000009VVICA2"}|0x1924381c
10:39:50.2 (18781755)|STATEMENT_EXECUTE|[8]
10:39:50.2 (18783403)|STATEMENT_EXECUTE|[9]
10:39:50.2 (18788401)|HEAP_ALLOCATE|[EXTERNAL]|Bytes:4
10:39:50.2 (18795744)|METHOD_ENTRY|[8]||Database.QueryLocatorIterator.hasNext()
10:39:50.2 (18805814)|METHOD_EXIT|[8]||Database.QueryLocatorIterator.hasNext()
10:39:50.2 (18812485)|VARIABLE_ASSIGNMENT|[8]|q|null|
10:39:50.2 (18838713)|STATEMENT_EXECUTE|[14]
10:39:50.2 (18906962)|HEAP_ALLOCATE|[15]|Bytes:5
10:39:50.2 (18920625)|HEAP_ALLOCATE|[15]|Bytes:12
10:39:50.2 (18927596)|VARIABLE_SCOPE_BEGIN|[15]|q|Quote|true|false
10:39:50.2 (18941293)|VARIABLE_ASSIGNMENT|[15]|q|{"Name":"QUOTE 2","Id":"0Q0f40000009bwtCAA"}|0x3e59bcaf
10:39:50.2 (18946939)|STATEMENT_EXECUTE|[15]
10:39:50.2 (18948665)|STATEMENT_EXECUTE|[16]
10:39:50.2 (18951613)|HEAP_ALLOCATE|[16]|Bytes:20
10:39:50.2 (18985158)|HEAP_ALLOCATE|[16]|Bytes:27
10:39:50.2 (19006368)|USER_DEBUG|[16]|DEBUG|nombre de la quote: QUOTE 2
10:39:50.2 (19015187)|STATEMENT_EXECUTE|[17]
10:39:50.2 (19021297)|METHOD_ENTRY|[17]|01pf4000008WnsX|ViewQuotePDF.StringPDF(Quote)
10:39:50.2 (19030311)|VARIABLE_SCOPE_BEGIN|[35]|quote|Quote|true|false
10:39:50.2 (19041387)|VARIABLE_ASSIGNMENT|[35]|quote|{"Name":"QUOTE 2","Id":"0Q0f40000009bwtCAA"}|0x3e59bcaf
10:39:50.2 (19058253)|HEAP_ALLOCATE|[37]|Bytes:5
10:39:50.2 (19062595)|STATEMENT_EXECUTE|[35]
10:39:50.2 (19064168)|STATEMENT_EXECUTE|[36]
10:39:50.2 (19066505)|HEAP_ALLOCATE|[37]|Bytes:5
10:39:50.2 (19073393)|HEAP_ALLOCATE|[37]|Bytes:6
10:39:50.2 (19080358)|HEAP_ALLOCATE|[37]|Bytes:18
10:39:50.2 (19088103)|METHOD_EXIT|[17]|01pf4000008WnsX|ViewQuotePDF.StringPDF(Quote)
10:39:50.2 (19481231)|HEAP_ALLOCATE|[17]|Bytes:4
10:39:50.2 (19508599)|VARIABLE_ASSIGNMENT|[17]|b|BLOB(882 bytes)
10:39:50.2 (19524138)|HEAP_ALLOCATE|[15]|Bytes:5
10:39:50.2 (19536785)|HEAP_ALLOCATE|[15]|Bytes:12
10:39:50.2 (19544054)|VARIABLE_SCOPE_BEGIN|[15]|q|Quote|true|false
10:39:50.2 (19557682)|VARIABLE_ASSIGNMENT|[15]|q|{"Name":"first quote","Id":"0Q0f40000009VVICA2"}|0x1924381c
10:39:50.2 (19563797)|STATEMENT_EXECUTE|[15]
10:39:50.2 (19565496)|STATEMENT_EXECUTE|[16]
10:39:50.2 (19574995)|HEAP_ALLOCATE|[16]|Bytes:31
10:39:50.2 (19585274)|USER_DEBUG|[16]|DEBUG|nombre de la quote: first quote
10:39:50.2 (19592840)|STATEMENT_EXECUTE|[17]
10:39:50.2 (19596913)|METHOD_ENTRY|[17]|01pf4000008WnsX|ViewQuotePDF.StringPDF(Quote)
10:39:50.2 (19602462)|VARIABLE_SCOPE_BEGIN|[35]|quote|Quote|true|false
10:39:50.2 (19612397)|VARIABLE_ASSIGNMENT|[35]|quote|{"Name":"first quote","Id":"0Q0f40000009VVICA2"}|0x1924381c
10:39:50.2 (19628891)|HEAP_ALLOCATE|[37]|Bytes:5
10:39:50.2 (19632961)|STATEMENT_EXECUTE|[35]
10:39:50.2 (19634493)|STATEMENT_EXECUTE|[36]
10:39:50.2 (19641054)|HEAP_ALLOCATE|[37]|Bytes:22
10:39:50.2 (19648585)|METHOD_EXIT|[17]|01pf4000008WnsX|ViewQuotePDF.StringPDF(Quote)
10:39:50.2 (19947562)|HEAP_ALLOCATE|[17]|Bytes:4
10:39:50.2 (19970605)|VARIABLE_ASSIGNMENT|[17]|b|BLOB(886 bytes)
10:39:50.2 (19985543)|HEAP_ALLOCATE|[15]|Bytes:5
10:39:50.2 (19997562)|VARIABLE_ASSIGNMENT|[15]|q|null|
10:39:50.2 (20002819)|STATEMENT_EXECUTE|[19]
10:39:50.2 (20006752)|HEAP_ALLOCATE|[19]|Bytes:53
10:39:50.2 (20020205)|HEAP_ALLOCATE|[19]|Bytes:4
10:39:50.2 (20027316)|HEAP_ALLOCATE|[19]|Bytes:7
10:39:50.2 (20054735)|HEAP_ALLOCATE|[19]|Bytes:12
10:39:50.2 (20497908)|SOQL_EXECUTE_BEGIN|[19]|Aggregations:0|SELECT Body FROM Attachment WHERE ParentId = :tmpVar1
10:39:50.2 (35447813)|SOQL_EXECUTE_END|[19]|Rows:0
10:39:50.2 (35472372)|HEAP_ALLOCATE|[19]|Bytes:4
10:39:50.2 (35481732)|HEAP_ALLOCATE|[19]|Bytes:0
10:39:50.2 (35543559)|HEAP_ALLOCATE|[19]|Bytes:4
10:39:50.2 (35556337)|VARIABLE_SCOPE_BEGIN|[19]|attachements|List<Attachment>|true|false
10:39:50.2 (35571712)|VARIABLE_ASSIGNMENT|[19]|attachements|[]|0x37c8c92d
10:39:50.2 (35578176)|STATEMENT_EXECUTE|[21]
10:39:50.2 (35582600)|HEAP_ALLOCATE|[21]|Bytes:21
10:39:50.2 (35609198)|USER_DEBUG|[21]|DEBUG|before blob to string
10:39:50.2 (35618502)|STATEMENT_EXECUTE|[27]
10:39:50.2 (35652427)|HEAP_ALLOCATE|[27]|Bytes:15
10:39:50.2 (35662611)|SYSTEM_METHOD_ENTRY|[1]|EncodingUtil.EncodingUtil()
10:39:50.2 (35666322)|STATEMENT_EXECUTE|[1]
10:39:50.2 (35672479)|SYSTEM_METHOD_EXIT|[1]|EncodingUtil
10:39:50.2 (35683693)|METHOD_ENTRY|[27]||System.EncodingUtil.base64Encode(Blob)
10:39:50.2 (35753436)|METHOD_EXIT|[27]||System.EncodingUtil.base64Encode(Blob)
10:39:50.2 (35764672)|SYSTEM_MODE_EXIT|false
10:39:50.35 (35784950)|CUMULATIVE_LIMIT_USAGE
10:39:50.35 (35784950)|LIMIT_USAGE_FOR_NS|(default)|
  Number of SOQL queries: 2 out of 100
  Number of query rows: 2 out of 50000
  Number of SOSL queries: 0 out of 20
  Number of DML statements: 0 out of 150
  Number of DML rows: 0 out of 10000
  Maximum CPU time: 0 out of 10000
  Maximum heap size: 0 out of 6000000
  Number of callouts: 0 out of 100
  Number of Email Invocations: 0 out of 10
  Number of future calls: 0 out of 50
  Number of queueable jobs added to the queue: 0 out of 50
  Number of Mobile Apex push calls: 0 out of 10

10:39:50.35 (35784950)|CUMULATIVE_LIMIT_USAGE_END

10:39:50.2 (35805911)|CODE_UNIT_FINISHED|ViewQuotePDF.getPDF
10:39:50.2 (35860112)|CODE_UNIT_FINISHED|Aura
10:39:50.2 (36954764)|EXECUTION_FINISHED
