42.0 APEX_CODE,FINEST;APEX_PROFILING,INFO;CALLOUT,INFO;DB,INFO;SYSTEM,DEBUG;VALIDATION,INFO;VISUALFORCE,INFO;WAVE,INFO;WORKFLOW,INFO
14:20:30.0 (296954)|USER_INFO|[EXTERNAL]|005f4000001uuP2|nmolinam@deloitte.com|Hora de Venezuela|GMT-04:00
14:20:30.0 (335611)|EXECUTION_STARTED
14:20:30.0 (340248)|CODE_UNIT_STARTED|[EXTERNAL]|Aura
14:20:30.0 (1682798)|CODE_UNIT_STARTED|[EXTERNAL]|01pf4000008WnsX|ViewQuotePDF.getPDF
14:20:30.0 (1861043)|HEAP_ALLOCATE|[72]|Bytes:3
14:20:30.0 (1901646)|HEAP_ALLOCATE|[77]|Bytes:152
14:20:30.0 (1915394)|HEAP_ALLOCATE|[342]|Bytes:408
14:20:30.0 (1926972)|HEAP_ALLOCATE|[355]|Bytes:408
14:20:30.0 (1937820)|HEAP_ALLOCATE|[467]|Bytes:48
14:20:30.0 (1963249)|HEAP_ALLOCATE|[139]|Bytes:6
14:20:30.0 (2026595)|HEAP_ALLOCATE|[EXTERNAL]|Bytes:4
14:20:30.0 (2033089)|HEAP_ALLOCATE|[EXTERNAL]|Bytes:5
14:20:30.0 (2043383)|METHOD_ENTRY|[1]|01pf4000008WnsX|ViewQuotePDF.ViewQuotePDF()
14:20:30.0 (2050280)|STATEMENT_EXECUTE|[1]
14:20:30.0 (2055437)|STATEMENT_EXECUTE|[1]
14:20:30.0 (2088002)|HEAP_ALLOCATE|[50]|Bytes:5
14:20:30.0 (2109609)|HEAP_ALLOCATE|[56]|Bytes:5
14:20:30.0 (2116533)|HEAP_ALLOCATE|[64]|Bytes:7
14:20:30.0 (2145832)|SYSTEM_MODE_ENTER|false
14:20:30.0 (2161171)|HEAP_ALLOCATE|[EXTERNAL]|Bytes:5
14:20:30.0 (2170875)|SYSTEM_MODE_EXIT|false
14:20:30.0 (2180336)|METHOD_EXIT|[1]|ViewQuotePDF
14:20:30.0 (2190260)|SYSTEM_MODE_ENTER|false
14:20:30.0 (2203358)|HEAP_ALLOCATE|[4]|Bytes:5
14:20:30.0 (2208190)|STATEMENT_EXECUTE|[3]
14:20:30.0 (2210203)|STATEMENT_EXECUTE|[4]
14:20:30.0 (2308212)|HEAP_ALLOCATE|[4]|Bytes:4
14:20:30.0 (2380157)|VARIABLE_SCOPE_BEGIN|[4]|quotes|List<Quote>|true|false
14:20:30.0 (2394357)|HEAP_ALLOCATE|[EXTERNAL]|Bytes:4
14:20:30.0 (2417986)|VARIABLE_ASSIGNMENT|[4]|quotes|[]|0x43ab8550
14:20:30.0 (2424710)|STATEMENT_EXECUTE|[5]
14:20:30.0 (2428703)|VARIABLE_SCOPE_BEGIN|[5]|pfdBase64|String|false|false
14:20:30.0 (2438748)|VARIABLE_ASSIGNMENT|[5]|pfdBase64|null
14:20:30.0 (2445310)|HEAP_ALLOCATE|[7]|Bytes:22
14:20:30.0 (2462563)|HEAP_ALLOCATE|[7]|Bytes:4
14:20:30.0 (2733329)|SOQL_EXECUTE_BEGIN|[7]|Aggregations:0|SELECT Name FROM Quote
14:20:30.0 (4546628)|SOQL_EXECUTE_END|[7]|Rows:1
14:20:30.0 (4571443)|HEAP_ALLOCATE|[EXTERNAL]|Bytes:8
14:20:30.0 (4751265)|HEAP_ALLOCATE|[7]|Bytes:54
14:20:30.0 (4762003)|HEAP_ALLOCATE|[7]|Bytes:8
14:20:30.0 (4773456)|SYSTEM_METHOD_ENTRY|[7]|QueryLocatorIterator.QueryLocatorIterator()
14:20:30.0 (4779603)|STATEMENT_EXECUTE|[7]
14:20:30.0 (4787488)|SYSTEM_METHOD_EXIT|[7]|QueryLocatorIterator
14:20:30.0 (4796563)|HEAP_ALLOCATE|[7]|Bytes:28
14:20:30.0 (4840211)|HEAP_ALLOCATE|[7]|Bytes:8
14:20:30.0 (4858429)|HEAP_ALLOCATE|[7]|Bytes:8
14:20:30.0 (4863746)|HEAP_ALLOCATE|[7]|Bytes:8
14:20:30.0 (4870766)|VARIABLE_SCOPE_BEGIN|[15]|this|Database.QueryLocatorIterator|true|false
14:20:30.0 (4914284)|VARIABLE_ASSIGNMENT|[15]|this|{}|0x38c44af6
14:20:30.0 (4921476)|VARIABLE_SCOPE_BEGIN|[15]|values|List<SObject>|true|false
14:20:30.0 (4942025)|VARIABLE_ASSIGNMENT|[15]|values|[{"Name":"first quote","Id":"0Q0f40000009VVICA2"}]|0x14c9be28
14:20:30.0 (4948415)|VARIABLE_SCOPE_BEGIN|[15]|ql|Database.QueryLocator|true|false
14:20:30.0 (4969273)|VARIABLE_ASSIGNMENT|[15]|ql|{"query":"SELECT Name FROM Quo (2 more) ..."}|0x5840fc60
14:20:30.0 (4975441)|VARIABLE_SCOPE_BEGIN|[15]|totalNumRecords|Integer|false|false
14:20:30.0 (4984736)|VARIABLE_ASSIGNMENT|[15]|totalNumRecords|1
14:20:30.0 (4989350)|VARIABLE_SCOPE_BEGIN|[15]|queryMoreSize|Integer|false|false
14:20:30.0 (4996613)|VARIABLE_ASSIGNMENT|[15]|queryMoreSize|49999
14:20:30.0 (5091452)|HEAP_ALLOCATE|[7]|Bytes:28
14:20:30.0 (5119324)|METHOD_ENTRY|[7]||Database.QueryLocatorIterator.hasNext()
14:20:30.0 (5182607)|METHOD_EXIT|[7]||Database.QueryLocatorIterator.hasNext()
14:20:30.0 (5195444)|METHOD_ENTRY|[7]||Database.QueryLocatorIterator.next()
14:20:30.0 (5291823)|METHOD_EXIT|[7]||Database.QueryLocatorIterator.next()
14:20:30.0 (5304099)|VARIABLE_SCOPE_BEGIN|[7]|q|Quote|true|false
14:20:30.0 (5323686)|VARIABLE_ASSIGNMENT|[7]|q|{"Name":"first quote","Id":"0Q0f40000009VVICA2"}|0x4bf0e9cb
14:20:30.0 (5333657)|STATEMENT_EXECUTE|[7]
14:20:30.0 (5336632)|STATEMENT_EXECUTE|[8]
14:20:30.0 (5377023)|HEAP_ALLOCATE|[EXTERNAL]|Bytes:4
14:20:30.0 (5394189)|METHOD_ENTRY|[7]||Database.QueryLocatorIterator.hasNext()
14:20:30.0 (5421366)|METHOD_EXIT|[7]||Database.QueryLocatorIterator.hasNext()
14:20:30.0 (5433277)|VARIABLE_ASSIGNMENT|[7]|q|null|
14:20:30.0 (5474806)|STATEMENT_EXECUTE|[13]
14:20:30.0 (5577441)|HEAP_ALLOCATE|[14]|Bytes:5
14:20:30.0 (5616578)|HEAP_ALLOCATE|[14]|Bytes:12
14:20:30.0 (5624389)|VARIABLE_SCOPE_BEGIN|[14]|q|Quote|true|false
14:20:30.0 (5638656)|VARIABLE_ASSIGNMENT|[14]|q|{"Name":"first quote","Id":"0Q0f40000009VVICA2"}|0x4bf0e9cb
14:20:30.0 (5645171)|STATEMENT_EXECUTE|[14]
14:20:30.0 (5647113)|STATEMENT_EXECUTE|[15]
14:20:30.0 (5650312)|HEAP_ALLOCATE|[15]|Bytes:20
14:20:30.0 (5686368)|HEAP_ALLOCATE|[15]|Bytes:31
14:20:30.0 (5711931)|USER_DEBUG|[15]|DEBUG|nombre de la quote: first quote
14:20:30.0 (5727447)|HEAP_ALLOCATE|[14]|Bytes:5
14:20:30.0 (5737976)|VARIABLE_ASSIGNMENT|[14]|q|null|
14:20:30.0 (5743242)|STATEMENT_EXECUTE|[18]
14:20:30.0 (5745769)|HEAP_ALLOCATE|[18]|Bytes:53
14:20:30.0 (5757196)|HEAP_ALLOCATE|[18]|Bytes:4
14:20:30.0 (5763777)|HEAP_ALLOCATE|[18]|Bytes:7
14:20:30.0 (5789442)|HEAP_ALLOCATE|[18]|Bytes:12
14:20:30.0 (6451423)|SOQL_EXECUTE_BEGIN|[18]|Aggregations:0|SELECT Body FROM Attachment WHERE ParentId = :tmpVar1
14:20:30.0 (11625389)|SOQL_EXECUTE_END|[18]|Rows:0
14:20:30.0 (11657043)|HEAP_ALLOCATE|[18]|Bytes:4
14:20:30.0 (11668928)|HEAP_ALLOCATE|[18]|Bytes:0
14:20:30.0 (11745831)|HEAP_ALLOCATE|[18]|Bytes:4
14:20:30.0 (11764172)|VARIABLE_SCOPE_BEGIN|[18]|attachements|List<Attachment>|true|false
14:20:30.0 (11789002)|VARIABLE_ASSIGNMENT|[18]|attachements|[]|0x2d5a0e08
14:20:30.0 (11800173)|STATEMENT_EXECUTE|[25]
14:20:30.0 (11805838)|HEAP_ALLOCATE|[25]|Bytes:10904
14:20:30.0 (11823056)|SYSTEM_MODE_EXIT|false
14:20:30.11 (11858188)|CUMULATIVE_LIMIT_USAGE
14:20:30.11 (11858188)|LIMIT_USAGE_FOR_NS|(default)|
  Number of SOQL queries: 2 out of 100
  Number of query rows: 1 out of 50000
  Number of SOSL queries: 0 out of 20
  Number of DML statements: 0 out of 150
  Number of DML rows: 0 out of 10000
  Maximum CPU time: 0 out of 10000
  Maximum heap size: 0 out of 6000000
  Number of callouts: 0 out of 100
  Number of Email Invocations: 0 out of 10
  Number of future calls: 0 out of 50
  Number of queueable jobs added to the queue: 0 out of 50
  Number of Mobile Apex push calls: 0 out of 10

14:20:30.11 (11858188)|CUMULATIVE_LIMIT_USAGE_END

14:20:30.0 (11909634)|CODE_UNIT_FINISHED|ViewQuotePDF.getPDF
14:20:30.0 (12266192)|CODE_UNIT_FINISHED|Aura
14:20:30.0 (13490170)|EXECUTION_FINISHED
