42.0 APEX_CODE,FINEST;APEX_PROFILING,INFO;CALLOUT,INFO;DB,INFO;SYSTEM,DEBUG;VALIDATION,INFO;VISUALFORCE,INFO;WAVE,INFO;WORKFLOW,INFO
14:15:05.0 (96238)|USER_INFO|[EXTERNAL]|005f4000001uuP2|nmolinam@deloitte.com|Hora de Venezuela|GMT-04:00
14:15:05.0 (148667)|EXECUTION_STARTED
14:15:05.0 (153818)|CODE_UNIT_STARTED|[EXTERNAL]|Aura
14:15:05.0 (1351603)|CODE_UNIT_STARTED|[EXTERNAL]|01pf4000008WnsX|ViewQuotePDF.getPDF
14:15:05.0 (1575417)|HEAP_ALLOCATE|[72]|Bytes:3
14:15:05.0 (1617259)|HEAP_ALLOCATE|[77]|Bytes:152
14:15:05.0 (1637217)|HEAP_ALLOCATE|[342]|Bytes:408
14:15:05.0 (1657179)|HEAP_ALLOCATE|[355]|Bytes:408
14:15:05.0 (1668986)|HEAP_ALLOCATE|[467]|Bytes:48
14:15:05.0 (1700302)|HEAP_ALLOCATE|[139]|Bytes:6
14:15:05.0 (1763901)|HEAP_ALLOCATE|[EXTERNAL]|Bytes:4
14:15:05.0 (1770644)|HEAP_ALLOCATE|[EXTERNAL]|Bytes:5
14:15:05.0 (1798654)|METHOD_ENTRY|[1]|01pf4000008WnsX|ViewQuotePDF.ViewQuotePDF()
14:15:05.0 (1809366)|STATEMENT_EXECUTE|[1]
14:15:05.0 (1815203)|STATEMENT_EXECUTE|[1]
14:15:05.0 (1854620)|HEAP_ALLOCATE|[50]|Bytes:5
14:15:05.0 (1878903)|HEAP_ALLOCATE|[56]|Bytes:5
14:15:05.0 (1890907)|HEAP_ALLOCATE|[64]|Bytes:7
14:15:05.0 (1922167)|SYSTEM_MODE_ENTER|false
14:15:05.0 (1942960)|HEAP_ALLOCATE|[EXTERNAL]|Bytes:5
14:15:05.0 (1951360)|SYSTEM_MODE_EXIT|false
14:15:05.0 (1970840)|METHOD_EXIT|[1]|ViewQuotePDF
14:15:05.0 (1988724)|SYSTEM_MODE_ENTER|false
14:15:05.0 (2010457)|HEAP_ALLOCATE|[4]|Bytes:5
14:15:05.0 (2019137)|STATEMENT_EXECUTE|[3]
14:15:05.0 (2021788)|STATEMENT_EXECUTE|[4]
14:15:05.0 (2120568)|HEAP_ALLOCATE|[4]|Bytes:4
14:15:05.0 (2191935)|VARIABLE_SCOPE_BEGIN|[4]|quotes|List<Quote>|true|false
14:15:05.0 (2211462)|HEAP_ALLOCATE|[EXTERNAL]|Bytes:4
14:15:05.0 (2235965)|VARIABLE_ASSIGNMENT|[4]|quotes|[]|0x179cb192
14:15:05.0 (2241960)|STATEMENT_EXECUTE|[5]
14:15:05.0 (2246823)|VARIABLE_SCOPE_BEGIN|[5]|pfdBase64|String|false|false
14:15:05.0 (2261233)|VARIABLE_ASSIGNMENT|[5]|pfdBase64|null
14:15:05.0 (2270225)|HEAP_ALLOCATE|[7]|Bytes:22
14:15:05.0 (2294133)|HEAP_ALLOCATE|[7]|Bytes:4
14:15:05.0 (2649387)|SOQL_EXECUTE_BEGIN|[7]|Aggregations:0|SELECT Name FROM Quote
14:15:05.0 (6099461)|SOQL_EXECUTE_END|[7]|Rows:1
14:15:05.0 (6123858)|HEAP_ALLOCATE|[EXTERNAL]|Bytes:8
14:15:05.0 (6324244)|HEAP_ALLOCATE|[7]|Bytes:54
14:15:05.0 (6337577)|HEAP_ALLOCATE|[7]|Bytes:8
14:15:05.0 (6361379)|SYSTEM_METHOD_ENTRY|[7]|QueryLocatorIterator.QueryLocatorIterator()
14:15:05.0 (6369165)|STATEMENT_EXECUTE|[7]
14:15:05.0 (6387434)|SYSTEM_METHOD_EXIT|[7]|QueryLocatorIterator
14:15:05.0 (6397964)|HEAP_ALLOCATE|[7]|Bytes:28
14:15:05.0 (6438756)|HEAP_ALLOCATE|[7]|Bytes:8
14:15:05.0 (6458963)|HEAP_ALLOCATE|[7]|Bytes:8
14:15:05.0 (6464358)|HEAP_ALLOCATE|[7]|Bytes:8
14:15:05.0 (6472051)|VARIABLE_SCOPE_BEGIN|[15]|this|Database.QueryLocatorIterator|true|false
14:15:05.0 (6538101)|VARIABLE_ASSIGNMENT|[15]|this|{}|0x23a5a1ef
14:15:05.0 (6548867)|VARIABLE_SCOPE_BEGIN|[15]|values|List<SObject>|true|false
14:15:05.0 (6589480)|VARIABLE_ASSIGNMENT|[15]|values|[{"Name":"first quote","Id":"0Q0f40000009VVICA2"}]|0x305596ce
14:15:05.0 (6601167)|VARIABLE_SCOPE_BEGIN|[15]|ql|Database.QueryLocator|true|false
14:15:05.0 (6629013)|VARIABLE_ASSIGNMENT|[15]|ql|{"query":"SELECT Name FROM Quo (2 more) ..."}|0xc04eee9
14:15:05.0 (6638643)|VARIABLE_SCOPE_BEGIN|[15]|totalNumRecords|Integer|false|false
14:15:05.0 (6652340)|VARIABLE_ASSIGNMENT|[15]|totalNumRecords|1
14:15:05.0 (6671030)|VARIABLE_SCOPE_BEGIN|[15]|queryMoreSize|Integer|false|false
14:15:05.0 (6683364)|VARIABLE_ASSIGNMENT|[15]|queryMoreSize|49999
14:15:05.0 (6817798)|HEAP_ALLOCATE|[7]|Bytes:28
14:15:05.0 (6865627)|METHOD_ENTRY|[7]||Database.QueryLocatorIterator.hasNext()
14:15:05.0 (6919588)|METHOD_EXIT|[7]||Database.QueryLocatorIterator.hasNext()
14:15:05.0 (6927843)|METHOD_ENTRY|[7]||Database.QueryLocatorIterator.next()
14:15:05.0 (7001295)|METHOD_EXIT|[7]||Database.QueryLocatorIterator.next()
14:15:05.0 (7009991)|VARIABLE_SCOPE_BEGIN|[7]|q|Quote|true|false
14:15:05.0 (7029397)|VARIABLE_ASSIGNMENT|[7]|q|{"Name":"first quote","Id":"0Q0f40000009VVICA2"}|0x51223d68
14:15:05.0 (7035642)|STATEMENT_EXECUTE|[7]
14:15:05.0 (7037798)|STATEMENT_EXECUTE|[8]
14:15:05.0 (7068773)|HEAP_ALLOCATE|[EXTERNAL]|Bytes:4
14:15:05.0 (7079830)|METHOD_ENTRY|[7]||Database.QueryLocatorIterator.hasNext()
14:15:05.0 (7092676)|METHOD_EXIT|[7]||Database.QueryLocatorIterator.hasNext()
14:15:05.0 (7100588)|VARIABLE_ASSIGNMENT|[7]|q|null|
14:15:05.0 (7130199)|STATEMENT_EXECUTE|[13]
14:15:05.0 (7209343)|HEAP_ALLOCATE|[14]|Bytes:5
14:15:05.0 (7223760)|HEAP_ALLOCATE|[14]|Bytes:12
14:15:05.0 (7230040)|VARIABLE_SCOPE_BEGIN|[14]|q|Quote|true|false
14:15:05.0 (7243232)|VARIABLE_ASSIGNMENT|[14]|q|{"Name":"first quote","Id":"0Q0f40000009VVICA2"}|0x51223d68
14:15:05.0 (7248625)|STATEMENT_EXECUTE|[14]
14:15:05.0 (7250383)|STATEMENT_EXECUTE|[15]
14:15:05.0 (7253617)|HEAP_ALLOCATE|[15]|Bytes:20
14:15:05.0 (7288675)|HEAP_ALLOCATE|[15]|Bytes:31
14:15:05.0 (7314080)|USER_DEBUG|[15]|DEBUG|nombre de la quote: first quote
14:15:05.0 (7329490)|HEAP_ALLOCATE|[14]|Bytes:5
14:15:05.0 (7340149)|VARIABLE_ASSIGNMENT|[14]|q|null|
14:15:05.0 (7345698)|STATEMENT_EXECUTE|[18]
14:15:05.0 (7348445)|HEAP_ALLOCATE|[18]|Bytes:53
14:15:05.0 (7361889)|HEAP_ALLOCATE|[18]|Bytes:4
14:15:05.0 (7368762)|HEAP_ALLOCATE|[18]|Bytes:7
14:15:05.0 (7391938)|HEAP_ALLOCATE|[18]|Bytes:12
14:15:05.0 (8096600)|SOQL_EXECUTE_BEGIN|[18]|Aggregations:0|SELECT Body FROM Attachment WHERE ParentId = :tmpVar1
14:15:05.0 (12266335)|SOQL_EXECUTE_END|[18]|Rows:0
14:15:05.0 (12288732)|HEAP_ALLOCATE|[18]|Bytes:4
14:15:05.0 (12296780)|HEAP_ALLOCATE|[18]|Bytes:0
14:15:05.0 (12350102)|HEAP_ALLOCATE|[18]|Bytes:4
14:15:05.0 (12363115)|VARIABLE_SCOPE_BEGIN|[18]|attachements|List<Attachment>|true|false
14:15:05.0 (12382503)|VARIABLE_ASSIGNMENT|[18]|attachements|[]|0x141befe3
14:15:05.0 (12388351)|STATEMENT_EXECUTE|[25]
14:15:05.0 (12392172)|HEAP_ALLOCATE|[25]|Bytes:10904
14:15:05.0 (12403796)|SYSTEM_MODE_EXIT|false
14:15:05.12 (12428492)|CUMULATIVE_LIMIT_USAGE
14:15:05.12 (12428492)|LIMIT_USAGE_FOR_NS|(default)|
  Number of SOQL queries: 2 out of 100
  Number of query rows: 1 out of 50000
  Number of SOSL queries: 0 out of 20
  Number of DML statements: 0 out of 150
  Number of DML rows: 0 out of 10000
  Maximum CPU time: 0 out of 10000
  Maximum heap size: 0 out of 6000000
  Number of callouts: 0 out of 100
  Number of Email Invocations: 0 out of 10
  Number of future calls: 0 out of 50
  Number of queueable jobs added to the queue: 0 out of 50
  Number of Mobile Apex push calls: 0 out of 10

14:15:05.12 (12428492)|CUMULATIVE_LIMIT_USAGE_END

14:15:05.0 (12463915)|CODE_UNIT_FINISHED|ViewQuotePDF.getPDF
14:15:05.0 (12709232)|CODE_UNIT_FINISHED|Aura
14:15:05.0 (13972593)|EXECUTION_FINISHED
