42.0 APEX_CODE,FINEST;APEX_PROFILING,INFO;CALLOUT,INFO;DB,INFO;SYSTEM,DEBUG;VALIDATION,INFO;VISUALFORCE,INFO;WAVE,INFO;WORKFLOW,INFO
15:32:56.0 (328712)|USER_INFO|[EXTERNAL]|005f4000001uuP2|nmolinam@deloitte.com|Hora de Venezuela|GMT-04:00
15:32:56.0 (355702)|EXECUTION_STARTED
15:32:56.0 (359540)|CODE_UNIT_STARTED|[EXTERNAL]|Aura
15:32:56.0 (1206615)|HEAP_ALLOCATE|[72]|Bytes:3
15:32:56.0 (1274480)|HEAP_ALLOCATE|[77]|Bytes:152
15:32:56.0 (1290527)|HEAP_ALLOCATE|[342]|Bytes:408
15:32:56.0 (1302589)|HEAP_ALLOCATE|[355]|Bytes:408
15:32:56.0 (1318678)|HEAP_ALLOCATE|[467]|Bytes:48
15:32:56.0 (1345992)|HEAP_ALLOCATE|[139]|Bytes:6
15:32:56.0 (1360002)|HEAP_ALLOCATE|[EXTERNAL]|Bytes:18
15:32:56.0 (1383300)|HEAP_ALLOCATE|[EXTERNAL]|Bytes:4
15:32:56.0 (2142210)|CODE_UNIT_STARTED|[EXTERNAL]|01pf4000009Vx35|CloneQuote.cloneQuote
15:32:56.0 (2252492)|HEAP_ALLOCATE|[EXTERNAL]|Bytes:1
15:32:56.0 (2265088)|METHOD_ENTRY|[1]|01pf4000009Vx35|CloneQuote.CloneQuote()
15:32:56.0 (2272668)|STATEMENT_EXECUTE|[1]
15:32:56.0 (2277706)|STATEMENT_EXECUTE|[1]
15:32:56.0 (2309828)|HEAP_ALLOCATE|[50]|Bytes:5
15:32:56.0 (2347648)|HEAP_ALLOCATE|[56]|Bytes:5
15:32:56.0 (2356469)|HEAP_ALLOCATE|[64]|Bytes:7
15:32:56.0 (2379105)|SYSTEM_MODE_ENTER|false
15:32:56.0 (2394765)|HEAP_ALLOCATE|[EXTERNAL]|Bytes:5
15:32:56.0 (2402527)|SYSTEM_MODE_EXIT|false
15:32:56.0 (2410882)|METHOD_EXIT|[1]|CloneQuote
15:32:56.0 (2416890)|HEAP_ALLOCATE|[EXTERNAL]|Bytes:4
15:32:56.0 (2424959)|SYSTEM_MODE_ENTER|false
15:32:56.0 (2434903)|VARIABLE_SCOPE_BEGIN|[3]|quoteId|Id|false|false
15:32:56.0 (2655189)|VARIABLE_ASSIGNMENT|[3]|quoteId|"0Q0f40000009kKqCAI"
15:32:56.0 (2677773)|HEAP_ALLOCATE|[6]|Bytes:5
15:32:56.0 (2683736)|STATEMENT_EXECUTE|[3]
15:32:56.0 (2685374)|STATEMENT_EXECUTE|[4]
15:32:56.0 (2688566)|HEAP_ALLOCATE|[6]|Bytes:183
15:32:56.0 (2711353)|HEAP_ALLOCATE|[6]|Bytes:4
15:32:56.0 (2726483)|HEAP_ALLOCATE|[6]|Bytes:7
15:32:56.0 (3353190)|SOQL_EXECUTE_BEGIN|[6]|Aggregations:1|SELECT Name, OPPORTUNITYiD, Pricebook2Id, (SELECT QuoteId, Description, Discount, PricebookEntryId, Quantity, Product2Id, UnitPrice FROM QuoteLineItems) FROM QUOTE WHERE ID = :tmpVar1
15:32:56.0 (7208536)|SOQL_EXECUTE_END|[6]|Rows:1
15:32:56.0 (7234395)|HEAP_ALLOCATE|[6]|Bytes:8
15:32:56.0 (7255280)|HEAP_ALLOCATE|[6]|Bytes:113
15:32:56.0 (7359093)|HEAP_ALLOCATE|[6]|Bytes:8
15:32:56.0 (7371347)|HEAP_ALLOCATE|[4]|Bytes:31
15:32:56.0 (7403028)|HEAP_ALLOCATE|[4]|Bytes:20
15:32:56.0 (7410950)|VARIABLE_SCOPE_BEGIN|[4]|q1|Quote|true|false
15:32:56.0 (7439540)|VARIABLE_ASSIGNMENT|[4]|q1|{"Name":"QUOTE 2","OpportunityId":"006f400000AO4MJAA1","Pricebook2Id":"01sf4000003Vb8JAAS","Id":"0Q0f40000009kKqCAI"}|0x58621fe0
15:32:56.0 (7447731)|STATEMENT_EXECUTE|[11]
15:32:56.0 (7526779)|HEAP_ALLOCATE|[11]|Bytes:88
15:32:56.0 (7532419)|HEAP_ALLOCATE|[11]|Bytes:16
15:32:56.0 (7549587)|VARIABLE_SCOPE_BEGIN|[11]|q2|Quote|true|false
15:32:56.0 (7565252)|VARIABLE_ASSIGNMENT|[11]|q2|{"Name":"QUOTE 2","OpportunityId":"006f400000AO4MJAA1","Pricebook2Id":"01sf4000003Vb8JAAS"}|0x5493cd40
15:32:56.0 (7572529)|STATEMENT_EXECUTE|[12]
15:32:56.0 (7638318)|VARIABLE_ASSIGNMENT|[12]|this.Pricebook2Id|"01sf4000003Vb8JAAS"|0x5493cd40
15:32:56.0 (7645216)|STATEMENT_EXECUTE|[14]
15:32:56.0 (7667103)|HEAP_ALLOCATE|[14]|Bytes:8
15:32:56.0 (7674832)|DML_BEGIN|[14]|Op:Insert|Type:Quote|Rows:1
15:32:56.0 (7703160)|HEAP_ALLOCATE|[EXTERNAL]|Bytes:8
15:32:56.0 (57275571)|DML_END|[14]
15:32:56.0 (57291410)|HEAP_ALLOCATE|[14]|Bytes:-4
15:32:56.0 (57312919)|STATEMENT_EXECUTE|[15]
15:32:56.0 (57347699)|VARIABLE_SCOPE_BEGIN|[15]|idQuote|Id|false|false
15:32:56.0 (57428748)|VARIABLE_ASSIGNMENT|[15]|idQuote|"0Q0f40000009kLKCAY"
15:32:56.0 (57435921)|STATEMENT_EXECUTE|[18]
15:32:56.0 (57441543)|HEAP_ALLOCATE|[18]|Bytes:14
15:32:56.0 (57449870)|HEAP_ALLOCATE|[18]|Bytes:13
15:32:56.0 (57496434)|HEAP_ALLOCATE|[EXTERNAL]|Bytes:4
15:32:56.0 (57574952)|HEAP_ALLOCATE|[18]|Bytes:4
15:32:56.0 (57588503)|VARIABLE_SCOPE_BEGIN|[18]|items|List<QuoteLineItem>|true|false
15:32:56.0 (57606472)|VARIABLE_ASSIGNMENT|[18]|items|[]|0x4355703f
15:32:56.0 (57825213)|HEAP_ALLOCATE|[20]|Bytes:5
15:32:56.0 (57853134)|VARIABLE_ASSIGNMENT|[20]|i|null|
15:32:56.0 (57859799)|STATEMENT_EXECUTE|[20]
15:32:56.0 (57871400)|SYSTEM_MODE_EXIT|false
15:32:56.62 (62984519)|CUMULATIVE_LIMIT_USAGE
15:32:56.62 (62984519)|LIMIT_USAGE_FOR_NS|(default)|
  Number of SOQL queries: 1 out of 100
  Number of query rows: 1 out of 50000
  Number of SOSL queries: 0 out of 20
  Number of DML statements: 1 out of 150
  Number of DML rows: 1 out of 10000
  Maximum CPU time: 0 out of 10000
  Maximum heap size: 0 out of 6000000
  Number of callouts: 0 out of 100
  Number of Email Invocations: 0 out of 10
  Number of future calls: 0 out of 50
  Number of queueable jobs added to the queue: 0 out of 50
  Number of Mobile Apex push calls: 0 out of 10

15:32:56.62 (62984519)|CUMULATIVE_LIMIT_USAGE_END

15:32:56.0 (63026023)|CODE_UNIT_FINISHED|CloneQuote.cloneQuote
15:32:56.0 (63106254)|CODE_UNIT_FINISHED|Aura
15:32:56.0 (63987707)|EXECUTION_FINISHED
