42.0 APEX_CODE,FINEST;APEX_PROFILING,INFO;CALLOUT,INFO;DB,INFO;SYSTEM,DEBUG;VALIDATION,INFO;VISUALFORCE,INFO;WAVE,INFO;WORKFLOW,INFO
14:42:47.0 (420781)|USER_INFO|[EXTERNAL]|005f4000001uuP2|nmolinam@deloitte.com|Hora de Venezuela|GMT-04:00
14:42:47.0 (469133)|EXECUTION_STARTED
14:42:47.0 (474579)|CODE_UNIT_STARTED|[EXTERNAL]|01pf4000008h69q|testBlobToPDF.testBlobPDF
14:42:47.0 (1237568)|HEAP_ALLOCATE|[72]|Bytes:3
14:42:47.0 (1280167)|HEAP_ALLOCATE|[77]|Bytes:152
14:42:47.0 (1296640)|HEAP_ALLOCATE|[342]|Bytes:408
14:42:47.0 (1310584)|HEAP_ALLOCATE|[355]|Bytes:408
14:42:47.0 (1323449)|HEAP_ALLOCATE|[467]|Bytes:48
14:42:47.0 (1350444)|HEAP_ALLOCATE|[139]|Bytes:6
14:42:47.0 (1365615)|HEAP_ALLOCATE|[EXTERNAL]|Bytes:5
14:42:47.0 (1370947)|HEAP_ALLOCATE|[EXTERNAL]|Bytes:8
14:42:47.0 (1390532)|METHOD_ENTRY|[5]|01pf4000008h69q|testBlobToPDF.testBlobToPDF()
14:42:47.0 (1399039)|STATEMENT_EXECUTE|[5]
14:42:47.0 (1424756)|STATEMENT_EXECUTE|[5]
14:42:47.0 (1429029)|METHOD_EXIT|[5]|testBlobToPDF
14:42:47.0 (1512724)|HEAP_ALLOCATE|[50]|Bytes:5
14:42:47.0 (1536858)|HEAP_ALLOCATE|[56]|Bytes:5
14:42:47.0 (1544396)|HEAP_ALLOCATE|[64]|Bytes:7
14:42:47.0 (1584918)|STATEMENT_EXECUTE|[9]
14:42:47.0 (1586871)|STATEMENT_EXECUTE|[10]
14:42:47.0 (1598317)|METHOD_ENTRY|[10]|01pf4000008h69q|testBlobToPDF.Body()
14:42:47.0 (1640331)|STATEMENT_EXECUTE|[37]
14:42:47.0 (1642266)|STATEMENT_EXECUTE|[38]
14:42:47.0 (1645329)|HEAP_ALLOCATE|[39]|Bytes:3801
14:42:47.0 (1652642)|VARIABLE_SCOPE_BEGIN|[38]|bodyStr|String|false|false
14:42:47.0 (1694355)|VARIABLE_ASSIGNMENT|[38]|bodyStr|"    \u003Cdiv style=\"posi (3781 more) ..."
14:42:47.0 (1700005)|STATEMENT_EXECUTE|[137]
14:42:47.0 (1705943)|METHOD_EXIT|[10]|01pf4000008h69q|testBlobToPDF.Body()
14:42:47.0 (1712653)|VARIABLE_SCOPE_BEGIN|[10]|PDFBody|String|false|false
14:42:47.0 (1723208)|VARIABLE_ASSIGNMENT|[10]|PDFBody|"    \u003Cdiv style=\"posi (3781 more) ..."
14:42:47.0 (1727129)|STATEMENT_EXECUTE|[11]
14:42:47.0 (294049104)|HEAP_ALLOCATE|[11]|Bytes:4
14:42:47.0 (294122681)|VARIABLE_SCOPE_BEGIN|[11]|pdfBlob|Blob|false|false
14:42:47.0 (294152525)|VARIABLE_ASSIGNMENT|[11]|pdfBlob|BLOB(1557 bytes)
14:42:47.0 (294159643)|STATEMENT_EXECUTE|[12]
14:42:47.0 (294187971)|METHOD_ENTRY|[12]|01pf4000008h69q|testBlobToPDF.SaveBlobToDoc(Blob)
14:42:47.0 (294338071)|VARIABLE_SCOPE_BEGIN|[15]|blobPDF|Blob|false|false
14:42:47.0 (294355304)|VARIABLE_ASSIGNMENT|[15]|blobPDF|BLOB(1557 bytes)
14:42:47.0 (294391499)|STATEMENT_EXECUTE|[16]
14:42:47.0 (294393425)|STATEMENT_EXECUTE|[17]
14:42:47.0 (294398656)|HEAP_ALLOCATE|[17]|Bytes:7
14:42:47.0 (294405758)|VARIABLE_SCOPE_BEGIN|[17]|FileName|String|false|false
14:42:47.0 (294418440)|VARIABLE_ASSIGNMENT|[17]|FileName|"TestPDF"
14:42:47.0 (294423085)|STATEMENT_EXECUTE|[18]
14:42:47.0 (294478057)|VARIABLE_SCOPE_BEGIN|[18]|doc|Document|true|false
14:42:47.0 (294489925)|VARIABLE_ASSIGNMENT|[18]|doc|null|
14:42:47.0 (294494397)|STATEMENT_EXECUTE|[19]
14:42:47.0 (294497580)|HEAP_ALLOCATE|[19]|Bytes:101
14:42:47.0 (294521095)|HEAP_ALLOCATE|[19]|Bytes:4
14:42:47.0 (294534094)|HEAP_ALLOCATE|[19]|Bytes:7
14:42:47.0 (294911999)|SOQL_EXECUTE_BEGIN|[19]|Aggregations:0|SELECT ID, Name, Body, FolderID, DeveloperName, Type, ContentType FROM Document WHERE Name = :tmpVar1
14:42:47.0 (308651633)|SOQL_EXECUTE_END|[19]|Rows:0
14:42:47.0 (308689839)|HEAP_ALLOCATE|[19]|Bytes:4
14:42:47.0 (308701762)|HEAP_ALLOCATE|[19]|Bytes:0
14:42:47.0 (308811549)|HEAP_ALLOCATE|[19]|Bytes:4
14:42:47.0 (308829416)|VARIABLE_SCOPE_BEGIN|[19]|docs|List<Document>|true|false
14:42:47.0 (308851232)|VARIABLE_ASSIGNMENT|[19]|docs|[]|0x5d63825c
14:42:47.0 (308931104)|STATEMENT_EXECUTE|[23]
14:42:47.0 (308933613)|STATEMENT_EXECUTE|[24]
14:42:47.0 (308957146)|HEAP_ALLOCATE|[24]|Bytes:4
14:42:47.0 (309059959)|VARIABLE_ASSIGNMENT|[24]|doc|{}|0x717031c5
14:42:47.0 (309067696)|STATEMENT_EXECUTE|[25]
14:42:47.0 (309119921)|VARIABLE_ASSIGNMENT|[25]|this.Name|"TestPDF"|0x717031c5
14:42:47.0 (309126519)|STATEMENT_EXECUTE|[26]
14:42:47.0 (309144063)|VARIABLE_ASSIGNMENT|[26]|this.DeveloperName|"TestPDF"|0x717031c5
14:42:47.0 (309149803)|STATEMENT_EXECUTE|[27]
14:42:47.0 (309155870)|HEAP_ALLOCATE|[27]|Bytes:3
14:42:47.0 (309173957)|VARIABLE_ASSIGNMENT|[27]|this.Type|"pdf"|0x717031c5
14:42:47.0 (309179493)|STATEMENT_EXECUTE|[28]
14:42:47.0 (309182513)|HEAP_ALLOCATE|[28]|Bytes:15
14:42:47.0 (309198779)|VARIABLE_ASSIGNMENT|[28]|this.ContentType|"application/pdf"|0x717031c5
14:42:47.0 (309204647)|STATEMENT_EXECUTE|[29]
14:42:47.0 (309241832)|HEAP_ALLOCATE|[29]|Bytes:85
14:42:47.0 (309257170)|SYSTEM_METHOD_ENTRY|[1]|UserInfo.UserInfo()
14:42:47.0 (309261834)|STATEMENT_EXECUTE|[1]
14:42:47.0 (309269981)|SYSTEM_METHOD_EXIT|[1]|UserInfo
14:42:47.0 (309283370)|METHOD_ENTRY|[29]||System.UserInfo.getUserId()
14:42:47.0 (309349234)|METHOD_EXIT|[29]||System.UserInfo.getUserId()
14:42:47.0 (309366066)|HEAP_ALLOCATE|[29]|Bytes:4
14:42:47.0 (309396834)|VARIABLE_ASSIGNMENT|[29]|this.FolderId|"005f4000001uuP2AAI"|0x717031c5
14:42:47.0 (309403699)|STATEMENT_EXECUTE|[32]
14:42:47.0 (309429510)|VARIABLE_ASSIGNMENT|[32]|this.Body|BLOB(1557 bytes)|0x717031c5
14:42:47.0 (309436397)|STATEMENT_EXECUTE|[33]
14:42:47.0 (309459064)|HEAP_ALLOCATE|[33]|Bytes:8
14:42:47.0 (309469467)|DML_BEGIN|[33]|Op:Upsert|Type:Document|Rows:1
14:42:47.0 (309492771)|HEAP_ALLOCATE|[EXTERNAL]|Bytes:8
14:42:47.0 (361214739)|DML_END|[33]
14:42:47.0 (361254699)|METHOD_EXIT|[12]|01pf4000008h69q|testBlobToPDF.SaveBlobToDoc(Blob)
14:42:47.361 (361278320)|CUMULATIVE_LIMIT_USAGE
14:42:47.361 (361278320)|LIMIT_USAGE_FOR_NS|(default)|
  Number of SOQL queries: 1 out of 100
  Number of query rows: 0 out of 50000
  Number of SOSL queries: 0 out of 20
  Number of DML statements: 1 out of 150
  Number of DML rows: 1 out of 10000
  Maximum CPU time: 0 out of 10000
  Maximum heap size: 0 out of 6000000
  Number of callouts: 0 out of 100
  Number of Email Invocations: 0 out of 10
  Number of future calls: 0 out of 50
  Number of queueable jobs added to the queue: 0 out of 50
  Number of Mobile Apex push calls: 0 out of 10

14:42:47.361 (361278320)|CUMULATIVE_LIMIT_USAGE_END

14:42:47.0 (361317706)|CODE_UNIT_FINISHED|testBlobToPDF.testBlobPDF
14:42:47.0 (362545277)|EXECUTION_FINISHED
