42.0 APEX_CODE,FINEST;APEX_PROFILING,INFO;CALLOUT,INFO;DB,INFO;SYSTEM,DEBUG;VALIDATION,INFO;VISUALFORCE,INFO;WAVE,INFO;WORKFLOW,INFO
14:56:57.0 (72444)|USER_INFO|[EXTERNAL]|005f4000001uuP2|nmolinam@deloitte.com|Hora de Venezuela|GMT-04:00
14:56:57.0 (109463)|EXECUTION_STARTED
14:56:57.0 (113910)|CODE_UNIT_STARTED|[EXTERNAL]|Aura
14:56:57.0 (1222642)|CODE_UNIT_STARTED|[EXTERNAL]|01pf4000008WnsX|ViewQuotePDF.getPDF
14:56:57.0 (1457527)|HEAP_ALLOCATE|[72]|Bytes:3
14:56:57.0 (1528273)|HEAP_ALLOCATE|[77]|Bytes:152
14:56:57.0 (1543161)|HEAP_ALLOCATE|[342]|Bytes:408
14:56:57.0 (1555119)|HEAP_ALLOCATE|[355]|Bytes:408
14:56:57.0 (1566165)|HEAP_ALLOCATE|[467]|Bytes:48
14:56:57.0 (1616698)|HEAP_ALLOCATE|[139]|Bytes:6
14:56:57.0 (1637236)|HEAP_ALLOCATE|[EXTERNAL]|Bytes:4
14:56:57.0 (1654192)|HEAP_ALLOCATE|[EXTERNAL]|Bytes:8
14:56:57.0 (1678057)|METHOD_ENTRY|[1]|01pf4000008WnsX|ViewQuotePDF.ViewQuotePDF()
14:56:57.0 (1686300)|STATEMENT_EXECUTE|[1]
14:56:57.0 (1691039)|STATEMENT_EXECUTE|[1]
14:56:57.0 (1724276)|HEAP_ALLOCATE|[50]|Bytes:5
14:56:57.0 (1748285)|HEAP_ALLOCATE|[56]|Bytes:5
14:56:57.0 (1755741)|HEAP_ALLOCATE|[64]|Bytes:7
14:56:57.0 (1777829)|SYSTEM_MODE_ENTER|false
14:56:57.0 (1909493)|HEAP_ALLOCATE|[EXTERNAL]|Bytes:5
14:56:57.0 (1918527)|SYSTEM_MODE_EXIT|false
14:56:57.0 (1941906)|METHOD_EXIT|[1]|ViewQuotePDF
14:56:57.0 (1954712)|SYSTEM_MODE_ENTER|false
14:56:57.0 (1968356)|HEAP_ALLOCATE|[4]|Bytes:5
14:56:57.0 (1973063)|STATEMENT_EXECUTE|[3]
14:56:57.0 (1974943)|STATEMENT_EXECUTE|[4]
14:56:57.0 (2077268)|HEAP_ALLOCATE|[4]|Bytes:4
14:56:57.0 (2198060)|VARIABLE_SCOPE_BEGIN|[4]|quotes|List<Quote>|true|false
14:56:57.0 (2286382)|HEAP_ALLOCATE|[EXTERNAL]|Bytes:4
14:56:57.0 (2312231)|VARIABLE_ASSIGNMENT|[4]|quotes|[]|0x7ad9716
14:56:57.0 (2318498)|STATEMENT_EXECUTE|[5]
14:56:57.0 (2322693)|VARIABLE_SCOPE_BEGIN|[5]|pfdBase64|String|false|false
14:56:57.0 (2333080)|VARIABLE_ASSIGNMENT|[5]|pfdBase64|null
14:56:57.0 (2340006)|HEAP_ALLOCATE|[7]|Bytes:22
14:56:57.0 (2359319)|HEAP_ALLOCATE|[7]|Bytes:4
14:56:57.0 (2647860)|SOQL_EXECUTE_BEGIN|[7]|Aggregations:0|SELECT Name FROM Quote
14:56:57.0 (4274468)|SOQL_EXECUTE_END|[7]|Rows:1
14:56:57.0 (4295053)|HEAP_ALLOCATE|[EXTERNAL]|Bytes:8
14:56:57.0 (4465528)|HEAP_ALLOCATE|[7]|Bytes:54
14:56:57.0 (4474485)|HEAP_ALLOCATE|[7]|Bytes:8
14:56:57.0 (4483493)|SYSTEM_METHOD_ENTRY|[7]|QueryLocatorIterator.QueryLocatorIterator()
14:56:57.0 (4488057)|STATEMENT_EXECUTE|[7]
14:56:57.0 (4495225)|SYSTEM_METHOD_EXIT|[7]|QueryLocatorIterator
14:56:57.0 (4503279)|HEAP_ALLOCATE|[7]|Bytes:28
14:56:57.0 (4537714)|HEAP_ALLOCATE|[7]|Bytes:8
14:56:57.0 (4551228)|HEAP_ALLOCATE|[7]|Bytes:8
14:56:57.0 (4555400)|HEAP_ALLOCATE|[7]|Bytes:8
14:56:57.0 (4561326)|VARIABLE_SCOPE_BEGIN|[15]|this|Database.QueryLocatorIterator|true|false
14:56:57.0 (4618782)|VARIABLE_ASSIGNMENT|[15]|this|{}|0x69f6e729
14:56:57.0 (4626207)|VARIABLE_SCOPE_BEGIN|[15]|values|List<SObject>|true|false
14:56:57.0 (4646400)|VARIABLE_ASSIGNMENT|[15]|values|[{"Name":"first quote","Id":"0Q0f40000009VVICA2"}]|0x20e282a
14:56:57.0 (4652713)|VARIABLE_SCOPE_BEGIN|[15]|ql|Database.QueryLocator|true|false
14:56:57.0 (4673765)|VARIABLE_ASSIGNMENT|[15]|ql|{"query":"SELECT Name FROM Quo (2 more) ..."}|0x2f455bba
14:56:57.0 (4680076)|VARIABLE_SCOPE_BEGIN|[15]|totalNumRecords|Integer|false|false
14:56:57.0 (4688611)|VARIABLE_ASSIGNMENT|[15]|totalNumRecords|1
14:56:57.0 (4693407)|VARIABLE_SCOPE_BEGIN|[15]|queryMoreSize|Integer|false|false
14:56:57.0 (4700093)|VARIABLE_ASSIGNMENT|[15]|queryMoreSize|49999
14:56:57.0 (4786082)|HEAP_ALLOCATE|[7]|Bytes:28
14:56:57.0 (4828073)|METHOD_ENTRY|[7]||Database.QueryLocatorIterator.hasNext()
14:56:57.0 (4877709)|METHOD_EXIT|[7]||Database.QueryLocatorIterator.hasNext()
14:56:57.0 (4885983)|METHOD_ENTRY|[7]||Database.QueryLocatorIterator.next()
14:56:57.0 (4958604)|METHOD_EXIT|[7]||Database.QueryLocatorIterator.next()
14:56:57.0 (4966904)|VARIABLE_SCOPE_BEGIN|[7]|q|Quote|true|false
14:56:57.0 (4983026)|VARIABLE_ASSIGNMENT|[7]|q|{"Name":"first quote","Id":"0Q0f40000009VVICA2"}|0x13783f0a
14:56:57.0 (4989797)|STATEMENT_EXECUTE|[7]
14:56:57.0 (4992257)|STATEMENT_EXECUTE|[8]
14:56:57.0 (5021282)|HEAP_ALLOCATE|[EXTERNAL]|Bytes:4
14:56:57.0 (5033466)|METHOD_ENTRY|[7]||Database.QueryLocatorIterator.hasNext()
14:56:57.0 (5046460)|METHOD_EXIT|[7]||Database.QueryLocatorIterator.hasNext()
14:56:57.0 (5054365)|VARIABLE_ASSIGNMENT|[7]|q|null|
14:56:57.0 (5084816)|STATEMENT_EXECUTE|[13]
14:56:57.0 (5177264)|HEAP_ALLOCATE|[14]|Bytes:5
14:56:57.0 (5204205)|HEAP_ALLOCATE|[14]|Bytes:12
14:56:57.0 (5210970)|VARIABLE_SCOPE_BEGIN|[14]|q|Quote|true|false
14:56:57.0 (5230547)|VARIABLE_ASSIGNMENT|[14]|q|{"Name":"first quote","Id":"0Q0f40000009VVICA2"}|0x13783f0a
14:56:57.0 (5238495)|STATEMENT_EXECUTE|[14]
14:56:57.0 (5240433)|STATEMENT_EXECUTE|[15]
14:56:57.0 (5243749)|HEAP_ALLOCATE|[15]|Bytes:20
14:56:57.0 (5288434)|HEAP_ALLOCATE|[15]|Bytes:31
14:56:57.0 (5329217)|USER_DEBUG|[15]|DEBUG|nombre de la quote: first quote
14:56:57.0 (5346427)|HEAP_ALLOCATE|[14]|Bytes:5
14:56:57.0 (5357873)|VARIABLE_ASSIGNMENT|[14]|q|null|
14:56:57.0 (5362651)|STATEMENT_EXECUTE|[18]
14:56:57.0 (5365397)|HEAP_ALLOCATE|[18]|Bytes:53
14:56:57.0 (5377360)|HEAP_ALLOCATE|[18]|Bytes:4
14:56:57.0 (5383767)|HEAP_ALLOCATE|[18]|Bytes:7
14:56:57.0 (5407766)|HEAP_ALLOCATE|[18]|Bytes:12
14:56:57.0 (6115277)|SOQL_EXECUTE_BEGIN|[18]|Aggregations:0|SELECT Body FROM Attachment WHERE ParentId = :tmpVar1
14:56:57.0 (10246255)|SOQL_EXECUTE_END|[18]|Rows:0
14:56:57.0 (10274274)|HEAP_ALLOCATE|[18]|Bytes:4
14:56:57.0 (10285229)|HEAP_ALLOCATE|[18]|Bytes:0
14:56:57.0 (10349472)|HEAP_ALLOCATE|[18]|Bytes:4
14:56:57.0 (10365042)|VARIABLE_SCOPE_BEGIN|[18]|attachements|List<Attachment>|true|false
14:56:57.0 (10385227)|VARIABLE_ASSIGNMENT|[18]|attachements|[]|0x6a4ec9c9
14:56:57.0 (10394913)|STATEMENT_EXECUTE|[20]
14:56:57.0 (10399498)|HEAP_ALLOCATE|[20]|Bytes:49
14:56:57.0 (11274912)|HEAP_ALLOCATE|[20]|Bytes:4
14:56:57.0 (11554943)|HEAP_ALLOCATE|[20]|Bytes:36
14:56:57.0 (11672003)|FATAL_ERROR|System.StringException: BLOB is not a valid UTF-8 string

Class.ViewQuotePDF.getPDF: line 20, column 1
14:56:57.0 (11687448)|FATAL_ERROR|System.StringException: BLOB is not a valid UTF-8 string

Class.ViewQuotePDF.getPDF: line 20, column 1
14:56:57.11 (11696453)|CUMULATIVE_LIMIT_USAGE
14:56:57.11 (11696453)|LIMIT_USAGE_FOR_NS|(default)|
  Number of SOQL queries: 2 out of 100
  Number of query rows: 1 out of 50000
  Number of SOSL queries: 0 out of 20
  Number of DML statements: 0 out of 150
  Number of DML rows: 0 out of 10000
  Maximum CPU time: 0 out of 10000
  Maximum heap size: 0 out of 6000000
  Number of callouts: 0 out of 100
  Number of Email Invocations: 0 out of 10
  Number of future calls: 0 out of 50
  Number of queueable jobs added to the queue: 0 out of 50
  Number of Mobile Apex push calls: 0 out of 10

14:56:57.11 (11696453)|CUMULATIVE_LIMIT_USAGE_END

14:56:57.0 (11740596)|CODE_UNIT_FINISHED|ViewQuotePDF.getPDF
14:56:57.0 (17893307)|CODE_UNIT_FINISHED|Aura
14:56:57.0 (19317161)|EXECUTION_FINISHED
