42.0 APEX_CODE,FINEST;APEX_PROFILING,INFO;CALLOUT,INFO;DB,INFO;SYSTEM,DEBUG;VALIDATION,INFO;VISUALFORCE,INFO;WAVE,INFO;WORKFLOW,INFO
10:55:42.0 (85030)|USER_INFO|[EXTERNAL]|005f4000001uuP2|nmolinam@deloitte.com|Hora de Venezuela|GMT-04:00
10:55:42.0 (232503)|EXECUTION_STARTED
10:55:42.0 (237104)|CODE_UNIT_STARTED|[EXTERNAL]|Aura
10:55:42.0 (1286033)|CODE_UNIT_STARTED|[EXTERNAL]|01pf4000008WnsX|ViewQuotePDF.getPDF
10:55:42.0 (1509312)|HEAP_ALLOCATE|[72]|Bytes:3
10:55:42.0 (1565632)|HEAP_ALLOCATE|[77]|Bytes:152
10:55:42.0 (1582158)|HEAP_ALLOCATE|[342]|Bytes:408
10:55:42.0 (1595168)|HEAP_ALLOCATE|[355]|Bytes:408
10:55:42.0 (1606329)|HEAP_ALLOCATE|[467]|Bytes:48
10:55:42.0 (1659316)|HEAP_ALLOCATE|[139]|Bytes:6
10:55:42.0 (1675564)|HEAP_ALLOCATE|[EXTERNAL]|Bytes:4
10:55:42.0 (1694646)|HEAP_ALLOCATE|[EXTERNAL]|Bytes:4
10:55:42.0 (1718326)|METHOD_ENTRY|[1]|01pf4000008WnsX|ViewQuotePDF.ViewQuotePDF()
10:55:42.0 (1725762)|STATEMENT_EXECUTE|[1]
10:55:42.0 (1731435)|STATEMENT_EXECUTE|[1]
10:55:42.0 (1764189)|HEAP_ALLOCATE|[50]|Bytes:5
10:55:42.0 (1785248)|HEAP_ALLOCATE|[56]|Bytes:5
10:55:42.0 (1792957)|HEAP_ALLOCATE|[64]|Bytes:7
10:55:42.0 (1814264)|SYSTEM_MODE_ENTER|false
10:55:42.0 (1891308)|HEAP_ALLOCATE|[EXTERNAL]|Bytes:5
10:55:42.0 (1899663)|SYSTEM_MODE_EXIT|false
10:55:42.0 (1922356)|METHOD_EXIT|[1]|ViewQuotePDF
10:55:42.0 (1935660)|SYSTEM_MODE_ENTER|false
10:55:42.0 (1949189)|HEAP_ALLOCATE|[4]|Bytes:5
10:55:42.0 (1954129)|STATEMENT_EXECUTE|[3]
10:55:42.0 (1956026)|STATEMENT_EXECUTE|[4]
10:55:42.0 (1989686)|HEAP_ALLOCATE|[4]|Bytes:4
10:55:42.0 (2097074)|VARIABLE_SCOPE_BEGIN|[4]|quotes|List<Quote>|true|false
10:55:42.0 (2111563)|HEAP_ALLOCATE|[EXTERNAL]|Bytes:4
10:55:42.0 (2138441)|VARIABLE_ASSIGNMENT|[4]|quotes|[]|0x27172bfe
10:55:42.0 (2146663)|HEAP_ALLOCATE|[5]|Bytes:22
10:55:42.0 (2164252)|HEAP_ALLOCATE|[5]|Bytes:4
10:55:42.0 (2437674)|SOQL_EXECUTE_BEGIN|[5]|Aggregations:0|SELECT Name FROM Quote
10:55:42.0 (3942200)|SOQL_EXECUTE_END|[5]|Rows:1
10:55:42.0 (3961857)|HEAP_ALLOCATE|[EXTERNAL]|Bytes:8
10:55:42.0 (4130069)|HEAP_ALLOCATE|[5]|Bytes:54
10:55:42.0 (4139660)|HEAP_ALLOCATE|[5]|Bytes:8
10:55:42.0 (4148106)|SYSTEM_METHOD_ENTRY|[7]|QueryLocatorIterator.QueryLocatorIterator()
10:55:42.0 (4152327)|STATEMENT_EXECUTE|[7]
10:55:42.0 (4159016)|SYSTEM_METHOD_EXIT|[7]|QueryLocatorIterator
10:55:42.0 (4165947)|HEAP_ALLOCATE|[5]|Bytes:28
10:55:42.0 (4200703)|HEAP_ALLOCATE|[5]|Bytes:8
10:55:42.0 (4215167)|HEAP_ALLOCATE|[5]|Bytes:8
10:55:42.0 (4218952)|HEAP_ALLOCATE|[5]|Bytes:8
10:55:42.0 (4224210)|VARIABLE_SCOPE_BEGIN|[15]|this|Database.QueryLocatorIterator|true|false
10:55:42.0 (4271414)|VARIABLE_ASSIGNMENT|[15]|this|{}|0x7dd3f58e
10:55:42.0 (4278783)|VARIABLE_SCOPE_BEGIN|[15]|values|List<SObject>|true|false
10:55:42.0 (4298341)|VARIABLE_ASSIGNMENT|[15]|values|[{"Name":"first quote","Id":"0Q0f40000009VVICA2"}]|0x68f75b30
10:55:42.0 (4304254)|VARIABLE_SCOPE_BEGIN|[15]|ql|Database.QueryLocator|true|false
10:55:42.0 (4318984)|VARIABLE_ASSIGNMENT|[15]|ql|{"query":"SELECT Name FROM Quo (2 more) ..."}|0x78cb6778
10:55:42.0 (4324954)|VARIABLE_SCOPE_BEGIN|[15]|totalNumRecords|Integer|false|false
10:55:42.0 (4333503)|VARIABLE_ASSIGNMENT|[15]|totalNumRecords|1
10:55:42.0 (4337920)|VARIABLE_SCOPE_BEGIN|[15]|queryMoreSize|Integer|false|false
10:55:42.0 (4345161)|VARIABLE_ASSIGNMENT|[15]|queryMoreSize|49999
10:55:42.0 (4454830)|HEAP_ALLOCATE|[5]|Bytes:28
10:55:42.0 (4498489)|METHOD_ENTRY|[5]||Database.QueryLocatorIterator.hasNext()
10:55:42.0 (4546405)|METHOD_EXIT|[5]||Database.QueryLocatorIterator.hasNext()
10:55:42.0 (4554537)|METHOD_ENTRY|[5]||Database.QueryLocatorIterator.next()
10:55:42.0 (4624050)|METHOD_EXIT|[5]||Database.QueryLocatorIterator.next()
10:55:42.0 (4633147)|VARIABLE_SCOPE_BEGIN|[5]|q|Quote|true|false
10:55:42.0 (4648549)|VARIABLE_ASSIGNMENT|[5]|q|{"Name":"first quote","Id":"0Q0f40000009VVICA2"}|0x11df791f
10:55:42.0 (4655531)|STATEMENT_EXECUTE|[5]
10:55:42.0 (4657278)|STATEMENT_EXECUTE|[6]
10:55:42.0 (4687962)|HEAP_ALLOCATE|[EXTERNAL]|Bytes:4
10:55:42.0 (4699642)|METHOD_ENTRY|[5]||Database.QueryLocatorIterator.hasNext()
10:55:42.0 (4712230)|METHOD_EXIT|[5]||Database.QueryLocatorIterator.hasNext()
10:55:42.0 (4719853)|VARIABLE_ASSIGNMENT|[5]|q|null|
10:55:42.0 (4750403)|STATEMENT_EXECUTE|[10]
10:55:42.0 (4856517)|HEAP_ALLOCATE|[11]|Bytes:5
10:55:42.0 (4882227)|HEAP_ALLOCATE|[11]|Bytes:12
10:55:42.0 (4889045)|VARIABLE_SCOPE_BEGIN|[11]|q|Quote|true|false
10:55:42.0 (4902760)|VARIABLE_ASSIGNMENT|[11]|q|{"Name":"first quote","Id":"0Q0f40000009VVICA2"}|0x11df791f
10:55:42.0 (4908303)|STATEMENT_EXECUTE|[11]
10:55:42.0 (4909935)|STATEMENT_EXECUTE|[12]
10:55:42.0 (4913506)|HEAP_ALLOCATE|[12]|Bytes:20
10:55:42.0 (4959728)|HEAP_ALLOCATE|[12]|Bytes:31
10:55:42.0 (4986212)|USER_DEBUG|[12]|DEBUG|nombre de la quote: first quote
10:55:42.0 (5000753)|HEAP_ALLOCATE|[11]|Bytes:5
10:55:42.0 (5012866)|VARIABLE_ASSIGNMENT|[11]|q|null|
10:55:42.0 (5018082)|STATEMENT_EXECUTE|[16]
10:55:42.0 (5023964)|SYSTEM_MODE_EXIT|false
10:55:42.5 (5046411)|CUMULATIVE_LIMIT_USAGE
10:55:42.5 (5046411)|LIMIT_USAGE_FOR_NS|(default)|
  Number of SOQL queries: 1 out of 100
  Number of query rows: 1 out of 50000
  Number of SOSL queries: 0 out of 20
  Number of DML statements: 0 out of 150
  Number of DML rows: 0 out of 10000
  Maximum CPU time: 0 out of 10000
  Maximum heap size: 0 out of 6000000
  Number of callouts: 0 out of 100
  Number of Email Invocations: 0 out of 10
  Number of future calls: 0 out of 50
  Number of queueable jobs added to the queue: 0 out of 50
  Number of Mobile Apex push calls: 0 out of 10

10:55:42.5 (5046411)|CUMULATIVE_LIMIT_USAGE_END

10:55:42.0 (5080183)|CODE_UNIT_FINISHED|ViewQuotePDF.getPDF
10:55:42.0 (5134074)|CODE_UNIT_FINISHED|Aura
10:55:42.0 (6263053)|EXECUTION_FINISHED
