42.0 APEX_CODE,FINEST;APEX_PROFILING,INFO;CALLOUT,INFO;DB,INFO;SYSTEM,DEBUG;VALIDATION,INFO;VISUALFORCE,INFO;WAVE,INFO;WORKFLOW,INFO
15:36:38.0 (61241)|USER_INFO|[EXTERNAL]|005f4000001uuP2|nmolinam@deloitte.com|Hora de Venezuela|GMT-04:00
15:36:38.0 (99216)|EXECUTION_STARTED
15:36:38.0 (103535)|CODE_UNIT_STARTED|[EXTERNAL]|Aura
15:36:38.0 (637635)|HEAP_ALLOCATE|[72]|Bytes:3
15:36:38.0 (678812)|HEAP_ALLOCATE|[77]|Bytes:152
15:36:38.0 (694368)|HEAP_ALLOCATE|[342]|Bytes:408
15:36:38.0 (707281)|HEAP_ALLOCATE|[355]|Bytes:408
15:36:38.0 (717566)|HEAP_ALLOCATE|[467]|Bytes:48
15:36:38.0 (743234)|HEAP_ALLOCATE|[139]|Bytes:6
15:36:38.0 (757314)|HEAP_ALLOCATE|[EXTERNAL]|Bytes:18
15:36:38.0 (766692)|HEAP_ALLOCATE|[EXTERNAL]|Bytes:4
15:36:38.0 (1554365)|CODE_UNIT_STARTED|[EXTERNAL]|01pf4000009Vx35|CloneQuote.cloneQuote
15:36:38.0 (1665709)|HEAP_ALLOCATE|[EXTERNAL]|Bytes:1
15:36:38.0 (1680006)|METHOD_ENTRY|[1]|01pf4000009Vx35|CloneQuote.CloneQuote()
15:36:38.0 (1686285)|STATEMENT_EXECUTE|[1]
15:36:38.0 (1691446)|STATEMENT_EXECUTE|[1]
15:36:38.0 (1721212)|HEAP_ALLOCATE|[50]|Bytes:5
15:36:38.0 (1745495)|HEAP_ALLOCATE|[56]|Bytes:5
15:36:38.0 (1753132)|HEAP_ALLOCATE|[64]|Bytes:7
15:36:38.0 (1776785)|SYSTEM_MODE_ENTER|false
15:36:38.0 (1790666)|HEAP_ALLOCATE|[EXTERNAL]|Bytes:5
15:36:38.0 (1798091)|SYSTEM_MODE_EXIT|false
15:36:38.0 (1807056)|METHOD_EXIT|[1]|CloneQuote
15:36:38.0 (1812724)|HEAP_ALLOCATE|[EXTERNAL]|Bytes:4
15:36:38.0 (1821209)|SYSTEM_MODE_ENTER|false
15:36:38.0 (1827922)|VARIABLE_SCOPE_BEGIN|[3]|quoteId|Id|false|false
15:36:38.0 (2037272)|VARIABLE_ASSIGNMENT|[3]|quoteId|"0Q0f40000009kKqCAI"
15:36:38.0 (2060560)|HEAP_ALLOCATE|[6]|Bytes:5
15:36:38.0 (2066051)|STATEMENT_EXECUTE|[3]
15:36:38.0 (2067727)|STATEMENT_EXECUTE|[4]
15:36:38.0 (2071011)|HEAP_ALLOCATE|[6]|Bytes:183
15:36:38.0 (2093738)|HEAP_ALLOCATE|[6]|Bytes:4
15:36:38.0 (2106535)|HEAP_ALLOCATE|[6]|Bytes:7
15:36:38.0 (2747253)|SOQL_EXECUTE_BEGIN|[6]|Aggregations:1|SELECT Name, OPPORTUNITYiD, Pricebook2Id, (SELECT QuoteId, Description, Discount, PricebookEntryId, Quantity, Product2Id, UnitPrice FROM QuoteLineItems) FROM QUOTE WHERE ID = :tmpVar1
15:36:38.0 (6964664)|SOQL_EXECUTE_END|[6]|Rows:1
15:36:38.0 (6991012)|HEAP_ALLOCATE|[6]|Bytes:8
15:36:38.0 (7008979)|HEAP_ALLOCATE|[6]|Bytes:113
15:36:38.0 (7103359)|HEAP_ALLOCATE|[6]|Bytes:8
15:36:38.0 (7114931)|HEAP_ALLOCATE|[4]|Bytes:31
15:36:38.0 (7162399)|HEAP_ALLOCATE|[4]|Bytes:20
15:36:38.0 (7170142)|VARIABLE_SCOPE_BEGIN|[4]|q1|Quote|true|false
15:36:38.0 (7195458)|VARIABLE_ASSIGNMENT|[4]|q1|{"Name":"QUOTE 2","OpportunityId":"006f400000AO4MJAA1","Pricebook2Id":"01sf4000003Vb8JAAS","Id":"0Q0f40000009kKqCAI"}|0x2e9bf68e
15:36:38.0 (7202570)|STATEMENT_EXECUTE|[11]
15:36:38.0 (7277292)|HEAP_ALLOCATE|[11]|Bytes:88
15:36:38.0 (7282721)|HEAP_ALLOCATE|[11]|Bytes:16
15:36:38.0 (7299460)|VARIABLE_SCOPE_BEGIN|[11]|q2|Quote|true|false
15:36:38.0 (7314624)|VARIABLE_ASSIGNMENT|[11]|q2|{"Name":"QUOTE 2","OpportunityId":"006f400000AO4MJAA1","Pricebook2Id":"01sf4000003Vb8JAAS"}|0x7c5fd4b5
15:36:38.0 (7320738)|STATEMENT_EXECUTE|[12]
15:36:38.0 (7390431)|VARIABLE_ASSIGNMENT|[12]|this.Pricebook2Id|"01sf4000003Vb8JAAS"|0x7c5fd4b5
15:36:38.0 (7396854)|STATEMENT_EXECUTE|[14]
15:36:38.0 (7418933)|HEAP_ALLOCATE|[14]|Bytes:8
15:36:38.0 (7426271)|DML_BEGIN|[14]|Op:Insert|Type:Quote|Rows:1
15:36:38.0 (7453029)|HEAP_ALLOCATE|[EXTERNAL]|Bytes:8
15:36:38.0 (38161735)|DML_END|[14]
15:36:38.0 (38177199)|HEAP_ALLOCATE|[14]|Bytes:-4
15:36:38.0 (38199956)|STATEMENT_EXECUTE|[15]
15:36:38.0 (38241042)|VARIABLE_SCOPE_BEGIN|[15]|idQuote|Id|false|false
15:36:38.0 (38329315)|VARIABLE_ASSIGNMENT|[15]|idQuote|"0Q0f40000009kLuCAI"
15:36:38.0 (38336344)|STATEMENT_EXECUTE|[18]
15:36:38.0 (38343001)|HEAP_ALLOCATE|[18]|Bytes:14
15:36:38.0 (38350377)|HEAP_ALLOCATE|[18]|Bytes:13
15:36:38.0 (38407473)|HEAP_ALLOCATE|[EXTERNAL]|Bytes:4
15:36:38.0 (38492147)|HEAP_ALLOCATE|[18]|Bytes:4
15:36:38.0 (38505697)|VARIABLE_SCOPE_BEGIN|[18]|items|List<QuoteLineItem>|true|false
15:36:38.0 (38525065)|VARIABLE_ASSIGNMENT|[18]|items|[]|0x5945eed8
15:36:38.0 (38748553)|HEAP_ALLOCATE|[20]|Bytes:5
15:36:38.0 (38769436)|VARIABLE_ASSIGNMENT|[20]|i|null|
15:36:38.0 (38776235)|STATEMENT_EXECUTE|[20]
15:36:38.0 (38788852)|SYSTEM_MODE_EXIT|false
15:36:38.42 (42752807)|CUMULATIVE_LIMIT_USAGE
15:36:38.42 (42752807)|LIMIT_USAGE_FOR_NS|(default)|
  Number of SOQL queries: 1 out of 100
  Number of query rows: 1 out of 50000
  Number of SOSL queries: 0 out of 20
  Number of DML statements: 1 out of 150
  Number of DML rows: 1 out of 10000
  Maximum CPU time: 0 out of 10000
  Maximum heap size: 0 out of 6000000
  Number of callouts: 0 out of 100
  Number of Email Invocations: 0 out of 10
  Number of future calls: 0 out of 50
  Number of queueable jobs added to the queue: 0 out of 50
  Number of Mobile Apex push calls: 0 out of 10

15:36:38.42 (42752807)|CUMULATIVE_LIMIT_USAGE_END

15:36:38.0 (42787660)|CODE_UNIT_FINISHED|CloneQuote.cloneQuote
15:36:38.0 (42855979)|CODE_UNIT_FINISHED|Aura
15:36:38.0 (43679794)|EXECUTION_FINISHED
