42.0 APEX_CODE,FINEST;APEX_PROFILING,INFO;CALLOUT,INFO;DB,INFO;SYSTEM,DEBUG;VALIDATION,INFO;VISUALFORCE,INFO;WAVE,INFO;WORKFLOW,INFO
Execute Anonymous: CloneQuote.cloneQuote('0Q0f40000009bwtCAA');
12:59:07.1 (1090919)|USER_INFO|[EXTERNAL]|005f4000001uuP2|nmolinam@deloitte.com|Hora de Venezuela|GMT-04:00
12:59:07.1 (1109160)|EXECUTION_STARTED
12:59:07.1 (1113940)|CODE_UNIT_STARTED|[EXTERNAL]|execute_anonymous_apex
12:59:07.1 (1278770)|HEAP_ALLOCATE|[72]|Bytes:3
12:59:07.1 (1310515)|HEAP_ALLOCATE|[77]|Bytes:152
12:59:07.1 (1325782)|HEAP_ALLOCATE|[342]|Bytes:408
12:59:07.1 (1338705)|HEAP_ALLOCATE|[355]|Bytes:408
12:59:07.1 (1349025)|HEAP_ALLOCATE|[467]|Bytes:48
12:59:07.1 (1374616)|HEAP_ALLOCATE|[139]|Bytes:6
12:59:07.1 (1389952)|HEAP_ALLOCATE|[EXTERNAL]|Bytes:1
12:59:07.1 (1459082)|STATEMENT_EXECUTE|[1]
12:59:07.1 (1461908)|STATEMENT_EXECUTE|[1]
12:59:07.1 (1464890)|HEAP_ALLOCATE|[1]|Bytes:18
12:59:07.1 (1480780)|HEAP_ALLOCATE|[1]|Bytes:4
12:59:07.1 (1528630)|HEAP_ALLOCATE|[50]|Bytes:5
12:59:07.1 (1546125)|HEAP_ALLOCATE|[56]|Bytes:5
12:59:07.1 (1553324)|HEAP_ALLOCATE|[64]|Bytes:7
12:59:07.1 (1573778)|SYSTEM_MODE_ENTER|false
12:59:07.1 (1591619)|HEAP_ALLOCATE|[1]|Bytes:5
12:59:07.1 (2774632)|HEAP_ALLOCATE|[1]|Bytes:1
12:59:07.1 (2786299)|HEAP_ALLOCATE|[1]|Bytes:2
12:59:07.1 (2800665)|METHOD_ENTRY|[1]|01pf4000009Vx35|CloneQuote.CloneQuote()
12:59:07.1 (2807526)|STATEMENT_EXECUTE|[1]
12:59:07.1 (2825765)|STATEMENT_EXECUTE|[1]
12:59:07.1 (2838040)|HEAP_ALLOCATE|[1]|Bytes:5
12:59:07.1 (2849905)|METHOD_EXIT|[1]|CloneQuote
12:59:07.1 (2876678)|METHOD_ENTRY|[1]|01pf4000009Vx35|CloneQuote.cloneQuote(Id)
12:59:07.1 (2905838)|VARIABLE_SCOPE_BEGIN|[3]|quoteId|Id|false|false
12:59:07.1 (3065015)|VARIABLE_ASSIGNMENT|[3]|quoteId|"0Q0f40000009bwtCAA"
12:59:07.1 (3085255)|HEAP_ALLOCATE|[6]|Bytes:5
12:59:07.1 (3090866)|STATEMENT_EXECUTE|[3]
12:59:07.1 (3092534)|STATEMENT_EXECUTE|[4]
12:59:07.1 (3095321)|HEAP_ALLOCATE|[6]|Bytes:95
12:59:07.1 (3113523)|HEAP_ALLOCATE|[6]|Bytes:4
12:59:07.1 (3125909)|HEAP_ALLOCATE|[6]|Bytes:7
12:59:07.1 (3512770)|SOQL_EXECUTE_BEGIN|[6]|Aggregations:1|SELECT Name, OPPORTUNITYiD, (SELECT QuoteId FROM QuoteLineItems) FROM QUOTE WHERE ID = :tmpVar1
12:59:07.1 (10059610)|SOQL_EXECUTE_END|[6]|Rows:1
12:59:07.1 (10104012)|HEAP_ALLOCATE|[6]|Bytes:8
12:59:07.1 (10130856)|HEAP_ALLOCATE|[6]|Bytes:213
12:59:07.1 (10273765)|HEAP_ALLOCATE|[6]|Bytes:8
12:59:07.1 (10293562)|HEAP_ALLOCATE|[4]|Bytes:31
12:59:07.1 (10351825)|HEAP_ALLOCATE|[4]|Bytes:20
12:59:07.1 (10362985)|VARIABLE_SCOPE_BEGIN|[4]|q1|Quote|true|false
12:59:07.1 (10411953)|VARIABLE_ASSIGNMENT|[4]|q1|{"Name":"QUOTE 2","OpportunityId":"006f400000AO4MJAA1","Id":"0Q0f40000009bwtCAA","QuoteLineItems":[{"QuoteId":"0Q0f40000009bwtCAA","Id":"0QLf4000000sNKqGAM"},{"QuoteId":"0Q0f40000009bwtCAA","Id":"0QLf4000000sNKrGAM"}]}|0x245c5f71
12:59:07.1 (10426442)|STATEMENT_EXECUTE|[10]
12:59:07.1 (10533838)|HEAP_ALLOCATE|[10]|Bytes:188
12:59:07.1 (10539673)|HEAP_ALLOCATE|[10]|Bytes:16
12:59:07.1 (10571428)|VARIABLE_SCOPE_BEGIN|[10]|q2|Quote|true|false
12:59:07.1 (10597898)|VARIABLE_ASSIGNMENT|[10]|q2|{"Name":"QUOTE 2","OpportunityId":"006f400000AO4MJAA1","QuoteLineItems":[{"QuoteId":"0Q0f40000009bwtCAA","Id":"0QLf4000000sNKqGAM"},{"QuoteId":"0Q0f40000009bwtCAA","Id":"0QLf4000000sNKrGAM"}]}|0x37b0a0a8
12:59:07.1 (10615723)|STATEMENT_EXECUTE|[12]
12:59:07.1 (10651192)|HEAP_ALLOCATE|[12]|Bytes:8
12:59:07.1 (10666363)|DML_BEGIN|[12]|Op:Insert|Type:Quote|Rows:1
12:59:07.1 (10703378)|HEAP_ALLOCATE|[EXTERNAL]|Bytes:8
12:59:07.1 (54026186)|DML_END|[12]
12:59:07.1 (54061836)|HEAP_ALLOCATE|[12]|Bytes:-4
12:59:07.1 (54091113)|STATEMENT_EXECUTE|[13]
12:59:07.1 (54136449)|VARIABLE_SCOPE_BEGIN|[13]|idQuote|Id|false|false
12:59:07.1 (54270079)|VARIABLE_ASSIGNMENT|[13]|idQuote|"0Q0f40000009e8eCAA"
12:59:07.1 (54280275)|STATEMENT_EXECUTE|[15]
12:59:07.1 (54289083)|HEAP_ALLOCATE|[15]|Bytes:14
12:59:07.1 (54299917)|HEAP_ALLOCATE|[15]|Bytes:13
12:59:07.1 (54362236)|HEAP_ALLOCATE|[EXTERNAL]|Bytes:12
12:59:07.1 (54467733)|HEAP_ALLOCATE|[15]|Bytes:12
12:59:07.1 (54484901)|VARIABLE_SCOPE_BEGIN|[15]|items|List<QuoteLineItem>|true|false
12:59:07.1 (54525272)|VARIABLE_ASSIGNMENT|[15]|items|[{"QuoteId":"0Q0f40000009bwtCAA","Id":"0QLf4000000sNKqGAM"},{"QuoteId":"0Q0f40000009bwtCAA","Id":"0QLf4000000sNKrGAM"}]|0x40c1ffc7
12:59:07.1 (54835768)|HEAP_ALLOCATE|[17]|Bytes:5
12:59:07.1 (54862491)|HEAP_ALLOCATE|[17]|Bytes:12
12:59:07.1 (54874993)|VARIABLE_SCOPE_BEGIN|[17]|i|QuoteLineItem|true|false
12:59:07.1 (54896752)|VARIABLE_ASSIGNMENT|[17]|i|{"QuoteId":"0Q0f40000009bwtCAA","Id":"0QLf4000000sNKqGAM"}|0x36d02fa0
12:59:07.1 (54907176)|STATEMENT_EXECUTE|[17]
12:59:07.1 (54910052)|STATEMENT_EXECUTE|[18]
12:59:07.1 (54935908)|HEAP_ALLOCATE|[18]|Bytes:4
12:59:07.1 (55085592)|VARIABLE_ASSIGNMENT|[18]|this.QuoteId|"0Q0f40000009e8eCAA"|0x34a4f29b
12:59:07.1 (55116097)|VARIABLE_SCOPE_BEGIN|[18]|ql|QuoteLineItem|true|false
12:59:07.1 (55138994)|VARIABLE_ASSIGNMENT|[18]|ql|{"QuoteId":"0Q0f40000009e8eCAA"}|0x34a4f29b
12:59:07.1 (55148191)|STATEMENT_EXECUTE|[19]
12:59:07.1 (55157713)|VARIABLE_ASSIGNMENT|[19]|ql|{"QuoteId":"0Q0f40000009bwtCAA","Id":"0QLf4000000sNKqGAM"}|0x36d02fa0
12:59:07.1 (55166293)|STATEMENT_EXECUTE|[20]
12:59:07.1 (55171049)|HEAP_ALLOCATE|[20]|Bytes:8
12:59:07.1 (55279088)|HEAP_ALLOCATE|[20]|Bytes:65
12:59:07.1 (55311501)|HEAP_ALLOCATE|[20]|Bytes:73
12:59:07.1 (55346006)|USER_DEBUG|[20]|DEBUG|ql id : QuoteLineItem:{QuoteId=0Q0f40000009bwtCAA, Id=0QLf4000000sNKqGAM}
12:59:07.1 (55360593)|STATEMENT_EXECUTE|[22]
12:59:07.1 (55380548)|HEAP_ALLOCATE|[22]|Bytes:8
12:59:07.1 (55394296)|DML_BEGIN|[22]|Op:Insert|Type:QuoteLineItem|Rows:1
12:59:07.1 (55445655)|HEAP_ALLOCATE|[EXTERNAL]|Bytes:8
12:59:07.1 (56199950)|DML_END|[22]
12:59:07.1 (56399652)|VF_PAGE_MESSAGE|cannot specify Id in an insert call
12:59:07.1 (56498085)|EXCEPTION_THROWN|[22]|System.DmlException: Insert failed. First exception on row 0 with id 0QLf4000000sNKqGAM; first error: INVALID_FIELD_FOR_INSERT_UPDATE, cannot specify Id in an insert call: [Id]
12:59:07.1 (56867104)|HEAP_ALLOCATE|[22]|Bytes:159
12:59:07.1 (56894107)|METHOD_EXIT|[1]|01pf4000009Vx35|CloneQuote.cloneQuote(Id)
12:59:07.1 (56904755)|SYSTEM_MODE_EXIT|false
12:59:07.1 (57007194)|FATAL_ERROR|System.DmlException: Insert failed. First exception on row 0 with id 0QLf4000000sNKqGAM; first error: INVALID_FIELD_FOR_INSERT_UPDATE, cannot specify Id in an insert call: [Id]

Class.CloneQuote.cloneQuote: line 22, column 1
AnonymousBlock: line 1, column 1
AnonymousBlock: line 1, column 1
12:59:07.57 (57023076)|CUMULATIVE_LIMIT_USAGE
12:59:07.57 (57023076)|LIMIT_USAGE_FOR_NS|(default)|
  Number of SOQL queries: 1 out of 100
  Number of query rows: 3 out of 50000
  Number of SOSL queries: 0 out of 20
  Number of DML statements: 2 out of 150
  Number of DML rows: 2 out of 10000
  Maximum CPU time: 0 out of 10000
  Maximum heap size: 0 out of 6000000
  Number of callouts: 0 out of 100
  Number of Email Invocations: 0 out of 10
  Number of future calls: 0 out of 50
  Number of queueable jobs added to the queue: 0 out of 50
  Number of Mobile Apex push calls: 0 out of 10

12:59:07.57 (57023076)|CUMULATIVE_LIMIT_USAGE_END

12:59:07.1 (57055948)|CODE_UNIT_FINISHED|execute_anonymous_apex
12:59:07.1 (58190197)|EXECUTION_FINISHED
