42.0 APEX_CODE,FINEST;APEX_PROFILING,INFO;CALLOUT,INFO;DB,INFO;SYSTEM,DEBUG;VALIDATION,INFO;VISUALFORCE,INFO;WAVE,INFO;WORKFLOW,INFO
Execute Anonymous: CloneQuote.cloneQuote('0Q0f40000009bwtCAA');
13:05:37.1 (1160407)|USER_INFO|[EXTERNAL]|005f4000001uuP2|nmolinam@deloitte.com|Hora de Venezuela|GMT-04:00
13:05:37.1 (1180794)|EXECUTION_STARTED
13:05:37.1 (1185357)|CODE_UNIT_STARTED|[EXTERNAL]|execute_anonymous_apex
13:05:37.1 (1413420)|HEAP_ALLOCATE|[72]|Bytes:3
13:05:37.1 (1481503)|HEAP_ALLOCATE|[77]|Bytes:152
13:05:37.1 (1499376)|HEAP_ALLOCATE|[342]|Bytes:408
13:05:37.1 (1512897)|HEAP_ALLOCATE|[355]|Bytes:408
13:05:37.1 (1523717)|HEAP_ALLOCATE|[467]|Bytes:48
13:05:37.1 (1575318)|HEAP_ALLOCATE|[139]|Bytes:6
13:05:37.1 (1593349)|HEAP_ALLOCATE|[EXTERNAL]|Bytes:1
13:05:37.1 (1686508)|STATEMENT_EXECUTE|[1]
13:05:37.1 (1689329)|STATEMENT_EXECUTE|[1]
13:05:37.1 (1692257)|HEAP_ALLOCATE|[1]|Bytes:18
13:05:37.1 (1709953)|HEAP_ALLOCATE|[1]|Bytes:4
13:05:37.1 (1761056)|HEAP_ALLOCATE|[50]|Bytes:5
13:05:37.1 (1783254)|HEAP_ALLOCATE|[56]|Bytes:5
13:05:37.1 (1789952)|HEAP_ALLOCATE|[64]|Bytes:7
13:05:37.1 (1812356)|SYSTEM_MODE_ENTER|false
13:05:37.1 (1830597)|HEAP_ALLOCATE|[1]|Bytes:5
13:05:37.1 (2981481)|HEAP_ALLOCATE|[1]|Bytes:1
13:05:37.1 (2991149)|HEAP_ALLOCATE|[1]|Bytes:2
13:05:37.1 (3023159)|METHOD_ENTRY|[1]|01pf4000009Vx35|CloneQuote.CloneQuote()
13:05:37.1 (3030934)|STATEMENT_EXECUTE|[1]
13:05:37.1 (3036338)|STATEMENT_EXECUTE|[1]
13:05:37.1 (3047338)|HEAP_ALLOCATE|[1]|Bytes:5
13:05:37.1 (3068199)|METHOD_EXIT|[1]|CloneQuote
13:05:37.1 (3115762)|METHOD_ENTRY|[1]|01pf4000009Vx35|CloneQuote.cloneQuote(Id)
13:05:37.1 (3150689)|VARIABLE_SCOPE_BEGIN|[3]|quoteId|Id|false|false
13:05:37.1 (3285943)|VARIABLE_ASSIGNMENT|[3]|quoteId|"0Q0f40000009bwtCAA"
13:05:37.1 (3305858)|HEAP_ALLOCATE|[6]|Bytes:5
13:05:37.1 (3311652)|STATEMENT_EXECUTE|[3]
13:05:37.1 (3313378)|STATEMENT_EXECUTE|[4]
13:05:37.1 (3316733)|HEAP_ALLOCATE|[6]|Bytes:95
13:05:37.1 (3338654)|HEAP_ALLOCATE|[6]|Bytes:4
13:05:37.1 (3363201)|HEAP_ALLOCATE|[6]|Bytes:7
13:05:37.1 (3707377)|SOQL_EXECUTE_BEGIN|[6]|Aggregations:1|SELECT Name, OPPORTUNITYiD, (SELECT QuoteId FROM QuoteLineItems) FROM QUOTE WHERE ID = :tmpVar1
13:05:37.1 (7864871)|SOQL_EXECUTE_END|[6]|Rows:1
13:05:37.1 (7892976)|HEAP_ALLOCATE|[6]|Bytes:8
13:05:37.1 (7916417)|HEAP_ALLOCATE|[6]|Bytes:213
13:05:37.1 (8020653)|HEAP_ALLOCATE|[6]|Bytes:8
13:05:37.1 (8034140)|HEAP_ALLOCATE|[4]|Bytes:31
13:05:37.1 (8076953)|HEAP_ALLOCATE|[4]|Bytes:20
13:05:37.1 (8084720)|VARIABLE_SCOPE_BEGIN|[4]|q1|Quote|true|false
13:05:37.1 (8116825)|VARIABLE_ASSIGNMENT|[4]|q1|{"Name":"QUOTE 2","OpportunityId":"006f400000AO4MJAA1","Id":"0Q0f40000009bwtCAA","QuoteLineItems":[{"QuoteId":"0Q0f40000009bwtCAA","Id":"0QLf4000000sNKqGAM"},{"QuoteId":"0Q0f40000009bwtCAA","Id":"0QLf4000000sNKrGAM"}]}|0x6dfa648e
13:05:37.1 (8125286)|STATEMENT_EXECUTE|[10]
13:05:37.1 (8211665)|HEAP_ALLOCATE|[10]|Bytes:188
13:05:37.1 (8217293)|HEAP_ALLOCATE|[10]|Bytes:16
13:05:37.1 (8260236)|VARIABLE_SCOPE_BEGIN|[10]|q2|Quote|true|false
13:05:37.1 (8284759)|VARIABLE_ASSIGNMENT|[10]|q2|{"Name":"QUOTE 2","OpportunityId":"006f400000AO4MJAA1","QuoteLineItems":[{"QuoteId":"0Q0f40000009bwtCAA","Id":"0QLf4000000sNKqGAM"},{"QuoteId":"0Q0f40000009bwtCAA","Id":"0QLf4000000sNKrGAM"}]}|0x611173f8
13:05:37.1 (8292689)|STATEMENT_EXECUTE|[12]
13:05:37.1 (8315619)|HEAP_ALLOCATE|[12]|Bytes:8
13:05:37.1 (8326792)|DML_BEGIN|[12]|Op:Insert|Type:Quote|Rows:1
13:05:37.1 (8354458)|HEAP_ALLOCATE|[EXTERNAL]|Bytes:8
13:05:37.1 (60824269)|DML_END|[12]
13:05:37.1 (60846015)|HEAP_ALLOCATE|[12]|Bytes:-4
13:05:37.1 (60876602)|STATEMENT_EXECUTE|[13]
13:05:37.1 (60929454)|VARIABLE_SCOPE_BEGIN|[13]|idQuote|Id|false|false
13:05:37.1 (61036876)|VARIABLE_ASSIGNMENT|[13]|idQuote|"0Q0f40000009e93CAA"
13:05:37.1 (61046984)|STATEMENT_EXECUTE|[15]
13:05:37.1 (61057689)|HEAP_ALLOCATE|[15]|Bytes:14
13:05:37.1 (61068979)|HEAP_ALLOCATE|[15]|Bytes:13
13:05:37.1 (61136419)|HEAP_ALLOCATE|[EXTERNAL]|Bytes:12
13:05:37.1 (61255965)|HEAP_ALLOCATE|[15]|Bytes:12
13:05:37.1 (61294826)|VARIABLE_SCOPE_BEGIN|[15]|items|List<QuoteLineItem>|true|false
13:05:37.1 (61327010)|VARIABLE_ASSIGNMENT|[15]|items|[{"QuoteId":"0Q0f40000009bwtCAA","Id":"0QLf4000000sNKqGAM"},{"QuoteId":"0Q0f40000009bwtCAA","Id":"0QLf4000000sNKrGAM"}]|0x12bc162b
13:05:37.1 (61555735)|HEAP_ALLOCATE|[17]|Bytes:5
13:05:37.1 (61579026)|HEAP_ALLOCATE|[17]|Bytes:12
13:05:37.1 (61589394)|VARIABLE_SCOPE_BEGIN|[17]|i|QuoteLineItem|true|false
13:05:37.1 (61604114)|VARIABLE_ASSIGNMENT|[17]|i|{"QuoteId":"0Q0f40000009bwtCAA","Id":"0QLf4000000sNKqGAM"}|0x4970fed
13:05:37.1 (61611141)|STATEMENT_EXECUTE|[17]
13:05:37.1 (61613005)|STATEMENT_EXECUTE|[18]
13:05:37.1 (61636476)|HEAP_ALLOCATE|[18]|Bytes:4
13:05:37.1 (61758533)|VARIABLE_ASSIGNMENT|[18]|this.QuoteId|"0Q0f40000009e93CAA"|0x24b3f93c
13:05:37.1 (61780196)|VARIABLE_SCOPE_BEGIN|[18]|ql|QuoteLineItem|true|false
13:05:37.1 (61795108)|VARIABLE_ASSIGNMENT|[18]|ql|{"QuoteId":"0Q0f40000009e93CAA"}|0x24b3f93c
13:05:37.1 (61800712)|STATEMENT_EXECUTE|[20]
13:05:37.1 (61804721)|HEAP_ALLOCATE|[20]|Bytes:8
13:05:37.1 (61879831)|HEAP_ALLOCATE|[20]|Bytes:42
13:05:37.1 (61902124)|HEAP_ALLOCATE|[20]|Bytes:50
13:05:37.1 (61930806)|USER_DEBUG|[20]|DEBUG|ql id : QuoteLineItem:{QuoteId=0Q0f40000009e93CAA}
13:05:37.1 (61939837)|STATEMENT_EXECUTE|[22]
13:05:37.1 (61954372)|HEAP_ALLOCATE|[22]|Bytes:8
13:05:37.1 (61963979)|DML_BEGIN|[22]|Op:Insert|Type:QuoteLineItem|Rows:1
13:05:37.1 (61998565)|HEAP_ALLOCATE|[EXTERNAL]|Bytes:8
13:05:37.1 (72626561)|DML_END|[22]
13:05:37.1 (72768601)|VF_PAGE_MESSAGE|Required fields are missing: [PricebookEntryId, Quantity, UnitPrice, Product2Id]
13:05:37.1 (73134258)|EXCEPTION_THROWN|[22]|System.DmlException: Insert failed. First exception on row 0; first error: REQUIRED_FIELD_MISSING, Required fields are missing: [PricebookEntryId, Quantity, UnitPrice, Product2Id]: [PricebookEntryId, Quantity, UnitPrice, Product2Id]
13:05:37.1 (73441871)|HEAP_ALLOCATE|[22]|Bytes:215
13:05:37.1 (73473251)|METHOD_EXIT|[1]|01pf4000009Vx35|CloneQuote.cloneQuote(Id)
13:05:37.1 (73482355)|SYSTEM_MODE_EXIT|false
13:05:37.1 (73570152)|FATAL_ERROR|System.DmlException: Insert failed. First exception on row 0; first error: REQUIRED_FIELD_MISSING, Required fields are missing: [PricebookEntryId, Quantity, UnitPrice, Product2Id]: [PricebookEntryId, Quantity, UnitPrice, Product2Id]

Class.CloneQuote.cloneQuote: line 22, column 1
AnonymousBlock: line 1, column 1
AnonymousBlock: line 1, column 1
13:05:37.73 (73585639)|CUMULATIVE_LIMIT_USAGE
13:05:37.73 (73585639)|LIMIT_USAGE_FOR_NS|(default)|
  Number of SOQL queries: 1 out of 100
  Number of query rows: 3 out of 50000
  Number of SOSL queries: 0 out of 20
  Number of DML statements: 2 out of 150
  Number of DML rows: 2 out of 10000
  Maximum CPU time: 0 out of 10000
  Maximum heap size: 0 out of 6000000
  Number of callouts: 0 out of 100
  Number of Email Invocations: 0 out of 10
  Number of future calls: 0 out of 50
  Number of queueable jobs added to the queue: 0 out of 50
  Number of Mobile Apex push calls: 0 out of 10

13:05:37.73 (73585639)|CUMULATIVE_LIMIT_USAGE_END

13:05:37.1 (73630959)|CODE_UNIT_FINISHED|execute_anonymous_apex
13:05:37.1 (74972855)|EXECUTION_FINISHED
