42.0 APEX_CODE,FINEST;APEX_PROFILING,INFO;CALLOUT,INFO;DB,INFO;SYSTEM,DEBUG;VALIDATION,INFO;VISUALFORCE,INFO;WAVE,INFO;WORKFLOW,INFO
09:46:30.0 (414220)|USER_INFO|[EXTERNAL]|005f4000001uuP2|nmolinam@deloitte.com|Hora de Venezuela|GMT-04:00
09:46:30.0 (471085)|EXECUTION_STARTED
09:46:30.0 (479648)|CODE_UNIT_STARTED|[EXTERNAL]|VisualForce View State
09:46:30.0 (7497795)|CODE_UNIT_FINISHED|VisualForce View State
09:46:30.0 (8430461)|EXECUTION_FINISHED
09:46:30.10 (10701355)|USER_INFO|[EXTERNAL]|005f4000001uuP2|nmolinam@deloitte.com|Hora de Venezuela|GMT-04:00
09:46:30.10 (10720127)|EXECUTION_STARTED
09:46:30.10 (10724537)|CODE_UNIT_STARTED|[EXTERNAL]|VF: /apex/editStaticResource.apexp
09:46:30.16 (16473254)|CUMULATIVE_LIMIT_USAGE
09:46:30.16 (16473254)|LIMIT_USAGE_FOR_NS|(default)|
  Number of SOQL queries: 0 out of 100
  Number of query rows: 0 out of 50000
  Number of SOSL queries: 0 out of 20
  Number of DML statements: 0 out of 150
  Number of DML rows: 0 out of 10000
  Maximum CPU time: 0 out of 10000
  Maximum heap size: 0 out of 6000000
  Number of callouts: 0 out of 100
  Number of Email Invocations: 0 out of 10
  Number of future calls: 0 out of 50
  Number of queueable jobs added to the queue: 0 out of 50
  Number of Mobile Apex push calls: 0 out of 10

09:46:30.16 (16473254)|CUMULATIVE_LIMIT_USAGE_END

09:46:30.10 (16520859)|CODE_UNIT_FINISHED|VF: /apex/editStaticResource.apexp
09:46:30.10 (17332314)|EXECUTION_FINISHED
