42.0 APEX_CODE,FINEST;APEX_PROFILING,INFO;CALLOUT,INFO;DB,INFO;SYSTEM,DEBUG;VALIDATION,INFO;VISUALFORCE,INFO;WAVE,INFO;WORKFLOW,INFO
14:55:27.0 (330667)|USER_INFO|[EXTERNAL]|005f4000001uuP2|nmolinam@deloitte.com|Hora de Venezuela|GMT-04:00
14:55:27.0 (366887)|EXECUTION_STARTED
14:55:27.0 (371134)|CODE_UNIT_STARTED|[EXTERNAL]|Aura
14:55:27.0 (1726476)|CODE_UNIT_STARTED|[EXTERNAL]|01pf4000008WnsX|ViewQuotePDF.getPDF
14:55:27.0 (1944173)|HEAP_ALLOCATE|[72]|Bytes:3
14:55:27.0 (2011902)|HEAP_ALLOCATE|[77]|Bytes:152
14:55:27.0 (2026899)|HEAP_ALLOCATE|[342]|Bytes:408
14:55:27.0 (2039962)|HEAP_ALLOCATE|[355]|Bytes:408
14:55:27.0 (2051621)|HEAP_ALLOCATE|[467]|Bytes:48
14:55:27.0 (2109366)|HEAP_ALLOCATE|[139]|Bytes:6
14:55:27.0 (2129767)|HEAP_ALLOCATE|[EXTERNAL]|Bytes:4
14:55:27.0 (2147016)|HEAP_ALLOCATE|[EXTERNAL]|Bytes:8
14:55:27.0 (2169834)|METHOD_ENTRY|[1]|01pf4000008WnsX|ViewQuotePDF.ViewQuotePDF()
14:55:27.0 (2177612)|STATEMENT_EXECUTE|[1]
14:55:27.0 (2182506)|STATEMENT_EXECUTE|[1]
14:55:27.0 (2215158)|HEAP_ALLOCATE|[50]|Bytes:5
14:55:27.0 (2238278)|HEAP_ALLOCATE|[56]|Bytes:5
14:55:27.0 (2245365)|HEAP_ALLOCATE|[64]|Bytes:7
14:55:27.0 (2266705)|SYSTEM_MODE_ENTER|false
14:55:27.0 (2410430)|HEAP_ALLOCATE|[EXTERNAL]|Bytes:5
14:55:27.0 (2420544)|SYSTEM_MODE_EXIT|false
14:55:27.0 (2443704)|METHOD_EXIT|[1]|ViewQuotePDF
14:55:27.0 (2457387)|SYSTEM_MODE_ENTER|false
14:55:27.0 (2472883)|HEAP_ALLOCATE|[4]|Bytes:5
14:55:27.0 (2477695)|STATEMENT_EXECUTE|[3]
14:55:27.0 (2479786)|STATEMENT_EXECUTE|[4]
14:55:27.0 (2586561)|HEAP_ALLOCATE|[4]|Bytes:4
14:55:27.0 (2659381)|VARIABLE_SCOPE_BEGIN|[4]|quotes|List<Quote>|true|false
14:55:27.0 (2744357)|HEAP_ALLOCATE|[EXTERNAL]|Bytes:4
14:55:27.0 (2770277)|VARIABLE_ASSIGNMENT|[4]|quotes|[]|0x6a0c3b7a
14:55:27.0 (2777294)|STATEMENT_EXECUTE|[5]
14:55:27.0 (2781848)|VARIABLE_SCOPE_BEGIN|[5]|pfdBase64|String|false|false
14:55:27.0 (2791312)|VARIABLE_ASSIGNMENT|[5]|pfdBase64|null
14:55:27.0 (2798056)|HEAP_ALLOCATE|[7]|Bytes:22
14:55:27.0 (2820451)|HEAP_ALLOCATE|[7]|Bytes:4
14:55:27.0 (3116553)|SOQL_EXECUTE_BEGIN|[7]|Aggregations:0|SELECT Name FROM Quote
14:55:27.0 (4808332)|SOQL_EXECUTE_END|[7]|Rows:1
14:55:27.0 (4834082)|HEAP_ALLOCATE|[EXTERNAL]|Bytes:8
14:55:27.0 (4981529)|HEAP_ALLOCATE|[7]|Bytes:54
14:55:27.0 (4990375)|HEAP_ALLOCATE|[7]|Bytes:8
14:55:27.0 (4998989)|SYSTEM_METHOD_ENTRY|[7]|QueryLocatorIterator.QueryLocatorIterator()
14:55:27.0 (5003487)|STATEMENT_EXECUTE|[7]
14:55:27.0 (5010718)|SYSTEM_METHOD_EXIT|[7]|QueryLocatorIterator
14:55:27.0 (5018906)|HEAP_ALLOCATE|[7]|Bytes:28
14:55:27.0 (5052364)|HEAP_ALLOCATE|[7]|Bytes:8
14:55:27.0 (5065889)|HEAP_ALLOCATE|[7]|Bytes:8
14:55:27.0 (5069293)|HEAP_ALLOCATE|[7]|Bytes:8
14:55:27.0 (5074831)|VARIABLE_SCOPE_BEGIN|[15]|this|Database.QueryLocatorIterator|true|false
14:55:27.0 (5132871)|VARIABLE_ASSIGNMENT|[15]|this|{}|0x4a298798
14:55:27.0 (5140219)|VARIABLE_SCOPE_BEGIN|[15]|values|List<SObject>|true|false
14:55:27.0 (5157390)|VARIABLE_ASSIGNMENT|[15]|values|[{"Name":"first quote","Id":"0Q0f40000009VVICA2"}]|0x31df67c5
14:55:27.0 (5163226)|VARIABLE_SCOPE_BEGIN|[15]|ql|Database.QueryLocator|true|false
14:55:27.0 (5183356)|VARIABLE_ASSIGNMENT|[15]|ql|{"query":"SELECT Name FROM Quo (2 more) ..."}|0x63c0be8a
14:55:27.0 (5189212)|VARIABLE_SCOPE_BEGIN|[15]|totalNumRecords|Integer|false|false
14:55:27.0 (5197694)|VARIABLE_ASSIGNMENT|[15]|totalNumRecords|1
14:55:27.0 (5202477)|VARIABLE_SCOPE_BEGIN|[15]|queryMoreSize|Integer|false|false
14:55:27.0 (5209242)|VARIABLE_ASSIGNMENT|[15]|queryMoreSize|49999
14:55:27.0 (5298163)|HEAP_ALLOCATE|[7]|Bytes:28
14:55:27.0 (5321012)|METHOD_ENTRY|[7]||Database.QueryLocatorIterator.hasNext()
14:55:27.0 (5370285)|METHOD_EXIT|[7]||Database.QueryLocatorIterator.hasNext()
14:55:27.0 (5379525)|METHOD_ENTRY|[7]||Database.QueryLocatorIterator.next()
14:55:27.0 (5471004)|METHOD_EXIT|[7]||Database.QueryLocatorIterator.next()
14:55:27.0 (5481104)|VARIABLE_SCOPE_BEGIN|[7]|q|Quote|true|false
14:55:27.0 (5496776)|VARIABLE_ASSIGNMENT|[7]|q|{"Name":"first quote","Id":"0Q0f40000009VVICA2"}|0x5b7cb25c
14:55:27.0 (5503897)|STATEMENT_EXECUTE|[7]
14:55:27.0 (5506288)|STATEMENT_EXECUTE|[8]
14:55:27.0 (5538375)|HEAP_ALLOCATE|[EXTERNAL]|Bytes:4
14:55:27.0 (5551172)|METHOD_ENTRY|[7]||Database.QueryLocatorIterator.hasNext()
14:55:27.0 (5564340)|METHOD_EXIT|[7]||Database.QueryLocatorIterator.hasNext()
14:55:27.0 (5572655)|VARIABLE_ASSIGNMENT|[7]|q|null|
14:55:27.0 (5604456)|STATEMENT_EXECUTE|[13]
14:55:27.0 (5699491)|HEAP_ALLOCATE|[14]|Bytes:5
14:55:27.0 (5730111)|HEAP_ALLOCATE|[14]|Bytes:12
14:55:27.0 (5737074)|VARIABLE_SCOPE_BEGIN|[14]|q|Quote|true|false
14:55:27.0 (5751307)|VARIABLE_ASSIGNMENT|[14]|q|{"Name":"first quote","Id":"0Q0f40000009VVICA2"}|0x5b7cb25c
14:55:27.0 (5759311)|STATEMENT_EXECUTE|[14]
14:55:27.0 (5761308)|STATEMENT_EXECUTE|[15]
14:55:27.0 (5764752)|HEAP_ALLOCATE|[15]|Bytes:20
14:55:27.0 (5810793)|HEAP_ALLOCATE|[15]|Bytes:31
14:55:27.0 (5848128)|USER_DEBUG|[15]|DEBUG|nombre de la quote: first quote
14:55:27.0 (5865215)|HEAP_ALLOCATE|[14]|Bytes:5
14:55:27.0 (5876447)|VARIABLE_ASSIGNMENT|[14]|q|null|
14:55:27.0 (5881471)|STATEMENT_EXECUTE|[18]
14:55:27.0 (5884213)|HEAP_ALLOCATE|[18]|Bytes:53
14:55:27.0 (5896597)|HEAP_ALLOCATE|[18]|Bytes:4
14:55:27.0 (5903265)|HEAP_ALLOCATE|[18]|Bytes:7
14:55:27.0 (5927654)|HEAP_ALLOCATE|[18]|Bytes:12
14:55:27.0 (6627046)|SOQL_EXECUTE_BEGIN|[18]|Aggregations:0|SELECT Body FROM Attachment WHERE ParentId = :tmpVar1
14:55:27.0 (9637610)|SOQL_EXECUTE_END|[18]|Rows:0
14:55:27.0 (9660949)|HEAP_ALLOCATE|[18]|Bytes:4
14:55:27.0 (9669803)|HEAP_ALLOCATE|[18]|Bytes:0
14:55:27.0 (9727505)|HEAP_ALLOCATE|[18]|Bytes:4
14:55:27.0 (9739481)|VARIABLE_SCOPE_BEGIN|[18]|attachements|List<Attachment>|true|false
14:55:27.0 (9754268)|VARIABLE_ASSIGNMENT|[18]|attachements|[]|0x5dbc8c5
14:55:27.0 (9762399)|STATEMENT_EXECUTE|[20]
14:55:27.0 (9766240)|HEAP_ALLOCATE|[20]|Bytes:49
14:55:27.0 (10465677)|HEAP_ALLOCATE|[20]|Bytes:4
14:55:27.0 (10500677)|USER_DEBUG|[20]|DEBUG|Blob[903]
14:55:27.0 (10510469)|STATEMENT_EXECUTE|[24]
14:55:27.0 (11479209)|HEAP_ALLOCATE|[24]|Bytes:4
14:55:27.0 (11831005)|HEAP_ALLOCATE|[24]|Bytes:36
14:55:27.0 (11923860)|FATAL_ERROR|System.StringException: BLOB is not a valid UTF-8 string

Class.ViewQuotePDF.getPDF: line 24, column 1
14:55:27.0 (11937103)|FATAL_ERROR|System.StringException: BLOB is not a valid UTF-8 string

Class.ViewQuotePDF.getPDF: line 24, column 1
14:55:27.11 (11943890)|CUMULATIVE_LIMIT_USAGE
14:55:27.11 (11943890)|LIMIT_USAGE_FOR_NS|(default)|
  Number of SOQL queries: 2 out of 100
  Number of query rows: 1 out of 50000
  Number of SOSL queries: 0 out of 20
  Number of DML statements: 0 out of 150
  Number of DML rows: 0 out of 10000
  Maximum CPU time: 0 out of 10000
  Maximum heap size: 0 out of 6000000
  Number of callouts: 0 out of 100
  Number of Email Invocations: 0 out of 10
  Number of future calls: 0 out of 50
  Number of queueable jobs added to the queue: 0 out of 50
  Number of Mobile Apex push calls: 0 out of 10

14:55:27.11 (11943890)|CUMULATIVE_LIMIT_USAGE_END

14:55:27.0 (11981379)|CODE_UNIT_FINISHED|ViewQuotePDF.getPDF
14:55:27.0 (16454025)|CODE_UNIT_FINISHED|Aura
14:55:27.0 (17300129)|EXECUTION_FINISHED
