42.0 APEX_CODE,FINEST;APEX_PROFILING,INFO;CALLOUT,INFO;DB,INFO;SYSTEM,DEBUG;VALIDATION,INFO;VISUALFORCE,INFO;WAVE,INFO;WORKFLOW,INFO
Execute Anonymous: CloneQuote.cloneQuote('0Q0f40000009bwtCAA');
12:50:04.1 (1183020)|USER_INFO|[EXTERNAL]|005f4000001uuP2|nmolinam@deloitte.com|Hora de Venezuela|GMT-04:00
12:50:04.1 (1202459)|EXECUTION_STARTED
12:50:04.1 (1207471)|CODE_UNIT_STARTED|[EXTERNAL]|execute_anonymous_apex
12:50:04.1 (1460719)|HEAP_ALLOCATE|[72]|Bytes:3
12:50:04.1 (1531759)|HEAP_ALLOCATE|[77]|Bytes:152
12:50:04.1 (1562463)|HEAP_ALLOCATE|[342]|Bytes:408
12:50:04.1 (1576379)|HEAP_ALLOCATE|[355]|Bytes:408
12:50:04.1 (1587783)|HEAP_ALLOCATE|[467]|Bytes:48
12:50:04.1 (1641242)|HEAP_ALLOCATE|[139]|Bytes:6
12:50:04.1 (1658636)|HEAP_ALLOCATE|[EXTERNAL]|Bytes:1
12:50:04.1 (1760067)|STATEMENT_EXECUTE|[1]
12:50:04.1 (1762923)|STATEMENT_EXECUTE|[1]
12:50:04.1 (1765732)|HEAP_ALLOCATE|[1]|Bytes:18
12:50:04.1 (1784212)|HEAP_ALLOCATE|[1]|Bytes:4
12:50:04.1 (1836564)|HEAP_ALLOCATE|[50]|Bytes:5
12:50:04.1 (1860744)|HEAP_ALLOCATE|[56]|Bytes:5
12:50:04.1 (1868853)|HEAP_ALLOCATE|[64]|Bytes:7
12:50:04.1 (1891389)|SYSTEM_MODE_ENTER|false
12:50:04.1 (1911355)|HEAP_ALLOCATE|[1]|Bytes:5
12:50:04.1 (10201968)|HEAP_ALLOCATE|[1]|Bytes:1
12:50:04.1 (10217263)|HEAP_ALLOCATE|[1]|Bytes:2
12:50:04.1 (10262644)|METHOD_ENTRY|[1]|01pf4000009Vx35|CloneQuote.CloneQuote()
12:50:04.1 (10270169)|STATEMENT_EXECUTE|[1]
12:50:04.1 (10277313)|STATEMENT_EXECUTE|[1]
12:50:04.1 (10293645)|HEAP_ALLOCATE|[1]|Bytes:5
12:50:04.1 (10317632)|METHOD_EXIT|[1]|CloneQuote
12:50:04.1 (10373320)|METHOD_ENTRY|[1]|01pf4000009Vx35|CloneQuote.cloneQuote(Id)
12:50:04.1 (10431733)|VARIABLE_SCOPE_BEGIN|[3]|quoteId|Id|false|false
12:50:04.1 (10562223)|VARIABLE_ASSIGNMENT|[3]|quoteId|"0Q0f40000009bwtCAA"
12:50:04.1 (10583356)|HEAP_ALLOCATE|[6]|Bytes:5
12:50:04.1 (10589970)|STATEMENT_EXECUTE|[3]
12:50:04.1 (10591759)|STATEMENT_EXECUTE|[4]
12:50:04.1 (10595655)|HEAP_ALLOCATE|[6]|Bytes:95
12:50:04.1 (10622551)|HEAP_ALLOCATE|[6]|Bytes:4
12:50:04.1 (10649403)|HEAP_ALLOCATE|[6]|Bytes:7
12:50:04.1 (11006734)|SOQL_EXECUTE_BEGIN|[6]|Aggregations:1|SELECT Name, OPPORTUNITYiD, (SELECT QuoteId FROM QuoteLineItems) FROM QUOTE WHERE ID = :tmpVar1
12:50:04.1 (14795753)|SOQL_EXECUTE_END|[6]|Rows:1
12:50:04.1 (14826173)|HEAP_ALLOCATE|[6]|Bytes:8
12:50:04.1 (14849097)|HEAP_ALLOCATE|[6]|Bytes:213
12:50:04.1 (14977085)|HEAP_ALLOCATE|[6]|Bytes:8
12:50:04.1 (14992226)|HEAP_ALLOCATE|[4]|Bytes:31
12:50:04.1 (15045190)|HEAP_ALLOCATE|[4]|Bytes:20
12:50:04.1 (15063435)|VARIABLE_SCOPE_BEGIN|[4]|q1|Quote|true|false
12:50:04.1 (15101297)|VARIABLE_ASSIGNMENT|[4]|q1|{"Name":"QUOTE 2","OpportunityId":"006f400000AO4MJAA1","Id":"0Q0f40000009bwtCAA","QuoteLineItems":[{"QuoteId":"0Q0f40000009bwtCAA","Id":"0QLf4000000sNKqGAM"},{"QuoteId":"0Q0f40000009bwtCAA","Id":"0QLf4000000sNKrGAM"}]}|0x3c9582b5
12:50:04.1 (15110106)|STATEMENT_EXECUTE|[10]
12:50:04.1 (15216129)|HEAP_ALLOCATE|[10]|Bytes:188
12:50:04.1 (15221883)|HEAP_ALLOCATE|[10]|Bytes:16
12:50:04.1 (15261785)|VARIABLE_SCOPE_BEGIN|[10]|q2|Quote|true|false
12:50:04.1 (15280462)|VARIABLE_ASSIGNMENT|[10]|q2|{"Name":"QUOTE 2","OpportunityId":"006f400000AO4MJAA1","QuoteLineItems":[{"QuoteId":"0Q0f40000009bwtCAA","Id":"0QLf4000000sNKqGAM"},{"QuoteId":"0Q0f40000009bwtCAA","Id":"0QLf4000000sNKrGAM"}]}|0x7672c38e
12:50:04.1 (15287197)|STATEMENT_EXECUTE|[12]
12:50:04.1 (15314596)|HEAP_ALLOCATE|[12]|Bytes:8
12:50:04.1 (15326518)|DML_BEGIN|[12]|Op:Insert|Type:Quote|Rows:1
12:50:04.1 (15356231)|HEAP_ALLOCATE|[EXTERNAL]|Bytes:8
12:50:04.1 (58457762)|DML_END|[12]
12:50:04.1 (58474909)|HEAP_ALLOCATE|[12]|Bytes:-4
12:50:04.1 (58498734)|STATEMENT_EXECUTE|[13]
12:50:04.1 (58542969)|VARIABLE_SCOPE_BEGIN|[13]|idQuote|Id|false|false
12:50:04.1 (58626347)|VARIABLE_ASSIGNMENT|[13]|idQuote|"0Q0f40000009e8ACAQ"
12:50:04.1 (58633147)|STATEMENT_EXECUTE|[15]
12:50:04.1 (58641193)|HEAP_ALLOCATE|[15]|Bytes:14
12:50:04.1 (58649408)|HEAP_ALLOCATE|[15]|Bytes:13
12:50:04.1 (58709258)|HEAP_ALLOCATE|[EXTERNAL]|Bytes:12
12:50:04.1 (58808330)|HEAP_ALLOCATE|[15]|Bytes:12
12:50:04.1 (58842280)|VARIABLE_SCOPE_BEGIN|[15]|items|List<QuoteLineItem>|true|false
12:50:04.1 (58873698)|VARIABLE_ASSIGNMENT|[15]|items|[{"QuoteId":"0Q0f40000009bwtCAA","Id":"0QLf4000000sNKqGAM"},{"QuoteId":"0Q0f40000009bwtCAA","Id":"0QLf4000000sNKrGAM"}]|0x778c6fe8
12:50:04.1 (59130804)|HEAP_ALLOCATE|[17]|Bytes:5
12:50:04.1 (59155778)|HEAP_ALLOCATE|[17]|Bytes:12
12:50:04.1 (59165279)|VARIABLE_SCOPE_BEGIN|[17]|i|QuoteLineItem|true|false
12:50:04.1 (59180312)|VARIABLE_ASSIGNMENT|[17]|i|{"QuoteId":"0Q0f40000009bwtCAA","Id":"0QLf4000000sNKqGAM"}|0x6ad38ca2
12:50:04.1 (59187368)|STATEMENT_EXECUTE|[17]
12:50:04.1 (59189368)|STATEMENT_EXECUTE|[18]
12:50:04.1 (59212662)|HEAP_ALLOCATE|[18]|Bytes:4
12:50:04.1 (59302163)|VARIABLE_SCOPE_BEGIN|[18]|ql|QuoteLineItem|true|false
12:50:04.1 (59318084)|VARIABLE_ASSIGNMENT|[18]|ql|{}|0x52226544
12:50:04.1 (59323900)|STATEMENT_EXECUTE|[19]
12:50:04.1 (59330473)|VARIABLE_ASSIGNMENT|[19]|ql|{"QuoteId":"0Q0f40000009bwtCAA","Id":"0QLf4000000sNKqGAM"}|0x6ad38ca2
12:50:04.1 (59335119)|STATEMENT_EXECUTE|[20]
12:50:04.1 (59338879)|HEAP_ALLOCATE|[20]|Bytes:8
12:50:04.1 (59421993)|HEAP_ALLOCATE|[20]|Bytes:65
12:50:04.1 (59443378)|HEAP_ALLOCATE|[20]|Bytes:73
12:50:04.1 (59469751)|USER_DEBUG|[20]|DEBUG|ql id : QuoteLineItem:{QuoteId=0Q0f40000009bwtCAA, Id=0QLf4000000sNKqGAM}
12:50:04.1 (59477964)|STATEMENT_EXECUTE|[21]
12:50:04.1 (59734029)|HEAP_ALLOCATE|[21]|Bytes:49
12:50:04.1 (59804709)|METHOD_EXIT|[1]|01pf4000009Vx35|CloneQuote.cloneQuote(Id)
12:50:04.1 (59813952)|SYSTEM_MODE_EXIT|false
12:50:04.1 (59900031)|FATAL_ERROR|System.SObjectException: Field is not writeable: QuoteLineItem.QuoteId

Class.CloneQuote.cloneQuote: line 21, column 1
AnonymousBlock: line 1, column 1
AnonymousBlock: line 1, column 1
12:50:04.59 (59939559)|CUMULATIVE_LIMIT_USAGE
12:50:04.59 (59939559)|LIMIT_USAGE_FOR_NS|(default)|
  Number of SOQL queries: 1 out of 100
  Number of query rows: 3 out of 50000
  Number of SOSL queries: 0 out of 20
  Number of DML statements: 1 out of 150
  Number of DML rows: 1 out of 10000
  Maximum CPU time: 0 out of 10000
  Maximum heap size: 0 out of 6000000
  Number of callouts: 0 out of 100
  Number of Email Invocations: 0 out of 10
  Number of future calls: 0 out of 50
  Number of queueable jobs added to the queue: 0 out of 50
  Number of Mobile Apex push calls: 0 out of 10

12:50:04.59 (59939559)|CUMULATIVE_LIMIT_USAGE_END

12:50:04.1 (59976258)|CODE_UNIT_FINISHED|execute_anonymous_apex
12:50:04.1 (61075408)|EXECUTION_FINISHED
