42.0 APEX_CODE,FINEST;APEX_PROFILING,INFO;CALLOUT,INFO;DB,INFO;SYSTEM,DEBUG;VALIDATION,INFO;VISUALFORCE,INFO;WAVE,INFO;WORKFLOW,INFO
09:41:40.0 (287298)|USER_INFO|[EXTERNAL]|005f4000001uuP2|nmolinam@deloitte.com|Hora de Venezuela|GMT-04:00
09:41:40.0 (323385)|EXECUTION_STARTED
09:41:40.0 (328118)|CODE_UNIT_STARTED|[EXTERNAL]|VisualForce View State
09:41:40.0 (14992302)|CODE_UNIT_FINISHED|VisualForce View State
09:41:40.0 (15875946)|EXECUTION_FINISHED
09:41:40.18 (18076539)|USER_INFO|[EXTERNAL]|005f4000001uuP2|nmolinam@deloitte.com|Hora de Venezuela|GMT-04:00
09:41:40.18 (18095664)|EXECUTION_STARTED
09:41:40.18 (18099291)|CODE_UNIT_STARTED|[EXTERNAL]|VF: /apex/editStaticResource.apexp
09:41:40.18 (19603617)|HEAP_ALLOCATE|[EXTERNAL]|Bytes:-4
09:41:40.19 (19739032)|HEAP_ALLOCATE|[EXTERNAL]|Bytes:-4
09:41:40.20 (20933700)|HEAP_ALLOCATE|[EXTERNAL]|Bytes:-4
09:41:40.21 (21057716)|HEAP_ALLOCATE|[EXTERNAL]|Bytes:-4
09:41:40.21 (21485700)|SYSTEM_MODE_ENTER|false
09:41:40.21 (115490115)|HEAP_ALLOCATE|[EXTERNAL]|Bytes:-4
09:41:40.117 (117256551)|CUMULATIVE_LIMIT_USAGE
09:41:40.117 (117256551)|LIMIT_USAGE_FOR_NS|(default)|
  Number of SOQL queries: 0 out of 100
  Number of query rows: 0 out of 50000
  Number of SOSL queries: 0 out of 20
  Number of DML statements: 0 out of 150
  Number of DML rows: 0 out of 10000
  Maximum CPU time: 0 out of 10000
  Maximum heap size: 0 out of 6000000
  Number of callouts: 0 out of 100
  Number of Email Invocations: 0 out of 10
  Number of future calls: 0 out of 50
  Number of queueable jobs added to the queue: 0 out of 50
  Number of Mobile Apex push calls: 0 out of 10

09:41:40.117 (117256551)|CUMULATIVE_LIMIT_USAGE_END

09:41:40.18 (117301553)|CODE_UNIT_FINISHED|VF: /apex/editStaticResource.apexp
09:41:40.18 (118065631)|EXECUTION_FINISHED
