42.0 APEX_CODE,FINEST;APEX_PROFILING,INFO;CALLOUT,INFO;DB,INFO;SYSTEM,DEBUG;VALIDATION,INFO;VISUALFORCE,INFO;WAVE,INFO;WORKFLOW,INFO
Execute Anonymous: CloneQuote.cloneQuote('0Q0f40000009bwtCAA');
12:49:13.1 (1713063)|USER_INFO|[EXTERNAL]|005f4000001uuP2|nmolinam@deloitte.com|Hora de Venezuela|GMT-04:00
12:49:13.1 (1766018)|EXECUTION_STARTED
12:49:13.1 (1776618)|CODE_UNIT_STARTED|[EXTERNAL]|execute_anonymous_apex
12:49:13.1 (2188288)|HEAP_ALLOCATE|[72]|Bytes:3
12:49:13.1 (2276361)|HEAP_ALLOCATE|[77]|Bytes:152
12:49:13.1 (2314079)|HEAP_ALLOCATE|[342]|Bytes:408
12:49:13.1 (2355755)|HEAP_ALLOCATE|[355]|Bytes:408
12:49:13.1 (2393933)|HEAP_ALLOCATE|[467]|Bytes:48
12:49:13.1 (2457801)|HEAP_ALLOCATE|[139]|Bytes:6
12:49:13.1 (2501557)|HEAP_ALLOCATE|[EXTERNAL]|Bytes:1
12:49:13.1 (2695560)|STATEMENT_EXECUTE|[1]
12:49:13.1 (2703052)|STATEMENT_EXECUTE|[1]
12:49:13.1 (2711150)|HEAP_ALLOCATE|[1]|Bytes:18
12:49:13.1 (2743584)|HEAP_ALLOCATE|[1]|Bytes:4
12:49:13.1 (2862629)|HEAP_ALLOCATE|[50]|Bytes:5
12:49:13.1 (2911997)|HEAP_ALLOCATE|[56]|Bytes:5
12:49:13.1 (2932959)|HEAP_ALLOCATE|[64]|Bytes:7
12:49:13.1 (3029922)|SYSTEM_MODE_ENTER|false
12:49:13.1 (3079907)|HEAP_ALLOCATE|[1]|Bytes:5
12:49:13.1 (14313434)|HEAP_ALLOCATE|[1]|Bytes:1
12:49:13.1 (14348257)|HEAP_ALLOCATE|[1]|Bytes:2
12:49:13.1 (14389818)|METHOD_ENTRY|[1]|01pf4000009Vx35|CloneQuote.CloneQuote()
12:49:13.1 (14405770)|STATEMENT_EXECUTE|[1]
12:49:13.1 (14420076)|STATEMENT_EXECUTE|[1]
12:49:13.1 (14468338)|HEAP_ALLOCATE|[1]|Bytes:5
12:49:13.1 (14513987)|METHOD_EXIT|[1]|CloneQuote
12:49:13.1 (14618391)|METHOD_ENTRY|[1]|01pf4000009Vx35|CloneQuote.cloneQuote(Id)
12:49:13.1 (14791153)|VARIABLE_SCOPE_BEGIN|[3]|quoteId|Id|false|false
12:49:13.1 (15128070)|VARIABLE_ASSIGNMENT|[3]|quoteId|"0Q0f40000009bwtCAA"
12:49:13.1 (15213014)|HEAP_ALLOCATE|[6]|Bytes:5
12:49:13.1 (15277435)|STATEMENT_EXECUTE|[3]
12:49:13.1 (15284873)|STATEMENT_EXECUTE|[4]
12:49:13.1 (15298435)|HEAP_ALLOCATE|[6]|Bytes:95
12:49:13.1 (15447800)|HEAP_ALLOCATE|[6]|Bytes:4
12:49:13.1 (15519530)|HEAP_ALLOCATE|[6]|Bytes:7
12:49:13.1 (16334820)|SOQL_EXECUTE_BEGIN|[6]|Aggregations:1|SELECT Name, OPPORTUNITYiD, (SELECT QuoteId FROM QuoteLineItems) FROM QUOTE WHERE ID = :tmpVar1
12:49:13.1 (24356607)|SOQL_EXECUTE_END|[6]|Rows:1
12:49:13.1 (24439702)|HEAP_ALLOCATE|[6]|Bytes:8
12:49:13.1 (24500687)|HEAP_ALLOCATE|[6]|Bytes:213
12:49:13.1 (24807814)|HEAP_ALLOCATE|[6]|Bytes:8
12:49:13.1 (24849222)|HEAP_ALLOCATE|[4]|Bytes:31
12:49:13.1 (24968299)|HEAP_ALLOCATE|[4]|Bytes:20
12:49:13.1 (24994080)|VARIABLE_SCOPE_BEGIN|[4]|q1|Quote|true|false
12:49:13.1 (25085882)|VARIABLE_ASSIGNMENT|[4]|q1|{"Name":"QUOTE 2","OpportunityId":"006f400000AO4MJAA1","Id":"0Q0f40000009bwtCAA","QuoteLineItems":[{"QuoteId":"0Q0f40000009bwtCAA","Id":"0QLf4000000sNKqGAM"},{"QuoteId":"0Q0f40000009bwtCAA","Id":"0QLf4000000sNKrGAM"}]}|0x211209b8
12:49:13.1 (25117459)|STATEMENT_EXECUTE|[10]
12:49:13.1 (25433848)|HEAP_ALLOCATE|[10]|Bytes:188
12:49:13.1 (25451128)|HEAP_ALLOCATE|[10]|Bytes:16
12:49:13.1 (25504063)|VARIABLE_SCOPE_BEGIN|[10]|q2|Quote|true|false
12:49:13.1 (25559530)|VARIABLE_ASSIGNMENT|[10]|q2|{"Name":"QUOTE 2","OpportunityId":"006f400000AO4MJAA1","QuoteLineItems":[{"QuoteId":"0Q0f40000009bwtCAA","Id":"0QLf4000000sNKqGAM"},{"QuoteId":"0Q0f40000009bwtCAA","Id":"0QLf4000000sNKrGAM"}]}|0x43bfca89
12:49:13.1 (25581990)|STATEMENT_EXECUTE|[12]
12:49:13.1 (25655801)|HEAP_ALLOCATE|[12]|Bytes:8
12:49:13.1 (25686739)|DML_BEGIN|[12]|Op:Insert|Type:Quote|Rows:1
12:49:13.1 (25760618)|HEAP_ALLOCATE|[EXTERNAL]|Bytes:8
12:49:13.1 (77730871)|DML_END|[12]
12:49:13.1 (77813233)|HEAP_ALLOCATE|[12]|Bytes:-4
12:49:13.1 (77861128)|STATEMENT_EXECUTE|[13]
12:49:13.1 (77946553)|VARIABLE_SCOPE_BEGIN|[13]|idQuote|Id|false|false
12:49:13.1 (78117499)|VARIABLE_ASSIGNMENT|[13]|idQuote|"0Q0f40000009e80CAA"
12:49:13.1 (78133117)|STATEMENT_EXECUTE|[15]
12:49:13.1 (78151735)|HEAP_ALLOCATE|[15]|Bytes:14
12:49:13.1 (78169322)|HEAP_ALLOCATE|[15]|Bytes:13
12:49:13.1 (78321617)|HEAP_ALLOCATE|[EXTERNAL]|Bytes:12
12:49:13.1 (78565144)|HEAP_ALLOCATE|[15]|Bytes:12
12:49:13.1 (78638105)|VARIABLE_SCOPE_BEGIN|[15]|items|List<QuoteLineItem>|true|false
12:49:13.1 (78700386)|VARIABLE_ASSIGNMENT|[15]|items|[{"QuoteId":"0Q0f40000009bwtCAA","Id":"0QLf4000000sNKqGAM"},{"QuoteId":"0Q0f40000009bwtCAA","Id":"0QLf4000000sNKrGAM"}]|0x556ae4bb
12:49:13.1 (79224305)|HEAP_ALLOCATE|[17]|Bytes:5
12:49:13.1 (79302869)|HEAP_ALLOCATE|[17]|Bytes:12
12:49:13.1 (79328228)|VARIABLE_SCOPE_BEGIN|[17]|i|QuoteLineItem|true|false
12:49:13.1 (79365424)|VARIABLE_ASSIGNMENT|[17]|i|{"QuoteId":"0Q0f40000009bwtCAA","Id":"0QLf4000000sNKqGAM"}|0x751075e2
12:49:13.1 (79380681)|STATEMENT_EXECUTE|[17]
12:49:13.1 (79384990)|STATEMENT_EXECUTE|[18]
12:49:13.1 (79471586)|HEAP_ALLOCATE|[18]|Bytes:4
12:49:13.1 (79704077)|VARIABLE_SCOPE_BEGIN|[18]|ql|QuoteLineItem|true|false
12:49:13.1 (79744217)|VARIABLE_ASSIGNMENT|[18]|ql|{}|0x38ed4c9c
12:49:13.1 (79757011)|STATEMENT_EXECUTE|[19]
12:49:13.1 (79774351)|VARIABLE_ASSIGNMENT|[19]|ql|{"QuoteId":"0Q0f40000009bwtCAA","Id":"0QLf4000000sNKqGAM"}|0x751075e2
12:49:13.1 (79786195)|STATEMENT_EXECUTE|[20]
12:49:13.1 (79795242)|HEAP_ALLOCATE|[20]|Bytes:8
12:49:13.1 (80001109)|HEAP_ALLOCATE|[20]|Bytes:18
12:49:13.1 (80081601)|HEAP_ALLOCATE|[20]|Bytes:26
12:49:13.1 (80139718)|USER_DEBUG|[20]|DEBUG|ql id : 0QLf4000000sNKqGAM
12:49:13.1 (80160502)|STATEMENT_EXECUTE|[21]
12:49:13.1 (81523267)|HEAP_ALLOCATE|[21]|Bytes:49
12:49:13.1 (81802165)|METHOD_EXIT|[1]|01pf4000009Vx35|CloneQuote.cloneQuote(Id)
12:49:13.1 (81841009)|SYSTEM_MODE_EXIT|false
12:49:13.1 (82123080)|FATAL_ERROR|System.SObjectException: Field is not writeable: QuoteLineItem.QuoteId

Class.CloneQuote.cloneQuote: line 21, column 1
AnonymousBlock: line 1, column 1
AnonymousBlock: line 1, column 1
12:49:13.82 (82275702)|CUMULATIVE_LIMIT_USAGE
12:49:13.82 (82275702)|LIMIT_USAGE_FOR_NS|(default)|
  Number of SOQL queries: 1 out of 100
  Number of query rows: 3 out of 50000
  Number of SOSL queries: 0 out of 20
  Number of DML statements: 1 out of 150
  Number of DML rows: 1 out of 10000
  Maximum CPU time: 0 out of 10000
  Maximum heap size: 0 out of 6000000
  Number of callouts: 0 out of 100
  Number of Email Invocations: 0 out of 10
  Number of future calls: 0 out of 50
  Number of queueable jobs added to the queue: 0 out of 50
  Number of Mobile Apex push calls: 0 out of 10

12:49:13.82 (82275702)|CUMULATIVE_LIMIT_USAGE_END

12:49:13.1 (82389186)|CODE_UNIT_FINISHED|execute_anonymous_apex
12:49:13.1 (84254640)|EXECUTION_FINISHED
