42.0 APEX_CODE,FINEST;APEX_PROFILING,INFO;CALLOUT,INFO;DB,INFO;SYSTEM,DEBUG;VALIDATION,INFO;VISUALFORCE,INFO;WAVE,INFO;WORKFLOW,INFO
14:15:26.0 (71257)|USER_INFO|[EXTERNAL]|005f4000001uuP2|nmolinam@deloitte.com|Hora de Venezuela|GMT-04:00
14:15:26.0 (108823)|EXECUTION_STARTED
14:15:26.0 (113316)|CODE_UNIT_STARTED|[EXTERNAL]|Aura
14:15:26.0 (1205677)|CODE_UNIT_STARTED|[EXTERNAL]|01pf4000009Vx35|CloneQuote.cloneQuote
14:15:26.0 (1373580)|HEAP_ALLOCATE|[72]|Bytes:3
14:15:26.0 (1406069)|HEAP_ALLOCATE|[77]|Bytes:152
14:15:26.0 (1423820)|HEAP_ALLOCATE|[342]|Bytes:408
14:15:26.0 (1439431)|HEAP_ALLOCATE|[355]|Bytes:408
14:15:26.0 (1450422)|HEAP_ALLOCATE|[467]|Bytes:48
14:15:26.0 (1476820)|HEAP_ALLOCATE|[139]|Bytes:6
14:15:26.0 (1538925)|HEAP_ALLOCATE|[EXTERNAL]|Bytes:1
14:15:26.0 (1549971)|METHOD_ENTRY|[1]|01pf4000009Vx35|CloneQuote.CloneQuote()
14:15:26.0 (1557605)|STATEMENT_EXECUTE|[1]
14:15:26.0 (1563105)|STATEMENT_EXECUTE|[1]
14:15:26.0 (1591204)|HEAP_ALLOCATE|[50]|Bytes:5
14:15:26.0 (1609874)|HEAP_ALLOCATE|[56]|Bytes:5
14:15:26.0 (1617726)|HEAP_ALLOCATE|[64]|Bytes:7
14:15:26.0 (1639705)|SYSTEM_MODE_ENTER|false
14:15:26.0 (1655346)|HEAP_ALLOCATE|[EXTERNAL]|Bytes:5
14:15:26.0 (1665166)|SYSTEM_MODE_EXIT|false
14:15:26.0 (1676941)|METHOD_EXIT|[1]|CloneQuote
14:15:26.0 (1691854)|SYSTEM_MODE_ENTER|false
14:15:26.0 (1699977)|VARIABLE_SCOPE_BEGIN|[3]|quoteId|Id|false|false
14:15:26.0 (1720514)|VARIABLE_ASSIGNMENT|[3]|quoteId|null
14:15:26.0 (1734122)|HEAP_ALLOCATE|[6]|Bytes:5
14:15:26.0 (1739250)|STATEMENT_EXECUTE|[3]
14:15:26.0 (1741302)|STATEMENT_EXECUTE|[4]
14:15:26.0 (1745069)|HEAP_ALLOCATE|[6]|Bytes:183
14:15:26.0 (1761359)|HEAP_ALLOCATE|[6]|Bytes:4
14:15:26.0 (1771902)|HEAP_ALLOCATE|[6]|Bytes:7
14:15:26.0 (2461451)|SOQL_EXECUTE_BEGIN|[6]|Aggregations:1|SELECT Name, OPPORTUNITYiD, Pricebook2Id, (SELECT QuoteId, Description, Discount, PricebookEntryId, Quantity, Product2Id, UnitPrice FROM QuoteLineItems) FROM QUOTE WHERE ID = :tmpVar1
14:15:26.0 (3888023)|SOQL_EXECUTE_END|[6]|Rows:0
14:15:26.0 (3913789)|HEAP_ALLOCATE|[6]|Bytes:4
14:15:26.0 (3928208)|HEAP_ALLOCATE|[6]|Bytes:0
14:15:26.0 (4020435)|HEAP_ALLOCATE|[6]|Bytes:4
14:15:26.0 (4037263)|HEAP_ALLOCATE|[4]|Bytes:31
14:15:26.0 (4111819)|HEAP_ALLOCATE|[4]|Bytes:46
14:15:26.0 (4237245)|FATAL_ERROR|System.QueryException: List has no rows for assignment to SObject

Class.CloneQuote.cloneQuote: line 4, column 1
14:15:26.0 (4255875)|FATAL_ERROR|System.QueryException: List has no rows for assignment to SObject

Class.CloneQuote.cloneQuote: line 4, column 1
14:15:26.4 (4264797)|CUMULATIVE_LIMIT_USAGE
14:15:26.4 (4264797)|LIMIT_USAGE_FOR_NS|(default)|
  Number of SOQL queries: 1 out of 100
  Number of query rows: 0 out of 50000
  Number of SOSL queries: 0 out of 20
  Number of DML statements: 0 out of 150
  Number of DML rows: 0 out of 10000
  Maximum CPU time: 0 out of 10000
  Maximum heap size: 0 out of 6000000
  Number of callouts: 0 out of 100
  Number of Email Invocations: 0 out of 10
  Number of future calls: 0 out of 50
  Number of queueable jobs added to the queue: 0 out of 50
  Number of Mobile Apex push calls: 0 out of 10

14:15:26.4 (4264797)|CUMULATIVE_LIMIT_USAGE_END

14:15:26.0 (4309681)|CODE_UNIT_FINISHED|CloneQuote.cloneQuote
14:15:26.0 (8856109)|CODE_UNIT_FINISHED|Aura
14:15:26.0 (9657687)|EXECUTION_FINISHED
