42.0 APEX_CODE,FINEST;APEX_PROFILING,INFO;CALLOUT,INFO;DB,INFO;SYSTEM,DEBUG;VALIDATION,INFO;VISUALFORCE,INFO;WAVE,INFO;WORKFLOW,INFO
14:31:39.0 (87024)|USER_INFO|[EXTERNAL]|005f4000001uuP2|nmolinam@deloitte.com|Hora de Venezuela|GMT-04:00
14:31:39.0 (127786)|EXECUTION_STARTED
14:31:39.0 (131858)|CODE_UNIT_STARTED|[EXTERNAL]|Aura
14:31:39.0 (1822718)|CODE_UNIT_STARTED|[EXTERNAL]|01pf4000008WnsX|ViewQuotePDF.getPDF
14:31:39.0 (2012794)|HEAP_ALLOCATE|[72]|Bytes:3
14:31:39.0 (2054384)|HEAP_ALLOCATE|[77]|Bytes:152
14:31:39.0 (2081919)|HEAP_ALLOCATE|[342]|Bytes:408
14:31:39.0 (2103330)|HEAP_ALLOCATE|[355]|Bytes:408
14:31:39.0 (2122849)|HEAP_ALLOCATE|[467]|Bytes:48
14:31:39.0 (2164327)|HEAP_ALLOCATE|[139]|Bytes:6
14:31:39.0 (2237459)|HEAP_ALLOCATE|[EXTERNAL]|Bytes:4
14:31:39.0 (2247560)|HEAP_ALLOCATE|[EXTERNAL]|Bytes:5
14:31:39.0 (2259673)|METHOD_ENTRY|[1]|01pf4000008WnsX|ViewQuotePDF.ViewQuotePDF()
14:31:39.0 (2270440)|STATEMENT_EXECUTE|[1]
14:31:39.0 (2276146)|STATEMENT_EXECUTE|[1]
14:31:39.0 (2313901)|HEAP_ALLOCATE|[50]|Bytes:5
14:31:39.0 (2340251)|HEAP_ALLOCATE|[56]|Bytes:5
14:31:39.0 (2352725)|HEAP_ALLOCATE|[64]|Bytes:7
14:31:39.0 (2383088)|SYSTEM_MODE_ENTER|false
14:31:39.0 (2401474)|HEAP_ALLOCATE|[EXTERNAL]|Bytes:5
14:31:39.0 (2412526)|SYSTEM_MODE_EXIT|false
14:31:39.0 (2425684)|METHOD_EXIT|[1]|ViewQuotePDF
14:31:39.0 (2443183)|SYSTEM_MODE_ENTER|false
14:31:39.0 (2460908)|HEAP_ALLOCATE|[4]|Bytes:5
14:31:39.0 (2467831)|STATEMENT_EXECUTE|[3]
14:31:39.0 (2470418)|STATEMENT_EXECUTE|[4]
14:31:39.0 (2572305)|HEAP_ALLOCATE|[4]|Bytes:4
14:31:39.0 (2652745)|VARIABLE_SCOPE_BEGIN|[4]|quotes|List<Quote>|true|false
14:31:39.0 (2674872)|HEAP_ALLOCATE|[EXTERNAL]|Bytes:4
14:31:39.0 (2709568)|VARIABLE_ASSIGNMENT|[4]|quotes|[]|0x41b55e1b
14:31:39.0 (2719338)|STATEMENT_EXECUTE|[5]
14:31:39.0 (2724731)|VARIABLE_SCOPE_BEGIN|[5]|pfdBase64|String|false|false
14:31:39.0 (2739983)|VARIABLE_ASSIGNMENT|[5]|pfdBase64|null
14:31:39.0 (2749522)|HEAP_ALLOCATE|[7]|Bytes:22
14:31:39.0 (2771105)|HEAP_ALLOCATE|[7]|Bytes:4
14:31:39.0 (3157310)|SOQL_EXECUTE_BEGIN|[7]|Aggregations:0|SELECT Name FROM Quote
14:31:39.0 (5268523)|SOQL_EXECUTE_END|[7]|Rows:1
14:31:39.0 (5292212)|HEAP_ALLOCATE|[EXTERNAL]|Bytes:8
14:31:39.0 (5457140)|HEAP_ALLOCATE|[7]|Bytes:54
14:31:39.0 (5468071)|HEAP_ALLOCATE|[7]|Bytes:8
14:31:39.0 (5478659)|SYSTEM_METHOD_ENTRY|[7]|QueryLocatorIterator.QueryLocatorIterator()
14:31:39.0 (5484697)|STATEMENT_EXECUTE|[7]
14:31:39.0 (5493060)|SYSTEM_METHOD_EXIT|[7]|QueryLocatorIterator
14:31:39.0 (5502084)|HEAP_ALLOCATE|[7]|Bytes:28
14:31:39.0 (5534740)|HEAP_ALLOCATE|[7]|Bytes:8
14:31:39.0 (5551636)|HEAP_ALLOCATE|[7]|Bytes:8
14:31:39.0 (5556202)|HEAP_ALLOCATE|[7]|Bytes:8
14:31:39.0 (5563621)|VARIABLE_SCOPE_BEGIN|[15]|this|Database.QueryLocatorIterator|true|false
14:31:39.0 (5606381)|VARIABLE_ASSIGNMENT|[15]|this|{}|0x2eb50e86
14:31:39.0 (5615450)|VARIABLE_SCOPE_BEGIN|[15]|values|List<SObject>|true|false
14:31:39.0 (5641332)|VARIABLE_ASSIGNMENT|[15]|values|[{"Name":"first quote","Id":"0Q0f40000009VVICA2"}]|0x5011d938
14:31:39.0 (5650261)|VARIABLE_SCOPE_BEGIN|[15]|ql|Database.QueryLocator|true|false
14:31:39.0 (5678212)|VARIABLE_ASSIGNMENT|[15]|ql|{"query":"SELECT Name FROM Quo (2 more) ..."}|0x747f6d8c
14:31:39.0 (5686479)|VARIABLE_SCOPE_BEGIN|[15]|totalNumRecords|Integer|false|false
14:31:39.0 (5698938)|VARIABLE_ASSIGNMENT|[15]|totalNumRecords|1
14:31:39.0 (5705742)|VARIABLE_SCOPE_BEGIN|[15]|queryMoreSize|Integer|false|false
14:31:39.0 (5715930)|VARIABLE_ASSIGNMENT|[15]|queryMoreSize|49999
14:31:39.0 (5839588)|HEAP_ALLOCATE|[7]|Bytes:28
14:31:39.0 (5870245)|METHOD_ENTRY|[7]||Database.QueryLocatorIterator.hasNext()
14:31:39.0 (5933195)|METHOD_EXIT|[7]||Database.QueryLocatorIterator.hasNext()
14:31:39.0 (5946671)|METHOD_ENTRY|[7]||Database.QueryLocatorIterator.next()
14:31:39.0 (6076259)|METHOD_EXIT|[7]||Database.QueryLocatorIterator.next()
14:31:39.0 (6090826)|VARIABLE_SCOPE_BEGIN|[7]|q|Quote|true|false
14:31:39.0 (6130851)|VARIABLE_ASSIGNMENT|[7]|q|{"Name":"first quote","Id":"0Q0f40000009VVICA2"}|0x401afa9c
14:31:39.0 (6141427)|STATEMENT_EXECUTE|[7]
14:31:39.0 (6144598)|STATEMENT_EXECUTE|[8]
14:31:39.0 (6182489)|HEAP_ALLOCATE|[EXTERNAL]|Bytes:4
14:31:39.0 (6198228)|METHOD_ENTRY|[7]||Database.QueryLocatorIterator.hasNext()
14:31:39.0 (6216919)|METHOD_EXIT|[7]||Database.QueryLocatorIterator.hasNext()
14:31:39.0 (6226669)|VARIABLE_ASSIGNMENT|[7]|q|null|
14:31:39.0 (6268462)|STATEMENT_EXECUTE|[13]
14:31:39.0 (6351531)|HEAP_ALLOCATE|[14]|Bytes:5
14:31:39.0 (6369723)|HEAP_ALLOCATE|[14]|Bytes:12
14:31:39.0 (6378970)|VARIABLE_SCOPE_BEGIN|[14]|q|Quote|true|false
14:31:39.0 (6398218)|VARIABLE_ASSIGNMENT|[14]|q|{"Name":"first quote","Id":"0Q0f40000009VVICA2"}|0x401afa9c
14:31:39.0 (6407629)|STATEMENT_EXECUTE|[14]
14:31:39.0 (6410102)|STATEMENT_EXECUTE|[15]
14:31:39.0 (6414169)|HEAP_ALLOCATE|[15]|Bytes:20
14:31:39.0 (6452993)|HEAP_ALLOCATE|[15]|Bytes:31
14:31:39.0 (6490894)|USER_DEBUG|[15]|DEBUG|nombre de la quote: first quote
14:31:39.0 (6515945)|HEAP_ALLOCATE|[14]|Bytes:5
14:31:39.0 (6533360)|VARIABLE_ASSIGNMENT|[14]|q|null|
14:31:39.0 (6541445)|STATEMENT_EXECUTE|[18]
14:31:39.0 (6545741)|HEAP_ALLOCATE|[18]|Bytes:53
14:31:39.0 (6564788)|HEAP_ALLOCATE|[18]|Bytes:4
14:31:39.0 (6575593)|HEAP_ALLOCATE|[18]|Bytes:7
14:31:39.0 (6614539)|HEAP_ALLOCATE|[18]|Bytes:12
14:31:39.0 (7563530)|SOQL_EXECUTE_BEGIN|[18]|Aggregations:0|SELECT Body FROM Attachment WHERE ParentId = :tmpVar1
14:31:39.0 (10472732)|SOQL_EXECUTE_END|[18]|Rows:0
14:31:39.0 (10502527)|HEAP_ALLOCATE|[18]|Bytes:4
14:31:39.0 (10513987)|HEAP_ALLOCATE|[18]|Bytes:0
14:31:39.0 (10585350)|HEAP_ALLOCATE|[18]|Bytes:4
14:31:39.0 (10602334)|VARIABLE_SCOPE_BEGIN|[18]|attachements|List<Attachment>|true|false
14:31:39.0 (10626142)|VARIABLE_ASSIGNMENT|[18]|attachements|[]|0x73ae1360
14:31:39.0 (10635126)|STATEMENT_EXECUTE|[24]
14:31:39.0 (10640197)|HEAP_ALLOCATE|[24]|Bytes:49
14:31:39.0 (11572305)|HEAP_ALLOCATE|[24]|Bytes:4
14:31:39.0 (11613954)|SYSTEM_MODE_EXIT|false
14:31:39.11 (11652815)|CUMULATIVE_LIMIT_USAGE
14:31:39.11 (11652815)|LIMIT_USAGE_FOR_NS|(default)|
  Number of SOQL queries: 2 out of 100
  Number of query rows: 1 out of 50000
  Number of SOSL queries: 0 out of 20
  Number of DML statements: 0 out of 150
  Number of DML rows: 0 out of 10000
  Maximum CPU time: 0 out of 10000
  Maximum heap size: 0 out of 6000000
  Number of callouts: 0 out of 100
  Number of Email Invocations: 0 out of 10
  Number of future calls: 0 out of 50
  Number of queueable jobs added to the queue: 0 out of 50
  Number of Mobile Apex push calls: 0 out of 10

14:31:39.11 (11652815)|CUMULATIVE_LIMIT_USAGE_END

14:31:39.0 (11705917)|CODE_UNIT_FINISHED|ViewQuotePDF.getPDF
14:31:39.0 (11835522)|CODE_UNIT_FINISHED|Aura
14:31:39.0 (13537829)|EXECUTION_FINISHED
