42.0 APEX_CODE,FINEST;APEX_PROFILING,INFO;CALLOUT,INFO;DB,INFO;SYSTEM,DEBUG;VALIDATION,INFO;VISUALFORCE,INFO;WAVE,INFO;WORKFLOW,INFO
Execute Anonymous: CloneQuote.cloneQuote('0Q0f40000009bwtCAA');
12:07:30.1 (1056324)|USER_INFO|[EXTERNAL]|005f4000001uuP2|nmolinam@deloitte.com|Hora de Venezuela|GMT-04:00
12:07:30.1 (1079388)|EXECUTION_STARTED
12:07:30.1 (1084430)|CODE_UNIT_STARTED|[EXTERNAL]|execute_anonymous_apex
12:07:30.1 (1258578)|HEAP_ALLOCATE|[72]|Bytes:3
12:07:30.1 (1293438)|HEAP_ALLOCATE|[77]|Bytes:152
12:07:30.1 (1307870)|HEAP_ALLOCATE|[342]|Bytes:408
12:07:30.1 (1321633)|HEAP_ALLOCATE|[355]|Bytes:408
12:07:30.1 (1331897)|HEAP_ALLOCATE|[467]|Bytes:48
12:07:30.1 (1357562)|HEAP_ALLOCATE|[139]|Bytes:6
12:07:30.1 (1374232)|HEAP_ALLOCATE|[EXTERNAL]|Bytes:1
12:07:30.1 (1461392)|STATEMENT_EXECUTE|[1]
12:07:30.1 (1464134)|STATEMENT_EXECUTE|[1]
12:07:30.1 (1466812)|HEAP_ALLOCATE|[1]|Bytes:18
12:07:30.1 (1482045)|HEAP_ALLOCATE|[1]|Bytes:4
12:07:30.1 (1531307)|HEAP_ALLOCATE|[50]|Bytes:5
12:07:30.1 (1552066)|HEAP_ALLOCATE|[56]|Bytes:5
12:07:30.1 (1559443)|HEAP_ALLOCATE|[64]|Bytes:7
12:07:30.1 (1579291)|SYSTEM_MODE_ENTER|false
12:07:30.1 (1595655)|HEAP_ALLOCATE|[1]|Bytes:5
12:07:30.1 (2566245)|HEAP_ALLOCATE|[1]|Bytes:1
12:07:30.1 (2585008)|METHOD_ENTRY|[1]|01pf4000009Vx35|CloneQuote.CloneQuote()
12:07:30.1 (2591648)|STATEMENT_EXECUTE|[1]
12:07:30.1 (2596334)|STATEMENT_EXECUTE|[1]
12:07:30.1 (2606101)|HEAP_ALLOCATE|[1]|Bytes:5
12:07:30.1 (2615593)|METHOD_EXIT|[1]|CloneQuote
12:07:30.1 (2676019)|METHOD_ENTRY|[1]|01pf4000009Vx35|CloneQuote.cloneQuote(Id)
12:07:30.1 (2709072)|VARIABLE_SCOPE_BEGIN|[3]|quoteId|Id|false|false
12:07:30.1 (2845366)|VARIABLE_ASSIGNMENT|[3]|quoteId|"0Q0f40000009bwtCAA"
12:07:30.1 (2863376)|HEAP_ALLOCATE|[6]|Bytes:5
12:07:30.1 (2869105)|STATEMENT_EXECUTE|[3]
12:07:30.1 (2870919)|STATEMENT_EXECUTE|[4]
12:07:30.1 (2874160)|HEAP_ALLOCATE|[6]|Bytes:95
12:07:30.1 (2890298)|HEAP_ALLOCATE|[6]|Bytes:4
12:07:30.1 (2901741)|HEAP_ALLOCATE|[6]|Bytes:7
12:07:30.1 (3258178)|SOQL_EXECUTE_BEGIN|[6]|Aggregations:1|SELECT Name, OPPORTUNITYiD, (SELECT QuoteId FROM QuoteLineItems) FROM QUOTE WHERE ID = :tmpVar1
12:07:30.1 (7316176)|SOQL_EXECUTE_END|[6]|Rows:1
12:07:30.1 (7345423)|HEAP_ALLOCATE|[6]|Bytes:8
12:07:30.1 (7367728)|HEAP_ALLOCATE|[6]|Bytes:213
12:07:30.1 (7459580)|HEAP_ALLOCATE|[6]|Bytes:8
12:07:30.1 (7472571)|HEAP_ALLOCATE|[4]|Bytes:31
12:07:30.1 (7504052)|HEAP_ALLOCATE|[4]|Bytes:20
12:07:30.1 (7511866)|VARIABLE_SCOPE_BEGIN|[4]|q1|Quote|true|false
12:07:30.1 (7545035)|VARIABLE_ASSIGNMENT|[4]|q1|{"Name":"QUOTE 2","OpportunityId":"006f400000AO4MJAA1","Id":"0Q0f40000009bwtCAA","QuoteLineItems":[{"QuoteId":"0Q0f40000009bwtCAA","Id":"0QLf4000000sNKqGAM"},{"QuoteId":"0Q0f40000009bwtCAA","Id":"0QLf4000000sNKrGAM"}]}|0x3e183571
12:07:30.1 (7553947)|STATEMENT_EXECUTE|[10]
12:07:30.1 (7635062)|HEAP_ALLOCATE|[10]|Bytes:188
12:07:30.1 (7640839)|HEAP_ALLOCATE|[10]|Bytes:16
12:07:30.1 (7685057)|VARIABLE_SCOPE_BEGIN|[10]|q2|Quote|true|false
12:07:30.1 (7703424)|VARIABLE_ASSIGNMENT|[10]|q2|{"Name":"QUOTE 2","OpportunityId":"006f400000AO4MJAA1","QuoteLineItems":[{"QuoteId":"0Q0f40000009bwtCAA","Id":"0QLf4000000sNKqGAM"},{"QuoteId":"0Q0f40000009bwtCAA","Id":"0QLf4000000sNKrGAM"}]}|0x4c7d4f74
12:07:30.1 (7711187)|STATEMENT_EXECUTE|[11]
12:07:30.1 (7735822)|HEAP_ALLOCATE|[11]|Bytes:8
12:07:30.1 (7747353)|DML_BEGIN|[11]|Op:Insert|Type:Quote|Rows:1
12:07:30.1 (7774153)|HEAP_ALLOCATE|[EXTERNAL]|Bytes:8
12:07:30.1 (48696694)|DML_END|[11]
12:07:30.1 (48735968)|HEAP_ALLOCATE|[11]|Bytes:-4
12:07:30.1 (48770672)|METHOD_EXIT|[1]|01pf4000009Vx35|CloneQuote.cloneQuote(Id)
12:07:30.1 (48780459)|SYSTEM_MODE_EXIT|false
12:07:30.53 (53901448)|CUMULATIVE_LIMIT_USAGE
12:07:30.53 (53901448)|LIMIT_USAGE_FOR_NS|(default)|
  Number of SOQL queries: 1 out of 100
  Number of query rows: 3 out of 50000
  Number of SOSL queries: 0 out of 20
  Number of DML statements: 1 out of 150
  Number of DML rows: 1 out of 10000
  Maximum CPU time: 0 out of 10000
  Maximum heap size: 0 out of 6000000
  Number of callouts: 0 out of 100
  Number of Email Invocations: 0 out of 10
  Number of future calls: 0 out of 50
  Number of queueable jobs added to the queue: 0 out of 50
  Number of Mobile Apex push calls: 0 out of 10

12:07:30.53 (53901448)|CUMULATIVE_LIMIT_USAGE_END

12:07:30.1 (53951963)|CODE_UNIT_FINISHED|execute_anonymous_apex
12:07:30.1 (54906654)|EXECUTION_FINISHED
