42.0 APEX_CODE,FINEST;APEX_PROFILING,INFO;CALLOUT,INFO;DB,INFO;SYSTEM,DEBUG;VALIDATION,INFO;VISUALFORCE,INFO;WAVE,INFO;WORKFLOW,INFO
14:28:16.0 (93028)|USER_INFO|[EXTERNAL]|005f4000001uuP2|nmolinam@deloitte.com|Hora de Venezuela|GMT-04:00
14:28:16.0 (179288)|EXECUTION_STARTED
14:28:16.0 (185942)|CODE_UNIT_STARTED|[EXTERNAL]|Aura
14:28:16.0 (801088)|HEAP_ALLOCATE|[72]|Bytes:3
14:28:16.0 (852513)|HEAP_ALLOCATE|[77]|Bytes:152
14:28:16.0 (882705)|HEAP_ALLOCATE|[342]|Bytes:408
14:28:16.0 (910590)|HEAP_ALLOCATE|[355]|Bytes:408
14:28:16.0 (935907)|HEAP_ALLOCATE|[467]|Bytes:48
14:28:16.0 (978377)|HEAP_ALLOCATE|[139]|Bytes:6
14:28:16.0 (999688)|HEAP_ALLOCATE|[EXTERNAL]|Bytes:18
14:28:16.0 (1013211)|HEAP_ALLOCATE|[EXTERNAL]|Bytes:4
14:28:16.0 (1921607)|CODE_UNIT_STARTED|[EXTERNAL]|01pf4000009Vx35|CloneQuote.cloneQuote
14:28:16.0 (2077851)|HEAP_ALLOCATE|[EXTERNAL]|Bytes:1
14:28:16.0 (2098035)|METHOD_ENTRY|[1]|01pf4000009Vx35|CloneQuote.CloneQuote()
14:28:16.0 (2109567)|STATEMENT_EXECUTE|[1]
14:28:16.0 (2116472)|STATEMENT_EXECUTE|[1]
14:28:16.0 (2169720)|HEAP_ALLOCATE|[50]|Bytes:5
14:28:16.0 (2206232)|HEAP_ALLOCATE|[56]|Bytes:5
14:28:16.0 (2220007)|HEAP_ALLOCATE|[64]|Bytes:7
14:28:16.0 (2245632)|SYSTEM_MODE_ENTER|false
14:28:16.0 (2258703)|HEAP_ALLOCATE|[EXTERNAL]|Bytes:5
14:28:16.0 (2266837)|SYSTEM_MODE_EXIT|false
14:28:16.0 (2275462)|METHOD_EXIT|[1]|CloneQuote
14:28:16.0 (2281142)|HEAP_ALLOCATE|[EXTERNAL]|Bytes:4
14:28:16.0 (2290568)|SYSTEM_MODE_ENTER|false
14:28:16.0 (2298356)|VARIABLE_SCOPE_BEGIN|[3]|quoteId|Id|false|false
14:28:16.0 (2420468)|VARIABLE_ASSIGNMENT|[3]|quoteId|"0Q0f40000009bwtCAA"
14:28:16.0 (2442476)|HEAP_ALLOCATE|[6]|Bytes:5
14:28:16.0 (2448141)|STATEMENT_EXECUTE|[3]
14:28:16.0 (2450043)|STATEMENT_EXECUTE|[4]
14:28:16.0 (2453716)|HEAP_ALLOCATE|[6]|Bytes:183
14:28:16.0 (2471278)|HEAP_ALLOCATE|[6]|Bytes:4
14:28:16.0 (2482488)|HEAP_ALLOCATE|[6]|Bytes:7
14:28:16.0 (3258228)|SOQL_EXECUTE_BEGIN|[6]|Aggregations:1|SELECT Name, OPPORTUNITYiD, Pricebook2Id, (SELECT QuoteId, Description, Discount, PricebookEntryId, Quantity, Product2Id, UnitPrice FROM QuoteLineItems) FROM QUOTE WHERE ID = :tmpVar1
14:28:16.0 (7417432)|SOQL_EXECUTE_END|[6]|Rows:1
14:28:16.0 (7456350)|HEAP_ALLOCATE|[6]|Bytes:8
14:28:16.0 (7490238)|HEAP_ALLOCATE|[6]|Bytes:581
14:28:16.0 (7605014)|HEAP_ALLOCATE|[6]|Bytes:8
14:28:16.0 (7623623)|HEAP_ALLOCATE|[4]|Bytes:31
14:28:16.0 (7685309)|HEAP_ALLOCATE|[4]|Bytes:24
14:28:16.0 (7698356)|VARIABLE_SCOPE_BEGIN|[4]|q1|Quote|true|false
14:28:16.0 (7742725)|VARIABLE_ASSIGNMENT|[4]|q1|{"Name":"QUOTE 2","OpportunityId":"006f400000AO4MJAA1","Pricebook2Id":"01sf4000003Vb8JAAS","Id":"0Q0f40000009bwtCAA","QuoteLineItems":[{"QuoteId":"0Q0f40000009bwtCAA","Id":"0QLf4000000sNKqGAM","PricebookEntryId":"01uf4000002Sio9AAC","Quantity":1.00,"Product2Id":"01tf4000001E5PCAA0","UnitPrice":5000.00},{"QuoteId":"0Q0f40000009bwtCAA","Id":"0QLf4000000sNKrGAM","PricebookEntryId":"01uf4000002SioGAAS","Quantity":3.00,"Product2Id":"01tf4000001E5PJAA0","UnitPrice":100000.00}]}|0x28040f0d
14:28:16.0 (7758973)|STATEMENT_EXECUTE|[11]
14:28:16.0 (7851460)|HEAP_ALLOCATE|[11]|Bytes:556
14:28:16.0 (7859105)|HEAP_ALLOCATE|[11]|Bytes:20
14:28:16.0 (7879231)|VARIABLE_SCOPE_BEGIN|[11]|q2|Quote|true|false
14:28:16.0 (7912118)|VARIABLE_ASSIGNMENT|[11]|q2|{"Name":"QUOTE 2","OpportunityId":"006f400000AO4MJAA1","Pricebook2Id":"01sf4000003Vb8JAAS","QuoteLineItems":[{"QuoteId":"0Q0f40000009bwtCAA","Id":"0QLf4000000sNKqGAM","PricebookEntryId":"01uf4000002Sio9AAC","Quantity":1.00,"Product2Id":"01tf4000001E5PCAA0","UnitPrice":5000.00},{"QuoteId":"0Q0f40000009bwtCAA","Id":"0QLf4000000sNKrGAM","PricebookEntryId":"01uf4000002SioGAAS","Quantity":3.00,"Product2Id":"01tf4000001E5PJAA0","UnitPrice":100000.00}]}|0x5620df17
14:28:16.0 (7929858)|STATEMENT_EXECUTE|[12]
14:28:16.0 (8014842)|VARIABLE_ASSIGNMENT|[12]|this.Pricebook2Id|"01sf4000003Vb8JAAS"|0x5620df17
14:28:16.0 (8023358)|STATEMENT_EXECUTE|[14]
14:28:16.0 (8047550)|HEAP_ALLOCATE|[14]|Bytes:8
14:28:16.0 (8074956)|DML_BEGIN|[14]|Op:Insert|Type:Quote|Rows:1
14:28:16.0 (8105559)|HEAP_ALLOCATE|[EXTERNAL]|Bytes:8
14:28:16.0 (49177273)|DML_END|[14]
14:28:16.0 (49194835)|HEAP_ALLOCATE|[14]|Bytes:-4
14:28:16.0 (49235300)|STATEMENT_EXECUTE|[15]
14:28:16.0 (49280758)|VARIABLE_SCOPE_BEGIN|[15]|idQuote|Id|false|false
14:28:16.0 (49366647)|VARIABLE_ASSIGNMENT|[15]|idQuote|"0Q0f40000009eMtCAI"
14:28:16.0 (49373607)|STATEMENT_EXECUTE|[18]
14:28:16.0 (49381407)|HEAP_ALLOCATE|[18]|Bytes:14
14:28:16.0 (49389987)|HEAP_ALLOCATE|[18]|Bytes:13
14:28:16.0 (49447772)|HEAP_ALLOCATE|[EXTERNAL]|Bytes:12
14:28:16.0 (49544278)|HEAP_ALLOCATE|[18]|Bytes:12
14:28:16.0 (49558171)|VARIABLE_SCOPE_BEGIN|[18]|items|List<QuoteLineItem>|true|false
14:28:16.0 (49594946)|VARIABLE_ASSIGNMENT|[18]|items|[{"QuoteId":"0Q0f40000009bwtCAA","Id":"0QLf4000000sNKqGAM","PricebookEntryId":"01uf4000002Sio9AAC","Quantity":1.00,"Product2Id":"01tf4000001E5PCAA0","UnitPrice":5000.00},{"QuoteId":"0Q0f40000009bwtCAA","Id":"0QLf4000000sNKrGAM","PricebookEntryId":"01uf4000002SioGAAS","Quantity":3.00,"Product2Id":"01tf4000001E5PJAA0","UnitPrice":100000.00}]|0x742d35ff
14:28:16.0 (49844461)|HEAP_ALLOCATE|[20]|Bytes:5
14:28:16.0 (49868215)|HEAP_ALLOCATE|[20]|Bytes:28
14:28:16.0 (49879170)|VARIABLE_SCOPE_BEGIN|[20]|i|QuoteLineItem|true|false
14:28:16.0 (49896898)|VARIABLE_ASSIGNMENT|[20]|i|{"QuoteId":"0Q0f40000009bwtCAA","Id":"0QLf4000000sNKqGAM","PricebookEntryId":"01uf4000002Sio9AAC","Quantity":1.00,"Product2Id":"01tf4000001E5PCAA0","UnitPrice":5000.00}|0x13676fad
14:28:16.0 (49904712)|STATEMENT_EXECUTE|[20]
14:28:16.0 (49906557)|STATEMENT_EXECUTE|[21]
14:28:16.0 (49928956)|HEAP_ALLOCATE|[21]|Bytes:4
14:28:16.0 (50018977)|VARIABLE_SCOPE_BEGIN|[21]|ql|QuoteLineItem|true|false
14:28:16.0 (50036475)|VARIABLE_ASSIGNMENT|[21]|ql|{}|0x86a6606
14:28:16.0 (50045348)|STATEMENT_EXECUTE|[22]
14:28:16.0 (50122728)|VARIABLE_ASSIGNMENT|[22]|this.QuoteId|"0Q0f40000009eMtCAI"|0x86a6606
14:28:16.0 (50129942)|STATEMENT_EXECUTE|[23]
14:28:16.0 (50154417)|VARIABLE_ASSIGNMENT|[23]|this.Description|null|0x86a6606
14:28:16.0 (50160422)|STATEMENT_EXECUTE|[24]
14:28:16.0 (50177413)|VARIABLE_ASSIGNMENT|[24]|this.Discount|null|0x86a6606
14:28:16.0 (50183112)|STATEMENT_EXECUTE|[25]
14:28:16.0 (50207715)|VARIABLE_ASSIGNMENT|[25]|this.PricebookEntryId|"01uf4000002Sio9AAC"|0x86a6606
14:28:16.0 (50213914)|STATEMENT_EXECUTE|[26]
14:28:16.0 (50254139)|VARIABLE_ASSIGNMENT|[26]|this.Quantity|1.00|0x86a6606
14:28:16.0 (50260412)|STATEMENT_EXECUTE|[27]
14:28:16.0 (50282221)|VARIABLE_ASSIGNMENT|[27]|this.Product2Id|"01tf4000001E5PCAA0"|0x86a6606
14:28:16.0 (50288263)|STATEMENT_EXECUTE|[28]
14:28:16.0 (50310074)|VARIABLE_ASSIGNMENT|[28]|this.UnitPrice|5000.00|0x86a6606
14:28:16.0 (50316083)|STATEMENT_EXECUTE|[29]
14:28:16.0 (50343523)|HEAP_ALLOCATE|[29]|Bytes:8
14:28:16.0 (50355861)|DML_BEGIN|[29]|Op:Insert|Type:QuoteLineItem|Rows:1
14:28:16.0 (50395579)|HEAP_ALLOCATE|[EXTERNAL]|Bytes:8
14:28:16.0 (100710030)|DML_END|[29]
14:28:16.0 (100772906)|HEAP_ALLOCATE|[20]|Bytes:5
14:28:16.0 (100803814)|HEAP_ALLOCATE|[20]|Bytes:28
14:28:16.0 (100820172)|VARIABLE_SCOPE_BEGIN|[20]|i|QuoteLineItem|true|false
14:28:16.0 (100869697)|VARIABLE_ASSIGNMENT|[20]|i|{"QuoteId":"0Q0f40000009bwtCAA","Id":"0QLf4000000sNKrGAM","PricebookEntryId":"01uf4000002SioGAAS","Quantity":3.00,"Product2Id":"01tf4000001E5PJAA0","UnitPrice":100000.00}|0x14266b7d
14:28:16.0 (100880967)|STATEMENT_EXECUTE|[20]
14:28:16.0 (100883702)|STATEMENT_EXECUTE|[21]
14:28:16.0 (100905321)|HEAP_ALLOCATE|[21]|Bytes:4
14:28:16.0 (100927608)|VARIABLE_SCOPE_BEGIN|[21]|ql|QuoteLineItem|true|false
14:28:16.0 (100943324)|VARIABLE_ASSIGNMENT|[21]|ql|{}|0x8a7ebb8
14:28:16.0 (100949682)|STATEMENT_EXECUTE|[22]
14:28:16.0 (100995846)|VARIABLE_ASSIGNMENT|[22]|this.QuoteId|"0Q0f40000009eMtCAI"|0x8a7ebb8
14:28:16.0 (101002582)|STATEMENT_EXECUTE|[23]
14:28:16.0 (101026186)|VARIABLE_ASSIGNMENT|[23]|this.Description|null|0x8a7ebb8
14:28:16.0 (101031848)|STATEMENT_EXECUTE|[24]
14:28:16.0 (101046823)|VARIABLE_ASSIGNMENT|[24]|this.Discount|null|0x8a7ebb8
14:28:16.0 (101058978)|STATEMENT_EXECUTE|[25]
14:28:16.0 (101083371)|VARIABLE_ASSIGNMENT|[25]|this.PricebookEntryId|"01uf4000002SioGAAS"|0x8a7ebb8
14:28:16.0 (101089802)|STATEMENT_EXECUTE|[26]
14:28:16.0 (101117425)|VARIABLE_ASSIGNMENT|[26]|this.Quantity|3.00|0x8a7ebb8
14:28:16.0 (101122909)|STATEMENT_EXECUTE|[27]
14:28:16.0 (101140840)|VARIABLE_ASSIGNMENT|[27]|this.Product2Id|"01tf4000001E5PJAA0"|0x8a7ebb8
14:28:16.0 (101146534)|STATEMENT_EXECUTE|[28]
14:28:16.0 (101169384)|VARIABLE_ASSIGNMENT|[28]|this.UnitPrice|100000.00|0x8a7ebb8
14:28:16.0 (101175887)|STATEMENT_EXECUTE|[29]
14:28:16.0 (101189703)|HEAP_ALLOCATE|[29]|Bytes:8
14:28:16.0 (101202415)|DML_BEGIN|[29]|Op:Insert|Type:QuoteLineItem|Rows:1
14:28:16.0 (101237147)|HEAP_ALLOCATE|[EXTERNAL]|Bytes:8
14:28:16.0 (142328864)|DML_END|[29]
14:28:16.0 (142399839)|HEAP_ALLOCATE|[20]|Bytes:5
14:28:16.0 (142451614)|VARIABLE_ASSIGNMENT|[20]|i|null|
14:28:16.0 (142475587)|SYSTEM_MODE_EXIT|false
14:28:16.148 (148507362)|CUMULATIVE_LIMIT_USAGE
14:28:16.148 (148507362)|LIMIT_USAGE_FOR_NS|(default)|
  Number of SOQL queries: 1 out of 100
  Number of query rows: 3 out of 50000
  Number of SOSL queries: 0 out of 20
  Number of DML statements: 3 out of 150
  Number of DML rows: 3 out of 10000
  Maximum CPU time: 0 out of 10000
  Maximum heap size: 0 out of 6000000
  Number of callouts: 0 out of 100
  Number of Email Invocations: 0 out of 10
  Number of future calls: 0 out of 50
  Number of queueable jobs added to the queue: 0 out of 50
  Number of Mobile Apex push calls: 0 out of 10

14:28:16.148 (148507362)|CUMULATIVE_LIMIT_USAGE_END

14:28:16.0 (148556138)|CODE_UNIT_FINISHED|CloneQuote.cloneQuote
14:28:16.0 (148628513)|CODE_UNIT_FINISHED|Aura
14:28:16.0 (149510018)|EXECUTION_FINISHED
