42.0 APEX_CODE,FINEST;APEX_PROFILING,INFO;CALLOUT,INFO;DB,INFO;SYSTEM,DEBUG;VALIDATION,INFO;VISUALFORCE,INFO;WAVE,INFO;WORKFLOW,INFO
14:22:28.0 (63805)|USER_INFO|[EXTERNAL]|005f4000001uuP2|nmolinam@deloitte.com|Hora de Venezuela|GMT-04:00
14:22:28.0 (97338)|EXECUTION_STARTED
14:22:28.0 (101891)|CODE_UNIT_STARTED|[EXTERNAL]|Aura
14:22:28.0 (1466366)|CODE_UNIT_STARTED|[EXTERNAL]|01pf4000008WnsX|ViewQuotePDF.getPDF
14:22:28.0 (1701693)|HEAP_ALLOCATE|[72]|Bytes:3
14:22:28.0 (1761020)|HEAP_ALLOCATE|[77]|Bytes:152
14:22:28.0 (1783144)|HEAP_ALLOCATE|[342]|Bytes:408
14:22:28.0 (1803354)|HEAP_ALLOCATE|[355]|Bytes:408
14:22:28.0 (1821891)|HEAP_ALLOCATE|[467]|Bytes:48
14:22:28.0 (1857527)|HEAP_ALLOCATE|[139]|Bytes:6
14:22:28.0 (1942682)|HEAP_ALLOCATE|[EXTERNAL]|Bytes:7
14:22:28.0 (1952944)|HEAP_ALLOCATE|[EXTERNAL]|Bytes:8
14:22:28.0 (1967322)|METHOD_ENTRY|[1]|01pf4000008WnsX|ViewQuotePDF.ViewQuotePDF()
14:22:28.0 (1976679)|STATEMENT_EXECUTE|[1]
14:22:28.0 (1983954)|STATEMENT_EXECUTE|[1]
14:22:28.0 (2024144)|HEAP_ALLOCATE|[50]|Bytes:5
14:22:28.0 (2055266)|HEAP_ALLOCATE|[56]|Bytes:5
14:22:28.0 (2062748)|HEAP_ALLOCATE|[64]|Bytes:7
14:22:28.0 (2087330)|SYSTEM_MODE_ENTER|false
14:22:28.0 (2101968)|HEAP_ALLOCATE|[EXTERNAL]|Bytes:5
14:22:28.0 (2114800)|SYSTEM_MODE_EXIT|false
14:22:28.0 (2127675)|METHOD_EXIT|[1]|ViewQuotePDF
14:22:28.0 (2143059)|SYSTEM_MODE_ENTER|false
14:22:28.0 (2163415)|HEAP_ALLOCATE|[4]|Bytes:5
14:22:28.0 (2170639)|STATEMENT_EXECUTE|[3]
14:22:28.0 (2173117)|STATEMENT_EXECUTE|[4]
14:22:28.0 (2313351)|HEAP_ALLOCATE|[4]|Bytes:4
14:22:28.0 (2421334)|VARIABLE_SCOPE_BEGIN|[4]|quotes|List<Quote>|true|false
14:22:28.0 (2443444)|HEAP_ALLOCATE|[EXTERNAL]|Bytes:4
14:22:28.0 (2472998)|VARIABLE_ASSIGNMENT|[4]|quotes|[]|0xf3ccc31
14:22:28.0 (2482171)|STATEMENT_EXECUTE|[5]
14:22:28.0 (2489033)|VARIABLE_SCOPE_BEGIN|[5]|pfdBase64|String|false|false
14:22:28.0 (2504325)|VARIABLE_ASSIGNMENT|[5]|pfdBase64|null
14:22:28.0 (2511124)|STATEMENT_EXECUTE|[6]
14:22:28.0 (2531550)|VARIABLE_SCOPE_BEGIN|[6]|b|Blob|false|false
14:22:28.0 (2544698)|VARIABLE_ASSIGNMENT|[6]|b|null
14:22:28.0 (2554320)|HEAP_ALLOCATE|[8]|Bytes:22
14:22:28.0 (2575168)|HEAP_ALLOCATE|[8]|Bytes:4
14:22:28.0 (3238874)|SOQL_EXECUTE_BEGIN|[8]|Aggregations:0|SELECT Name FROM Quote
14:22:28.0 (5583448)|SOQL_EXECUTE_END|[8]|Rows:32
14:22:28.0 (5608999)|HEAP_ALLOCATE|[EXTERNAL]|Bytes:132
14:22:28.0 (5761516)|HEAP_ALLOCATE|[8]|Bytes:54
14:22:28.0 (5770327)|HEAP_ALLOCATE|[8]|Bytes:8
14:22:28.0 (5779935)|SYSTEM_METHOD_ENTRY|[7]|QueryLocatorIterator.QueryLocatorIterator()
14:22:28.0 (5784164)|STATEMENT_EXECUTE|[7]
14:22:28.0 (5791152)|SYSTEM_METHOD_EXIT|[7]|QueryLocatorIterator
14:22:28.0 (5798612)|HEAP_ALLOCATE|[8]|Bytes:28
14:22:28.0 (5833089)|HEAP_ALLOCATE|[8]|Bytes:132
14:22:28.0 (5847455)|HEAP_ALLOCATE|[8]|Bytes:8
14:22:28.0 (5851430)|HEAP_ALLOCATE|[8]|Bytes:8
14:22:28.0 (5857026)|VARIABLE_SCOPE_BEGIN|[15]|this|Database.QueryLocatorIterator|true|false
14:22:28.0 (5903157)|VARIABLE_ASSIGNMENT|[15]|this|{}|0x25f6cd6a
14:22:28.0 (5915186)|VARIABLE_SCOPE_BEGIN|[15]|values|List<SObject>|true|false
14:22:28.0 (5930398)|VARIABLE_ASSIGNMENT|[15]|values|"List of size 32 too large to display"|0x1dd149d4
14:22:28.0 (5935839)|VARIABLE_SCOPE_BEGIN|[15]|ql|Database.QueryLocator|true|false
14:22:28.0 (5955992)|VARIABLE_ASSIGNMENT|[15]|ql|{"query":"SELECT Name FROM Quo (2 more) ..."}|0x622697e2
14:22:28.0 (5962280)|VARIABLE_SCOPE_BEGIN|[15]|totalNumRecords|Integer|false|false
14:22:28.0 (5971300)|VARIABLE_ASSIGNMENT|[15]|totalNumRecords|32
14:22:28.0 (5975895)|VARIABLE_SCOPE_BEGIN|[15]|queryMoreSize|Integer|false|false
14:22:28.0 (5982371)|VARIABLE_ASSIGNMENT|[15]|queryMoreSize|49968
14:22:28.0 (6073228)|HEAP_ALLOCATE|[8]|Bytes:28
14:22:28.0 (6095215)|METHOD_ENTRY|[8]||Database.QueryLocatorIterator.hasNext()
14:22:28.0 (6141516)|METHOD_EXIT|[8]||Database.QueryLocatorIterator.hasNext()
14:22:28.0 (6149587)|METHOD_ENTRY|[8]||Database.QueryLocatorIterator.next()
14:22:28.0 (6219684)|METHOD_EXIT|[8]||Database.QueryLocatorIterator.next()
14:22:28.0 (6227916)|VARIABLE_SCOPE_BEGIN|[8]|q|Quote|true|false
14:22:28.0 (6243801)|VARIABLE_ASSIGNMENT|[8]|q|{"Name":"QUOTE 2","Id":"0Q0f40000009lJECAY"}|0x1bbecf7d
14:22:28.0 (6250646)|STATEMENT_EXECUTE|[8]
14:22:28.0 (6252528)|STATEMENT_EXECUTE|[9]
14:22:28.0 (6280572)|HEAP_ALLOCATE|[EXTERNAL]|Bytes:4
14:22:28.0 (6291271)|METHOD_ENTRY|[8]||Database.QueryLocatorIterator.hasNext()
14:22:28.0 (6308302)|METHOD_EXIT|[8]||Database.QueryLocatorIterator.hasNext()
14:22:28.0 (6313347)|METHOD_ENTRY|[8]||Database.QueryLocatorIterator.next()
14:22:28.0 (6354465)|METHOD_EXIT|[8]||Database.QueryLocatorIterator.next()
14:22:28.0 (6360522)|VARIABLE_SCOPE_BEGIN|[8]|q|Quote|true|false
14:22:28.0 (6372834)|VARIABLE_ASSIGNMENT|[8]|q|{"Name":"first quote","Id":"0Q0f40000009lJYCAY"}|0xcb6ba37
14:22:28.0 (6378301)|STATEMENT_EXECUTE|[8]
14:22:28.0 (6379925)|STATEMENT_EXECUTE|[9]
14:22:28.0 (6385353)|HEAP_ALLOCATE|[EXTERNAL]|Bytes:4
14:22:28.0 (6392700)|METHOD_ENTRY|[8]||Database.QueryLocatorIterator.hasNext()
14:22:28.0 (6407738)|METHOD_EXIT|[8]||Database.QueryLocatorIterator.hasNext()
14:22:28.0 (6412145)|METHOD_ENTRY|[8]||Database.QueryLocatorIterator.next()
14:22:28.0 (6448583)|METHOD_EXIT|[8]||Database.QueryLocatorIterator.next()
14:22:28.0 (6454058)|VARIABLE_SCOPE_BEGIN|[8]|q|Quote|true|false
14:22:28.0 (6464845)|VARIABLE_ASSIGNMENT|[8]|q|{"Name":"first quote","Id":"0Q0f40000009lJJCAY"}|0x5a79b5c4
14:22:28.0 (6470489)|STATEMENT_EXECUTE|[8]
14:22:28.0 (6471992)|STATEMENT_EXECUTE|[9]
14:22:28.0 (6476880)|HEAP_ALLOCATE|[EXTERNAL]|Bytes:4
14:22:28.0 (6483437)|METHOD_ENTRY|[8]||Database.QueryLocatorIterator.hasNext()
14:22:28.0 (6497510)|METHOD_EXIT|[8]||Database.QueryLocatorIterator.hasNext()
14:22:28.0 (6501898)|METHOD_ENTRY|[8]||Database.QueryLocatorIterator.next()
14:22:28.0 (6536986)|METHOD_EXIT|[8]||Database.QueryLocatorIterator.next()
14:22:28.0 (6542133)|VARIABLE_SCOPE_BEGIN|[8]|q|Quote|true|false
14:22:28.0 (6553172)|VARIABLE_ASSIGNMENT|[8]|q|{"Name":"first quote","Id":"0Q0f40000009lJOCAY"}|0x54b344a9
14:22:28.0 (6558515)|STATEMENT_EXECUTE|[8]
14:22:28.0 (6560396)|STATEMENT_EXECUTE|[9]
14:22:28.0 (6565012)|HEAP_ALLOCATE|[EXTERNAL]|Bytes:4
14:22:28.0 (6571401)|METHOD_ENTRY|[8]||Database.QueryLocatorIterator.hasNext()
14:22:28.0 (6585760)|METHOD_EXIT|[8]||Database.QueryLocatorIterator.hasNext()
14:22:28.0 (6589920)|METHOD_ENTRY|[8]||Database.QueryLocatorIterator.next()
14:22:28.0 (6630693)|METHOD_EXIT|[8]||Database.QueryLocatorIterator.next()
14:22:28.0 (6636146)|VARIABLE_SCOPE_BEGIN|[8]|q|Quote|true|false
14:22:28.0 (6646649)|VARIABLE_ASSIGNMENT|[8]|q|{"Name":"first quote","Id":"0Q0f40000009lelCAA"}|0x399bac65
14:22:28.0 (6651614)|STATEMENT_EXECUTE|[8]
14:22:28.0 (6653110)|STATEMENT_EXECUTE|[9]
14:22:28.0 (6657972)|HEAP_ALLOCATE|[EXTERNAL]|Bytes:4
14:22:28.0 (6664678)|METHOD_ENTRY|[8]||Database.QueryLocatorIterator.hasNext()
14:22:28.0 (6680220)|METHOD_EXIT|[8]||Database.QueryLocatorIterator.hasNext()
14:22:28.0 (6686310)|METHOD_ENTRY|[8]||Database.QueryLocatorIterator.next()
14:22:28.0 (6721836)|METHOD_EXIT|[8]||Database.QueryLocatorIterator.next()
14:22:28.0 (6726980)|VARIABLE_SCOPE_BEGIN|[8]|q|Quote|true|false
14:22:28.0 (6736985)|VARIABLE_ASSIGNMENT|[8]|q|{"Name":"first quote","Id":"0Q0f40000009lemCAA"}|0xc5de63
14:22:28.0 (6742310)|STATEMENT_EXECUTE|[8]
14:22:28.0 (6743821)|STATEMENT_EXECUTE|[9]
14:22:28.0 (6748484)|HEAP_ALLOCATE|[EXTERNAL]|Bytes:4
14:22:28.0 (6754953)|METHOD_ENTRY|[8]||Database.QueryLocatorIterator.hasNext()
14:22:28.0 (6768861)|METHOD_EXIT|[8]||Database.QueryLocatorIterator.hasNext()
14:22:28.0 (6773452)|METHOD_ENTRY|[8]||Database.QueryLocatorIterator.next()
14:22:28.0 (6807481)|METHOD_EXIT|[8]||Database.QueryLocatorIterator.next()
14:22:28.0 (6813139)|VARIABLE_SCOPE_BEGIN|[8]|q|Quote|true|false
14:22:28.0 (6823578)|VARIABLE_ASSIGNMENT|[8]|q|{"Name":"first quote","Id":"0Q0f40000009VVICA2"}|0x17058c2a
14:22:28.0 (6828648)|STATEMENT_EXECUTE|[8]
14:22:28.0 (6830283)|STATEMENT_EXECUTE|[9]
14:22:28.0 (6835054)|HEAP_ALLOCATE|[EXTERNAL]|Bytes:4
14:22:28.0 (6841511)|METHOD_ENTRY|[8]||Database.QueryLocatorIterator.hasNext()
14:22:28.0 (6855480)|METHOD_EXIT|[8]||Database.QueryLocatorIterator.hasNext()
14:22:28.0 (6859945)|METHOD_ENTRY|[8]||Database.QueryLocatorIterator.next()
14:22:28.0 (6894402)|METHOD_EXIT|[8]||Database.QueryLocatorIterator.next()
14:22:28.0 (6899697)|VARIABLE_SCOPE_BEGIN|[8]|q|Quote|true|false
14:22:28.0 (6910092)|VARIABLE_ASSIGNMENT|[8]|q|{"Name":"QUOTE 2","Id":"0Q0f40000009e7gCAA"}|0x595d046f
14:22:28.0 (6915255)|STATEMENT_EXECUTE|[8]
14:22:28.0 (6916699)|STATEMENT_EXECUTE|[9]
14:22:28.0 (6921245)|HEAP_ALLOCATE|[EXTERNAL]|Bytes:4
14:22:28.0 (6927715)|METHOD_ENTRY|[8]||Database.QueryLocatorIterator.hasNext()
14:22:28.0 (6941680)|METHOD_EXIT|[8]||Database.QueryLocatorIterator.hasNext()
14:22:28.0 (6945780)|METHOD_ENTRY|[8]||Database.QueryLocatorIterator.next()
14:22:28.0 (6980478)|METHOD_EXIT|[8]||Database.QueryLocatorIterator.next()
14:22:28.0 (6985560)|VARIABLE_SCOPE_BEGIN|[8]|q|Quote|true|false
14:22:28.0 (6995756)|VARIABLE_ASSIGNMENT|[8]|q|{"Name":"QUOTE 2","Id":"0Q0f40000009kLKCAY"}|0x3dc173a5
14:22:28.0 (7000939)|STATEMENT_EXECUTE|[8]
14:22:28.0 (7002955)|STATEMENT_EXECUTE|[9]
14:22:28.0 (7007548)|HEAP_ALLOCATE|[EXTERNAL]|Bytes:4
14:22:28.0 (7013852)|METHOD_ENTRY|[8]||Database.QueryLocatorIterator.hasNext()
14:22:28.0 (7027836)|METHOD_EXIT|[8]||Database.QueryLocatorIterator.hasNext()
14:22:28.0 (7032249)|METHOD_ENTRY|[8]||Database.QueryLocatorIterator.next()
14:22:28.0 (7066065)|METHOD_EXIT|[8]||Database.QueryLocatorIterator.next()
14:22:28.0 (7071177)|VARIABLE_SCOPE_BEGIN|[8]|q|Quote|true|false
14:22:28.0 (7081110)|VARIABLE_ASSIGNMENT|[8]|q|{"Name":"QUOTE 2","Id":"0Q0f40000009kLLCAY"}|0x135984b8
14:22:28.0 (7086456)|STATEMENT_EXECUTE|[8]
14:22:28.0 (7087915)|STATEMENT_EXECUTE|[9]
14:22:28.0 (7092522)|HEAP_ALLOCATE|[EXTERNAL]|Bytes:4
14:22:28.0 (7099416)|METHOD_ENTRY|[8]||Database.QueryLocatorIterator.hasNext()
14:22:28.0 (7113086)|METHOD_EXIT|[8]||Database.QueryLocatorIterator.hasNext()
14:22:28.0 (7117523)|METHOD_ENTRY|[8]||Database.QueryLocatorIterator.next()
14:22:28.0 (7150790)|METHOD_EXIT|[8]||Database.QueryLocatorIterator.next()
14:22:28.0 (7156218)|VARIABLE_SCOPE_BEGIN|[8]|q|Quote|true|false
14:22:28.0 (7165857)|VARIABLE_ASSIGNMENT|[8]|q|{"Name":"QUOTE 2","Id":"0Q0f40000009kLeCAI"}|0x28862e25
14:22:28.0 (7170834)|STATEMENT_EXECUTE|[8]
14:22:28.0 (7172336)|STATEMENT_EXECUTE|[9]
14:22:28.0 (7176995)|HEAP_ALLOCATE|[EXTERNAL]|Bytes:4
14:22:28.0 (7183679)|METHOD_ENTRY|[8]||Database.QueryLocatorIterator.hasNext()
14:22:28.0 (7197753)|METHOD_EXIT|[8]||Database.QueryLocatorIterator.hasNext()
14:22:28.0 (7202461)|METHOD_ENTRY|[8]||Database.QueryLocatorIterator.next()
14:22:28.0 (7236197)|METHOD_EXIT|[8]||Database.QueryLocatorIterator.next()
14:22:28.0 (7241218)|VARIABLE_SCOPE_BEGIN|[8]|q|Quote|true|false
14:22:28.0 (7250695)|VARIABLE_ASSIGNMENT|[8]|q|{"Name":"QUOTE 2","Id":"0Q0f40000009kLfCAI"}|0x19492926
14:22:28.0 (7255686)|STATEMENT_EXECUTE|[8]
14:22:28.0 (7257127)|STATEMENT_EXECUTE|[9]
14:22:28.0 (7261706)|HEAP_ALLOCATE|[EXTERNAL]|Bytes:4
14:22:28.0 (7268619)|METHOD_ENTRY|[8]||Database.QueryLocatorIterator.hasNext()
14:22:28.0 (7283126)|METHOD_EXIT|[8]||Database.QueryLocatorIterator.hasNext()
14:22:28.0 (7289187)|METHOD_ENTRY|[8]||Database.QueryLocatorIterator.next()
14:22:28.0 (7326351)|METHOD_EXIT|[8]||Database.QueryLocatorIterator.next()
14:22:28.0 (7331369)|VARIABLE_SCOPE_BEGIN|[8]|q|Quote|true|false
14:22:28.0 (7341626)|VARIABLE_ASSIGNMENT|[8]|q|{"Name":"QUOTE 2","Id":"0Q0f40000009kMDCAY"}|0x2f233df1
14:22:28.0 (7346516)|STATEMENT_EXECUTE|[8]
14:22:28.0 (7347945)|STATEMENT_EXECUTE|[9]
14:22:28.0 (7352697)|HEAP_ALLOCATE|[EXTERNAL]|Bytes:4
14:22:28.0 (7359248)|METHOD_ENTRY|[8]||Database.QueryLocatorIterator.hasNext()
14:22:28.0 (7373004)|METHOD_EXIT|[8]||Database.QueryLocatorIterator.hasNext()
14:22:28.0 (7377079)|METHOD_ENTRY|[8]||Database.QueryLocatorIterator.next()
14:22:28.0 (7411284)|METHOD_EXIT|[8]||Database.QueryLocatorIterator.next()
14:22:28.0 (7416213)|VARIABLE_SCOPE_BEGIN|[8]|q|Quote|true|false
14:22:28.0 (7426314)|VARIABLE_ASSIGNMENT|[8]|q|{"Name":"QUOTE 2","Id":"0Q0f40000009kLtCAI"}|0x700010e9
14:22:28.0 (7431520)|STATEMENT_EXECUTE|[8]
14:22:28.0 (7433162)|STATEMENT_EXECUTE|[9]
14:22:28.0 (7437827)|HEAP_ALLOCATE|[EXTERNAL]|Bytes:4
14:22:28.0 (7444329)|METHOD_ENTRY|[8]||Database.QueryLocatorIterator.hasNext()
14:22:28.0 (7457764)|METHOD_EXIT|[8]||Database.QueryLocatorIterator.hasNext()
14:22:28.0 (7461794)|METHOD_ENTRY|[8]||Database.QueryLocatorIterator.next()
14:22:28.0 (7496017)|METHOD_EXIT|[8]||Database.QueryLocatorIterator.next()
14:22:28.0 (7500889)|VARIABLE_SCOPE_BEGIN|[8]|q|Quote|true|false
14:22:28.0 (7510694)|VARIABLE_ASSIGNMENT|[8]|q|{"Name":"QUOTE 2","Id":"0Q0f40000009kLuCAI"}|0x69eeffca
14:22:28.0 (7515965)|STATEMENT_EXECUTE|[8]
14:22:28.0 (7517410)|STATEMENT_EXECUTE|[9]
14:22:28.0 (7522024)|HEAP_ALLOCATE|[EXTERNAL]|Bytes:4
14:22:28.0 (7528404)|METHOD_ENTRY|[8]||Database.QueryLocatorIterator.hasNext()
14:22:28.0 (7542214)|METHOD_EXIT|[8]||Database.QueryLocatorIterator.hasNext()
14:22:28.0 (7546341)|METHOD_ENTRY|[8]||Database.QueryLocatorIterator.next()
14:22:28.0 (7579999)|METHOD_EXIT|[8]||Database.QueryLocatorIterator.next()
14:22:28.0 (7584636)|VARIABLE_SCOPE_BEGIN|[8]|q|Quote|true|false
14:22:28.0 (7594384)|VARIABLE_ASSIGNMENT|[8]|q|{"Name":"QUOTE 2","Id":"0Q0f40000009kLACAY"}|0x393efbc8
14:22:28.0 (7599795)|STATEMENT_EXECUTE|[8]
14:22:28.0 (7601249)|STATEMENT_EXECUTE|[9]
14:22:28.0 (7609540)|HEAP_ALLOCATE|[EXTERNAL]|Bytes:4
14:22:28.0 (7616415)|METHOD_ENTRY|[8]||Database.QueryLocatorIterator.hasNext()
14:22:28.0 (7630689)|METHOD_EXIT|[8]||Database.QueryLocatorIterator.hasNext()
14:22:28.0 (7634888)|METHOD_ENTRY|[8]||Database.QueryLocatorIterator.next()
14:22:28.0 (7669202)|METHOD_EXIT|[8]||Database.QueryLocatorIterator.next()
14:22:28.0 (7673990)|VARIABLE_SCOPE_BEGIN|[8]|q|Quote|true|false
14:22:28.0 (7685741)|VARIABLE_ASSIGNMENT|[8]|q|{"Name":"QUOTE 2","Id":"0Q0f40000009kM3CAI"}|0xf4485ab
14:22:28.0 (7690907)|STATEMENT_EXECUTE|[8]
14:22:28.0 (7692640)|STATEMENT_EXECUTE|[9]
14:22:28.0 (7697694)|HEAP_ALLOCATE|[EXTERNAL]|Bytes:4
14:22:28.0 (7704107)|METHOD_ENTRY|[8]||Database.QueryLocatorIterator.hasNext()
14:22:28.0 (7718240)|METHOD_EXIT|[8]||Database.QueryLocatorIterator.hasNext()
14:22:28.0 (7722139)|METHOD_ENTRY|[8]||Database.QueryLocatorIterator.next()
14:22:28.0 (7756645)|METHOD_EXIT|[8]||Database.QueryLocatorIterator.next()
14:22:28.0 (7761532)|VARIABLE_SCOPE_BEGIN|[8]|q|Quote|true|false
14:22:28.0 (7770947)|VARIABLE_ASSIGNMENT|[8]|q|{"Name":"QUOTE 2","Id":"0Q0f40000009kMNCAY"}|0x7f334bf2
14:22:28.0 (7775880)|STATEMENT_EXECUTE|[8]
14:22:28.0 (7777367)|STATEMENT_EXECUTE|[9]
14:22:28.0 (7782057)|HEAP_ALLOCATE|[EXTERNAL]|Bytes:4
14:22:28.0 (7788461)|METHOD_ENTRY|[8]||Database.QueryLocatorIterator.hasNext()
14:22:28.0 (7801996)|METHOD_EXIT|[8]||Database.QueryLocatorIterator.hasNext()
14:22:28.0 (7806231)|METHOD_ENTRY|[8]||Database.QueryLocatorIterator.next()
14:22:28.0 (7840140)|METHOD_EXIT|[8]||Database.QueryLocatorIterator.next()
14:22:28.0 (7845044)|VARIABLE_SCOPE_BEGIN|[8]|q|Quote|true|false
14:22:28.0 (7854419)|VARIABLE_ASSIGNMENT|[8]|q|{"Name":"QUOTE 2","Id":"0Q0f40000009kMICAY"}|0x61bdfb71
14:22:28.0 (7859595)|STATEMENT_EXECUTE|[8]
14:22:28.0 (7861048)|STATEMENT_EXECUTE|[9]
14:22:28.0 (7865573)|HEAP_ALLOCATE|[EXTERNAL]|Bytes:4
14:22:28.0 (7871679)|METHOD_ENTRY|[8]||Database.QueryLocatorIterator.hasNext()
14:22:28.0 (7885404)|METHOD_EXIT|[8]||Database.QueryLocatorIterator.hasNext()
14:22:28.0 (7889732)|METHOD_ENTRY|[8]||Database.QueryLocatorIterator.next()
14:22:28.0 (7923715)|METHOD_EXIT|[8]||Database.QueryLocatorIterator.next()
14:22:28.0 (7928599)|VARIABLE_SCOPE_BEGIN|[8]|q|Quote|true|false
14:22:28.0 (7938099)|VARIABLE_ASSIGNMENT|[8]|q|{"Name":"QUOTE 2","Id":"0Q0f40000009kMJCAY"}|0x2f93bc35
14:22:28.0 (7943067)|STATEMENT_EXECUTE|[8]
14:22:28.0 (7944519)|STATEMENT_EXECUTE|[9]
14:22:28.0 (7949160)|HEAP_ALLOCATE|[EXTERNAL]|Bytes:4
14:22:28.0 (7955658)|METHOD_ENTRY|[8]||Database.QueryLocatorIterator.hasNext()
14:22:28.0 (7970510)|METHOD_EXIT|[8]||Database.QueryLocatorIterator.hasNext()
14:22:28.0 (7974683)|METHOD_ENTRY|[8]||Database.QueryLocatorIterator.next()
14:22:28.0 (8008513)|METHOD_EXIT|[8]||Database.QueryLocatorIterator.next()
14:22:28.0 (8014000)|VARIABLE_SCOPE_BEGIN|[8]|q|Quote|true|false
14:22:28.0 (8023527)|VARIABLE_ASSIGNMENT|[8]|q|{"Name":"QUOTE 2","Id":"0Q0f40000009kKvCAI"}|0x4510db1
14:22:28.0 (8028521)|STATEMENT_EXECUTE|[8]
14:22:28.0 (8029962)|STATEMENT_EXECUTE|[9]
14:22:28.0 (8034565)|HEAP_ALLOCATE|[EXTERNAL]|Bytes:4
14:22:28.0 (8041116)|METHOD_ENTRY|[8]||Database.QueryLocatorIterator.hasNext()
14:22:28.0 (8055754)|METHOD_EXIT|[8]||Database.QueryLocatorIterator.hasNext()
14:22:28.0 (8059958)|METHOD_ENTRY|[8]||Database.QueryLocatorIterator.next()
14:22:28.0 (8093161)|METHOD_EXIT|[8]||Database.QueryLocatorIterator.next()
14:22:28.0 (8098129)|VARIABLE_SCOPE_BEGIN|[8]|q|Quote|true|false
14:22:28.0 (8107637)|VARIABLE_ASSIGNMENT|[8]|q|{"Name":"QUOTE 2","Id":"0Q0f40000009kKqCAI"}|0x61d8aa12
14:22:28.0 (8112742)|STATEMENT_EXECUTE|[8]
14:22:28.0 (8114175)|STATEMENT_EXECUTE|[9]
14:22:28.0 (8118706)|HEAP_ALLOCATE|[EXTERNAL]|Bytes:4
14:22:28.0 (8124997)|METHOD_ENTRY|[8]||Database.QueryLocatorIterator.hasNext()
14:22:28.0 (8139112)|METHOD_EXIT|[8]||Database.QueryLocatorIterator.hasNext()
14:22:28.0 (8143236)|METHOD_ENTRY|[8]||Database.QueryLocatorIterator.next()
14:22:28.0 (8177117)|METHOD_EXIT|[8]||Database.QueryLocatorIterator.next()
14:22:28.0 (8181956)|VARIABLE_SCOPE_BEGIN|[8]|q|Quote|true|false
14:22:28.0 (8191789)|VARIABLE_ASSIGNMENT|[8]|q|{"Name":"QUOTE 2","Id":"0Q0f40000009kKWCAY"}|0x6fb0b32b
14:22:28.0 (8197042)|STATEMENT_EXECUTE|[8]
14:22:28.0 (8198462)|STATEMENT_EXECUTE|[9]
14:22:28.0 (8203248)|HEAP_ALLOCATE|[EXTERNAL]|Bytes:4
14:22:28.0 (8209685)|METHOD_ENTRY|[8]||Database.QueryLocatorIterator.hasNext()
14:22:28.0 (8227710)|METHOD_EXIT|[8]||Database.QueryLocatorIterator.hasNext()
14:22:28.0 (8231806)|METHOD_ENTRY|[8]||Database.QueryLocatorIterator.next()
14:22:28.0 (8266361)|METHOD_EXIT|[8]||Database.QueryLocatorIterator.next()
14:22:28.0 (8271404)|VARIABLE_SCOPE_BEGIN|[8]|q|Quote|true|false
14:22:28.0 (8281720)|VARIABLE_ASSIGNMENT|[8]|q|{"Name":"QUOTE 2","Id":"0Q0f40000009kL0CAI"}|0x5d70d8fc
14:22:28.0 (8286748)|STATEMENT_EXECUTE|[8]
14:22:28.0 (8288266)|STATEMENT_EXECUTE|[9]
14:22:28.0 (8293005)|HEAP_ALLOCATE|[EXTERNAL]|Bytes:4
14:22:28.0 (8299475)|METHOD_ENTRY|[8]||Database.QueryLocatorIterator.hasNext()
14:22:28.0 (8313660)|METHOD_EXIT|[8]||Database.QueryLocatorIterator.hasNext()
14:22:28.0 (8317672)|METHOD_ENTRY|[8]||Database.QueryLocatorIterator.next()
14:22:28.0 (8358230)|METHOD_EXIT|[8]||Database.QueryLocatorIterator.next()
14:22:28.0 (8365666)|VARIABLE_SCOPE_BEGIN|[8]|q|Quote|true|false
14:22:28.0 (8376719)|VARIABLE_ASSIGNMENT|[8]|q|{"Name":"QUOTE 2","Id":"0Q0f40000009kLyCAI"}|0x51407a66
14:22:28.0 (8382468)|STATEMENT_EXECUTE|[8]
14:22:28.0 (8384010)|STATEMENT_EXECUTE|[9]
14:22:28.0 (8389375)|HEAP_ALLOCATE|[EXTERNAL]|Bytes:4
14:22:28.0 (8396168)|METHOD_ENTRY|[8]||Database.QueryLocatorIterator.hasNext()
14:22:28.0 (8410937)|METHOD_EXIT|[8]||Database.QueryLocatorIterator.hasNext()
14:22:28.0 (8415123)|METHOD_ENTRY|[8]||Database.QueryLocatorIterator.next()
14:22:28.0 (8451073)|METHOD_EXIT|[8]||Database.QueryLocatorIterator.next()
14:22:28.0 (8455890)|VARIABLE_SCOPE_BEGIN|[8]|q|Quote|true|false
14:22:28.0 (8465988)|VARIABLE_ASSIGNMENT|[8]|q|{"Name":"QUOTE 2","Id":"0Q0f40000009kM8CAI"}|0x756cd266
14:22:28.0 (8470956)|STATEMENT_EXECUTE|[8]
14:22:28.0 (8472393)|STATEMENT_EXECUTE|[9]
14:22:28.0 (8477085)|HEAP_ALLOCATE|[EXTERNAL]|Bytes:4
14:22:28.0 (8483522)|METHOD_ENTRY|[8]||Database.QueryLocatorIterator.hasNext()
14:22:28.0 (8497359)|METHOD_EXIT|[8]||Database.QueryLocatorIterator.hasNext()
14:22:28.0 (8501401)|METHOD_ENTRY|[8]||Database.QueryLocatorIterator.next()
14:22:28.0 (8535280)|METHOD_EXIT|[8]||Database.QueryLocatorIterator.next()
14:22:28.0 (8540045)|VARIABLE_SCOPE_BEGIN|[8]|q|Quote|true|false
14:22:28.0 (8549288)|VARIABLE_ASSIGNMENT|[8]|q|{"Name":"QUOTE 2","Id":"0Q0f40000009kLZCAY"}|0x1faf1e0b
14:22:28.0 (8554936)|STATEMENT_EXECUTE|[8]
14:22:28.0 (8556755)|STATEMENT_EXECUTE|[9]
14:22:28.0 (8561584)|HEAP_ALLOCATE|[EXTERNAL]|Bytes:4
14:22:28.0 (8567661)|METHOD_ENTRY|[8]||Database.QueryLocatorIterator.hasNext()
14:22:28.0 (8581529)|METHOD_EXIT|[8]||Database.QueryLocatorIterator.hasNext()
14:22:28.0 (8586061)|METHOD_ENTRY|[8]||Database.QueryLocatorIterator.next()
14:22:28.0 (8623813)|METHOD_EXIT|[8]||Database.QueryLocatorIterator.next()
14:22:28.0 (8629110)|VARIABLE_SCOPE_BEGIN|[8]|q|Quote|true|false
14:22:28.0 (8638565)|VARIABLE_ASSIGNMENT|[8]|q|{"Name":"QUOTE 2","Id":"0Q0f40000009kLaCAI"}|0x4443823a
14:22:28.0 (8643343)|STATEMENT_EXECUTE|[8]
14:22:28.0 (8644795)|STATEMENT_EXECUTE|[9]
14:22:28.0 (8649588)|HEAP_ALLOCATE|[EXTERNAL]|Bytes:4
14:22:28.0 (8655990)|METHOD_ENTRY|[8]||Database.QueryLocatorIterator.hasNext()
14:22:28.0 (8669761)|METHOD_EXIT|[8]||Database.QueryLocatorIterator.hasNext()
14:22:28.0 (8673957)|METHOD_ENTRY|[8]||Database.QueryLocatorIterator.next()
14:22:28.0 (8710434)|METHOD_EXIT|[8]||Database.QueryLocatorIterator.next()
14:22:28.0 (8715356)|VARIABLE_SCOPE_BEGIN|[8]|q|Quote|true|false
14:22:28.0 (8724619)|VARIABLE_ASSIGNMENT|[8]|q|{"Name":"QUOTE 2","Id":"0Q0f40000009kLUCAY"}|0x1602439e
14:22:28.0 (8729503)|STATEMENT_EXECUTE|[8]
14:22:28.0 (8730971)|STATEMENT_EXECUTE|[9]
14:22:28.0 (8735678)|HEAP_ALLOCATE|[EXTERNAL]|Bytes:4
14:22:28.0 (8742029)|METHOD_ENTRY|[8]||Database.QueryLocatorIterator.hasNext()
14:22:28.0 (8755808)|METHOD_EXIT|[8]||Database.QueryLocatorIterator.hasNext()
14:22:28.0 (8760062)|METHOD_ENTRY|[8]||Database.QueryLocatorIterator.next()
14:22:28.0 (8793136)|METHOD_EXIT|[8]||Database.QueryLocatorIterator.next()
14:22:28.0 (8798067)|VARIABLE_SCOPE_BEGIN|[8]|q|Quote|true|false
14:22:28.0 (8807703)|VARIABLE_ASSIGNMENT|[8]|q|{"Name":"QUOTE 2","Id":"0Q0f40000009kLFCAY"}|0x5ee5cda
14:22:28.0 (8812683)|STATEMENT_EXECUTE|[8]
14:22:28.0 (8814130)|STATEMENT_EXECUTE|[9]
14:22:28.0 (8818777)|HEAP_ALLOCATE|[EXTERNAL]|Bytes:4
14:22:28.0 (8825282)|METHOD_ENTRY|[8]||Database.QueryLocatorIterator.hasNext()
14:22:28.0 (8839054)|METHOD_EXIT|[8]||Database.QueryLocatorIterator.hasNext()
14:22:28.0 (8843492)|METHOD_ENTRY|[8]||Database.QueryLocatorIterator.next()
14:22:28.0 (8877144)|METHOD_EXIT|[8]||Database.QueryLocatorIterator.next()
14:22:28.0 (8882326)|VARIABLE_SCOPE_BEGIN|[8]|q|Quote|true|false
14:22:28.0 (8891688)|VARIABLE_ASSIGNMENT|[8]|q|{"Name":"QUOTE 2","Id":"0Q0f40000009kLoCAI"}|0x6256452a
14:22:28.0 (8896689)|STATEMENT_EXECUTE|[8]
14:22:28.0 (8898124)|STATEMENT_EXECUTE|[9]
14:22:28.0 (8902831)|HEAP_ALLOCATE|[EXTERNAL]|Bytes:4
14:22:28.0 (8909073)|METHOD_ENTRY|[8]||Database.QueryLocatorIterator.hasNext()
14:22:28.0 (8923142)|METHOD_EXIT|[8]||Database.QueryLocatorIterator.hasNext()
14:22:28.0 (8927359)|METHOD_ENTRY|[8]||Database.QueryLocatorIterator.next()
14:22:28.0 (8964722)|METHOD_EXIT|[8]||Database.QueryLocatorIterator.next()
14:22:28.0 (8969730)|VARIABLE_SCOPE_BEGIN|[8]|q|Quote|true|false
14:22:28.0 (8979209)|VARIABLE_ASSIGNMENT|[8]|q|{"Name":"QUOTE 2","Id":"0Q0f40000009kMSCAY"}|0x3adc5908
14:22:28.0 (8984584)|STATEMENT_EXECUTE|[8]
14:22:28.0 (8986020)|STATEMENT_EXECUTE|[9]
14:22:28.0 (8990653)|HEAP_ALLOCATE|[EXTERNAL]|Bytes:4
14:22:28.0 (8996885)|METHOD_ENTRY|[8]||Database.QueryLocatorIterator.hasNext()
14:22:28.0 (9006772)|METHOD_EXIT|[8]||Database.QueryLocatorIterator.hasNext()
14:22:28.0 (9013755)|VARIABLE_ASSIGNMENT|[8]|q|null|
14:22:28.0 (9049558)|STATEMENT_EXECUTE|[14]
14:22:28.0 (9155831)|HEAP_ALLOCATE|[15]|Bytes:5
14:22:28.0 (9170130)|HEAP_ALLOCATE|[15]|Bytes:12
14:22:28.0 (9176634)|VARIABLE_SCOPE_BEGIN|[15]|q|Quote|true|false
14:22:28.0 (9187824)|VARIABLE_ASSIGNMENT|[15]|q|{"Name":"QUOTE 2","Id":"0Q0f40000009lJECAY"}|0x1bbecf7d
14:22:28.0 (9194978)|STATEMENT_EXECUTE|[15]
14:22:28.0 (9197106)|STATEMENT_EXECUTE|[16]
14:22:28.0 (9200310)|HEAP_ALLOCATE|[16]|Bytes:20
14:22:28.0 (9251045)|HEAP_ALLOCATE|[16]|Bytes:27
14:22:28.0 (9280168)|USER_DEBUG|[16]|DEBUG|nombre de la quote: QUOTE 2
14:22:28.0 (9288643)|STATEMENT_EXECUTE|[17]
14:22:28.0 (9296304)|METHOD_ENTRY|[17]|01pf4000008WnsX|ViewQuotePDF.StringPDF(Quote)
14:22:28.0 (9307271)|VARIABLE_SCOPE_BEGIN|[35]|quote|Quote|true|false
14:22:28.0 (9318897)|VARIABLE_ASSIGNMENT|[35]|quote|{"Name":"QUOTE 2","Id":"0Q0f40000009lJECAY"}|0x1bbecf7d
14:22:28.0 (9334344)|HEAP_ALLOCATE|[37]|Bytes:5
14:22:28.0 (9339206)|STATEMENT_EXECUTE|[35]
14:22:28.0 (9340879)|STATEMENT_EXECUTE|[36]
14:22:28.0 (9343522)|HEAP_ALLOCATE|[37]|Bytes:5
14:22:28.0 (9351990)|HEAP_ALLOCATE|[37]|Bytes:6
14:22:28.0 (9360715)|HEAP_ALLOCATE|[37]|Bytes:18
14:22:28.0 (9369539)|METHOD_EXIT|[17]|01pf4000008WnsX|ViewQuotePDF.StringPDF(Quote)
14:22:28.0 (10288879)|HEAP_ALLOCATE|[17]|Bytes:4
14:22:28.0 (10323078)|VARIABLE_ASSIGNMENT|[17]|b|BLOB(882 bytes)
14:22:28.0 (10340693)|HEAP_ALLOCATE|[15]|Bytes:5
14:22:28.0 (10353696)|HEAP_ALLOCATE|[15]|Bytes:12
14:22:28.0 (10361370)|VARIABLE_SCOPE_BEGIN|[15]|q|Quote|true|false
14:22:28.0 (10376506)|VARIABLE_ASSIGNMENT|[15]|q|{"Name":"first quote","Id":"0Q0f40000009lJYCAY"}|0xcb6ba37
14:22:28.0 (10384720)|STATEMENT_EXECUTE|[15]
14:22:28.0 (10386718)|STATEMENT_EXECUTE|[16]
14:22:28.0 (10398247)|HEAP_ALLOCATE|[16]|Bytes:31
14:22:28.0 (10408371)|USER_DEBUG|[16]|DEBUG|nombre de la quote: first quote
14:22:28.0 (10416116)|STATEMENT_EXECUTE|[17]
14:22:28.0 (10421212)|METHOD_ENTRY|[17]|01pf4000008WnsX|ViewQuotePDF.StringPDF(Quote)
14:22:28.0 (10427551)|VARIABLE_SCOPE_BEGIN|[35]|quote|Quote|true|false
14:22:28.0 (10438369)|VARIABLE_ASSIGNMENT|[35]|quote|{"Name":"first quote","Id":"0Q0f40000009lJYCAY"}|0xcb6ba37
14:22:28.0 (10453863)|HEAP_ALLOCATE|[37]|Bytes:5
14:22:28.0 (10458695)|STATEMENT_EXECUTE|[35]
14:22:28.0 (10460233)|STATEMENT_EXECUTE|[36]
14:22:28.0 (10467654)|HEAP_ALLOCATE|[37]|Bytes:22
14:22:28.0 (10476368)|METHOD_EXIT|[17]|01pf4000008WnsX|ViewQuotePDF.StringPDF(Quote)
14:22:28.0 (10757119)|HEAP_ALLOCATE|[17]|Bytes:4
14:22:28.0 (10782432)|VARIABLE_ASSIGNMENT|[17]|b|BLOB(886 bytes)
14:22:28.0 (10797801)|HEAP_ALLOCATE|[15]|Bytes:5
14:22:28.0 (10810099)|HEAP_ALLOCATE|[15]|Bytes:12
14:22:28.0 (10817129)|VARIABLE_SCOPE_BEGIN|[15]|q|Quote|true|false
14:22:28.0 (10831266)|VARIABLE_ASSIGNMENT|[15]|q|{"Name":"first quote","Id":"0Q0f40000009lJJCAY"}|0x5a79b5c4
14:22:28.0 (10837892)|STATEMENT_EXECUTE|[15]
14:22:28.0 (10839574)|STATEMENT_EXECUTE|[16]
14:22:28.0 (10850177)|HEAP_ALLOCATE|[16]|Bytes:31
14:22:28.0 (10859892)|USER_DEBUG|[16]|DEBUG|nombre de la quote: first quote
14:22:28.0 (10867425)|STATEMENT_EXECUTE|[17]
14:22:28.0 (10872387)|METHOD_ENTRY|[17]|01pf4000008WnsX|ViewQuotePDF.StringPDF(Quote)
14:22:28.0 (10877969)|VARIABLE_SCOPE_BEGIN|[35]|quote|Quote|true|false
14:22:28.0 (10889173)|VARIABLE_ASSIGNMENT|[35]|quote|{"Name":"first quote","Id":"0Q0f40000009lJJCAY"}|0x5a79b5c4
14:22:28.0 (10903580)|HEAP_ALLOCATE|[37]|Bytes:5
14:22:28.0 (10907819)|STATEMENT_EXECUTE|[35]
14:22:28.0 (10909348)|STATEMENT_EXECUTE|[36]
14:22:28.0 (10916849)|HEAP_ALLOCATE|[37]|Bytes:22
14:22:28.0 (10925366)|METHOD_EXIT|[17]|01pf4000008WnsX|ViewQuotePDF.StringPDF(Quote)
14:22:28.0 (11230498)|HEAP_ALLOCATE|[17]|Bytes:4
14:22:28.0 (11258742)|VARIABLE_ASSIGNMENT|[17]|b|BLOB(886 bytes)
14:22:28.0 (11274676)|HEAP_ALLOCATE|[15]|Bytes:5
14:22:28.0 (11286726)|HEAP_ALLOCATE|[15]|Bytes:12
14:22:28.0 (11293893)|VARIABLE_SCOPE_BEGIN|[15]|q|Quote|true|false
14:22:28.0 (11307982)|VARIABLE_ASSIGNMENT|[15]|q|{"Name":"first quote","Id":"0Q0f40000009lJOCAY"}|0x54b344a9
14:22:28.0 (11314132)|STATEMENT_EXECUTE|[15]
14:22:28.0 (11315939)|STATEMENT_EXECUTE|[16]
14:22:28.0 (11326620)|HEAP_ALLOCATE|[16]|Bytes:31
14:22:28.0 (11336130)|USER_DEBUG|[16]|DEBUG|nombre de la quote: first quote
14:22:28.0 (11343554)|STATEMENT_EXECUTE|[17]
14:22:28.0 (11348419)|METHOD_ENTRY|[17]|01pf4000008WnsX|ViewQuotePDF.StringPDF(Quote)
14:22:28.0 (11354061)|VARIABLE_SCOPE_BEGIN|[35]|quote|Quote|true|false
14:22:28.0 (11364740)|VARIABLE_ASSIGNMENT|[35]|quote|{"Name":"first quote","Id":"0Q0f40000009lJOCAY"}|0x54b344a9
14:22:28.0 (11378575)|HEAP_ALLOCATE|[37]|Bytes:5
14:22:28.0 (11382693)|STATEMENT_EXECUTE|[35]
14:22:28.0 (11384236)|STATEMENT_EXECUTE|[36]
14:22:28.0 (11391212)|HEAP_ALLOCATE|[37]|Bytes:22
14:22:28.0 (11399178)|METHOD_EXIT|[17]|01pf4000008WnsX|ViewQuotePDF.StringPDF(Quote)
14:22:28.0 (11665490)|HEAP_ALLOCATE|[17]|Bytes:4
14:22:28.0 (11691152)|VARIABLE_ASSIGNMENT|[17]|b|BLOB(886 bytes)
14:22:28.0 (11706630)|HEAP_ALLOCATE|[15]|Bytes:5
14:22:28.0 (11718825)|HEAP_ALLOCATE|[15]|Bytes:12
14:22:28.0 (11725176)|VARIABLE_SCOPE_BEGIN|[15]|q|Quote|true|false
14:22:28.0 (11739167)|VARIABLE_ASSIGNMENT|[15]|q|{"Name":"first quote","Id":"0Q0f40000009lelCAA"}|0x399bac65
14:22:28.0 (11744889)|STATEMENT_EXECUTE|[15]
14:22:28.0 (11746653)|STATEMENT_EXECUTE|[16]
14:22:28.0 (11757167)|HEAP_ALLOCATE|[16]|Bytes:31
14:22:28.0 (11766531)|USER_DEBUG|[16]|DEBUG|nombre de la quote: first quote
14:22:28.0 (11774477)|STATEMENT_EXECUTE|[17]
14:22:28.0 (11779659)|METHOD_ENTRY|[17]|01pf4000008WnsX|ViewQuotePDF.StringPDF(Quote)
14:22:28.0 (11785078)|VARIABLE_SCOPE_BEGIN|[35]|quote|Quote|true|false
14:22:28.0 (11795839)|VARIABLE_ASSIGNMENT|[35]|quote|{"Name":"first quote","Id":"0Q0f40000009lelCAA"}|0x399bac65
14:22:28.0 (11810330)|HEAP_ALLOCATE|[37]|Bytes:5
14:22:28.0 (11814395)|STATEMENT_EXECUTE|[35]
14:22:28.0 (11815844)|STATEMENT_EXECUTE|[36]
14:22:28.0 (11822950)|HEAP_ALLOCATE|[37]|Bytes:22
14:22:28.0 (11832130)|METHOD_EXIT|[17]|01pf4000008WnsX|ViewQuotePDF.StringPDF(Quote)
14:22:28.0 (12096011)|HEAP_ALLOCATE|[17]|Bytes:4
14:22:28.0 (12121388)|VARIABLE_ASSIGNMENT|[17]|b|BLOB(886 bytes)
14:22:28.0 (12136620)|HEAP_ALLOCATE|[15]|Bytes:5
14:22:28.0 (12148710)|HEAP_ALLOCATE|[15]|Bytes:12
14:22:28.0 (12156038)|VARIABLE_SCOPE_BEGIN|[15]|q|Quote|true|false
14:22:28.0 (12169443)|VARIABLE_ASSIGNMENT|[15]|q|{"Name":"first quote","Id":"0Q0f40000009lemCAA"}|0xc5de63
14:22:28.0 (12175495)|STATEMENT_EXECUTE|[15]
14:22:28.0 (12177152)|STATEMENT_EXECUTE|[16]
14:22:28.0 (12187346)|HEAP_ALLOCATE|[16]|Bytes:31
14:22:28.0 (12197730)|USER_DEBUG|[16]|DEBUG|nombre de la quote: first quote
14:22:28.0 (12205187)|STATEMENT_EXECUTE|[17]
14:22:28.0 (12209753)|METHOD_ENTRY|[17]|01pf4000008WnsX|ViewQuotePDF.StringPDF(Quote)
14:22:28.0 (12215237)|VARIABLE_SCOPE_BEGIN|[35]|quote|Quote|true|false
14:22:28.0 (12226068)|VARIABLE_ASSIGNMENT|[35]|quote|{"Name":"first quote","Id":"0Q0f40000009lemCAA"}|0xc5de63
14:22:28.0 (12240183)|HEAP_ALLOCATE|[37]|Bytes:5
14:22:28.0 (12244333)|STATEMENT_EXECUTE|[35]
14:22:28.0 (12245911)|STATEMENT_EXECUTE|[36]
14:22:28.0 (12253095)|HEAP_ALLOCATE|[37]|Bytes:22
14:22:28.0 (12260540)|METHOD_EXIT|[17]|01pf4000008WnsX|ViewQuotePDF.StringPDF(Quote)
14:22:28.0 (12531230)|HEAP_ALLOCATE|[17]|Bytes:4
14:22:28.0 (12555653)|VARIABLE_ASSIGNMENT|[17]|b|BLOB(886 bytes)
14:22:28.0 (12572019)|HEAP_ALLOCATE|[15]|Bytes:5
14:22:28.0 (12583623)|HEAP_ALLOCATE|[15]|Bytes:12
14:22:28.0 (12590204)|VARIABLE_SCOPE_BEGIN|[15]|q|Quote|true|false
14:22:28.0 (12619441)|VARIABLE_ASSIGNMENT|[15]|q|{"Name":"first quote","Id":"0Q0f40000009VVICA2"}|0x17058c2a
14:22:28.0 (12626666)|STATEMENT_EXECUTE|[15]
14:22:28.0 (12628364)|STATEMENT_EXECUTE|[16]
14:22:28.0 (12639487)|HEAP_ALLOCATE|[16]|Bytes:31
14:22:28.0 (12649321)|USER_DEBUG|[16]|DEBUG|nombre de la quote: first quote
14:22:28.0 (12657315)|STATEMENT_EXECUTE|[17]
14:22:28.0 (12662087)|METHOD_ENTRY|[17]|01pf4000008WnsX|ViewQuotePDF.StringPDF(Quote)
14:22:28.0 (12667823)|VARIABLE_SCOPE_BEGIN|[35]|quote|Quote|true|false
14:22:28.0 (12678823)|VARIABLE_ASSIGNMENT|[35]|quote|{"Name":"first quote","Id":"0Q0f40000009VVICA2"}|0x17058c2a
14:22:28.0 (12693617)|HEAP_ALLOCATE|[37]|Bytes:5
14:22:28.0 (12697916)|STATEMENT_EXECUTE|[35]
14:22:28.0 (12699407)|STATEMENT_EXECUTE|[36]
14:22:28.0 (12706214)|HEAP_ALLOCATE|[37]|Bytes:22
14:22:28.0 (12713961)|METHOD_EXIT|[17]|01pf4000008WnsX|ViewQuotePDF.StringPDF(Quote)
14:22:28.0 (12974245)|HEAP_ALLOCATE|[17]|Bytes:4
14:22:28.0 (12997738)|VARIABLE_ASSIGNMENT|[17]|b|BLOB(886 bytes)
14:22:28.0 (13012809)|HEAP_ALLOCATE|[15]|Bytes:5
14:22:28.0 (13025518)|HEAP_ALLOCATE|[15]|Bytes:12
14:22:28.0 (13032190)|VARIABLE_SCOPE_BEGIN|[15]|q|Quote|true|false
14:22:28.0 (13046636)|VARIABLE_ASSIGNMENT|[15]|q|{"Name":"QUOTE 2","Id":"0Q0f40000009e7gCAA"}|0x595d046f
14:22:28.0 (13053002)|STATEMENT_EXECUTE|[15]
14:22:28.0 (13054716)|STATEMENT_EXECUTE|[16]
14:22:28.0 (13065132)|HEAP_ALLOCATE|[16]|Bytes:27
14:22:28.0 (13074666)|USER_DEBUG|[16]|DEBUG|nombre de la quote: QUOTE 2
14:22:28.0 (13082026)|STATEMENT_EXECUTE|[17]
14:22:28.0 (13086797)|METHOD_ENTRY|[17]|01pf4000008WnsX|ViewQuotePDF.StringPDF(Quote)
14:22:28.0 (13092462)|VARIABLE_SCOPE_BEGIN|[35]|quote|Quote|true|false
14:22:28.0 (13103502)|VARIABLE_ASSIGNMENT|[35]|quote|{"Name":"QUOTE 2","Id":"0Q0f40000009e7gCAA"}|0x595d046f
14:22:28.0 (13117177)|HEAP_ALLOCATE|[37]|Bytes:5
14:22:28.0 (13121838)|STATEMENT_EXECUTE|[35]
14:22:28.0 (13123376)|STATEMENT_EXECUTE|[36]
14:22:28.0 (13130450)|HEAP_ALLOCATE|[37]|Bytes:18
14:22:28.0 (13138332)|METHOD_EXIT|[17]|01pf4000008WnsX|ViewQuotePDF.StringPDF(Quote)
14:22:28.0 (13443659)|HEAP_ALLOCATE|[17]|Bytes:4
14:22:28.0 (13469100)|VARIABLE_ASSIGNMENT|[17]|b|BLOB(882 bytes)
14:22:28.0 (13485258)|HEAP_ALLOCATE|[15]|Bytes:5
14:22:28.0 (13497034)|HEAP_ALLOCATE|[15]|Bytes:12
14:22:28.0 (13503620)|VARIABLE_SCOPE_BEGIN|[15]|q|Quote|true|false
14:22:28.0 (13517271)|VARIABLE_ASSIGNMENT|[15]|q|{"Name":"QUOTE 2","Id":"0Q0f40000009kLKCAY"}|0x3dc173a5
14:22:28.0 (13523225)|STATEMENT_EXECUTE|[15]
14:22:28.0 (13524931)|STATEMENT_EXECUTE|[16]
14:22:28.0 (13535056)|HEAP_ALLOCATE|[16]|Bytes:27
14:22:28.0 (13544338)|USER_DEBUG|[16]|DEBUG|nombre de la quote: QUOTE 2
14:22:28.0 (13551807)|STATEMENT_EXECUTE|[17]
14:22:28.0 (13556370)|METHOD_ENTRY|[17]|01pf4000008WnsX|ViewQuotePDF.StringPDF(Quote)
14:22:28.0 (13561999)|VARIABLE_SCOPE_BEGIN|[35]|quote|Quote|true|false
14:22:28.0 (13572746)|VARIABLE_ASSIGNMENT|[35]|quote|{"Name":"QUOTE 2","Id":"0Q0f40000009kLKCAY"}|0x3dc173a5
14:22:28.0 (13586151)|HEAP_ALLOCATE|[37]|Bytes:5
14:22:28.0 (13590949)|STATEMENT_EXECUTE|[35]
14:22:28.0 (13592459)|STATEMENT_EXECUTE|[36]
14:22:28.0 (13599417)|HEAP_ALLOCATE|[37]|Bytes:18
14:22:28.0 (13612715)|METHOD_EXIT|[17]|01pf4000008WnsX|ViewQuotePDF.StringPDF(Quote)
14:22:28.0 (13869222)|HEAP_ALLOCATE|[17]|Bytes:4
14:22:28.0 (13892699)|VARIABLE_ASSIGNMENT|[17]|b|BLOB(882 bytes)
14:22:28.0 (13907360)|HEAP_ALLOCATE|[15]|Bytes:5
14:22:28.0 (13919167)|HEAP_ALLOCATE|[15]|Bytes:12
14:22:28.0 (13925696)|VARIABLE_SCOPE_BEGIN|[15]|q|Quote|true|false
14:22:28.0 (13939125)|VARIABLE_ASSIGNMENT|[15]|q|{"Name":"QUOTE 2","Id":"0Q0f40000009kLLCAY"}|0x135984b8
14:22:28.0 (13945259)|STATEMENT_EXECUTE|[15]
14:22:28.0 (13947117)|STATEMENT_EXECUTE|[16]
14:22:28.0 (13956738)|HEAP_ALLOCATE|[16]|Bytes:27
14:22:28.0 (13965997)|USER_DEBUG|[16]|DEBUG|nombre de la quote: QUOTE 2
14:22:28.0 (13973468)|STATEMENT_EXECUTE|[17]
14:22:28.0 (13978174)|METHOD_ENTRY|[17]|01pf4000008WnsX|ViewQuotePDF.StringPDF(Quote)
14:22:28.0 (13983812)|VARIABLE_SCOPE_BEGIN|[35]|quote|Quote|true|false
14:22:28.0 (13994575)|VARIABLE_ASSIGNMENT|[35]|quote|{"Name":"QUOTE 2","Id":"0Q0f40000009kLLCAY"}|0x135984b8
14:22:28.0 (14008074)|HEAP_ALLOCATE|[37]|Bytes:5
14:22:28.0 (14013066)|STATEMENT_EXECUTE|[35]
14:22:28.0 (14014586)|STATEMENT_EXECUTE|[36]
14:22:28.0 (14021771)|HEAP_ALLOCATE|[37]|Bytes:18
14:22:28.0 (14029505)|METHOD_EXIT|[17]|01pf4000008WnsX|ViewQuotePDF.StringPDF(Quote)
14:22:28.0 (14282641)|HEAP_ALLOCATE|[17]|Bytes:4
14:22:28.0 (14306500)|VARIABLE_ASSIGNMENT|[17]|b|BLOB(882 bytes)
14:22:28.0 (14321351)|HEAP_ALLOCATE|[15]|Bytes:5
14:22:28.0 (14336094)|HEAP_ALLOCATE|[15]|Bytes:12
14:22:28.0 (14343053)|VARIABLE_SCOPE_BEGIN|[15]|q|Quote|true|false
14:22:28.0 (14356380)|VARIABLE_ASSIGNMENT|[15]|q|{"Name":"QUOTE 2","Id":"0Q0f40000009kLeCAI"}|0x28862e25
14:22:28.0 (14362244)|STATEMENT_EXECUTE|[15]
14:22:28.0 (14363909)|STATEMENT_EXECUTE|[16]
14:22:28.0 (14374025)|HEAP_ALLOCATE|[16]|Bytes:27
14:22:28.0 (14383859)|USER_DEBUG|[16]|DEBUG|nombre de la quote: QUOTE 2
14:22:28.0 (14391231)|STATEMENT_EXECUTE|[17]
14:22:28.0 (14395851)|METHOD_ENTRY|[17]|01pf4000008WnsX|ViewQuotePDF.StringPDF(Quote)
14:22:28.0 (14401403)|VARIABLE_SCOPE_BEGIN|[35]|quote|Quote|true|false
14:22:28.0 (14412014)|VARIABLE_ASSIGNMENT|[35]|quote|{"Name":"QUOTE 2","Id":"0Q0f40000009kLeCAI"}|0x28862e25
14:22:28.0 (14425734)|HEAP_ALLOCATE|[37]|Bytes:5
14:22:28.0 (14429884)|STATEMENT_EXECUTE|[35]
14:22:28.0 (14431411)|STATEMENT_EXECUTE|[36]
14:22:28.0 (14438229)|HEAP_ALLOCATE|[37]|Bytes:18
14:22:28.0 (14445934)|METHOD_EXIT|[17]|01pf4000008WnsX|ViewQuotePDF.StringPDF(Quote)
14:22:28.0 (14737946)|HEAP_ALLOCATE|[17]|Bytes:4
14:22:28.0 (14762184)|VARIABLE_ASSIGNMENT|[17]|b|BLOB(882 bytes)
14:22:28.0 (14777303)|HEAP_ALLOCATE|[15]|Bytes:5
14:22:28.0 (14789344)|HEAP_ALLOCATE|[15]|Bytes:12
14:22:28.0 (14796001)|VARIABLE_SCOPE_BEGIN|[15]|q|Quote|true|false
14:22:28.0 (14809656)|VARIABLE_ASSIGNMENT|[15]|q|{"Name":"QUOTE 2","Id":"0Q0f40000009kLfCAI"}|0x19492926
14:22:28.0 (14815257)|STATEMENT_EXECUTE|[15]
14:22:28.0 (14816999)|STATEMENT_EXECUTE|[16]
14:22:28.0 (14827278)|HEAP_ALLOCATE|[16]|Bytes:27
14:22:28.0 (14836811)|USER_DEBUG|[16]|DEBUG|nombre de la quote: QUOTE 2
14:22:28.0 (14844319)|STATEMENT_EXECUTE|[17]
14:22:28.0 (14848874)|METHOD_ENTRY|[17]|01pf4000008WnsX|ViewQuotePDF.StringPDF(Quote)
14:22:28.0 (14854388)|VARIABLE_SCOPE_BEGIN|[35]|quote|Quote|true|false
14:22:28.0 (14864699)|VARIABLE_ASSIGNMENT|[35]|quote|{"Name":"QUOTE 2","Id":"0Q0f40000009kLfCAI"}|0x19492926
14:22:28.0 (14879014)|HEAP_ALLOCATE|[37]|Bytes:5
14:22:28.0 (14883359)|STATEMENT_EXECUTE|[35]
14:22:28.0 (14884866)|STATEMENT_EXECUTE|[36]
14:22:28.0 (14891853)|HEAP_ALLOCATE|[37]|Bytes:18
14:22:28.0 (14899876)|METHOD_EXIT|[17]|01pf4000008WnsX|ViewQuotePDF.StringPDF(Quote)
14:22:28.0 (15169831)|HEAP_ALLOCATE|[17]|Bytes:4
14:22:28.0 (15194683)|VARIABLE_ASSIGNMENT|[17]|b|BLOB(882 bytes)
14:22:28.0 (15209600)|HEAP_ALLOCATE|[15]|Bytes:5
14:22:28.0 (15222369)|HEAP_ALLOCATE|[15]|Bytes:12
14:22:28.0 (15228997)|VARIABLE_SCOPE_BEGIN|[15]|q|Quote|true|false
14:22:28.0 (15242294)|VARIABLE_ASSIGNMENT|[15]|q|{"Name":"QUOTE 2","Id":"0Q0f40000009kMDCAY"}|0x2f233df1
14:22:28.0 (15247953)|STATEMENT_EXECUTE|[15]
14:22:28.0 (15249696)|STATEMENT_EXECUTE|[16]
14:22:28.0 (15259748)|HEAP_ALLOCATE|[16]|Bytes:27
14:22:28.0 (15269590)|USER_DEBUG|[16]|DEBUG|nombre de la quote: QUOTE 2
14:22:28.0 (15277293)|STATEMENT_EXECUTE|[17]
14:22:28.0 (15281854)|METHOD_ENTRY|[17]|01pf4000008WnsX|ViewQuotePDF.StringPDF(Quote)
14:22:28.0 (15287597)|VARIABLE_SCOPE_BEGIN|[35]|quote|Quote|true|false
14:22:28.0 (15298779)|VARIABLE_ASSIGNMENT|[35]|quote|{"Name":"QUOTE 2","Id":"0Q0f40000009kMDCAY"}|0x2f233df1
14:22:28.0 (15312545)|HEAP_ALLOCATE|[37]|Bytes:5
14:22:28.0 (15316699)|STATEMENT_EXECUTE|[35]
14:22:28.0 (15318184)|STATEMENT_EXECUTE|[36]
14:22:28.0 (15324986)|HEAP_ALLOCATE|[37]|Bytes:18
14:22:28.0 (15332994)|METHOD_EXIT|[17]|01pf4000008WnsX|ViewQuotePDF.StringPDF(Quote)
14:22:28.0 (15589127)|HEAP_ALLOCATE|[17]|Bytes:4
14:22:28.0 (15617804)|VARIABLE_ASSIGNMENT|[17]|b|BLOB(882 bytes)
14:22:28.0 (15633315)|HEAP_ALLOCATE|[15]|Bytes:5
14:22:28.0 (15645606)|HEAP_ALLOCATE|[15]|Bytes:12
14:22:28.0 (15651981)|VARIABLE_SCOPE_BEGIN|[15]|q|Quote|true|false
14:22:28.0 (15665563)|VARIABLE_ASSIGNMENT|[15]|q|{"Name":"QUOTE 2","Id":"0Q0f40000009kLtCAI"}|0x700010e9
14:22:28.0 (15671659)|STATEMENT_EXECUTE|[15]
14:22:28.0 (15673531)|STATEMENT_EXECUTE|[16]
14:22:28.0 (15683376)|HEAP_ALLOCATE|[16]|Bytes:27
14:22:28.0 (15692904)|USER_DEBUG|[16]|DEBUG|nombre de la quote: QUOTE 2
14:22:28.0 (15702507)|STATEMENT_EXECUTE|[17]
14:22:28.0 (15707261)|METHOD_ENTRY|[17]|01pf4000008WnsX|ViewQuotePDF.StringPDF(Quote)
14:22:28.0 (15714300)|VARIABLE_SCOPE_BEGIN|[35]|quote|Quote|true|false
14:22:28.0 (15725609)|VARIABLE_ASSIGNMENT|[35]|quote|{"Name":"QUOTE 2","Id":"0Q0f40000009kLtCAI"}|0x700010e9
14:22:28.0 (15739902)|HEAP_ALLOCATE|[37]|Bytes:5
14:22:28.0 (15744200)|STATEMENT_EXECUTE|[35]
14:22:28.0 (15745829)|STATEMENT_EXECUTE|[36]
14:22:28.0 (15752895)|HEAP_ALLOCATE|[37]|Bytes:18
14:22:28.0 (15761004)|METHOD_EXIT|[17]|01pf4000008WnsX|ViewQuotePDF.StringPDF(Quote)
14:22:28.0 (16014724)|HEAP_ALLOCATE|[17]|Bytes:4
14:22:28.0 (16039526)|VARIABLE_ASSIGNMENT|[17]|b|BLOB(882 bytes)
14:22:28.0 (16054574)|HEAP_ALLOCATE|[15]|Bytes:5
14:22:28.0 (16066738)|HEAP_ALLOCATE|[15]|Bytes:12
14:22:28.0 (16073467)|VARIABLE_SCOPE_BEGIN|[15]|q|Quote|true|false
14:22:28.0 (16086840)|VARIABLE_ASSIGNMENT|[15]|q|{"Name":"QUOTE 2","Id":"0Q0f40000009kLuCAI"}|0x69eeffca
14:22:28.0 (16092385)|STATEMENT_EXECUTE|[15]
14:22:28.0 (16094195)|STATEMENT_EXECUTE|[16]
14:22:28.0 (16104267)|HEAP_ALLOCATE|[16]|Bytes:27
14:22:28.0 (16113652)|USER_DEBUG|[16]|DEBUG|nombre de la quote: QUOTE 2
14:22:28.0 (16120792)|STATEMENT_EXECUTE|[17]
14:22:28.0 (16125413)|METHOD_ENTRY|[17]|01pf4000008WnsX|ViewQuotePDF.StringPDF(Quote)
14:22:28.0 (16130949)|VARIABLE_SCOPE_BEGIN|[35]|quote|Quote|true|false
14:22:28.0 (16141649)|VARIABLE_ASSIGNMENT|[35]|quote|{"Name":"QUOTE 2","Id":"0Q0f40000009kLuCAI"}|0x69eeffca
14:22:28.0 (16154788)|HEAP_ALLOCATE|[37]|Bytes:5
14:22:28.0 (16159088)|STATEMENT_EXECUTE|[35]
14:22:28.0 (16160596)|STATEMENT_EXECUTE|[36]
14:22:28.0 (16167411)|HEAP_ALLOCATE|[37]|Bytes:18
14:22:28.0 (16175252)|METHOD_EXIT|[17]|01pf4000008WnsX|ViewQuotePDF.StringPDF(Quote)
14:22:28.0 (20995409)|HEAP_ALLOCATE|[17]|Bytes:4
14:22:28.0 (21032650)|VARIABLE_ASSIGNMENT|[17]|b|BLOB(882 bytes)
14:22:28.0 (21054929)|HEAP_ALLOCATE|[15]|Bytes:5
14:22:28.0 (21071991)|HEAP_ALLOCATE|[15]|Bytes:12
14:22:28.0 (21081296)|VARIABLE_SCOPE_BEGIN|[15]|q|Quote|true|false
14:22:28.0 (21100291)|VARIABLE_ASSIGNMENT|[15]|q|{"Name":"QUOTE 2","Id":"0Q0f40000009kLACAY"}|0x393efbc8
14:22:28.0 (21108578)|STATEMENT_EXECUTE|[15]
14:22:28.0 (21111333)|STATEMENT_EXECUTE|[16]
14:22:28.0 (21125553)|HEAP_ALLOCATE|[16]|Bytes:27
14:22:28.0 (21138977)|USER_DEBUG|[16]|DEBUG|nombre de la quote: QUOTE 2
14:22:28.0 (21149613)|STATEMENT_EXECUTE|[17]
14:22:28.0 (21156066)|METHOD_ENTRY|[17]|01pf4000008WnsX|ViewQuotePDF.StringPDF(Quote)
14:22:28.0 (21165025)|VARIABLE_SCOPE_BEGIN|[35]|quote|Quote|true|false
14:22:28.0 (21180278)|VARIABLE_ASSIGNMENT|[35]|quote|{"Name":"QUOTE 2","Id":"0Q0f40000009kLACAY"}|0x393efbc8
14:22:28.0 (21199624)|HEAP_ALLOCATE|[37]|Bytes:5
14:22:28.0 (21205245)|STATEMENT_EXECUTE|[35]
14:22:28.0 (21207225)|STATEMENT_EXECUTE|[36]
14:22:28.0 (21215754)|HEAP_ALLOCATE|[37]|Bytes:18
14:22:28.0 (21227025)|METHOD_EXIT|[17]|01pf4000008WnsX|ViewQuotePDF.StringPDF(Quote)
14:22:28.0 (21623718)|HEAP_ALLOCATE|[17]|Bytes:4
14:22:28.0 (21654851)|VARIABLE_ASSIGNMENT|[17]|b|BLOB(882 bytes)
14:22:28.0 (21671206)|HEAP_ALLOCATE|[15]|Bytes:5
14:22:28.0 (21693220)|HEAP_ALLOCATE|[15]|Bytes:12
14:22:28.0 (21700934)|VARIABLE_SCOPE_BEGIN|[15]|q|Quote|true|false
14:22:28.0 (21719682)|VARIABLE_ASSIGNMENT|[15]|q|{"Name":"QUOTE 2","Id":"0Q0f40000009kM3CAI"}|0xf4485ab
14:22:28.0 (21726354)|STATEMENT_EXECUTE|[15]
14:22:28.0 (21728365)|STATEMENT_EXECUTE|[16]
14:22:28.0 (21739564)|HEAP_ALLOCATE|[16]|Bytes:27
14:22:28.0 (21749611)|USER_DEBUG|[16]|DEBUG|nombre de la quote: QUOTE 2
14:22:28.0 (21757148)|STATEMENT_EXECUTE|[17]
14:22:28.0 (21767007)|METHOD_ENTRY|[17]|01pf4000008WnsX|ViewQuotePDF.StringPDF(Quote)
14:22:28.0 (21772813)|VARIABLE_SCOPE_BEGIN|[35]|quote|Quote|true|false
14:22:28.0 (21783745)|VARIABLE_ASSIGNMENT|[35]|quote|{"Name":"QUOTE 2","Id":"0Q0f40000009kM3CAI"}|0xf4485ab
14:22:28.0 (21800522)|HEAP_ALLOCATE|[37]|Bytes:5
14:22:28.0 (21805593)|STATEMENT_EXECUTE|[35]
14:22:28.0 (21807142)|STATEMENT_EXECUTE|[36]
14:22:28.0 (21814308)|HEAP_ALLOCATE|[37]|Bytes:18
14:22:28.0 (21822388)|METHOD_EXIT|[17]|01pf4000008WnsX|ViewQuotePDF.StringPDF(Quote)
14:22:28.0 (22107626)|HEAP_ALLOCATE|[17]|Bytes:4
14:22:28.0 (22136894)|VARIABLE_ASSIGNMENT|[17]|b|BLOB(882 bytes)
14:22:28.0 (22153126)|HEAP_ALLOCATE|[15]|Bytes:5
14:22:28.0 (22167265)|HEAP_ALLOCATE|[15]|Bytes:12
14:22:28.0 (22174287)|VARIABLE_SCOPE_BEGIN|[15]|q|Quote|true|false
14:22:28.0 (22188119)|VARIABLE_ASSIGNMENT|[15]|q|{"Name":"QUOTE 2","Id":"0Q0f40000009kMNCAY"}|0x7f334bf2
14:22:28.0 (22193923)|STATEMENT_EXECUTE|[15]
14:22:28.0 (22195691)|STATEMENT_EXECUTE|[16]
14:22:28.0 (22206198)|HEAP_ALLOCATE|[16]|Bytes:27
14:22:28.0 (22220266)|USER_DEBUG|[16]|DEBUG|nombre de la quote: QUOTE 2
14:22:28.0 (22228150)|STATEMENT_EXECUTE|[17]
14:22:28.0 (22232935)|METHOD_ENTRY|[17]|01pf4000008WnsX|ViewQuotePDF.StringPDF(Quote)
14:22:28.0 (22238698)|VARIABLE_SCOPE_BEGIN|[35]|quote|Quote|true|false
14:22:28.0 (22249971)|VARIABLE_ASSIGNMENT|[35]|quote|{"Name":"QUOTE 2","Id":"0Q0f40000009kMNCAY"}|0x7f334bf2
14:22:28.0 (22265543)|HEAP_ALLOCATE|[37]|Bytes:5
14:22:28.0 (22269749)|STATEMENT_EXECUTE|[35]
14:22:28.0 (22271437)|STATEMENT_EXECUTE|[36]
14:22:28.0 (22278456)|HEAP_ALLOCATE|[37]|Bytes:18
14:22:28.0 (22286228)|METHOD_EXIT|[17]|01pf4000008WnsX|ViewQuotePDF.StringPDF(Quote)
14:22:28.0 (22559000)|HEAP_ALLOCATE|[17]|Bytes:4
14:22:28.0 (22583999)|VARIABLE_ASSIGNMENT|[17]|b|BLOB(882 bytes)
14:22:28.0 (22600645)|HEAP_ALLOCATE|[15]|Bytes:5
14:22:28.0 (22618636)|HEAP_ALLOCATE|[15]|Bytes:12
14:22:28.0 (22625743)|VARIABLE_SCOPE_BEGIN|[15]|q|Quote|true|false
14:22:28.0 (22639572)|VARIABLE_ASSIGNMENT|[15]|q|{"Name":"QUOTE 2","Id":"0Q0f40000009kMICAY"}|0x61bdfb71
14:22:28.0 (22645234)|STATEMENT_EXECUTE|[15]
14:22:28.0 (22651286)|STATEMENT_EXECUTE|[16]
14:22:28.0 (22662073)|HEAP_ALLOCATE|[16]|Bytes:27
14:22:28.0 (22672025)|USER_DEBUG|[16]|DEBUG|nombre de la quote: QUOTE 2
14:22:28.0 (22680218)|STATEMENT_EXECUTE|[17]
14:22:28.0 (22686297)|METHOD_ENTRY|[17]|01pf4000008WnsX|ViewQuotePDF.StringPDF(Quote)
14:22:28.0 (22692666)|VARIABLE_SCOPE_BEGIN|[35]|quote|Quote|true|false
14:22:28.0 (22703028)|VARIABLE_ASSIGNMENT|[35]|quote|{"Name":"QUOTE 2","Id":"0Q0f40000009kMICAY"}|0x61bdfb71
14:22:28.0 (22716577)|HEAP_ALLOCATE|[37]|Bytes:5
14:22:28.0 (22720935)|STATEMENT_EXECUTE|[35]
14:22:28.0 (22722436)|STATEMENT_EXECUTE|[36]
14:22:28.0 (22733170)|HEAP_ALLOCATE|[37]|Bytes:18
14:22:28.0 (22741436)|METHOD_EXIT|[17]|01pf4000008WnsX|ViewQuotePDF.StringPDF(Quote)
14:22:28.0 (23025644)|HEAP_ALLOCATE|[17]|Bytes:4
14:22:28.0 (23051278)|VARIABLE_ASSIGNMENT|[17]|b|BLOB(882 bytes)
14:22:28.0 (23067566)|HEAP_ALLOCATE|[15]|Bytes:5
14:22:28.0 (23084241)|HEAP_ALLOCATE|[15]|Bytes:12
14:22:28.0 (23091136)|VARIABLE_SCOPE_BEGIN|[15]|q|Quote|true|false
14:22:28.0 (23106301)|VARIABLE_ASSIGNMENT|[15]|q|{"Name":"QUOTE 2","Id":"0Q0f40000009kMJCAY"}|0x2f93bc35
14:22:28.0 (23112318)|STATEMENT_EXECUTE|[15]
14:22:28.0 (23113995)|STATEMENT_EXECUTE|[16]
14:22:28.0 (23124401)|HEAP_ALLOCATE|[16]|Bytes:27
14:22:28.0 (23133977)|USER_DEBUG|[16]|DEBUG|nombre de la quote: QUOTE 2
14:22:28.0 (23141438)|STATEMENT_EXECUTE|[17]
14:22:28.0 (23146063)|METHOD_ENTRY|[17]|01pf4000008WnsX|ViewQuotePDF.StringPDF(Quote)
14:22:28.0 (23151220)|VARIABLE_SCOPE_BEGIN|[35]|quote|Quote|true|false
14:22:28.0 (23161109)|VARIABLE_ASSIGNMENT|[35]|quote|{"Name":"QUOTE 2","Id":"0Q0f40000009kMJCAY"}|0x2f93bc35
14:22:28.0 (23174732)|HEAP_ALLOCATE|[37]|Bytes:5
14:22:28.0 (23180518)|STATEMENT_EXECUTE|[35]
14:22:28.0 (23182670)|STATEMENT_EXECUTE|[36]
14:22:28.0 (23189834)|HEAP_ALLOCATE|[37]|Bytes:18
14:22:28.0 (23198167)|METHOD_EXIT|[17]|01pf4000008WnsX|ViewQuotePDF.StringPDF(Quote)
14:22:28.0 (23766426)|HEAP_ALLOCATE|[17]|Bytes:4
14:22:28.0 (23792676)|VARIABLE_ASSIGNMENT|[17]|b|BLOB(882 bytes)
14:22:28.0 (23808458)|HEAP_ALLOCATE|[15]|Bytes:5
14:22:28.0 (23821086)|HEAP_ALLOCATE|[15]|Bytes:12
14:22:28.0 (23827746)|VARIABLE_SCOPE_BEGIN|[15]|q|Quote|true|false
14:22:28.0 (23843442)|VARIABLE_ASSIGNMENT|[15]|q|{"Name":"QUOTE 2","Id":"0Q0f40000009kKvCAI"}|0x4510db1
14:22:28.0 (23849446)|STATEMENT_EXECUTE|[15]
14:22:28.0 (23851303)|STATEMENT_EXECUTE|[16]
14:22:28.0 (23861598)|HEAP_ALLOCATE|[16]|Bytes:27
14:22:28.0 (23872394)|USER_DEBUG|[16]|DEBUG|nombre de la quote: QUOTE 2
14:22:28.0 (23880337)|STATEMENT_EXECUTE|[17]
14:22:28.0 (23885249)|METHOD_ENTRY|[17]|01pf4000008WnsX|ViewQuotePDF.StringPDF(Quote)
14:22:28.0 (23892638)|VARIABLE_SCOPE_BEGIN|[35]|quote|Quote|true|false
14:22:28.0 (23903536)|VARIABLE_ASSIGNMENT|[35]|quote|{"Name":"QUOTE 2","Id":"0Q0f40000009kKvCAI"}|0x4510db1
14:22:28.0 (23917768)|HEAP_ALLOCATE|[37]|Bytes:5
14:22:28.0 (23922043)|STATEMENT_EXECUTE|[35]
14:22:28.0 (23923635)|STATEMENT_EXECUTE|[36]
14:22:28.0 (23930597)|HEAP_ALLOCATE|[37]|Bytes:18
14:22:28.0 (23938514)|METHOD_EXIT|[17]|01pf4000008WnsX|ViewQuotePDF.StringPDF(Quote)
14:22:28.0 (24219075)|HEAP_ALLOCATE|[17]|Bytes:4
14:22:28.0 (24244693)|VARIABLE_ASSIGNMENT|[17]|b|BLOB(882 bytes)
14:22:28.0 (24260451)|HEAP_ALLOCATE|[15]|Bytes:5
14:22:28.0 (24272934)|HEAP_ALLOCATE|[15]|Bytes:12
14:22:28.0 (24279696)|VARIABLE_SCOPE_BEGIN|[15]|q|Quote|true|false
14:22:28.0 (24293378)|VARIABLE_ASSIGNMENT|[15]|q|{"Name":"QUOTE 2","Id":"0Q0f40000009kKqCAI"}|0x61d8aa12
14:22:28.0 (24299326)|STATEMENT_EXECUTE|[15]
14:22:28.0 (24301178)|STATEMENT_EXECUTE|[16]
14:22:28.0 (24311360)|HEAP_ALLOCATE|[16]|Bytes:27
14:22:28.0 (24320922)|USER_DEBUG|[16]|DEBUG|nombre de la quote: QUOTE 2
14:22:28.0 (24328745)|STATEMENT_EXECUTE|[17]
14:22:28.0 (24333390)|METHOD_ENTRY|[17]|01pf4000008WnsX|ViewQuotePDF.StringPDF(Quote)
14:22:28.0 (24338901)|VARIABLE_SCOPE_BEGIN|[35]|quote|Quote|true|false
14:22:28.0 (24349387)|VARIABLE_ASSIGNMENT|[35]|quote|{"Name":"QUOTE 2","Id":"0Q0f40000009kKqCAI"}|0x61d8aa12
14:22:28.0 (24362873)|HEAP_ALLOCATE|[37]|Bytes:5
14:22:28.0 (24367151)|STATEMENT_EXECUTE|[35]
14:22:28.0 (24368682)|STATEMENT_EXECUTE|[36]
14:22:28.0 (24375565)|HEAP_ALLOCATE|[37]|Bytes:18
14:22:28.0 (24383584)|METHOD_EXIT|[17]|01pf4000008WnsX|ViewQuotePDF.StringPDF(Quote)
14:22:28.0 (24643401)|HEAP_ALLOCATE|[17]|Bytes:4
14:22:28.0 (24667267)|VARIABLE_ASSIGNMENT|[17]|b|BLOB(882 bytes)
14:22:28.0 (24683677)|HEAP_ALLOCATE|[15]|Bytes:5
14:22:28.0 (24695584)|HEAP_ALLOCATE|[15]|Bytes:12
14:22:28.0 (24702268)|VARIABLE_SCOPE_BEGIN|[15]|q|Quote|true|false
14:22:28.0 (24716058)|VARIABLE_ASSIGNMENT|[15]|q|{"Name":"QUOTE 2","Id":"0Q0f40000009kKWCAY"}|0x6fb0b32b
14:22:28.0 (24721771)|STATEMENT_EXECUTE|[15]
14:22:28.0 (24723410)|STATEMENT_EXECUTE|[16]
14:22:28.0 (24733828)|HEAP_ALLOCATE|[16]|Bytes:27
14:22:28.0 (24743399)|USER_DEBUG|[16]|DEBUG|nombre de la quote: QUOTE 2
14:22:28.0 (24750738)|STATEMENT_EXECUTE|[17]
14:22:28.0 (24755256)|METHOD_ENTRY|[17]|01pf4000008WnsX|ViewQuotePDF.StringPDF(Quote)
14:22:28.0 (24760887)|VARIABLE_SCOPE_BEGIN|[35]|quote|Quote|true|false
14:22:28.0 (24771553)|VARIABLE_ASSIGNMENT|[35]|quote|{"Name":"QUOTE 2","Id":"0Q0f40000009kKWCAY"}|0x6fb0b32b
14:22:28.0 (24785408)|HEAP_ALLOCATE|[37]|Bytes:5
14:22:28.0 (24789591)|STATEMENT_EXECUTE|[35]
14:22:28.0 (24791153)|STATEMENT_EXECUTE|[36]
14:22:28.0 (24798089)|HEAP_ALLOCATE|[37]|Bytes:18
14:22:28.0 (24805930)|METHOD_EXIT|[17]|01pf4000008WnsX|ViewQuotePDF.StringPDF(Quote)
14:22:28.0 (25057224)|HEAP_ALLOCATE|[17]|Bytes:4
14:22:28.0 (25081173)|VARIABLE_ASSIGNMENT|[17]|b|BLOB(882 bytes)
14:22:28.0 (25096042)|HEAP_ALLOCATE|[15]|Bytes:5
14:22:28.0 (25108320)|HEAP_ALLOCATE|[15]|Bytes:12
14:22:28.0 (25115436)|VARIABLE_SCOPE_BEGIN|[15]|q|Quote|true|false
14:22:28.0 (25128791)|VARIABLE_ASSIGNMENT|[15]|q|{"Name":"QUOTE 2","Id":"0Q0f40000009kL0CAI"}|0x5d70d8fc
14:22:28.0 (25134486)|STATEMENT_EXECUTE|[15]
14:22:28.0 (25136128)|STATEMENT_EXECUTE|[16]
14:22:28.0 (25146230)|HEAP_ALLOCATE|[16]|Bytes:27
14:22:28.0 (25155946)|USER_DEBUG|[16]|DEBUG|nombre de la quote: QUOTE 2
14:22:28.0 (25163266)|STATEMENT_EXECUTE|[17]
14:22:28.0 (25167895)|METHOD_ENTRY|[17]|01pf4000008WnsX|ViewQuotePDF.StringPDF(Quote)
14:22:28.0 (25173650)|VARIABLE_SCOPE_BEGIN|[35]|quote|Quote|true|false
14:22:28.0 (25184404)|VARIABLE_ASSIGNMENT|[35]|quote|{"Name":"QUOTE 2","Id":"0Q0f40000009kL0CAI"}|0x5d70d8fc
14:22:28.0 (25198161)|HEAP_ALLOCATE|[37]|Bytes:5
14:22:28.0 (25202630)|STATEMENT_EXECUTE|[35]
14:22:28.0 (25204144)|STATEMENT_EXECUTE|[36]
14:22:28.0 (25211052)|HEAP_ALLOCATE|[37]|Bytes:18
14:22:28.0 (25218442)|METHOD_EXIT|[17]|01pf4000008WnsX|ViewQuotePDF.StringPDF(Quote)
14:22:28.0 (25469963)|HEAP_ALLOCATE|[17]|Bytes:4
14:22:28.0 (25493377)|VARIABLE_ASSIGNMENT|[17]|b|BLOB(882 bytes)
14:22:28.0 (25508033)|HEAP_ALLOCATE|[15]|Bytes:5
14:22:28.0 (25520275)|HEAP_ALLOCATE|[15]|Bytes:12
14:22:28.0 (25526987)|VARIABLE_SCOPE_BEGIN|[15]|q|Quote|true|false
14:22:28.0 (25540326)|VARIABLE_ASSIGNMENT|[15]|q|{"Name":"QUOTE 2","Id":"0Q0f40000009kLyCAI"}|0x51407a66
14:22:28.0 (25546176)|STATEMENT_EXECUTE|[15]
14:22:28.0 (25547883)|STATEMENT_EXECUTE|[16]
14:22:28.0 (25557509)|HEAP_ALLOCATE|[16]|Bytes:27
14:22:28.0 (25567255)|USER_DEBUG|[16]|DEBUG|nombre de la quote: QUOTE 2
14:22:28.0 (25574795)|STATEMENT_EXECUTE|[17]
14:22:28.0 (25579583)|METHOD_ENTRY|[17]|01pf4000008WnsX|ViewQuotePDF.StringPDF(Quote)
14:22:28.0 (25585112)|VARIABLE_SCOPE_BEGIN|[35]|quote|Quote|true|false
14:22:28.0 (25595690)|VARIABLE_ASSIGNMENT|[35]|quote|{"Name":"QUOTE 2","Id":"0Q0f40000009kLyCAI"}|0x51407a66
14:22:28.0 (25616658)|HEAP_ALLOCATE|[37]|Bytes:5
14:22:28.0 (25621362)|STATEMENT_EXECUTE|[35]
14:22:28.0 (25622922)|STATEMENT_EXECUTE|[36]
14:22:28.0 (25630318)|HEAP_ALLOCATE|[37]|Bytes:18
14:22:28.0 (25638214)|METHOD_EXIT|[17]|01pf4000008WnsX|ViewQuotePDF.StringPDF(Quote)
14:22:28.0 (25897077)|HEAP_ALLOCATE|[17]|Bytes:4
14:22:28.0 (25921180)|VARIABLE_ASSIGNMENT|[17]|b|BLOB(882 bytes)
14:22:28.0 (25935829)|HEAP_ALLOCATE|[15]|Bytes:5
14:22:28.0 (25947997)|HEAP_ALLOCATE|[15]|Bytes:12
14:22:28.0 (25955178)|VARIABLE_SCOPE_BEGIN|[15]|q|Quote|true|false
14:22:28.0 (25968728)|VARIABLE_ASSIGNMENT|[15]|q|{"Name":"QUOTE 2","Id":"0Q0f40000009kM8CAI"}|0x756cd266
14:22:28.0 (25974725)|STATEMENT_EXECUTE|[15]
14:22:28.0 (25976373)|STATEMENT_EXECUTE|[16]
14:22:28.0 (25986132)|HEAP_ALLOCATE|[16]|Bytes:27
14:22:28.0 (25995968)|USER_DEBUG|[16]|DEBUG|nombre de la quote: QUOTE 2
14:22:28.0 (26003439)|STATEMENT_EXECUTE|[17]
14:22:28.0 (26008857)|METHOD_ENTRY|[17]|01pf4000008WnsX|ViewQuotePDF.StringPDF(Quote)
14:22:28.0 (26015011)|VARIABLE_SCOPE_BEGIN|[35]|quote|Quote|true|false
14:22:28.0 (26025265)|VARIABLE_ASSIGNMENT|[35]|quote|{"Name":"QUOTE 2","Id":"0Q0f40000009kM8CAI"}|0x756cd266
14:22:28.0 (26039178)|HEAP_ALLOCATE|[37]|Bytes:5
14:22:28.0 (26043392)|STATEMENT_EXECUTE|[35]
14:22:28.0 (26044935)|STATEMENT_EXECUTE|[36]
14:22:28.0 (26051889)|HEAP_ALLOCATE|[37]|Bytes:18
14:22:28.0 (26059739)|METHOD_EXIT|[17]|01pf4000008WnsX|ViewQuotePDF.StringPDF(Quote)
14:22:28.0 (26310547)|HEAP_ALLOCATE|[17]|Bytes:4
14:22:28.0 (26334106)|VARIABLE_ASSIGNMENT|[17]|b|BLOB(882 bytes)
14:22:28.0 (26348655)|HEAP_ALLOCATE|[15]|Bytes:5
14:22:28.0 (26360629)|HEAP_ALLOCATE|[15]|Bytes:12
14:22:28.0 (26367166)|VARIABLE_SCOPE_BEGIN|[15]|q|Quote|true|false
14:22:28.0 (26380938)|VARIABLE_ASSIGNMENT|[15]|q|{"Name":"QUOTE 2","Id":"0Q0f40000009kLZCAY"}|0x1faf1e0b
14:22:28.0 (26386474)|STATEMENT_EXECUTE|[15]
14:22:28.0 (26388100)|STATEMENT_EXECUTE|[16]
14:22:28.0 (26397603)|HEAP_ALLOCATE|[16]|Bytes:27
14:22:28.0 (26406892)|USER_DEBUG|[16]|DEBUG|nombre de la quote: QUOTE 2
14:22:28.0 (26414801)|STATEMENT_EXECUTE|[17]
14:22:28.0 (26419358)|METHOD_ENTRY|[17]|01pf4000008WnsX|ViewQuotePDF.StringPDF(Quote)
14:22:28.0 (26424949)|VARIABLE_SCOPE_BEGIN|[35]|quote|Quote|true|false
14:22:28.0 (26435633)|VARIABLE_ASSIGNMENT|[35]|quote|{"Name":"QUOTE 2","Id":"0Q0f40000009kLZCAY"}|0x1faf1e0b
14:22:28.0 (26449095)|HEAP_ALLOCATE|[37]|Bytes:5
14:22:28.0 (26453376)|STATEMENT_EXECUTE|[35]
14:22:28.0 (26454881)|STATEMENT_EXECUTE|[36]
14:22:28.0 (26461803)|HEAP_ALLOCATE|[37]|Bytes:18
14:22:28.0 (26469604)|METHOD_EXIT|[17]|01pf4000008WnsX|ViewQuotePDF.StringPDF(Quote)
14:22:28.0 (26725141)|HEAP_ALLOCATE|[17]|Bytes:4
14:22:28.0 (26748763)|VARIABLE_ASSIGNMENT|[17]|b|BLOB(882 bytes)
14:22:28.0 (26763819)|HEAP_ALLOCATE|[15]|Bytes:5
14:22:28.0 (26775319)|HEAP_ALLOCATE|[15]|Bytes:12
14:22:28.0 (26782462)|VARIABLE_SCOPE_BEGIN|[15]|q|Quote|true|false
14:22:28.0 (26796197)|VARIABLE_ASSIGNMENT|[15]|q|{"Name":"QUOTE 2","Id":"0Q0f40000009kLaCAI"}|0x4443823a
14:22:28.0 (26801713)|STATEMENT_EXECUTE|[15]
14:22:28.0 (26803349)|STATEMENT_EXECUTE|[16]
14:22:28.0 (26813121)|HEAP_ALLOCATE|[16]|Bytes:27
14:22:28.0 (26822340)|USER_DEBUG|[16]|DEBUG|nombre de la quote: QUOTE 2
14:22:28.0 (26830386)|STATEMENT_EXECUTE|[17]
14:22:28.0 (26835069)|METHOD_ENTRY|[17]|01pf4000008WnsX|ViewQuotePDF.StringPDF(Quote)
14:22:28.0 (26841326)|VARIABLE_SCOPE_BEGIN|[35]|quote|Quote|true|false
14:22:28.0 (26852087)|VARIABLE_ASSIGNMENT|[35]|quote|{"Name":"QUOTE 2","Id":"0Q0f40000009kLaCAI"}|0x4443823a
14:22:28.0 (26866367)|HEAP_ALLOCATE|[37]|Bytes:5
14:22:28.0 (26870595)|STATEMENT_EXECUTE|[35]
14:22:28.0 (26872228)|STATEMENT_EXECUTE|[36]
14:22:28.0 (26879367)|HEAP_ALLOCATE|[37]|Bytes:18
14:22:28.0 (26887145)|METHOD_EXIT|[17]|01pf4000008WnsX|ViewQuotePDF.StringPDF(Quote)
14:22:28.0 (27136705)|HEAP_ALLOCATE|[17]|Bytes:4
14:22:28.0 (27161477)|VARIABLE_ASSIGNMENT|[17]|b|BLOB(882 bytes)
14:22:28.0 (27176197)|HEAP_ALLOCATE|[15]|Bytes:5
14:22:28.0 (27188058)|HEAP_ALLOCATE|[15]|Bytes:12
14:22:28.0 (27194797)|VARIABLE_SCOPE_BEGIN|[15]|q|Quote|true|false
14:22:28.0 (27208415)|VARIABLE_ASSIGNMENT|[15]|q|{"Name":"QUOTE 2","Id":"0Q0f40000009kLUCAY"}|0x1602439e
14:22:28.0 (27214226)|STATEMENT_EXECUTE|[15]
14:22:28.0 (27215877)|STATEMENT_EXECUTE|[16]
14:22:28.0 (27225610)|HEAP_ALLOCATE|[16]|Bytes:27
14:22:28.0 (27234886)|USER_DEBUG|[16]|DEBUG|nombre de la quote: QUOTE 2
14:22:28.0 (27242617)|STATEMENT_EXECUTE|[17]
14:22:28.0 (27247266)|METHOD_ENTRY|[17]|01pf4000008WnsX|ViewQuotePDF.StringPDF(Quote)
14:22:28.0 (27252633)|VARIABLE_SCOPE_BEGIN|[35]|quote|Quote|true|false
14:22:28.0 (27263209)|VARIABLE_ASSIGNMENT|[35]|quote|{"Name":"QUOTE 2","Id":"0Q0f40000009kLUCAY"}|0x1602439e
14:22:28.0 (27276691)|HEAP_ALLOCATE|[37]|Bytes:5
14:22:28.0 (27280694)|STATEMENT_EXECUTE|[35]
14:22:28.0 (27282187)|STATEMENT_EXECUTE|[36]
14:22:28.0 (27289008)|HEAP_ALLOCATE|[37]|Bytes:18
14:22:28.0 (27296685)|METHOD_EXIT|[17]|01pf4000008WnsX|ViewQuotePDF.StringPDF(Quote)
14:22:28.0 (27560354)|HEAP_ALLOCATE|[17]|Bytes:4
14:22:28.0 (27584357)|VARIABLE_ASSIGNMENT|[17]|b|BLOB(882 bytes)
14:22:28.0 (27599253)|HEAP_ALLOCATE|[15]|Bytes:5
14:22:28.0 (27616944)|HEAP_ALLOCATE|[15]|Bytes:12
14:22:28.0 (27624244)|VARIABLE_SCOPE_BEGIN|[15]|q|Quote|true|false
14:22:28.0 (27638358)|VARIABLE_ASSIGNMENT|[15]|q|{"Name":"QUOTE 2","Id":"0Q0f40000009kLFCAY"}|0x5ee5cda
14:22:28.0 (27644210)|STATEMENT_EXECUTE|[15]
14:22:28.0 (27645809)|STATEMENT_EXECUTE|[16]
14:22:28.0 (27655845)|HEAP_ALLOCATE|[16]|Bytes:27
14:22:28.0 (27665359)|USER_DEBUG|[16]|DEBUG|nombre de la quote: QUOTE 2
14:22:28.0 (27673308)|STATEMENT_EXECUTE|[17]
14:22:28.0 (27678861)|METHOD_ENTRY|[17]|01pf4000008WnsX|ViewQuotePDF.StringPDF(Quote)
14:22:28.0 (27686916)|VARIABLE_SCOPE_BEGIN|[35]|quote|Quote|true|false
14:22:28.0 (27697530)|VARIABLE_ASSIGNMENT|[35]|quote|{"Name":"QUOTE 2","Id":"0Q0f40000009kLFCAY"}|0x5ee5cda
14:22:28.0 (27711098)|HEAP_ALLOCATE|[37]|Bytes:5
14:22:28.0 (27715347)|STATEMENT_EXECUTE|[35]
14:22:28.0 (27716880)|STATEMENT_EXECUTE|[36]
14:22:28.0 (27723775)|HEAP_ALLOCATE|[37]|Bytes:18
14:22:28.0 (27731513)|METHOD_EXIT|[17]|01pf4000008WnsX|ViewQuotePDF.StringPDF(Quote)
14:22:28.0 (27986666)|HEAP_ALLOCATE|[17]|Bytes:4
14:22:28.0 (28010573)|VARIABLE_ASSIGNMENT|[17]|b|BLOB(882 bytes)
14:22:28.0 (28026209)|HEAP_ALLOCATE|[15]|Bytes:5
14:22:28.0 (28038259)|HEAP_ALLOCATE|[15]|Bytes:12
14:22:28.0 (28044895)|VARIABLE_SCOPE_BEGIN|[15]|q|Quote|true|false
14:22:28.0 (28058199)|VARIABLE_ASSIGNMENT|[15]|q|{"Name":"QUOTE 2","Id":"0Q0f40000009kLoCAI"}|0x6256452a
14:22:28.0 (28063564)|STATEMENT_EXECUTE|[15]
14:22:28.0 (28065242)|STATEMENT_EXECUTE|[16]
14:22:28.0 (28074885)|HEAP_ALLOCATE|[16]|Bytes:27
14:22:28.0 (28084735)|USER_DEBUG|[16]|DEBUG|nombre de la quote: QUOTE 2
14:22:28.0 (28092143)|STATEMENT_EXECUTE|[17]
14:22:28.0 (28096919)|METHOD_ENTRY|[17]|01pf4000008WnsX|ViewQuotePDF.StringPDF(Quote)
14:22:28.0 (28102100)|VARIABLE_SCOPE_BEGIN|[35]|quote|Quote|true|false
14:22:28.0 (28112490)|VARIABLE_ASSIGNMENT|[35]|quote|{"Name":"QUOTE 2","Id":"0Q0f40000009kLoCAI"}|0x6256452a
14:22:28.0 (28125861)|HEAP_ALLOCATE|[37]|Bytes:5
14:22:28.0 (28130415)|STATEMENT_EXECUTE|[35]
14:22:28.0 (28131924)|STATEMENT_EXECUTE|[36]
14:22:28.0 (28138809)|HEAP_ALLOCATE|[37]|Bytes:18
14:22:28.0 (28146372)|METHOD_EXIT|[17]|01pf4000008WnsX|ViewQuotePDF.StringPDF(Quote)
14:22:28.0 (28400994)|HEAP_ALLOCATE|[17]|Bytes:4
14:22:28.0 (28425113)|VARIABLE_ASSIGNMENT|[17]|b|BLOB(882 bytes)
14:22:28.0 (28440148)|HEAP_ALLOCATE|[15]|Bytes:5
14:22:28.0 (28451519)|HEAP_ALLOCATE|[15]|Bytes:12
14:22:28.0 (28458182)|VARIABLE_SCOPE_BEGIN|[15]|q|Quote|true|false
14:22:28.0 (28471732)|VARIABLE_ASSIGNMENT|[15]|q|{"Name":"QUOTE 2","Id":"0Q0f40000009kMSCAY"}|0x3adc5908
14:22:28.0 (28477238)|STATEMENT_EXECUTE|[15]
14:22:28.0 (28478872)|STATEMENT_EXECUTE|[16]
14:22:28.0 (28488685)|HEAP_ALLOCATE|[16]|Bytes:27
14:22:28.0 (28498235)|USER_DEBUG|[16]|DEBUG|nombre de la quote: QUOTE 2
14:22:28.0 (28505946)|STATEMENT_EXECUTE|[17]
14:22:28.0 (28510798)|METHOD_ENTRY|[17]|01pf4000008WnsX|ViewQuotePDF.StringPDF(Quote)
14:22:28.0 (28516013)|VARIABLE_SCOPE_BEGIN|[35]|quote|Quote|true|false
14:22:28.0 (28525846)|VARIABLE_ASSIGNMENT|[35]|quote|{"Name":"QUOTE 2","Id":"0Q0f40000009kMSCAY"}|0x3adc5908
14:22:28.0 (28539467)|HEAP_ALLOCATE|[37]|Bytes:5
14:22:28.0 (28544152)|STATEMENT_EXECUTE|[35]
14:22:28.0 (28545649)|STATEMENT_EXECUTE|[36]
14:22:28.0 (28552558)|HEAP_ALLOCATE|[37]|Bytes:18
14:22:28.0 (28560297)|METHOD_EXIT|[17]|01pf4000008WnsX|ViewQuotePDF.StringPDF(Quote)
14:22:28.0 (28933227)|HEAP_ALLOCATE|[17]|Bytes:4
14:22:28.0 (28959432)|VARIABLE_ASSIGNMENT|[17]|b|BLOB(882 bytes)
14:22:28.0 (28974794)|HEAP_ALLOCATE|[15]|Bytes:5
14:22:28.0 (28986670)|VARIABLE_ASSIGNMENT|[15]|q|null|
14:22:28.0 (28992221)|STATEMENT_EXECUTE|[19]
14:22:28.0 (28996116)|HEAP_ALLOCATE|[19]|Bytes:53
14:22:28.0 (29017937)|HEAP_ALLOCATE|[19]|Bytes:4
14:22:28.0 (29029380)|HEAP_ALLOCATE|[19]|Bytes:7
14:22:28.0 (29069281)|HEAP_ALLOCATE|[19]|Bytes:12
14:22:28.0 (29886020)|SOQL_EXECUTE_BEGIN|[19]|Aggregations:0|SELECT Body FROM Attachment WHERE ParentId = :tmpVar1
14:22:28.0 (32943638)|SOQL_EXECUTE_END|[19]|Rows:0
14:22:28.0 (32969274)|HEAP_ALLOCATE|[19]|Bytes:4
14:22:28.0 (32978454)|HEAP_ALLOCATE|[19]|Bytes:0
14:22:28.0 (33058732)|HEAP_ALLOCATE|[19]|Bytes:4
14:22:28.0 (33072190)|VARIABLE_SCOPE_BEGIN|[19]|attachements|List<Attachment>|true|false
14:22:28.0 (33088601)|VARIABLE_ASSIGNMENT|[19]|attachements|[]|0x49e718b3
14:22:28.0 (33094647)|STATEMENT_EXECUTE|[21]
14:22:28.0 (33101746)|HEAP_ALLOCATE|[21]|Bytes:21
14:22:28.0 (33131222)|USER_DEBUG|[21]|DEBUG|before blob to string
14:22:28.0 (33140244)|STATEMENT_EXECUTE|[27]
14:22:28.0 (33192097)|HEAP_ALLOCATE|[27]|Bytes:15
14:22:28.0 (33206817)|SYSTEM_METHOD_ENTRY|[1]|EncodingUtil.EncodingUtil()
14:22:28.0 (33210918)|STATEMENT_EXECUTE|[1]
14:22:28.0 (33219157)|SYSTEM_METHOD_EXIT|[1]|EncodingUtil
14:22:28.0 (33230350)|METHOD_ENTRY|[27]||System.EncodingUtil.base64Encode(Blob)
14:22:28.0 (33302276)|METHOD_EXIT|[27]||System.EncodingUtil.base64Encode(Blob)
14:22:28.0 (33315065)|SYSTEM_MODE_EXIT|false
14:22:28.33 (33341471)|CUMULATIVE_LIMIT_USAGE
14:22:28.33 (33341471)|LIMIT_USAGE_FOR_NS|(default)|
  Number of SOQL queries: 2 out of 100
  Number of query rows: 32 out of 50000
  Number of SOSL queries: 0 out of 20
  Number of DML statements: 0 out of 150
  Number of DML rows: 0 out of 10000
  Maximum CPU time: 0 out of 10000
  Maximum heap size: 0 out of 6000000
  Number of callouts: 0 out of 100
  Number of Email Invocations: 0 out of 10
  Number of future calls: 0 out of 50
  Number of queueable jobs added to the queue: 0 out of 50
  Number of Mobile Apex push calls: 0 out of 10

14:22:28.33 (33341471)|CUMULATIVE_LIMIT_USAGE_END

14:22:28.0 (33370303)|CODE_UNIT_FINISHED|ViewQuotePDF.getPDF
14:22:28.0 (33433164)|CODE_UNIT_FINISHED|Aura
14:22:28.0 (34581885)|EXECUTION_FINISHED
