42.0 APEX_CODE,FINEST;APEX_PROFILING,INFO;CALLOUT,INFO;DB,INFO;SYSTEM,DEBUG;VALIDATION,INFO;VISUALFORCE,INFO;WAVE,INFO;WORKFLOW,INFO
11:04:16.0 (61839)|USER_INFO|[EXTERNAL]|005f4000001uuP2|nmolinam@deloitte.com|Hora de Venezuela|GMT-04:00
11:04:16.0 (90661)|EXECUTION_STARTED
11:04:16.0 (95419)|CODE_UNIT_STARTED|[EXTERNAL]|Aura
11:04:16.0 (725918)|HEAP_ALLOCATE|[72]|Bytes:3
11:04:16.0 (756113)|HEAP_ALLOCATE|[77]|Bytes:152
11:04:16.0 (771089)|HEAP_ALLOCATE|[342]|Bytes:408
11:04:16.0 (784243)|HEAP_ALLOCATE|[355]|Bytes:408
11:04:16.0 (794818)|HEAP_ALLOCATE|[467]|Bytes:48
11:04:16.0 (820418)|HEAP_ALLOCATE|[139]|Bytes:6
11:04:16.0 (832693)|HEAP_ALLOCATE|[EXTERNAL]|Bytes:18
11:04:16.0 (841828)|HEAP_ALLOCATE|[EXTERNAL]|Bytes:4
11:04:16.0 (1662577)|CODE_UNIT_STARTED|[EXTERNAL]|01pf4000009Vx35|CloneQuote.cloneQuote
11:04:16.0 (1787541)|HEAP_ALLOCATE|[EXTERNAL]|Bytes:1
11:04:16.0 (1800096)|METHOD_ENTRY|[1]|01pf4000009Vx35|CloneQuote.CloneQuote()
11:04:16.0 (1806335)|STATEMENT_EXECUTE|[1]
11:04:16.0 (1810128)|STATEMENT_EXECUTE|[1]
11:04:16.0 (1843269)|HEAP_ALLOCATE|[50]|Bytes:5
11:04:16.0 (1864715)|HEAP_ALLOCATE|[56]|Bytes:5
11:04:16.0 (1872451)|HEAP_ALLOCATE|[64]|Bytes:7
11:04:16.0 (1894336)|SYSTEM_MODE_ENTER|false
11:04:16.0 (1906709)|HEAP_ALLOCATE|[EXTERNAL]|Bytes:5
11:04:16.0 (1915361)|SYSTEM_MODE_EXIT|false
11:04:16.0 (1923328)|METHOD_EXIT|[1]|CloneQuote
11:04:16.0 (1928539)|HEAP_ALLOCATE|[EXTERNAL]|Bytes:4
11:04:16.0 (1937737)|SYSTEM_MODE_ENTER|false
11:04:16.0 (1945468)|VARIABLE_SCOPE_BEGIN|[3]|quoteId|Id|false|false
11:04:16.0 (2096911)|VARIABLE_ASSIGNMENT|[3]|quoteId|"0Q0f40000009bwtCAA"
11:04:16.0 (2119062)|HEAP_ALLOCATE|[4]|Bytes:5
11:04:16.0 (2124383)|STATEMENT_EXECUTE|[3]
11:04:16.0 (2126300)|STATEMENT_EXECUTE|[4]
11:04:16.0 (2129656)|HEAP_ALLOCATE|[4]|Bytes:42
11:04:16.0 (2147099)|HEAP_ALLOCATE|[4]|Bytes:4
11:04:16.0 (2158756)|HEAP_ALLOCATE|[4]|Bytes:7
11:04:16.0 (2503975)|SOQL_EXECUTE_BEGIN|[4]|Aggregations:0|SELECT Name FROM QUOTE WHERE ID = :tmpVar1
11:04:16.0 (4952890)|SOQL_EXECUTE_END|[4]|Rows:1
11:04:16.0 (4978731)|HEAP_ALLOCATE|[4]|Bytes:8
11:04:16.0 (4995438)|HEAP_ALLOCATE|[4]|Bytes:44
11:04:16.0 (5086577)|HEAP_ALLOCATE|[4]|Bytes:8
11:04:16.0 (5099031)|HEAP_ALLOCATE|[4]|Bytes:31
11:04:16.0 (5150820)|HEAP_ALLOCATE|[4]|Bytes:12
11:04:16.0 (5158681)|VARIABLE_SCOPE_BEGIN|[4]|q1|Quote|true|false
11:04:16.0 (5182330)|VARIABLE_ASSIGNMENT|[4]|q1|{"Name":"QUOTE 2","Id":"0Q0f40000009bwtCAA"}|0x2d53381a
11:04:16.0 (5189256)|STATEMENT_EXECUTE|[5]
11:04:16.0 (5192181)|VARIABLE_SCOPE_BEGIN|[5]|q2|Quote|true|false
11:04:16.0 (5202053)|VARIABLE_ASSIGNMENT|[5]|q2|{"Name":"QUOTE 2","Id":"0Q0f40000009bwtCAA"}|0x2d53381a
11:04:16.0 (5207092)|STATEMENT_EXECUTE|[6]
11:04:16.0 (5259095)|VARIABLE_ASSIGNMENT|[6]|this.Id|null|0x2d53381a
11:04:16.0 (5265946)|STATEMENT_EXECUTE|[7]
11:04:16.0 (5287217)|HEAP_ALLOCATE|[7]|Bytes:8
11:04:16.0 (5298625)|DML_BEGIN|[7]|Op:Insert|Type:Quote|Rows:1
11:04:16.0 (5328441)|HEAP_ALLOCATE|[EXTERNAL]|Bytes:8
11:04:16.0 (10616592)|DML_END|[7]
11:04:16.0 (10695459)|EXCEPTION_THROWN|[7]|System.DmlException: Insert failed. First exception on row 0; first error: REQUIRED_FIELD_MISSING, Required fields are missing: [Opportunity Name]: [Opportunity Name]
11:04:16.0 (10973731)|HEAP_ALLOCATE|[7]|Bytes:149
11:04:16.0 (11070595)|FATAL_ERROR|System.DmlException: Insert failed. First exception on row 0; first error: REQUIRED_FIELD_MISSING, Required fields are missing: [Opportunity Name]: [Opportunity Name]

Class.CloneQuote.cloneQuote: line 7, column 1
11:04:16.0 (11085183)|FATAL_ERROR|System.DmlException: Insert failed. First exception on row 0; first error: REQUIRED_FIELD_MISSING, Required fields are missing: [Opportunity Name]: [Opportunity Name]

Class.CloneQuote.cloneQuote: line 7, column 1
11:04:16.11 (11101948)|CUMULATIVE_LIMIT_USAGE
11:04:16.11 (11101948)|LIMIT_USAGE_FOR_NS|(default)|
  Number of SOQL queries: 1 out of 100
  Number of query rows: 1 out of 50000
  Number of SOSL queries: 0 out of 20
  Number of DML statements: 1 out of 150
  Number of DML rows: 1 out of 10000
  Maximum CPU time: 0 out of 10000
  Maximum heap size: 0 out of 6000000
  Number of callouts: 0 out of 100
  Number of Email Invocations: 0 out of 10
  Number of future calls: 0 out of 50
  Number of queueable jobs added to the queue: 0 out of 50
  Number of Mobile Apex push calls: 0 out of 10

11:04:16.11 (11101948)|CUMULATIVE_LIMIT_USAGE_END

11:04:16.0 (11132405)|CODE_UNIT_FINISHED|CloneQuote.cloneQuote
11:04:16.0 (13410131)|CODE_UNIT_FINISHED|Aura
11:04:16.0 (14461415)|EXECUTION_FINISHED
