42.0 APEX_CODE,FINEST;APEX_PROFILING,INFO;CALLOUT,INFO;DB,INFO;SYSTEM,DEBUG;VALIDATION,INFO;VISUALFORCE,INFO;WAVE,INFO;WORKFLOW,INFO
Execute Anonymous: CloneQuote.cloneQuote('0Q0f40000009bwtCAA');
12:14:05.1 (1065725)|USER_INFO|[EXTERNAL]|005f4000001uuP2|nmolinam@deloitte.com|Hora de Venezuela|GMT-04:00
12:14:05.1 (1084561)|EXECUTION_STARTED
12:14:05.1 (1089473)|CODE_UNIT_STARTED|[EXTERNAL]|execute_anonymous_apex
12:14:05.1 (1284998)|HEAP_ALLOCATE|[72]|Bytes:3
12:14:05.1 (1327900)|HEAP_ALLOCATE|[77]|Bytes:152
12:14:05.1 (1349356)|HEAP_ALLOCATE|[342]|Bytes:408
12:14:05.1 (1362676)|HEAP_ALLOCATE|[355]|Bytes:408
12:14:05.1 (1373426)|HEAP_ALLOCATE|[467]|Bytes:48
12:14:05.1 (1400278)|HEAP_ALLOCATE|[139]|Bytes:6
12:14:05.1 (1417254)|HEAP_ALLOCATE|[EXTERNAL]|Bytes:1
12:14:05.1 (1501531)|STATEMENT_EXECUTE|[1]
12:14:05.1 (1504240)|STATEMENT_EXECUTE|[1]
12:14:05.1 (1507000)|HEAP_ALLOCATE|[1]|Bytes:18
12:14:05.1 (1527930)|HEAP_ALLOCATE|[1]|Bytes:4
12:14:05.1 (1578889)|HEAP_ALLOCATE|[50]|Bytes:5
12:14:05.1 (1600800)|HEAP_ALLOCATE|[56]|Bytes:5
12:14:05.1 (1607242)|HEAP_ALLOCATE|[64]|Bytes:7
12:14:05.1 (1628936)|SYSTEM_MODE_ENTER|false
12:14:05.1 (1649161)|HEAP_ALLOCATE|[1]|Bytes:5
12:14:05.1 (9874286)|HEAP_ALLOCATE|[1]|Bytes:1
12:14:05.1 (9895098)|METHOD_ENTRY|[1]|01pf4000009Vx35|CloneQuote.CloneQuote()
12:14:05.1 (9901869)|STATEMENT_EXECUTE|[1]
12:14:05.1 (9907159)|STATEMENT_EXECUTE|[1]
12:14:05.1 (9919030)|HEAP_ALLOCATE|[1]|Bytes:5
12:14:05.1 (9930711)|METHOD_EXIT|[1]|CloneQuote
12:14:05.1 (9958035)|METHOD_ENTRY|[1]|01pf4000009Vx35|CloneQuote.cloneQuote(Id)
12:14:05.1 (9990431)|VARIABLE_SCOPE_BEGIN|[3]|quoteId|Id|false|false
12:14:05.1 (10117631)|VARIABLE_ASSIGNMENT|[3]|quoteId|"0Q0f40000009bwtCAA"
12:14:05.1 (10139107)|HEAP_ALLOCATE|[6]|Bytes:5
12:14:05.1 (10144705)|STATEMENT_EXECUTE|[3]
12:14:05.1 (10146572)|STATEMENT_EXECUTE|[4]
12:14:05.1 (10149770)|HEAP_ALLOCATE|[6]|Bytes:95
12:14:05.1 (10172710)|HEAP_ALLOCATE|[6]|Bytes:4
12:14:05.1 (10187781)|HEAP_ALLOCATE|[6]|Bytes:7
12:14:05.1 (10561557)|SOQL_EXECUTE_BEGIN|[6]|Aggregations:1|SELECT Name, OPPORTUNITYiD, (SELECT QuoteId FROM QuoteLineItems) FROM QUOTE WHERE ID = :tmpVar1
12:14:05.1 (14557387)|SOQL_EXECUTE_END|[6]|Rows:1
12:14:05.1 (14585846)|HEAP_ALLOCATE|[6]|Bytes:8
12:14:05.1 (14608364)|HEAP_ALLOCATE|[6]|Bytes:213
12:14:05.1 (14708776)|HEAP_ALLOCATE|[6]|Bytes:8
12:14:05.1 (14720736)|HEAP_ALLOCATE|[4]|Bytes:31
12:14:05.1 (14766431)|HEAP_ALLOCATE|[4]|Bytes:20
12:14:05.1 (14773286)|VARIABLE_SCOPE_BEGIN|[4]|q1|Quote|true|false
12:14:05.1 (14802200)|VARIABLE_ASSIGNMENT|[4]|q1|{"Name":"QUOTE 2","OpportunityId":"006f400000AO4MJAA1","Id":"0Q0f40000009bwtCAA","QuoteLineItems":[{"QuoteId":"0Q0f40000009bwtCAA","Id":"0QLf4000000sNKqGAM"},{"QuoteId":"0Q0f40000009bwtCAA","Id":"0QLf4000000sNKrGAM"}]}|0x2aa2e7ea
12:14:05.1 (14811197)|STATEMENT_EXECUTE|[10]
12:14:05.1 (14904024)|HEAP_ALLOCATE|[10]|Bytes:188
12:14:05.1 (14910182)|HEAP_ALLOCATE|[10]|Bytes:16
12:14:05.1 (14926991)|VARIABLE_SCOPE_BEGIN|[10]|q2|Quote|true|false
12:14:05.1 (14944304)|VARIABLE_ASSIGNMENT|[10]|q2|{"Name":"QUOTE 2","OpportunityId":"006f400000AO4MJAA1","QuoteLineItems":[{"QuoteId":"0Q0f40000009bwtCAA","Id":"0QLf4000000sNKqGAM"},{"QuoteId":"0Q0f40000009bwtCAA","Id":"0QLf4000000sNKrGAM"}]}|0x5a706e4c
12:14:05.1 (14951630)|STATEMENT_EXECUTE|[13]
12:14:05.1 (14955681)|HEAP_ALLOCATE|[13]|Bytes:14
12:14:05.1 (14959601)|HEAP_ALLOCATE|[13]|Bytes:13
12:14:05.1 (14998729)|HEAP_ALLOCATE|[EXTERNAL]|Bytes:12
12:14:05.1 (15041415)|HEAP_ALLOCATE|[13]|Bytes:12
12:14:05.1 (15053585)|VARIABLE_SCOPE_BEGIN|[13]|items|List<QuoteLineItem>|true|false
12:14:05.1 (15073479)|VARIABLE_ASSIGNMENT|[13]|items|[{"QuoteId":"0Q0f40000009bwtCAA","Id":"0QLf4000000sNKqGAM"},{"QuoteId":"0Q0f40000009bwtCAA","Id":"0QLf4000000sNKrGAM"}]|0x638299e
12:14:05.1 (15078959)|STATEMENT_EXECUTE|[15]
12:14:05.1 (15107051)|HEAP_ALLOCATE|[15]|Bytes:-4
12:14:05.1 (15119025)|VARIABLE_ASSIGNMENT|[15]|this.Id|null|0x5a706e4c
12:14:05.1 (15124185)|STATEMENT_EXECUTE|[16]
12:14:05.1 (15145827)|HEAP_ALLOCATE|[16]|Bytes:8
12:14:05.1 (15156799)|DML_BEGIN|[16]|Op:Insert|Type:Quote|Rows:1
12:14:05.1 (15185266)|HEAP_ALLOCATE|[EXTERNAL]|Bytes:8
12:14:05.1 (65809363)|DML_END|[16]
12:14:05.1 (66153269)|HEAP_ALLOCATE|[17]|Bytes:5
12:14:05.1 (66185307)|HEAP_ALLOCATE|[17]|Bytes:12
12:14:05.1 (66199324)|VARIABLE_SCOPE_BEGIN|[17]|i|QuoteLineItem|true|false
12:14:05.1 (66232014)|VARIABLE_ASSIGNMENT|[17]|i|{"QuoteId":"0Q0f40000009bwtCAA","Id":"0QLf4000000sNKqGAM"}|0x61b170ce
12:14:05.1 (66242157)|STATEMENT_EXECUTE|[17]
12:14:05.1 (66245101)|STATEMENT_EXECUTE|[18]
12:14:05.1 (66561788)|HEAP_ALLOCATE|[18]|Bytes:49
12:14:05.1 (66589714)|METHOD_EXIT|[1]|01pf4000009Vx35|CloneQuote.cloneQuote(Id)
12:14:05.1 (66598103)|SYSTEM_MODE_EXIT|false
12:14:05.1 (66676078)|FATAL_ERROR|System.SObjectException: Field is not writeable: QuoteLineItem.QuoteId

Class.CloneQuote.cloneQuote: line 18, column 1
AnonymousBlock: line 1, column 1
AnonymousBlock: line 1, column 1
12:14:05.66 (66726985)|CUMULATIVE_LIMIT_USAGE
12:14:05.66 (66726985)|LIMIT_USAGE_FOR_NS|(default)|
  Number of SOQL queries: 1 out of 100
  Number of query rows: 3 out of 50000
  Number of SOSL queries: 0 out of 20
  Number of DML statements: 1 out of 150
  Number of DML rows: 1 out of 10000
  Maximum CPU time: 0 out of 10000
  Maximum heap size: 0 out of 6000000
  Number of callouts: 0 out of 100
  Number of Email Invocations: 0 out of 10
  Number of future calls: 0 out of 50
  Number of queueable jobs added to the queue: 0 out of 50
  Number of Mobile Apex push calls: 0 out of 10

12:14:05.66 (66726985)|CUMULATIVE_LIMIT_USAGE_END

12:14:05.1 (66764970)|CODE_UNIT_FINISHED|execute_anonymous_apex
12:14:05.1 (68039439)|EXECUTION_FINISHED
