42.0 APEX_CODE,FINEST;APEX_PROFILING,INFO;CALLOUT,INFO;DB,INFO;SYSTEM,DEBUG;VALIDATION,INFO;VISUALFORCE,INFO;WAVE,INFO;WORKFLOW,INFO
14:12:59.0 (452783)|USER_INFO|[EXTERNAL]|005f4000001uuP2|nmolinam@deloitte.com|Hora de Venezuela|GMT-04:00
14:12:59.0 (496429)|EXECUTION_STARTED
14:12:59.0 (500942)|CODE_UNIT_STARTED|[EXTERNAL]|Aura
14:12:59.0 (2032555)|CODE_UNIT_STARTED|[EXTERNAL]|01pf4000009Vx35|CloneQuote.cloneQuote
14:12:59.0 (2313955)|HEAP_ALLOCATE|[72]|Bytes:3
14:12:59.0 (2387781)|HEAP_ALLOCATE|[77]|Bytes:152
14:12:59.0 (2407062)|HEAP_ALLOCATE|[342]|Bytes:408
14:12:59.0 (2422452)|HEAP_ALLOCATE|[355]|Bytes:408
14:12:59.0 (2433353)|HEAP_ALLOCATE|[467]|Bytes:48
14:12:59.0 (2461394)|HEAP_ALLOCATE|[139]|Bytes:6
14:12:59.0 (2473537)|HEAP_ALLOCATE|[EXTERNAL]|Bytes:1
14:12:59.0 (2506241)|METHOD_ENTRY|[1]|01pf4000009Vx35|CloneQuote.CloneQuote()
14:12:59.0 (2513848)|STATEMENT_EXECUTE|[1]
14:12:59.0 (2537751)|STATEMENT_EXECUTE|[1]
14:12:59.0 (2569764)|HEAP_ALLOCATE|[50]|Bytes:5
14:12:59.0 (2597167)|HEAP_ALLOCATE|[56]|Bytes:5
14:12:59.0 (2604493)|HEAP_ALLOCATE|[64]|Bytes:7
14:12:59.0 (2635025)|SYSTEM_MODE_ENTER|false
14:12:59.0 (2792550)|HEAP_ALLOCATE|[EXTERNAL]|Bytes:5
14:12:59.0 (2801664)|SYSTEM_MODE_EXIT|false
14:12:59.0 (2811204)|METHOD_EXIT|[1]|CloneQuote
14:12:59.0 (2823901)|SYSTEM_MODE_ENTER|false
14:12:59.0 (2834136)|VARIABLE_SCOPE_BEGIN|[3]|quoteId|Id|false|false
14:12:59.0 (2854611)|VARIABLE_ASSIGNMENT|[3]|quoteId|null
14:12:59.0 (2875084)|HEAP_ALLOCATE|[6]|Bytes:5
14:12:59.0 (2880648)|STATEMENT_EXECUTE|[3]
14:12:59.0 (2882773)|STATEMENT_EXECUTE|[4]
14:12:59.0 (2886940)|HEAP_ALLOCATE|[6]|Bytes:183
14:12:59.0 (2910885)|HEAP_ALLOCATE|[6]|Bytes:4
14:12:59.0 (2923778)|HEAP_ALLOCATE|[6]|Bytes:7
14:12:59.0 (3639572)|SOQL_EXECUTE_BEGIN|[6]|Aggregations:1|SELECT Name, OPPORTUNITYiD, Pricebook2Id, (SELECT QuoteId, Description, Discount, PricebookEntryId, Quantity, Product2Id, UnitPrice FROM QuoteLineItems) FROM QUOTE WHERE ID = :tmpVar1
14:12:59.0 (8165437)|SOQL_EXECUTE_END|[6]|Rows:0
14:12:59.0 (8195000)|HEAP_ALLOCATE|[6]|Bytes:4
14:12:59.0 (8210863)|HEAP_ALLOCATE|[6]|Bytes:0
14:12:59.0 (8337112)|HEAP_ALLOCATE|[6]|Bytes:4
14:12:59.0 (8351323)|HEAP_ALLOCATE|[4]|Bytes:31
14:12:59.0 (8438878)|HEAP_ALLOCATE|[4]|Bytes:46
14:12:59.0 (8611018)|FATAL_ERROR|System.QueryException: List has no rows for assignment to SObject

Class.CloneQuote.cloneQuote: line 4, column 1
14:12:59.0 (8623327)|FATAL_ERROR|System.QueryException: List has no rows for assignment to SObject

Class.CloneQuote.cloneQuote: line 4, column 1
14:12:59.8 (8629459)|CUMULATIVE_LIMIT_USAGE
14:12:59.8 (8629459)|LIMIT_USAGE_FOR_NS|(default)|
  Number of SOQL queries: 1 out of 100
  Number of query rows: 0 out of 50000
  Number of SOSL queries: 0 out of 20
  Number of DML statements: 0 out of 150
  Number of DML rows: 0 out of 10000
  Maximum CPU time: 0 out of 10000
  Maximum heap size: 0 out of 6000000
  Number of callouts: 0 out of 100
  Number of Email Invocations: 0 out of 10
  Number of future calls: 0 out of 50
  Number of queueable jobs added to the queue: 0 out of 50
  Number of Mobile Apex push calls: 0 out of 10

14:12:59.8 (8629459)|CUMULATIVE_LIMIT_USAGE_END

14:12:59.0 (8666800)|CODE_UNIT_FINISHED|CloneQuote.cloneQuote
14:12:59.0 (12693500)|CODE_UNIT_FINISHED|Aura
14:12:59.0 (13611910)|EXECUTION_FINISHED
