42.0 APEX_CODE,FINEST;APEX_PROFILING,INFO;CALLOUT,INFO;DB,INFO;SYSTEM,DEBUG;VALIDATION,INFO;VISUALFORCE,INFO;WAVE,INFO;WORKFLOW,INFO
14:43:56.0 (339750)|USER_INFO|[EXTERNAL]|005f4000001uuP2|nmolinam@deloitte.com|Hora de Venezuela|GMT-04:00
14:43:56.0 (395131)|EXECUTION_STARTED
14:43:56.0 (400397)|CODE_UNIT_STARTED|[EXTERNAL]|01pf4000008h69q|testBlobToPDF.testBlobPDF
14:43:56.0 (1061408)|HEAP_ALLOCATE|[72]|Bytes:3
14:43:56.0 (1123531)|HEAP_ALLOCATE|[77]|Bytes:152
14:43:56.0 (1140716)|HEAP_ALLOCATE|[342]|Bytes:408
14:43:56.0 (1153910)|HEAP_ALLOCATE|[355]|Bytes:408
14:43:56.0 (1166737)|HEAP_ALLOCATE|[467]|Bytes:48
14:43:56.0 (1197463)|HEAP_ALLOCATE|[139]|Bytes:6
14:43:56.0 (1212542)|HEAP_ALLOCATE|[EXTERNAL]|Bytes:5
14:43:56.0 (1240103)|HEAP_ALLOCATE|[EXTERNAL]|Bytes:8
14:43:56.0 (1281997)|METHOD_ENTRY|[5]|01pf4000008h69q|testBlobToPDF.testBlobToPDF()
14:43:56.0 (1290064)|STATEMENT_EXECUTE|[5]
14:43:56.0 (1295809)|STATEMENT_EXECUTE|[5]
14:43:56.0 (1308500)|METHOD_EXIT|[5]|testBlobToPDF
14:43:56.0 (1390975)|HEAP_ALLOCATE|[50]|Bytes:5
14:43:56.0 (1416200)|HEAP_ALLOCATE|[56]|Bytes:5
14:43:56.0 (1424317)|HEAP_ALLOCATE|[64]|Bytes:7
14:43:56.0 (1472385)|STATEMENT_EXECUTE|[9]
14:43:56.0 (1475179)|STATEMENT_EXECUTE|[10]
14:43:56.0 (1504328)|METHOD_ENTRY|[10]|01pf4000008h69q|testBlobToPDF.Body()
14:43:56.0 (1556221)|STATEMENT_EXECUTE|[37]
14:43:56.0 (1558463)|STATEMENT_EXECUTE|[38]
14:43:56.0 (1561429)|HEAP_ALLOCATE|[39]|Bytes:3801
14:43:56.0 (1568572)|VARIABLE_SCOPE_BEGIN|[38]|bodyStr|String|false|false
14:43:56.0 (1732785)|VARIABLE_ASSIGNMENT|[38]|bodyStr|"    \u003Cdiv style=\"posi (3781 more) ..."
14:43:56.0 (1738488)|STATEMENT_EXECUTE|[137]
14:43:56.0 (1758022)|METHOD_EXIT|[10]|01pf4000008h69q|testBlobToPDF.Body()
14:43:56.0 (1769562)|VARIABLE_SCOPE_BEGIN|[10]|PDFBody|String|false|false
14:43:56.0 (1780456)|VARIABLE_ASSIGNMENT|[10]|PDFBody|"    \u003Cdiv style=\"posi (3781 more) ..."
14:43:56.0 (1784931)|STATEMENT_EXECUTE|[11]
14:43:56.0 (38432712)|HEAP_ALLOCATE|[11]|Bytes:4
14:43:56.0 (38487195)|VARIABLE_SCOPE_BEGIN|[11]|pdfBlob|Blob|false|false
14:43:56.0 (38516229)|VARIABLE_ASSIGNMENT|[11]|pdfBlob|BLOB(1557 bytes)
14:43:56.0 (38523976)|STATEMENT_EXECUTE|[12]
14:43:56.0 (38547807)|METHOD_ENTRY|[12]|01pf4000008h69q|testBlobToPDF.SaveBlobToDoc(Blob)
14:43:56.0 (38707270)|VARIABLE_SCOPE_BEGIN|[15]|blobPDF|Blob|false|false
14:43:56.0 (38720580)|VARIABLE_ASSIGNMENT|[15]|blobPDF|BLOB(1557 bytes)
14:43:56.0 (38752714)|STATEMENT_EXECUTE|[16]
14:43:56.0 (38754666)|STATEMENT_EXECUTE|[17]
14:43:56.0 (38758481)|HEAP_ALLOCATE|[17]|Bytes:7
14:43:56.0 (38765286)|VARIABLE_SCOPE_BEGIN|[17]|FileName|String|false|false
14:43:56.0 (38778181)|VARIABLE_ASSIGNMENT|[17]|FileName|"TestPDF"
14:43:56.0 (38783074)|STATEMENT_EXECUTE|[18]
14:43:56.0 (38826775)|VARIABLE_SCOPE_BEGIN|[18]|doc|Document|true|false
14:43:56.0 (38840020)|VARIABLE_ASSIGNMENT|[18]|doc|null|
14:43:56.0 (38844147)|STATEMENT_EXECUTE|[19]
14:43:56.0 (38847800)|HEAP_ALLOCATE|[19]|Bytes:101
14:43:56.0 (38868787)|HEAP_ALLOCATE|[19]|Bytes:4
14:43:56.0 (38894658)|HEAP_ALLOCATE|[19]|Bytes:7
14:43:56.0 (39243676)|SOQL_EXECUTE_BEGIN|[19]|Aggregations:0|SELECT ID, Name, Body, FolderID, DeveloperName, Type, ContentType FROM Document WHERE Name = :tmpVar1
14:43:56.0 (41478808)|SOQL_EXECUTE_END|[19]|Rows:0
14:43:56.0 (41502626)|HEAP_ALLOCATE|[19]|Bytes:4
14:43:56.0 (41510843)|HEAP_ALLOCATE|[19]|Bytes:0
14:43:56.0 (41614002)|HEAP_ALLOCATE|[19]|Bytes:4
14:43:56.0 (41626602)|VARIABLE_SCOPE_BEGIN|[19]|docs|List<Document>|true|false
14:43:56.0 (41650397)|VARIABLE_ASSIGNMENT|[19]|docs|[]|0x89fcfcf
14:43:56.0 (41722221)|STATEMENT_EXECUTE|[23]
14:43:56.0 (41724554)|STATEMENT_EXECUTE|[24]
14:43:56.0 (41745305)|HEAP_ALLOCATE|[24]|Bytes:4
14:43:56.0 (41863511)|VARIABLE_ASSIGNMENT|[24]|doc|{}|0x6b38ee03
14:43:56.0 (41871045)|STATEMENT_EXECUTE|[25]
14:43:56.0 (41919104)|VARIABLE_ASSIGNMENT|[25]|this.Name|"TestPDF"|0x6b38ee03
14:43:56.0 (41925815)|STATEMENT_EXECUTE|[26]
14:43:56.0 (41942234)|VARIABLE_ASSIGNMENT|[26]|this.DeveloperName|"TestPDF"|0x6b38ee03
14:43:56.0 (41948568)|STATEMENT_EXECUTE|[27]
14:43:56.0 (41952452)|HEAP_ALLOCATE|[27]|Bytes:3
14:43:56.0 (41969998)|VARIABLE_ASSIGNMENT|[27]|this.Type|"pdf"|0x6b38ee03
14:43:56.0 (41975946)|STATEMENT_EXECUTE|[28]
14:43:56.0 (41979270)|HEAP_ALLOCATE|[28]|Bytes:15
14:43:56.0 (41995341)|VARIABLE_ASSIGNMENT|[28]|this.ContentType|"application/pdf"|0x6b38ee03
14:43:56.0 (42001234)|STATEMENT_EXECUTE|[29]
14:43:56.0 (42039228)|HEAP_ALLOCATE|[29]|Bytes:85
14:43:56.0 (42055272)|SYSTEM_METHOD_ENTRY|[1]|UserInfo.UserInfo()
14:43:56.0 (42060036)|STATEMENT_EXECUTE|[1]
14:43:56.0 (42069764)|SYSTEM_METHOD_EXIT|[1]|UserInfo
14:43:56.0 (42080649)|METHOD_ENTRY|[29]||System.UserInfo.getUserId()
14:43:56.0 (42138427)|METHOD_EXIT|[29]||System.UserInfo.getUserId()
14:43:56.0 (42158171)|HEAP_ALLOCATE|[29]|Bytes:4
14:43:56.0 (42188595)|VARIABLE_ASSIGNMENT|[29]|this.FolderId|"005f4000001uuP2AAI"|0x6b38ee03
14:43:56.0 (42195298)|STATEMENT_EXECUTE|[32]
14:43:56.0 (42217370)|VARIABLE_ASSIGNMENT|[32]|this.Body|BLOB(1557 bytes)|0x6b38ee03
14:43:56.0 (42223417)|STATEMENT_EXECUTE|[33]
14:43:56.0 (42245798)|HEAP_ALLOCATE|[33]|Bytes:8
14:43:56.0 (42276596)|DML_BEGIN|[33]|Op:Upsert|Type:Document|Rows:1
14:43:56.0 (42300400)|HEAP_ALLOCATE|[EXTERNAL]|Bytes:8
14:43:56.0 (64859872)|DML_END|[33]
14:43:56.0 (64899536)|METHOD_EXIT|[12]|01pf4000008h69q|testBlobToPDF.SaveBlobToDoc(Blob)
14:43:56.64 (64923204)|CUMULATIVE_LIMIT_USAGE
14:43:56.64 (64923204)|LIMIT_USAGE_FOR_NS|(default)|
  Number of SOQL queries: 1 out of 100
  Number of query rows: 0 out of 50000
  Number of SOSL queries: 0 out of 20
  Number of DML statements: 1 out of 150
  Number of DML rows: 1 out of 10000
  Maximum CPU time: 0 out of 10000
  Maximum heap size: 0 out of 6000000
  Number of callouts: 0 out of 100
  Number of Email Invocations: 0 out of 10
  Number of future calls: 0 out of 50
  Number of queueable jobs added to the queue: 0 out of 50
  Number of Mobile Apex push calls: 0 out of 10

14:43:56.64 (64923204)|CUMULATIVE_LIMIT_USAGE_END

14:43:56.0 (64960504)|CODE_UNIT_FINISHED|testBlobToPDF.testBlobPDF
14:43:56.0 (65836422)|EXECUTION_FINISHED
