42.0 APEX_CODE,FINEST;APEX_PROFILING,INFO;CALLOUT,INFO;DB,INFO;SYSTEM,DEBUG;VALIDATION,INFO;VISUALFORCE,INFO;WAVE,INFO;WORKFLOW,INFO
Execute Anonymous: CloneQuote.cloneQuote('0Q0f40000009bwtCAA');
13:21:52.1 (1074454)|USER_INFO|[EXTERNAL]|005f4000001uuP2|nmolinam@deloitte.com|Hora de Venezuela|GMT-04:00
13:21:52.1 (1094301)|EXECUTION_STARTED
13:21:52.1 (1098417)|CODE_UNIT_STARTED|[EXTERNAL]|execute_anonymous_apex
13:21:52.1 (1285098)|HEAP_ALLOCATE|[72]|Bytes:3
13:21:52.1 (1320453)|HEAP_ALLOCATE|[77]|Bytes:152
13:21:52.1 (1335847)|HEAP_ALLOCATE|[342]|Bytes:408
13:21:52.1 (1352401)|HEAP_ALLOCATE|[355]|Bytes:408
13:21:52.1 (1363575)|HEAP_ALLOCATE|[467]|Bytes:48
13:21:52.1 (1389067)|HEAP_ALLOCATE|[139]|Bytes:6
13:21:52.1 (1406059)|HEAP_ALLOCATE|[EXTERNAL]|Bytes:1
13:21:52.1 (1486802)|STATEMENT_EXECUTE|[1]
13:21:52.1 (1489359)|STATEMENT_EXECUTE|[1]
13:21:52.1 (1493075)|HEAP_ALLOCATE|[1]|Bytes:18
13:21:52.1 (1508744)|HEAP_ALLOCATE|[1]|Bytes:4
13:21:52.1 (1559224)|HEAP_ALLOCATE|[50]|Bytes:5
13:21:52.1 (1577443)|HEAP_ALLOCATE|[56]|Bytes:5
13:21:52.1 (1584572)|HEAP_ALLOCATE|[64]|Bytes:7
13:21:52.1 (1604901)|SYSTEM_MODE_ENTER|false
13:21:52.1 (1618631)|HEAP_ALLOCATE|[1]|Bytes:5
13:21:52.1 (8198134)|HEAP_ALLOCATE|[1]|Bytes:1
13:21:52.1 (8209075)|HEAP_ALLOCATE|[1]|Bytes:2
13:21:52.1 (8222326)|METHOD_ENTRY|[1]|01pf4000009Vx35|CloneQuote.CloneQuote()
13:21:52.1 (8228466)|STATEMENT_EXECUTE|[1]
13:21:52.1 (8233862)|STATEMENT_EXECUTE|[1]
13:21:52.1 (8244738)|HEAP_ALLOCATE|[1]|Bytes:5
13:21:52.1 (8256150)|METHOD_EXIT|[1]|CloneQuote
13:21:52.1 (8281892)|METHOD_ENTRY|[1]|01pf4000009Vx35|CloneQuote.cloneQuote(Id)
13:21:52.1 (8309801)|VARIABLE_SCOPE_BEGIN|[3]|quoteId|Id|false|false
13:21:52.1 (8455707)|VARIABLE_ASSIGNMENT|[3]|quoteId|"0Q0f40000009bwtCAA"
13:21:52.1 (8475687)|HEAP_ALLOCATE|[6]|Bytes:5
13:21:52.1 (8481118)|STATEMENT_EXECUTE|[3]
13:21:52.1 (8482869)|STATEMENT_EXECUTE|[4]
13:21:52.1 (8485885)|HEAP_ALLOCATE|[6]|Bytes:95
13:21:52.1 (8506274)|HEAP_ALLOCATE|[6]|Bytes:4
13:21:52.1 (8519469)|HEAP_ALLOCATE|[6]|Bytes:7
13:21:52.1 (8895101)|SOQL_EXECUTE_BEGIN|[6]|Aggregations:1|SELECT Name, OPPORTUNITYiD, (SELECT QuoteId FROM QuoteLineItems) FROM QUOTE WHERE ID = :tmpVar1
13:21:52.1 (12602327)|SOQL_EXECUTE_END|[6]|Rows:1
13:21:52.1 (12629905)|HEAP_ALLOCATE|[6]|Bytes:8
13:21:52.1 (12652458)|HEAP_ALLOCATE|[6]|Bytes:213
13:21:52.1 (12745245)|HEAP_ALLOCATE|[6]|Bytes:8
13:21:52.1 (12757126)|HEAP_ALLOCATE|[4]|Bytes:31
13:21:52.1 (12801234)|HEAP_ALLOCATE|[4]|Bytes:20
13:21:52.1 (12808046)|VARIABLE_SCOPE_BEGIN|[4]|q1|Quote|true|false
13:21:52.1 (12839063)|VARIABLE_ASSIGNMENT|[4]|q1|{"Name":"QUOTE 2","OpportunityId":"006f400000AO4MJAA1","Id":"0Q0f40000009bwtCAA","QuoteLineItems":[{"QuoteId":"0Q0f40000009bwtCAA","Id":"0QLf4000000sNKqGAM"},{"QuoteId":"0Q0f40000009bwtCAA","Id":"0QLf4000000sNKrGAM"}]}|0x2619ff5c
13:21:52.1 (12846965)|STATEMENT_EXECUTE|[10]
13:21:52.1 (12929141)|HEAP_ALLOCATE|[10]|Bytes:188
13:21:52.1 (12934023)|HEAP_ALLOCATE|[10]|Bytes:16
13:21:52.1 (12950289)|VARIABLE_SCOPE_BEGIN|[10]|q2|Quote|true|false
13:21:52.1 (12966920)|VARIABLE_ASSIGNMENT|[10]|q2|{"Name":"QUOTE 2","OpportunityId":"006f400000AO4MJAA1","QuoteLineItems":[{"QuoteId":"0Q0f40000009bwtCAA","Id":"0QLf4000000sNKqGAM"},{"QuoteId":"0Q0f40000009bwtCAA","Id":"0QLf4000000sNKrGAM"}]}|0x1ce974c4
13:21:52.1 (12973750)|STATEMENT_EXECUTE|[12]
13:21:52.1 (12993667)|HEAP_ALLOCATE|[12]|Bytes:8
13:21:52.1 (13004723)|DML_BEGIN|[12]|Op:Insert|Type:Quote|Rows:1
13:21:52.1 (13033102)|HEAP_ALLOCATE|[EXTERNAL]|Bytes:8
13:21:52.1 (54048733)|DML_END|[12]
13:21:52.1 (54062718)|HEAP_ALLOCATE|[12]|Bytes:-4
13:21:52.1 (54085173)|STATEMENT_EXECUTE|[13]
13:21:52.1 (54117640)|VARIABLE_SCOPE_BEGIN|[13]|idQuote|Id|false|false
13:21:52.1 (54202053)|VARIABLE_ASSIGNMENT|[13]|idQuote|"0Q0f40000009e9XCAQ"
13:21:52.1 (54209425)|STATEMENT_EXECUTE|[15]
13:21:52.1 (54215135)|HEAP_ALLOCATE|[15]|Bytes:14
13:21:52.1 (54222969)|HEAP_ALLOCATE|[15]|Bytes:13
13:21:52.1 (54268883)|HEAP_ALLOCATE|[EXTERNAL]|Bytes:12
13:21:52.1 (54359033)|HEAP_ALLOCATE|[15]|Bytes:12
13:21:52.1 (54371633)|VARIABLE_SCOPE_BEGIN|[15]|items|List<QuoteLineItem>|true|false
13:21:52.1 (54403475)|VARIABLE_ASSIGNMENT|[15]|items|[{"QuoteId":"0Q0f40000009bwtCAA","Id":"0QLf4000000sNKqGAM"},{"QuoteId":"0Q0f40000009bwtCAA","Id":"0QLf4000000sNKrGAM"}]|0x681d2d88
13:21:52.1 (54622007)|HEAP_ALLOCATE|[17]|Bytes:5
13:21:52.1 (54640476)|HEAP_ALLOCATE|[17]|Bytes:12
13:21:52.1 (54649091)|VARIABLE_SCOPE_BEGIN|[17]|i|QuoteLineItem|true|false
13:21:52.1 (54663192)|VARIABLE_ASSIGNMENT|[17]|i|{"QuoteId":"0Q0f40000009bwtCAA","Id":"0QLf4000000sNKqGAM"}|0x4a38f05b
13:21:52.1 (54669348)|STATEMENT_EXECUTE|[17]
13:21:52.1 (54671201)|STATEMENT_EXECUTE|[18]
13:21:52.1 (54691231)|HEAP_ALLOCATE|[18]|Bytes:4
13:21:52.1 (54772981)|VARIABLE_SCOPE_BEGIN|[18]|ql|QuoteLineItem|true|false
13:21:52.1 (54788702)|VARIABLE_ASSIGNMENT|[18]|ql|{}|0xa5e4bdd
13:21:52.1 (54794114)|STATEMENT_EXECUTE|[19]
13:21:52.1 (54859983)|VARIABLE_ASSIGNMENT|[19]|this.QuoteId|"0Q0f40000009e9XCAQ"|0xa5e4bdd
13:21:52.1 (54866590)|STATEMENT_EXECUTE|[20]
13:21:52.1 (54896109)|EXCEPTION_THROWN|[20]|System.SObjectException: SObject row was retrieved via SOQL without querying the requested field: QuoteLineItem.Description
13:21:52.1 (54949258)|HEAP_ALLOCATE|[20]|Bytes:102
13:21:52.1 (54973218)|METHOD_EXIT|[1]|01pf4000009Vx35|CloneQuote.cloneQuote(Id)
13:21:52.1 (54981710)|SYSTEM_MODE_EXIT|false
13:21:52.1 (55091643)|FATAL_ERROR|System.SObjectException: SObject row was retrieved via SOQL without querying the requested field: QuoteLineItem.Description

Class.CloneQuote.cloneQuote: line 20, column 1
AnonymousBlock: line 1, column 1
AnonymousBlock: line 1, column 1
13:21:52.55 (55140736)|CUMULATIVE_LIMIT_USAGE
13:21:52.55 (55140736)|LIMIT_USAGE_FOR_NS|(default)|
  Number of SOQL queries: 1 out of 100
  Number of query rows: 3 out of 50000
  Number of SOSL queries: 0 out of 20
  Number of DML statements: 1 out of 150
  Number of DML rows: 1 out of 10000
  Maximum CPU time: 0 out of 10000
  Maximum heap size: 0 out of 6000000
  Number of callouts: 0 out of 100
  Number of Email Invocations: 0 out of 10
  Number of future calls: 0 out of 50
  Number of queueable jobs added to the queue: 0 out of 50
  Number of Mobile Apex push calls: 0 out of 10

13:21:52.55 (55140736)|CUMULATIVE_LIMIT_USAGE_END

13:21:52.1 (55179792)|CODE_UNIT_FINISHED|execute_anonymous_apex
13:21:52.1 (56268759)|EXECUTION_FINISHED
