42.0 APEX_CODE,FINEST;APEX_PROFILING,INFO;CALLOUT,INFO;DB,INFO;SYSTEM,DEBUG;VALIDATION,INFO;VISUALFORCE,INFO;WAVE,INFO;WORKFLOW,INFO
14:29:47.0 (65788)|USER_INFO|[EXTERNAL]|005f4000001uuP2|nmolinam@deloitte.com|Hora de Venezuela|GMT-04:00
14:29:47.0 (103631)|EXECUTION_STARTED
14:29:47.0 (107795)|CODE_UNIT_STARTED|[EXTERNAL]|Aura
14:29:47.0 (1497253)|CODE_UNIT_STARTED|[EXTERNAL]|01pf4000008WnsX|ViewQuotePDF.getPDF
14:29:47.0 (1646647)|HEAP_ALLOCATE|[72]|Bytes:3
14:29:47.0 (1677315)|HEAP_ALLOCATE|[77]|Bytes:152
14:29:47.0 (1689535)|HEAP_ALLOCATE|[342]|Bytes:408
14:29:47.0 (1701564)|HEAP_ALLOCATE|[355]|Bytes:408
14:29:47.0 (1712098)|HEAP_ALLOCATE|[467]|Bytes:48
14:29:47.0 (1737569)|HEAP_ALLOCATE|[139]|Bytes:6
14:29:47.0 (1799116)|HEAP_ALLOCATE|[EXTERNAL]|Bytes:4
14:29:47.0 (1805007)|HEAP_ALLOCATE|[EXTERNAL]|Bytes:5
14:29:47.0 (1813173)|METHOD_ENTRY|[1]|01pf4000008WnsX|ViewQuotePDF.ViewQuotePDF()
14:29:47.0 (1819988)|STATEMENT_EXECUTE|[1]
14:29:47.0 (1824126)|STATEMENT_EXECUTE|[1]
14:29:47.0 (1857589)|HEAP_ALLOCATE|[50]|Bytes:5
14:29:47.0 (1874778)|HEAP_ALLOCATE|[56]|Bytes:5
14:29:47.0 (1881468)|HEAP_ALLOCATE|[64]|Bytes:7
14:29:47.0 (1903221)|SYSTEM_MODE_ENTER|false
14:29:47.0 (1915921)|HEAP_ALLOCATE|[EXTERNAL]|Bytes:5
14:29:47.0 (1923114)|SYSTEM_MODE_EXIT|false
14:29:47.0 (1931441)|METHOD_EXIT|[1]|ViewQuotePDF
14:29:47.0 (1941733)|SYSTEM_MODE_ENTER|false
14:29:47.0 (1953390)|HEAP_ALLOCATE|[4]|Bytes:5
14:29:47.0 (1957887)|STATEMENT_EXECUTE|[3]
14:29:47.0 (1959629)|STATEMENT_EXECUTE|[4]
14:29:47.0 (2045500)|HEAP_ALLOCATE|[4]|Bytes:4
14:29:47.0 (2112887)|VARIABLE_SCOPE_BEGIN|[4]|quotes|List<Quote>|true|false
14:29:47.0 (2127063)|HEAP_ALLOCATE|[EXTERNAL]|Bytes:4
14:29:47.0 (2152044)|VARIABLE_ASSIGNMENT|[4]|quotes|[]|0x501f1933
14:29:47.0 (2158072)|STATEMENT_EXECUTE|[5]
14:29:47.0 (2162071)|VARIABLE_SCOPE_BEGIN|[5]|pfdBase64|String|false|false
14:29:47.0 (2172270)|VARIABLE_ASSIGNMENT|[5]|pfdBase64|null
14:29:47.0 (2177911)|HEAP_ALLOCATE|[7]|Bytes:22
14:29:47.0 (2198382)|HEAP_ALLOCATE|[7]|Bytes:4
14:29:47.0 (2469457)|SOQL_EXECUTE_BEGIN|[7]|Aggregations:0|SELECT Name FROM Quote
14:29:47.0 (4328524)|SOQL_EXECUTE_END|[7]|Rows:1
14:29:47.0 (4347967)|HEAP_ALLOCATE|[EXTERNAL]|Bytes:8
14:29:47.0 (4494394)|HEAP_ALLOCATE|[7]|Bytes:54
14:29:47.0 (4504128)|HEAP_ALLOCATE|[7]|Bytes:8
14:29:47.0 (4513650)|SYSTEM_METHOD_ENTRY|[7]|QueryLocatorIterator.QueryLocatorIterator()
14:29:47.0 (4519025)|STATEMENT_EXECUTE|[7]
14:29:47.0 (4525625)|SYSTEM_METHOD_EXIT|[7]|QueryLocatorIterator
14:29:47.0 (4533177)|HEAP_ALLOCATE|[7]|Bytes:28
14:29:47.0 (4565549)|HEAP_ALLOCATE|[7]|Bytes:8
14:29:47.0 (4579388)|HEAP_ALLOCATE|[7]|Bytes:8
14:29:47.0 (4582958)|HEAP_ALLOCATE|[7]|Bytes:8
14:29:47.0 (4587703)|VARIABLE_SCOPE_BEGIN|[15]|this|Database.QueryLocatorIterator|true|false
14:29:47.0 (4637150)|VARIABLE_ASSIGNMENT|[15]|this|{}|0x4e199f12
14:29:47.0 (4644142)|VARIABLE_SCOPE_BEGIN|[15]|values|List<SObject>|true|false
14:29:47.0 (4664628)|VARIABLE_ASSIGNMENT|[15]|values|[{"Name":"first quote","Id":"0Q0f40000009VVICA2"}]|0x507e47bb
14:29:47.0 (4670805)|VARIABLE_SCOPE_BEGIN|[15]|ql|Database.QueryLocator|true|false
14:29:47.0 (4692750)|VARIABLE_ASSIGNMENT|[15]|ql|{"query":"SELECT Name FROM Quo (2 more) ..."}|0x7caa4881
14:29:47.0 (4699031)|VARIABLE_SCOPE_BEGIN|[15]|totalNumRecords|Integer|false|false
14:29:47.0 (4707741)|VARIABLE_ASSIGNMENT|[15]|totalNumRecords|1
14:29:47.0 (4712233)|VARIABLE_SCOPE_BEGIN|[15]|queryMoreSize|Integer|false|false
14:29:47.0 (4720011)|VARIABLE_ASSIGNMENT|[15]|queryMoreSize|49999
14:29:47.0 (4807549)|HEAP_ALLOCATE|[7]|Bytes:28
14:29:47.0 (4829179)|METHOD_ENTRY|[7]||Database.QueryLocatorIterator.hasNext()
14:29:47.0 (4873285)|METHOD_EXIT|[7]||Database.QueryLocatorIterator.hasNext()
14:29:47.0 (4880990)|METHOD_ENTRY|[7]||Database.QueryLocatorIterator.next()
14:29:47.0 (4954636)|METHOD_EXIT|[7]||Database.QueryLocatorIterator.next()
14:29:47.0 (4962953)|VARIABLE_SCOPE_BEGIN|[7]|q|Quote|true|false
14:29:47.0 (4978174)|VARIABLE_ASSIGNMENT|[7]|q|{"Name":"first quote","Id":"0Q0f40000009VVICA2"}|0x76e02ae6
14:29:47.0 (4984556)|STATEMENT_EXECUTE|[7]
14:29:47.0 (4986950)|STATEMENT_EXECUTE|[8]
14:29:47.0 (5016923)|HEAP_ALLOCATE|[EXTERNAL]|Bytes:4
14:29:47.0 (5029864)|METHOD_ENTRY|[7]||Database.QueryLocatorIterator.hasNext()
14:29:47.0 (5043829)|METHOD_EXIT|[7]||Database.QueryLocatorIterator.hasNext()
14:29:47.0 (5051562)|VARIABLE_ASSIGNMENT|[7]|q|null|
14:29:47.0 (5085590)|STATEMENT_EXECUTE|[13]
14:29:47.0 (5198931)|HEAP_ALLOCATE|[14]|Bytes:5
14:29:47.0 (5215289)|HEAP_ALLOCATE|[14]|Bytes:12
14:29:47.0 (5222698)|VARIABLE_SCOPE_BEGIN|[14]|q|Quote|true|false
14:29:47.0 (5236110)|VARIABLE_ASSIGNMENT|[14]|q|{"Name":"first quote","Id":"0Q0f40000009VVICA2"}|0x76e02ae6
14:29:47.0 (5242734)|STATEMENT_EXECUTE|[14]
14:29:47.0 (5244483)|STATEMENT_EXECUTE|[15]
14:29:47.0 (5247529)|HEAP_ALLOCATE|[15]|Bytes:20
14:29:47.0 (5292587)|HEAP_ALLOCATE|[15]|Bytes:31
14:29:47.0 (5320708)|USER_DEBUG|[15]|DEBUG|nombre de la quote: first quote
14:29:47.0 (5336290)|HEAP_ALLOCATE|[14]|Bytes:5
14:29:47.0 (5346928)|VARIABLE_ASSIGNMENT|[14]|q|null|
14:29:47.0 (5351723)|STATEMENT_EXECUTE|[18]
14:29:47.0 (5354198)|HEAP_ALLOCATE|[18]|Bytes:53
14:29:47.0 (5366901)|HEAP_ALLOCATE|[18]|Bytes:4
14:29:47.0 (5373963)|HEAP_ALLOCATE|[18]|Bytes:7
14:29:47.0 (5398252)|HEAP_ALLOCATE|[18]|Bytes:12
14:29:47.0 (6180096)|SOQL_EXECUTE_BEGIN|[18]|Aggregations:0|SELECT Body FROM Attachment WHERE ParentId = :tmpVar1
14:29:47.0 (8782154)|SOQL_EXECUTE_END|[18]|Rows:0
14:29:47.0 (8804755)|HEAP_ALLOCATE|[18]|Bytes:4
14:29:47.0 (8813575)|HEAP_ALLOCATE|[18]|Bytes:0
14:29:47.0 (8867497)|HEAP_ALLOCATE|[18]|Bytes:4
14:29:47.0 (8880283)|VARIABLE_SCOPE_BEGIN|[18]|attachements|List<Attachment>|true|false
14:29:47.0 (8895084)|VARIABLE_ASSIGNMENT|[18]|attachements|[]|0x298dcde9
14:29:47.0 (8901311)|STATEMENT_EXECUTE|[24]
14:29:47.0 (8904822)|HEAP_ALLOCATE|[24]|Bytes:49
14:29:47.0 (9525079)|HEAP_ALLOCATE|[24]|Bytes:4
14:29:47.0 (9555091)|SYSTEM_MODE_EXIT|false
14:29:47.9 (9585216)|CUMULATIVE_LIMIT_USAGE
14:29:47.9 (9585216)|LIMIT_USAGE_FOR_NS|(default)|
  Number of SOQL queries: 2 out of 100
  Number of query rows: 1 out of 50000
  Number of SOSL queries: 0 out of 20
  Number of DML statements: 0 out of 150
  Number of DML rows: 0 out of 10000
  Maximum CPU time: 0 out of 10000
  Maximum heap size: 0 out of 6000000
  Number of callouts: 0 out of 100
  Number of Email Invocations: 0 out of 10
  Number of future calls: 0 out of 50
  Number of queueable jobs added to the queue: 0 out of 50
  Number of Mobile Apex push calls: 0 out of 10

14:29:47.9 (9585216)|CUMULATIVE_LIMIT_USAGE_END

14:29:47.0 (9632479)|CODE_UNIT_FINISHED|ViewQuotePDF.getPDF
14:29:47.0 (9753274)|CODE_UNIT_FINISHED|Aura
14:29:47.0 (10924454)|EXECUTION_FINISHED
