42.0 APEX_CODE,FINEST;APEX_PROFILING,INFO;CALLOUT,INFO;DB,INFO;SYSTEM,DEBUG;VALIDATION,INFO;VISUALFORCE,INFO;WAVE,INFO;WORKFLOW,INFO
15:36:32.0 (60477)|USER_INFO|[EXTERNAL]|005f4000001uuP2|nmolinam@deloitte.com|Hora de Venezuela|GMT-04:00
15:36:32.0 (92433)|EXECUTION_STARTED
15:36:32.0 (96549)|CODE_UNIT_STARTED|[EXTERNAL]|Aura
15:36:32.0 (659466)|HEAP_ALLOCATE|[72]|Bytes:3
15:36:32.0 (700700)|HEAP_ALLOCATE|[77]|Bytes:152
15:36:32.0 (718535)|HEAP_ALLOCATE|[342]|Bytes:408
15:36:32.0 (731322)|HEAP_ALLOCATE|[355]|Bytes:408
15:36:32.0 (742186)|HEAP_ALLOCATE|[467]|Bytes:48
15:36:32.0 (768380)|HEAP_ALLOCATE|[139]|Bytes:6
15:36:32.0 (782464)|HEAP_ALLOCATE|[EXTERNAL]|Bytes:18
15:36:32.0 (791584)|HEAP_ALLOCATE|[EXTERNAL]|Bytes:4
15:36:32.0 (1619443)|CODE_UNIT_STARTED|[EXTERNAL]|01pf4000009Vx35|CloneQuote.cloneQuote
15:36:32.0 (1744040)|HEAP_ALLOCATE|[EXTERNAL]|Bytes:1
15:36:32.0 (1758427)|METHOD_ENTRY|[1]|01pf4000009Vx35|CloneQuote.CloneQuote()
15:36:32.0 (1765129)|STATEMENT_EXECUTE|[1]
15:36:32.0 (1770703)|STATEMENT_EXECUTE|[1]
15:36:32.0 (1803442)|HEAP_ALLOCATE|[50]|Bytes:5
15:36:32.0 (1827505)|HEAP_ALLOCATE|[56]|Bytes:5
15:36:32.0 (1835675)|HEAP_ALLOCATE|[64]|Bytes:7
15:36:32.0 (1858356)|SYSTEM_MODE_ENTER|false
15:36:32.0 (1871732)|HEAP_ALLOCATE|[EXTERNAL]|Bytes:5
15:36:32.0 (1879501)|SYSTEM_MODE_EXIT|false
15:36:32.0 (1888365)|METHOD_EXIT|[1]|CloneQuote
15:36:32.0 (1894072)|HEAP_ALLOCATE|[EXTERNAL]|Bytes:4
15:36:32.0 (1901825)|SYSTEM_MODE_ENTER|false
15:36:32.0 (1908938)|VARIABLE_SCOPE_BEGIN|[3]|quoteId|Id|false|false
15:36:32.0 (2144262)|VARIABLE_ASSIGNMENT|[3]|quoteId|"0Q0f40000009kKqCAI"
15:36:32.0 (2168104)|HEAP_ALLOCATE|[6]|Bytes:5
15:36:32.0 (2176688)|STATEMENT_EXECUTE|[3]
15:36:32.0 (2178476)|STATEMENT_EXECUTE|[4]
15:36:32.0 (2181494)|HEAP_ALLOCATE|[6]|Bytes:183
15:36:32.0 (2204036)|HEAP_ALLOCATE|[6]|Bytes:4
15:36:32.0 (2216449)|HEAP_ALLOCATE|[6]|Bytes:7
15:36:32.0 (2858507)|SOQL_EXECUTE_BEGIN|[6]|Aggregations:1|SELECT Name, OPPORTUNITYiD, Pricebook2Id, (SELECT QuoteId, Description, Discount, PricebookEntryId, Quantity, Product2Id, UnitPrice FROM QuoteLineItems) FROM QUOTE WHERE ID = :tmpVar1
15:36:32.0 (6781492)|SOQL_EXECUTE_END|[6]|Rows:1
15:36:32.0 (6807615)|HEAP_ALLOCATE|[6]|Bytes:8
15:36:32.0 (6825823)|HEAP_ALLOCATE|[6]|Bytes:113
15:36:32.0 (6918386)|HEAP_ALLOCATE|[6]|Bytes:8
15:36:32.0 (6930040)|HEAP_ALLOCATE|[4]|Bytes:31
15:36:32.0 (6973784)|HEAP_ALLOCATE|[4]|Bytes:20
15:36:32.0 (6981312)|VARIABLE_SCOPE_BEGIN|[4]|q1|Quote|true|false
15:36:32.0 (7006514)|VARIABLE_ASSIGNMENT|[4]|q1|{"Name":"QUOTE 2","OpportunityId":"006f400000AO4MJAA1","Pricebook2Id":"01sf4000003Vb8JAAS","Id":"0Q0f40000009kKqCAI"}|0x6b8428cd
15:36:32.0 (7014900)|STATEMENT_EXECUTE|[11]
15:36:32.0 (7089795)|HEAP_ALLOCATE|[11]|Bytes:88
15:36:32.0 (7095372)|HEAP_ALLOCATE|[11]|Bytes:16
15:36:32.0 (7112781)|VARIABLE_SCOPE_BEGIN|[11]|q2|Quote|true|false
15:36:32.0 (7128111)|VARIABLE_ASSIGNMENT|[11]|q2|{"Name":"QUOTE 2","OpportunityId":"006f400000AO4MJAA1","Pricebook2Id":"01sf4000003Vb8JAAS"}|0x1534479b
15:36:32.0 (7135178)|STATEMENT_EXECUTE|[12]
15:36:32.0 (7206516)|VARIABLE_ASSIGNMENT|[12]|this.Pricebook2Id|"01sf4000003Vb8JAAS"|0x1534479b
15:36:32.0 (7213913)|STATEMENT_EXECUTE|[14]
15:36:32.0 (7234666)|HEAP_ALLOCATE|[14]|Bytes:8
15:36:32.0 (7241784)|DML_BEGIN|[14]|Op:Insert|Type:Quote|Rows:1
15:36:32.0 (7267606)|HEAP_ALLOCATE|[EXTERNAL]|Bytes:8
15:36:32.0 (52844270)|DML_END|[14]
15:36:32.0 (52863772)|HEAP_ALLOCATE|[14]|Bytes:-4
15:36:32.0 (52887754)|STATEMENT_EXECUTE|[15]
15:36:32.0 (52932727)|VARIABLE_SCOPE_BEGIN|[15]|idQuote|Id|false|false
15:36:32.0 (53008025)|VARIABLE_ASSIGNMENT|[15]|idQuote|"0Q0f40000009kLtCAI"
15:36:32.0 (53015638)|STATEMENT_EXECUTE|[18]
15:36:32.0 (53023081)|HEAP_ALLOCATE|[18]|Bytes:14
15:36:32.0 (53031399)|HEAP_ALLOCATE|[18]|Bytes:13
15:36:32.0 (53081351)|HEAP_ALLOCATE|[EXTERNAL]|Bytes:4
15:36:32.0 (53174909)|HEAP_ALLOCATE|[18]|Bytes:4
15:36:32.0 (53188849)|VARIABLE_SCOPE_BEGIN|[18]|items|List<QuoteLineItem>|true|false
15:36:32.0 (53207364)|VARIABLE_ASSIGNMENT|[18]|items|[]|0x8ce04f
15:36:32.0 (53428941)|HEAP_ALLOCATE|[20]|Bytes:5
15:36:32.0 (53449631)|VARIABLE_ASSIGNMENT|[20]|i|null|
15:36:32.0 (53456529)|STATEMENT_EXECUTE|[20]
15:36:32.0 (53469850)|SYSTEM_MODE_EXIT|false
15:36:32.58 (58666221)|CUMULATIVE_LIMIT_USAGE
15:36:32.58 (58666221)|LIMIT_USAGE_FOR_NS|(default)|
  Number of SOQL queries: 1 out of 100
  Number of query rows: 1 out of 50000
  Number of SOSL queries: 0 out of 20
  Number of DML statements: 1 out of 150
  Number of DML rows: 1 out of 10000
  Maximum CPU time: 0 out of 10000
  Maximum heap size: 0 out of 6000000
  Number of callouts: 0 out of 100
  Number of Email Invocations: 0 out of 10
  Number of future calls: 0 out of 50
  Number of queueable jobs added to the queue: 0 out of 50
  Number of Mobile Apex push calls: 0 out of 10

15:36:32.58 (58666221)|CUMULATIVE_LIMIT_USAGE_END

15:36:32.0 (58700050)|CODE_UNIT_FINISHED|CloneQuote.cloneQuote
15:36:32.0 (58763944)|CODE_UNIT_FINISHED|Aura
15:36:32.0 (59588658)|EXECUTION_FINISHED
