42.0 APEX_CODE,FINEST;APEX_PROFILING,INFO;CALLOUT,INFO;DB,INFO;SYSTEM,DEBUG;VALIDATION,INFO;VISUALFORCE,INFO;WAVE,INFO;WORKFLOW,INFO
15:09:38.2 (2074993)|USER_INFO|[EXTERNAL]|005f4000001uuP2|nmolinam@deloitte.com|Hora de Venezuela|GMT-04:00
15:09:38.2 (2127032)|EXECUTION_STARTED
15:09:38.2 (2133282)|CODE_UNIT_STARTED|[EXTERNAL]|Aura
15:09:38.2 (4544091)|HEAP_ALLOCATE|[72]|Bytes:3
15:09:38.2 (4584588)|HEAP_ALLOCATE|[77]|Bytes:152
15:09:38.2 (4605981)|HEAP_ALLOCATE|[342]|Bytes:408
15:09:38.2 (4619314)|HEAP_ALLOCATE|[355]|Bytes:408
15:09:38.2 (4630030)|HEAP_ALLOCATE|[467]|Bytes:48
15:09:38.2 (4657448)|HEAP_ALLOCATE|[139]|Bytes:6
15:09:38.2 (4673957)|HEAP_ALLOCATE|[EXTERNAL]|Bytes:18
15:09:38.2 (4683984)|HEAP_ALLOCATE|[EXTERNAL]|Bytes:4
15:09:38.2 (5696979)|CODE_UNIT_STARTED|[EXTERNAL]|01pf4000009Vx35|CloneQuote.cloneQuote
15:09:38.2 (5841238)|HEAP_ALLOCATE|[EXTERNAL]|Bytes:1
15:09:38.2 (5856317)|METHOD_ENTRY|[1]|01pf4000009Vx35|CloneQuote.CloneQuote()
15:09:38.2 (5863630)|STATEMENT_EXECUTE|[1]
15:09:38.2 (5868915)|STATEMENT_EXECUTE|[1]
15:09:38.2 (5902296)|HEAP_ALLOCATE|[50]|Bytes:5
15:09:38.2 (5926762)|HEAP_ALLOCATE|[56]|Bytes:5
15:09:38.2 (5935305)|HEAP_ALLOCATE|[64]|Bytes:7
15:09:38.2 (5957723)|SYSTEM_MODE_ENTER|false
15:09:38.2 (5972098)|HEAP_ALLOCATE|[EXTERNAL]|Bytes:5
15:09:38.2 (5980303)|SYSTEM_MODE_EXIT|false
15:09:38.2 (5989212)|METHOD_EXIT|[1]|CloneQuote
15:09:38.2 (5995321)|HEAP_ALLOCATE|[EXTERNAL]|Bytes:4
15:09:38.2 (6004054)|SYSTEM_MODE_ENTER|false
15:09:38.2 (6012911)|VARIABLE_SCOPE_BEGIN|[3]|quoteId|Id|false|false
15:09:38.2 (6301548)|VARIABLE_ASSIGNMENT|[3]|quoteId|"0Q0f40000009kKqCAI"
15:09:38.2 (6328316)|HEAP_ALLOCATE|[6]|Bytes:5
15:09:38.2 (6334315)|STATEMENT_EXECUTE|[3]
15:09:38.2 (6336243)|STATEMENT_EXECUTE|[4]
15:09:38.2 (6339625)|HEAP_ALLOCATE|[6]|Bytes:183
15:09:38.2 (6355312)|HEAP_ALLOCATE|[6]|Bytes:4
15:09:38.2 (6366445)|HEAP_ALLOCATE|[6]|Bytes:7
15:09:38.2 (7002860)|SOQL_EXECUTE_BEGIN|[6]|Aggregations:1|SELECT Name, OPPORTUNITYiD, Pricebook2Id, (SELECT QuoteId, Description, Discount, PricebookEntryId, Quantity, Product2Id, UnitPrice FROM QuoteLineItems) FROM QUOTE WHERE ID = :tmpVar1
15:09:38.2 (19140157)|SOQL_EXECUTE_END|[6]|Rows:1
15:09:38.2 (19180764)|HEAP_ALLOCATE|[6]|Bytes:8
15:09:38.2 (19201363)|HEAP_ALLOCATE|[6]|Bytes:113
15:09:38.2 (19314755)|HEAP_ALLOCATE|[6]|Bytes:8
15:09:38.2 (19333156)|HEAP_ALLOCATE|[4]|Bytes:31
15:09:38.2 (19375998)|HEAP_ALLOCATE|[4]|Bytes:20
15:09:38.2 (19386070)|VARIABLE_SCOPE_BEGIN|[4]|q1|Quote|true|false
15:09:38.2 (19424182)|VARIABLE_ASSIGNMENT|[4]|q1|{"Name":"QUOTE 2","OpportunityId":"006f400000AO4MJAA1","Pricebook2Id":"01sf4000003Vb8JAAS","Id":"0Q0f40000009kKqCAI"}|0x47a304a1
15:09:38.2 (19434357)|STATEMENT_EXECUTE|[11]
15:09:38.2 (19584142)|HEAP_ALLOCATE|[11]|Bytes:88
15:09:38.2 (19595834)|HEAP_ALLOCATE|[11]|Bytes:16
15:09:38.2 (19623665)|VARIABLE_SCOPE_BEGIN|[11]|q2|Quote|true|false
15:09:38.2 (19646918)|VARIABLE_ASSIGNMENT|[11]|q2|{"Name":"QUOTE 2","OpportunityId":"006f400000AO4MJAA1","Pricebook2Id":"01sf4000003Vb8JAAS"}|0x675ecd9d
15:09:38.2 (19655003)|STATEMENT_EXECUTE|[12]
15:09:38.2 (19733392)|VARIABLE_ASSIGNMENT|[12]|this.Pricebook2Id|"01sf4000003Vb8JAAS"|0x675ecd9d
15:09:38.2 (19741153)|STATEMENT_EXECUTE|[14]
15:09:38.2 (19770033)|HEAP_ALLOCATE|[14]|Bytes:8
15:09:38.2 (19779432)|DML_BEGIN|[14]|Op:Insert|Type:Quote|Rows:1
15:09:38.2 (19811782)|HEAP_ALLOCATE|[EXTERNAL]|Bytes:8
15:09:38.2 (64271522)|DML_END|[14]
15:09:38.2 (64292555)|HEAP_ALLOCATE|[14]|Bytes:-4
15:09:38.2 (64316194)|STATEMENT_EXECUTE|[15]
15:09:38.2 (64352968)|VARIABLE_SCOPE_BEGIN|[15]|idQuote|Id|false|false
15:09:38.2 (64448214)|VARIABLE_ASSIGNMENT|[15]|idQuote|"0Q0f40000009kKvCAI"
15:09:38.2 (64456731)|STATEMENT_EXECUTE|[18]
15:09:38.2 (64463244)|HEAP_ALLOCATE|[18]|Bytes:14
15:09:38.2 (64472239)|HEAP_ALLOCATE|[18]|Bytes:13
15:09:38.2 (64508406)|HEAP_ALLOCATE|[EXTERNAL]|Bytes:4
15:09:38.2 (64574135)|HEAP_ALLOCATE|[18]|Bytes:4
15:09:38.2 (64587988)|VARIABLE_SCOPE_BEGIN|[18]|items|List<QuoteLineItem>|true|false
15:09:38.2 (64614743)|VARIABLE_ASSIGNMENT|[18]|items|[]|0x545b9330
15:09:38.2 (64845404)|HEAP_ALLOCATE|[20]|Bytes:5
15:09:38.2 (64867125)|VARIABLE_ASSIGNMENT|[20]|i|null|
15:09:38.2 (64874839)|STATEMENT_EXECUTE|[20]
15:09:38.2 (64889552)|SYSTEM_MODE_EXIT|false
15:09:38.71 (71029444)|CUMULATIVE_LIMIT_USAGE
15:09:38.71 (71029444)|LIMIT_USAGE_FOR_NS|(default)|
  Number of SOQL queries: 1 out of 100
  Number of query rows: 1 out of 50000
  Number of SOSL queries: 0 out of 20
  Number of DML statements: 1 out of 150
  Number of DML rows: 1 out of 10000
  Maximum CPU time: 0 out of 10000
  Maximum heap size: 0 out of 6000000
  Number of callouts: 0 out of 100
  Number of Email Invocations: 0 out of 10
  Number of future calls: 0 out of 50
  Number of queueable jobs added to the queue: 0 out of 50
  Number of Mobile Apex push calls: 0 out of 10

15:09:38.71 (71029444)|CUMULATIVE_LIMIT_USAGE_END

15:09:38.2 (71079973)|CODE_UNIT_FINISHED|CloneQuote.cloneQuote
15:09:38.2 (71176092)|CODE_UNIT_FINISHED|Aura
15:09:38.2 (72164705)|EXECUTION_FINISHED
