42.0 APEX_CODE,FINEST;APEX_PROFILING,INFO;CALLOUT,INFO;DB,INFO;SYSTEM,DEBUG;VALIDATION,INFO;VISUALFORCE,INFO;WAVE,INFO;WORKFLOW,INFO
14:31:57.0 (71217)|USER_INFO|[EXTERNAL]|005f4000001uuP2|nmolinam@deloitte.com|Hora de Venezuela|GMT-04:00
14:31:57.0 (105546)|EXECUTION_STARTED
14:31:57.0 (110469)|CODE_UNIT_STARTED|[EXTERNAL]|Aura
14:31:57.0 (1302369)|CODE_UNIT_STARTED|[EXTERNAL]|01pf4000008WnsX|ViewQuotePDF.getPDF
14:31:57.0 (1459101)|HEAP_ALLOCATE|[72]|Bytes:3
14:31:57.0 (1490778)|HEAP_ALLOCATE|[77]|Bytes:152
14:31:57.0 (1505793)|HEAP_ALLOCATE|[342]|Bytes:408
14:31:57.0 (1517963)|HEAP_ALLOCATE|[355]|Bytes:408
14:31:57.0 (1528579)|HEAP_ALLOCATE|[467]|Bytes:48
14:31:57.0 (1552846)|HEAP_ALLOCATE|[139]|Bytes:6
14:31:57.0 (1616028)|HEAP_ALLOCATE|[EXTERNAL]|Bytes:4
14:31:57.0 (1621721)|HEAP_ALLOCATE|[EXTERNAL]|Bytes:5
14:31:57.0 (1631287)|METHOD_ENTRY|[1]|01pf4000008WnsX|ViewQuotePDF.ViewQuotePDF()
14:31:57.0 (1638325)|STATEMENT_EXECUTE|[1]
14:31:57.0 (1641988)|STATEMENT_EXECUTE|[1]
14:31:57.0 (1670571)|HEAP_ALLOCATE|[50]|Bytes:5
14:31:57.0 (1687474)|HEAP_ALLOCATE|[56]|Bytes:5
14:31:57.0 (1694097)|HEAP_ALLOCATE|[64]|Bytes:7
14:31:57.0 (1715658)|SYSTEM_MODE_ENTER|false
14:31:57.0 (1728641)|HEAP_ALLOCATE|[EXTERNAL]|Bytes:5
14:31:57.0 (1736112)|SYSTEM_MODE_EXIT|false
14:31:57.0 (1744716)|METHOD_EXIT|[1]|ViewQuotePDF
14:31:57.0 (1754759)|SYSTEM_MODE_ENTER|false
14:31:57.0 (1766161)|HEAP_ALLOCATE|[4]|Bytes:5
14:31:57.0 (1770856)|STATEMENT_EXECUTE|[3]
14:31:57.0 (1772797)|STATEMENT_EXECUTE|[4]
14:31:57.0 (1860002)|HEAP_ALLOCATE|[4]|Bytes:4
14:31:57.0 (1929339)|VARIABLE_SCOPE_BEGIN|[4]|quotes|List<Quote>|true|false
14:31:57.0 (1941536)|HEAP_ALLOCATE|[EXTERNAL]|Bytes:4
14:31:57.0 (1965382)|VARIABLE_ASSIGNMENT|[4]|quotes|[]|0x77045b71
14:31:57.0 (1971825)|STATEMENT_EXECUTE|[5]
14:31:57.0 (1975552)|VARIABLE_SCOPE_BEGIN|[5]|pfdBase64|String|false|false
14:31:57.0 (1985036)|VARIABLE_ASSIGNMENT|[5]|pfdBase64|null
14:31:57.0 (1991076)|HEAP_ALLOCATE|[7]|Bytes:22
14:31:57.0 (2005238)|HEAP_ALLOCATE|[7]|Bytes:4
14:31:57.0 (2310651)|SOQL_EXECUTE_BEGIN|[7]|Aggregations:0|SELECT Name FROM Quote
14:31:57.0 (4059297)|SOQL_EXECUTE_END|[7]|Rows:1
14:31:57.0 (4081140)|HEAP_ALLOCATE|[EXTERNAL]|Bytes:8
14:31:57.0 (4257849)|HEAP_ALLOCATE|[7]|Bytes:54
14:31:57.0 (4266928)|HEAP_ALLOCATE|[7]|Bytes:8
14:31:57.0 (4276084)|SYSTEM_METHOD_ENTRY|[7]|QueryLocatorIterator.QueryLocatorIterator()
14:31:57.0 (4280729)|STATEMENT_EXECUTE|[7]
14:31:57.0 (4287417)|SYSTEM_METHOD_EXIT|[7]|QueryLocatorIterator
14:31:57.0 (4294570)|HEAP_ALLOCATE|[7]|Bytes:28
14:31:57.0 (4323882)|HEAP_ALLOCATE|[7]|Bytes:8
14:31:57.0 (4337146)|HEAP_ALLOCATE|[7]|Bytes:8
14:31:57.0 (4340556)|HEAP_ALLOCATE|[7]|Bytes:8
14:31:57.0 (4345304)|VARIABLE_SCOPE_BEGIN|[15]|this|Database.QueryLocatorIterator|true|false
14:31:57.0 (4377047)|VARIABLE_ASSIGNMENT|[15]|this|{}|0x2b6241df
14:31:57.0 (4383494)|VARIABLE_SCOPE_BEGIN|[15]|values|List<SObject>|true|false
14:31:57.0 (4400639)|VARIABLE_ASSIGNMENT|[15]|values|[{"Name":"first quote","Id":"0Q0f40000009VVICA2"}]|0x59eb3a01
14:31:57.0 (4406278)|VARIABLE_SCOPE_BEGIN|[15]|ql|Database.QueryLocator|true|false
14:31:57.0 (4426164)|VARIABLE_ASSIGNMENT|[15]|ql|{"query":"SELECT Name FROM Quo (2 more) ..."}|0x5048dbcb
14:31:57.0 (4431463)|VARIABLE_SCOPE_BEGIN|[15]|totalNumRecords|Integer|false|false
14:31:57.0 (4439281)|VARIABLE_ASSIGNMENT|[15]|totalNumRecords|1
14:31:57.0 (4443396)|VARIABLE_SCOPE_BEGIN|[15]|queryMoreSize|Integer|false|false
14:31:57.0 (4449698)|VARIABLE_ASSIGNMENT|[15]|queryMoreSize|49999
14:31:57.0 (4530951)|HEAP_ALLOCATE|[7]|Bytes:28
14:31:57.0 (4551082)|METHOD_ENTRY|[7]||Database.QueryLocatorIterator.hasNext()
14:31:57.0 (4591965)|METHOD_EXIT|[7]||Database.QueryLocatorIterator.hasNext()
14:31:57.0 (4599602)|METHOD_ENTRY|[7]||Database.QueryLocatorIterator.next()
14:31:57.0 (4679814)|METHOD_EXIT|[7]||Database.QueryLocatorIterator.next()
14:31:57.0 (4688708)|VARIABLE_SCOPE_BEGIN|[7]|q|Quote|true|false
14:31:57.0 (4704720)|VARIABLE_ASSIGNMENT|[7]|q|{"Name":"first quote","Id":"0Q0f40000009VVICA2"}|0x6db625ce
14:31:57.0 (4710651)|STATEMENT_EXECUTE|[7]
14:31:57.0 (4712802)|STATEMENT_EXECUTE|[8]
14:31:57.0 (4741688)|HEAP_ALLOCATE|[EXTERNAL]|Bytes:4
14:31:57.0 (4753324)|METHOD_ENTRY|[7]||Database.QueryLocatorIterator.hasNext()
14:31:57.0 (4765575)|METHOD_EXIT|[7]||Database.QueryLocatorIterator.hasNext()
14:31:57.0 (4772832)|VARIABLE_ASSIGNMENT|[7]|q|null|
14:31:57.0 (4800911)|STATEMENT_EXECUTE|[13]
14:31:57.0 (4889979)|HEAP_ALLOCATE|[14]|Bytes:5
14:31:57.0 (4902992)|HEAP_ALLOCATE|[14]|Bytes:12
14:31:57.0 (4909340)|VARIABLE_SCOPE_BEGIN|[14]|q|Quote|true|false
14:31:57.0 (4922161)|VARIABLE_ASSIGNMENT|[14]|q|{"Name":"first quote","Id":"0Q0f40000009VVICA2"}|0x6db625ce
14:31:57.0 (4927804)|STATEMENT_EXECUTE|[14]
14:31:57.0 (4929546)|STATEMENT_EXECUTE|[15]
14:31:57.0 (4932822)|HEAP_ALLOCATE|[15]|Bytes:20
14:31:57.0 (4969807)|HEAP_ALLOCATE|[15]|Bytes:31
14:31:57.0 (4994174)|USER_DEBUG|[15]|DEBUG|nombre de la quote: first quote
14:31:57.0 (5009130)|HEAP_ALLOCATE|[14]|Bytes:5
14:31:57.0 (5020563)|VARIABLE_ASSIGNMENT|[14]|q|null|
14:31:57.0 (5025806)|STATEMENT_EXECUTE|[18]
14:31:57.0 (5028434)|HEAP_ALLOCATE|[18]|Bytes:53
14:31:57.0 (5040429)|HEAP_ALLOCATE|[18]|Bytes:4
14:31:57.0 (5046570)|HEAP_ALLOCATE|[18]|Bytes:7
14:31:57.0 (5069420)|HEAP_ALLOCATE|[18]|Bytes:12
14:31:57.0 (5734857)|SOQL_EXECUTE_BEGIN|[18]|Aggregations:0|SELECT Body FROM Attachment WHERE ParentId = :tmpVar1
14:31:57.0 (7899125)|SOQL_EXECUTE_END|[18]|Rows:0
14:31:57.0 (7921432)|HEAP_ALLOCATE|[18]|Bytes:4
14:31:57.0 (7929798)|HEAP_ALLOCATE|[18]|Bytes:0
14:31:57.0 (7981222)|HEAP_ALLOCATE|[18]|Bytes:4
14:31:57.0 (7992052)|VARIABLE_SCOPE_BEGIN|[18]|attachements|List<Attachment>|true|false
14:31:57.0 (8006425)|VARIABLE_ASSIGNMENT|[18]|attachements|[]|0x737ce237
14:31:57.0 (8012747)|STATEMENT_EXECUTE|[24]
14:31:57.0 (8016477)|HEAP_ALLOCATE|[24]|Bytes:49
14:31:57.0 (8585821)|HEAP_ALLOCATE|[24]|Bytes:4
14:31:57.0 (8613803)|SYSTEM_MODE_EXIT|false
14:31:57.8 (8634388)|CUMULATIVE_LIMIT_USAGE
14:31:57.8 (8634388)|LIMIT_USAGE_FOR_NS|(default)|
  Number of SOQL queries: 2 out of 100
  Number of query rows: 1 out of 50000
  Number of SOSL queries: 0 out of 20
  Number of DML statements: 0 out of 150
  Number of DML rows: 0 out of 10000
  Maximum CPU time: 0 out of 10000
  Maximum heap size: 0 out of 6000000
  Number of callouts: 0 out of 100
  Number of Email Invocations: 0 out of 10
  Number of future calls: 0 out of 50
  Number of queueable jobs added to the queue: 0 out of 50
  Number of Mobile Apex push calls: 0 out of 10

14:31:57.8 (8634388)|CUMULATIVE_LIMIT_USAGE_END

14:31:57.0 (8667317)|CODE_UNIT_FINISHED|ViewQuotePDF.getPDF
14:31:57.0 (8768895)|CODE_UNIT_FINISHED|Aura
14:31:57.0 (10199371)|EXECUTION_FINISHED
