42.0 APEX_CODE,FINEST;APEX_PROFILING,INFO;CALLOUT,INFO;DB,INFO;SYSTEM,DEBUG;VALIDATION,INFO;VISUALFORCE,INFO;WAVE,INFO;WORKFLOW,INFO
10:52:53.0 (64641)|USER_INFO|[EXTERNAL]|005f4000001uuP2|nmolinam@deloitte.com|Hora de Venezuela|GMT-04:00
10:52:53.0 (98449)|EXECUTION_STARTED
10:52:53.0 (102854)|CODE_UNIT_STARTED|[EXTERNAL]|Aura
10:52:53.0 (1481890)|CODE_UNIT_STARTED|[EXTERNAL]|01pf4000008WnsX|ViewQuotePDF.getPDF
10:52:53.0 (1706366)|HEAP_ALLOCATE|[72]|Bytes:3
10:52:53.0 (1749741)|HEAP_ALLOCATE|[77]|Bytes:152
10:52:53.0 (1771232)|HEAP_ALLOCATE|[342]|Bytes:408
10:52:53.0 (1784634)|HEAP_ALLOCATE|[355]|Bytes:408
10:52:53.0 (1795741)|HEAP_ALLOCATE|[467]|Bytes:48
10:52:53.0 (1822614)|HEAP_ALLOCATE|[139]|Bytes:6
10:52:53.0 (1838134)|HEAP_ALLOCATE|[EXTERNAL]|Bytes:4
10:52:53.0 (1843945)|HEAP_ALLOCATE|[EXTERNAL]|Bytes:4
10:52:53.0 (1853195)|METHOD_ENTRY|[1]|01pf4000008WnsX|ViewQuotePDF.ViewQuotePDF()
10:52:53.0 (1860480)|STATEMENT_EXECUTE|[1]
10:52:53.0 (1866086)|STATEMENT_EXECUTE|[1]
10:52:53.0 (1899292)|HEAP_ALLOCATE|[50]|Bytes:5
10:52:53.0 (1921111)|HEAP_ALLOCATE|[56]|Bytes:5
10:52:53.0 (1929567)|HEAP_ALLOCATE|[64]|Bytes:7
10:52:53.0 (1948472)|SYSTEM_MODE_ENTER|false
10:52:53.0 (1964042)|HEAP_ALLOCATE|[EXTERNAL]|Bytes:5
10:52:53.0 (1972129)|SYSTEM_MODE_EXIT|false
10:52:53.0 (1980426)|METHOD_EXIT|[1]|ViewQuotePDF
10:52:53.0 (1991311)|SYSTEM_MODE_ENTER|false
10:52:53.0 (2004171)|HEAP_ALLOCATE|[4]|Bytes:5
10:52:53.0 (2009765)|STATEMENT_EXECUTE|[3]
10:52:53.0 (2011592)|STATEMENT_EXECUTE|[4]
10:52:53.0 (2049510)|HEAP_ALLOCATE|[4]|Bytes:4
10:52:53.0 (2120150)|VARIABLE_SCOPE_BEGIN|[4]|quotes|List<Quote>|true|false
10:52:53.0 (2134852)|HEAP_ALLOCATE|[EXTERNAL]|Bytes:4
10:52:53.0 (2161761)|VARIABLE_ASSIGNMENT|[4]|quotes|[]|0x6fef1da3
10:52:53.0 (2170001)|HEAP_ALLOCATE|[5]|Bytes:22
10:52:53.0 (2188531)|HEAP_ALLOCATE|[5]|Bytes:4
10:52:53.0 (2471159)|SOQL_EXECUTE_BEGIN|[5]|Aggregations:0|SELECT Name FROM Quote
10:52:53.0 (4875903)|SOQL_EXECUTE_END|[5]|Rows:1
10:52:53.0 (4896162)|HEAP_ALLOCATE|[EXTERNAL]|Bytes:8
10:52:53.0 (5042534)|HEAP_ALLOCATE|[5]|Bytes:54
10:52:53.0 (5051528)|HEAP_ALLOCATE|[5]|Bytes:8
10:52:53.0 (5060606)|SYSTEM_METHOD_ENTRY|[7]|QueryLocatorIterator.QueryLocatorIterator()
10:52:53.0 (5064988)|STATEMENT_EXECUTE|[7]
10:52:53.0 (5071847)|SYSTEM_METHOD_EXIT|[7]|QueryLocatorIterator
10:52:53.0 (5079562)|HEAP_ALLOCATE|[5]|Bytes:28
10:52:53.0 (5116654)|HEAP_ALLOCATE|[5]|Bytes:8
10:52:53.0 (5130637)|HEAP_ALLOCATE|[5]|Bytes:8
10:52:53.0 (5134116)|HEAP_ALLOCATE|[5]|Bytes:8
10:52:53.0 (5140137)|VARIABLE_SCOPE_BEGIN|[15]|this|Database.QueryLocatorIterator|true|false
10:52:53.0 (5173362)|VARIABLE_ASSIGNMENT|[15]|this|{}|0x75f8b67b
10:52:53.0 (5180101)|VARIABLE_SCOPE_BEGIN|[15]|values|List<SObject>|true|false
10:52:53.0 (5200267)|VARIABLE_ASSIGNMENT|[15]|values|[{"Name":"first quote","Id":"0Q0f40000009VVICA2"}]|0x2907155e
10:52:53.0 (5206127)|VARIABLE_SCOPE_BEGIN|[15]|ql|Database.QueryLocator|true|false
10:52:53.0 (5220785)|VARIABLE_ASSIGNMENT|[15]|ql|{"query":"SELECT Name FROM Quo (2 more) ..."}|0x2de3a71a
10:52:53.0 (5226387)|VARIABLE_SCOPE_BEGIN|[15]|totalNumRecords|Integer|false|false
10:52:53.0 (5236148)|VARIABLE_ASSIGNMENT|[15]|totalNumRecords|1
10:52:53.0 (5241025)|VARIABLE_SCOPE_BEGIN|[15]|queryMoreSize|Integer|false|false
10:52:53.0 (5247971)|VARIABLE_ASSIGNMENT|[15]|queryMoreSize|49999
10:52:53.0 (5332314)|HEAP_ALLOCATE|[5]|Bytes:28
10:52:53.0 (5356006)|METHOD_ENTRY|[5]||Database.QueryLocatorIterator.hasNext()
10:52:53.0 (5402996)|METHOD_EXIT|[5]||Database.QueryLocatorIterator.hasNext()
10:52:53.0 (5410869)|METHOD_ENTRY|[5]||Database.QueryLocatorIterator.next()
10:52:53.0 (5480566)|METHOD_EXIT|[5]||Database.QueryLocatorIterator.next()
10:52:53.0 (5489567)|VARIABLE_SCOPE_BEGIN|[5]|q|Quote|true|false
10:52:53.0 (5504898)|VARIABLE_ASSIGNMENT|[5]|q|{"Name":"first quote","Id":"0Q0f40000009VVICA2"}|0x6480f3c0
10:52:53.0 (5511084)|STATEMENT_EXECUTE|[5]
10:52:53.0 (5512861)|STATEMENT_EXECUTE|[6]
10:52:53.0 (5542312)|HEAP_ALLOCATE|[EXTERNAL]|Bytes:4
10:52:53.0 (5554067)|METHOD_ENTRY|[5]||Database.QueryLocatorIterator.hasNext()
10:52:53.0 (5565327)|METHOD_EXIT|[5]||Database.QueryLocatorIterator.hasNext()
10:52:53.0 (5572930)|VARIABLE_ASSIGNMENT|[5]|q|null|
10:52:53.0 (5604637)|STATEMENT_EXECUTE|[10]
10:52:53.0 (5606691)|STATEMENT_EXECUTE|[11]
10:52:53.0 (5623326)|HEAP_ALLOCATE|[11]|Bytes:12
10:52:53.0 (5672358)|USER_DEBUG|[11]|DEBUG|first quote
10:52:53.0 (5681873)|STATEMENT_EXECUTE|[14]
10:52:53.0 (5693759)|SYSTEM_MODE_EXIT|false
10:52:53.5 (5715765)|CUMULATIVE_LIMIT_USAGE
10:52:53.5 (5715765)|LIMIT_USAGE_FOR_NS|(default)|
  Number of SOQL queries: 1 out of 100
  Number of query rows: 1 out of 50000
  Number of SOSL queries: 0 out of 20
  Number of DML statements: 0 out of 150
  Number of DML rows: 0 out of 10000
  Maximum CPU time: 0 out of 10000
  Maximum heap size: 0 out of 6000000
  Number of callouts: 0 out of 100
  Number of Email Invocations: 0 out of 10
  Number of future calls: 0 out of 50
  Number of queueable jobs added to the queue: 0 out of 50
  Number of Mobile Apex push calls: 0 out of 10

10:52:53.5 (5715765)|CUMULATIVE_LIMIT_USAGE_END

10:52:53.0 (5751934)|CODE_UNIT_FINISHED|ViewQuotePDF.getPDF
10:52:53.0 (5808036)|CODE_UNIT_FINISHED|Aura
10:52:53.0 (7241057)|EXECUTION_FINISHED
