42.0 APEX_CODE,FINEST;APEX_PROFILING,INFO;CALLOUT,INFO;DB,INFO;SYSTEM,DEBUG;VALIDATION,INFO;VISUALFORCE,INFO;WAVE,INFO;WORKFLOW,INFO
15:29:23.0 (356876)|USER_INFO|[EXTERNAL]|005f4000001uuP2|nmolinam@deloitte.com|Hora de Venezuela|GMT-04:00
15:29:23.0 (405248)|EXECUTION_STARTED
15:29:23.0 (409783)|CODE_UNIT_STARTED|[EXTERNAL]|Aura
15:29:23.0 (1437195)|HEAP_ALLOCATE|[72]|Bytes:3
15:29:23.0 (1526822)|HEAP_ALLOCATE|[77]|Bytes:152
15:29:23.0 (1548698)|HEAP_ALLOCATE|[342]|Bytes:408
15:29:23.0 (1567929)|HEAP_ALLOCATE|[355]|Bytes:408
15:29:23.0 (1587089)|HEAP_ALLOCATE|[467]|Bytes:48
15:29:23.0 (1621477)|HEAP_ALLOCATE|[139]|Bytes:6
15:29:23.0 (1643146)|HEAP_ALLOCATE|[EXTERNAL]|Bytes:18
15:29:23.0 (1673917)|HEAP_ALLOCATE|[EXTERNAL]|Bytes:4
15:29:23.0 (2572331)|CODE_UNIT_STARTED|[EXTERNAL]|01pf4000009Vx35|CloneQuote.cloneQuote
15:29:23.0 (2776095)|HEAP_ALLOCATE|[EXTERNAL]|Bytes:1
15:29:23.0 (2797816)|METHOD_ENTRY|[1]|01pf4000009Vx35|CloneQuote.CloneQuote()
15:29:23.0 (2804887)|STATEMENT_EXECUTE|[1]
15:29:23.0 (2810595)|STATEMENT_EXECUTE|[1]
15:29:23.0 (2853217)|HEAP_ALLOCATE|[50]|Bytes:5
15:29:23.0 (2920139)|HEAP_ALLOCATE|[56]|Bytes:5
15:29:23.0 (2931527)|HEAP_ALLOCATE|[64]|Bytes:7
15:29:23.0 (2973441)|SYSTEM_MODE_ENTER|false
15:29:23.0 (2990491)|HEAP_ALLOCATE|[EXTERNAL]|Bytes:5
15:29:23.0 (3001467)|SYSTEM_MODE_EXIT|false
15:29:23.0 (3014094)|METHOD_EXIT|[1]|CloneQuote
15:29:23.0 (3021413)|HEAP_ALLOCATE|[EXTERNAL]|Bytes:4
15:29:23.0 (3031139)|SYSTEM_MODE_ENTER|false
15:29:23.0 (3037645)|VARIABLE_SCOPE_BEGIN|[3]|quoteId|Id|false|false
15:29:23.0 (3391649)|VARIABLE_ASSIGNMENT|[3]|quoteId|"0Q0f40000009kKqCAI"
15:29:23.0 (3424491)|HEAP_ALLOCATE|[6]|Bytes:5
15:29:23.0 (3431219)|STATEMENT_EXECUTE|[3]
15:29:23.0 (3433761)|STATEMENT_EXECUTE|[4]
15:29:23.0 (3438727)|HEAP_ALLOCATE|[6]|Bytes:183
15:29:23.0 (3463398)|HEAP_ALLOCATE|[6]|Bytes:4
15:29:23.0 (3477440)|HEAP_ALLOCATE|[6]|Bytes:7
15:29:23.0 (4352471)|SOQL_EXECUTE_BEGIN|[6]|Aggregations:1|SELECT Name, OPPORTUNITYiD, Pricebook2Id, (SELECT QuoteId, Description, Discount, PricebookEntryId, Quantity, Product2Id, UnitPrice FROM QuoteLineItems) FROM QUOTE WHERE ID = :tmpVar1
15:29:23.0 (9135480)|SOQL_EXECUTE_END|[6]|Rows:1
15:29:23.0 (9168280)|HEAP_ALLOCATE|[6]|Bytes:8
15:29:23.0 (9188889)|HEAP_ALLOCATE|[6]|Bytes:113
15:29:23.0 (9269370)|HEAP_ALLOCATE|[6]|Bytes:8
15:29:23.0 (9281813)|HEAP_ALLOCATE|[4]|Bytes:31
15:29:23.0 (9316338)|HEAP_ALLOCATE|[4]|Bytes:20
15:29:23.0 (9329231)|VARIABLE_SCOPE_BEGIN|[4]|q1|Quote|true|false
15:29:23.0 (9363919)|VARIABLE_ASSIGNMENT|[4]|q1|{"Name":"QUOTE 2","OpportunityId":"006f400000AO4MJAA1","Pricebook2Id":"01sf4000003Vb8JAAS","Id":"0Q0f40000009kKqCAI"}|0x2e6e0306
15:29:23.0 (9378440)|STATEMENT_EXECUTE|[11]
15:29:23.0 (9493558)|HEAP_ALLOCATE|[11]|Bytes:88
15:29:23.0 (9499934)|HEAP_ALLOCATE|[11]|Bytes:16
15:29:23.0 (9519988)|VARIABLE_SCOPE_BEGIN|[11]|q2|Quote|true|false
15:29:23.0 (9536770)|VARIABLE_ASSIGNMENT|[11]|q2|{"Name":"QUOTE 2","OpportunityId":"006f400000AO4MJAA1","Pricebook2Id":"01sf4000003Vb8JAAS"}|0x6f84f907
15:29:23.0 (9543944)|STATEMENT_EXECUTE|[12]
15:29:23.0 (9639217)|VARIABLE_ASSIGNMENT|[12]|this.Pricebook2Id|"01sf4000003Vb8JAAS"|0x6f84f907
15:29:23.0 (9651329)|STATEMENT_EXECUTE|[14]
15:29:23.0 (9684214)|HEAP_ALLOCATE|[14]|Bytes:8
15:29:23.0 (9695333)|DML_BEGIN|[14]|Op:Insert|Type:Quote|Rows:1
15:29:23.0 (9734975)|HEAP_ALLOCATE|[EXTERNAL]|Bytes:8
15:29:23.0 (46520377)|DML_END|[14]
15:29:23.0 (46535151)|HEAP_ALLOCATE|[14]|Bytes:-4
15:29:23.0 (46554859)|STATEMENT_EXECUTE|[15]
15:29:23.0 (46586138)|VARIABLE_SCOPE_BEGIN|[15]|idQuote|Id|false|false
15:29:23.0 (46661765)|VARIABLE_ASSIGNMENT|[15]|idQuote|"0Q0f40000009kLACAY"
15:29:23.0 (46668256)|STATEMENT_EXECUTE|[18]
15:29:23.0 (46674315)|HEAP_ALLOCATE|[18]|Bytes:14
15:29:23.0 (46682056)|HEAP_ALLOCATE|[18]|Bytes:13
15:29:23.0 (46716169)|HEAP_ALLOCATE|[EXTERNAL]|Bytes:4
15:29:23.0 (46788041)|HEAP_ALLOCATE|[18]|Bytes:4
15:29:23.0 (46800777)|VARIABLE_SCOPE_BEGIN|[18]|items|List<QuoteLineItem>|true|false
15:29:23.0 (46819086)|VARIABLE_ASSIGNMENT|[18]|items|[]|0x2171a81d
15:29:23.0 (47018938)|HEAP_ALLOCATE|[20]|Bytes:5
15:29:23.0 (47037361)|VARIABLE_ASSIGNMENT|[20]|i|null|
15:29:23.0 (47043052)|STATEMENT_EXECUTE|[20]
15:29:23.0 (47052491)|SYSTEM_MODE_EXIT|false
15:29:23.52 (52291858)|CUMULATIVE_LIMIT_USAGE
15:29:23.52 (52291858)|LIMIT_USAGE_FOR_NS|(default)|
  Number of SOQL queries: 1 out of 100
  Number of query rows: 1 out of 50000
  Number of SOSL queries: 0 out of 20
  Number of DML statements: 1 out of 150
  Number of DML rows: 1 out of 10000
  Maximum CPU time: 0 out of 10000
  Maximum heap size: 0 out of 6000000
  Number of callouts: 0 out of 100
  Number of Email Invocations: 0 out of 10
  Number of future calls: 0 out of 50
  Number of queueable jobs added to the queue: 0 out of 50
  Number of Mobile Apex push calls: 0 out of 10

15:29:23.52 (52291858)|CUMULATIVE_LIMIT_USAGE_END

15:29:23.0 (52341560)|CODE_UNIT_FINISHED|CloneQuote.cloneQuote
15:29:23.0 (52413791)|CODE_UNIT_FINISHED|Aura
15:29:23.0 (53299263)|EXECUTION_FINISHED
