42.0 APEX_CODE,FINEST;APEX_PROFILING,INFO;CALLOUT,INFO;DB,INFO;SYSTEM,DEBUG;VALIDATION,INFO;VISUALFORCE,INFO;WAVE,INFO;WORKFLOW,INFO
09:41:56.0 (337560)|USER_INFO|[EXTERNAL]|005f4000001uuP2|nmolinam@deloitte.com|Hora de Venezuela|GMT-04:00
09:41:56.0 (368428)|EXECUTION_STARTED
09:41:56.0 (373351)|CODE_UNIT_STARTED|[EXTERNAL]|Aura
09:41:56.0 (1864797)|CODE_UNIT_STARTED|[EXTERNAL]|01pf4000008WnsX|ViewQuotePDF.getPDF
09:41:56.0 (2091348)|HEAP_ALLOCATE|[72]|Bytes:3
09:41:56.0 (2120320)|HEAP_ALLOCATE|[77]|Bytes:152
09:41:56.0 (2133813)|HEAP_ALLOCATE|[342]|Bytes:408
09:41:56.0 (2146557)|HEAP_ALLOCATE|[355]|Bytes:408
09:41:56.0 (2156968)|HEAP_ALLOCATE|[467]|Bytes:48
09:41:56.0 (2180927)|HEAP_ALLOCATE|[139]|Bytes:6
09:41:56.0 (2195375)|HEAP_ALLOCATE|[EXTERNAL]|Bytes:7
09:41:56.0 (2200240)|HEAP_ALLOCATE|[EXTERNAL]|Bytes:8
09:41:56.0 (2207838)|METHOD_ENTRY|[1]|01pf4000008WnsX|ViewQuotePDF.ViewQuotePDF()
09:41:56.0 (2214173)|STATEMENT_EXECUTE|[1]
09:41:56.0 (2218468)|STATEMENT_EXECUTE|[1]
09:41:56.0 (2246042)|HEAP_ALLOCATE|[50]|Bytes:5
09:41:56.0 (2261470)|HEAP_ALLOCATE|[56]|Bytes:5
09:41:56.0 (2269285)|HEAP_ALLOCATE|[64]|Bytes:7
09:41:56.0 (2289135)|SYSTEM_MODE_ENTER|false
09:41:56.0 (2300064)|HEAP_ALLOCATE|[EXTERNAL]|Bytes:5
09:41:56.0 (2305787)|SYSTEM_MODE_EXIT|false
09:41:56.0 (2314242)|METHOD_EXIT|[1]|ViewQuotePDF
09:41:56.0 (2323321)|SYSTEM_MODE_ENTER|false
09:41:56.0 (2334584)|HEAP_ALLOCATE|[4]|Bytes:5
09:41:56.0 (2339476)|STATEMENT_EXECUTE|[3]
09:41:56.0 (2341304)|STATEMENT_EXECUTE|[4]
09:41:56.0 (2431860)|HEAP_ALLOCATE|[4]|Bytes:4
09:41:56.0 (2506102)|VARIABLE_SCOPE_BEGIN|[4]|quotes|List<Quote>|true|false
09:41:56.0 (2520322)|HEAP_ALLOCATE|[EXTERNAL]|Bytes:4
09:41:56.0 (2545820)|VARIABLE_ASSIGNMENT|[4]|quotes|[]|0x447a8f0f
09:41:56.0 (2557233)|STATEMENT_EXECUTE|[5]
09:41:56.0 (2562614)|VARIABLE_SCOPE_BEGIN|[5]|pfdBase64|String|false|false
09:41:56.0 (2575493)|VARIABLE_ASSIGNMENT|[5]|pfdBase64|null
09:41:56.0 (2582720)|HEAP_ALLOCATE|[7]|Bytes:22
09:41:56.0 (2596223)|HEAP_ALLOCATE|[7]|Bytes:4
09:41:56.0 (2884596)|SOQL_EXECUTE_BEGIN|[7]|Aggregations:0|SELECT Name FROM Quote
09:41:56.0 (4554977)|SOQL_EXECUTE_END|[7]|Rows:1
09:41:56.0 (4575252)|HEAP_ALLOCATE|[EXTERNAL]|Bytes:8
09:41:56.0 (4710604)|HEAP_ALLOCATE|[7]|Bytes:54
09:41:56.0 (4719564)|HEAP_ALLOCATE|[7]|Bytes:8
09:41:56.0 (4727984)|SYSTEM_METHOD_ENTRY|[7]|QueryLocatorIterator.QueryLocatorIterator()
09:41:56.0 (4731950)|STATEMENT_EXECUTE|[7]
09:41:56.0 (4738716)|SYSTEM_METHOD_EXIT|[7]|QueryLocatorIterator
09:41:56.0 (4745738)|HEAP_ALLOCATE|[7]|Bytes:28
09:41:56.0 (4776226)|HEAP_ALLOCATE|[7]|Bytes:8
09:41:56.0 (4789695)|HEAP_ALLOCATE|[7]|Bytes:8
09:41:56.0 (4793760)|HEAP_ALLOCATE|[7]|Bytes:8
09:41:56.0 (4799107)|VARIABLE_SCOPE_BEGIN|[15]|this|Database.QueryLocatorIterator|true|false
09:41:56.0 (4861351)|VARIABLE_ASSIGNMENT|[15]|this|{}|0x1ca57085
09:41:56.0 (4872929)|VARIABLE_SCOPE_BEGIN|[15]|values|List<SObject>|true|false
09:41:56.0 (4896568)|VARIABLE_ASSIGNMENT|[15]|values|[{"Name":"first quote","Id":"0Q0f40000009VVICA2"}]|0x45d40d51
09:41:56.0 (4906138)|VARIABLE_SCOPE_BEGIN|[15]|ql|Database.QueryLocator|true|false
09:41:56.0 (4924148)|VARIABLE_ASSIGNMENT|[15]|ql|{"query":"SELECT Name FROM Quo (2 more) ..."}|0x3b578be5
09:41:56.0 (4930180)|VARIABLE_SCOPE_BEGIN|[15]|totalNumRecords|Integer|false|false
09:41:56.0 (4938992)|VARIABLE_ASSIGNMENT|[15]|totalNumRecords|1
09:41:56.0 (4943396)|VARIABLE_SCOPE_BEGIN|[15]|queryMoreSize|Integer|false|false
09:41:56.0 (4951310)|VARIABLE_ASSIGNMENT|[15]|queryMoreSize|49999
09:41:56.0 (5045093)|HEAP_ALLOCATE|[7]|Bytes:28
09:41:56.0 (5065215)|METHOD_ENTRY|[7]||Database.QueryLocatorIterator.hasNext()
09:41:56.0 (5106323)|METHOD_EXIT|[7]||Database.QueryLocatorIterator.hasNext()
09:41:56.0 (5113962)|METHOD_ENTRY|[7]||Database.QueryLocatorIterator.next()
09:41:56.0 (5180733)|METHOD_EXIT|[7]||Database.QueryLocatorIterator.next()
09:41:56.0 (5189154)|VARIABLE_SCOPE_BEGIN|[7]|q|Quote|true|false
09:41:56.0 (5203888)|VARIABLE_ASSIGNMENT|[7]|q|{"Name":"first quote","Id":"0Q0f40000009VVICA2"}|0x5e80bc3e
09:41:56.0 (5210686)|STATEMENT_EXECUTE|[7]
09:41:56.0 (5212801)|STATEMENT_EXECUTE|[8]
09:41:56.0 (5243591)|HEAP_ALLOCATE|[EXTERNAL]|Bytes:4
09:41:56.0 (5254992)|METHOD_ENTRY|[7]||Database.QueryLocatorIterator.hasNext()
09:41:56.0 (5270804)|METHOD_EXIT|[7]||Database.QueryLocatorIterator.hasNext()
09:41:56.0 (5278778)|VARIABLE_ASSIGNMENT|[7]|q|null|
09:41:56.0 (5308491)|STATEMENT_EXECUTE|[13]
09:41:56.0 (5393370)|HEAP_ALLOCATE|[14]|Bytes:5
09:41:56.0 (5425615)|HEAP_ALLOCATE|[14]|Bytes:12
09:41:56.0 (5432938)|VARIABLE_SCOPE_BEGIN|[14]|q|Quote|true|false
09:41:56.0 (5447007)|VARIABLE_ASSIGNMENT|[14]|q|{"Name":"first quote","Id":"0Q0f40000009VVICA2"}|0x5e80bc3e
09:41:56.0 (5453436)|STATEMENT_EXECUTE|[14]
09:41:56.0 (5455240)|STATEMENT_EXECUTE|[15]
09:41:56.0 (5458265)|HEAP_ALLOCATE|[15]|Bytes:20
09:41:56.0 (5507444)|HEAP_ALLOCATE|[15]|Bytes:31
09:41:56.0 (5533829)|USER_DEBUG|[15]|DEBUG|nombre de la quote: first quote
09:41:56.0 (5549446)|HEAP_ALLOCATE|[14]|Bytes:5
09:41:56.0 (5560196)|VARIABLE_ASSIGNMENT|[14]|q|null|
09:41:56.0 (5565831)|STATEMENT_EXECUTE|[18]
09:41:56.0 (5568611)|HEAP_ALLOCATE|[18]|Bytes:53
09:41:56.0 (5580532)|HEAP_ALLOCATE|[18]|Bytes:4
09:41:56.0 (5587394)|HEAP_ALLOCATE|[18]|Bytes:7
09:41:56.0 (5611708)|HEAP_ALLOCATE|[18]|Bytes:12
09:41:56.0 (6104040)|SOQL_EXECUTE_BEGIN|[18]|Aggregations:0|SELECT Body FROM Attachment WHERE ParentId = :tmpVar1
09:41:56.0 (8774586)|SOQL_EXECUTE_END|[18]|Rows:0
09:41:56.0 (8797146)|HEAP_ALLOCATE|[18]|Bytes:4
09:41:56.0 (8806118)|HEAP_ALLOCATE|[18]|Bytes:0
09:41:56.0 (8884517)|HEAP_ALLOCATE|[18]|Bytes:4
09:41:56.0 (8901873)|VARIABLE_SCOPE_BEGIN|[18]|attachements|List<Attachment>|true|false
09:41:56.0 (8918079)|VARIABLE_ASSIGNMENT|[18]|attachements|[]|0x7f462d16
09:41:56.0 (8925187)|STATEMENT_EXECUTE|[20]
09:41:56.0 (8929144)|HEAP_ALLOCATE|[20]|Bytes:21
09:41:56.0 (8951532)|USER_DEBUG|[20]|DEBUG|before blob to string
09:41:56.0 (8960774)|STATEMENT_EXECUTE|[25]
09:41:56.0 (8969148)|METHOD_ENTRY|[25]|01pf4000008WnsX|ViewQuotePDF.StringPDF()
09:41:56.0 (8995688)|HEAP_ALLOCATE|[36]|Bytes:5
09:41:56.0 (9000521)|STATEMENT_EXECUTE|[34]
09:41:56.0 (9002746)|STATEMENT_EXECUTE|[35]
09:41:56.0 (9005212)|HEAP_ALLOCATE|[36]|Bytes:988
09:41:56.0 (9013314)|METHOD_EXIT|[25]|01pf4000008WnsX|ViewQuotePDF.StringPDF()
09:41:56.0 (15618342)|HEAP_ALLOCATE|[25]|Bytes:4
09:41:56.0 (15666705)|VARIABLE_SCOPE_BEGIN|[25]|b|Blob|false|false
09:41:56.0 (15713380)|VARIABLE_ASSIGNMENT|[25]|b|BLOB(1435 bytes)
09:41:56.0 (15720885)|STATEMENT_EXECUTE|[26]
09:41:56.0 (15762553)|HEAP_ALLOCATE|[26]|Bytes:15
09:41:56.0 (15775404)|SYSTEM_METHOD_ENTRY|[1]|EncodingUtil.EncodingUtil()
09:41:56.0 (15780595)|STATEMENT_EXECUTE|[1]
09:41:56.0 (15788191)|SYSTEM_METHOD_EXIT|[1]|EncodingUtil
09:41:56.0 (15801005)|METHOD_ENTRY|[26]||System.EncodingUtil.base64Encode(Blob)
09:41:56.0 (15883012)|METHOD_EXIT|[26]||System.EncodingUtil.base64Encode(Blob)
09:41:56.0 (15896435)|SYSTEM_MODE_EXIT|false
09:41:56.15 (15920755)|CUMULATIVE_LIMIT_USAGE
09:41:56.15 (15920755)|LIMIT_USAGE_FOR_NS|(default)|
  Number of SOQL queries: 2 out of 100
  Number of query rows: 1 out of 50000
  Number of SOSL queries: 0 out of 20
  Number of DML statements: 0 out of 150
  Number of DML rows: 0 out of 10000
  Maximum CPU time: 0 out of 10000
  Maximum heap size: 0 out of 6000000
  Number of callouts: 0 out of 100
  Number of Email Invocations: 0 out of 10
  Number of future calls: 0 out of 50
  Number of queueable jobs added to the queue: 0 out of 50
  Number of Mobile Apex push calls: 0 out of 10

09:41:56.15 (15920755)|CUMULATIVE_LIMIT_USAGE_END

09:41:56.0 (15950391)|CODE_UNIT_FINISHED|ViewQuotePDF.getPDF
09:41:56.0 (16028287)|CODE_UNIT_FINISHED|Aura
09:41:56.0 (17386530)|EXECUTION_FINISHED
