42.0 APEX_CODE,FINEST;APEX_PROFILING,INFO;CALLOUT,INFO;DB,INFO;SYSTEM,DEBUG;VALIDATION,INFO;VISUALFORCE,INFO;WAVE,INFO;WORKFLOW,INFO
09:43:15.0 (63730)|USER_INFO|[EXTERNAL]|005f4000001uuP2|nmolinam@deloitte.com|Hora de Venezuela|GMT-04:00
09:43:15.0 (99112)|EXECUTION_STARTED
09:43:15.0 (104936)|CODE_UNIT_STARTED|[EXTERNAL]|Aura
09:43:15.0 (1134963)|CODE_UNIT_STARTED|[EXTERNAL]|01pf4000008WnsX|ViewQuotePDF.getPDF
09:43:15.0 (1298877)|HEAP_ALLOCATE|[72]|Bytes:3
09:43:15.0 (1338051)|HEAP_ALLOCATE|[77]|Bytes:152
09:43:15.0 (1353111)|HEAP_ALLOCATE|[342]|Bytes:408
09:43:15.0 (1365205)|HEAP_ALLOCATE|[355]|Bytes:408
09:43:15.0 (1376101)|HEAP_ALLOCATE|[467]|Bytes:48
09:43:15.0 (1402524)|HEAP_ALLOCATE|[139]|Bytes:6
09:43:15.0 (1456012)|HEAP_ALLOCATE|[EXTERNAL]|Bytes:7
09:43:15.0 (1462032)|HEAP_ALLOCATE|[EXTERNAL]|Bytes:8
09:43:15.0 (1472236)|METHOD_ENTRY|[1]|01pf4000008WnsX|ViewQuotePDF.ViewQuotePDF()
09:43:15.0 (1479908)|STATEMENT_EXECUTE|[1]
09:43:15.0 (1484857)|STATEMENT_EXECUTE|[1]
09:43:15.0 (1514463)|HEAP_ALLOCATE|[50]|Bytes:5
09:43:15.0 (1535483)|HEAP_ALLOCATE|[56]|Bytes:5
09:43:15.0 (1549110)|HEAP_ALLOCATE|[64]|Bytes:7
09:43:15.0 (1574173)|SYSTEM_MODE_ENTER|false
09:43:15.0 (1588183)|HEAP_ALLOCATE|[EXTERNAL]|Bytes:5
09:43:15.0 (1595435)|SYSTEM_MODE_EXIT|false
09:43:15.0 (1604875)|METHOD_EXIT|[1]|ViewQuotePDF
09:43:15.0 (1614881)|SYSTEM_MODE_ENTER|false
09:43:15.0 (1627508)|HEAP_ALLOCATE|[4]|Bytes:5
09:43:15.0 (1632208)|STATEMENT_EXECUTE|[3]
09:43:15.0 (1633992)|STATEMENT_EXECUTE|[4]
09:43:15.0 (1732837)|HEAP_ALLOCATE|[4]|Bytes:4
09:43:15.0 (1803915)|VARIABLE_SCOPE_BEGIN|[4]|quotes|List<Quote>|true|false
09:43:15.0 (1818389)|HEAP_ALLOCATE|[EXTERNAL]|Bytes:4
09:43:15.0 (1840592)|VARIABLE_ASSIGNMENT|[4]|quotes|[]|0x51a4adff
09:43:15.0 (1846585)|STATEMENT_EXECUTE|[5]
09:43:15.0 (1850386)|VARIABLE_SCOPE_BEGIN|[5]|pfdBase64|String|false|false
09:43:15.0 (1860577)|VARIABLE_ASSIGNMENT|[5]|pfdBase64|null
09:43:15.0 (1867114)|HEAP_ALLOCATE|[7]|Bytes:22
09:43:15.0 (1883345)|HEAP_ALLOCATE|[7]|Bytes:4
09:43:15.0 (2197740)|SOQL_EXECUTE_BEGIN|[7]|Aggregations:0|SELECT Name FROM Quote
09:43:15.0 (4114354)|SOQL_EXECUTE_END|[7]|Rows:1
09:43:15.0 (4139244)|HEAP_ALLOCATE|[EXTERNAL]|Bytes:8
09:43:15.0 (4305155)|HEAP_ALLOCATE|[7]|Bytes:54
09:43:15.0 (4314952)|HEAP_ALLOCATE|[7]|Bytes:8
09:43:15.0 (4324912)|SYSTEM_METHOD_ENTRY|[7]|QueryLocatorIterator.QueryLocatorIterator()
09:43:15.0 (4329657)|STATEMENT_EXECUTE|[7]
09:43:15.0 (4337377)|SYSTEM_METHOD_EXIT|[7]|QueryLocatorIterator
09:43:15.0 (4345090)|HEAP_ALLOCATE|[7]|Bytes:28
09:43:15.0 (4378521)|HEAP_ALLOCATE|[7]|Bytes:8
09:43:15.0 (4396251)|HEAP_ALLOCATE|[7]|Bytes:8
09:43:15.0 (4400325)|HEAP_ALLOCATE|[7]|Bytes:8
09:43:15.0 (4405839)|VARIABLE_SCOPE_BEGIN|[15]|this|Database.QueryLocatorIterator|true|false
09:43:15.0 (4442358)|VARIABLE_ASSIGNMENT|[15]|this|{}|0x1ebcf9dc
09:43:15.0 (4448729)|VARIABLE_SCOPE_BEGIN|[15]|values|List<SObject>|true|false
09:43:15.0 (4471652)|VARIABLE_ASSIGNMENT|[15]|values|[{"Name":"first quote","Id":"0Q0f40000009VVICA2"}]|0x302639c7
09:43:15.0 (4479116)|VARIABLE_SCOPE_BEGIN|[15]|ql|Database.QueryLocator|true|false
09:43:15.0 (4496147)|VARIABLE_ASSIGNMENT|[15]|ql|{"query":"SELECT Name FROM Quo (2 more) ..."}|0x252ae730
09:43:15.0 (4501535)|VARIABLE_SCOPE_BEGIN|[15]|totalNumRecords|Integer|false|false
09:43:15.0 (4511603)|VARIABLE_ASSIGNMENT|[15]|totalNumRecords|1
09:43:15.0 (4516000)|VARIABLE_SCOPE_BEGIN|[15]|queryMoreSize|Integer|false|false
09:43:15.0 (4523310)|VARIABLE_ASSIGNMENT|[15]|queryMoreSize|49999
09:43:15.0 (4624195)|HEAP_ALLOCATE|[7]|Bytes:28
09:43:15.0 (4645720)|METHOD_ENTRY|[7]||Database.QueryLocatorIterator.hasNext()
09:43:15.0 (4692574)|METHOD_EXIT|[7]||Database.QueryLocatorIterator.hasNext()
09:43:15.0 (4700446)|METHOD_ENTRY|[7]||Database.QueryLocatorIterator.next()
09:43:15.0 (4774532)|METHOD_EXIT|[7]||Database.QueryLocatorIterator.next()
09:43:15.0 (4784112)|VARIABLE_SCOPE_BEGIN|[7]|q|Quote|true|false
09:43:15.0 (4798589)|VARIABLE_ASSIGNMENT|[7]|q|{"Name":"first quote","Id":"0Q0f40000009VVICA2"}|0xd8710a1
09:43:15.0 (4805808)|STATEMENT_EXECUTE|[7]
09:43:15.0 (4807918)|STATEMENT_EXECUTE|[8]
09:43:15.0 (4837699)|HEAP_ALLOCATE|[EXTERNAL]|Bytes:4
09:43:15.0 (4849281)|METHOD_ENTRY|[7]||Database.QueryLocatorIterator.hasNext()
09:43:15.0 (4861162)|METHOD_EXIT|[7]||Database.QueryLocatorIterator.hasNext()
09:43:15.0 (4868812)|VARIABLE_ASSIGNMENT|[7]|q|null|
09:43:15.0 (4902337)|STATEMENT_EXECUTE|[13]
09:43:15.0 (4995864)|HEAP_ALLOCATE|[14]|Bytes:5
09:43:15.0 (5011771)|HEAP_ALLOCATE|[14]|Bytes:12
09:43:15.0 (5019066)|VARIABLE_SCOPE_BEGIN|[14]|q|Quote|true|false
09:43:15.0 (5033554)|VARIABLE_ASSIGNMENT|[14]|q|{"Name":"first quote","Id":"0Q0f40000009VVICA2"}|0xd8710a1
09:43:15.0 (5039540)|STATEMENT_EXECUTE|[14]
09:43:15.0 (5041094)|STATEMENT_EXECUTE|[15]
09:43:15.0 (5044669)|HEAP_ALLOCATE|[15]|Bytes:20
09:43:15.0 (5090257)|HEAP_ALLOCATE|[15]|Bytes:31
09:43:15.0 (5118169)|USER_DEBUG|[15]|DEBUG|nombre de la quote: first quote
09:43:15.0 (5133873)|HEAP_ALLOCATE|[14]|Bytes:5
09:43:15.0 (5144788)|VARIABLE_ASSIGNMENT|[14]|q|null|
09:43:15.0 (5150172)|STATEMENT_EXECUTE|[18]
09:43:15.0 (5152884)|HEAP_ALLOCATE|[18]|Bytes:53
09:43:15.0 (5166486)|HEAP_ALLOCATE|[18]|Bytes:4
09:43:15.0 (5174484)|HEAP_ALLOCATE|[18]|Bytes:7
09:43:15.0 (5199220)|HEAP_ALLOCATE|[18]|Bytes:12
09:43:15.0 (5759404)|SOQL_EXECUTE_BEGIN|[18]|Aggregations:0|SELECT Body FROM Attachment WHERE ParentId = :tmpVar1
09:43:15.0 (8258187)|SOQL_EXECUTE_END|[18]|Rows:0
09:43:15.0 (8288863)|HEAP_ALLOCATE|[18]|Bytes:4
09:43:15.0 (8298481)|HEAP_ALLOCATE|[18]|Bytes:0
09:43:15.0 (8380482)|HEAP_ALLOCATE|[18]|Bytes:4
09:43:15.0 (8397888)|VARIABLE_SCOPE_BEGIN|[18]|attachements|List<Attachment>|true|false
09:43:15.0 (8419717)|VARIABLE_ASSIGNMENT|[18]|attachements|[]|0x633c946c
09:43:15.0 (8426295)|STATEMENT_EXECUTE|[20]
09:43:15.0 (8431627)|HEAP_ALLOCATE|[20]|Bytes:21
09:43:15.0 (8465082)|USER_DEBUG|[20]|DEBUG|before blob to string
09:43:15.0 (8477849)|STATEMENT_EXECUTE|[25]
09:43:15.0 (8488370)|METHOD_ENTRY|[25]|01pf4000008WnsX|ViewQuotePDF.StringPDF()
09:43:15.0 (8516690)|HEAP_ALLOCATE|[36]|Bytes:5
09:43:15.0 (8521468)|STATEMENT_EXECUTE|[34]
09:43:15.0 (8523031)|STATEMENT_EXECUTE|[35]
09:43:15.0 (8525615)|HEAP_ALLOCATE|[36]|Bytes:988
09:43:15.0 (8533875)|METHOD_EXIT|[25]|01pf4000008WnsX|ViewQuotePDF.StringPDF()
09:43:15.0 (10483976)|HEAP_ALLOCATE|[25]|Bytes:4
09:43:15.0 (10531540)|VARIABLE_SCOPE_BEGIN|[25]|b|Blob|false|false
09:43:15.0 (10558609)|VARIABLE_ASSIGNMENT|[25]|b|BLOB(1435 bytes)
09:43:15.0 (10564189)|STATEMENT_EXECUTE|[26]
09:43:15.0 (10620195)|HEAP_ALLOCATE|[26]|Bytes:15
09:43:15.0 (10634095)|SYSTEM_METHOD_ENTRY|[1]|EncodingUtil.EncodingUtil()
09:43:15.0 (10638764)|STATEMENT_EXECUTE|[1]
09:43:15.0 (10648519)|SYSTEM_METHOD_EXIT|[1]|EncodingUtil
09:43:15.0 (10662594)|METHOD_ENTRY|[26]||System.EncodingUtil.base64Encode(Blob)
09:43:15.0 (10746925)|METHOD_EXIT|[26]||System.EncodingUtil.base64Encode(Blob)
09:43:15.0 (10760588)|SYSTEM_MODE_EXIT|false
09:43:15.10 (10787125)|CUMULATIVE_LIMIT_USAGE
09:43:15.10 (10787125)|LIMIT_USAGE_FOR_NS|(default)|
  Number of SOQL queries: 2 out of 100
  Number of query rows: 1 out of 50000
  Number of SOSL queries: 0 out of 20
  Number of DML statements: 0 out of 150
  Number of DML rows: 0 out of 10000
  Maximum CPU time: 0 out of 10000
  Maximum heap size: 0 out of 6000000
  Number of callouts: 0 out of 100
  Number of Email Invocations: 0 out of 10
  Number of future calls: 0 out of 50
  Number of queueable jobs added to the queue: 0 out of 50
  Number of Mobile Apex push calls: 0 out of 10

09:43:15.10 (10787125)|CUMULATIVE_LIMIT_USAGE_END

09:43:15.0 (10820750)|CODE_UNIT_FINISHED|ViewQuotePDF.getPDF
09:43:15.0 (10909597)|CODE_UNIT_FINISHED|Aura
09:43:15.0 (12027112)|EXECUTION_FINISHED
