42.0 APEX_CODE,FINEST;APEX_PROFILING,INFO;CALLOUT,INFO;DB,INFO;SYSTEM,DEBUG;VALIDATION,INFO;VISUALFORCE,INFO;WAVE,INFO;WORKFLOW,INFO
Execute Anonymous: CloneQuote.cloneQuote('0Q0f40000009bwtCAA');
12:57:46.1 (1266784)|USER_INFO|[EXTERNAL]|005f4000001uuP2|nmolinam@deloitte.com|Hora de Venezuela|GMT-04:00
12:57:46.1 (1303634)|EXECUTION_STARTED
12:57:46.1 (1310073)|CODE_UNIT_STARTED|[EXTERNAL]|execute_anonymous_apex
12:57:46.1 (1585051)|HEAP_ALLOCATE|[72]|Bytes:3
12:57:46.1 (1647948)|HEAP_ALLOCATE|[77]|Bytes:152
12:57:46.1 (1671195)|HEAP_ALLOCATE|[342]|Bytes:408
12:57:46.1 (1691011)|HEAP_ALLOCATE|[355]|Bytes:408
12:57:46.1 (1709899)|HEAP_ALLOCATE|[467]|Bytes:48
12:57:46.1 (1749096)|HEAP_ALLOCATE|[139]|Bytes:6
12:57:46.1 (1777894)|HEAP_ALLOCATE|[EXTERNAL]|Bytes:1
12:57:46.1 (1897743)|STATEMENT_EXECUTE|[1]
12:57:46.1 (1902148)|STATEMENT_EXECUTE|[1]
12:57:46.1 (1906751)|HEAP_ALLOCATE|[1]|Bytes:18
12:57:46.1 (1933993)|HEAP_ALLOCATE|[1]|Bytes:4
12:57:46.1 (2006050)|HEAP_ALLOCATE|[50]|Bytes:5
12:57:46.1 (2044490)|HEAP_ALLOCATE|[56]|Bytes:5
12:57:46.1 (2058237)|HEAP_ALLOCATE|[64]|Bytes:7
12:57:46.1 (2093598)|SYSTEM_MODE_ENTER|false
12:57:46.1 (2131998)|HEAP_ALLOCATE|[1]|Bytes:5
12:57:46.1 (3688892)|HEAP_ALLOCATE|[1]|Bytes:1
12:57:46.1 (3703470)|HEAP_ALLOCATE|[1]|Bytes:2
12:57:46.1 (3722128)|METHOD_ENTRY|[1]|01pf4000009Vx35|CloneQuote.CloneQuote()
12:57:46.1 (3730321)|STATEMENT_EXECUTE|[1]
12:57:46.1 (3735735)|STATEMENT_EXECUTE|[1]
12:57:46.1 (3751294)|HEAP_ALLOCATE|[1]|Bytes:5
12:57:46.1 (3768992)|METHOD_EXIT|[1]|CloneQuote
12:57:46.1 (3817061)|METHOD_ENTRY|[1]|01pf4000009Vx35|CloneQuote.cloneQuote(Id)
12:57:46.1 (3862929)|VARIABLE_SCOPE_BEGIN|[3]|quoteId|Id|false|false
12:57:46.1 (4050709)|VARIABLE_ASSIGNMENT|[3]|quoteId|"0Q0f40000009bwtCAA"
12:57:46.1 (4080986)|HEAP_ALLOCATE|[6]|Bytes:5
12:57:46.1 (4089407)|STATEMENT_EXECUTE|[3]
12:57:46.1 (4091604)|STATEMENT_EXECUTE|[4]
12:57:46.1 (4094936)|HEAP_ALLOCATE|[6]|Bytes:95
12:57:46.1 (4136455)|HEAP_ALLOCATE|[6]|Bytes:4
12:57:46.1 (4163001)|HEAP_ALLOCATE|[6]|Bytes:7
12:57:46.1 (4866266)|SOQL_EXECUTE_BEGIN|[6]|Aggregations:1|SELECT Name, OPPORTUNITYiD, (SELECT QuoteId FROM QuoteLineItems) FROM QUOTE WHERE ID = :tmpVar1
12:57:46.1 (10691413)|SOQL_EXECUTE_END|[6]|Rows:1
12:57:46.1 (10753648)|HEAP_ALLOCATE|[6]|Bytes:8
12:57:46.1 (10790275)|HEAP_ALLOCATE|[6]|Bytes:213
12:57:46.1 (10952689)|HEAP_ALLOCATE|[6]|Bytes:8
12:57:46.1 (10981856)|HEAP_ALLOCATE|[4]|Bytes:31
12:57:46.1 (11054494)|HEAP_ALLOCATE|[4]|Bytes:20
12:57:46.1 (11078441)|VARIABLE_SCOPE_BEGIN|[4]|q1|Quote|true|false
12:57:46.1 (11138934)|VARIABLE_ASSIGNMENT|[4]|q1|{"Name":"QUOTE 2","OpportunityId":"006f400000AO4MJAA1","Id":"0Q0f40000009bwtCAA","QuoteLineItems":[{"QuoteId":"0Q0f40000009bwtCAA","Id":"0QLf4000000sNKqGAM"},{"QuoteId":"0Q0f40000009bwtCAA","Id":"0QLf4000000sNKrGAM"}]}|0x126bb2
12:57:46.1 (11157072)|STATEMENT_EXECUTE|[10]
12:57:46.1 (11294450)|HEAP_ALLOCATE|[10]|Bytes:188
12:57:46.1 (11304493)|HEAP_ALLOCATE|[10]|Bytes:16
12:57:46.1 (11336730)|VARIABLE_SCOPE_BEGIN|[10]|q2|Quote|true|false
12:57:46.1 (11364435)|VARIABLE_ASSIGNMENT|[10]|q2|{"Name":"QUOTE 2","OpportunityId":"006f400000AO4MJAA1","QuoteLineItems":[{"QuoteId":"0Q0f40000009bwtCAA","Id":"0QLf4000000sNKqGAM"},{"QuoteId":"0Q0f40000009bwtCAA","Id":"0QLf4000000sNKrGAM"}]}|0x13d9145
12:57:46.1 (11374284)|STATEMENT_EXECUTE|[12]
12:57:46.1 (11412265)|HEAP_ALLOCATE|[12]|Bytes:8
12:57:46.1 (11429530)|DML_BEGIN|[12]|Op:Insert|Type:Quote|Rows:1
12:57:46.1 (11472173)|HEAP_ALLOCATE|[EXTERNAL]|Bytes:8
12:57:46.1 (56181292)|DML_END|[12]
12:57:46.1 (56207517)|HEAP_ALLOCATE|[12]|Bytes:-4
12:57:46.1 (56248786)|STATEMENT_EXECUTE|[13]
12:57:46.1 (56322894)|VARIABLE_SCOPE_BEGIN|[13]|idQuote|Id|false|false
12:57:46.1 (56444978)|VARIABLE_ASSIGNMENT|[13]|idQuote|"0Q0f40000009e8PCAQ"
12:57:46.1 (56459898)|STATEMENT_EXECUTE|[15]
12:57:46.1 (56472040)|HEAP_ALLOCATE|[15]|Bytes:14
12:57:46.1 (56489245)|HEAP_ALLOCATE|[15]|Bytes:13
12:57:46.1 (56577332)|HEAP_ALLOCATE|[EXTERNAL]|Bytes:12
12:57:46.1 (56711340)|HEAP_ALLOCATE|[15]|Bytes:12
12:57:46.1 (56740128)|VARIABLE_SCOPE_BEGIN|[15]|items|List<QuoteLineItem>|true|false
12:57:46.1 (56785536)|VARIABLE_ASSIGNMENT|[15]|items|[{"QuoteId":"0Q0f40000009bwtCAA","Id":"0QLf4000000sNKqGAM"},{"QuoteId":"0Q0f40000009bwtCAA","Id":"0QLf4000000sNKrGAM"}]|0x534b3fb6
12:57:46.1 (57149954)|HEAP_ALLOCATE|[17]|Bytes:5
12:57:46.1 (57187658)|HEAP_ALLOCATE|[17]|Bytes:12
12:57:46.1 (57202907)|VARIABLE_SCOPE_BEGIN|[17]|i|QuoteLineItem|true|false
12:57:46.1 (57222949)|VARIABLE_ASSIGNMENT|[17]|i|{"QuoteId":"0Q0f40000009bwtCAA","Id":"0QLf4000000sNKqGAM"}|0x31e8672d
12:57:46.1 (57232449)|STATEMENT_EXECUTE|[17]
12:57:46.1 (57234715)|STATEMENT_EXECUTE|[18]
12:57:46.1 (57273195)|HEAP_ALLOCATE|[18]|Bytes:4
12:57:46.1 (57432901)|VARIABLE_ASSIGNMENT|[18]|this.QuoteId|"0Q0f40000009e8PCAQ"|0x65f096a8
12:57:46.1 (57487590)|VARIABLE_ASSIGNMENT|[18]|this.Id|null|0x65f096a8
12:57:46.1 (57534296)|VARIABLE_SCOPE_BEGIN|[18]|ql|QuoteLineItem|true|false
12:57:46.1 (57563438)|VARIABLE_ASSIGNMENT|[18]|ql|{"QuoteId":"0Q0f40000009e8PCAQ"}|0x65f096a8
12:57:46.1 (57571702)|STATEMENT_EXECUTE|[19]
12:57:46.1 (57581853)|VARIABLE_ASSIGNMENT|[19]|ql|{"QuoteId":"0Q0f40000009bwtCAA","Id":"0QLf4000000sNKqGAM"}|0x31e8672d
12:57:46.1 (57588679)|STATEMENT_EXECUTE|[20]
12:57:46.1 (57593194)|HEAP_ALLOCATE|[20]|Bytes:8
12:57:46.1 (57728723)|HEAP_ALLOCATE|[20]|Bytes:65
12:57:46.1 (57764087)|HEAP_ALLOCATE|[20]|Bytes:73
12:57:46.1 (57805292)|USER_DEBUG|[20]|DEBUG|ql id : QuoteLineItem:{QuoteId=0Q0f40000009bwtCAA, Id=0QLf4000000sNKqGAM}
12:57:46.1 (57818454)|STATEMENT_EXECUTE|[22]
12:57:46.1 (57840979)|HEAP_ALLOCATE|[22]|Bytes:8
12:57:46.1 (57858928)|DML_BEGIN|[22]|Op:Insert|Type:QuoteLineItem|Rows:1
12:57:46.1 (57933566)|HEAP_ALLOCATE|[EXTERNAL]|Bytes:8
12:57:46.1 (58953535)|DML_END|[22]
12:57:46.1 (59126487)|VF_PAGE_MESSAGE|cannot specify Id in an insert call
12:57:46.1 (59228919)|EXCEPTION_THROWN|[22]|System.DmlException: Insert failed. First exception on row 0 with id 0QLf4000000sNKqGAM; first error: INVALID_FIELD_FOR_INSERT_UPDATE, cannot specify Id in an insert call: [Id]
12:57:46.1 (59623175)|HEAP_ALLOCATE|[22]|Bytes:159
12:57:46.1 (59661180)|METHOD_EXIT|[1]|01pf4000009Vx35|CloneQuote.cloneQuote(Id)
12:57:46.1 (59681455)|SYSTEM_MODE_EXIT|false
12:57:46.1 (59910501)|FATAL_ERROR|System.DmlException: Insert failed. First exception on row 0 with id 0QLf4000000sNKqGAM; first error: INVALID_FIELD_FOR_INSERT_UPDATE, cannot specify Id in an insert call: [Id]

Class.CloneQuote.cloneQuote: line 22, column 1
AnonymousBlock: line 1, column 1
AnonymousBlock: line 1, column 1
12:57:46.59 (59935976)|CUMULATIVE_LIMIT_USAGE
12:57:46.59 (59935976)|LIMIT_USAGE_FOR_NS|(default)|
  Number of SOQL queries: 1 out of 100
  Number of query rows: 3 out of 50000
  Number of SOSL queries: 0 out of 20
  Number of DML statements: 2 out of 150
  Number of DML rows: 2 out of 10000
  Maximum CPU time: 0 out of 10000
  Maximum heap size: 0 out of 6000000
  Number of callouts: 0 out of 100
  Number of Email Invocations: 0 out of 10
  Number of future calls: 0 out of 50
  Number of queueable jobs added to the queue: 0 out of 50
  Number of Mobile Apex push calls: 0 out of 10

12:57:46.59 (59935976)|CUMULATIVE_LIMIT_USAGE_END

12:57:46.1 (60009200)|CODE_UNIT_FINISHED|execute_anonymous_apex
12:57:46.1 (61281128)|EXECUTION_FINISHED
