42.0 APEX_CODE,FINEST;APEX_PROFILING,INFO;CALLOUT,INFO;DB,INFO;SYSTEM,DEBUG;VALIDATION,INFO;VISUALFORCE,INFO;WAVE,INFO;WORKFLOW,INFO
14:28:15.0 (68656)|USER_INFO|[EXTERNAL]|005f4000001uuP2|nmolinam@deloitte.com|Hora de Venezuela|GMT-04:00
14:28:15.0 (107119)|EXECUTION_STARTED
14:28:15.0 (111086)|CODE_UNIT_STARTED|[EXTERNAL]|Aura
14:28:15.0 (640807)|HEAP_ALLOCATE|[72]|Bytes:3
14:28:15.0 (679659)|HEAP_ALLOCATE|[77]|Bytes:152
14:28:15.0 (697787)|HEAP_ALLOCATE|[342]|Bytes:408
14:28:15.0 (712436)|HEAP_ALLOCATE|[355]|Bytes:408
14:28:15.0 (723398)|HEAP_ALLOCATE|[467]|Bytes:48
14:28:15.0 (752375)|HEAP_ALLOCATE|[139]|Bytes:6
14:28:15.0 (766160)|HEAP_ALLOCATE|[EXTERNAL]|Bytes:18
14:28:15.0 (775540)|HEAP_ALLOCATE|[EXTERNAL]|Bytes:4
14:28:15.0 (1515154)|CODE_UNIT_STARTED|[EXTERNAL]|01pf4000009Vx35|CloneQuote.cloneQuote
14:28:15.0 (1634287)|HEAP_ALLOCATE|[EXTERNAL]|Bytes:1
14:28:15.0 (1647746)|METHOD_ENTRY|[1]|01pf4000009Vx35|CloneQuote.CloneQuote()
14:28:15.0 (1654738)|STATEMENT_EXECUTE|[1]
14:28:15.0 (1659952)|STATEMENT_EXECUTE|[1]
14:28:15.0 (1689118)|HEAP_ALLOCATE|[50]|Bytes:5
14:28:15.0 (1714751)|HEAP_ALLOCATE|[56]|Bytes:5
14:28:15.0 (1722250)|HEAP_ALLOCATE|[64]|Bytes:7
14:28:15.0 (1744661)|SYSTEM_MODE_ENTER|false
14:28:15.0 (1757109)|HEAP_ALLOCATE|[EXTERNAL]|Bytes:5
14:28:15.0 (1766015)|SYSTEM_MODE_EXIT|false
14:28:15.0 (1774748)|METHOD_EXIT|[1]|CloneQuote
14:28:15.0 (1780073)|HEAP_ALLOCATE|[EXTERNAL]|Bytes:4
14:28:15.0 (1789423)|SYSTEM_MODE_ENTER|false
14:28:15.0 (1797238)|VARIABLE_SCOPE_BEGIN|[3]|quoteId|Id|false|false
14:28:15.0 (1988038)|VARIABLE_ASSIGNMENT|[3]|quoteId|"0Q0f40000009bwtCAA"
14:28:15.0 (2008544)|HEAP_ALLOCATE|[6]|Bytes:5
14:28:15.0 (2014631)|STATEMENT_EXECUTE|[3]
14:28:15.0 (2016627)|STATEMENT_EXECUTE|[4]
14:28:15.0 (2020561)|HEAP_ALLOCATE|[6]|Bytes:183
14:28:15.0 (2039759)|HEAP_ALLOCATE|[6]|Bytes:4
14:28:15.0 (2051557)|HEAP_ALLOCATE|[6]|Bytes:7
14:28:15.0 (2722597)|SOQL_EXECUTE_BEGIN|[6]|Aggregations:1|SELECT Name, OPPORTUNITYiD, Pricebook2Id, (SELECT QuoteId, Description, Discount, PricebookEntryId, Quantity, Product2Id, UnitPrice FROM QuoteLineItems) FROM QUOTE WHERE ID = :tmpVar1
14:28:15.0 (6514675)|SOQL_EXECUTE_END|[6]|Rows:1
14:28:15.0 (6539994)|HEAP_ALLOCATE|[6]|Bytes:8
14:28:15.0 (6562457)|HEAP_ALLOCATE|[6]|Bytes:581
14:28:15.0 (6645346)|HEAP_ALLOCATE|[6]|Bytes:8
14:28:15.0 (6657245)|HEAP_ALLOCATE|[4]|Bytes:31
14:28:15.0 (6691871)|HEAP_ALLOCATE|[4]|Bytes:24
14:28:15.0 (6699618)|VARIABLE_SCOPE_BEGIN|[4]|q1|Quote|true|false
14:28:15.0 (6737639)|VARIABLE_ASSIGNMENT|[4]|q1|{"Name":"QUOTE 2","OpportunityId":"006f400000AO4MJAA1","Pricebook2Id":"01sf4000003Vb8JAAS","Id":"0Q0f40000009bwtCAA","QuoteLineItems":[{"QuoteId":"0Q0f40000009bwtCAA","Id":"0QLf4000000sNKqGAM","PricebookEntryId":"01uf4000002Sio9AAC","Quantity":1.00,"Product2Id":"01tf4000001E5PCAA0","UnitPrice":5000.00},{"QuoteId":"0Q0f40000009bwtCAA","Id":"0QLf4000000sNKrGAM","PricebookEntryId":"01uf4000002SioGAAS","Quantity":3.00,"Product2Id":"01tf4000001E5PJAA0","UnitPrice":100000.00}]}|0x4dd9f328
14:28:15.0 (6750092)|STATEMENT_EXECUTE|[11]
14:28:15.0 (6833176)|HEAP_ALLOCATE|[11]|Bytes:556
14:28:15.0 (6840494)|HEAP_ALLOCATE|[11]|Bytes:20
14:28:15.0 (6858511)|VARIABLE_SCOPE_BEGIN|[11]|q2|Quote|true|false
14:28:15.0 (6879641)|VARIABLE_ASSIGNMENT|[11]|q2|{"Name":"QUOTE 2","OpportunityId":"006f400000AO4MJAA1","Pricebook2Id":"01sf4000003Vb8JAAS","QuoteLineItems":[{"QuoteId":"0Q0f40000009bwtCAA","Id":"0QLf4000000sNKqGAM","PricebookEntryId":"01uf4000002Sio9AAC","Quantity":1.00,"Product2Id":"01tf4000001E5PCAA0","UnitPrice":5000.00},{"QuoteId":"0Q0f40000009bwtCAA","Id":"0QLf4000000sNKrGAM","PricebookEntryId":"01uf4000002SioGAAS","Quantity":3.00,"Product2Id":"01tf4000001E5PJAA0","UnitPrice":100000.00}]}|0x59832067
14:28:15.0 (6889827)|STATEMENT_EXECUTE|[12]
14:28:15.0 (6966025)|VARIABLE_ASSIGNMENT|[12]|this.Pricebook2Id|"01sf4000003Vb8JAAS"|0x59832067
14:28:15.0 (6973440)|STATEMENT_EXECUTE|[14]
14:28:15.0 (6997938)|HEAP_ALLOCATE|[14]|Bytes:8
14:28:15.0 (7010397)|DML_BEGIN|[14]|Op:Insert|Type:Quote|Rows:1
14:28:15.0 (7038696)|HEAP_ALLOCATE|[EXTERNAL]|Bytes:8
14:28:15.0 (33861004)|DML_END|[14]
14:28:15.0 (33874220)|HEAP_ALLOCATE|[14]|Bytes:-4
14:28:15.0 (33893262)|STATEMENT_EXECUTE|[15]
14:28:15.0 (33929838)|VARIABLE_SCOPE_BEGIN|[15]|idQuote|Id|false|false
14:28:15.0 (34016805)|VARIABLE_ASSIGNMENT|[15]|idQuote|"0Q0f40000009eMqCAI"
14:28:15.0 (34024455)|STATEMENT_EXECUTE|[18]
14:28:15.0 (34030261)|HEAP_ALLOCATE|[18]|Bytes:14
14:28:15.0 (34038012)|HEAP_ALLOCATE|[18]|Bytes:13
14:28:15.0 (34082234)|HEAP_ALLOCATE|[EXTERNAL]|Bytes:12
14:28:15.0 (34140914)|HEAP_ALLOCATE|[18]|Bytes:12
14:28:15.0 (34152316)|VARIABLE_SCOPE_BEGIN|[18]|items|List<QuoteLineItem>|true|false
14:28:15.0 (34186447)|VARIABLE_ASSIGNMENT|[18]|items|[{"QuoteId":"0Q0f40000009bwtCAA","Id":"0QLf4000000sNKqGAM","PricebookEntryId":"01uf4000002Sio9AAC","Quantity":1.00,"Product2Id":"01tf4000001E5PCAA0","UnitPrice":5000.00},{"QuoteId":"0Q0f40000009bwtCAA","Id":"0QLf4000000sNKrGAM","PricebookEntryId":"01uf4000002SioGAAS","Quantity":3.00,"Product2Id":"01tf4000001E5PJAA0","UnitPrice":100000.00}]|0x7b2daa43
14:28:15.0 (34391063)|HEAP_ALLOCATE|[20]|Bytes:5
14:28:15.0 (34410884)|HEAP_ALLOCATE|[20]|Bytes:28
14:28:15.0 (34419876)|VARIABLE_SCOPE_BEGIN|[20]|i|QuoteLineItem|true|false
14:28:15.0 (34437579)|VARIABLE_ASSIGNMENT|[20]|i|{"QuoteId":"0Q0f40000009bwtCAA","Id":"0QLf4000000sNKqGAM","PricebookEntryId":"01uf4000002Sio9AAC","Quantity":1.00,"Product2Id":"01tf4000001E5PCAA0","UnitPrice":5000.00}|0x6febf1c6
14:28:15.0 (34445610)|STATEMENT_EXECUTE|[20]
14:28:15.0 (34447546)|STATEMENT_EXECUTE|[21]
14:28:15.0 (34467264)|HEAP_ALLOCATE|[21]|Bytes:4
14:28:15.0 (34564259)|VARIABLE_SCOPE_BEGIN|[21]|ql|QuoteLineItem|true|false
14:28:15.0 (34582734)|VARIABLE_ASSIGNMENT|[21]|ql|{}|0x4e656113
14:28:15.0 (34588823)|STATEMENT_EXECUTE|[22]
14:28:15.0 (34651567)|VARIABLE_ASSIGNMENT|[22]|this.QuoteId|"0Q0f40000009eMqCAI"|0x4e656113
14:28:15.0 (34657855)|STATEMENT_EXECUTE|[23]
14:28:15.0 (34681074)|VARIABLE_ASSIGNMENT|[23]|this.Description|null|0x4e656113
14:28:15.0 (34687261)|STATEMENT_EXECUTE|[24]
14:28:15.0 (34703311)|VARIABLE_ASSIGNMENT|[24]|this.Discount|null|0x4e656113
14:28:15.0 (34708731)|STATEMENT_EXECUTE|[25]
14:28:15.0 (34733340)|VARIABLE_ASSIGNMENT|[25]|this.PricebookEntryId|"01uf4000002Sio9AAC"|0x4e656113
14:28:15.0 (34739516)|STATEMENT_EXECUTE|[26]
14:28:15.0 (34779148)|VARIABLE_ASSIGNMENT|[26]|this.Quantity|1.00|0x4e656113
14:28:15.0 (34784728)|STATEMENT_EXECUTE|[27]
14:28:15.0 (34806101)|VARIABLE_ASSIGNMENT|[27]|this.Product2Id|"01tf4000001E5PCAA0"|0x4e656113
14:28:15.0 (34811839)|STATEMENT_EXECUTE|[28]
14:28:15.0 (34832165)|VARIABLE_ASSIGNMENT|[28]|this.UnitPrice|5000.00|0x4e656113
14:28:15.0 (34837536)|STATEMENT_EXECUTE|[29]
14:28:15.0 (34854818)|HEAP_ALLOCATE|[29]|Bytes:8
14:28:15.0 (34866726)|DML_BEGIN|[29]|Op:Insert|Type:QuoteLineItem|Rows:1
14:28:15.0 (34895456)|HEAP_ALLOCATE|[EXTERNAL]|Bytes:8
14:28:15.0 (94622254)|DML_END|[29]
14:28:15.0 (94693422)|HEAP_ALLOCATE|[20]|Bytes:5
14:28:15.0 (94729427)|HEAP_ALLOCATE|[20]|Bytes:28
14:28:15.0 (94750690)|VARIABLE_SCOPE_BEGIN|[20]|i|QuoteLineItem|true|false
14:28:15.0 (94791035)|VARIABLE_ASSIGNMENT|[20]|i|{"QuoteId":"0Q0f40000009bwtCAA","Id":"0QLf4000000sNKrGAM","PricebookEntryId":"01uf4000002SioGAAS","Quantity":3.00,"Product2Id":"01tf4000001E5PJAA0","UnitPrice":100000.00}|0x48b1c087
14:28:15.0 (94801897)|STATEMENT_EXECUTE|[20]
14:28:15.0 (94804471)|STATEMENT_EXECUTE|[21]
14:28:15.0 (94830399)|HEAP_ALLOCATE|[21]|Bytes:4
14:28:15.0 (94850798)|VARIABLE_SCOPE_BEGIN|[21]|ql|QuoteLineItem|true|false
14:28:15.0 (94864743)|VARIABLE_ASSIGNMENT|[21]|ql|{}|0x63972788
14:28:15.0 (94870184)|STATEMENT_EXECUTE|[22]
14:28:15.0 (94925842)|VARIABLE_ASSIGNMENT|[22]|this.QuoteId|"0Q0f40000009eMqCAI"|0x63972788
14:28:15.0 (94932756)|STATEMENT_EXECUTE|[23]
14:28:15.0 (94956756)|VARIABLE_ASSIGNMENT|[23]|this.Description|null|0x63972788
14:28:15.0 (94962346)|STATEMENT_EXECUTE|[24]
14:28:15.0 (94976843)|VARIABLE_ASSIGNMENT|[24]|this.Discount|null|0x63972788
14:28:15.0 (94981790)|STATEMENT_EXECUTE|[25]
14:28:15.0 (95005994)|VARIABLE_ASSIGNMENT|[25]|this.PricebookEntryId|"01uf4000002SioGAAS"|0x63972788
14:28:15.0 (95012561)|STATEMENT_EXECUTE|[26]
14:28:15.0 (95040671)|VARIABLE_ASSIGNMENT|[26]|this.Quantity|3.00|0x63972788
14:28:15.0 (95046176)|STATEMENT_EXECUTE|[27]
14:28:15.0 (95063748)|VARIABLE_ASSIGNMENT|[27]|this.Product2Id|"01tf4000001E5PJAA0"|0x63972788
14:28:15.0 (95069699)|STATEMENT_EXECUTE|[28]
14:28:15.0 (95086187)|VARIABLE_ASSIGNMENT|[28]|this.UnitPrice|100000.00|0x63972788
14:28:15.0 (95091674)|STATEMENT_EXECUTE|[29]
14:28:15.0 (95107521)|HEAP_ALLOCATE|[29]|Bytes:8
14:28:15.0 (95119850)|DML_BEGIN|[29]|Op:Insert|Type:QuoteLineItem|Rows:1
14:28:15.0 (95157506)|HEAP_ALLOCATE|[EXTERNAL]|Bytes:8
14:28:15.0 (141746349)|DML_END|[29]
14:28:15.0 (141810385)|HEAP_ALLOCATE|[20]|Bytes:5
14:28:15.0 (141850929)|VARIABLE_ASSIGNMENT|[20]|i|null|
14:28:15.0 (141866920)|SYSTEM_MODE_EXIT|false
14:28:15.146 (146452007)|CUMULATIVE_LIMIT_USAGE
14:28:15.146 (146452007)|LIMIT_USAGE_FOR_NS|(default)|
  Number of SOQL queries: 1 out of 100
  Number of query rows: 3 out of 50000
  Number of SOSL queries: 0 out of 20
  Number of DML statements: 3 out of 150
  Number of DML rows: 3 out of 10000
  Maximum CPU time: 0 out of 10000
  Maximum heap size: 0 out of 6000000
  Number of callouts: 0 out of 100
  Number of Email Invocations: 0 out of 10
  Number of future calls: 0 out of 50
  Number of queueable jobs added to the queue: 0 out of 50
  Number of Mobile Apex push calls: 0 out of 10

14:28:15.146 (146452007)|CUMULATIVE_LIMIT_USAGE_END

14:28:15.0 (146502080)|CODE_UNIT_FINISHED|CloneQuote.cloneQuote
14:28:15.0 (146581210)|CODE_UNIT_FINISHED|Aura
14:28:15.0 (147449777)|EXECUTION_FINISHED
