42.0 APEX_CODE,FINEST;APEX_PROFILING,INFO;CALLOUT,INFO;DB,INFO;SYSTEM,DEBUG;VALIDATION,INFO;VISUALFORCE,INFO;WAVE,INFO;WORKFLOW,INFO
Execute Anonymous: CloneQuote.cloneQuote('0Q0f40000009bwtCAA');
12:58:23.1 (1402101)|USER_INFO|[EXTERNAL]|005f4000001uuP2|nmolinam@deloitte.com|Hora de Venezuela|GMT-04:00
12:58:23.1 (1466116)|EXECUTION_STARTED
12:58:23.1 (1486530)|CODE_UNIT_STARTED|[EXTERNAL]|execute_anonymous_apex
12:58:23.1 (1845759)|HEAP_ALLOCATE|[72]|Bytes:3
12:58:23.1 (1917008)|HEAP_ALLOCATE|[77]|Bytes:152
12:58:23.1 (1954877)|HEAP_ALLOCATE|[342]|Bytes:408
12:58:23.1 (1985721)|HEAP_ALLOCATE|[355]|Bytes:408
12:58:23.1 (2014633)|HEAP_ALLOCATE|[467]|Bytes:48
12:58:23.1 (2092299)|HEAP_ALLOCATE|[139]|Bytes:6
12:58:23.1 (2139085)|HEAP_ALLOCATE|[EXTERNAL]|Bytes:1
12:58:23.1 (2284255)|STATEMENT_EXECUTE|[1]
12:58:23.1 (2290073)|STATEMENT_EXECUTE|[1]
12:58:23.1 (2297133)|HEAP_ALLOCATE|[1]|Bytes:18
12:58:23.1 (2329619)|HEAP_ALLOCATE|[1]|Bytes:4
12:58:23.1 (2438472)|HEAP_ALLOCATE|[50]|Bytes:5
12:58:23.1 (2491853)|HEAP_ALLOCATE|[56]|Bytes:5
12:58:23.1 (2551567)|HEAP_ALLOCATE|[64]|Bytes:7
12:58:23.1 (2604604)|SYSTEM_MODE_ENTER|false
12:58:23.1 (2642328)|HEAP_ALLOCATE|[1]|Bytes:5
12:58:23.1 (9310533)|HEAP_ALLOCATE|[1]|Bytes:1
12:58:23.1 (9338428)|HEAP_ALLOCATE|[1]|Bytes:2
12:58:23.1 (9372131)|METHOD_ENTRY|[1]|01pf4000009Vx35|CloneQuote.CloneQuote()
12:58:23.1 (9386229)|STATEMENT_EXECUTE|[1]
12:58:23.1 (9397006)|STATEMENT_EXECUTE|[1]
12:58:23.1 (9427566)|HEAP_ALLOCATE|[1]|Bytes:5
12:58:23.1 (9449031)|METHOD_EXIT|[1]|CloneQuote
12:58:23.1 (9516579)|METHOD_ENTRY|[1]|01pf4000009Vx35|CloneQuote.cloneQuote(Id)
12:58:23.1 (9594076)|VARIABLE_SCOPE_BEGIN|[3]|quoteId|Id|false|false
12:58:23.1 (9786195)|VARIABLE_ASSIGNMENT|[3]|quoteId|"0Q0f40000009bwtCAA"
12:58:23.1 (9821315)|HEAP_ALLOCATE|[6]|Bytes:5
12:58:23.1 (9831150)|STATEMENT_EXECUTE|[3]
12:58:23.1 (9833331)|STATEMENT_EXECUTE|[4]
12:58:23.1 (9837885)|HEAP_ALLOCATE|[6]|Bytes:95
12:58:23.1 (9886581)|HEAP_ALLOCATE|[6]|Bytes:4
12:58:23.1 (9909519)|HEAP_ALLOCATE|[6]|Bytes:7
12:58:23.1 (10592818)|SOQL_EXECUTE_BEGIN|[6]|Aggregations:1|SELECT Name, OPPORTUNITYiD, (SELECT QuoteId FROM QuoteLineItems) FROM QUOTE WHERE ID = :tmpVar1
12:58:23.1 (15880025)|SOQL_EXECUTE_END|[6]|Rows:1
12:58:23.1 (15927781)|HEAP_ALLOCATE|[6]|Bytes:8
12:58:23.1 (15953021)|HEAP_ALLOCATE|[6]|Bytes:213
12:58:23.1 (16180142)|HEAP_ALLOCATE|[6]|Bytes:8
12:58:23.1 (16208664)|HEAP_ALLOCATE|[4]|Bytes:31
12:58:23.1 (16273705)|HEAP_ALLOCATE|[4]|Bytes:20
12:58:23.1 (16288405)|VARIABLE_SCOPE_BEGIN|[4]|q1|Quote|true|false
12:58:23.1 (16331536)|VARIABLE_ASSIGNMENT|[4]|q1|{"Name":"QUOTE 2","OpportunityId":"006f400000AO4MJAA1","Id":"0Q0f40000009bwtCAA","QuoteLineItems":[{"QuoteId":"0Q0f40000009bwtCAA","Id":"0QLf4000000sNKqGAM"},{"QuoteId":"0Q0f40000009bwtCAA","Id":"0QLf4000000sNKrGAM"}]}|0x6aa9f9c0
12:58:23.1 (16348162)|STATEMENT_EXECUTE|[10]
12:58:23.1 (16565244)|HEAP_ALLOCATE|[10]|Bytes:188
12:58:23.1 (16596170)|HEAP_ALLOCATE|[10]|Bytes:16
12:58:23.1 (16641864)|VARIABLE_SCOPE_BEGIN|[10]|q2|Quote|true|false
12:58:23.1 (16702022)|VARIABLE_ASSIGNMENT|[10]|q2|{"Name":"QUOTE 2","OpportunityId":"006f400000AO4MJAA1","QuoteLineItems":[{"QuoteId":"0Q0f40000009bwtCAA","Id":"0QLf4000000sNKqGAM"},{"QuoteId":"0Q0f40000009bwtCAA","Id":"0QLf4000000sNKrGAM"}]}|0x45890129
12:58:23.1 (16719210)|STATEMENT_EXECUTE|[12]
12:58:23.1 (16773210)|HEAP_ALLOCATE|[12]|Bytes:8
12:58:23.1 (16795298)|DML_BEGIN|[12]|Op:Insert|Type:Quote|Rows:1
12:58:23.1 (16846745)|HEAP_ALLOCATE|[EXTERNAL]|Bytes:8
12:58:23.1 (68261981)|DML_END|[12]
12:58:23.1 (68287305)|HEAP_ALLOCATE|[12]|Bytes:-4
12:58:23.1 (68318939)|STATEMENT_EXECUTE|[13]
12:58:23.1 (68371328)|VARIABLE_SCOPE_BEGIN|[13]|idQuote|Id|false|false
12:58:23.1 (68474152)|VARIABLE_ASSIGNMENT|[13]|idQuote|"0Q0f40000009e8UCAQ"
12:58:23.1 (68485160)|STATEMENT_EXECUTE|[15]
12:58:23.1 (68492780)|HEAP_ALLOCATE|[15]|Bytes:14
12:58:23.1 (68503419)|HEAP_ALLOCATE|[15]|Bytes:13
12:58:23.1 (68578628)|HEAP_ALLOCATE|[EXTERNAL]|Bytes:12
12:58:23.1 (68705073)|HEAP_ALLOCATE|[15]|Bytes:12
12:58:23.1 (68725173)|VARIABLE_SCOPE_BEGIN|[15]|items|List<QuoteLineItem>|true|false
12:58:23.1 (68762442)|VARIABLE_ASSIGNMENT|[15]|items|[{"QuoteId":"0Q0f40000009bwtCAA","Id":"0QLf4000000sNKqGAM"},{"QuoteId":"0Q0f40000009bwtCAA","Id":"0QLf4000000sNKrGAM"}]|0x69b1dfc3
12:58:23.1 (69066400)|HEAP_ALLOCATE|[17]|Bytes:5
12:58:23.1 (69096454)|HEAP_ALLOCATE|[17]|Bytes:12
12:58:23.1 (69110165)|VARIABLE_SCOPE_BEGIN|[17]|i|QuoteLineItem|true|false
12:58:23.1 (69128346)|VARIABLE_ASSIGNMENT|[17]|i|{"QuoteId":"0Q0f40000009bwtCAA","Id":"0QLf4000000sNKqGAM"}|0x7223e085
12:58:23.1 (69136760)|STATEMENT_EXECUTE|[17]
12:58:23.1 (69139044)|STATEMENT_EXECUTE|[18]
12:58:23.1 (69171195)|HEAP_ALLOCATE|[18]|Bytes:4
12:58:23.1 (69318578)|VARIABLE_ASSIGNMENT|[18]|this.QuoteId|"0Q0f40000009e8UCAQ"|0xca77f14
12:58:23.1 (69351272)|VARIABLE_SCOPE_BEGIN|[18]|ql|QuoteLineItem|true|false
12:58:23.1 (69376207)|VARIABLE_ASSIGNMENT|[18]|ql|{"QuoteId":"0Q0f40000009e8UCAQ"}|0xca77f14
12:58:23.1 (69383632)|STATEMENT_EXECUTE|[19]
12:58:23.1 (69393041)|VARIABLE_ASSIGNMENT|[19]|ql|{"QuoteId":"0Q0f40000009bwtCAA","Id":"0QLf4000000sNKqGAM"}|0x7223e085
12:58:23.1 (69399206)|STATEMENT_EXECUTE|[20]
12:58:23.1 (69403542)|HEAP_ALLOCATE|[20]|Bytes:8
12:58:23.1 (69511935)|HEAP_ALLOCATE|[20]|Bytes:65
12:58:23.1 (69545642)|HEAP_ALLOCATE|[20]|Bytes:73
12:58:23.1 (69586884)|USER_DEBUG|[20]|DEBUG|ql id : QuoteLineItem:{QuoteId=0Q0f40000009bwtCAA, Id=0QLf4000000sNKqGAM}
12:58:23.1 (69599068)|STATEMENT_EXECUTE|[22]
12:58:23.1 (69621074)|HEAP_ALLOCATE|[22]|Bytes:8
12:58:23.1 (69635158)|DML_BEGIN|[22]|Op:Insert|Type:QuoteLineItem|Rows:1
12:58:23.1 (69687096)|HEAP_ALLOCATE|[EXTERNAL]|Bytes:8
12:58:23.1 (70471614)|DML_END|[22]
12:58:23.1 (70588614)|VF_PAGE_MESSAGE|cannot specify Id in an insert call
12:58:23.1 (70667670)|EXCEPTION_THROWN|[22]|System.DmlException: Insert failed. First exception on row 0 with id 0QLf4000000sNKqGAM; first error: INVALID_FIELD_FOR_INSERT_UPDATE, cannot specify Id in an insert call: [Id]
12:58:23.1 (70997037)|HEAP_ALLOCATE|[22]|Bytes:159
12:58:23.1 (71029645)|METHOD_EXIT|[1]|01pf4000009Vx35|CloneQuote.cloneQuote(Id)
12:58:23.1 (71041275)|SYSTEM_MODE_EXIT|false
12:58:23.1 (71130754)|FATAL_ERROR|System.DmlException: Insert failed. First exception on row 0 with id 0QLf4000000sNKqGAM; first error: INVALID_FIELD_FOR_INSERT_UPDATE, cannot specify Id in an insert call: [Id]

Class.CloneQuote.cloneQuote: line 22, column 1
AnonymousBlock: line 1, column 1
AnonymousBlock: line 1, column 1
12:58:23.71 (71152181)|CUMULATIVE_LIMIT_USAGE
12:58:23.71 (71152181)|LIMIT_USAGE_FOR_NS|(default)|
  Number of SOQL queries: 1 out of 100
  Number of query rows: 3 out of 50000
  Number of SOSL queries: 0 out of 20
  Number of DML statements: 2 out of 150
  Number of DML rows: 2 out of 10000
  Maximum CPU time: 0 out of 10000
  Maximum heap size: 0 out of 6000000
  Number of callouts: 0 out of 100
  Number of Email Invocations: 0 out of 10
  Number of future calls: 0 out of 50
  Number of queueable jobs added to the queue: 0 out of 50
  Number of Mobile Apex push calls: 0 out of 10

12:58:23.71 (71152181)|CUMULATIVE_LIMIT_USAGE_END

12:58:23.1 (71204908)|CODE_UNIT_FINISHED|execute_anonymous_apex
12:58:23.1 (72340676)|EXECUTION_FINISHED
