42.0 APEX_CODE,FINEST;APEX_PROFILING,INFO;CALLOUT,INFO;DB,INFO;SYSTEM,DEBUG;VALIDATION,INFO;VISUALFORCE,INFO;WAVE,INFO;WORKFLOW,INFO
14:20:57.0 (64946)|USER_INFO|[EXTERNAL]|005f4000001uuP2|nmolinam@deloitte.com|Hora de Venezuela|GMT-04:00
14:20:57.0 (101239)|EXECUTION_STARTED
14:20:57.0 (108855)|CODE_UNIT_STARTED|[EXTERNAL]|Aura
14:20:57.0 (1188790)|CODE_UNIT_STARTED|[EXTERNAL]|01pf4000008WnsX|ViewQuotePDF.getPDF
14:20:57.0 (1317164)|HEAP_ALLOCATE|[72]|Bytes:3
14:20:57.0 (1342956)|HEAP_ALLOCATE|[77]|Bytes:152
14:20:57.0 (1353925)|HEAP_ALLOCATE|[342]|Bytes:408
14:20:57.0 (1365447)|HEAP_ALLOCATE|[355]|Bytes:408
14:20:57.0 (1376606)|HEAP_ALLOCATE|[467]|Bytes:48
14:20:57.0 (1397238)|HEAP_ALLOCATE|[139]|Bytes:6
14:20:57.0 (1436612)|HEAP_ALLOCATE|[EXTERNAL]|Bytes:4
14:20:57.0 (1443067)|HEAP_ALLOCATE|[EXTERNAL]|Bytes:5
14:20:57.0 (1452056)|METHOD_ENTRY|[1]|01pf4000008WnsX|ViewQuotePDF.ViewQuotePDF()
14:20:57.0 (1459612)|STATEMENT_EXECUTE|[1]
14:20:57.0 (1464672)|STATEMENT_EXECUTE|[1]
14:20:57.0 (1491093)|HEAP_ALLOCATE|[50]|Bytes:5
14:20:57.0 (1506323)|HEAP_ALLOCATE|[56]|Bytes:5
14:20:57.0 (1512966)|HEAP_ALLOCATE|[64]|Bytes:7
14:20:57.0 (1533177)|SYSTEM_MODE_ENTER|false
14:20:57.0 (1547083)|HEAP_ALLOCATE|[EXTERNAL]|Bytes:5
14:20:57.0 (1555167)|SYSTEM_MODE_EXIT|false
14:20:57.0 (1563780)|METHOD_EXIT|[1]|ViewQuotePDF
14:20:57.0 (1573137)|SYSTEM_MODE_ENTER|false
14:20:57.0 (1584751)|HEAP_ALLOCATE|[4]|Bytes:5
14:20:57.0 (1590049)|STATEMENT_EXECUTE|[3]
14:20:57.0 (1591850)|STATEMENT_EXECUTE|[4]
14:20:57.0 (1668095)|HEAP_ALLOCATE|[4]|Bytes:4
14:20:57.0 (1739596)|VARIABLE_SCOPE_BEGIN|[4]|quotes|List<Quote>|true|false
14:20:57.0 (1754193)|HEAP_ALLOCATE|[EXTERNAL]|Bytes:4
14:20:57.0 (1777359)|VARIABLE_ASSIGNMENT|[4]|quotes|[]|0x68f4383a
14:20:57.0 (1783322)|STATEMENT_EXECUTE|[5]
14:20:57.0 (1786956)|VARIABLE_SCOPE_BEGIN|[5]|pfdBase64|String|false|false
14:20:57.0 (1796809)|VARIABLE_ASSIGNMENT|[5]|pfdBase64|null
14:20:57.0 (1803204)|HEAP_ALLOCATE|[7]|Bytes:22
14:20:57.0 (1818162)|HEAP_ALLOCATE|[7]|Bytes:4
14:20:57.0 (2096462)|SOQL_EXECUTE_BEGIN|[7]|Aggregations:0|SELECT Name FROM Quote
14:20:57.0 (4115228)|SOQL_EXECUTE_END|[7]|Rows:1
14:20:57.0 (4136464)|HEAP_ALLOCATE|[EXTERNAL]|Bytes:8
14:20:57.0 (4283743)|HEAP_ALLOCATE|[7]|Bytes:54
14:20:57.0 (4292582)|HEAP_ALLOCATE|[7]|Bytes:8
14:20:57.0 (4301700)|SYSTEM_METHOD_ENTRY|[7]|QueryLocatorIterator.QueryLocatorIterator()
14:20:57.0 (4306665)|STATEMENT_EXECUTE|[7]
14:20:57.0 (4313432)|SYSTEM_METHOD_EXIT|[7]|QueryLocatorIterator
14:20:57.0 (4320994)|HEAP_ALLOCATE|[7]|Bytes:28
14:20:57.0 (4353571)|HEAP_ALLOCATE|[7]|Bytes:8
14:20:57.0 (4367362)|HEAP_ALLOCATE|[7]|Bytes:8
14:20:57.0 (4371444)|HEAP_ALLOCATE|[7]|Bytes:8
14:20:57.0 (4376594)|VARIABLE_SCOPE_BEGIN|[15]|this|Database.QueryLocatorIterator|true|false
14:20:57.0 (4413850)|VARIABLE_ASSIGNMENT|[15]|this|{}|0x47a8d9c3
14:20:57.0 (4420500)|VARIABLE_SCOPE_BEGIN|[15]|values|List<SObject>|true|false
14:20:57.0 (4441053)|VARIABLE_ASSIGNMENT|[15]|values|[{"Name":"first quote","Id":"0Q0f40000009VVICA2"}]|0x681c86a5
14:20:57.0 (4447136)|VARIABLE_SCOPE_BEGIN|[15]|ql|Database.QueryLocator|true|false
14:20:57.0 (4467504)|VARIABLE_ASSIGNMENT|[15]|ql|{"query":"SELECT Name FROM Quo (2 more) ..."}|0x57e2751c
14:20:57.0 (4473642)|VARIABLE_SCOPE_BEGIN|[15]|totalNumRecords|Integer|false|false
14:20:57.0 (4482924)|VARIABLE_ASSIGNMENT|[15]|totalNumRecords|1
14:20:57.0 (4487527)|VARIABLE_SCOPE_BEGIN|[15]|queryMoreSize|Integer|false|false
14:20:57.0 (4494486)|VARIABLE_ASSIGNMENT|[15]|queryMoreSize|49999
14:20:57.0 (4582457)|HEAP_ALLOCATE|[7]|Bytes:28
14:20:57.0 (4604509)|METHOD_ENTRY|[7]||Database.QueryLocatorIterator.hasNext()
14:20:57.0 (4651400)|METHOD_EXIT|[7]||Database.QueryLocatorIterator.hasNext()
14:20:57.0 (4659094)|METHOD_ENTRY|[7]||Database.QueryLocatorIterator.next()
14:20:57.0 (4731687)|METHOD_EXIT|[7]||Database.QueryLocatorIterator.next()
14:20:57.0 (4740490)|VARIABLE_SCOPE_BEGIN|[7]|q|Quote|true|false
14:20:57.0 (4755445)|VARIABLE_ASSIGNMENT|[7]|q|{"Name":"first quote","Id":"0Q0f40000009VVICA2"}|0x25922fad
14:20:57.0 (4762907)|STATEMENT_EXECUTE|[7]
14:20:57.0 (4765198)|STATEMENT_EXECUTE|[8]
14:20:57.0 (4796368)|HEAP_ALLOCATE|[EXTERNAL]|Bytes:4
14:20:57.0 (4808376)|METHOD_ENTRY|[7]||Database.QueryLocatorIterator.hasNext()
14:20:57.0 (4823772)|METHOD_EXIT|[7]||Database.QueryLocatorIterator.hasNext()
14:20:57.0 (4832368)|VARIABLE_ASSIGNMENT|[7]|q|null|
14:20:57.0 (4864486)|STATEMENT_EXECUTE|[13]
14:20:57.0 (4964557)|HEAP_ALLOCATE|[14]|Bytes:5
14:20:57.0 (4980045)|HEAP_ALLOCATE|[14]|Bytes:12
14:20:57.0 (4986724)|VARIABLE_SCOPE_BEGIN|[14]|q|Quote|true|false
14:20:57.0 (5000491)|VARIABLE_ASSIGNMENT|[14]|q|{"Name":"first quote","Id":"0Q0f40000009VVICA2"}|0x25922fad
14:20:57.0 (5007669)|STATEMENT_EXECUTE|[14]
14:20:57.0 (5009524)|STATEMENT_EXECUTE|[15]
14:20:57.0 (5012621)|HEAP_ALLOCATE|[15]|Bytes:20
14:20:57.0 (5059014)|HEAP_ALLOCATE|[15]|Bytes:31
14:20:57.0 (5087585)|USER_DEBUG|[15]|DEBUG|nombre de la quote: first quote
14:20:57.0 (5103591)|HEAP_ALLOCATE|[14]|Bytes:5
14:20:57.0 (5114251)|VARIABLE_ASSIGNMENT|[14]|q|null|
14:20:57.0 (5119291)|STATEMENT_EXECUTE|[18]
14:20:57.0 (5122027)|HEAP_ALLOCATE|[18]|Bytes:53
14:20:57.0 (5134092)|HEAP_ALLOCATE|[18]|Bytes:4
14:20:57.0 (5141001)|HEAP_ALLOCATE|[18]|Bytes:7
14:20:57.0 (5166118)|HEAP_ALLOCATE|[18]|Bytes:12
14:20:57.0 (5624641)|SOQL_EXECUTE_BEGIN|[18]|Aggregations:0|SELECT Body FROM Attachment WHERE ParentId = :tmpVar1
14:20:57.0 (8384061)|SOQL_EXECUTE_END|[18]|Rows:0
14:20:57.0 (8407114)|HEAP_ALLOCATE|[18]|Bytes:4
14:20:57.0 (8415842)|HEAP_ALLOCATE|[18]|Bytes:0
14:20:57.0 (8473036)|HEAP_ALLOCATE|[18]|Bytes:4
14:20:57.0 (8486171)|VARIABLE_SCOPE_BEGIN|[18]|attachements|List<Attachment>|true|false
14:20:57.0 (8502465)|VARIABLE_ASSIGNMENT|[18]|attachements|[]|0x1f162be7
14:20:57.0 (8508915)|STATEMENT_EXECUTE|[25]
14:20:57.0 (8512859)|HEAP_ALLOCATE|[25]|Bytes:10904
14:20:57.0 (8525461)|SYSTEM_MODE_EXIT|false
14:20:57.8 (8552448)|CUMULATIVE_LIMIT_USAGE
14:20:57.8 (8552448)|LIMIT_USAGE_FOR_NS|(default)|
  Number of SOQL queries: 2 out of 100
  Number of query rows: 1 out of 50000
  Number of SOSL queries: 0 out of 20
  Number of DML statements: 0 out of 150
  Number of DML rows: 0 out of 10000
  Maximum CPU time: 0 out of 10000
  Maximum heap size: 0 out of 6000000
  Number of callouts: 0 out of 100
  Number of Email Invocations: 0 out of 10
  Number of future calls: 0 out of 50
  Number of queueable jobs added to the queue: 0 out of 50
  Number of Mobile Apex push calls: 0 out of 10

14:20:57.8 (8552448)|CUMULATIVE_LIMIT_USAGE_END

14:20:57.0 (8590157)|CODE_UNIT_FINISHED|ViewQuotePDF.getPDF
14:20:57.0 (8859902)|CODE_UNIT_FINISHED|Aura
14:20:57.0 (10043047)|EXECUTION_FINISHED
