42.0 APEX_CODE,FINEST;APEX_PROFILING,INFO;CALLOUT,INFO;DB,INFO;SYSTEM,DEBUG;VALIDATION,INFO;VISUALFORCE,INFO;WAVE,INFO;WORKFLOW,INFO
09:18:24.0 (95030)|USER_INFO|[EXTERNAL]|005f4000001uuP2|nmolinam@deloitte.com|Hora de Venezuela|GMT-04:00
09:18:24.0 (133215)|EXECUTION_STARTED
09:18:24.0 (138665)|CODE_UNIT_STARTED|[EXTERNAL]|Aura
09:18:24.0 (927243)|HEAP_ALLOCATE|[72]|Bytes:3
09:18:24.0 (963578)|HEAP_ALLOCATE|[77]|Bytes:152
09:18:24.0 (984510)|HEAP_ALLOCATE|[342]|Bytes:408
09:18:24.0 (1020955)|HEAP_ALLOCATE|[355]|Bytes:408
09:18:24.0 (1044443)|HEAP_ALLOCATE|[467]|Bytes:48
09:18:24.0 (1083579)|HEAP_ALLOCATE|[139]|Bytes:6
09:18:24.0 (1105605)|HEAP_ALLOCATE|[EXTERNAL]|Bytes:18
09:18:24.0 (1122192)|HEAP_ALLOCATE|[EXTERNAL]|Bytes:4
09:18:24.0 (2033468)|CODE_UNIT_STARTED|[EXTERNAL]|01pf4000009Vx35|CloneQuote.getQuote
09:18:24.0 (2215650)|HEAP_ALLOCATE|[EXTERNAL]|Bytes:4
09:18:24.0 (2229508)|HEAP_ALLOCATE|[EXTERNAL]|Bytes:2
09:18:24.0 (2244527)|METHOD_ENTRY|[1]|01pf4000009Vx35|CloneQuote.CloneQuote()
09:18:24.0 (2260216)|STATEMENT_EXECUTE|[1]
09:18:24.0 (2268049)|STATEMENT_EXECUTE|[1]
09:18:24.0 (2308860)|HEAP_ALLOCATE|[50]|Bytes:5
09:18:24.0 (2358133)|HEAP_ALLOCATE|[56]|Bytes:5
09:18:24.0 (2372856)|HEAP_ALLOCATE|[64]|Bytes:7
09:18:24.0 (2405595)|SYSTEM_MODE_ENTER|false
09:18:24.0 (2423977)|HEAP_ALLOCATE|[EXTERNAL]|Bytes:5
09:18:24.0 (2450246)|SYSTEM_MODE_EXIT|false
09:18:24.0 (2462394)|METHOD_EXIT|[1]|CloneQuote
09:18:24.0 (2470588)|HEAP_ALLOCATE|[EXTERNAL]|Bytes:4
09:18:24.0 (2486178)|SYSTEM_MODE_ENTER|false
09:18:24.0 (2496513)|VARIABLE_SCOPE_BEGIN|[34]|recordId|Id|false|false
09:18:24.0 (2987274)|VARIABLE_ASSIGNMENT|[34]|recordId|"0Q0f40000009e7gCAA"
09:18:24.0 (3018224)|HEAP_ALLOCATE|[35]|Bytes:5
09:18:24.0 (3027457)|STATEMENT_EXECUTE|[34]
09:18:24.0 (3030085)|STATEMENT_EXECUTE|[35]
09:18:24.0 (3034210)|HEAP_ALLOCATE|[35]|Bytes:71
09:18:24.0 (3053984)|HEAP_ALLOCATE|[35]|Bytes:4
09:18:24.0 (3069215)|HEAP_ALLOCATE|[35]|Bytes:7
09:18:24.0 (3623715)|SOQL_EXECUTE_BEGIN|[35]|Aggregations:0|SELECT Name, OPPORTUNITYiD, Pricebook2Id FROM Quote WHERE Id = :tmpVar1
09:18:24.0 (6331013)|SOQL_EXECUTE_END|[35]|Rows:1
09:18:24.0 (6354583)|HEAP_ALLOCATE|[35]|Bytes:8
09:18:24.0 (6369469)|HEAP_ALLOCATE|[35]|Bytes:113
09:18:24.0 (6466089)|HEAP_ALLOCATE|[35]|Bytes:8
09:18:24.0 (6481826)|HEAP_ALLOCATE|[35]|Bytes:31
09:18:24.0 (6537836)|HEAP_ALLOCATE|[35]|Bytes:20
09:18:24.0 (6548346)|VARIABLE_SCOPE_BEGIN|[35]|q|Quote|true|false
09:18:24.0 (6576812)|VARIABLE_ASSIGNMENT|[35]|q|{"Name":"QUOTE 2","OpportunityId":"006f400000AO4MJAA1","Pricebook2Id":"01sf4000003Vb8JAAS","Id":"0Q0f40000009e7gCAA"}|0x6f21c6b3
09:18:24.0 (6585752)|STATEMENT_EXECUTE|[36]
09:18:24.0 (6680873)|USER_DEBUG|[36]|DEBUG|Quote:{Name=QUOTE 2, OpportunityId=006f400000AO4MJAA1, Pricebook2Id=01sf4000003Vb8JAAS, Id=0Q0f40000009e7gCAA}
09:18:24.0 (6694707)|STATEMENT_EXECUTE|[37]
09:18:24.0 (6701843)|SYSTEM_MODE_EXIT|false
09:18:24.6 (6745913)|CUMULATIVE_LIMIT_USAGE
09:18:24.6 (6745913)|LIMIT_USAGE_FOR_NS|(default)|
  Number of SOQL queries: 1 out of 100
  Number of query rows: 1 out of 50000
  Number of SOSL queries: 0 out of 20
  Number of DML statements: 0 out of 150
  Number of DML rows: 0 out of 10000
  Maximum CPU time: 0 out of 10000
  Maximum heap size: 0 out of 6000000
  Number of callouts: 0 out of 100
  Number of Email Invocations: 0 out of 10
  Number of future calls: 0 out of 50
  Number of queueable jobs added to the queue: 0 out of 50
  Number of Mobile Apex push calls: 0 out of 10

09:18:24.6 (6745913)|CUMULATIVE_LIMIT_USAGE_END

09:18:24.0 (6792394)|CODE_UNIT_FINISHED|CloneQuote.getQuote
09:18:24.0 (6891717)|CODE_UNIT_FINISHED|Aura
09:18:24.0 (8183419)|EXECUTION_FINISHED
