42.0 APEX_CODE,FINEST;APEX_PROFILING,INFO;CALLOUT,INFO;DB,INFO;SYSTEM,DEBUG;VALIDATION,INFO;VISUALFORCE,INFO;WAVE,INFO;WORKFLOW,INFO
14:28:07.0 (360858)|USER_INFO|[EXTERNAL]|005f4000001uuP2|nmolinam@deloitte.com|Hora de Venezuela|GMT-04:00
14:28:07.0 (395187)|EXECUTION_STARTED
14:28:07.0 (399930)|CODE_UNIT_STARTED|[EXTERNAL]|Aura
14:28:07.0 (1430959)|HEAP_ALLOCATE|[72]|Bytes:3
14:28:07.0 (1476503)|HEAP_ALLOCATE|[77]|Bytes:152
14:28:07.0 (1513981)|HEAP_ALLOCATE|[342]|Bytes:408
14:28:07.0 (1529304)|HEAP_ALLOCATE|[355]|Bytes:408
14:28:07.0 (1540166)|HEAP_ALLOCATE|[467]|Bytes:48
14:28:07.0 (1568344)|HEAP_ALLOCATE|[139]|Bytes:6
14:28:07.0 (1582464)|HEAP_ALLOCATE|[EXTERNAL]|Bytes:18
14:28:07.0 (1591742)|HEAP_ALLOCATE|[EXTERNAL]|Bytes:4
14:28:07.0 (2601893)|CODE_UNIT_STARTED|[EXTERNAL]|01pf4000009Vx35|CloneQuote.cloneQuote
14:28:07.0 (2724175)|HEAP_ALLOCATE|[EXTERNAL]|Bytes:1
14:28:07.0 (2737975)|METHOD_ENTRY|[1]|01pf4000009Vx35|CloneQuote.CloneQuote()
14:28:07.0 (2745736)|STATEMENT_EXECUTE|[1]
14:28:07.0 (2752268)|STATEMENT_EXECUTE|[1]
14:28:07.0 (2785209)|HEAP_ALLOCATE|[50]|Bytes:5
14:28:07.0 (2812412)|HEAP_ALLOCATE|[56]|Bytes:5
14:28:07.0 (2820431)|HEAP_ALLOCATE|[64]|Bytes:7
14:28:07.0 (2845700)|SYSTEM_MODE_ENTER|false
14:28:07.0 (2865042)|HEAP_ALLOCATE|[EXTERNAL]|Bytes:5
14:28:07.0 (2874028)|SYSTEM_MODE_EXIT|false
14:28:07.0 (2883461)|METHOD_EXIT|[1]|CloneQuote
14:28:07.0 (2889150)|HEAP_ALLOCATE|[EXTERNAL]|Bytes:4
14:28:07.0 (2899280)|SYSTEM_MODE_ENTER|false
14:28:07.0 (2907432)|VARIABLE_SCOPE_BEGIN|[3]|quoteId|Id|false|false
14:28:07.0 (3047067)|VARIABLE_ASSIGNMENT|[3]|quoteId|"0Q0f40000009bwtCAA"
14:28:07.0 (3069058)|HEAP_ALLOCATE|[6]|Bytes:5
14:28:07.0 (3074274)|STATEMENT_EXECUTE|[3]
14:28:07.0 (3076299)|STATEMENT_EXECUTE|[4]
14:28:07.0 (3079822)|HEAP_ALLOCATE|[6]|Bytes:183
14:28:07.0 (3103852)|HEAP_ALLOCATE|[6]|Bytes:4
14:28:07.0 (3119858)|HEAP_ALLOCATE|[6]|Bytes:7
14:28:07.0 (3840898)|SOQL_EXECUTE_BEGIN|[6]|Aggregations:1|SELECT Name, OPPORTUNITYiD, Pricebook2Id, (SELECT QuoteId, Description, Discount, PricebookEntryId, Quantity, Product2Id, UnitPrice FROM QuoteLineItems) FROM QUOTE WHERE ID = :tmpVar1
14:28:07.0 (7928051)|SOQL_EXECUTE_END|[6]|Rows:1
14:28:07.0 (7959878)|HEAP_ALLOCATE|[6]|Bytes:8
14:28:07.0 (7987269)|HEAP_ALLOCATE|[6]|Bytes:581
14:28:07.0 (8106794)|HEAP_ALLOCATE|[6]|Bytes:8
14:28:07.0 (8121474)|HEAP_ALLOCATE|[4]|Bytes:31
14:28:07.0 (8168947)|HEAP_ALLOCATE|[4]|Bytes:24
14:28:07.0 (8176728)|VARIABLE_SCOPE_BEGIN|[4]|q1|Quote|true|false
14:28:07.0 (8212644)|VARIABLE_ASSIGNMENT|[4]|q1|{"Name":"QUOTE 2","OpportunityId":"006f400000AO4MJAA1","Pricebook2Id":"01sf4000003Vb8JAAS","Id":"0Q0f40000009bwtCAA","QuoteLineItems":[{"QuoteId":"0Q0f40000009bwtCAA","Id":"0QLf4000000sNKqGAM","PricebookEntryId":"01uf4000002Sio9AAC","Quantity":1.00,"Product2Id":"01tf4000001E5PCAA0","UnitPrice":5000.00},{"QuoteId":"0Q0f40000009bwtCAA","Id":"0QLf4000000sNKrGAM","PricebookEntryId":"01uf4000002SioGAAS","Quantity":3.00,"Product2Id":"01tf4000001E5PJAA0","UnitPrice":100000.00}]}|0x61fd6837
14:28:07.0 (8225330)|STATEMENT_EXECUTE|[11]
14:28:07.0 (8316077)|HEAP_ALLOCATE|[11]|Bytes:556
14:28:07.0 (8323060)|HEAP_ALLOCATE|[11]|Bytes:20
14:28:07.0 (8342444)|VARIABLE_SCOPE_BEGIN|[11]|q2|Quote|true|false
14:28:07.0 (8364826)|VARIABLE_ASSIGNMENT|[11]|q2|{"Name":"QUOTE 2","OpportunityId":"006f400000AO4MJAA1","Pricebook2Id":"01sf4000003Vb8JAAS","QuoteLineItems":[{"QuoteId":"0Q0f40000009bwtCAA","Id":"0QLf4000000sNKqGAM","PricebookEntryId":"01uf4000002Sio9AAC","Quantity":1.00,"Product2Id":"01tf4000001E5PCAA0","UnitPrice":5000.00},{"QuoteId":"0Q0f40000009bwtCAA","Id":"0QLf4000000sNKrGAM","PricebookEntryId":"01uf4000002SioGAAS","Quantity":3.00,"Product2Id":"01tf4000001E5PJAA0","UnitPrice":100000.00}]}|0x7654fd12
14:28:07.0 (8375332)|STATEMENT_EXECUTE|[12]
14:28:07.0 (8448743)|VARIABLE_ASSIGNMENT|[12]|this.Pricebook2Id|"01sf4000003Vb8JAAS"|0x7654fd12
14:28:07.0 (8455282)|STATEMENT_EXECUTE|[14]
14:28:07.0 (8478943)|HEAP_ALLOCATE|[14]|Bytes:8
14:28:07.0 (8490968)|DML_BEGIN|[14]|Op:Insert|Type:Quote|Rows:1
14:28:07.0 (8521958)|HEAP_ALLOCATE|[EXTERNAL]|Bytes:8
14:28:07.0 (66273369)|DML_END|[14]
14:28:07.0 (66290312)|HEAP_ALLOCATE|[14]|Bytes:-4
14:28:07.0 (66316151)|STATEMENT_EXECUTE|[15]
14:28:07.0 (66379727)|VARIABLE_SCOPE_BEGIN|[15]|idQuote|Id|false|false
14:28:07.0 (66465134)|VARIABLE_ASSIGNMENT|[15]|idQuote|"0Q0f40000009eMjCAI"
14:28:07.0 (66473027)|STATEMENT_EXECUTE|[18]
14:28:07.0 (66481332)|HEAP_ALLOCATE|[18]|Bytes:14
14:28:07.0 (66489777)|HEAP_ALLOCATE|[18]|Bytes:13
14:28:07.0 (66547607)|HEAP_ALLOCATE|[EXTERNAL]|Bytes:12
14:28:07.0 (66644262)|HEAP_ALLOCATE|[18]|Bytes:12
14:28:07.0 (66658395)|VARIABLE_SCOPE_BEGIN|[18]|items|List<QuoteLineItem>|true|false
14:28:07.0 (66698007)|VARIABLE_ASSIGNMENT|[18]|items|[{"QuoteId":"0Q0f40000009bwtCAA","Id":"0QLf4000000sNKqGAM","PricebookEntryId":"01uf4000002Sio9AAC","Quantity":1.00,"Product2Id":"01tf4000001E5PCAA0","UnitPrice":5000.00},{"QuoteId":"0Q0f40000009bwtCAA","Id":"0QLf4000000sNKrGAM","PricebookEntryId":"01uf4000002SioGAAS","Quantity":3.00,"Product2Id":"01tf4000001E5PJAA0","UnitPrice":100000.00}]|0x342a02fb
14:28:07.0 (66953760)|HEAP_ALLOCATE|[20]|Bytes:5
14:28:07.0 (66977980)|HEAP_ALLOCATE|[20]|Bytes:28
14:28:07.0 (66988923)|VARIABLE_SCOPE_BEGIN|[20]|i|QuoteLineItem|true|false
14:28:07.0 (67006973)|VARIABLE_ASSIGNMENT|[20]|i|{"QuoteId":"0Q0f40000009bwtCAA","Id":"0QLf4000000sNKqGAM","PricebookEntryId":"01uf4000002Sio9AAC","Quantity":1.00,"Product2Id":"01tf4000001E5PCAA0","UnitPrice":5000.00}|0x4fa09cb3
14:28:07.0 (67016135)|STATEMENT_EXECUTE|[20]
14:28:07.0 (67017931)|STATEMENT_EXECUTE|[21]
14:28:07.0 (67041236)|HEAP_ALLOCATE|[21]|Bytes:4
14:28:07.0 (67134245)|VARIABLE_SCOPE_BEGIN|[21]|ql|QuoteLineItem|true|false
14:28:07.0 (67150290)|VARIABLE_ASSIGNMENT|[21]|ql|{}|0x67dfa454
14:28:07.0 (67156625)|STATEMENT_EXECUTE|[22]
14:28:07.0 (67224138)|VARIABLE_ASSIGNMENT|[22]|this.QuoteId|"0Q0f40000009eMjCAI"|0x67dfa454
14:28:07.0 (67230799)|STATEMENT_EXECUTE|[23]
14:28:07.0 (67255870)|VARIABLE_ASSIGNMENT|[23]|this.Description|null|0x67dfa454
14:28:07.0 (67261815)|STATEMENT_EXECUTE|[24]
14:28:07.0 (67278179)|VARIABLE_ASSIGNMENT|[24]|this.Discount|null|0x67dfa454
14:28:07.0 (67283966)|STATEMENT_EXECUTE|[25]
14:28:07.0 (67309581)|VARIABLE_ASSIGNMENT|[25]|this.PricebookEntryId|"01uf4000002Sio9AAC"|0x67dfa454
14:28:07.0 (67315965)|STATEMENT_EXECUTE|[26]
14:28:07.0 (67356423)|VARIABLE_ASSIGNMENT|[26]|this.Quantity|1.00|0x67dfa454
14:28:07.0 (67362389)|STATEMENT_EXECUTE|[27]
14:28:07.0 (67385017)|VARIABLE_ASSIGNMENT|[27]|this.Product2Id|"01tf4000001E5PCAA0"|0x67dfa454
14:28:07.0 (67391216)|STATEMENT_EXECUTE|[28]
14:28:07.0 (67413130)|VARIABLE_ASSIGNMENT|[28]|this.UnitPrice|5000.00|0x67dfa454
14:28:07.0 (67419013)|STATEMENT_EXECUTE|[29]
14:28:07.0 (67439697)|HEAP_ALLOCATE|[29]|Bytes:8
14:28:07.0 (67451416)|DML_BEGIN|[29]|Op:Insert|Type:QuoteLineItem|Rows:1
14:28:07.0 (67490822)|HEAP_ALLOCATE|[EXTERNAL]|Bytes:8
14:28:07.0 (128407148)|DML_END|[29]
14:28:07.0 (128463469)|HEAP_ALLOCATE|[20]|Bytes:5
14:28:07.0 (128497417)|HEAP_ALLOCATE|[20]|Bytes:28
14:28:07.0 (128515222)|VARIABLE_SCOPE_BEGIN|[20]|i|QuoteLineItem|true|false
14:28:07.0 (128556776)|VARIABLE_ASSIGNMENT|[20]|i|{"QuoteId":"0Q0f40000009bwtCAA","Id":"0QLf4000000sNKrGAM","PricebookEntryId":"01uf4000002SioGAAS","Quantity":3.00,"Product2Id":"01tf4000001E5PJAA0","UnitPrice":100000.00}|0x2a42a4ad
14:28:07.0 (128567612)|STATEMENT_EXECUTE|[20]
14:28:07.0 (128570139)|STATEMENT_EXECUTE|[21]
14:28:07.0 (128595888)|HEAP_ALLOCATE|[21]|Bytes:4
14:28:07.0 (128614401)|VARIABLE_SCOPE_BEGIN|[21]|ql|QuoteLineItem|true|false
14:28:07.0 (128628140)|VARIABLE_ASSIGNMENT|[21]|ql|{}|0x804e348
14:28:07.0 (128633932)|STATEMENT_EXECUTE|[22]
14:28:07.0 (128690034)|VARIABLE_ASSIGNMENT|[22]|this.QuoteId|"0Q0f40000009eMjCAI"|0x804e348
14:28:07.0 (128696528)|STATEMENT_EXECUTE|[23]
14:28:07.0 (128721232)|VARIABLE_ASSIGNMENT|[23]|this.Description|null|0x804e348
14:28:07.0 (128726866)|STATEMENT_EXECUTE|[24]
14:28:07.0 (128741587)|VARIABLE_ASSIGNMENT|[24]|this.Discount|null|0x804e348
14:28:07.0 (128747791)|STATEMENT_EXECUTE|[25]
14:28:07.0 (128770317)|VARIABLE_ASSIGNMENT|[25]|this.PricebookEntryId|"01uf4000002SioGAAS"|0x804e348
14:28:07.0 (128776238)|STATEMENT_EXECUTE|[26]
14:28:07.0 (128802415)|VARIABLE_ASSIGNMENT|[26]|this.Quantity|3.00|0x804e348
14:28:07.0 (128808457)|STATEMENT_EXECUTE|[27]
14:28:07.0 (128831020)|VARIABLE_ASSIGNMENT|[27]|this.Product2Id|"01tf4000001E5PJAA0"|0x804e348
14:28:07.0 (128837436)|STATEMENT_EXECUTE|[28]
14:28:07.0 (128860279)|VARIABLE_ASSIGNMENT|[28]|this.UnitPrice|100000.00|0x804e348
14:28:07.0 (128866531)|STATEMENT_EXECUTE|[29]
14:28:07.0 (128882051)|HEAP_ALLOCATE|[29]|Bytes:8
14:28:07.0 (128893633)|DML_BEGIN|[29]|Op:Insert|Type:QuoteLineItem|Rows:1
14:28:07.0 (128934481)|HEAP_ALLOCATE|[EXTERNAL]|Bytes:8
14:28:07.0 (175170890)|DML_END|[29]
14:28:07.0 (175218935)|HEAP_ALLOCATE|[20]|Bytes:5
14:28:07.0 (175252906)|VARIABLE_ASSIGNMENT|[20]|i|null|
14:28:07.0 (175266397)|SYSTEM_MODE_EXIT|false
14:28:07.182 (182000110)|CUMULATIVE_LIMIT_USAGE
14:28:07.182 (182000110)|LIMIT_USAGE_FOR_NS|(default)|
  Number of SOQL queries: 1 out of 100
  Number of query rows: 3 out of 50000
  Number of SOSL queries: 0 out of 20
  Number of DML statements: 3 out of 150
  Number of DML rows: 3 out of 10000
  Maximum CPU time: 0 out of 10000
  Maximum heap size: 0 out of 6000000
  Number of callouts: 0 out of 100
  Number of Email Invocations: 0 out of 10
  Number of future calls: 0 out of 50
  Number of queueable jobs added to the queue: 0 out of 50
  Number of Mobile Apex push calls: 0 out of 10

14:28:07.182 (182000110)|CUMULATIVE_LIMIT_USAGE_END

14:28:07.0 (182045933)|CODE_UNIT_FINISHED|CloneQuote.cloneQuote
14:28:07.0 (182106532)|CODE_UNIT_FINISHED|Aura
14:28:07.0 (182921463)|EXECUTION_FINISHED
