42.0 APEX_CODE,FINEST;APEX_PROFILING,INFO;CALLOUT,INFO;DB,INFO;SYSTEM,DEBUG;VALIDATION,INFO;VISUALFORCE,INFO;WAVE,INFO;WORKFLOW,INFO
17:24:29.0 (264564)|USER_INFO|[EXTERNAL]|005f4000001uuP2|nmolinam@deloitte.com|Hora de Venezuela|GMT-04:00
17:24:29.0 (292497)|EXECUTION_STARTED
17:24:29.0 (297584)|CODE_UNIT_STARTED|[EXTERNAL]|Aura
17:24:29.0 (1175370)|HEAP_ALLOCATE|[72]|Bytes:3
17:24:29.0 (1218444)|HEAP_ALLOCATE|[77]|Bytes:152
17:24:29.0 (1233756)|HEAP_ALLOCATE|[342]|Bytes:408
17:24:29.0 (1245029)|HEAP_ALLOCATE|[355]|Bytes:408
17:24:29.0 (1255790)|HEAP_ALLOCATE|[467]|Bytes:48
17:24:29.0 (1279830)|HEAP_ALLOCATE|[139]|Bytes:6
17:24:29.0 (1293313)|HEAP_ALLOCATE|[EXTERNAL]|Bytes:18
17:24:29.0 (1302683)|HEAP_ALLOCATE|[EXTERNAL]|Bytes:4
17:24:29.0 (2059961)|CODE_UNIT_STARTED|[EXTERNAL]|01pf4000009Vx35|CloneQuote.getQuote
17:24:29.0 (2164017)|HEAP_ALLOCATE|[EXTERNAL]|Bytes:4
17:24:29.0 (2177499)|METHOD_ENTRY|[1]|01pf4000009Vx35|CloneQuote.CloneQuote()
17:24:29.0 (2184771)|STATEMENT_EXECUTE|[1]
17:24:29.0 (2190728)|STATEMENT_EXECUTE|[1]
17:24:29.0 (2222515)|HEAP_ALLOCATE|[50]|Bytes:5
17:24:29.0 (2248395)|HEAP_ALLOCATE|[56]|Bytes:5
17:24:29.0 (2256176)|HEAP_ALLOCATE|[64]|Bytes:7
17:24:29.0 (2280704)|SYSTEM_MODE_ENTER|false
17:24:29.0 (2295883)|HEAP_ALLOCATE|[EXTERNAL]|Bytes:5
17:24:29.0 (2304629)|SYSTEM_MODE_EXIT|false
17:24:29.0 (2313500)|METHOD_EXIT|[1]|CloneQuote
17:24:29.0 (2319743)|HEAP_ALLOCATE|[EXTERNAL]|Bytes:4
17:24:29.0 (2328705)|SYSTEM_MODE_ENTER|false
17:24:29.0 (2335703)|VARIABLE_SCOPE_BEGIN|[34]|recordId|Id|false|false
17:24:29.0 (2558393)|VARIABLE_ASSIGNMENT|[34]|recordId|"0Q0f40000009kKqCAI"
17:24:29.0 (2583306)|HEAP_ALLOCATE|[35]|Bytes:5
17:24:29.0 (2588810)|STATEMENT_EXECUTE|[34]
17:24:29.0 (2590869)|STATEMENT_EXECUTE|[35]
17:24:29.0 (2594330)|HEAP_ALLOCATE|[35]|Bytes:71
17:24:29.0 (2617737)|HEAP_ALLOCATE|[35]|Bytes:4
17:24:29.0 (2631542)|HEAP_ALLOCATE|[35]|Bytes:7
17:24:29.0 (2996190)|SOQL_EXECUTE_BEGIN|[35]|Aggregations:0|SELECT Name, OPPORTUNITYiD, Pricebook2Id FROM Quote WHERE Id = :tmpVar1
17:24:29.0 (4943522)|SOQL_EXECUTE_END|[35]|Rows:1
17:24:29.0 (4965829)|HEAP_ALLOCATE|[35]|Bytes:8
17:24:29.0 (4981569)|HEAP_ALLOCATE|[35]|Bytes:113
17:24:29.0 (5062479)|HEAP_ALLOCATE|[35]|Bytes:8
17:24:29.0 (5074482)|HEAP_ALLOCATE|[35]|Bytes:31
17:24:29.0 (5117147)|HEAP_ALLOCATE|[35]|Bytes:20
17:24:29.0 (5124374)|VARIABLE_SCOPE_BEGIN|[35]|q|Quote|true|false
17:24:29.0 (5148008)|VARIABLE_ASSIGNMENT|[35]|q|{"Name":"QUOTE 2","OpportunityId":"006f400000AO4MJAA1","Pricebook2Id":"01sf4000003Vb8JAAS","Id":"0Q0f40000009kKqCAI"}|0x3a485303
17:24:29.0 (5156114)|STATEMENT_EXECUTE|[36]
17:24:29.0 (5164055)|SYSTEM_MODE_EXIT|false
17:24:29.5 (5186794)|CUMULATIVE_LIMIT_USAGE
17:24:29.5 (5186794)|LIMIT_USAGE_FOR_NS|(default)|
  Number of SOQL queries: 1 out of 100
  Number of query rows: 1 out of 50000
  Number of SOSL queries: 0 out of 20
  Number of DML statements: 0 out of 150
  Number of DML rows: 0 out of 10000
  Maximum CPU time: 0 out of 10000
  Maximum heap size: 0 out of 6000000
  Number of callouts: 0 out of 100
  Number of Email Invocations: 0 out of 10
  Number of future calls: 0 out of 50
  Number of queueable jobs added to the queue: 0 out of 50
  Number of Mobile Apex push calls: 0 out of 10

17:24:29.5 (5186794)|CUMULATIVE_LIMIT_USAGE_END

17:24:29.0 (5215126)|CODE_UNIT_FINISHED|CloneQuote.getQuote
17:24:29.0 (5268459)|CODE_UNIT_FINISHED|Aura
17:24:29.0 (6345148)|EXECUTION_FINISHED
