42.0 APEX_CODE,FINEST;APEX_PROFILING,INFO;CALLOUT,INFO;DB,INFO;SYSTEM,DEBUG;VALIDATION,INFO;VISUALFORCE,INFO;WAVE,INFO;WORKFLOW,INFO
Execute Anonymous: CloneQuote.cloneQuote('0Q0f40000009bwtCAA');
13:16:56.1 (1118169)|USER_INFO|[EXTERNAL]|005f4000001uuP2|nmolinam@deloitte.com|Hora de Venezuela|GMT-04:00
13:16:56.1 (1136040)|EXECUTION_STARTED
13:16:56.1 (1140626)|CODE_UNIT_STARTED|[EXTERNAL]|execute_anonymous_apex
13:16:56.1 (1335738)|HEAP_ALLOCATE|[72]|Bytes:3
13:16:56.1 (1376536)|HEAP_ALLOCATE|[77]|Bytes:152
13:16:56.1 (1392518)|HEAP_ALLOCATE|[342]|Bytes:408
13:16:56.1 (1404886)|HEAP_ALLOCATE|[355]|Bytes:408
13:16:56.1 (1415669)|HEAP_ALLOCATE|[467]|Bytes:48
13:16:56.1 (1445163)|HEAP_ALLOCATE|[139]|Bytes:6
13:16:56.1 (1471568)|HEAP_ALLOCATE|[EXTERNAL]|Bytes:1
13:16:56.1 (1560817)|STATEMENT_EXECUTE|[1]
13:16:56.1 (1563582)|STATEMENT_EXECUTE|[1]
13:16:56.1 (1566904)|HEAP_ALLOCATE|[1]|Bytes:18
13:16:56.1 (1583956)|HEAP_ALLOCATE|[1]|Bytes:4
13:16:56.1 (1632724)|HEAP_ALLOCATE|[50]|Bytes:5
13:16:56.1 (1654968)|HEAP_ALLOCATE|[56]|Bytes:5
13:16:56.1 (1662486)|HEAP_ALLOCATE|[64]|Bytes:7
13:16:56.1 (1684833)|SYSTEM_MODE_ENTER|false
13:16:56.1 (1708195)|HEAP_ALLOCATE|[1]|Bytes:5
13:16:56.1 (9015235)|HEAP_ALLOCATE|[1]|Bytes:1
13:16:56.1 (9027633)|HEAP_ALLOCATE|[1]|Bytes:2
13:16:56.1 (9043494)|METHOD_ENTRY|[1]|01pf4000009Vx35|CloneQuote.CloneQuote()
13:16:56.1 (9049923)|STATEMENT_EXECUTE|[1]
13:16:56.1 (9054895)|STATEMENT_EXECUTE|[1]
13:16:56.1 (9067167)|HEAP_ALLOCATE|[1]|Bytes:5
13:16:56.1 (9077817)|METHOD_EXIT|[1]|CloneQuote
13:16:56.1 (9104340)|METHOD_ENTRY|[1]|01pf4000009Vx35|CloneQuote.cloneQuote(Id)
13:16:56.1 (9135597)|VARIABLE_SCOPE_BEGIN|[3]|quoteId|Id|false|false
13:16:56.1 (9266724)|VARIABLE_ASSIGNMENT|[3]|quoteId|"0Q0f40000009bwtCAA"
13:16:56.1 (9290084)|HEAP_ALLOCATE|[6]|Bytes:5
13:16:56.1 (9297052)|STATEMENT_EXECUTE|[3]
13:16:56.1 (9298759)|STATEMENT_EXECUTE|[4]
13:16:56.1 (9301803)|HEAP_ALLOCATE|[6]|Bytes:95
13:16:56.1 (9320139)|HEAP_ALLOCATE|[6]|Bytes:4
13:16:56.1 (9332200)|HEAP_ALLOCATE|[6]|Bytes:7
13:16:56.1 (9650179)|SOQL_EXECUTE_BEGIN|[6]|Aggregations:1|SELECT Name, OPPORTUNITYiD, (SELECT QuoteId FROM QuoteLineItems) FROM QUOTE WHERE ID = :tmpVar1
13:16:56.1 (13465292)|SOQL_EXECUTE_END|[6]|Rows:1
13:16:56.1 (13503490)|HEAP_ALLOCATE|[6]|Bytes:8
13:16:56.1 (13529155)|HEAP_ALLOCATE|[6]|Bytes:213
13:16:56.1 (13624820)|HEAP_ALLOCATE|[6]|Bytes:8
13:16:56.1 (13640443)|HEAP_ALLOCATE|[4]|Bytes:31
13:16:56.1 (13676498)|HEAP_ALLOCATE|[4]|Bytes:20
13:16:56.1 (13688390)|VARIABLE_SCOPE_BEGIN|[4]|q1|Quote|true|false
13:16:56.1 (13742183)|VARIABLE_ASSIGNMENT|[4]|q1|{"Name":"QUOTE 2","OpportunityId":"006f400000AO4MJAA1","Id":"0Q0f40000009bwtCAA","QuoteLineItems":[{"QuoteId":"0Q0f40000009bwtCAA","Id":"0QLf4000000sNKqGAM"},{"QuoteId":"0Q0f40000009bwtCAA","Id":"0QLf4000000sNKrGAM"}]}|0x7cdfbb21
13:16:56.1 (13755874)|STATEMENT_EXECUTE|[10]
13:16:56.1 (13889174)|HEAP_ALLOCATE|[10]|Bytes:188
13:16:56.1 (13897111)|HEAP_ALLOCATE|[10]|Bytes:16
13:16:56.1 (13921555)|VARIABLE_SCOPE_BEGIN|[10]|q2|Quote|true|false
13:16:56.1 (13941705)|VARIABLE_ASSIGNMENT|[10]|q2|{"Name":"QUOTE 2","OpportunityId":"006f400000AO4MJAA1","QuoteLineItems":[{"QuoteId":"0Q0f40000009bwtCAA","Id":"0QLf4000000sNKqGAM"},{"QuoteId":"0Q0f40000009bwtCAA","Id":"0QLf4000000sNKrGAM"}]}|0xfb8b1d2
13:16:56.1 (13949039)|STATEMENT_EXECUTE|[12]
13:16:56.1 (13974690)|HEAP_ALLOCATE|[12]|Bytes:8
13:16:56.1 (13985974)|DML_BEGIN|[12]|Op:Insert|Type:Quote|Rows:1
13:16:56.1 (14014613)|HEAP_ALLOCATE|[EXTERNAL]|Bytes:8
13:16:56.1 (53393099)|DML_END|[12]
13:16:56.1 (53410053)|HEAP_ALLOCATE|[12]|Bytes:-4
13:16:56.1 (53434341)|STATEMENT_EXECUTE|[13]
13:16:56.1 (53469223)|VARIABLE_SCOPE_BEGIN|[13]|idQuote|Id|false|false
13:16:56.1 (53572517)|VARIABLE_ASSIGNMENT|[13]|idQuote|"0Q0f40000009e9NCAQ"
13:16:56.1 (53582005)|STATEMENT_EXECUTE|[15]
13:16:56.1 (53588924)|HEAP_ALLOCATE|[15]|Bytes:14
13:16:56.1 (53598631)|HEAP_ALLOCATE|[15]|Bytes:13
13:16:56.1 (53670562)|HEAP_ALLOCATE|[EXTERNAL]|Bytes:12
13:16:56.1 (53779849)|HEAP_ALLOCATE|[15]|Bytes:12
13:16:56.1 (53819413)|VARIABLE_SCOPE_BEGIN|[15]|items|List<QuoteLineItem>|true|false
13:16:56.1 (53846796)|VARIABLE_ASSIGNMENT|[15]|items|[{"QuoteId":"0Q0f40000009bwtCAA","Id":"0QLf4000000sNKqGAM"},{"QuoteId":"0Q0f40000009bwtCAA","Id":"0QLf4000000sNKrGAM"}]|0x3cdbfd2a
13:16:56.1 (54059020)|HEAP_ALLOCATE|[17]|Bytes:5
13:16:56.1 (54077639)|HEAP_ALLOCATE|[17]|Bytes:12
13:16:56.1 (54087227)|VARIABLE_SCOPE_BEGIN|[17]|i|QuoteLineItem|true|false
13:16:56.1 (54101370)|VARIABLE_ASSIGNMENT|[17]|i|{"QuoteId":"0Q0f40000009bwtCAA","Id":"0QLf4000000sNKqGAM"}|0x154520f7
13:16:56.1 (54108726)|STATEMENT_EXECUTE|[17]
13:16:56.1 (54110574)|STATEMENT_EXECUTE|[18]
13:16:56.1 (54131256)|HEAP_ALLOCATE|[18]|Bytes:4
13:16:56.1 (54216583)|VARIABLE_SCOPE_BEGIN|[18]|ql|QuoteLineItem|true|false
13:16:56.1 (54231508)|VARIABLE_ASSIGNMENT|[18]|ql|{}|0x68517989
13:16:56.1 (54236594)|STATEMENT_EXECUTE|[19]
13:16:56.1 (54301093)|VARIABLE_ASSIGNMENT|[19]|this.QuoteId|"0Q0f40000009e9NCAQ"|0x68517989
13:16:56.1 (54307384)|STATEMENT_EXECUTE|[20]
13:16:56.1 (54311466)|HEAP_ALLOCATE|[20]|Bytes:8
13:16:56.1 (54381451)|HEAP_ALLOCATE|[20]|Bytes:42
13:16:56.1 (54401150)|HEAP_ALLOCATE|[20]|Bytes:50
13:16:56.1 (54420626)|USER_DEBUG|[20]|DEBUG|ql id : QuoteLineItem:{QuoteId=0Q0f40000009e9NCAQ}
13:16:56.1 (54430342)|STATEMENT_EXECUTE|[21]
13:16:56.1 (54444418)|HEAP_ALLOCATE|[21]|Bytes:8
13:16:56.1 (54453367)|DML_BEGIN|[21]|Op:Insert|Type:QuoteLineItem|Rows:1
13:16:56.1 (54484096)|HEAP_ALLOCATE|[EXTERNAL]|Bytes:8
13:16:56.1 (64566860)|DML_END|[21]
13:16:56.1 (64791547)|VF_PAGE_MESSAGE|Required fields are missing: [PricebookEntryId, Quantity, UnitPrice, Product2Id]
13:16:56.1 (65281940)|EXCEPTION_THROWN|[21]|System.DmlException: Insert failed. First exception on row 0; first error: REQUIRED_FIELD_MISSING, Required fields are missing: [PricebookEntryId, Quantity, UnitPrice, Product2Id]: [PricebookEntryId, Quantity, UnitPrice, Product2Id]
13:16:56.1 (65544659)|HEAP_ALLOCATE|[21]|Bytes:215
13:16:56.1 (65572715)|METHOD_EXIT|[1]|01pf4000009Vx35|CloneQuote.cloneQuote(Id)
13:16:56.1 (65583480)|SYSTEM_MODE_EXIT|false
13:16:56.1 (65670125)|FATAL_ERROR|System.DmlException: Insert failed. First exception on row 0; first error: REQUIRED_FIELD_MISSING, Required fields are missing: [PricebookEntryId, Quantity, UnitPrice, Product2Id]: [PricebookEntryId, Quantity, UnitPrice, Product2Id]

Class.CloneQuote.cloneQuote: line 21, column 1
AnonymousBlock: line 1, column 1
AnonymousBlock: line 1, column 1
13:16:56.65 (65683884)|CUMULATIVE_LIMIT_USAGE
13:16:56.65 (65683884)|LIMIT_USAGE_FOR_NS|(default)|
  Number of SOQL queries: 1 out of 100
  Number of query rows: 3 out of 50000
  Number of SOSL queries: 0 out of 20
  Number of DML statements: 2 out of 150
  Number of DML rows: 2 out of 10000
  Maximum CPU time: 0 out of 10000
  Maximum heap size: 0 out of 6000000
  Number of callouts: 0 out of 100
  Number of Email Invocations: 0 out of 10
  Number of future calls: 0 out of 50
  Number of queueable jobs added to the queue: 0 out of 50
  Number of Mobile Apex push calls: 0 out of 10

13:16:56.65 (65683884)|CUMULATIVE_LIMIT_USAGE_END

13:16:56.1 (65716248)|CODE_UNIT_FINISHED|execute_anonymous_apex
13:16:56.1 (66813156)|EXECUTION_FINISHED
