42.0 APEX_CODE,FINEST;APEX_PROFILING,INFO;CALLOUT,INFO;DB,INFO;SYSTEM,DEBUG;VALIDATION,INFO;VISUALFORCE,INFO;WAVE,INFO;WORKFLOW,INFO
Execute Anonymous: CloneQuote.cloneQuote('0Q0f40000009bwtCAA');
13:00:58.1 (1272050)|USER_INFO|[EXTERNAL]|005f4000001uuP2|nmolinam@deloitte.com|Hora de Venezuela|GMT-04:00
13:00:58.1 (1293692)|EXECUTION_STARTED
13:00:58.1 (1298337)|CODE_UNIT_STARTED|[EXTERNAL]|execute_anonymous_apex
13:00:58.1 (1480413)|HEAP_ALLOCATE|[72]|Bytes:3
13:00:58.1 (1524811)|HEAP_ALLOCATE|[77]|Bytes:152
13:00:58.1 (1540492)|HEAP_ALLOCATE|[342]|Bytes:408
13:00:58.1 (1553541)|HEAP_ALLOCATE|[355]|Bytes:408
13:00:58.1 (1564351)|HEAP_ALLOCATE|[467]|Bytes:48
13:00:58.1 (1591949)|HEAP_ALLOCATE|[139]|Bytes:6
13:00:58.1 (1608905)|HEAP_ALLOCATE|[EXTERNAL]|Bytes:1
13:00:58.1 (1694696)|STATEMENT_EXECUTE|[1]
13:00:58.1 (1697412)|STATEMENT_EXECUTE|[1]
13:00:58.1 (1700776)|HEAP_ALLOCATE|[1]|Bytes:18
13:00:58.1 (1716225)|HEAP_ALLOCATE|[1]|Bytes:4
13:00:58.1 (1763954)|HEAP_ALLOCATE|[50]|Bytes:5
13:00:58.1 (1785960)|HEAP_ALLOCATE|[56]|Bytes:5
13:00:58.1 (1793301)|HEAP_ALLOCATE|[64]|Bytes:7
13:00:58.1 (1815277)|SYSTEM_MODE_ENTER|false
13:00:58.1 (1835153)|HEAP_ALLOCATE|[1]|Bytes:5
13:00:58.1 (3070792)|HEAP_ALLOCATE|[1]|Bytes:1
13:00:58.1 (3081155)|HEAP_ALLOCATE|[1]|Bytes:2
13:00:58.1 (3110474)|METHOD_ENTRY|[1]|01pf4000009Vx35|CloneQuote.CloneQuote()
13:00:58.1 (3118238)|STATEMENT_EXECUTE|[1]
13:00:58.1 (3122504)|STATEMENT_EXECUTE|[1]
13:00:58.1 (3135878)|HEAP_ALLOCATE|[1]|Bytes:5
13:00:58.1 (3147637)|METHOD_EXIT|[1]|CloneQuote
13:00:58.1 (3210325)|METHOD_ENTRY|[1]|01pf4000009Vx35|CloneQuote.cloneQuote(Id)
13:00:58.1 (3244173)|VARIABLE_SCOPE_BEGIN|[3]|quoteId|Id|false|false
13:00:58.1 (3440473)|VARIABLE_ASSIGNMENT|[3]|quoteId|"0Q0f40000009bwtCAA"
13:00:58.1 (3461790)|HEAP_ALLOCATE|[6]|Bytes:5
13:00:58.1 (3467928)|STATEMENT_EXECUTE|[3]
13:00:58.1 (3469641)|STATEMENT_EXECUTE|[4]
13:00:58.1 (3472971)|HEAP_ALLOCATE|[6]|Bytes:95
13:00:58.1 (3494812)|HEAP_ALLOCATE|[6]|Bytes:4
13:00:58.1 (3516761)|HEAP_ALLOCATE|[6]|Bytes:7
13:00:58.1 (3901300)|SOQL_EXECUTE_BEGIN|[6]|Aggregations:1|SELECT Name, OPPORTUNITYiD, (SELECT QuoteId FROM QuoteLineItems) FROM QUOTE WHERE ID = :tmpVar1
13:00:58.1 (8130589)|SOQL_EXECUTE_END|[6]|Rows:1
13:00:58.1 (8159801)|HEAP_ALLOCATE|[6]|Bytes:8
13:00:58.1 (8181587)|HEAP_ALLOCATE|[6]|Bytes:213
13:00:58.1 (8275871)|HEAP_ALLOCATE|[6]|Bytes:8
13:00:58.1 (8287384)|HEAP_ALLOCATE|[4]|Bytes:31
13:00:58.1 (8330224)|HEAP_ALLOCATE|[4]|Bytes:20
13:00:58.1 (8337742)|VARIABLE_SCOPE_BEGIN|[4]|q1|Quote|true|false
13:00:58.1 (8367561)|VARIABLE_ASSIGNMENT|[4]|q1|{"Name":"QUOTE 2","OpportunityId":"006f400000AO4MJAA1","Id":"0Q0f40000009bwtCAA","QuoteLineItems":[{"QuoteId":"0Q0f40000009bwtCAA","Id":"0QLf4000000sNKqGAM"},{"QuoteId":"0Q0f40000009bwtCAA","Id":"0QLf4000000sNKrGAM"}]}|0x4815c0c9
13:00:58.1 (8379305)|STATEMENT_EXECUTE|[10]
13:00:58.1 (8477636)|HEAP_ALLOCATE|[10]|Bytes:188
13:00:58.1 (8484611)|HEAP_ALLOCATE|[10]|Bytes:16
13:00:58.1 (8528432)|VARIABLE_SCOPE_BEGIN|[10]|q2|Quote|true|false
13:00:58.1 (8547436)|VARIABLE_ASSIGNMENT|[10]|q2|{"Name":"QUOTE 2","OpportunityId":"006f400000AO4MJAA1","QuoteLineItems":[{"QuoteId":"0Q0f40000009bwtCAA","Id":"0QLf4000000sNKqGAM"},{"QuoteId":"0Q0f40000009bwtCAA","Id":"0QLf4000000sNKrGAM"}]}|0x7f1707fc
13:00:58.1 (8554492)|STATEMENT_EXECUTE|[12]
13:00:58.1 (8577432)|HEAP_ALLOCATE|[12]|Bytes:8
13:00:58.1 (8587121)|DML_BEGIN|[12]|Op:Insert|Type:Quote|Rows:1
13:00:58.1 (8614643)|HEAP_ALLOCATE|[EXTERNAL]|Bytes:8
13:00:58.1 (43472331)|DML_END|[12]
13:00:58.1 (43515282)|HEAP_ALLOCATE|[12]|Bytes:-4
13:00:58.1 (43537867)|STATEMENT_EXECUTE|[13]
13:00:58.1 (43571513)|VARIABLE_SCOPE_BEGIN|[13]|idQuote|Id|false|false
13:00:58.1 (43652124)|VARIABLE_ASSIGNMENT|[13]|idQuote|"0Q0f40000009e8tCAA"
13:00:58.1 (43658849)|STATEMENT_EXECUTE|[15]
13:00:58.1 (43665427)|HEAP_ALLOCATE|[15]|Bytes:14
13:00:58.1 (43673393)|HEAP_ALLOCATE|[15]|Bytes:13
13:00:58.1 (43719839)|HEAP_ALLOCATE|[EXTERNAL]|Bytes:12
13:00:58.1 (43797806)|HEAP_ALLOCATE|[15]|Bytes:12
13:00:58.1 (43810117)|VARIABLE_SCOPE_BEGIN|[15]|items|List<QuoteLineItem>|true|false
13:00:58.1 (43837113)|VARIABLE_ASSIGNMENT|[15]|items|[{"QuoteId":"0Q0f40000009bwtCAA","Id":"0QLf4000000sNKqGAM"},{"QuoteId":"0Q0f40000009bwtCAA","Id":"0QLf4000000sNKrGAM"}]|0x2e18b168
13:00:58.1 (44054832)|HEAP_ALLOCATE|[17]|Bytes:5
13:00:58.1 (44074485)|HEAP_ALLOCATE|[17]|Bytes:12
13:00:58.1 (44083180)|VARIABLE_SCOPE_BEGIN|[17]|i|QuoteLineItem|true|false
13:00:58.1 (44097749)|VARIABLE_ASSIGNMENT|[17]|i|{"QuoteId":"0Q0f40000009bwtCAA","Id":"0QLf4000000sNKqGAM"}|0xc30172f
13:00:58.1 (44104298)|STATEMENT_EXECUTE|[17]
13:00:58.1 (44106096)|STATEMENT_EXECUTE|[18]
13:00:58.1 (44125604)|HEAP_ALLOCATE|[18]|Bytes:4
13:00:58.1 (44229687)|VARIABLE_ASSIGNMENT|[18]|this.QuoteId|"0Q0f40000009e8tCAA"|0x5f48e67b
13:00:58.1 (44249673)|VARIABLE_SCOPE_BEGIN|[18]|ql|QuoteLineItem|true|false
13:00:58.1 (44263820)|VARIABLE_ASSIGNMENT|[18]|ql|{"QuoteId":"0Q0f40000009e8tCAA"}|0x5f48e67b
13:00:58.1 (44274216)|STATEMENT_EXECUTE|[20]
13:00:58.1 (44277817)|HEAP_ALLOCATE|[20]|Bytes:8
13:00:58.1 (44357715)|HEAP_ALLOCATE|[20]|Bytes:42
13:00:58.1 (44389983)|HEAP_ALLOCATE|[20]|Bytes:50
13:00:58.1 (44419671)|USER_DEBUG|[20]|DEBUG|ql id : QuoteLineItem:{QuoteId=0Q0f40000009e8tCAA}
13:00:58.1 (44428987)|STATEMENT_EXECUTE|[22]
13:00:58.1 (44444092)|HEAP_ALLOCATE|[22]|Bytes:8
13:00:58.1 (44456052)|DML_BEGIN|[22]|Op:Insert|Type:QuoteLineItem|Rows:1
13:00:58.1 (44490446)|HEAP_ALLOCATE|[EXTERNAL]|Bytes:8
13:00:58.1 (54517993)|DML_END|[22]
13:00:58.1 (54659185)|VF_PAGE_MESSAGE|Required fields are missing: [PricebookEntryId, Quantity, UnitPrice, Product2Id]
13:00:58.1 (55028458)|EXCEPTION_THROWN|[22]|System.DmlException: Insert failed. First exception on row 0; first error: REQUIRED_FIELD_MISSING, Required fields are missing: [PricebookEntryId, Quantity, UnitPrice, Product2Id]: [PricebookEntryId, Quantity, UnitPrice, Product2Id]
13:00:58.1 (55300453)|HEAP_ALLOCATE|[22]|Bytes:215
13:00:58.1 (55329038)|METHOD_EXIT|[1]|01pf4000009Vx35|CloneQuote.cloneQuote(Id)
13:00:58.1 (55339406)|SYSTEM_MODE_EXIT|false
13:00:58.1 (55420300)|FATAL_ERROR|System.DmlException: Insert failed. First exception on row 0; first error: REQUIRED_FIELD_MISSING, Required fields are missing: [PricebookEntryId, Quantity, UnitPrice, Product2Id]: [PricebookEntryId, Quantity, UnitPrice, Product2Id]

Class.CloneQuote.cloneQuote: line 22, column 1
AnonymousBlock: line 1, column 1
AnonymousBlock: line 1, column 1
13:00:58.55 (55436620)|CUMULATIVE_LIMIT_USAGE
13:00:58.55 (55436620)|LIMIT_USAGE_FOR_NS|(default)|
  Number of SOQL queries: 1 out of 100
  Number of query rows: 3 out of 50000
  Number of SOSL queries: 0 out of 20
  Number of DML statements: 2 out of 150
  Number of DML rows: 2 out of 10000
  Maximum CPU time: 0 out of 10000
  Maximum heap size: 0 out of 6000000
  Number of callouts: 0 out of 100
  Number of Email Invocations: 0 out of 10
  Number of future calls: 0 out of 50
  Number of queueable jobs added to the queue: 0 out of 50
  Number of Mobile Apex push calls: 0 out of 10

13:00:58.55 (55436620)|CUMULATIVE_LIMIT_USAGE_END

13:00:58.1 (55475577)|CODE_UNIT_FINISHED|execute_anonymous_apex
13:00:58.1 (56744768)|EXECUTION_FINISHED
