42.0 APEX_CODE,FINEST;APEX_PROFILING,INFO;CALLOUT,INFO;DB,INFO;SYSTEM,DEBUG;VALIDATION,INFO;VISUALFORCE,INFO;WAVE,INFO;WORKFLOW,INFO
09:32:53.0 (301932)|USER_INFO|[EXTERNAL]|005f4000001uuP2|nmolinam@deloitte.com|Hora de Venezuela|GMT-04:00
09:32:53.0 (340093)|EXECUTION_STARTED
09:32:53.0 (345212)|CODE_UNIT_STARTED|[EXTERNAL]|Aura
09:32:53.0 (1268807)|HEAP_ALLOCATE|[72]|Bytes:3
09:32:53.0 (1312803)|HEAP_ALLOCATE|[77]|Bytes:152
09:32:53.0 (1329125)|HEAP_ALLOCATE|[342]|Bytes:408
09:32:53.0 (1345344)|HEAP_ALLOCATE|[355]|Bytes:408
09:32:53.0 (1356556)|HEAP_ALLOCATE|[467]|Bytes:48
09:32:53.0 (1384782)|HEAP_ALLOCATE|[139]|Bytes:6
09:32:53.0 (1401048)|HEAP_ALLOCATE|[EXTERNAL]|Bytes:18
09:32:53.0 (1415226)|HEAP_ALLOCATE|[EXTERNAL]|Bytes:4
09:32:53.0 (2537924)|CODE_UNIT_STARTED|[EXTERNAL]|01pf4000009Vx35|CloneQuote.getQuote
09:32:53.0 (2659088)|HEAP_ALLOCATE|[EXTERNAL]|Bytes:4
09:32:53.0 (2665800)|HEAP_ALLOCATE|[EXTERNAL]|Bytes:2
09:32:53.0 (2676177)|METHOD_ENTRY|[1]|01pf4000009Vx35|CloneQuote.CloneQuote()
09:32:53.0 (2682323)|STATEMENT_EXECUTE|[1]
09:32:53.0 (2689978)|STATEMENT_EXECUTE|[1]
09:32:53.0 (2723574)|HEAP_ALLOCATE|[50]|Bytes:5
09:32:53.0 (2749873)|HEAP_ALLOCATE|[56]|Bytes:5
09:32:53.0 (2757857)|HEAP_ALLOCATE|[64]|Bytes:7
09:32:53.0 (2781908)|SYSTEM_MODE_ENTER|false
09:32:53.0 (2798697)|HEAP_ALLOCATE|[EXTERNAL]|Bytes:5
09:32:53.0 (2808155)|SYSTEM_MODE_EXIT|false
09:32:53.0 (2817021)|METHOD_EXIT|[1]|CloneQuote
09:32:53.0 (2821930)|HEAP_ALLOCATE|[EXTERNAL]|Bytes:4
09:32:53.0 (2831845)|SYSTEM_MODE_ENTER|false
09:32:53.0 (2838560)|VARIABLE_SCOPE_BEGIN|[34]|recordId|Id|false|false
09:32:53.0 (3147315)|VARIABLE_ASSIGNMENT|[34]|recordId|"0Q0f40000009VVICA2"
09:32:53.0 (3171433)|HEAP_ALLOCATE|[35]|Bytes:5
09:32:53.0 (3177024)|STATEMENT_EXECUTE|[34]
09:32:53.0 (3179044)|STATEMENT_EXECUTE|[35]
09:32:53.0 (3181899)|HEAP_ALLOCATE|[35]|Bytes:82
09:32:53.0 (3206176)|HEAP_ALLOCATE|[35]|Bytes:4
09:32:53.0 (3220803)|HEAP_ALLOCATE|[35]|Bytes:7
09:32:53.0 (3639877)|SOQL_EXECUTE_BEGIN|[35]|Aggregations:0|SELECT Name, AccountId, OpportunityId, Pricebook2Id FROM Quote WHERE Id = :tmpVar1
09:32:53.0 (6485449)|SOQL_EXECUTE_END|[35]|Rows:1
09:32:53.0 (6513276)|HEAP_ALLOCATE|[35]|Bytes:8
09:32:53.0 (6530013)|HEAP_ALLOCATE|[35]|Bytes:148
09:32:53.0 (6627306)|HEAP_ALLOCATE|[35]|Bytes:8
09:32:53.0 (6654875)|HEAP_ALLOCATE|[35]|Bytes:31
09:32:53.0 (6719956)|HEAP_ALLOCATE|[35]|Bytes:24
09:32:53.0 (6733869)|VARIABLE_SCOPE_BEGIN|[35]|q|Quote|true|false
09:32:53.0 (6768868)|VARIABLE_ASSIGNMENT|[35]|q|{"Name":"first quote","AccountId":"001f400000IPlikAAD","OpportunityId":"006f400000AO4MJAA1","Pricebook2Id":"01sf4000003Vb8JAAS","Id":"0Q0f40000009VVICA2"}|0x15093f5d
09:32:53.0 (6780316)|STATEMENT_EXECUTE|[36]
09:32:53.0 (6879261)|USER_DEBUG|[36]|DEBUG|Quote:{Name=first quote, AccountId=001f400000IPlikAAD, OpportunityId=006f400000AO4MJAA1, Pricebook2Id=01sf4000003Vb8JAAS, Id=0Q0f40000009VVICA2}
09:32:53.0 (6897672)|STATEMENT_EXECUTE|[37]
09:32:53.0 (6908148)|SYSTEM_MODE_EXIT|false
09:32:53.6 (6939463)|CUMULATIVE_LIMIT_USAGE
09:32:53.6 (6939463)|LIMIT_USAGE_FOR_NS|(default)|
  Number of SOQL queries: 1 out of 100
  Number of query rows: 1 out of 50000
  Number of SOSL queries: 0 out of 20
  Number of DML statements: 0 out of 150
  Number of DML rows: 0 out of 10000
  Maximum CPU time: 0 out of 10000
  Maximum heap size: 0 out of 6000000
  Number of callouts: 0 out of 100
  Number of Email Invocations: 0 out of 10
  Number of future calls: 0 out of 50
  Number of queueable jobs added to the queue: 0 out of 50
  Number of Mobile Apex push calls: 0 out of 10

09:32:53.6 (6939463)|CUMULATIVE_LIMIT_USAGE_END

09:32:53.0 (6983097)|CODE_UNIT_FINISHED|CloneQuote.getQuote
09:32:53.0 (7067687)|CODE_UNIT_FINISHED|Aura
09:32:53.0 (8331076)|EXECUTION_FINISHED
