42.0 APEX_CODE,FINEST;APEX_PROFILING,INFO;CALLOUT,INFO;DB,INFO;SYSTEM,DEBUG;VALIDATION,INFO;VISUALFORCE,INFO;WAVE,INFO;WORKFLOW,INFO
14:41:12.0 (308241)|USER_INFO|[EXTERNAL]|005f4000001uuP2|nmolinam@deloitte.com|Hora de Venezuela|GMT-04:00
14:41:12.0 (342141)|EXECUTION_STARTED
14:41:12.0 (346633)|CODE_UNIT_STARTED|[EXTERNAL]|Aura
14:41:12.0 (2043866)|CODE_UNIT_STARTED|[EXTERNAL]|01pf4000008WnsX|ViewQuotePDF.getPDF
14:41:12.0 (2256053)|HEAP_ALLOCATE|[72]|Bytes:3
14:41:12.0 (2298149)|HEAP_ALLOCATE|[77]|Bytes:152
14:41:12.0 (2313032)|HEAP_ALLOCATE|[342]|Bytes:408
14:41:12.0 (2326161)|HEAP_ALLOCATE|[355]|Bytes:408
14:41:12.0 (2337156)|HEAP_ALLOCATE|[467]|Bytes:48
14:41:12.0 (2362639)|HEAP_ALLOCATE|[139]|Bytes:6
14:41:12.0 (2424434)|HEAP_ALLOCATE|[EXTERNAL]|Bytes:7
14:41:12.0 (2430955)|HEAP_ALLOCATE|[EXTERNAL]|Bytes:8
14:41:12.0 (2441803)|METHOD_ENTRY|[1]|01pf4000008WnsX|ViewQuotePDF.ViewQuotePDF()
14:41:12.0 (2447870)|STATEMENT_EXECUTE|[1]
14:41:12.0 (2452584)|STATEMENT_EXECUTE|[1]
14:41:12.0 (2482951)|HEAP_ALLOCATE|[50]|Bytes:5
14:41:12.0 (2505104)|HEAP_ALLOCATE|[56]|Bytes:5
14:41:12.0 (2512368)|HEAP_ALLOCATE|[64]|Bytes:7
14:41:12.0 (2535912)|SYSTEM_MODE_ENTER|false
14:41:12.0 (2549009)|HEAP_ALLOCATE|[EXTERNAL]|Bytes:5
14:41:12.0 (2558271)|SYSTEM_MODE_EXIT|false
14:41:12.0 (2566850)|METHOD_EXIT|[1]|ViewQuotePDF
14:41:12.0 (2576117)|SYSTEM_MODE_ENTER|false
14:41:12.0 (2588189)|HEAP_ALLOCATE|[4]|Bytes:5
14:41:12.0 (2593615)|STATEMENT_EXECUTE|[3]
14:41:12.0 (2595839)|STATEMENT_EXECUTE|[4]
14:41:12.0 (2698428)|HEAP_ALLOCATE|[4]|Bytes:4
14:41:12.0 (2770667)|VARIABLE_SCOPE_BEGIN|[4]|quotes|List<Quote>|true|false
14:41:12.0 (2783418)|HEAP_ALLOCATE|[EXTERNAL]|Bytes:4
14:41:12.0 (2805746)|VARIABLE_ASSIGNMENT|[4]|quotes|[]|0x9f87da0
14:41:12.0 (2812167)|STATEMENT_EXECUTE|[5]
14:41:12.0 (2816622)|VARIABLE_SCOPE_BEGIN|[5]|pfdBase64|String|false|false
14:41:12.0 (2827006)|VARIABLE_ASSIGNMENT|[5]|pfdBase64|null
14:41:12.0 (2831443)|STATEMENT_EXECUTE|[6]
14:41:12.0 (2846164)|VARIABLE_SCOPE_BEGIN|[6]|b|Blob|false|false
14:41:12.0 (2854886)|VARIABLE_ASSIGNMENT|[6]|b|null
14:41:12.0 (2861907)|HEAP_ALLOCATE|[8]|Bytes:22
14:41:12.0 (2877237)|HEAP_ALLOCATE|[8]|Bytes:4
14:41:12.0 (3509874)|SOQL_EXECUTE_BEGIN|[8]|Aggregations:0|SELECT Name FROM Quote
14:41:12.0 (5694767)|SOQL_EXECUTE_END|[8]|Rows:32
14:41:12.0 (5716334)|HEAP_ALLOCATE|[EXTERNAL]|Bytes:132
14:41:12.0 (5875569)|HEAP_ALLOCATE|[8]|Bytes:54
14:41:12.0 (5886430)|HEAP_ALLOCATE|[8]|Bytes:8
14:41:12.0 (5897431)|SYSTEM_METHOD_ENTRY|[7]|QueryLocatorIterator.QueryLocatorIterator()
14:41:12.0 (5901851)|STATEMENT_EXECUTE|[7]
14:41:12.0 (5909434)|SYSTEM_METHOD_EXIT|[7]|QueryLocatorIterator
14:41:12.0 (5917103)|HEAP_ALLOCATE|[8]|Bytes:28
14:41:12.0 (5945688)|HEAP_ALLOCATE|[8]|Bytes:132
14:41:12.0 (5959071)|HEAP_ALLOCATE|[8]|Bytes:8
14:41:12.0 (5963015)|HEAP_ALLOCATE|[8]|Bytes:8
14:41:12.0 (5969224)|VARIABLE_SCOPE_BEGIN|[15]|this|Database.QueryLocatorIterator|true|false
14:41:12.0 (6007808)|VARIABLE_ASSIGNMENT|[15]|this|{}|0x6b13bd90
14:41:12.0 (6015419)|VARIABLE_SCOPE_BEGIN|[15]|values|List<SObject>|true|false
14:41:12.0 (6030301)|VARIABLE_ASSIGNMENT|[15]|values|"List of size 32 too large to display"|0x218d9cdb
14:41:12.0 (6036112)|VARIABLE_SCOPE_BEGIN|[15]|ql|Database.QueryLocator|true|false
14:41:12.0 (6058685)|VARIABLE_ASSIGNMENT|[15]|ql|{"query":"SELECT Name FROM Quo (2 more) ..."}|0x72ce0589
14:41:12.0 (6064811)|VARIABLE_SCOPE_BEGIN|[15]|totalNumRecords|Integer|false|false
14:41:12.0 (6073287)|VARIABLE_ASSIGNMENT|[15]|totalNumRecords|32
14:41:12.0 (6077568)|VARIABLE_SCOPE_BEGIN|[15]|queryMoreSize|Integer|false|false
14:41:12.0 (6084178)|VARIABLE_ASSIGNMENT|[15]|queryMoreSize|49968
14:41:12.0 (6173708)|HEAP_ALLOCATE|[8]|Bytes:28
14:41:12.0 (6199391)|METHOD_ENTRY|[8]||Database.QueryLocatorIterator.hasNext()
14:41:12.0 (6244758)|METHOD_EXIT|[8]||Database.QueryLocatorIterator.hasNext()
14:41:12.0 (6252816)|METHOD_ENTRY|[8]||Database.QueryLocatorIterator.next()
14:41:12.0 (6320356)|METHOD_EXIT|[8]||Database.QueryLocatorIterator.next()
14:41:12.0 (6328079)|VARIABLE_SCOPE_BEGIN|[8]|q|Quote|true|false
14:41:12.0 (6344361)|VARIABLE_ASSIGNMENT|[8]|q|{"Name":"QUOTE 2","Id":"0Q0f40000009lJECAY"}|0x621a9a4a
14:41:12.0 (6351159)|STATEMENT_EXECUTE|[8]
14:41:12.0 (6353332)|STATEMENT_EXECUTE|[9]
14:41:12.0 (6382255)|HEAP_ALLOCATE|[EXTERNAL]|Bytes:4
14:41:12.0 (6393329)|METHOD_ENTRY|[8]||Database.QueryLocatorIterator.hasNext()
14:41:12.0 (6409993)|METHOD_EXIT|[8]||Database.QueryLocatorIterator.hasNext()
14:41:12.0 (6414780)|METHOD_ENTRY|[8]||Database.QueryLocatorIterator.next()
14:41:12.0 (6456401)|METHOD_EXIT|[8]||Database.QueryLocatorIterator.next()
14:41:12.0 (6461803)|VARIABLE_SCOPE_BEGIN|[8]|q|Quote|true|false
14:41:12.0 (6474082)|VARIABLE_ASSIGNMENT|[8]|q|{"Name":"first quote","Id":"0Q0f40000009lJYCAY"}|0x2f3cb996
14:41:12.0 (6480358)|STATEMENT_EXECUTE|[8]
14:41:12.0 (6481955)|STATEMENT_EXECUTE|[9]
14:41:12.0 (6487364)|HEAP_ALLOCATE|[EXTERNAL]|Bytes:4
14:41:12.0 (6494375)|METHOD_ENTRY|[8]||Database.QueryLocatorIterator.hasNext()
14:41:12.0 (6509081)|METHOD_EXIT|[8]||Database.QueryLocatorIterator.hasNext()
14:41:12.0 (6513606)|METHOD_ENTRY|[8]||Database.QueryLocatorIterator.next()
14:41:12.0 (6549943)|METHOD_EXIT|[8]||Database.QueryLocatorIterator.next()
14:41:12.0 (6554885)|VARIABLE_SCOPE_BEGIN|[8]|q|Quote|true|false
14:41:12.0 (6570605)|VARIABLE_ASSIGNMENT|[8]|q|{"Name":"first quote","Id":"0Q0f40000009lJJCAY"}|0x2ddc13b5
14:41:12.0 (6575782)|STATEMENT_EXECUTE|[8]
14:41:12.0 (6577338)|STATEMENT_EXECUTE|[9]
14:41:12.0 (6582504)|HEAP_ALLOCATE|[EXTERNAL]|Bytes:4
14:41:12.0 (6589114)|METHOD_ENTRY|[8]||Database.QueryLocatorIterator.hasNext()
14:41:12.0 (6603505)|METHOD_EXIT|[8]||Database.QueryLocatorIterator.hasNext()
14:41:12.0 (6607887)|METHOD_ENTRY|[8]||Database.QueryLocatorIterator.next()
14:41:12.0 (6642781)|METHOD_EXIT|[8]||Database.QueryLocatorIterator.next()
14:41:12.0 (6647831)|VARIABLE_SCOPE_BEGIN|[8]|q|Quote|true|false
14:41:12.0 (6657770)|VARIABLE_ASSIGNMENT|[8]|q|{"Name":"first quote","Id":"0Q0f40000009lJOCAY"}|0x23923409
14:41:12.0 (6662900)|STATEMENT_EXECUTE|[8]
14:41:12.0 (6664551)|STATEMENT_EXECUTE|[9]
14:41:12.0 (6669509)|HEAP_ALLOCATE|[EXTERNAL]|Bytes:4
14:41:12.0 (6676072)|METHOD_ENTRY|[8]||Database.QueryLocatorIterator.hasNext()
14:41:12.0 (6690445)|METHOD_EXIT|[8]||Database.QueryLocatorIterator.hasNext()
14:41:12.0 (6695512)|METHOD_ENTRY|[8]||Database.QueryLocatorIterator.next()
14:41:12.0 (6729458)|METHOD_EXIT|[8]||Database.QueryLocatorIterator.next()
14:41:12.0 (6735195)|VARIABLE_SCOPE_BEGIN|[8]|q|Quote|true|false
14:41:12.0 (6754100)|VARIABLE_ASSIGNMENT|[8]|q|{"Name":"first quote","Id":"0Q0f40000009lelCAA"}|0x15ec32fb
14:41:12.0 (6762588)|STATEMENT_EXECUTE|[8]
14:41:12.0 (6764739)|STATEMENT_EXECUTE|[9]
14:41:12.0 (6772834)|HEAP_ALLOCATE|[EXTERNAL]|Bytes:4
14:41:12.0 (6783557)|METHOD_ENTRY|[8]||Database.QueryLocatorIterator.hasNext()
14:41:12.0 (6799629)|METHOD_EXIT|[8]||Database.QueryLocatorIterator.hasNext()
14:41:12.0 (6803992)|METHOD_ENTRY|[8]||Database.QueryLocatorIterator.next()
14:41:12.0 (6840933)|METHOD_EXIT|[8]||Database.QueryLocatorIterator.next()
14:41:12.0 (6846055)|VARIABLE_SCOPE_BEGIN|[8]|q|Quote|true|false
14:41:12.0 (6879122)|VARIABLE_ASSIGNMENT|[8]|q|{"Name":"first quote","Id":"0Q0f40000009lemCAA"}|0x5fd6d9d9
14:41:12.0 (6887883)|STATEMENT_EXECUTE|[8]
14:41:12.0 (6889998)|STATEMENT_EXECUTE|[9]
14:41:12.0 (6896780)|HEAP_ALLOCATE|[EXTERNAL]|Bytes:4
14:41:12.0 (6905077)|METHOD_ENTRY|[8]||Database.QueryLocatorIterator.hasNext()
14:41:12.0 (6920479)|METHOD_EXIT|[8]||Database.QueryLocatorIterator.hasNext()
14:41:12.0 (6924876)|METHOD_ENTRY|[8]||Database.QueryLocatorIterator.next()
14:41:12.0 (6974045)|METHOD_EXIT|[8]||Database.QueryLocatorIterator.next()
14:41:12.0 (6980241)|VARIABLE_SCOPE_BEGIN|[8]|q|Quote|true|false
14:41:12.0 (6991803)|VARIABLE_ASSIGNMENT|[8]|q|{"Name":"first quote","Id":"0Q0f40000009VVICA2"}|0x125a282d
14:41:12.0 (6996730)|STATEMENT_EXECUTE|[8]
14:41:12.0 (6998498)|STATEMENT_EXECUTE|[9]
14:41:12.0 (7003634)|HEAP_ALLOCATE|[EXTERNAL]|Bytes:4
14:41:12.0 (7011274)|METHOD_ENTRY|[8]||Database.QueryLocatorIterator.hasNext()
14:41:12.0 (7025802)|METHOD_EXIT|[8]||Database.QueryLocatorIterator.hasNext()
14:41:12.0 (7030222)|METHOD_ENTRY|[8]||Database.QueryLocatorIterator.next()
14:41:12.0 (7091204)|METHOD_EXIT|[8]||Database.QueryLocatorIterator.next()
14:41:12.0 (7097518)|VARIABLE_SCOPE_BEGIN|[8]|q|Quote|true|false
14:41:12.0 (7112213)|VARIABLE_ASSIGNMENT|[8]|q|{"Name":"QUOTE 2","Id":"0Q0f40000009e7gCAA"}|0x20da7413
14:41:12.0 (7117442)|STATEMENT_EXECUTE|[8]
14:41:12.0 (7118924)|STATEMENT_EXECUTE|[9]
14:41:12.0 (7124038)|HEAP_ALLOCATE|[EXTERNAL]|Bytes:4
14:41:12.0 (7131303)|METHOD_ENTRY|[8]||Database.QueryLocatorIterator.hasNext()
14:41:12.0 (7145823)|METHOD_EXIT|[8]||Database.QueryLocatorIterator.hasNext()
14:41:12.0 (7150485)|METHOD_ENTRY|[8]||Database.QueryLocatorIterator.next()
14:41:12.0 (7185114)|METHOD_EXIT|[8]||Database.QueryLocatorIterator.next()
14:41:12.0 (7194751)|VARIABLE_SCOPE_BEGIN|[8]|q|Quote|true|false
14:41:12.0 (7204485)|VARIABLE_ASSIGNMENT|[8]|q|{"Name":"QUOTE 2","Id":"0Q0f40000009kLKCAY"}|0x5455e119
14:41:12.0 (7209152)|STATEMENT_EXECUTE|[8]
14:41:12.0 (7210646)|STATEMENT_EXECUTE|[9]
14:41:12.0 (7215630)|HEAP_ALLOCATE|[EXTERNAL]|Bytes:4
14:41:12.0 (7222260)|METHOD_ENTRY|[8]||Database.QueryLocatorIterator.hasNext()
14:41:12.0 (7236158)|METHOD_EXIT|[8]||Database.QueryLocatorIterator.hasNext()
14:41:12.0 (7240350)|METHOD_ENTRY|[8]||Database.QueryLocatorIterator.next()
14:41:12.0 (7277166)|METHOD_EXIT|[8]||Database.QueryLocatorIterator.next()
14:41:12.0 (7282226)|VARIABLE_SCOPE_BEGIN|[8]|q|Quote|true|false
14:41:12.0 (7291960)|VARIABLE_ASSIGNMENT|[8]|q|{"Name":"QUOTE 2","Id":"0Q0f40000009kLLCAY"}|0x3da4f25b
14:41:12.0 (7296497)|STATEMENT_EXECUTE|[8]
14:41:12.0 (7297996)|STATEMENT_EXECUTE|[9]
14:41:12.0 (7302803)|HEAP_ALLOCATE|[EXTERNAL]|Bytes:4
14:41:12.0 (7310065)|METHOD_ENTRY|[8]||Database.QueryLocatorIterator.hasNext()
14:41:12.0 (7323581)|METHOD_EXIT|[8]||Database.QueryLocatorIterator.hasNext()
14:41:12.0 (7327795)|METHOD_ENTRY|[8]||Database.QueryLocatorIterator.next()
14:41:12.0 (7361658)|METHOD_EXIT|[8]||Database.QueryLocatorIterator.next()
14:41:12.0 (7366426)|VARIABLE_SCOPE_BEGIN|[8]|q|Quote|true|false
14:41:12.0 (7375846)|VARIABLE_ASSIGNMENT|[8]|q|{"Name":"QUOTE 2","Id":"0Q0f40000009kLeCAI"}|0x7efcae82
14:41:12.0 (7380656)|STATEMENT_EXECUTE|[8]
14:41:12.0 (7382090)|STATEMENT_EXECUTE|[9]
14:41:12.0 (7386759)|HEAP_ALLOCATE|[EXTERNAL]|Bytes:4
14:41:12.0 (7393362)|METHOD_ENTRY|[8]||Database.QueryLocatorIterator.hasNext()
14:41:12.0 (7407235)|METHOD_EXIT|[8]||Database.QueryLocatorIterator.hasNext()
14:41:12.0 (7411258)|METHOD_ENTRY|[8]||Database.QueryLocatorIterator.next()
14:41:12.0 (7444474)|METHOD_EXIT|[8]||Database.QueryLocatorIterator.next()
14:41:12.0 (7449267)|VARIABLE_SCOPE_BEGIN|[8]|q|Quote|true|false
14:41:12.0 (7458637)|VARIABLE_ASSIGNMENT|[8]|q|{"Name":"QUOTE 2","Id":"0Q0f40000009kLfCAI"}|0xd7537a2
14:41:12.0 (7463563)|STATEMENT_EXECUTE|[8]
14:41:12.0 (7465009)|STATEMENT_EXECUTE|[9]
14:41:12.0 (7469522)|HEAP_ALLOCATE|[EXTERNAL]|Bytes:4
14:41:12.0 (7476028)|METHOD_ENTRY|[8]||Database.QueryLocatorIterator.hasNext()
14:41:12.0 (7489347)|METHOD_EXIT|[8]||Database.QueryLocatorIterator.hasNext()
14:41:12.0 (7493695)|METHOD_ENTRY|[8]||Database.QueryLocatorIterator.next()
14:41:12.0 (7527256)|METHOD_EXIT|[8]||Database.QueryLocatorIterator.next()
14:41:12.0 (7531905)|VARIABLE_SCOPE_BEGIN|[8]|q|Quote|true|false
14:41:12.0 (7541058)|VARIABLE_ASSIGNMENT|[8]|q|{"Name":"QUOTE 2","Id":"0Q0f40000009kMDCAY"}|0x7653523c
14:41:12.0 (7545773)|STATEMENT_EXECUTE|[8]
14:41:12.0 (7547221)|STATEMENT_EXECUTE|[9]
14:41:12.0 (7551823)|HEAP_ALLOCATE|[EXTERNAL]|Bytes:4
14:41:12.0 (7558572)|METHOD_ENTRY|[8]||Database.QueryLocatorIterator.hasNext()
14:41:12.0 (7572067)|METHOD_EXIT|[8]||Database.QueryLocatorIterator.hasNext()
14:41:12.0 (7576303)|METHOD_ENTRY|[8]||Database.QueryLocatorIterator.next()
14:41:12.0 (7609530)|METHOD_EXIT|[8]||Database.QueryLocatorIterator.next()
14:41:12.0 (7614088)|VARIABLE_SCOPE_BEGIN|[8]|q|Quote|true|false
14:41:12.0 (7623541)|VARIABLE_ASSIGNMENT|[8]|q|{"Name":"QUOTE 2","Id":"0Q0f40000009kLtCAI"}|0x6c7f5087
14:41:12.0 (7628740)|STATEMENT_EXECUTE|[8]
14:41:12.0 (7630210)|STATEMENT_EXECUTE|[9]
14:41:12.0 (7634704)|HEAP_ALLOCATE|[EXTERNAL]|Bytes:4
14:41:12.0 (7641185)|METHOD_ENTRY|[8]||Database.QueryLocatorIterator.hasNext()
14:41:12.0 (7654402)|METHOD_EXIT|[8]||Database.QueryLocatorIterator.hasNext()
14:41:12.0 (7659416)|METHOD_ENTRY|[8]||Database.QueryLocatorIterator.next()
14:41:12.0 (7692841)|METHOD_EXIT|[8]||Database.QueryLocatorIterator.next()
14:41:12.0 (7698012)|VARIABLE_SCOPE_BEGIN|[8]|q|Quote|true|false
14:41:12.0 (7707734)|VARIABLE_ASSIGNMENT|[8]|q|{"Name":"QUOTE 2","Id":"0Q0f40000009kLuCAI"}|0x776c7b34
14:41:12.0 (7712999)|STATEMENT_EXECUTE|[8]
14:41:12.0 (7714446)|STATEMENT_EXECUTE|[9]
14:41:12.0 (7719091)|HEAP_ALLOCATE|[EXTERNAL]|Bytes:4
14:41:12.0 (7725597)|METHOD_ENTRY|[8]||Database.QueryLocatorIterator.hasNext()
14:41:12.0 (7738914)|METHOD_EXIT|[8]||Database.QueryLocatorIterator.hasNext()
14:41:12.0 (7743408)|METHOD_ENTRY|[8]||Database.QueryLocatorIterator.next()
14:41:12.0 (7776725)|METHOD_EXIT|[8]||Database.QueryLocatorIterator.next()
14:41:12.0 (7781553)|VARIABLE_SCOPE_BEGIN|[8]|q|Quote|true|false
14:41:12.0 (7791154)|VARIABLE_ASSIGNMENT|[8]|q|{"Name":"QUOTE 2","Id":"0Q0f40000009kLACAY"}|0x53809a5c
14:41:12.0 (7796076)|STATEMENT_EXECUTE|[8]
14:41:12.0 (7797724)|STATEMENT_EXECUTE|[9]
14:41:12.0 (7802214)|HEAP_ALLOCATE|[EXTERNAL]|Bytes:4
14:41:12.0 (7809120)|METHOD_ENTRY|[8]||Database.QueryLocatorIterator.hasNext()
14:41:12.0 (7822297)|METHOD_EXIT|[8]||Database.QueryLocatorIterator.hasNext()
14:41:12.0 (7826671)|METHOD_ENTRY|[8]||Database.QueryLocatorIterator.next()
14:41:12.0 (7860064)|METHOD_EXIT|[8]||Database.QueryLocatorIterator.next()
14:41:12.0 (7864760)|VARIABLE_SCOPE_BEGIN|[8]|q|Quote|true|false
14:41:12.0 (7874655)|VARIABLE_ASSIGNMENT|[8]|q|{"Name":"QUOTE 2","Id":"0Q0f40000009kM3CAI"}|0x3f2ee0a2
14:41:12.0 (7879447)|STATEMENT_EXECUTE|[8]
14:41:12.0 (7881095)|STATEMENT_EXECUTE|[9]
14:41:12.0 (7885948)|HEAP_ALLOCATE|[EXTERNAL]|Bytes:4
14:41:12.0 (7892130)|METHOD_ENTRY|[8]||Database.QueryLocatorIterator.hasNext()
14:41:12.0 (7905788)|METHOD_EXIT|[8]||Database.QueryLocatorIterator.hasNext()
14:41:12.0 (7909710)|METHOD_ENTRY|[8]||Database.QueryLocatorIterator.next()
14:41:12.0 (7944237)|METHOD_EXIT|[8]||Database.QueryLocatorIterator.next()
14:41:12.0 (7949143)|VARIABLE_SCOPE_BEGIN|[8]|q|Quote|true|false
14:41:12.0 (7958658)|VARIABLE_ASSIGNMENT|[8]|q|{"Name":"QUOTE 2","Id":"0Q0f40000009kMNCAY"}|0x29c374a8
14:41:12.0 (7963573)|STATEMENT_EXECUTE|[8]
14:41:12.0 (7965022)|STATEMENT_EXECUTE|[9]
14:41:12.0 (7969585)|HEAP_ALLOCATE|[EXTERNAL]|Bytes:4
14:41:12.0 (7976075)|METHOD_ENTRY|[8]||Database.QueryLocatorIterator.hasNext()
14:41:12.0 (7989573)|METHOD_EXIT|[8]||Database.QueryLocatorIterator.hasNext()
14:41:12.0 (7994576)|METHOD_ENTRY|[8]||Database.QueryLocatorIterator.next()
14:41:12.0 (8027643)|METHOD_EXIT|[8]||Database.QueryLocatorIterator.next()
14:41:12.0 (8033925)|VARIABLE_SCOPE_BEGIN|[8]|q|Quote|true|false
14:41:12.0 (8043440)|VARIABLE_ASSIGNMENT|[8]|q|{"Name":"QUOTE 2","Id":"0Q0f40000009kMICAY"}|0x3d621f7f
14:41:12.0 (8048560)|STATEMENT_EXECUTE|[8]
14:41:12.0 (8050011)|STATEMENT_EXECUTE|[9]
14:41:12.0 (8054625)|HEAP_ALLOCATE|[EXTERNAL]|Bytes:4
14:41:12.0 (8060983)|METHOD_ENTRY|[8]||Database.QueryLocatorIterator.hasNext()
14:41:12.0 (8074578)|METHOD_EXIT|[8]||Database.QueryLocatorIterator.hasNext()
14:41:12.0 (8078892)|METHOD_ENTRY|[8]||Database.QueryLocatorIterator.next()
14:41:12.0 (8112622)|METHOD_EXIT|[8]||Database.QueryLocatorIterator.next()
14:41:12.0 (8117458)|VARIABLE_SCOPE_BEGIN|[8]|q|Quote|true|false
14:41:12.0 (8126797)|VARIABLE_ASSIGNMENT|[8]|q|{"Name":"QUOTE 2","Id":"0Q0f40000009kMJCAY"}|0x6a6730f5
14:41:12.0 (8131472)|STATEMENT_EXECUTE|[8]
14:41:12.0 (8132934)|STATEMENT_EXECUTE|[9]
14:41:12.0 (8137532)|HEAP_ALLOCATE|[EXTERNAL]|Bytes:4
14:41:12.0 (8144190)|METHOD_ENTRY|[8]||Database.QueryLocatorIterator.hasNext()
14:41:12.0 (8157943)|METHOD_EXIT|[8]||Database.QueryLocatorIterator.hasNext()
14:41:12.0 (8162204)|METHOD_ENTRY|[8]||Database.QueryLocatorIterator.next()
14:41:12.0 (8199626)|METHOD_EXIT|[8]||Database.QueryLocatorIterator.next()
14:41:12.0 (8204970)|VARIABLE_SCOPE_BEGIN|[8]|q|Quote|true|false
14:41:12.0 (8214620)|VARIABLE_ASSIGNMENT|[8]|q|{"Name":"QUOTE 2","Id":"0Q0f40000009kKvCAI"}|0x2204e6eb
14:41:12.0 (8220364)|STATEMENT_EXECUTE|[8]
14:41:12.0 (8221820)|STATEMENT_EXECUTE|[9]
14:41:12.0 (8226511)|HEAP_ALLOCATE|[EXTERNAL]|Bytes:4
14:41:12.0 (8233112)|METHOD_ENTRY|[8]||Database.QueryLocatorIterator.hasNext()
14:41:12.0 (8246699)|METHOD_EXIT|[8]||Database.QueryLocatorIterator.hasNext()
14:41:12.0 (8250518)|METHOD_ENTRY|[8]||Database.QueryLocatorIterator.next()
14:41:12.0 (8287203)|METHOD_EXIT|[8]||Database.QueryLocatorIterator.next()
14:41:12.0 (8292271)|VARIABLE_SCOPE_BEGIN|[8]|q|Quote|true|false
14:41:12.0 (8302000)|VARIABLE_ASSIGNMENT|[8]|q|{"Name":"QUOTE 2","Id":"0Q0f40000009kKqCAI"}|0x1050b037
14:41:12.0 (8307228)|STATEMENT_EXECUTE|[8]
14:41:12.0 (8308685)|STATEMENT_EXECUTE|[9]
14:41:12.0 (8313342)|HEAP_ALLOCATE|[EXTERNAL]|Bytes:4
14:41:12.0 (8319709)|METHOD_ENTRY|[8]||Database.QueryLocatorIterator.hasNext()
14:41:12.0 (8333352)|METHOD_EXIT|[8]||Database.QueryLocatorIterator.hasNext()
14:41:12.0 (8337677)|METHOD_ENTRY|[8]||Database.QueryLocatorIterator.next()
14:41:12.0 (8371312)|METHOD_EXIT|[8]||Database.QueryLocatorIterator.next()
14:41:12.0 (8376136)|VARIABLE_SCOPE_BEGIN|[8]|q|Quote|true|false
14:41:12.0 (8398864)|VARIABLE_ASSIGNMENT|[8]|q|{"Name":"QUOTE 2","Id":"0Q0f40000009kKWCAY"}|0x3de4cca5
14:41:12.0 (8407706)|STATEMENT_EXECUTE|[8]
14:41:12.0 (8409943)|STATEMENT_EXECUTE|[9]
14:41:12.0 (8420417)|HEAP_ALLOCATE|[EXTERNAL]|Bytes:4
14:41:12.0 (8432277)|METHOD_ENTRY|[8]||Database.QueryLocatorIterator.hasNext()
14:41:12.0 (8455715)|METHOD_EXIT|[8]||Database.QueryLocatorIterator.hasNext()
14:41:12.0 (8463558)|METHOD_ENTRY|[8]||Database.QueryLocatorIterator.next()
14:41:12.0 (8517853)|METHOD_EXIT|[8]||Database.QueryLocatorIterator.next()
14:41:12.0 (8523959)|VARIABLE_SCOPE_BEGIN|[8]|q|Quote|true|false
14:41:12.0 (8535250)|VARIABLE_ASSIGNMENT|[8]|q|{"Name":"QUOTE 2","Id":"0Q0f40000009kL0CAI"}|0x6e57b374
14:41:12.0 (8540252)|STATEMENT_EXECUTE|[8]
14:41:12.0 (8541745)|STATEMENT_EXECUTE|[9]
14:41:12.0 (8546924)|HEAP_ALLOCATE|[EXTERNAL]|Bytes:4
14:41:12.0 (8553782)|METHOD_ENTRY|[8]||Database.QueryLocatorIterator.hasNext()
14:41:12.0 (8567992)|METHOD_EXIT|[8]||Database.QueryLocatorIterator.hasNext()
14:41:12.0 (8573103)|METHOD_ENTRY|[8]||Database.QueryLocatorIterator.next()
14:41:12.0 (8607890)|METHOD_EXIT|[8]||Database.QueryLocatorIterator.next()
14:41:12.0 (8612888)|VARIABLE_SCOPE_BEGIN|[8]|q|Quote|true|false
14:41:12.0 (8623309)|VARIABLE_ASSIGNMENT|[8]|q|{"Name":"QUOTE 2","Id":"0Q0f40000009kLyCAI"}|0x6b6133eb
14:41:12.0 (8628659)|STATEMENT_EXECUTE|[8]
14:41:12.0 (8630171)|STATEMENT_EXECUTE|[9]
14:41:12.0 (8634804)|HEAP_ALLOCATE|[EXTERNAL]|Bytes:4
14:41:12.0 (8641355)|METHOD_ENTRY|[8]||Database.QueryLocatorIterator.hasNext()
14:41:12.0 (8654703)|METHOD_EXIT|[8]||Database.QueryLocatorIterator.hasNext()
14:41:12.0 (8659252)|METHOD_ENTRY|[8]||Database.QueryLocatorIterator.next()
14:41:12.0 (8693731)|METHOD_EXIT|[8]||Database.QueryLocatorIterator.next()
14:41:12.0 (8698538)|VARIABLE_SCOPE_BEGIN|[8]|q|Quote|true|false
14:41:12.0 (8708707)|VARIABLE_ASSIGNMENT|[8]|q|{"Name":"QUOTE 2","Id":"0Q0f40000009kM8CAI"}|0x7e25e7b8
14:41:12.0 (8714078)|STATEMENT_EXECUTE|[8]
14:41:12.0 (8715561)|STATEMENT_EXECUTE|[9]
14:41:12.0 (8720276)|HEAP_ALLOCATE|[EXTERNAL]|Bytes:4
14:41:12.0 (8726803)|METHOD_ENTRY|[8]||Database.QueryLocatorIterator.hasNext()
14:41:12.0 (8740291)|METHOD_EXIT|[8]||Database.QueryLocatorIterator.hasNext()
14:41:12.0 (8744790)|METHOD_ENTRY|[8]||Database.QueryLocatorIterator.next()
14:41:12.0 (8778794)|METHOD_EXIT|[8]||Database.QueryLocatorIterator.next()
14:41:12.0 (8783805)|VARIABLE_SCOPE_BEGIN|[8]|q|Quote|true|false
14:41:12.0 (8793383)|VARIABLE_ASSIGNMENT|[8]|q|{"Name":"QUOTE 2","Id":"0Q0f40000009kLZCAY"}|0x65bf9d3d
14:41:12.0 (8798514)|STATEMENT_EXECUTE|[8]
14:41:12.0 (8813494)|STATEMENT_EXECUTE|[9]
14:41:12.0 (8819213)|HEAP_ALLOCATE|[EXTERNAL]|Bytes:4
14:41:12.0 (8826372)|METHOD_ENTRY|[8]||Database.QueryLocatorIterator.hasNext()
14:41:12.0 (8840820)|METHOD_EXIT|[8]||Database.QueryLocatorIterator.hasNext()
14:41:12.0 (8845315)|METHOD_ENTRY|[8]||Database.QueryLocatorIterator.next()
14:41:12.0 (8880155)|METHOD_EXIT|[8]||Database.QueryLocatorIterator.next()
14:41:12.0 (8885515)|VARIABLE_SCOPE_BEGIN|[8]|q|Quote|true|false
14:41:12.0 (8895648)|VARIABLE_ASSIGNMENT|[8]|q|{"Name":"QUOTE 2","Id":"0Q0f40000009kLaCAI"}|0x36a05eed
14:41:12.0 (8900555)|STATEMENT_EXECUTE|[8]
14:41:12.0 (8902013)|STATEMENT_EXECUTE|[9]
14:41:12.0 (8906648)|HEAP_ALLOCATE|[EXTERNAL]|Bytes:4
14:41:12.0 (8913131)|METHOD_ENTRY|[8]||Database.QueryLocatorIterator.hasNext()
14:41:12.0 (8926524)|METHOD_EXIT|[8]||Database.QueryLocatorIterator.hasNext()
14:41:12.0 (8931610)|METHOD_ENTRY|[8]||Database.QueryLocatorIterator.next()
14:41:12.0 (8965322)|METHOD_EXIT|[8]||Database.QueryLocatorIterator.next()
14:41:12.0 (8970194)|VARIABLE_SCOPE_BEGIN|[8]|q|Quote|true|false
14:41:12.0 (8979706)|VARIABLE_ASSIGNMENT|[8]|q|{"Name":"QUOTE 2","Id":"0Q0f40000009kLUCAY"}|0x543ccdb9
14:41:12.0 (8984828)|STATEMENT_EXECUTE|[8]
14:41:12.0 (8986297)|STATEMENT_EXECUTE|[9]
14:41:12.0 (8990977)|HEAP_ALLOCATE|[EXTERNAL]|Bytes:4
14:41:12.0 (8997436)|METHOD_ENTRY|[8]||Database.QueryLocatorIterator.hasNext()
14:41:12.0 (9011302)|METHOD_EXIT|[8]||Database.QueryLocatorIterator.hasNext()
14:41:12.0 (9016328)|METHOD_ENTRY|[8]||Database.QueryLocatorIterator.next()
14:41:12.0 (9050268)|METHOD_EXIT|[8]||Database.QueryLocatorIterator.next()
14:41:12.0 (9054826)|VARIABLE_SCOPE_BEGIN|[8]|q|Quote|true|false
14:41:12.0 (9064427)|VARIABLE_ASSIGNMENT|[8]|q|{"Name":"QUOTE 2","Id":"0Q0f40000009kLFCAY"}|0x5f5f8a1
14:41:12.0 (9069293)|STATEMENT_EXECUTE|[8]
14:41:12.0 (9070826)|STATEMENT_EXECUTE|[9]
14:41:12.0 (9075362)|HEAP_ALLOCATE|[EXTERNAL]|Bytes:4
14:41:12.0 (9082404)|METHOD_ENTRY|[8]||Database.QueryLocatorIterator.hasNext()
14:41:12.0 (9095935)|METHOD_EXIT|[8]||Database.QueryLocatorIterator.hasNext()
14:41:12.0 (9100280)|METHOD_ENTRY|[8]||Database.QueryLocatorIterator.next()
14:41:12.0 (9133908)|METHOD_EXIT|[8]||Database.QueryLocatorIterator.next()
14:41:12.0 (9138671)|VARIABLE_SCOPE_BEGIN|[8]|q|Quote|true|false
14:41:12.0 (9163188)|VARIABLE_ASSIGNMENT|[8]|q|{"Name":"QUOTE 2","Id":"0Q0f40000009kLoCAI"}|0x1cbacb57
14:41:12.0 (9171562)|STATEMENT_EXECUTE|[8]
14:41:12.0 (9173861)|STATEMENT_EXECUTE|[9]
14:41:12.0 (9181580)|HEAP_ALLOCATE|[EXTERNAL]|Bytes:4
14:41:12.0 (9197876)|METHOD_ENTRY|[8]||Database.QueryLocatorIterator.hasNext()
14:41:12.0 (9224297)|METHOD_EXIT|[8]||Database.QueryLocatorIterator.hasNext()
14:41:12.0 (9232111)|METHOD_ENTRY|[8]||Database.QueryLocatorIterator.next()
14:41:12.0 (9327574)|METHOD_EXIT|[8]||Database.QueryLocatorIterator.next()
14:41:12.0 (9338640)|VARIABLE_SCOPE_BEGIN|[8]|q|Quote|true|false
14:41:12.0 (9356843)|VARIABLE_ASSIGNMENT|[8]|q|{"Name":"QUOTE 2","Id":"0Q0f40000009kMSCAY"}|0x28d9b91b
14:41:12.0 (9364849)|STATEMENT_EXECUTE|[8]
14:41:12.0 (9367011)|STATEMENT_EXECUTE|[9]
14:41:12.0 (9375188)|HEAP_ALLOCATE|[EXTERNAL]|Bytes:4
14:41:12.0 (9386430)|METHOD_ENTRY|[8]||Database.QueryLocatorIterator.hasNext()
14:41:12.0 (9404946)|METHOD_EXIT|[8]||Database.QueryLocatorIterator.hasNext()
14:41:12.0 (9414860)|VARIABLE_ASSIGNMENT|[8]|q|null|
14:41:12.0 (9467866)|STATEMENT_EXECUTE|[14]
14:41:12.0 (9624997)|HEAP_ALLOCATE|[15]|Bytes:5
14:41:12.0 (9647970)|HEAP_ALLOCATE|[15]|Bytes:12
14:41:12.0 (9658678)|VARIABLE_SCOPE_BEGIN|[15]|q|Quote|true|false
14:41:12.0 (9678571)|VARIABLE_ASSIGNMENT|[15]|q|{"Name":"QUOTE 2","Id":"0Q0f40000009lJECAY"}|0x621a9a4a
14:41:12.0 (9688132)|STATEMENT_EXECUTE|[15]
14:41:12.0 (9691180)|STATEMENT_EXECUTE|[16]
14:41:12.0 (9695702)|HEAP_ALLOCATE|[16]|Bytes:20
14:41:12.0 (9764396)|HEAP_ALLOCATE|[16]|Bytes:27
14:41:12.0 (9803549)|USER_DEBUG|[16]|DEBUG|nombre de la quote: QUOTE 2
14:41:12.0 (9816932)|STATEMENT_EXECUTE|[17]
14:41:12.0 (9828304)|METHOD_ENTRY|[17]|01pf4000008WnsX|ViewQuotePDF.StringPDF(Quote)
14:41:12.0 (9844140)|VARIABLE_SCOPE_BEGIN|[35]|quote|Quote|true|false
14:41:12.0 (9862989)|VARIABLE_ASSIGNMENT|[35]|quote|{"Name":"QUOTE 2","Id":"0Q0f40000009lJECAY"}|0x621a9a4a
14:41:12.0 (9886457)|HEAP_ALLOCATE|[37]|Bytes:5
14:41:12.0 (9893714)|STATEMENT_EXECUTE|[35]
14:41:12.0 (9896089)|STATEMENT_EXECUTE|[36]
14:41:12.0 (9899953)|HEAP_ALLOCATE|[37]|Bytes:5
14:41:12.0 (9911819)|HEAP_ALLOCATE|[37]|Bytes:6
14:41:12.0 (9923470)|HEAP_ALLOCATE|[37]|Bytes:18
14:41:12.0 (9935103)|METHOD_EXIT|[17]|01pf4000008WnsX|ViewQuotePDF.StringPDF(Quote)
14:41:12.0 (14346482)|HEAP_ALLOCATE|[17]|Bytes:4
14:41:12.0 (14384264)|VARIABLE_ASSIGNMENT|[17]|b|BLOB(882 bytes)
14:41:12.0 (14403033)|HEAP_ALLOCATE|[15]|Bytes:5
14:41:12.0 (14416456)|HEAP_ALLOCATE|[15]|Bytes:12
14:41:12.0 (14424249)|VARIABLE_SCOPE_BEGIN|[15]|q|Quote|true|false
14:41:12.0 (14439474)|VARIABLE_ASSIGNMENT|[15]|q|{"Name":"first quote","Id":"0Q0f40000009lJYCAY"}|0x2f3cb996
14:41:12.0 (14446402)|STATEMENT_EXECUTE|[15]
14:41:12.0 (14448409)|STATEMENT_EXECUTE|[16]
14:41:12.0 (14460628)|HEAP_ALLOCATE|[16]|Bytes:31
14:41:12.0 (14472306)|USER_DEBUG|[16]|DEBUG|nombre de la quote: first quote
14:41:12.0 (14480178)|STATEMENT_EXECUTE|[17]
14:41:12.0 (14485530)|METHOD_ENTRY|[17]|01pf4000008WnsX|ViewQuotePDF.StringPDF(Quote)
14:41:12.0 (14491901)|VARIABLE_SCOPE_BEGIN|[35]|quote|Quote|true|false
14:41:12.0 (14502554)|VARIABLE_ASSIGNMENT|[35]|quote|{"Name":"first quote","Id":"0Q0f40000009lJYCAY"}|0x2f3cb996
14:41:12.0 (14518029)|HEAP_ALLOCATE|[37]|Bytes:5
14:41:12.0 (14522615)|STATEMENT_EXECUTE|[35]
14:41:12.0 (14524201)|STATEMENT_EXECUTE|[36]
14:41:12.0 (14532471)|HEAP_ALLOCATE|[37]|Bytes:22
14:41:12.0 (14540910)|METHOD_EXIT|[17]|01pf4000008WnsX|ViewQuotePDF.StringPDF(Quote)
14:41:12.0 (14826511)|HEAP_ALLOCATE|[17]|Bytes:4
14:41:12.0 (14851726)|VARIABLE_ASSIGNMENT|[17]|b|BLOB(886 bytes)
14:41:12.0 (14867398)|HEAP_ALLOCATE|[15]|Bytes:5
14:41:12.0 (14880094)|HEAP_ALLOCATE|[15]|Bytes:12
14:41:12.0 (14887293)|VARIABLE_SCOPE_BEGIN|[15]|q|Quote|true|false
14:41:12.0 (14901419)|VARIABLE_ASSIGNMENT|[15]|q|{"Name":"first quote","Id":"0Q0f40000009lJJCAY"}|0x2ddc13b5
14:41:12.0 (14907898)|STATEMENT_EXECUTE|[15]
14:41:12.0 (14909683)|STATEMENT_EXECUTE|[16]
14:41:12.0 (14920123)|HEAP_ALLOCATE|[16]|Bytes:31
14:41:12.0 (14929960)|USER_DEBUG|[16]|DEBUG|nombre de la quote: first quote
14:41:12.0 (14937886)|STATEMENT_EXECUTE|[17]
14:41:12.0 (14942706)|METHOD_ENTRY|[17]|01pf4000008WnsX|ViewQuotePDF.StringPDF(Quote)
14:41:12.0 (14948311)|VARIABLE_SCOPE_BEGIN|[35]|quote|Quote|true|false
14:41:12.0 (14959141)|VARIABLE_ASSIGNMENT|[35]|quote|{"Name":"first quote","Id":"0Q0f40000009lJJCAY"}|0x2ddc13b5
14:41:12.0 (14973153)|HEAP_ALLOCATE|[37]|Bytes:5
14:41:12.0 (14977752)|STATEMENT_EXECUTE|[35]
14:41:12.0 (14979263)|STATEMENT_EXECUTE|[36]
14:41:12.0 (14986358)|HEAP_ALLOCATE|[37]|Bytes:22
14:41:12.0 (14994352)|METHOD_EXIT|[17]|01pf4000008WnsX|ViewQuotePDF.StringPDF(Quote)
14:41:12.0 (15259805)|HEAP_ALLOCATE|[17]|Bytes:4
14:41:12.0 (15290061)|VARIABLE_ASSIGNMENT|[17]|b|BLOB(886 bytes)
14:41:12.0 (15305878)|HEAP_ALLOCATE|[15]|Bytes:5
14:41:12.0 (15318324)|HEAP_ALLOCATE|[15]|Bytes:12
14:41:12.0 (15325302)|VARIABLE_SCOPE_BEGIN|[15]|q|Quote|true|false
14:41:12.0 (15339175)|VARIABLE_ASSIGNMENT|[15]|q|{"Name":"first quote","Id":"0Q0f40000009lJOCAY"}|0x23923409
14:41:12.0 (15345845)|STATEMENT_EXECUTE|[15]
14:41:12.0 (15347548)|STATEMENT_EXECUTE|[16]
14:41:12.0 (15358107)|HEAP_ALLOCATE|[16]|Bytes:31
14:41:12.0 (15367808)|USER_DEBUG|[16]|DEBUG|nombre de la quote: first quote
14:41:12.0 (15375703)|STATEMENT_EXECUTE|[17]
14:41:12.0 (15380519)|METHOD_ENTRY|[17]|01pf4000008WnsX|ViewQuotePDF.StringPDF(Quote)
14:41:12.0 (15386161)|VARIABLE_SCOPE_BEGIN|[35]|quote|Quote|true|false
14:41:12.0 (15396606)|VARIABLE_ASSIGNMENT|[35]|quote|{"Name":"first quote","Id":"0Q0f40000009lJOCAY"}|0x23923409
14:41:12.0 (15410845)|HEAP_ALLOCATE|[37]|Bytes:5
14:41:12.0 (15415172)|STATEMENT_EXECUTE|[35]
14:41:12.0 (15416787)|STATEMENT_EXECUTE|[36]
14:41:12.0 (15423895)|HEAP_ALLOCATE|[37]|Bytes:22
14:41:12.0 (15431597)|METHOD_EXIT|[17]|01pf4000008WnsX|ViewQuotePDF.StringPDF(Quote)
14:41:12.0 (15687218)|HEAP_ALLOCATE|[17]|Bytes:4
14:41:12.0 (15711530)|VARIABLE_ASSIGNMENT|[17]|b|BLOB(886 bytes)
14:41:12.0 (15727412)|HEAP_ALLOCATE|[15]|Bytes:5
14:41:12.0 (15739756)|HEAP_ALLOCATE|[15]|Bytes:12
14:41:12.0 (15746438)|VARIABLE_SCOPE_BEGIN|[15]|q|Quote|true|false
14:41:12.0 (15760022)|VARIABLE_ASSIGNMENT|[15]|q|{"Name":"first quote","Id":"0Q0f40000009lelCAA"}|0x15ec32fb
14:41:12.0 (15765981)|STATEMENT_EXECUTE|[15]
14:41:12.0 (15767708)|STATEMENT_EXECUTE|[16]
14:41:12.0 (15778059)|HEAP_ALLOCATE|[16]|Bytes:31
14:41:12.0 (15787972)|USER_DEBUG|[16]|DEBUG|nombre de la quote: first quote
14:41:12.0 (15795279)|STATEMENT_EXECUTE|[17]
14:41:12.0 (15799934)|METHOD_ENTRY|[17]|01pf4000008WnsX|ViewQuotePDF.StringPDF(Quote)
14:41:12.0 (15805670)|VARIABLE_SCOPE_BEGIN|[35]|quote|Quote|true|false
14:41:12.0 (15816230)|VARIABLE_ASSIGNMENT|[35]|quote|{"Name":"first quote","Id":"0Q0f40000009lelCAA"}|0x15ec32fb
14:41:12.0 (15829732)|HEAP_ALLOCATE|[37]|Bytes:5
14:41:12.0 (15834336)|STATEMENT_EXECUTE|[35]
14:41:12.0 (15835838)|STATEMENT_EXECUTE|[36]
14:41:12.0 (15842792)|HEAP_ALLOCATE|[37]|Bytes:22
14:41:12.0 (15850755)|METHOD_EXIT|[17]|01pf4000008WnsX|ViewQuotePDF.StringPDF(Quote)
14:41:12.0 (16107695)|HEAP_ALLOCATE|[17]|Bytes:4
14:41:12.0 (16132744)|VARIABLE_ASSIGNMENT|[17]|b|BLOB(886 bytes)
14:41:12.0 (16148177)|HEAP_ALLOCATE|[15]|Bytes:5
14:41:12.0 (16160294)|HEAP_ALLOCATE|[15]|Bytes:12
14:41:12.0 (16166906)|VARIABLE_SCOPE_BEGIN|[15]|q|Quote|true|false
14:41:12.0 (16180503)|VARIABLE_ASSIGNMENT|[15]|q|{"Name":"first quote","Id":"0Q0f40000009lemCAA"}|0x5fd6d9d9
14:41:12.0 (16187100)|STATEMENT_EXECUTE|[15]
14:41:12.0 (16192974)|STATEMENT_EXECUTE|[16]
14:41:12.0 (16203309)|HEAP_ALLOCATE|[16]|Bytes:31
14:41:12.0 (16212780)|USER_DEBUG|[16]|DEBUG|nombre de la quote: first quote
14:41:12.0 (16220460)|STATEMENT_EXECUTE|[17]
14:41:12.0 (16225180)|METHOD_ENTRY|[17]|01pf4000008WnsX|ViewQuotePDF.StringPDF(Quote)
14:41:12.0 (16230323)|VARIABLE_SCOPE_BEGIN|[35]|quote|Quote|true|false
14:41:12.0 (16240840)|VARIABLE_ASSIGNMENT|[35]|quote|{"Name":"first quote","Id":"0Q0f40000009lemCAA"}|0x5fd6d9d9
14:41:12.0 (16254595)|HEAP_ALLOCATE|[37]|Bytes:5
14:41:12.0 (16258831)|STATEMENT_EXECUTE|[35]
14:41:12.0 (16260380)|STATEMENT_EXECUTE|[36]
14:41:12.0 (16269019)|HEAP_ALLOCATE|[37]|Bytes:22
14:41:12.0 (16277532)|METHOD_EXIT|[17]|01pf4000008WnsX|ViewQuotePDF.StringPDF(Quote)
14:41:12.0 (16538453)|HEAP_ALLOCATE|[17]|Bytes:4
14:41:12.0 (16563183)|VARIABLE_ASSIGNMENT|[17]|b|BLOB(886 bytes)
14:41:12.0 (16578537)|HEAP_ALLOCATE|[15]|Bytes:5
14:41:12.0 (16590380)|HEAP_ALLOCATE|[15]|Bytes:12
14:41:12.0 (16597063)|VARIABLE_SCOPE_BEGIN|[15]|q|Quote|true|false
14:41:12.0 (16610920)|VARIABLE_ASSIGNMENT|[15]|q|{"Name":"first quote","Id":"0Q0f40000009VVICA2"}|0x125a282d
14:41:12.0 (16617448)|STATEMENT_EXECUTE|[15]
14:41:12.0 (16619210)|STATEMENT_EXECUTE|[16]
14:41:12.0 (16629095)|HEAP_ALLOCATE|[16]|Bytes:31
14:41:12.0 (16638511)|USER_DEBUG|[16]|DEBUG|nombre de la quote: first quote
14:41:12.0 (16646068)|STATEMENT_EXECUTE|[17]
14:41:12.0 (16650671)|METHOD_ENTRY|[17]|01pf4000008WnsX|ViewQuotePDF.StringPDF(Quote)
14:41:12.0 (16656511)|VARIABLE_SCOPE_BEGIN|[35]|quote|Quote|true|false
14:41:12.0 (16666769)|VARIABLE_ASSIGNMENT|[35]|quote|{"Name":"first quote","Id":"0Q0f40000009VVICA2"}|0x125a282d
14:41:12.0 (16680266)|HEAP_ALLOCATE|[37]|Bytes:5
14:41:12.0 (16685031)|STATEMENT_EXECUTE|[35]
14:41:12.0 (16689014)|STATEMENT_EXECUTE|[36]
14:41:12.0 (16696139)|HEAP_ALLOCATE|[37]|Bytes:22
14:41:12.0 (16704498)|METHOD_EXIT|[17]|01pf4000008WnsX|ViewQuotePDF.StringPDF(Quote)
14:41:12.0 (17027736)|HEAP_ALLOCATE|[17]|Bytes:4
14:41:12.0 (17054030)|VARIABLE_ASSIGNMENT|[17]|b|BLOB(886 bytes)
14:41:12.0 (17069482)|HEAP_ALLOCATE|[15]|Bytes:5
14:41:12.0 (17081298)|HEAP_ALLOCATE|[15]|Bytes:12
14:41:12.0 (17087919)|VARIABLE_SCOPE_BEGIN|[15]|q|Quote|true|false
14:41:12.0 (17101799)|VARIABLE_ASSIGNMENT|[15]|q|{"Name":"QUOTE 2","Id":"0Q0f40000009e7gCAA"}|0x20da7413
14:41:12.0 (17107701)|STATEMENT_EXECUTE|[15]
14:41:12.0 (17109453)|STATEMENT_EXECUTE|[16]
14:41:12.0 (17119378)|HEAP_ALLOCATE|[16]|Bytes:27
14:41:12.0 (17129093)|USER_DEBUG|[16]|DEBUG|nombre de la quote: QUOTE 2
14:41:12.0 (17136242)|STATEMENT_EXECUTE|[17]
14:41:12.0 (17141050)|METHOD_ENTRY|[17]|01pf4000008WnsX|ViewQuotePDF.StringPDF(Quote)
14:41:12.0 (17146309)|VARIABLE_SCOPE_BEGIN|[35]|quote|Quote|true|false
14:41:12.0 (17156318)|VARIABLE_ASSIGNMENT|[35]|quote|{"Name":"QUOTE 2","Id":"0Q0f40000009e7gCAA"}|0x20da7413
14:41:12.0 (17170217)|HEAP_ALLOCATE|[37]|Bytes:5
14:41:12.0 (17174440)|STATEMENT_EXECUTE|[35]
14:41:12.0 (17176007)|STATEMENT_EXECUTE|[36]
14:41:12.0 (17182528)|HEAP_ALLOCATE|[37]|Bytes:18
14:41:12.0 (17195029)|METHOD_EXIT|[17]|01pf4000008WnsX|ViewQuotePDF.StringPDF(Quote)
14:41:12.0 (17573078)|HEAP_ALLOCATE|[17]|Bytes:4
14:41:12.0 (17599018)|VARIABLE_ASSIGNMENT|[17]|b|BLOB(882 bytes)
14:41:12.0 (17614655)|HEAP_ALLOCATE|[15]|Bytes:5
14:41:12.0 (17626490)|HEAP_ALLOCATE|[15]|Bytes:12
14:41:12.0 (17633524)|VARIABLE_SCOPE_BEGIN|[15]|q|Quote|true|false
14:41:12.0 (17647623)|VARIABLE_ASSIGNMENT|[15]|q|{"Name":"QUOTE 2","Id":"0Q0f40000009kLKCAY"}|0x5455e119
14:41:12.0 (17653561)|STATEMENT_EXECUTE|[15]
14:41:12.0 (17655348)|STATEMENT_EXECUTE|[16]
14:41:12.0 (17665685)|HEAP_ALLOCATE|[16]|Bytes:27
14:41:12.0 (17675330)|USER_DEBUG|[16]|DEBUG|nombre de la quote: QUOTE 2
14:41:12.0 (17682555)|STATEMENT_EXECUTE|[17]
14:41:12.0 (17687315)|METHOD_ENTRY|[17]|01pf4000008WnsX|ViewQuotePDF.StringPDF(Quote)
14:41:12.0 (17692606)|VARIABLE_SCOPE_BEGIN|[35]|quote|Quote|true|false
14:41:12.0 (17702805)|VARIABLE_ASSIGNMENT|[35]|quote|{"Name":"QUOTE 2","Id":"0Q0f40000009kLKCAY"}|0x5455e119
14:41:12.0 (17716362)|HEAP_ALLOCATE|[37]|Bytes:5
14:41:12.0 (17720638)|STATEMENT_EXECUTE|[35]
14:41:12.0 (17722172)|STATEMENT_EXECUTE|[36]
14:41:12.0 (17728965)|HEAP_ALLOCATE|[37]|Bytes:18
14:41:12.0 (17736985)|METHOD_EXIT|[17]|01pf4000008WnsX|ViewQuotePDF.StringPDF(Quote)
14:41:12.0 (18119067)|HEAP_ALLOCATE|[17]|Bytes:4
14:41:12.0 (18145905)|VARIABLE_ASSIGNMENT|[17]|b|BLOB(882 bytes)
14:41:12.0 (18161283)|HEAP_ALLOCATE|[15]|Bytes:5
14:41:12.0 (18173410)|HEAP_ALLOCATE|[15]|Bytes:12
14:41:12.0 (18180419)|VARIABLE_SCOPE_BEGIN|[15]|q|Quote|true|false
14:41:12.0 (18199635)|VARIABLE_ASSIGNMENT|[15]|q|{"Name":"QUOTE 2","Id":"0Q0f40000009kLLCAY"}|0x3da4f25b
14:41:12.0 (18205993)|STATEMENT_EXECUTE|[15]
14:41:12.0 (18207765)|STATEMENT_EXECUTE|[16]
14:41:12.0 (18218284)|HEAP_ALLOCATE|[16]|Bytes:27
14:41:12.0 (18228160)|USER_DEBUG|[16]|DEBUG|nombre de la quote: QUOTE 2
14:41:12.0 (18235866)|STATEMENT_EXECUTE|[17]
14:41:12.0 (18240538)|METHOD_ENTRY|[17]|01pf4000008WnsX|ViewQuotePDF.StringPDF(Quote)
14:41:12.0 (18246317)|VARIABLE_SCOPE_BEGIN|[35]|quote|Quote|true|false
14:41:12.0 (18256892)|VARIABLE_ASSIGNMENT|[35]|quote|{"Name":"QUOTE 2","Id":"0Q0f40000009kLLCAY"}|0x3da4f25b
14:41:12.0 (18272576)|HEAP_ALLOCATE|[37]|Bytes:5
14:41:12.0 (18277021)|STATEMENT_EXECUTE|[35]
14:41:12.0 (18278520)|STATEMENT_EXECUTE|[36]
14:41:12.0 (18285516)|HEAP_ALLOCATE|[37]|Bytes:18
14:41:12.0 (18293441)|METHOD_EXIT|[17]|01pf4000008WnsX|ViewQuotePDF.StringPDF(Quote)
14:41:12.0 (18539225)|HEAP_ALLOCATE|[17]|Bytes:4
14:41:12.0 (18563478)|VARIABLE_ASSIGNMENT|[17]|b|BLOB(882 bytes)
14:41:12.0 (18579260)|HEAP_ALLOCATE|[15]|Bytes:5
14:41:12.0 (18591076)|HEAP_ALLOCATE|[15]|Bytes:12
14:41:12.0 (18597946)|VARIABLE_SCOPE_BEGIN|[15]|q|Quote|true|false
14:41:12.0 (18611743)|VARIABLE_ASSIGNMENT|[15]|q|{"Name":"QUOTE 2","Id":"0Q0f40000009kLeCAI"}|0x7efcae82
14:41:12.0 (18617348)|STATEMENT_EXECUTE|[15]
14:41:12.0 (18619062)|STATEMENT_EXECUTE|[16]
14:41:12.0 (18629337)|HEAP_ALLOCATE|[16]|Bytes:27
14:41:12.0 (18638754)|USER_DEBUG|[16]|DEBUG|nombre de la quote: QUOTE 2
14:41:12.0 (18645949)|STATEMENT_EXECUTE|[17]
14:41:12.0 (18650488)|METHOD_ENTRY|[17]|01pf4000008WnsX|ViewQuotePDF.StringPDF(Quote)
14:41:12.0 (18655813)|VARIABLE_SCOPE_BEGIN|[35]|quote|Quote|true|false
14:41:12.0 (18666032)|VARIABLE_ASSIGNMENT|[35]|quote|{"Name":"QUOTE 2","Id":"0Q0f40000009kLeCAI"}|0x7efcae82
14:41:12.0 (18679487)|HEAP_ALLOCATE|[37]|Bytes:5
14:41:12.0 (18683965)|STATEMENT_EXECUTE|[35]
14:41:12.0 (18685483)|STATEMENT_EXECUTE|[36]
14:41:12.0 (18692272)|HEAP_ALLOCATE|[37]|Bytes:18
14:41:12.0 (18699784)|METHOD_EXIT|[17]|01pf4000008WnsX|ViewQuotePDF.StringPDF(Quote)
14:41:12.0 (19814225)|HEAP_ALLOCATE|[17]|Bytes:4
14:41:12.0 (19841064)|VARIABLE_ASSIGNMENT|[17]|b|BLOB(882 bytes)
14:41:12.0 (19857225)|HEAP_ALLOCATE|[15]|Bytes:5
14:41:12.0 (19869641)|HEAP_ALLOCATE|[15]|Bytes:12
14:41:12.0 (19876486)|VARIABLE_SCOPE_BEGIN|[15]|q|Quote|true|false
14:41:12.0 (19890527)|VARIABLE_ASSIGNMENT|[15]|q|{"Name":"QUOTE 2","Id":"0Q0f40000009kLfCAI"}|0xd7537a2
14:41:12.0 (19896765)|STATEMENT_EXECUTE|[15]
14:41:12.0 (19898515)|STATEMENT_EXECUTE|[16]
14:41:12.0 (19909044)|HEAP_ALLOCATE|[16]|Bytes:27
14:41:12.0 (19918752)|USER_DEBUG|[16]|DEBUG|nombre de la quote: QUOTE 2
14:41:12.0 (19926094)|STATEMENT_EXECUTE|[17]
14:41:12.0 (19930650)|METHOD_ENTRY|[17]|01pf4000008WnsX|ViewQuotePDF.StringPDF(Quote)
14:41:12.0 (19936094)|VARIABLE_SCOPE_BEGIN|[35]|quote|Quote|true|false
14:41:12.0 (19946610)|VARIABLE_ASSIGNMENT|[35]|quote|{"Name":"QUOTE 2","Id":"0Q0f40000009kLfCAI"}|0xd7537a2
14:41:12.0 (19960607)|HEAP_ALLOCATE|[37]|Bytes:5
14:41:12.0 (19965192)|STATEMENT_EXECUTE|[35]
14:41:12.0 (19966801)|STATEMENT_EXECUTE|[36]
14:41:12.0 (19973795)|HEAP_ALLOCATE|[37]|Bytes:18
14:41:12.0 (19981695)|METHOD_EXIT|[17]|01pf4000008WnsX|ViewQuotePDF.StringPDF(Quote)
14:41:12.0 (20233745)|HEAP_ALLOCATE|[17]|Bytes:4
14:41:12.0 (20258085)|VARIABLE_ASSIGNMENT|[17]|b|BLOB(882 bytes)
14:41:12.0 (20275704)|HEAP_ALLOCATE|[15]|Bytes:5
14:41:12.0 (20287887)|HEAP_ALLOCATE|[15]|Bytes:12
14:41:12.0 (20294505)|VARIABLE_SCOPE_BEGIN|[15]|q|Quote|true|false
14:41:12.0 (20307865)|VARIABLE_ASSIGNMENT|[15]|q|{"Name":"QUOTE 2","Id":"0Q0f40000009kMDCAY"}|0x7653523c
14:41:12.0 (20313838)|STATEMENT_EXECUTE|[15]
14:41:12.0 (20315879)|STATEMENT_EXECUTE|[16]
14:41:12.0 (20325831)|HEAP_ALLOCATE|[16]|Bytes:27
14:41:12.0 (20335135)|USER_DEBUG|[16]|DEBUG|nombre de la quote: QUOTE 2
14:41:12.0 (20343126)|STATEMENT_EXECUTE|[17]
14:41:12.0 (20347785)|METHOD_ENTRY|[17]|01pf4000008WnsX|ViewQuotePDF.StringPDF(Quote)
14:41:12.0 (20353316)|VARIABLE_SCOPE_BEGIN|[35]|quote|Quote|true|false
14:41:12.0 (20363668)|VARIABLE_ASSIGNMENT|[35]|quote|{"Name":"QUOTE 2","Id":"0Q0f40000009kMDCAY"}|0x7653523c
14:41:12.0 (20377300)|HEAP_ALLOCATE|[37]|Bytes:5
14:41:12.0 (20381173)|STATEMENT_EXECUTE|[35]
14:41:12.0 (20382682)|STATEMENT_EXECUTE|[36]
14:41:12.0 (20389300)|HEAP_ALLOCATE|[37]|Bytes:18
14:41:12.0 (20396776)|METHOD_EXIT|[17]|01pf4000008WnsX|ViewQuotePDF.StringPDF(Quote)
14:41:12.0 (22562416)|HEAP_ALLOCATE|[17]|Bytes:4
14:41:12.0 (22600700)|VARIABLE_ASSIGNMENT|[17]|b|BLOB(882 bytes)
14:41:12.0 (22624746)|HEAP_ALLOCATE|[15]|Bytes:5
14:41:12.0 (22644472)|HEAP_ALLOCATE|[15]|Bytes:12
14:41:12.0 (22656752)|VARIABLE_SCOPE_BEGIN|[15]|q|Quote|true|false
14:41:12.0 (22678894)|VARIABLE_ASSIGNMENT|[15]|q|{"Name":"QUOTE 2","Id":"0Q0f40000009kLtCAI"}|0x6c7f5087
14:41:12.0 (22689261)|STATEMENT_EXECUTE|[15]
14:41:12.0 (22691908)|STATEMENT_EXECUTE|[16]
14:41:12.0 (22723220)|HEAP_ALLOCATE|[16]|Bytes:27
14:41:12.0 (22739903)|USER_DEBUG|[16]|DEBUG|nombre de la quote: QUOTE 2
14:41:12.0 (22751869)|STATEMENT_EXECUTE|[17]
14:41:12.0 (22759437)|METHOD_ENTRY|[17]|01pf4000008WnsX|ViewQuotePDF.StringPDF(Quote)
14:41:12.0 (22768437)|VARIABLE_SCOPE_BEGIN|[35]|quote|Quote|true|false
14:41:12.0 (22788963)|VARIABLE_ASSIGNMENT|[35]|quote|{"Name":"QUOTE 2","Id":"0Q0f40000009kLtCAI"}|0x6c7f5087
14:41:12.0 (22810623)|HEAP_ALLOCATE|[37]|Bytes:5
14:41:12.0 (22817946)|STATEMENT_EXECUTE|[35]
14:41:12.0 (22820114)|STATEMENT_EXECUTE|[36]
14:41:12.0 (22831232)|HEAP_ALLOCATE|[37]|Bytes:18
14:41:12.0 (22843556)|METHOD_EXIT|[17]|01pf4000008WnsX|ViewQuotePDF.StringPDF(Quote)
14:41:12.0 (23216949)|HEAP_ALLOCATE|[17]|Bytes:4
14:41:12.0 (23253984)|VARIABLE_ASSIGNMENT|[17]|b|BLOB(882 bytes)
14:41:12.0 (23276894)|HEAP_ALLOCATE|[15]|Bytes:5
14:41:12.0 (23295578)|HEAP_ALLOCATE|[15]|Bytes:12
14:41:12.0 (23307219)|VARIABLE_SCOPE_BEGIN|[15]|q|Quote|true|false
14:41:12.0 (23327724)|VARIABLE_ASSIGNMENT|[15]|q|{"Name":"QUOTE 2","Id":"0Q0f40000009kLuCAI"}|0x776c7b34
14:41:12.0 (23338869)|STATEMENT_EXECUTE|[15]
14:41:12.0 (23341716)|STATEMENT_EXECUTE|[16]
14:41:12.0 (23356412)|HEAP_ALLOCATE|[16]|Bytes:27
14:41:12.0 (23371816)|USER_DEBUG|[16]|DEBUG|nombre de la quote: QUOTE 2
14:41:12.0 (23383091)|STATEMENT_EXECUTE|[17]
14:41:12.0 (23390103)|METHOD_ENTRY|[17]|01pf4000008WnsX|ViewQuotePDF.StringPDF(Quote)
14:41:12.0 (23398817)|VARIABLE_SCOPE_BEGIN|[35]|quote|Quote|true|false
14:41:12.0 (23416456)|VARIABLE_ASSIGNMENT|[35]|quote|{"Name":"QUOTE 2","Id":"0Q0f40000009kLuCAI"}|0x776c7b34
14:41:12.0 (23437250)|HEAP_ALLOCATE|[37]|Bytes:5
14:41:12.0 (23443396)|STATEMENT_EXECUTE|[35]
14:41:12.0 (23445647)|STATEMENT_EXECUTE|[36]
14:41:12.0 (23456369)|HEAP_ALLOCATE|[37]|Bytes:18
14:41:12.0 (23468552)|METHOD_EXIT|[17]|01pf4000008WnsX|ViewQuotePDF.StringPDF(Quote)
14:41:12.0 (23783605)|HEAP_ALLOCATE|[17]|Bytes:4
14:41:12.0 (23811355)|VARIABLE_ASSIGNMENT|[17]|b|BLOB(882 bytes)
14:41:12.0 (23827508)|HEAP_ALLOCATE|[15]|Bytes:5
14:41:12.0 (23839854)|HEAP_ALLOCATE|[15]|Bytes:12
14:41:12.0 (23847177)|VARIABLE_SCOPE_BEGIN|[15]|q|Quote|true|false
14:41:12.0 (23861387)|VARIABLE_ASSIGNMENT|[15]|q|{"Name":"QUOTE 2","Id":"0Q0f40000009kLACAY"}|0x53809a5c
14:41:12.0 (23867602)|STATEMENT_EXECUTE|[15]
14:41:12.0 (23869664)|STATEMENT_EXECUTE|[16]
14:41:12.0 (23880254)|HEAP_ALLOCATE|[16]|Bytes:27
14:41:12.0 (23890427)|USER_DEBUG|[16]|DEBUG|nombre de la quote: QUOTE 2
14:41:12.0 (23898014)|STATEMENT_EXECUTE|[17]
14:41:12.0 (23902916)|METHOD_ENTRY|[17]|01pf4000008WnsX|ViewQuotePDF.StringPDF(Quote)
14:41:12.0 (23909369)|VARIABLE_SCOPE_BEGIN|[35]|quote|Quote|true|false
14:41:12.0 (23920280)|VARIABLE_ASSIGNMENT|[35]|quote|{"Name":"QUOTE 2","Id":"0Q0f40000009kLACAY"}|0x53809a5c
14:41:12.0 (23934564)|HEAP_ALLOCATE|[37]|Bytes:5
14:41:12.0 (23938701)|STATEMENT_EXECUTE|[35]
14:41:12.0 (23940224)|STATEMENT_EXECUTE|[36]
14:41:12.0 (23947693)|HEAP_ALLOCATE|[37]|Bytes:18
14:41:12.0 (23955589)|METHOD_EXIT|[17]|01pf4000008WnsX|ViewQuotePDF.StringPDF(Quote)
14:41:12.0 (24209602)|HEAP_ALLOCATE|[17]|Bytes:4
14:41:12.0 (24234823)|VARIABLE_ASSIGNMENT|[17]|b|BLOB(882 bytes)
14:41:12.0 (24250838)|HEAP_ALLOCATE|[15]|Bytes:5
14:41:12.0 (24263359)|HEAP_ALLOCATE|[15]|Bytes:12
14:41:12.0 (24273004)|VARIABLE_SCOPE_BEGIN|[15]|q|Quote|true|false
14:41:12.0 (24287254)|VARIABLE_ASSIGNMENT|[15]|q|{"Name":"QUOTE 2","Id":"0Q0f40000009kM3CAI"}|0x3f2ee0a2
14:41:12.0 (24293415)|STATEMENT_EXECUTE|[15]
14:41:12.0 (24295366)|STATEMENT_EXECUTE|[16]
14:41:12.0 (24305768)|HEAP_ALLOCATE|[16]|Bytes:27
14:41:12.0 (24315563)|USER_DEBUG|[16]|DEBUG|nombre de la quote: QUOTE 2
14:41:12.0 (24323344)|STATEMENT_EXECUTE|[17]
14:41:12.0 (24328214)|METHOD_ENTRY|[17]|01pf4000008WnsX|ViewQuotePDF.StringPDF(Quote)
14:41:12.0 (24333871)|VARIABLE_SCOPE_BEGIN|[35]|quote|Quote|true|false
14:41:12.0 (24344887)|VARIABLE_ASSIGNMENT|[35]|quote|{"Name":"QUOTE 2","Id":"0Q0f40000009kM3CAI"}|0x3f2ee0a2
14:41:12.0 (24358595)|HEAP_ALLOCATE|[37]|Bytes:5
14:41:12.0 (24362692)|STATEMENT_EXECUTE|[35]
14:41:12.0 (24364210)|STATEMENT_EXECUTE|[36]
14:41:12.0 (24384645)|HEAP_ALLOCATE|[37]|Bytes:18
14:41:12.0 (24397657)|METHOD_EXIT|[17]|01pf4000008WnsX|ViewQuotePDF.StringPDF(Quote)
14:41:12.0 (24690621)|HEAP_ALLOCATE|[17]|Bytes:4
14:41:12.0 (24721184)|VARIABLE_ASSIGNMENT|[17]|b|BLOB(882 bytes)
14:41:12.0 (24737442)|HEAP_ALLOCATE|[15]|Bytes:5
14:41:12.0 (24749907)|HEAP_ALLOCATE|[15]|Bytes:12
14:41:12.0 (24756947)|VARIABLE_SCOPE_BEGIN|[15]|q|Quote|true|false
14:41:12.0 (24771243)|VARIABLE_ASSIGNMENT|[15]|q|{"Name":"QUOTE 2","Id":"0Q0f40000009kMNCAY"}|0x29c374a8
14:41:12.0 (24777278)|STATEMENT_EXECUTE|[15]
14:41:12.0 (24779264)|STATEMENT_EXECUTE|[16]
14:41:12.0 (24789993)|HEAP_ALLOCATE|[16]|Bytes:27
14:41:12.0 (24799535)|USER_DEBUG|[16]|DEBUG|nombre de la quote: QUOTE 2
14:41:12.0 (24809175)|STATEMENT_EXECUTE|[17]
14:41:12.0 (24815990)|METHOD_ENTRY|[17]|01pf4000008WnsX|ViewQuotePDF.StringPDF(Quote)
14:41:12.0 (24825231)|VARIABLE_SCOPE_BEGIN|[35]|quote|Quote|true|false
14:41:12.0 (24840903)|VARIABLE_ASSIGNMENT|[35]|quote|{"Name":"QUOTE 2","Id":"0Q0f40000009kMNCAY"}|0x29c374a8
14:41:12.0 (24861803)|HEAP_ALLOCATE|[37]|Bytes:5
14:41:12.0 (24868634)|STATEMENT_EXECUTE|[35]
14:41:12.0 (24870827)|STATEMENT_EXECUTE|[36]
14:41:12.0 (24881810)|HEAP_ALLOCATE|[37]|Bytes:18
14:41:12.0 (24895286)|METHOD_EXIT|[17]|01pf4000008WnsX|ViewQuotePDF.StringPDF(Quote)
14:41:12.0 (25159348)|HEAP_ALLOCATE|[17]|Bytes:4
14:41:12.0 (25184918)|VARIABLE_ASSIGNMENT|[17]|b|BLOB(882 bytes)
14:41:12.0 (25205214)|HEAP_ALLOCATE|[15]|Bytes:5
14:41:12.0 (25217552)|HEAP_ALLOCATE|[15]|Bytes:12
14:41:12.0 (25224613)|VARIABLE_SCOPE_BEGIN|[15]|q|Quote|true|false
14:41:12.0 (25238947)|VARIABLE_ASSIGNMENT|[15]|q|{"Name":"QUOTE 2","Id":"0Q0f40000009kMICAY"}|0x3d621f7f
14:41:12.0 (25244900)|STATEMENT_EXECUTE|[15]
14:41:12.0 (25246575)|STATEMENT_EXECUTE|[16]
14:41:12.0 (25256970)|HEAP_ALLOCATE|[16]|Bytes:27
14:41:12.0 (25281180)|USER_DEBUG|[16]|DEBUG|nombre de la quote: QUOTE 2
14:41:12.0 (25293281)|STATEMENT_EXECUTE|[17]
14:41:12.0 (25300717)|METHOD_ENTRY|[17]|01pf4000008WnsX|ViewQuotePDF.StringPDF(Quote)
14:41:12.0 (25309382)|VARIABLE_SCOPE_BEGIN|[35]|quote|Quote|true|false
14:41:12.0 (25327020)|VARIABLE_ASSIGNMENT|[35]|quote|{"Name":"QUOTE 2","Id":"0Q0f40000009kMICAY"}|0x3d621f7f
14:41:12.0 (25346972)|HEAP_ALLOCATE|[37]|Bytes:5
14:41:12.0 (25352981)|STATEMENT_EXECUTE|[35]
14:41:12.0 (25355211)|STATEMENT_EXECUTE|[36]
14:41:12.0 (25366494)|HEAP_ALLOCATE|[37]|Bytes:18
14:41:12.0 (25379375)|METHOD_EXIT|[17]|01pf4000008WnsX|ViewQuotePDF.StringPDF(Quote)
14:41:12.0 (25646891)|HEAP_ALLOCATE|[17]|Bytes:4
14:41:12.0 (25672007)|VARIABLE_ASSIGNMENT|[17]|b|BLOB(882 bytes)
14:41:12.0 (25691075)|HEAP_ALLOCATE|[15]|Bytes:5
14:41:12.0 (25704106)|HEAP_ALLOCATE|[15]|Bytes:12
14:41:12.0 (25711250)|VARIABLE_SCOPE_BEGIN|[15]|q|Quote|true|false
14:41:12.0 (25725400)|VARIABLE_ASSIGNMENT|[15]|q|{"Name":"QUOTE 2","Id":"0Q0f40000009kMJCAY"}|0x6a6730f5
14:41:12.0 (25731668)|STATEMENT_EXECUTE|[15]
14:41:12.0 (25733316)|STATEMENT_EXECUTE|[16]
14:41:12.0 (25743894)|HEAP_ALLOCATE|[16]|Bytes:27
14:41:12.0 (25753444)|USER_DEBUG|[16]|DEBUG|nombre de la quote: QUOTE 2
14:41:12.0 (25761277)|STATEMENT_EXECUTE|[17]
14:41:12.0 (25766167)|METHOD_ENTRY|[17]|01pf4000008WnsX|ViewQuotePDF.StringPDF(Quote)
14:41:12.0 (25772082)|VARIABLE_SCOPE_BEGIN|[35]|quote|Quote|true|false
14:41:12.0 (25782475)|VARIABLE_ASSIGNMENT|[35]|quote|{"Name":"QUOTE 2","Id":"0Q0f40000009kMJCAY"}|0x6a6730f5
14:41:12.0 (25796973)|HEAP_ALLOCATE|[37]|Bytes:5
14:41:12.0 (25801141)|STATEMENT_EXECUTE|[35]
14:41:12.0 (25802749)|STATEMENT_EXECUTE|[36]
14:41:12.0 (25809776)|HEAP_ALLOCATE|[37]|Bytes:18
14:41:12.0 (25817799)|METHOD_EXIT|[17]|01pf4000008WnsX|ViewQuotePDF.StringPDF(Quote)
14:41:12.0 (26066840)|HEAP_ALLOCATE|[17]|Bytes:4
14:41:12.0 (26091472)|VARIABLE_ASSIGNMENT|[17]|b|BLOB(882 bytes)
14:41:12.0 (26106940)|HEAP_ALLOCATE|[15]|Bytes:5
14:41:12.0 (26118996)|HEAP_ALLOCATE|[15]|Bytes:12
14:41:12.0 (26125714)|VARIABLE_SCOPE_BEGIN|[15]|q|Quote|true|false
14:41:12.0 (26139464)|VARIABLE_ASSIGNMENT|[15]|q|{"Name":"QUOTE 2","Id":"0Q0f40000009kKvCAI"}|0x2204e6eb
14:41:12.0 (26148235)|STATEMENT_EXECUTE|[15]
14:41:12.0 (26149878)|STATEMENT_EXECUTE|[16]
14:41:12.0 (26160161)|HEAP_ALLOCATE|[16]|Bytes:27
14:41:12.0 (26169969)|USER_DEBUG|[16]|DEBUG|nombre de la quote: QUOTE 2
14:41:12.0 (26177445)|STATEMENT_EXECUTE|[17]
14:41:12.0 (26182108)|METHOD_ENTRY|[17]|01pf4000008WnsX|ViewQuotePDF.StringPDF(Quote)
14:41:12.0 (26192265)|VARIABLE_SCOPE_BEGIN|[35]|quote|Quote|true|false
14:41:12.0 (26203306)|VARIABLE_ASSIGNMENT|[35]|quote|{"Name":"QUOTE 2","Id":"0Q0f40000009kKvCAI"}|0x2204e6eb
14:41:12.0 (26216993)|HEAP_ALLOCATE|[37]|Bytes:5
14:41:12.0 (26221384)|STATEMENT_EXECUTE|[35]
14:41:12.0 (26222977)|STATEMENT_EXECUTE|[36]
14:41:12.0 (26230107)|HEAP_ALLOCATE|[37]|Bytes:18
14:41:12.0 (26237978)|METHOD_EXIT|[17]|01pf4000008WnsX|ViewQuotePDF.StringPDF(Quote)
14:41:12.0 (26579740)|HEAP_ALLOCATE|[17]|Bytes:4
14:41:12.0 (26612456)|VARIABLE_ASSIGNMENT|[17]|b|BLOB(882 bytes)
14:41:12.0 (26628979)|HEAP_ALLOCATE|[15]|Bytes:5
14:41:12.0 (26641744)|HEAP_ALLOCATE|[15]|Bytes:12
14:41:12.0 (26649047)|VARIABLE_SCOPE_BEGIN|[15]|q|Quote|true|false
14:41:12.0 (26663711)|VARIABLE_ASSIGNMENT|[15]|q|{"Name":"QUOTE 2","Id":"0Q0f40000009kKqCAI"}|0x1050b037
14:41:12.0 (26669345)|STATEMENT_EXECUTE|[15]
14:41:12.0 (26670972)|STATEMENT_EXECUTE|[16]
14:41:12.0 (26681276)|HEAP_ALLOCATE|[16]|Bytes:27
14:41:12.0 (26691209)|USER_DEBUG|[16]|DEBUG|nombre de la quote: QUOTE 2
14:41:12.0 (26698549)|STATEMENT_EXECUTE|[17]
14:41:12.0 (26703645)|METHOD_ENTRY|[17]|01pf4000008WnsX|ViewQuotePDF.StringPDF(Quote)
14:41:12.0 (26710962)|VARIABLE_SCOPE_BEGIN|[35]|quote|Quote|true|false
14:41:12.0 (26727214)|VARIABLE_ASSIGNMENT|[35]|quote|{"Name":"QUOTE 2","Id":"0Q0f40000009kKqCAI"}|0x1050b037
14:41:12.0 (26747167)|HEAP_ALLOCATE|[37]|Bytes:5
14:41:12.0 (26753502)|STATEMENT_EXECUTE|[35]
14:41:12.0 (26755757)|STATEMENT_EXECUTE|[36]
14:41:12.0 (26765964)|HEAP_ALLOCATE|[37]|Bytes:18
14:41:12.0 (26777339)|METHOD_EXIT|[17]|01pf4000008WnsX|ViewQuotePDF.StringPDF(Quote)
14:41:12.0 (27120470)|HEAP_ALLOCATE|[17]|Bytes:4
14:41:12.0 (27154314)|VARIABLE_ASSIGNMENT|[17]|b|BLOB(882 bytes)
14:41:12.0 (27175112)|HEAP_ALLOCATE|[15]|Bytes:5
14:41:12.0 (27198168)|HEAP_ALLOCATE|[15]|Bytes:12
14:41:12.0 (27210298)|VARIABLE_SCOPE_BEGIN|[15]|q|Quote|true|false
14:41:12.0 (27230275)|VARIABLE_ASSIGNMENT|[15]|q|{"Name":"QUOTE 2","Id":"0Q0f40000009kKWCAY"}|0x3de4cca5
14:41:12.0 (27236531)|STATEMENT_EXECUTE|[15]
14:41:12.0 (27238334)|STATEMENT_EXECUTE|[16]
14:41:12.0 (27249441)|HEAP_ALLOCATE|[16]|Bytes:27
14:41:12.0 (27260137)|USER_DEBUG|[16]|DEBUG|nombre de la quote: QUOTE 2
14:41:12.0 (27269302)|STATEMENT_EXECUTE|[17]
14:41:12.0 (27292531)|METHOD_ENTRY|[17]|01pf4000008WnsX|ViewQuotePDF.StringPDF(Quote)
14:41:12.0 (27302716)|VARIABLE_SCOPE_BEGIN|[35]|quote|Quote|true|false
14:41:12.0 (27318959)|VARIABLE_ASSIGNMENT|[35]|quote|{"Name":"QUOTE 2","Id":"0Q0f40000009kKWCAY"}|0x3de4cca5
14:41:12.0 (27340160)|HEAP_ALLOCATE|[37]|Bytes:5
14:41:12.0 (27346743)|STATEMENT_EXECUTE|[35]
14:41:12.0 (27348960)|STATEMENT_EXECUTE|[36]
14:41:12.0 (27360651)|HEAP_ALLOCATE|[37]|Bytes:18
14:41:12.0 (27374148)|METHOD_EXIT|[17]|01pf4000008WnsX|ViewQuotePDF.StringPDF(Quote)
14:41:12.0 (27981132)|HEAP_ALLOCATE|[17]|Bytes:4
14:41:12.0 (28017588)|VARIABLE_ASSIGNMENT|[17]|b|BLOB(882 bytes)
14:41:12.0 (28041622)|HEAP_ALLOCATE|[15]|Bytes:5
14:41:12.0 (28060418)|HEAP_ALLOCATE|[15]|Bytes:12
14:41:12.0 (28071361)|VARIABLE_SCOPE_BEGIN|[15]|q|Quote|true|false
14:41:12.0 (28092841)|VARIABLE_ASSIGNMENT|[15]|q|{"Name":"QUOTE 2","Id":"0Q0f40000009kL0CAI"}|0x6e57b374
14:41:12.0 (28101867)|STATEMENT_EXECUTE|[15]
14:41:12.0 (28104341)|STATEMENT_EXECUTE|[16]
14:41:12.0 (28118172)|HEAP_ALLOCATE|[16]|Bytes:27
14:41:12.0 (28133216)|USER_DEBUG|[16]|DEBUG|nombre de la quote: QUOTE 2
14:41:12.0 (28144415)|STATEMENT_EXECUTE|[17]
14:41:12.0 (28152052)|METHOD_ENTRY|[17]|01pf4000008WnsX|ViewQuotePDF.StringPDF(Quote)
14:41:12.0 (28161305)|VARIABLE_SCOPE_BEGIN|[35]|quote|Quote|true|false
14:41:12.0 (28177641)|VARIABLE_ASSIGNMENT|[35]|quote|{"Name":"QUOTE 2","Id":"0Q0f40000009kL0CAI"}|0x6e57b374
14:41:12.0 (28205209)|HEAP_ALLOCATE|[37]|Bytes:5
14:41:12.0 (28212629)|STATEMENT_EXECUTE|[35]
14:41:12.0 (28214814)|STATEMENT_EXECUTE|[36]
14:41:12.0 (28226169)|HEAP_ALLOCATE|[37]|Bytes:18
14:41:12.0 (28239381)|METHOD_EXIT|[17]|01pf4000008WnsX|ViewQuotePDF.StringPDF(Quote)
14:41:12.0 (28682223)|HEAP_ALLOCATE|[17]|Bytes:4
14:41:12.0 (28710866)|VARIABLE_ASSIGNMENT|[17]|b|BLOB(882 bytes)
14:41:12.0 (28727846)|HEAP_ALLOCATE|[15]|Bytes:5
14:41:12.0 (28740622)|HEAP_ALLOCATE|[15]|Bytes:12
14:41:12.0 (28747697)|VARIABLE_SCOPE_BEGIN|[15]|q|Quote|true|false
14:41:12.0 (28762624)|VARIABLE_ASSIGNMENT|[15]|q|{"Name":"QUOTE 2","Id":"0Q0f40000009kLyCAI"}|0x6b6133eb
14:41:12.0 (28768387)|STATEMENT_EXECUTE|[15]
14:41:12.0 (28770157)|STATEMENT_EXECUTE|[16]
14:41:12.0 (28780990)|HEAP_ALLOCATE|[16]|Bytes:27
14:41:12.0 (28791410)|USER_DEBUG|[16]|DEBUG|nombre de la quote: QUOTE 2
14:41:12.0 (28799019)|STATEMENT_EXECUTE|[17]
14:41:12.0 (28804043)|METHOD_ENTRY|[17]|01pf4000008WnsX|ViewQuotePDF.StringPDF(Quote)
14:41:12.0 (28809536)|VARIABLE_SCOPE_BEGIN|[35]|quote|Quote|true|false
14:41:12.0 (28820035)|VARIABLE_ASSIGNMENT|[35]|quote|{"Name":"QUOTE 2","Id":"0Q0f40000009kLyCAI"}|0x6b6133eb
14:41:12.0 (28834467)|HEAP_ALLOCATE|[37]|Bytes:5
14:41:12.0 (28838600)|STATEMENT_EXECUTE|[35]
14:41:12.0 (28840229)|STATEMENT_EXECUTE|[36]
14:41:12.0 (28847436)|HEAP_ALLOCATE|[37]|Bytes:18
14:41:12.0 (28855743)|METHOD_EXIT|[17]|01pf4000008WnsX|ViewQuotePDF.StringPDF(Quote)
14:41:12.0 (29102714)|HEAP_ALLOCATE|[17]|Bytes:4
14:41:12.0 (29128122)|VARIABLE_ASSIGNMENT|[17]|b|BLOB(882 bytes)
14:41:12.0 (29143686)|HEAP_ALLOCATE|[15]|Bytes:5
14:41:12.0 (29155984)|HEAP_ALLOCATE|[15]|Bytes:12
14:41:12.0 (29163068)|VARIABLE_SCOPE_BEGIN|[15]|q|Quote|true|false
14:41:12.0 (29176444)|VARIABLE_ASSIGNMENT|[15]|q|{"Name":"QUOTE 2","Id":"0Q0f40000009kM8CAI"}|0x7e25e7b8
14:41:12.0 (29181972)|STATEMENT_EXECUTE|[15]
14:41:12.0 (29183633)|STATEMENT_EXECUTE|[16]
14:41:12.0 (29198834)|HEAP_ALLOCATE|[16]|Bytes:27
14:41:12.0 (29208926)|USER_DEBUG|[16]|DEBUG|nombre de la quote: QUOTE 2
14:41:12.0 (29216589)|STATEMENT_EXECUTE|[17]
14:41:12.0 (29221451)|METHOD_ENTRY|[17]|01pf4000008WnsX|ViewQuotePDF.StringPDF(Quote)
14:41:12.0 (29227300)|VARIABLE_SCOPE_BEGIN|[35]|quote|Quote|true|false
14:41:12.0 (29237853)|VARIABLE_ASSIGNMENT|[35]|quote|{"Name":"QUOTE 2","Id":"0Q0f40000009kM8CAI"}|0x7e25e7b8
14:41:12.0 (29252031)|HEAP_ALLOCATE|[37]|Bytes:5
14:41:12.0 (29256231)|STATEMENT_EXECUTE|[35]
14:41:12.0 (29257750)|STATEMENT_EXECUTE|[36]
14:41:12.0 (29266160)|HEAP_ALLOCATE|[37]|Bytes:18
14:41:12.0 (29275687)|METHOD_EXIT|[17]|01pf4000008WnsX|ViewQuotePDF.StringPDF(Quote)
14:41:12.0 (29518498)|HEAP_ALLOCATE|[17]|Bytes:4
14:41:12.0 (29557204)|VARIABLE_ASSIGNMENT|[17]|b|BLOB(882 bytes)
14:41:12.0 (29579588)|HEAP_ALLOCATE|[15]|Bytes:5
14:41:12.0 (29597861)|HEAP_ALLOCATE|[15]|Bytes:12
14:41:12.0 (29608955)|VARIABLE_SCOPE_BEGIN|[15]|q|Quote|true|false
14:41:12.0 (29630183)|VARIABLE_ASSIGNMENT|[15]|q|{"Name":"QUOTE 2","Id":"0Q0f40000009kLZCAY"}|0x65bf9d3d
14:41:12.0 (29640096)|STATEMENT_EXECUTE|[15]
14:41:12.0 (29642449)|STATEMENT_EXECUTE|[16]
14:41:12.0 (29656754)|HEAP_ALLOCATE|[16]|Bytes:27
14:41:12.0 (29671105)|USER_DEBUG|[16]|DEBUG|nombre de la quote: QUOTE 2
14:41:12.0 (29682385)|STATEMENT_EXECUTE|[17]
14:41:12.0 (29689610)|METHOD_ENTRY|[17]|01pf4000008WnsX|ViewQuotePDF.StringPDF(Quote)
14:41:12.0 (29698419)|VARIABLE_SCOPE_BEGIN|[35]|quote|Quote|true|false
14:41:12.0 (29716300)|VARIABLE_ASSIGNMENT|[35]|quote|{"Name":"QUOTE 2","Id":"0Q0f40000009kLZCAY"}|0x65bf9d3d
14:41:12.0 (29732986)|HEAP_ALLOCATE|[37]|Bytes:5
14:41:12.0 (29737825)|STATEMENT_EXECUTE|[35]
14:41:12.0 (29739453)|STATEMENT_EXECUTE|[36]
14:41:12.0 (29747676)|HEAP_ALLOCATE|[37]|Bytes:18
14:41:12.0 (29756063)|METHOD_EXIT|[17]|01pf4000008WnsX|ViewQuotePDF.StringPDF(Quote)
14:41:12.0 (30011055)|HEAP_ALLOCATE|[17]|Bytes:4
14:41:12.0 (30036166)|VARIABLE_ASSIGNMENT|[17]|b|BLOB(882 bytes)
14:41:12.0 (30051288)|HEAP_ALLOCATE|[15]|Bytes:5
14:41:12.0 (30066825)|HEAP_ALLOCATE|[15]|Bytes:12
14:41:12.0 (30074080)|VARIABLE_SCOPE_BEGIN|[15]|q|Quote|true|false
14:41:12.0 (30088126)|VARIABLE_ASSIGNMENT|[15]|q|{"Name":"QUOTE 2","Id":"0Q0f40000009kLaCAI"}|0x36a05eed
14:41:12.0 (30094076)|STATEMENT_EXECUTE|[15]
14:41:12.0 (30095743)|STATEMENT_EXECUTE|[16]
14:41:12.0 (30105930)|HEAP_ALLOCATE|[16]|Bytes:27
14:41:12.0 (30115612)|USER_DEBUG|[16]|DEBUG|nombre de la quote: QUOTE 2
14:41:12.0 (30122910)|STATEMENT_EXECUTE|[17]
14:41:12.0 (30127700)|METHOD_ENTRY|[17]|01pf4000008WnsX|ViewQuotePDF.StringPDF(Quote)
14:41:12.0 (30134215)|VARIABLE_SCOPE_BEGIN|[35]|quote|Quote|true|false
14:41:12.0 (30144905)|VARIABLE_ASSIGNMENT|[35]|quote|{"Name":"QUOTE 2","Id":"0Q0f40000009kLaCAI"}|0x36a05eed
14:41:12.0 (30159398)|HEAP_ALLOCATE|[37]|Bytes:5
14:41:12.0 (30163819)|STATEMENT_EXECUTE|[35]
14:41:12.0 (30165403)|STATEMENT_EXECUTE|[36]
14:41:12.0 (30172442)|HEAP_ALLOCATE|[37]|Bytes:18
14:41:12.0 (30180395)|METHOD_EXIT|[17]|01pf4000008WnsX|ViewQuotePDF.StringPDF(Quote)
14:41:12.0 (30429819)|HEAP_ALLOCATE|[17]|Bytes:4
14:41:12.0 (30454167)|VARIABLE_ASSIGNMENT|[17]|b|BLOB(882 bytes)
14:41:12.0 (30469384)|HEAP_ALLOCATE|[15]|Bytes:5
14:41:12.0 (30481482)|HEAP_ALLOCATE|[15]|Bytes:12
14:41:12.0 (30488134)|VARIABLE_SCOPE_BEGIN|[15]|q|Quote|true|false
14:41:12.0 (30501698)|VARIABLE_ASSIGNMENT|[15]|q|{"Name":"QUOTE 2","Id":"0Q0f40000009kLUCAY"}|0x543ccdb9
14:41:12.0 (30508010)|STATEMENT_EXECUTE|[15]
14:41:12.0 (30509734)|STATEMENT_EXECUTE|[16]
14:41:12.0 (30519907)|HEAP_ALLOCATE|[16]|Bytes:27
14:41:12.0 (30529360)|USER_DEBUG|[16]|DEBUG|nombre de la quote: QUOTE 2
14:41:12.0 (30536758)|STATEMENT_EXECUTE|[17]
14:41:12.0 (30541553)|METHOD_ENTRY|[17]|01pf4000008WnsX|ViewQuotePDF.StringPDF(Quote)
14:41:12.0 (30547409)|VARIABLE_SCOPE_BEGIN|[35]|quote|Quote|true|false
14:41:12.0 (30557912)|VARIABLE_ASSIGNMENT|[35]|quote|{"Name":"QUOTE 2","Id":"0Q0f40000009kLUCAY"}|0x543ccdb9
14:41:12.0 (30571807)|HEAP_ALLOCATE|[37]|Bytes:5
14:41:12.0 (30575880)|STATEMENT_EXECUTE|[35]
14:41:12.0 (30577431)|STATEMENT_EXECUTE|[36]
14:41:12.0 (30584515)|HEAP_ALLOCATE|[37]|Bytes:18
14:41:12.0 (30592322)|METHOD_EXIT|[17]|01pf4000008WnsX|ViewQuotePDF.StringPDF(Quote)
14:41:12.0 (30834135)|HEAP_ALLOCATE|[17]|Bytes:4
14:41:12.0 (30857687)|VARIABLE_ASSIGNMENT|[17]|b|BLOB(882 bytes)
14:41:12.0 (30872509)|HEAP_ALLOCATE|[15]|Bytes:5
14:41:12.0 (30884308)|HEAP_ALLOCATE|[15]|Bytes:12
14:41:12.0 (30890897)|VARIABLE_SCOPE_BEGIN|[15]|q|Quote|true|false
14:41:12.0 (30904348)|VARIABLE_ASSIGNMENT|[15]|q|{"Name":"QUOTE 2","Id":"0Q0f40000009kLFCAY"}|0x5f5f8a1
14:41:12.0 (30910281)|STATEMENT_EXECUTE|[15]
14:41:12.0 (30911948)|STATEMENT_EXECUTE|[16]
14:41:12.0 (30921803)|HEAP_ALLOCATE|[16]|Bytes:27
14:41:12.0 (30931504)|USER_DEBUG|[16]|DEBUG|nombre de la quote: QUOTE 2
14:41:12.0 (30939406)|STATEMENT_EXECUTE|[17]
14:41:12.0 (30944144)|METHOD_ENTRY|[17]|01pf4000008WnsX|ViewQuotePDF.StringPDF(Quote)
14:41:12.0 (30949519)|VARIABLE_SCOPE_BEGIN|[35]|quote|Quote|true|false
14:41:12.0 (30959953)|VARIABLE_ASSIGNMENT|[35]|quote|{"Name":"QUOTE 2","Id":"0Q0f40000009kLFCAY"}|0x5f5f8a1
14:41:12.0 (30973627)|HEAP_ALLOCATE|[37]|Bytes:5
14:41:12.0 (30978012)|STATEMENT_EXECUTE|[35]
14:41:12.0 (30979512)|STATEMENT_EXECUTE|[36]
14:41:12.0 (30986257)|HEAP_ALLOCATE|[37]|Bytes:18
14:41:12.0 (30993925)|METHOD_EXIT|[17]|01pf4000008WnsX|ViewQuotePDF.StringPDF(Quote)
14:41:12.0 (31242764)|HEAP_ALLOCATE|[17]|Bytes:4
14:41:12.0 (31269052)|VARIABLE_ASSIGNMENT|[17]|b|BLOB(882 bytes)
14:41:12.0 (31285078)|HEAP_ALLOCATE|[15]|Bytes:5
14:41:12.0 (31296834)|HEAP_ALLOCATE|[15]|Bytes:12
14:41:12.0 (31303420)|VARIABLE_SCOPE_BEGIN|[15]|q|Quote|true|false
14:41:12.0 (31316868)|VARIABLE_ASSIGNMENT|[15]|q|{"Name":"QUOTE 2","Id":"0Q0f40000009kLoCAI"}|0x1cbacb57
14:41:12.0 (31322486)|STATEMENT_EXECUTE|[15]
14:41:12.0 (31324148)|STATEMENT_EXECUTE|[16]
14:41:12.0 (31334507)|HEAP_ALLOCATE|[16]|Bytes:27
14:41:12.0 (31343598)|USER_DEBUG|[16]|DEBUG|nombre de la quote: QUOTE 2
14:41:12.0 (31350803)|STATEMENT_EXECUTE|[17]
14:41:12.0 (31355880)|METHOD_ENTRY|[17]|01pf4000008WnsX|ViewQuotePDF.StringPDF(Quote)
14:41:12.0 (31361807)|VARIABLE_SCOPE_BEGIN|[35]|quote|Quote|true|false
14:41:12.0 (31372814)|VARIABLE_ASSIGNMENT|[35]|quote|{"Name":"QUOTE 2","Id":"0Q0f40000009kLoCAI"}|0x1cbacb57
14:41:12.0 (31386363)|HEAP_ALLOCATE|[37]|Bytes:5
14:41:12.0 (31390613)|STATEMENT_EXECUTE|[35]
14:41:12.0 (31392145)|STATEMENT_EXECUTE|[36]
14:41:12.0 (31398598)|HEAP_ALLOCATE|[37]|Bytes:18
14:41:12.0 (31406610)|METHOD_EXIT|[17]|01pf4000008WnsX|ViewQuotePDF.StringPDF(Quote)
14:41:12.0 (31650779)|HEAP_ALLOCATE|[17]|Bytes:4
14:41:12.0 (31674663)|VARIABLE_ASSIGNMENT|[17]|b|BLOB(882 bytes)
14:41:12.0 (31690038)|HEAP_ALLOCATE|[15]|Bytes:5
14:41:12.0 (31701842)|HEAP_ALLOCATE|[15]|Bytes:12
14:41:12.0 (31708295)|VARIABLE_SCOPE_BEGIN|[15]|q|Quote|true|false
14:41:12.0 (31721413)|VARIABLE_ASSIGNMENT|[15]|q|{"Name":"QUOTE 2","Id":"0Q0f40000009kMSCAY"}|0x28d9b91b
14:41:12.0 (31727242)|STATEMENT_EXECUTE|[15]
14:41:12.0 (31728988)|STATEMENT_EXECUTE|[16]
14:41:12.0 (31739315)|HEAP_ALLOCATE|[16]|Bytes:27
14:41:12.0 (31748600)|USER_DEBUG|[16]|DEBUG|nombre de la quote: QUOTE 2
14:41:12.0 (31756141)|STATEMENT_EXECUTE|[17]
14:41:12.0 (31761174)|METHOD_ENTRY|[17]|01pf4000008WnsX|ViewQuotePDF.StringPDF(Quote)
14:41:12.0 (31766993)|VARIABLE_SCOPE_BEGIN|[35]|quote|Quote|true|false
14:41:12.0 (31777705)|VARIABLE_ASSIGNMENT|[35]|quote|{"Name":"QUOTE 2","Id":"0Q0f40000009kMSCAY"}|0x28d9b91b
14:41:12.0 (31791183)|HEAP_ALLOCATE|[37]|Bytes:5
14:41:12.0 (31795534)|STATEMENT_EXECUTE|[35]
14:41:12.0 (31797061)|STATEMENT_EXECUTE|[36]
14:41:12.0 (31803503)|HEAP_ALLOCATE|[37]|Bytes:18
14:41:12.0 (31811295)|METHOD_EXIT|[17]|01pf4000008WnsX|ViewQuotePDF.StringPDF(Quote)
14:41:12.0 (32111950)|HEAP_ALLOCATE|[17]|Bytes:4
14:41:12.0 (32139244)|VARIABLE_ASSIGNMENT|[17]|b|BLOB(882 bytes)
14:41:12.0 (32155126)|HEAP_ALLOCATE|[15]|Bytes:5
14:41:12.0 (32167752)|VARIABLE_ASSIGNMENT|[15]|q|null|
14:41:12.0 (32173268)|STATEMENT_EXECUTE|[19]
14:41:12.0 (32176968)|HEAP_ALLOCATE|[19]|Bytes:53
14:41:12.0 (32198659)|HEAP_ALLOCATE|[19]|Bytes:4
14:41:12.0 (32208722)|HEAP_ALLOCATE|[19]|Bytes:7
14:41:12.0 (32249101)|HEAP_ALLOCATE|[19]|Bytes:12
14:41:12.0 (33325869)|SOQL_EXECUTE_BEGIN|[19]|Aggregations:0|SELECT Body FROM Attachment WHERE ParentId = :tmpVar1
14:41:12.0 (36251926)|SOQL_EXECUTE_END|[19]|Rows:0
14:41:12.0 (36276707)|HEAP_ALLOCATE|[19]|Bytes:4
14:41:12.0 (36285269)|HEAP_ALLOCATE|[19]|Bytes:0
14:41:12.0 (36383239)|HEAP_ALLOCATE|[19]|Bytes:4
14:41:12.0 (36401066)|VARIABLE_SCOPE_BEGIN|[19]|attachements|List<Attachment>|true|false
14:41:12.0 (36419979)|VARIABLE_ASSIGNMENT|[19]|attachements|[]|0x2806ca01
14:41:12.0 (36426049)|STATEMENT_EXECUTE|[21]
14:41:12.0 (36430477)|HEAP_ALLOCATE|[21]|Bytes:21
14:41:12.0 (36463059)|USER_DEBUG|[21]|DEBUG|before blob to string
14:41:12.0 (36471683)|STATEMENT_EXECUTE|[27]
14:41:12.0 (36517585)|HEAP_ALLOCATE|[27]|Bytes:15
14:41:12.0 (36530947)|SYSTEM_METHOD_ENTRY|[1]|EncodingUtil.EncodingUtil()
14:41:12.0 (36535519)|STATEMENT_EXECUTE|[1]
14:41:12.0 (36544453)|SYSTEM_METHOD_EXIT|[1]|EncodingUtil
14:41:12.0 (36559028)|METHOD_ENTRY|[27]||System.EncodingUtil.base64Encode(Blob)
14:41:12.0 (36663825)|METHOD_EXIT|[27]||System.EncodingUtil.base64Encode(Blob)
14:41:12.0 (36678083)|SYSTEM_MODE_EXIT|false
14:41:12.36 (36698951)|CUMULATIVE_LIMIT_USAGE
14:41:12.36 (36698951)|LIMIT_USAGE_FOR_NS|(default)|
  Number of SOQL queries: 2 out of 100
  Number of query rows: 32 out of 50000
  Number of SOSL queries: 0 out of 20
  Number of DML statements: 0 out of 150
  Number of DML rows: 0 out of 10000
  Maximum CPU time: 0 out of 10000
  Maximum heap size: 0 out of 6000000
  Number of callouts: 0 out of 100
  Number of Email Invocations: 0 out of 10
  Number of future calls: 0 out of 50
  Number of queueable jobs added to the queue: 0 out of 50
  Number of Mobile Apex push calls: 0 out of 10

14:41:12.36 (36698951)|CUMULATIVE_LIMIT_USAGE_END

14:41:12.0 (36725940)|CODE_UNIT_FINISHED|ViewQuotePDF.getPDF
14:41:12.0 (36810863)|CODE_UNIT_FINISHED|Aura
14:41:12.0 (38128077)|EXECUTION_FINISHED
