42.0 APEX_CODE,FINEST;APEX_PROFILING,INFO;CALLOUT,INFO;DB,INFO;SYSTEM,DEBUG;VALIDATION,INFO;VISUALFORCE,INFO;WAVE,INFO;WORKFLOW,INFO
14:32:24.0 (60615)|USER_INFO|[EXTERNAL]|005f4000001uuP2|nmolinam@deloitte.com|Hora de Venezuela|GMT-04:00
14:32:24.0 (92212)|EXECUTION_STARTED
14:32:24.0 (96331)|CODE_UNIT_STARTED|[EXTERNAL]|Aura
14:32:24.0 (1157981)|CODE_UNIT_STARTED|[EXTERNAL]|01pf4000008WnsX|ViewQuotePDF.getPDF
14:32:24.0 (1321418)|HEAP_ALLOCATE|[72]|Bytes:3
14:32:24.0 (1356372)|HEAP_ALLOCATE|[77]|Bytes:152
14:32:24.0 (1369124)|HEAP_ALLOCATE|[342]|Bytes:408
14:32:24.0 (1380279)|HEAP_ALLOCATE|[355]|Bytes:408
14:32:24.0 (1390983)|HEAP_ALLOCATE|[467]|Bytes:48
14:32:24.0 (1415471)|HEAP_ALLOCATE|[139]|Bytes:6
14:32:24.0 (1482110)|HEAP_ALLOCATE|[EXTERNAL]|Bytes:4
14:32:24.0 (1488051)|HEAP_ALLOCATE|[EXTERNAL]|Bytes:5
14:32:24.0 (1497055)|METHOD_ENTRY|[1]|01pf4000008WnsX|ViewQuotePDF.ViewQuotePDF()
14:32:24.0 (1505098)|STATEMENT_EXECUTE|[1]
14:32:24.0 (1509657)|STATEMENT_EXECUTE|[1]
14:32:24.0 (1539369)|HEAP_ALLOCATE|[50]|Bytes:5
14:32:24.0 (1559467)|HEAP_ALLOCATE|[56]|Bytes:5
14:32:24.0 (1566838)|HEAP_ALLOCATE|[64]|Bytes:7
14:32:24.0 (1587774)|SYSTEM_MODE_ENTER|false
14:32:24.0 (1600575)|HEAP_ALLOCATE|[EXTERNAL]|Bytes:5
14:32:24.0 (1608680)|SYSTEM_MODE_EXIT|false
14:32:24.0 (1617334)|METHOD_EXIT|[1]|ViewQuotePDF
14:32:24.0 (1627692)|SYSTEM_MODE_ENTER|false
14:32:24.0 (1639474)|HEAP_ALLOCATE|[4]|Bytes:5
14:32:24.0 (1644040)|STATEMENT_EXECUTE|[3]
14:32:24.0 (1646281)|STATEMENT_EXECUTE|[4]
14:32:24.0 (1757780)|HEAP_ALLOCATE|[4]|Bytes:4
14:32:24.0 (1829666)|VARIABLE_SCOPE_BEGIN|[4]|quotes|List<Quote>|true|false
14:32:24.0 (1844287)|HEAP_ALLOCATE|[EXTERNAL]|Bytes:4
14:32:24.0 (1866952)|VARIABLE_ASSIGNMENT|[4]|quotes|[]|0x270ae833
14:32:24.0 (1873171)|STATEMENT_EXECUTE|[5]
14:32:24.0 (1877536)|VARIABLE_SCOPE_BEGIN|[5]|pfdBase64|String|false|false
14:32:24.0 (1887604)|VARIABLE_ASSIGNMENT|[5]|pfdBase64|null
14:32:24.0 (1894339)|HEAP_ALLOCATE|[7]|Bytes:22
14:32:24.0 (1910196)|HEAP_ALLOCATE|[7]|Bytes:4
14:32:24.0 (2187775)|SOQL_EXECUTE_BEGIN|[7]|Aggregations:0|SELECT Name FROM Quote
14:32:24.0 (3807908)|SOQL_EXECUTE_END|[7]|Rows:1
14:32:24.0 (3827430)|HEAP_ALLOCATE|[EXTERNAL]|Bytes:8
14:32:24.0 (3975237)|HEAP_ALLOCATE|[7]|Bytes:54
14:32:24.0 (3983796)|HEAP_ALLOCATE|[7]|Bytes:8
14:32:24.0 (3992406)|SYSTEM_METHOD_ENTRY|[7]|QueryLocatorIterator.QueryLocatorIterator()
14:32:24.0 (3997247)|STATEMENT_EXECUTE|[7]
14:32:24.0 (4003953)|SYSTEM_METHOD_EXIT|[7]|QueryLocatorIterator
14:32:24.0 (4012090)|HEAP_ALLOCATE|[7]|Bytes:28
14:32:24.0 (4044547)|HEAP_ALLOCATE|[7]|Bytes:8
14:32:24.0 (4057624)|HEAP_ALLOCATE|[7]|Bytes:8
14:32:24.0 (4061070)|HEAP_ALLOCATE|[7]|Bytes:8
14:32:24.0 (4065883)|VARIABLE_SCOPE_BEGIN|[15]|this|Database.QueryLocatorIterator|true|false
14:32:24.0 (4098690)|VARIABLE_ASSIGNMENT|[15]|this|{}|0xc8ccfce
14:32:24.0 (4105297)|VARIABLE_SCOPE_BEGIN|[15]|values|List<SObject>|true|false
14:32:24.0 (4124898)|VARIABLE_ASSIGNMENT|[15]|values|[{"Name":"first quote","Id":"0Q0f40000009VVICA2"}]|0x6dbf104c
14:32:24.0 (4130826)|VARIABLE_SCOPE_BEGIN|[15]|ql|Database.QueryLocator|true|false
14:32:24.0 (4151858)|VARIABLE_ASSIGNMENT|[15]|ql|{"query":"SELECT Name FROM Quo (2 more) ..."}|0x726e52a0
14:32:24.0 (4157767)|VARIABLE_SCOPE_BEGIN|[15]|totalNumRecords|Integer|false|false
14:32:24.0 (4166586)|VARIABLE_ASSIGNMENT|[15]|totalNumRecords|1
14:32:24.0 (4171533)|VARIABLE_SCOPE_BEGIN|[15]|queryMoreSize|Integer|false|false
14:32:24.0 (4178182)|VARIABLE_ASSIGNMENT|[15]|queryMoreSize|49999
14:32:24.0 (4263223)|HEAP_ALLOCATE|[7]|Bytes:28
14:32:24.0 (4285664)|METHOD_ENTRY|[7]||Database.QueryLocatorIterator.hasNext()
14:32:24.0 (4329922)|METHOD_EXIT|[7]||Database.QueryLocatorIterator.hasNext()
14:32:24.0 (4337426)|METHOD_ENTRY|[7]||Database.QueryLocatorIterator.next()
14:32:24.0 (4406705)|METHOD_EXIT|[7]||Database.QueryLocatorIterator.next()
14:32:24.0 (4415317)|VARIABLE_SCOPE_BEGIN|[7]|q|Quote|true|false
14:32:24.0 (4430814)|VARIABLE_ASSIGNMENT|[7]|q|{"Name":"first quote","Id":"0Q0f40000009VVICA2"}|0x4227fc49
14:32:24.0 (4437436)|STATEMENT_EXECUTE|[7]
14:32:24.0 (4439742)|STATEMENT_EXECUTE|[8]
14:32:24.0 (4469454)|HEAP_ALLOCATE|[EXTERNAL]|Bytes:4
14:32:24.0 (4480816)|METHOD_ENTRY|[7]||Database.QueryLocatorIterator.hasNext()
14:32:24.0 (4494394)|METHOD_EXIT|[7]||Database.QueryLocatorIterator.hasNext()
14:32:24.0 (4501931)|VARIABLE_ASSIGNMENT|[7]|q|null|
14:32:24.0 (4530407)|STATEMENT_EXECUTE|[13]
14:32:24.0 (4623415)|HEAP_ALLOCATE|[14]|Bytes:5
14:32:24.0 (4638096)|HEAP_ALLOCATE|[14]|Bytes:12
14:32:24.0 (4644395)|VARIABLE_SCOPE_BEGIN|[14]|q|Quote|true|false
14:32:24.0 (4661589)|VARIABLE_ASSIGNMENT|[14]|q|{"Name":"first quote","Id":"0Q0f40000009VVICA2"}|0x4227fc49
14:32:24.0 (4667524)|STATEMENT_EXECUTE|[14]
14:32:24.0 (4669434)|STATEMENT_EXECUTE|[15]
14:32:24.0 (4672850)|HEAP_ALLOCATE|[15]|Bytes:20
14:32:24.0 (4716921)|HEAP_ALLOCATE|[15]|Bytes:31
14:32:24.0 (4750558)|USER_DEBUG|[15]|DEBUG|nombre de la quote: first quote
14:32:24.0 (4766353)|HEAP_ALLOCATE|[14]|Bytes:5
14:32:24.0 (4777052)|VARIABLE_ASSIGNMENT|[14]|q|null|
14:32:24.0 (4782873)|STATEMENT_EXECUTE|[18]
14:32:24.0 (4785392)|HEAP_ALLOCATE|[18]|Bytes:53
14:32:24.0 (4797340)|HEAP_ALLOCATE|[18]|Bytes:4
14:32:24.0 (4804431)|HEAP_ALLOCATE|[18]|Bytes:7
14:32:24.0 (4827961)|HEAP_ALLOCATE|[18]|Bytes:12
14:32:24.0 (5497366)|SOQL_EXECUTE_BEGIN|[18]|Aggregations:0|SELECT Body FROM Attachment WHERE ParentId = :tmpVar1
14:32:24.0 (46117336)|SOQL_EXECUTE_END|[18]|Rows:0
14:32:24.0 (46140628)|HEAP_ALLOCATE|[18]|Bytes:4
14:32:24.0 (46150187)|HEAP_ALLOCATE|[18]|Bytes:0
14:32:24.0 (46205538)|HEAP_ALLOCATE|[18]|Bytes:4
14:32:24.0 (46219027)|VARIABLE_SCOPE_BEGIN|[18]|attachements|List<Attachment>|true|false
14:32:24.0 (46235043)|VARIABLE_ASSIGNMENT|[18]|attachements|[]|0x5adcfe09
14:32:24.0 (46242445)|STATEMENT_EXECUTE|[24]
14:32:24.0 (46246586)|HEAP_ALLOCATE|[24]|Bytes:49
14:32:24.0 (46902914)|HEAP_ALLOCATE|[24]|Bytes:4
14:32:24.0 (46934721)|SYSTEM_MODE_EXIT|false
14:32:24.46 (46965276)|CUMULATIVE_LIMIT_USAGE
14:32:24.46 (46965276)|LIMIT_USAGE_FOR_NS|(default)|
  Number of SOQL queries: 2 out of 100
  Number of query rows: 1 out of 50000
  Number of SOSL queries: 0 out of 20
  Number of DML statements: 0 out of 150
  Number of DML rows: 0 out of 10000
  Maximum CPU time: 0 out of 10000
  Maximum heap size: 0 out of 6000000
  Number of callouts: 0 out of 100
  Number of Email Invocations: 0 out of 10
  Number of future calls: 0 out of 50
  Number of queueable jobs added to the queue: 0 out of 50
  Number of Mobile Apex push calls: 0 out of 10

14:32:24.46 (46965276)|CUMULATIVE_LIMIT_USAGE_END

14:32:24.0 (46999555)|CODE_UNIT_FINISHED|ViewQuotePDF.getPDF
14:32:24.0 (47131873)|CODE_UNIT_FINISHED|Aura
14:32:24.0 (48305755)|EXECUTION_FINISHED
