42.0 APEX_CODE,FINEST;APEX_PROFILING,INFO;CALLOUT,INFO;DB,INFO;SYSTEM,DEBUG;VALIDATION,INFO;VISUALFORCE,INFO;WAVE,INFO;WORKFLOW,INFO
Execute Anonymous: CloneQuote.cloneQuote('0Q0f40000009bwtCAA');
12:47:54.1 (1559398)|USER_INFO|[EXTERNAL]|005f4000001uuP2|nmolinam@deloitte.com|Hora de Venezuela|GMT-04:00
12:47:54.1 (1594546)|EXECUTION_STARTED
12:47:54.1 (1602276)|CODE_UNIT_STARTED|[EXTERNAL]|execute_anonymous_apex
12:47:54.1 (1902329)|HEAP_ALLOCATE|[72]|Bytes:3
12:47:54.1 (2003384)|HEAP_ALLOCATE|[77]|Bytes:152
12:47:54.1 (2036275)|HEAP_ALLOCATE|[342]|Bytes:408
12:47:54.1 (2061627)|HEAP_ALLOCATE|[355]|Bytes:408
12:47:54.1 (2080854)|HEAP_ALLOCATE|[467]|Bytes:48
12:47:54.1 (2175233)|HEAP_ALLOCATE|[139]|Bytes:6
12:47:54.1 (2229179)|HEAP_ALLOCATE|[EXTERNAL]|Bytes:1
12:47:54.1 (2408738)|STATEMENT_EXECUTE|[1]
12:47:54.1 (2414352)|STATEMENT_EXECUTE|[1]
12:47:54.1 (2420826)|HEAP_ALLOCATE|[1]|Bytes:18
12:47:54.1 (2450513)|HEAP_ALLOCATE|[1]|Bytes:4
12:47:54.1 (2535697)|HEAP_ALLOCATE|[50]|Bytes:5
12:47:54.1 (2581826)|HEAP_ALLOCATE|[56]|Bytes:5
12:47:54.1 (2604558)|HEAP_ALLOCATE|[64]|Bytes:7
12:47:54.1 (2650983)|SYSTEM_MODE_ENTER|false
12:47:54.1 (2684331)|HEAP_ALLOCATE|[1]|Bytes:5
12:47:54.1 (12467395)|HEAP_ALLOCATE|[1]|Bytes:1
12:47:54.1 (12493805)|HEAP_ALLOCATE|[1]|Bytes:2
12:47:54.1 (12570455)|METHOD_ENTRY|[1]|01pf4000009Vx35|CloneQuote.CloneQuote()
12:47:54.1 (12583771)|STATEMENT_EXECUTE|[1]
12:47:54.1 (12594457)|STATEMENT_EXECUTE|[1]
12:47:54.1 (12613373)|HEAP_ALLOCATE|[1]|Bytes:5
12:47:54.1 (12647384)|METHOD_EXIT|[1]|CloneQuote
12:47:54.1 (12716041)|METHOD_ENTRY|[1]|01pf4000009Vx35|CloneQuote.cloneQuote(Id)
12:47:54.1 (12790944)|VARIABLE_SCOPE_BEGIN|[3]|quoteId|Id|false|false
12:47:54.1 (13061762)|VARIABLE_ASSIGNMENT|[3]|quoteId|"0Q0f40000009bwtCAA"
12:47:54.1 (13089934)|HEAP_ALLOCATE|[6]|Bytes:5
12:47:54.1 (13099395)|STATEMENT_EXECUTE|[3]
12:47:54.1 (13101570)|STATEMENT_EXECUTE|[4]
12:47:54.1 (13106994)|HEAP_ALLOCATE|[6]|Bytes:95
12:47:54.1 (13131403)|HEAP_ALLOCATE|[6]|Bytes:4
12:47:54.1 (13165033)|HEAP_ALLOCATE|[6]|Bytes:7
12:47:54.1 (13772036)|SOQL_EXECUTE_BEGIN|[6]|Aggregations:1|SELECT Name, OPPORTUNITYiD, (SELECT QuoteId FROM QuoteLineItems) FROM QUOTE WHERE ID = :tmpVar1
12:47:54.1 (20068453)|SOQL_EXECUTE_END|[6]|Rows:1
12:47:54.1 (20129762)|HEAP_ALLOCATE|[6]|Bytes:8
12:47:54.1 (20163773)|HEAP_ALLOCATE|[6]|Bytes:213
12:47:54.1 (20382668)|HEAP_ALLOCATE|[6]|Bytes:8
12:47:54.1 (20415305)|HEAP_ALLOCATE|[4]|Bytes:31
12:47:54.1 (20486056)|HEAP_ALLOCATE|[4]|Bytes:20
12:47:54.1 (20502578)|VARIABLE_SCOPE_BEGIN|[4]|q1|Quote|true|false
12:47:54.1 (20551324)|VARIABLE_ASSIGNMENT|[4]|q1|{"Name":"QUOTE 2","OpportunityId":"006f400000AO4MJAA1","Id":"0Q0f40000009bwtCAA","QuoteLineItems":[{"QuoteId":"0Q0f40000009bwtCAA","Id":"0QLf4000000sNKqGAM"},{"QuoteId":"0Q0f40000009bwtCAA","Id":"0QLf4000000sNKrGAM"}]}|0x7e1c0ef4
12:47:54.1 (20566021)|STATEMENT_EXECUTE|[10]
12:47:54.1 (20769531)|HEAP_ALLOCATE|[10]|Bytes:188
12:47:54.1 (20778890)|HEAP_ALLOCATE|[10]|Bytes:16
12:47:54.1 (20838399)|VARIABLE_SCOPE_BEGIN|[10]|q2|Quote|true|false
12:47:54.1 (20863498)|VARIABLE_ASSIGNMENT|[10]|q2|{"Name":"QUOTE 2","OpportunityId":"006f400000AO4MJAA1","QuoteLineItems":[{"QuoteId":"0Q0f40000009bwtCAA","Id":"0QLf4000000sNKqGAM"},{"QuoteId":"0Q0f40000009bwtCAA","Id":"0QLf4000000sNKrGAM"}]}|0x3ef87d69
12:47:54.1 (20872941)|STATEMENT_EXECUTE|[12]
12:47:54.1 (20916628)|HEAP_ALLOCATE|[12]|Bytes:8
12:47:54.1 (20933125)|DML_BEGIN|[12]|Op:Insert|Type:Quote|Rows:1
12:47:54.1 (20971741)|HEAP_ALLOCATE|[EXTERNAL]|Bytes:8
12:47:54.1 (72263537)|DML_END|[12]
12:47:54.1 (72284838)|HEAP_ALLOCATE|[12]|Bytes:-4
12:47:54.1 (72326086)|STATEMENT_EXECUTE|[13]
12:47:54.1 (72385449)|VARIABLE_SCOPE_BEGIN|[13]|idQuote|Id|false|false
12:47:54.1 (72534041)|VARIABLE_ASSIGNMENT|[13]|idQuote|"0Q0f40000009e7vCAA"
12:47:54.1 (72548614)|STATEMENT_EXECUTE|[15]
12:47:54.1 (72562749)|HEAP_ALLOCATE|[15]|Bytes:14
12:47:54.1 (72579169)|HEAP_ALLOCATE|[15]|Bytes:13
12:47:54.1 (72676305)|HEAP_ALLOCATE|[EXTERNAL]|Bytes:12
12:47:54.1 (72814910)|HEAP_ALLOCATE|[15]|Bytes:12
12:47:54.1 (72890186)|VARIABLE_SCOPE_BEGIN|[15]|items|List<QuoteLineItem>|true|false
12:47:54.1 (72935619)|VARIABLE_ASSIGNMENT|[15]|items|[{"QuoteId":"0Q0f40000009bwtCAA","Id":"0QLf4000000sNKqGAM"},{"QuoteId":"0Q0f40000009bwtCAA","Id":"0QLf4000000sNKrGAM"}]|0x4884e520
12:47:54.1 (73334494)|HEAP_ALLOCATE|[17]|Bytes:5
12:47:54.1 (73383242)|HEAP_ALLOCATE|[17]|Bytes:12
12:47:54.1 (73408888)|VARIABLE_SCOPE_BEGIN|[17]|i|QuoteLineItem|true|false
12:47:54.1 (73440028)|VARIABLE_ASSIGNMENT|[17]|i|{"QuoteId":"0Q0f40000009bwtCAA","Id":"0QLf4000000sNKqGAM"}|0x95ebc89
12:47:54.1 (73454787)|STATEMENT_EXECUTE|[17]
12:47:54.1 (73458196)|STATEMENT_EXECUTE|[18]
12:47:54.1 (73500281)|HEAP_ALLOCATE|[18]|Bytes:4
12:47:54.1 (73640003)|VARIABLE_SCOPE_BEGIN|[18]|ql|QuoteLineItem|true|false
12:47:54.1 (73662677)|VARIABLE_ASSIGNMENT|[18]|ql|{}|0x6d6018e
12:47:54.1 (73669513)|STATEMENT_EXECUTE|[19]
12:47:54.1 (73782930)|HEAP_ALLOCATE|[19]|Bytes:33
12:47:54.1 (73792710)|HEAP_ALLOCATE|[19]|Bytes:8
12:47:54.1 (73827280)|VARIABLE_ASSIGNMENT|[19]|ql|{"QuoteId":"0Q0f40000009bwtCAA"}|0x69144991
12:47:54.1 (73835941)|STATEMENT_EXECUTE|[20]
12:47:54.1 (73841421)|HEAP_ALLOCATE|[20]|Bytes:8
12:47:54.1 (73923774)|HEAP_ALLOCATE|[20]|Bytes:18
12:47:54.1 (73954388)|HEAP_ALLOCATE|[20]|Bytes:26
12:47:54.1 (73999965)|USER_DEBUG|[20]|DEBUG|ql id : 0QLf4000000sNKqGAM
12:47:54.1 (74012540)|STATEMENT_EXECUTE|[21]
12:47:54.1 (74111790)|VARIABLE_ASSIGNMENT|[21]|this.QuoteId|"0Q0f40000009e7vCAA"|0x69144991
12:47:54.1 (74122286)|STATEMENT_EXECUTE|[22]
12:47:54.1 (74156254)|HEAP_ALLOCATE|[22]|Bytes:8
12:47:54.1 (74172157)|DML_BEGIN|[22]|Op:Insert|Type:QuoteLineItem|Rows:1
12:47:54.1 (74233309)|HEAP_ALLOCATE|[EXTERNAL]|Bytes:8
12:47:54.1 (98997662)|DML_END|[22]
12:47:54.1 (99283303)|VF_PAGE_MESSAGE|Required fields are missing: [PricebookEntryId, Quantity, UnitPrice, Product2Id]
12:47:54.1 (99781304)|EXCEPTION_THROWN|[22]|System.DmlException: Insert failed. First exception on row 0; first error: REQUIRED_FIELD_MISSING, Required fields are missing: [PricebookEntryId, Quantity, UnitPrice, Product2Id]: [PricebookEntryId, Quantity, UnitPrice, Product2Id]
12:47:54.1 (100238031)|HEAP_ALLOCATE|[22]|Bytes:215
12:47:54.1 (100308602)|METHOD_EXIT|[1]|01pf4000009Vx35|CloneQuote.cloneQuote(Id)
12:47:54.1 (100325703)|SYSTEM_MODE_EXIT|false
12:47:54.1 (100467722)|FATAL_ERROR|System.DmlException: Insert failed. First exception on row 0; first error: REQUIRED_FIELD_MISSING, Required fields are missing: [PricebookEntryId, Quantity, UnitPrice, Product2Id]: [PricebookEntryId, Quantity, UnitPrice, Product2Id]

Class.CloneQuote.cloneQuote: line 22, column 1
AnonymousBlock: line 1, column 1
AnonymousBlock: line 1, column 1
12:47:54.100 (100498268)|CUMULATIVE_LIMIT_USAGE
12:47:54.100 (100498268)|LIMIT_USAGE_FOR_NS|(default)|
  Number of SOQL queries: 1 out of 100
  Number of query rows: 3 out of 50000
  Number of SOSL queries: 0 out of 20
  Number of DML statements: 2 out of 150
  Number of DML rows: 2 out of 10000
  Maximum CPU time: 0 out of 10000
  Maximum heap size: 0 out of 6000000
  Number of callouts: 0 out of 100
  Number of Email Invocations: 0 out of 10
  Number of future calls: 0 out of 50
  Number of queueable jobs added to the queue: 0 out of 50
  Number of Mobile Apex push calls: 0 out of 10

12:47:54.100 (100498268)|CUMULATIVE_LIMIT_USAGE_END

12:47:54.1 (100572901)|CODE_UNIT_FINISHED|execute_anonymous_apex
12:47:54.1 (102014272)|EXECUTION_FINISHED
