42.0 APEX_CODE,FINEST;APEX_PROFILING,INFO;CALLOUT,INFO;DB,INFO;SYSTEM,DEBUG;VALIDATION,INFO;VISUALFORCE,INFO;WAVE,INFO;WORKFLOW,INFO
09:05:03.0 (296333)|USER_INFO|[EXTERNAL]|005f4000001uuP2|nmolinam@deloitte.com|Hora de Venezuela|GMT-04:00
09:05:03.0 (331286)|EXECUTION_STARTED
09:05:03.0 (342450)|CODE_UNIT_STARTED|[EXTERNAL]|Aura
09:05:03.0 (1402690)|HEAP_ALLOCATE|[72]|Bytes:3
09:05:03.0 (1449701)|HEAP_ALLOCATE|[77]|Bytes:152
09:05:03.0 (1465917)|HEAP_ALLOCATE|[342]|Bytes:408
09:05:03.0 (1478933)|HEAP_ALLOCATE|[355]|Bytes:408
09:05:03.0 (1489854)|HEAP_ALLOCATE|[467]|Bytes:48
09:05:03.0 (1519910)|HEAP_ALLOCATE|[139]|Bytes:6
09:05:03.0 (1533941)|HEAP_ALLOCATE|[EXTERNAL]|Bytes:18
09:05:03.0 (1546457)|HEAP_ALLOCATE|[EXTERNAL]|Bytes:4
09:05:03.0 (2528194)|CODE_UNIT_STARTED|[EXTERNAL]|01pf4000009Vx35|CloneQuote.getQuote
09:05:03.0 (2665737)|HEAP_ALLOCATE|[EXTERNAL]|Bytes:4
09:05:03.0 (2673289)|HEAP_ALLOCATE|[EXTERNAL]|Bytes:2
09:05:03.0 (2683872)|METHOD_ENTRY|[1]|01pf4000009Vx35|CloneQuote.CloneQuote()
09:05:03.0 (2690082)|STATEMENT_EXECUTE|[1]
09:05:03.0 (2696468)|STATEMENT_EXECUTE|[1]
09:05:03.0 (2728145)|HEAP_ALLOCATE|[50]|Bytes:5
09:05:03.0 (2753729)|HEAP_ALLOCATE|[56]|Bytes:5
09:05:03.0 (2761720)|HEAP_ALLOCATE|[64]|Bytes:7
09:05:03.0 (2781510)|SYSTEM_MODE_ENTER|false
09:05:03.0 (2795894)|HEAP_ALLOCATE|[EXTERNAL]|Bytes:5
09:05:03.0 (2803408)|SYSTEM_MODE_EXIT|false
09:05:03.0 (2811738)|METHOD_EXIT|[1]|CloneQuote
09:05:03.0 (2817080)|HEAP_ALLOCATE|[EXTERNAL]|Bytes:4
09:05:03.0 (2825699)|SYSTEM_MODE_ENTER|false
09:05:03.0 (2833745)|VARIABLE_SCOPE_BEGIN|[34]|recordId|Id|false|false
09:05:03.0 (3143275)|VARIABLE_ASSIGNMENT|[34]|recordId|"0Q0f40000009e7gCAA"
09:05:03.0 (3166806)|HEAP_ALLOCATE|[35]|Bytes:5
09:05:03.0 (3172603)|STATEMENT_EXECUTE|[34]
09:05:03.0 (3174676)|STATEMENT_EXECUTE|[35]
09:05:03.0 (3177620)|HEAP_ALLOCATE|[35]|Bytes:71
09:05:03.0 (3200721)|HEAP_ALLOCATE|[35]|Bytes:4
09:05:03.0 (3214563)|HEAP_ALLOCATE|[35]|Bytes:7
09:05:03.0 (3595041)|SOQL_EXECUTE_BEGIN|[35]|Aggregations:0|SELECT Name, OPPORTUNITYiD, Pricebook2Id FROM Quote WHERE Id = :tmpVar1
09:05:03.0 (5727136)|SOQL_EXECUTE_END|[35]|Rows:1
09:05:03.0 (5749937)|HEAP_ALLOCATE|[35]|Bytes:8
09:05:03.0 (5765495)|HEAP_ALLOCATE|[35]|Bytes:113
09:05:03.0 (5845632)|HEAP_ALLOCATE|[35]|Bytes:8
09:05:03.0 (5857948)|HEAP_ALLOCATE|[35]|Bytes:31
09:05:03.0 (5909529)|HEAP_ALLOCATE|[35]|Bytes:20
09:05:03.0 (5917937)|VARIABLE_SCOPE_BEGIN|[35]|q|Quote|true|false
09:05:03.0 (5945391)|VARIABLE_ASSIGNMENT|[35]|q|{"Name":"QUOTE 2","OpportunityId":"006f400000AO4MJAA1","Pricebook2Id":"01sf4000003Vb8JAAS","Id":"0Q0f40000009e7gCAA"}|0x27f7e854
09:05:03.0 (5953151)|STATEMENT_EXECUTE|[36]
09:05:03.0 (6021177)|USER_DEBUG|[36]|DEBUG|Quote:{Name=QUOTE 2, OpportunityId=006f400000AO4MJAA1, Pricebook2Id=01sf4000003Vb8JAAS, Id=0Q0f40000009e7gCAA}
09:05:03.0 (6032713)|STATEMENT_EXECUTE|[37]
09:05:03.0 (6041523)|SYSTEM_MODE_EXIT|false
09:05:03.6 (6065769)|CUMULATIVE_LIMIT_USAGE
09:05:03.6 (6065769)|LIMIT_USAGE_FOR_NS|(default)|
  Number of SOQL queries: 1 out of 100
  Number of query rows: 1 out of 50000
  Number of SOSL queries: 0 out of 20
  Number of DML statements: 0 out of 150
  Number of DML rows: 0 out of 10000
  Maximum CPU time: 0 out of 10000
  Maximum heap size: 0 out of 6000000
  Number of callouts: 0 out of 100
  Number of Email Invocations: 0 out of 10
  Number of future calls: 0 out of 50
  Number of queueable jobs added to the queue: 0 out of 50
  Number of Mobile Apex push calls: 0 out of 10

09:05:03.6 (6065769)|CUMULATIVE_LIMIT_USAGE_END

09:05:03.0 (6098384)|CODE_UNIT_FINISHED|CloneQuote.getQuote
09:05:03.0 (6157736)|CODE_UNIT_FINISHED|Aura
09:05:03.0 (7447302)|EXECUTION_FINISHED
