42.0 APEX_CODE,FINEST;APEX_PROFILING,INFO;CALLOUT,INFO;DB,INFO;SYSTEM,DEBUG;VALIDATION,INFO;VISUALFORCE,INFO;WAVE,INFO;WORKFLOW,INFO
Execute Anonymous: CloneQuote.cloneQuote('0Q0f40000009bwtCAA');
12:49:18.1 (1275778)|USER_INFO|[EXTERNAL]|005f4000001uuP2|nmolinam@deloitte.com|Hora de Venezuela|GMT-04:00
12:49:18.1 (1499897)|EXECUTION_STARTED
12:49:18.1 (1505866)|CODE_UNIT_STARTED|[EXTERNAL]|execute_anonymous_apex
12:49:18.1 (1825048)|HEAP_ALLOCATE|[72]|Bytes:3
12:49:18.1 (1957450)|HEAP_ALLOCATE|[77]|Bytes:152
12:49:18.1 (1991479)|HEAP_ALLOCATE|[342]|Bytes:408
12:49:18.1 (2020375)|HEAP_ALLOCATE|[355]|Bytes:408
12:49:18.1 (2043564)|HEAP_ALLOCATE|[467]|Bytes:48
12:49:18.1 (2129897)|HEAP_ALLOCATE|[139]|Bytes:6
12:49:18.1 (2161524)|HEAP_ALLOCATE|[EXTERNAL]|Bytes:1
12:49:18.1 (2309336)|STATEMENT_EXECUTE|[1]
12:49:18.1 (2313961)|STATEMENT_EXECUTE|[1]
12:49:18.1 (2319089)|HEAP_ALLOCATE|[1]|Bytes:18
12:49:18.1 (2345021)|HEAP_ALLOCATE|[1]|Bytes:4
12:49:18.1 (2416641)|HEAP_ALLOCATE|[50]|Bytes:5
12:49:18.1 (2451167)|HEAP_ALLOCATE|[56]|Bytes:5
12:49:18.1 (2464849)|HEAP_ALLOCATE|[64]|Bytes:7
12:49:18.1 (2496772)|SYSTEM_MODE_ENTER|false
12:49:18.1 (2630708)|HEAP_ALLOCATE|[1]|Bytes:5
12:49:18.1 (4182774)|HEAP_ALLOCATE|[1]|Bytes:1
12:49:18.1 (4195631)|HEAP_ALLOCATE|[1]|Bytes:2
12:49:18.1 (4235583)|METHOD_ENTRY|[1]|01pf4000009Vx35|CloneQuote.CloneQuote()
12:49:18.1 (4245093)|STATEMENT_EXECUTE|[1]
12:49:18.1 (4251197)|STATEMENT_EXECUTE|[1]
12:49:18.1 (4265228)|HEAP_ALLOCATE|[1]|Bytes:5
12:49:18.1 (4294643)|METHOD_EXIT|[1]|CloneQuote
12:49:18.1 (4343023)|METHOD_ENTRY|[1]|01pf4000009Vx35|CloneQuote.cloneQuote(Id)
12:49:18.1 (4390936)|VARIABLE_SCOPE_BEGIN|[3]|quoteId|Id|false|false
12:49:18.1 (4550781)|VARIABLE_ASSIGNMENT|[3]|quoteId|"0Q0f40000009bwtCAA"
12:49:18.1 (4571505)|HEAP_ALLOCATE|[6]|Bytes:5
12:49:18.1 (4577707)|STATEMENT_EXECUTE|[3]
12:49:18.1 (4579557)|STATEMENT_EXECUTE|[4]
12:49:18.1 (4583361)|HEAP_ALLOCATE|[6]|Bytes:95
12:49:18.1 (4610282)|HEAP_ALLOCATE|[6]|Bytes:4
12:49:18.1 (4635004)|HEAP_ALLOCATE|[6]|Bytes:7
12:49:18.1 (5113207)|SOQL_EXECUTE_BEGIN|[6]|Aggregations:1|SELECT Name, OPPORTUNITYiD, (SELECT QuoteId FROM QuoteLineItems) FROM QUOTE WHERE ID = :tmpVar1
12:49:18.1 (10826816)|SOQL_EXECUTE_END|[6]|Rows:1
12:49:18.1 (10885373)|HEAP_ALLOCATE|[6]|Bytes:8
12:49:18.1 (10918706)|HEAP_ALLOCATE|[6]|Bytes:213
12:49:18.1 (11064905)|HEAP_ALLOCATE|[6]|Bytes:8
12:49:18.1 (11090103)|HEAP_ALLOCATE|[4]|Bytes:31
12:49:18.1 (11150012)|HEAP_ALLOCATE|[4]|Bytes:20
12:49:18.1 (11164107)|VARIABLE_SCOPE_BEGIN|[4]|q1|Quote|true|false
12:49:18.1 (11214048)|VARIABLE_ASSIGNMENT|[4]|q1|{"Name":"QUOTE 2","OpportunityId":"006f400000AO4MJAA1","Id":"0Q0f40000009bwtCAA","QuoteLineItems":[{"QuoteId":"0Q0f40000009bwtCAA","Id":"0QLf4000000sNKqGAM"},{"QuoteId":"0Q0f40000009bwtCAA","Id":"0QLf4000000sNKrGAM"}]}|0x96ffcec
12:49:18.1 (11230345)|STATEMENT_EXECUTE|[10]
12:49:18.1 (11401583)|HEAP_ALLOCATE|[10]|Bytes:188
12:49:18.1 (11412423)|HEAP_ALLOCATE|[10]|Bytes:16
12:49:18.1 (11476305)|VARIABLE_SCOPE_BEGIN|[10]|q2|Quote|true|false
12:49:18.1 (11503773)|VARIABLE_ASSIGNMENT|[10]|q2|{"Name":"QUOTE 2","OpportunityId":"006f400000AO4MJAA1","QuoteLineItems":[{"QuoteId":"0Q0f40000009bwtCAA","Id":"0QLf4000000sNKqGAM"},{"QuoteId":"0Q0f40000009bwtCAA","Id":"0QLf4000000sNKrGAM"}]}|0x72fa2586
12:49:18.1 (11516044)|STATEMENT_EXECUTE|[12]
12:49:18.1 (11555435)|HEAP_ALLOCATE|[12]|Bytes:8
12:49:18.1 (11571833)|DML_BEGIN|[12]|Op:Insert|Type:Quote|Rows:1
12:49:18.1 (11615186)|HEAP_ALLOCATE|[EXTERNAL]|Bytes:8
12:49:18.1 (54894635)|DML_END|[12]
12:49:18.1 (54919067)|HEAP_ALLOCATE|[12]|Bytes:-4
12:49:18.1 (54957158)|STATEMENT_EXECUTE|[13]
12:49:18.1 (55013106)|VARIABLE_SCOPE_BEGIN|[13]|idQuote|Id|false|false
12:49:18.1 (55243946)|VARIABLE_ASSIGNMENT|[13]|idQuote|"0Q0f40000009e85CAA"
12:49:18.1 (55257868)|STATEMENT_EXECUTE|[15]
12:49:18.1 (55268473)|HEAP_ALLOCATE|[15]|Bytes:14
12:49:18.1 (55280440)|HEAP_ALLOCATE|[15]|Bytes:13
12:49:18.1 (55360012)|HEAP_ALLOCATE|[EXTERNAL]|Bytes:12
12:49:18.1 (55506846)|HEAP_ALLOCATE|[15]|Bytes:12
12:49:18.1 (55557944)|VARIABLE_SCOPE_BEGIN|[15]|items|List<QuoteLineItem>|true|false
12:49:18.1 (55609200)|VARIABLE_ASSIGNMENT|[15]|items|[{"QuoteId":"0Q0f40000009bwtCAA","Id":"0QLf4000000sNKqGAM"},{"QuoteId":"0Q0f40000009bwtCAA","Id":"0QLf4000000sNKrGAM"}]|0x7c73a838
12:49:18.1 (55937076)|HEAP_ALLOCATE|[17]|Bytes:5
12:49:18.1 (55966106)|HEAP_ALLOCATE|[17]|Bytes:12
12:49:18.1 (55979082)|VARIABLE_SCOPE_BEGIN|[17]|i|QuoteLineItem|true|false
12:49:18.1 (56002487)|VARIABLE_ASSIGNMENT|[17]|i|{"QuoteId":"0Q0f40000009bwtCAA","Id":"0QLf4000000sNKqGAM"}|0x18763feb
12:49:18.1 (56012899)|STATEMENT_EXECUTE|[17]
12:49:18.1 (56015719)|STATEMENT_EXECUTE|[18]
12:49:18.1 (56047711)|HEAP_ALLOCATE|[18]|Bytes:4
12:49:18.1 (56172388)|VARIABLE_SCOPE_BEGIN|[18]|ql|QuoteLineItem|true|false
12:49:18.1 (56194790)|VARIABLE_ASSIGNMENT|[18]|ql|{}|0x52c4a539
12:49:18.1 (56203236)|STATEMENT_EXECUTE|[19]
12:49:18.1 (56213010)|VARIABLE_ASSIGNMENT|[19]|ql|{"QuoteId":"0Q0f40000009bwtCAA","Id":"0QLf4000000sNKqGAM"}|0x18763feb
12:49:18.1 (56221441)|STATEMENT_EXECUTE|[20]
12:49:18.1 (56226400)|HEAP_ALLOCATE|[20]|Bytes:8
12:49:18.1 (56349880)|HEAP_ALLOCATE|[20]|Bytes:18
12:49:18.1 (56382170)|HEAP_ALLOCATE|[20]|Bytes:26
12:49:18.1 (56418879)|USER_DEBUG|[20]|DEBUG|ql id : 0QLf4000000sNKqGAM
12:49:18.1 (56432388)|STATEMENT_EXECUTE|[21]
12:49:18.1 (57077352)|HEAP_ALLOCATE|[21]|Bytes:49
12:49:18.1 (57178444)|METHOD_EXIT|[1]|01pf4000009Vx35|CloneQuote.cloneQuote(Id)
12:49:18.1 (57195484)|SYSTEM_MODE_EXIT|false
12:49:18.1 (57419787)|FATAL_ERROR|System.SObjectException: Field is not writeable: QuoteLineItem.QuoteId

Class.CloneQuote.cloneQuote: line 21, column 1
AnonymousBlock: line 1, column 1
AnonymousBlock: line 1, column 1
12:49:18.57 (57487479)|CUMULATIVE_LIMIT_USAGE
12:49:18.57 (57487479)|LIMIT_USAGE_FOR_NS|(default)|
  Number of SOQL queries: 1 out of 100
  Number of query rows: 3 out of 50000
  Number of SOSL queries: 0 out of 20
  Number of DML statements: 1 out of 150
  Number of DML rows: 1 out of 10000
  Maximum CPU time: 0 out of 10000
  Maximum heap size: 0 out of 6000000
  Number of callouts: 0 out of 100
  Number of Email Invocations: 0 out of 10
  Number of future calls: 0 out of 50
  Number of queueable jobs added to the queue: 0 out of 50
  Number of Mobile Apex push calls: 0 out of 10

12:49:18.57 (57487479)|CUMULATIVE_LIMIT_USAGE_END

12:49:18.1 (57548668)|CODE_UNIT_FINISHED|execute_anonymous_apex
12:49:18.1 (58970854)|EXECUTION_FINISHED
