42.0 APEX_CODE,FINEST;APEX_PROFILING,INFO;CALLOUT,INFO;DB,INFO;SYSTEM,DEBUG;VALIDATION,INFO;VISUALFORCE,INFO;WAVE,INFO;WORKFLOW,INFO
10:51:14.0 (61001)|USER_INFO|[EXTERNAL]|005f4000001uuP2|nmolinam@deloitte.com|Hora de Venezuela|GMT-04:00
10:51:14.0 (95880)|EXECUTION_STARTED
10:51:14.0 (100484)|CODE_UNIT_STARTED|[EXTERNAL]|Aura
10:51:14.0 (1270002)|CODE_UNIT_STARTED|[EXTERNAL]|01pf4000008WnsX|ViewQuotePDF.getPDF
10:51:14.0 (1437561)|HEAP_ALLOCATE|[72]|Bytes:3
10:51:14.0 (1479389)|HEAP_ALLOCATE|[77]|Bytes:152
10:51:14.0 (1496156)|HEAP_ALLOCATE|[342]|Bytes:408
10:51:14.0 (1509349)|HEAP_ALLOCATE|[355]|Bytes:408
10:51:14.0 (1519984)|HEAP_ALLOCATE|[467]|Bytes:48
10:51:14.0 (1546866)|HEAP_ALLOCATE|[139]|Bytes:6
10:51:14.0 (1646901)|HEAP_ALLOCATE|[EXTERNAL]|Bytes:4
10:51:14.0 (1662927)|HEAP_ALLOCATE|[EXTERNAL]|Bytes:1
10:51:14.0 (1682928)|METHOD_ENTRY|[1]|01pf4000008WnsX|ViewQuotePDF.ViewQuotePDF()
10:51:14.0 (1698484)|STATEMENT_EXECUTE|[1]
10:51:14.0 (1711848)|STATEMENT_EXECUTE|[1]
10:51:14.0 (1782098)|HEAP_ALLOCATE|[50]|Bytes:5
10:51:14.0 (1828048)|HEAP_ALLOCATE|[56]|Bytes:5
10:51:14.0 (1841983)|HEAP_ALLOCATE|[64]|Bytes:7
10:51:14.0 (1870429)|SYSTEM_MODE_ENTER|false
10:51:14.0 (1885857)|HEAP_ALLOCATE|[EXTERNAL]|Bytes:5
10:51:14.0 (1893292)|SYSTEM_MODE_EXIT|false
10:51:14.0 (1902119)|METHOD_EXIT|[1]|ViewQuotePDF
10:51:14.0 (1912521)|SYSTEM_MODE_ENTER|false
10:51:14.0 (1925312)|HEAP_ALLOCATE|[4]|Bytes:5
10:51:14.0 (1929926)|STATEMENT_EXECUTE|[3]
10:51:14.0 (1931911)|STATEMENT_EXECUTE|[4]
10:51:14.0 (2066251)|HEAP_ALLOCATE|[4]|Bytes:4
10:51:14.0 (2169834)|VARIABLE_SCOPE_BEGIN|[4]|quotes|List<Quote>|true|false
10:51:14.0 (2184929)|HEAP_ALLOCATE|[EXTERNAL]|Bytes:4
10:51:14.0 (2210582)|VARIABLE_ASSIGNMENT|[4]|quotes|[]|0x62d7da4b
10:51:14.0 (2220059)|HEAP_ALLOCATE|[5]|Bytes:22
10:51:14.0 (2239249)|HEAP_ALLOCATE|[5]|Bytes:4
10:51:14.0 (2508612)|SOQL_EXECUTE_BEGIN|[5]|Aggregations:0|SELECT Name FROM Quote
10:51:14.0 (4327187)|SOQL_EXECUTE_END|[5]|Rows:1
10:51:14.0 (4347049)|HEAP_ALLOCATE|[EXTERNAL]|Bytes:8
10:51:14.0 (4497251)|HEAP_ALLOCATE|[5]|Bytes:54
10:51:14.0 (4506168)|HEAP_ALLOCATE|[5]|Bytes:8
10:51:14.0 (4515083)|SYSTEM_METHOD_ENTRY|[7]|QueryLocatorIterator.QueryLocatorIterator()
10:51:14.0 (4519628)|STATEMENT_EXECUTE|[7]
10:51:14.0 (4526134)|SYSTEM_METHOD_EXIT|[7]|QueryLocatorIterator
10:51:14.0 (4533105)|HEAP_ALLOCATE|[5]|Bytes:28
10:51:14.0 (4567682)|HEAP_ALLOCATE|[5]|Bytes:8
10:51:14.0 (4602723)|HEAP_ALLOCATE|[5]|Bytes:8
10:51:14.0 (4609475)|HEAP_ALLOCATE|[5]|Bytes:8
10:51:14.0 (4617843)|VARIABLE_SCOPE_BEGIN|[15]|this|Database.QueryLocatorIterator|true|false
10:51:14.0 (4673644)|VARIABLE_ASSIGNMENT|[15]|this|{}|0x64e5b817
10:51:14.0 (4691586)|VARIABLE_SCOPE_BEGIN|[15]|values|List<SObject>|true|false
10:51:14.0 (4738177)|VARIABLE_ASSIGNMENT|[15]|values|[{"Name":"first quote","Id":"0Q0f40000009VVICA2"}]|0x87c1b44
10:51:14.0 (4754119)|VARIABLE_SCOPE_BEGIN|[15]|ql|Database.QueryLocator|true|false
10:51:14.0 (4790223)|VARIABLE_ASSIGNMENT|[15]|ql|{"query":"SELECT Name FROM Quo (2 more) ..."}|0x4cd2b28b
10:51:14.0 (4805097)|VARIABLE_SCOPE_BEGIN|[15]|totalNumRecords|Integer|false|false
10:51:14.0 (4825717)|VARIABLE_ASSIGNMENT|[15]|totalNumRecords|1
10:51:14.0 (4835660)|VARIABLE_SCOPE_BEGIN|[15]|queryMoreSize|Integer|false|false
10:51:14.0 (4846994)|VARIABLE_ASSIGNMENT|[15]|queryMoreSize|49999
10:51:14.0 (4942440)|HEAP_ALLOCATE|[5]|Bytes:28
10:51:14.0 (4964873)|METHOD_ENTRY|[5]||Database.QueryLocatorIterator.hasNext()
10:51:14.0 (5041798)|METHOD_EXIT|[5]||Database.QueryLocatorIterator.hasNext()
10:51:14.0 (5056554)|METHOD_ENTRY|[5]||Database.QueryLocatorIterator.next()
10:51:14.0 (5164522)|METHOD_EXIT|[5]||Database.QueryLocatorIterator.next()
10:51:14.0 (5178621)|VARIABLE_SCOPE_BEGIN|[5]|q|Quote|true|false
10:51:14.0 (5201777)|VARIABLE_ASSIGNMENT|[5]|q|{"Name":"first quote","Id":"0Q0f40000009VVICA2"}|0x17a85ce2
10:51:14.0 (5211909)|STATEMENT_EXECUTE|[5]
10:51:14.0 (5214637)|STATEMENT_EXECUTE|[6]
10:51:14.0 (5249418)|HEAP_ALLOCATE|[EXTERNAL]|Bytes:4
10:51:14.0 (5262836)|METHOD_ENTRY|[5]||Database.QueryLocatorIterator.hasNext()
10:51:14.0 (5275981)|METHOD_EXIT|[5]||Database.QueryLocatorIterator.hasNext()
10:51:14.0 (5283655)|VARIABLE_ASSIGNMENT|[5]|q|null|
10:51:14.0 (5315302)|STATEMENT_EXECUTE|[8]
10:51:14.0 (5317287)|STATEMENT_EXECUTE|[12]
10:51:14.0 (5324266)|SYSTEM_MODE_EXIT|false
10:51:14.5 (5354175)|CUMULATIVE_LIMIT_USAGE
10:51:14.5 (5354175)|LIMIT_USAGE_FOR_NS|(default)|
  Number of SOQL queries: 1 out of 100
  Number of query rows: 1 out of 50000
  Number of SOSL queries: 0 out of 20
  Number of DML statements: 0 out of 150
  Number of DML rows: 0 out of 10000
  Maximum CPU time: 0 out of 10000
  Maximum heap size: 0 out of 6000000
  Number of callouts: 0 out of 100
  Number of Email Invocations: 0 out of 10
  Number of future calls: 0 out of 50
  Number of queueable jobs added to the queue: 0 out of 50
  Number of Mobile Apex push calls: 0 out of 10

10:51:14.5 (5354175)|CUMULATIVE_LIMIT_USAGE_END

10:51:14.0 (5389919)|CODE_UNIT_FINISHED|ViewQuotePDF.getPDF
10:51:14.0 (5449113)|CODE_UNIT_FINISHED|Aura
10:51:14.0 (6491766)|EXECUTION_FINISHED
