42.0 APEX_CODE,FINEST;APEX_PROFILING,INFO;CALLOUT,INFO;DB,INFO;SYSTEM,DEBUG;VALIDATION,INFO;VISUALFORCE,INFO;WAVE,INFO;WORKFLOW,INFO
14:24:53.0 (70797)|USER_INFO|[EXTERNAL]|005f4000001uuP2|nmolinam@deloitte.com|Hora de Venezuela|GMT-04:00
14:24:53.0 (113174)|EXECUTION_STARTED
14:24:53.0 (117141)|CODE_UNIT_STARTED|[EXTERNAL]|Aura
14:24:53.0 (1209203)|CODE_UNIT_STARTED|[EXTERNAL]|01pf4000008WnsX|ViewQuotePDF.getPDF
14:24:53.0 (1375833)|HEAP_ALLOCATE|[72]|Bytes:3
14:24:53.0 (1412334)|HEAP_ALLOCATE|[77]|Bytes:152
14:24:53.0 (1425593)|HEAP_ALLOCATE|[342]|Bytes:408
14:24:53.0 (1438708)|HEAP_ALLOCATE|[355]|Bytes:408
14:24:53.0 (1449200)|HEAP_ALLOCATE|[467]|Bytes:48
14:24:53.0 (1474485)|HEAP_ALLOCATE|[139]|Bytes:6
14:24:53.0 (1528847)|HEAP_ALLOCATE|[EXTERNAL]|Bytes:4
14:24:53.0 (1534138)|HEAP_ALLOCATE|[EXTERNAL]|Bytes:5
14:24:53.0 (1544100)|METHOD_ENTRY|[1]|01pf4000008WnsX|ViewQuotePDF.ViewQuotePDF()
14:24:53.0 (1551321)|STATEMENT_EXECUTE|[1]
14:24:53.0 (1556227)|STATEMENT_EXECUTE|[1]
14:24:53.0 (1587456)|HEAP_ALLOCATE|[50]|Bytes:5
14:24:53.0 (1607216)|HEAP_ALLOCATE|[56]|Bytes:5
14:24:53.0 (1614150)|HEAP_ALLOCATE|[64]|Bytes:7
14:24:53.0 (1637084)|SYSTEM_MODE_ENTER|false
14:24:53.0 (1652109)|HEAP_ALLOCATE|[EXTERNAL]|Bytes:5
14:24:53.0 (1659702)|SYSTEM_MODE_EXIT|false
14:24:53.0 (1669638)|METHOD_EXIT|[1]|ViewQuotePDF
14:24:53.0 (1680083)|SYSTEM_MODE_ENTER|false
14:24:53.0 (1692558)|HEAP_ALLOCATE|[4]|Bytes:5
14:24:53.0 (1697482)|STATEMENT_EXECUTE|[3]
14:24:53.0 (1699419)|STATEMENT_EXECUTE|[4]
14:24:53.0 (1790375)|HEAP_ALLOCATE|[4]|Bytes:4
14:24:53.0 (1857502)|VARIABLE_SCOPE_BEGIN|[4]|quotes|List<Quote>|true|false
14:24:53.0 (1870942)|HEAP_ALLOCATE|[EXTERNAL]|Bytes:4
14:24:53.0 (1893730)|VARIABLE_ASSIGNMENT|[4]|quotes|[]|0x57808d5c
14:24:53.0 (1900400)|STATEMENT_EXECUTE|[5]
14:24:53.0 (1904627)|VARIABLE_SCOPE_BEGIN|[5]|pfdBase64|String|false|false
14:24:53.0 (1913964)|VARIABLE_ASSIGNMENT|[5]|pfdBase64|null
14:24:53.0 (1920290)|HEAP_ALLOCATE|[7]|Bytes:22
14:24:53.0 (1935744)|HEAP_ALLOCATE|[7]|Bytes:4
14:24:53.0 (2229871)|SOQL_EXECUTE_BEGIN|[7]|Aggregations:0|SELECT Name FROM Quote
14:24:53.0 (3964683)|SOQL_EXECUTE_END|[7]|Rows:1
14:24:53.0 (3985421)|HEAP_ALLOCATE|[EXTERNAL]|Bytes:8
14:24:53.0 (4143329)|HEAP_ALLOCATE|[7]|Bytes:54
14:24:53.0 (4152602)|HEAP_ALLOCATE|[7]|Bytes:8
14:24:53.0 (4161474)|SYSTEM_METHOD_ENTRY|[7]|QueryLocatorIterator.QueryLocatorIterator()
14:24:53.0 (4166321)|STATEMENT_EXECUTE|[7]
14:24:53.0 (4173238)|SYSTEM_METHOD_EXIT|[7]|QueryLocatorIterator
14:24:53.0 (4180534)|HEAP_ALLOCATE|[7]|Bytes:28
14:24:53.0 (4213184)|HEAP_ALLOCATE|[7]|Bytes:8
14:24:53.0 (4227438)|HEAP_ALLOCATE|[7]|Bytes:8
14:24:53.0 (4231112)|HEAP_ALLOCATE|[7]|Bytes:8
14:24:53.0 (4236224)|VARIABLE_SCOPE_BEGIN|[15]|this|Database.QueryLocatorIterator|true|false
14:24:53.0 (4271453)|VARIABLE_ASSIGNMENT|[15]|this|{}|0x5f019195
14:24:53.0 (4278177)|VARIABLE_SCOPE_BEGIN|[15]|values|List<SObject>|true|false
14:24:53.0 (4295621)|VARIABLE_ASSIGNMENT|[15]|values|[{"Name":"first quote","Id":"0Q0f40000009VVICA2"}]|0x739d5d12
14:24:53.0 (4301977)|VARIABLE_SCOPE_BEGIN|[15]|ql|Database.QueryLocator|true|false
14:24:53.0 (4322195)|VARIABLE_ASSIGNMENT|[15]|ql|{"query":"SELECT Name FROM Quo (2 more) ..."}|0x6e0c803c
14:24:53.0 (4328092)|VARIABLE_SCOPE_BEGIN|[15]|totalNumRecords|Integer|false|false
14:24:53.0 (4337032)|VARIABLE_ASSIGNMENT|[15]|totalNumRecords|1
14:24:53.0 (4341883)|VARIABLE_SCOPE_BEGIN|[15]|queryMoreSize|Integer|false|false
14:24:53.0 (4348698)|VARIABLE_ASSIGNMENT|[15]|queryMoreSize|49999
14:24:53.0 (4435931)|HEAP_ALLOCATE|[7]|Bytes:28
14:24:53.0 (4458944)|METHOD_ENTRY|[7]||Database.QueryLocatorIterator.hasNext()
14:24:53.0 (4507628)|METHOD_EXIT|[7]||Database.QueryLocatorIterator.hasNext()
14:24:53.0 (4515412)|METHOD_ENTRY|[7]||Database.QueryLocatorIterator.next()
14:24:53.0 (4585923)|METHOD_EXIT|[7]||Database.QueryLocatorIterator.next()
14:24:53.0 (4594275)|VARIABLE_SCOPE_BEGIN|[7]|q|Quote|true|false
14:24:53.0 (4608779)|VARIABLE_ASSIGNMENT|[7]|q|{"Name":"first quote","Id":"0Q0f40000009VVICA2"}|0x6d0a4e14
14:24:53.0 (4615815)|STATEMENT_EXECUTE|[7]
14:24:53.0 (4618065)|STATEMENT_EXECUTE|[8]
14:24:53.0 (4647563)|HEAP_ALLOCATE|[EXTERNAL]|Bytes:4
14:24:53.0 (4659207)|METHOD_ENTRY|[7]||Database.QueryLocatorIterator.hasNext()
14:24:53.0 (4672349)|METHOD_EXIT|[7]||Database.QueryLocatorIterator.hasNext()
14:24:53.0 (4680085)|VARIABLE_ASSIGNMENT|[7]|q|null|
14:24:53.0 (4709651)|STATEMENT_EXECUTE|[13]
14:24:53.0 (4802838)|HEAP_ALLOCATE|[14]|Bytes:5
14:24:53.0 (4817413)|HEAP_ALLOCATE|[14]|Bytes:12
14:24:53.0 (4823803)|VARIABLE_SCOPE_BEGIN|[14]|q|Quote|true|false
14:24:53.0 (4837316)|VARIABLE_ASSIGNMENT|[14]|q|{"Name":"first quote","Id":"0Q0f40000009VVICA2"}|0x6d0a4e14
14:24:53.0 (4844038)|STATEMENT_EXECUTE|[14]
14:24:53.0 (4845860)|STATEMENT_EXECUTE|[15]
14:24:53.0 (4849121)|HEAP_ALLOCATE|[15]|Bytes:20
14:24:53.0 (4893020)|HEAP_ALLOCATE|[15]|Bytes:31
14:24:53.0 (4921202)|USER_DEBUG|[15]|DEBUG|nombre de la quote: first quote
14:24:53.0 (4937645)|HEAP_ALLOCATE|[14]|Bytes:5
14:24:53.0 (4948217)|VARIABLE_ASSIGNMENT|[14]|q|null|
14:24:53.0 (4953075)|STATEMENT_EXECUTE|[18]
14:24:53.0 (4955949)|HEAP_ALLOCATE|[18]|Bytes:53
14:24:53.0 (4968239)|HEAP_ALLOCATE|[18]|Bytes:4
14:24:53.0 (4974882)|HEAP_ALLOCATE|[18]|Bytes:7
14:24:53.0 (4997886)|HEAP_ALLOCATE|[18]|Bytes:12
14:24:53.0 (5721386)|SOQL_EXECUTE_BEGIN|[18]|Aggregations:0|SELECT Body FROM Attachment WHERE ParentId = :tmpVar1
14:24:53.0 (8290929)|SOQL_EXECUTE_END|[18]|Rows:0
14:24:53.0 (8313730)|HEAP_ALLOCATE|[18]|Bytes:4
14:24:53.0 (8322732)|HEAP_ALLOCATE|[18]|Bytes:0
14:24:53.0 (8379449)|HEAP_ALLOCATE|[18]|Bytes:4
14:24:53.0 (8391678)|VARIABLE_SCOPE_BEGIN|[18]|attachements|List<Attachment>|true|false
14:24:53.0 (8406714)|VARIABLE_ASSIGNMENT|[18]|attachements|[]|0x22316669
14:24:53.0 (8412954)|STATEMENT_EXECUTE|[25]
14:24:53.0 (8417152)|HEAP_ALLOCATE|[25]|Bytes:10904
14:24:53.0 (8428998)|SYSTEM_MODE_EXIT|false
14:24:53.8 (8455834)|CUMULATIVE_LIMIT_USAGE
14:24:53.8 (8455834)|LIMIT_USAGE_FOR_NS|(default)|
  Number of SOQL queries: 2 out of 100
  Number of query rows: 1 out of 50000
  Number of SOSL queries: 0 out of 20
  Number of DML statements: 0 out of 150
  Number of DML rows: 0 out of 10000
  Maximum CPU time: 0 out of 10000
  Maximum heap size: 0 out of 6000000
  Number of callouts: 0 out of 100
  Number of Email Invocations: 0 out of 10
  Number of future calls: 0 out of 50
  Number of queueable jobs added to the queue: 0 out of 50
  Number of Mobile Apex push calls: 0 out of 10

14:24:53.8 (8455834)|CUMULATIVE_LIMIT_USAGE_END

14:24:53.0 (8492072)|CODE_UNIT_FINISHED|ViewQuotePDF.getPDF
14:24:53.0 (8746224)|CODE_UNIT_FINISHED|Aura
14:24:53.0 (9799207)|EXECUTION_FINISHED
