42.0 APEX_CODE,FINEST;APEX_PROFILING,INFO;CALLOUT,INFO;DB,INFO;SYSTEM,DEBUG;VALIDATION,INFO;VISUALFORCE,INFO;WAVE,INFO;WORKFLOW,INFO
Execute Anonymous: CloneQuote.cloneQuote('0Q0f40000009bwtCAA');
12:06:35.1 (1113100)|USER_INFO|[EXTERNAL]|005f4000001uuP2|nmolinam@deloitte.com|Hora de Venezuela|GMT-04:00
12:06:35.1 (1132762)|EXECUTION_STARTED
12:06:35.1 (1137380)|CODE_UNIT_STARTED|[EXTERNAL]|execute_anonymous_apex
12:06:35.1 (1366125)|HEAP_ALLOCATE|[72]|Bytes:3
12:06:35.1 (1409240)|HEAP_ALLOCATE|[77]|Bytes:152
12:06:35.1 (1426437)|HEAP_ALLOCATE|[342]|Bytes:408
12:06:35.1 (1437523)|HEAP_ALLOCATE|[355]|Bytes:408
12:06:35.1 (1448279)|HEAP_ALLOCATE|[467]|Bytes:48
12:06:35.1 (1489059)|HEAP_ALLOCATE|[139]|Bytes:6
12:06:35.1 (1515110)|HEAP_ALLOCATE|[EXTERNAL]|Bytes:1
12:06:35.1 (1606515)|STATEMENT_EXECUTE|[1]
12:06:35.1 (1609401)|STATEMENT_EXECUTE|[1]
12:06:35.1 (1612870)|HEAP_ALLOCATE|[1]|Bytes:18
12:06:35.1 (1632792)|HEAP_ALLOCATE|[1]|Bytes:4
12:06:35.1 (1682705)|HEAP_ALLOCATE|[50]|Bytes:5
12:06:35.1 (1704984)|HEAP_ALLOCATE|[56]|Bytes:5
12:06:35.1 (1712159)|HEAP_ALLOCATE|[64]|Bytes:7
12:06:35.1 (1750205)|SYSTEM_MODE_ENTER|false
12:06:35.1 (1775280)|HEAP_ALLOCATE|[1]|Bytes:5
12:06:35.1 (13124066)|HEAP_ALLOCATE|[1]|Bytes:1
12:06:35.1 (13143860)|METHOD_ENTRY|[1]|01pf4000009Vx35|CloneQuote.CloneQuote()
12:06:35.1 (13150610)|STATEMENT_EXECUTE|[1]
12:06:35.1 (13155837)|STATEMENT_EXECUTE|[1]
12:06:35.1 (13167770)|HEAP_ALLOCATE|[1]|Bytes:5
12:06:35.1 (13179581)|METHOD_EXIT|[1]|CloneQuote
12:06:35.1 (13203054)|METHOD_ENTRY|[1]|01pf4000009Vx35|CloneQuote.cloneQuote(Id)
12:06:35.1 (13250674)|VARIABLE_SCOPE_BEGIN|[3]|quoteId|Id|false|false
12:06:35.1 (13393400)|VARIABLE_ASSIGNMENT|[3]|quoteId|"0Q0f40000009bwtCAA"
12:06:35.1 (13415505)|HEAP_ALLOCATE|[6]|Bytes:5
12:06:35.1 (13421299)|STATEMENT_EXECUTE|[3]
12:06:35.1 (13423084)|STATEMENT_EXECUTE|[4]
12:06:35.1 (13426218)|HEAP_ALLOCATE|[6]|Bytes:95
12:06:35.1 (13449259)|HEAP_ALLOCATE|[6]|Bytes:4
12:06:35.1 (13462610)|HEAP_ALLOCATE|[6]|Bytes:7
12:06:35.1 (13830285)|SOQL_EXECUTE_BEGIN|[6]|Aggregations:1|SELECT Name, OPPORTUNITYiD, (SELECT QuoteId FROM QuoteLineItems) FROM QUOTE WHERE ID = :tmpVar1
12:06:35.1 (17888469)|SOQL_EXECUTE_END|[6]|Rows:1
12:06:35.1 (17917556)|HEAP_ALLOCATE|[6]|Bytes:8
12:06:35.1 (17941695)|HEAP_ALLOCATE|[6]|Bytes:213
12:06:35.1 (18038174)|HEAP_ALLOCATE|[6]|Bytes:8
12:06:35.1 (18064693)|HEAP_ALLOCATE|[4]|Bytes:31
12:06:35.1 (18124268)|HEAP_ALLOCATE|[4]|Bytes:20
12:06:35.1 (18134595)|VARIABLE_SCOPE_BEGIN|[4]|q1|Quote|true|false
12:06:35.1 (18164160)|VARIABLE_ASSIGNMENT|[4]|q1|{"Name":"QUOTE 2","OpportunityId":"006f400000AO4MJAA1","Id":"0Q0f40000009bwtCAA","QuoteLineItems":[{"QuoteId":"0Q0f40000009bwtCAA","Id":"0QLf4000000sNKqGAM"},{"QuoteId":"0Q0f40000009bwtCAA","Id":"0QLf4000000sNKrGAM"}]}|0x6b9e755d
12:06:35.1 (18171830)|STATEMENT_EXECUTE|[10]
12:06:35.1 (18255820)|HEAP_ALLOCATE|[10]|Bytes:188
12:06:35.1 (18261150)|HEAP_ALLOCATE|[10]|Bytes:16
12:06:35.1 (18277246)|VARIABLE_SCOPE_BEGIN|[10]|q2|Quote|true|false
12:06:35.1 (18293700)|VARIABLE_ASSIGNMENT|[10]|q2|{"Name":"QUOTE 2","OpportunityId":"006f400000AO4MJAA1","QuoteLineItems":[{"QuoteId":"0Q0f40000009bwtCAA","Id":"0QLf4000000sNKqGAM"},{"QuoteId":"0Q0f40000009bwtCAA","Id":"0QLf4000000sNKrGAM"}]}|0x4641b81a
12:06:35.1 (18304866)|STATEMENT_EXECUTE|[11]
12:06:35.1 (18340574)|HEAP_ALLOCATE|[11]|Bytes:8
12:06:35.1 (18356446)|DML_BEGIN|[11]|Op:Insert|Type:Quote|Rows:1
12:06:35.1 (18396446)|HEAP_ALLOCATE|[EXTERNAL]|Bytes:8
12:06:35.1 (74339671)|DML_END|[11]
12:06:35.1 (74377132)|HEAP_ALLOCATE|[11]|Bytes:-4
12:06:35.1 (74414445)|METHOD_EXIT|[1]|01pf4000009Vx35|CloneQuote.cloneQuote(Id)
12:06:35.1 (74424737)|SYSTEM_MODE_EXIT|false
12:06:35.80 (80515858)|CUMULATIVE_LIMIT_USAGE
12:06:35.80 (80515858)|LIMIT_USAGE_FOR_NS|(default)|
  Number of SOQL queries: 1 out of 100
  Number of query rows: 3 out of 50000
  Number of SOSL queries: 0 out of 20
  Number of DML statements: 1 out of 150
  Number of DML rows: 1 out of 10000
  Maximum CPU time: 0 out of 10000
  Maximum heap size: 0 out of 6000000
  Number of callouts: 0 out of 100
  Number of Email Invocations: 0 out of 10
  Number of future calls: 0 out of 50
  Number of queueable jobs added to the queue: 0 out of 50
  Number of Mobile Apex push calls: 0 out of 10

12:06:35.80 (80515858)|CUMULATIVE_LIMIT_USAGE_END

12:06:35.1 (80561196)|CODE_UNIT_FINISHED|execute_anonymous_apex
12:06:35.1 (81471888)|EXECUTION_FINISHED
