42.0 APEX_CODE,FINEST;APEX_PROFILING,INFO;CALLOUT,INFO;DB,INFO;SYSTEM,DEBUG;VALIDATION,INFO;VISUALFORCE,INFO;WAVE,INFO;WORKFLOW,INFO
10:58:01.0 (59253)|USER_INFO|[EXTERNAL]|005f4000001uuP2|nmolinam@deloitte.com|Hora de Venezuela|GMT-04:00
10:58:01.0 (91546)|EXECUTION_STARTED
10:58:01.0 (96230)|CODE_UNIT_STARTED|[EXTERNAL]|Aura
10:58:01.0 (1152345)|CODE_UNIT_STARTED|[EXTERNAL]|01pf4000008WnsX|ViewQuotePDF.getPDF
10:58:01.0 (1303715)|HEAP_ALLOCATE|[72]|Bytes:3
10:58:01.0 (1332541)|HEAP_ALLOCATE|[77]|Bytes:152
10:58:01.0 (1347089)|HEAP_ALLOCATE|[342]|Bytes:408
10:58:01.0 (1360023)|HEAP_ALLOCATE|[355]|Bytes:408
10:58:01.0 (1370596)|HEAP_ALLOCATE|[467]|Bytes:48
10:58:01.0 (1394570)|HEAP_ALLOCATE|[139]|Bytes:6
10:58:01.0 (1440239)|HEAP_ALLOCATE|[EXTERNAL]|Bytes:4
10:58:01.0 (1445980)|HEAP_ALLOCATE|[EXTERNAL]|Bytes:4
10:58:01.0 (1454373)|METHOD_ENTRY|[1]|01pf4000008WnsX|ViewQuotePDF.ViewQuotePDF()
10:58:01.0 (1460816)|STATEMENT_EXECUTE|[1]
10:58:01.0 (1465654)|STATEMENT_EXECUTE|[1]
10:58:01.0 (1494990)|HEAP_ALLOCATE|[50]|Bytes:5
10:58:01.0 (1513953)|HEAP_ALLOCATE|[56]|Bytes:5
10:58:01.0 (1521489)|HEAP_ALLOCATE|[64]|Bytes:7
10:58:01.0 (1542863)|SYSTEM_MODE_ENTER|false
10:58:01.0 (1554538)|HEAP_ALLOCATE|[EXTERNAL]|Bytes:5
10:58:01.0 (1560097)|SYSTEM_MODE_EXIT|false
10:58:01.0 (1567468)|METHOD_EXIT|[1]|ViewQuotePDF
10:58:01.0 (1578078)|SYSTEM_MODE_ENTER|false
10:58:01.0 (1588684)|HEAP_ALLOCATE|[4]|Bytes:5
10:58:01.0 (1593626)|STATEMENT_EXECUTE|[3]
10:58:01.0 (1595535)|STATEMENT_EXECUTE|[4]
10:58:01.0 (1678614)|HEAP_ALLOCATE|[4]|Bytes:4
10:58:01.0 (1750912)|VARIABLE_SCOPE_BEGIN|[4]|quotes|List<Quote>|true|false
10:58:01.0 (1764119)|HEAP_ALLOCATE|[EXTERNAL]|Bytes:4
10:58:01.0 (1789024)|VARIABLE_ASSIGNMENT|[4]|quotes|[]|0x65b7b6dd
10:58:01.0 (1797320)|HEAP_ALLOCATE|[5]|Bytes:22
10:58:01.0 (1812214)|HEAP_ALLOCATE|[5]|Bytes:4
10:58:01.0 (2072154)|SOQL_EXECUTE_BEGIN|[5]|Aggregations:0|SELECT Name FROM Quote
10:58:01.0 (3532838)|SOQL_EXECUTE_END|[5]|Rows:1
10:58:01.0 (3552603)|HEAP_ALLOCATE|[EXTERNAL]|Bytes:8
10:58:01.0 (3697829)|HEAP_ALLOCATE|[5]|Bytes:54
10:58:01.0 (3707026)|HEAP_ALLOCATE|[5]|Bytes:8
10:58:01.0 (3716396)|SYSTEM_METHOD_ENTRY|[7]|QueryLocatorIterator.QueryLocatorIterator()
10:58:01.0 (3720624)|STATEMENT_EXECUTE|[7]
10:58:01.0 (3726943)|SYSTEM_METHOD_EXIT|[7]|QueryLocatorIterator
10:58:01.0 (3733942)|HEAP_ALLOCATE|[5]|Bytes:28
10:58:01.0 (3768698)|HEAP_ALLOCATE|[5]|Bytes:8
10:58:01.0 (3783155)|HEAP_ALLOCATE|[5]|Bytes:8
10:58:01.0 (3786612)|HEAP_ALLOCATE|[5]|Bytes:8
10:58:01.0 (3792057)|VARIABLE_SCOPE_BEGIN|[15]|this|Database.QueryLocatorIterator|true|false
10:58:01.0 (3827747)|VARIABLE_ASSIGNMENT|[15]|this|{}|0x1a4dbe28
10:58:01.0 (3834386)|VARIABLE_SCOPE_BEGIN|[15]|values|List<SObject>|true|false
10:58:01.0 (3854525)|VARIABLE_ASSIGNMENT|[15]|values|[{"Name":"first quote","Id":"0Q0f40000009VVICA2"}]|0x1787ae77
10:58:01.0 (3860323)|VARIABLE_SCOPE_BEGIN|[15]|ql|Database.QueryLocator|true|false
10:58:01.0 (3874394)|VARIABLE_ASSIGNMENT|[15]|ql|{"query":"SELECT Name FROM Quo (2 more) ..."}|0x45c5dfc2
10:58:01.0 (3879913)|VARIABLE_SCOPE_BEGIN|[15]|totalNumRecords|Integer|false|false
10:58:01.0 (3888444)|VARIABLE_ASSIGNMENT|[15]|totalNumRecords|1
10:58:01.0 (3892650)|VARIABLE_SCOPE_BEGIN|[15]|queryMoreSize|Integer|false|false
10:58:01.0 (3899502)|VARIABLE_ASSIGNMENT|[15]|queryMoreSize|49999
10:58:01.0 (3983151)|HEAP_ALLOCATE|[5]|Bytes:28
10:58:01.0 (4006582)|METHOD_ENTRY|[5]||Database.QueryLocatorIterator.hasNext()
10:58:01.0 (4052189)|METHOD_EXIT|[5]||Database.QueryLocatorIterator.hasNext()
10:58:01.0 (4059844)|METHOD_ENTRY|[5]||Database.QueryLocatorIterator.next()
10:58:01.0 (4126072)|METHOD_EXIT|[5]||Database.QueryLocatorIterator.next()
10:58:01.0 (4134525)|VARIABLE_SCOPE_BEGIN|[5]|q|Quote|true|false
10:58:01.0 (4148826)|VARIABLE_ASSIGNMENT|[5]|q|{"Name":"first quote","Id":"0Q0f40000009VVICA2"}|0x1500a3c4
10:58:01.0 (4155919)|STATEMENT_EXECUTE|[5]
10:58:01.0 (4157740)|STATEMENT_EXECUTE|[6]
10:58:01.0 (4187206)|HEAP_ALLOCATE|[EXTERNAL]|Bytes:4
10:58:01.0 (4199207)|METHOD_ENTRY|[5]||Database.QueryLocatorIterator.hasNext()
10:58:01.0 (4211053)|METHOD_EXIT|[5]||Database.QueryLocatorIterator.hasNext()
10:58:01.0 (4218822)|VARIABLE_ASSIGNMENT|[5]|q|null|
10:58:01.0 (4249451)|STATEMENT_EXECUTE|[10]
10:58:01.0 (4359297)|HEAP_ALLOCATE|[11]|Bytes:5
10:58:01.0 (4374252)|HEAP_ALLOCATE|[11]|Bytes:12
10:58:01.0 (4380661)|VARIABLE_SCOPE_BEGIN|[11]|q|Quote|true|false
10:58:01.0 (4393445)|VARIABLE_ASSIGNMENT|[11]|q|{"Name":"first quote","Id":"0Q0f40000009VVICA2"}|0x1500a3c4
10:58:01.0 (4399716)|STATEMENT_EXECUTE|[11]
10:58:01.0 (4401384)|STATEMENT_EXECUTE|[12]
10:58:01.0 (4404285)|HEAP_ALLOCATE|[12]|Bytes:20
10:58:01.0 (4443725)|HEAP_ALLOCATE|[12]|Bytes:31
10:58:01.0 (4471236)|USER_DEBUG|[12]|DEBUG|nombre de la quote: first quote
10:58:01.0 (4486380)|HEAP_ALLOCATE|[11]|Bytes:5
10:58:01.0 (4497619)|VARIABLE_ASSIGNMENT|[11]|q|null|
10:58:01.0 (4502775)|STATEMENT_EXECUTE|[16]
10:58:01.0 (4509025)|SYSTEM_MODE_EXIT|false
10:58:01.4 (4534848)|CUMULATIVE_LIMIT_USAGE
10:58:01.4 (4534848)|LIMIT_USAGE_FOR_NS|(default)|
  Number of SOQL queries: 1 out of 100
  Number of query rows: 1 out of 50000
  Number of SOSL queries: 0 out of 20
  Number of DML statements: 0 out of 150
  Number of DML rows: 0 out of 10000
  Maximum CPU time: 0 out of 10000
  Maximum heap size: 0 out of 6000000
  Number of callouts: 0 out of 100
  Number of Email Invocations: 0 out of 10
  Number of future calls: 0 out of 50
  Number of queueable jobs added to the queue: 0 out of 50
  Number of Mobile Apex push calls: 0 out of 10

10:58:01.4 (4534848)|CUMULATIVE_LIMIT_USAGE_END

10:58:01.0 (4572950)|CODE_UNIT_FINISHED|ViewQuotePDF.getPDF
10:58:01.0 (4629400)|CODE_UNIT_FINISHED|Aura
10:58:01.0 (5670883)|EXECUTION_FINISHED
