36.0 APEX_CODE,FINEST;APEX_PROFILING,INFO;CALLOUT,INFO;DB,INFO;SYSTEM,DEBUG;VALIDATION,INFO;VISUALFORCE,INFO;WAVE,INFO;WORKFLOW,INFO
14:20:06.0 (753890)|USER_INFO|[EXTERNAL]|005f4000001uuP2|nmolinam@deloitte.com|Hora de Venezuela|GMT-04:00
14:20:06.0 (790278)|EXECUTION_STARTED
14:20:06.0 (795046)|CODE_UNIT_STARTED|[EXTERNAL]|066f4000002h6Fz|VF: /apex/LightningPDFGeneratorDemo
14:20:06.0 (2272435)|SYSTEM_MODE_ENTER|true
14:20:06.0 (2662338)|HEAP_ALLOCATE|[72]|Bytes:3
14:20:06.0 (2707894)|HEAP_ALLOCATE|[77]|Bytes:152
14:20:06.0 (2724954)|HEAP_ALLOCATE|[342]|Bytes:408
14:20:06.0 (2737954)|HEAP_ALLOCATE|[355]|Bytes:408
14:20:06.0 (2748865)|HEAP_ALLOCATE|[467]|Bytes:48
14:20:06.0 (2776656)|HEAP_ALLOCATE|[139]|Bytes:6
14:20:06.0 (2795318)|HEAP_ALLOCATE|[EXTERNAL]|Bytes:84
14:20:06.0 (2800274)|HEAP_ALLOCATE|[EXTERNAL]|Bytes:5
14:20:06.0 (2809223)|METHOD_ENTRY|[1]|01pf4000008yCKF|DataDisplayController.DataDisplayController()
14:20:06.0 (2815614)|STATEMENT_EXECUTE|[1]
14:20:06.0 (2820720)|STATEMENT_EXECUTE|[1]
14:20:06.0 (2825680)|METHOD_EXIT|[1]|DataDisplayController
14:20:06.0 (2842474)|HEAP_ALLOCATE|[EXTERNAL]|Bytes:8
14:20:06.0 (2850015)|VARIABLE_SCOPE_BEGIN|[4]|this|DataDisplayController|true|false
14:20:06.0 (2893571)|VARIABLE_ASSIGNMENT|[4]|this|{}|0x77659a1
14:20:06.0 (2902960)|STATEMENT_EXECUTE|[1]
14:20:06.0 (2904673)|STATEMENT_EXECUTE|[2]
14:20:06.0 (2913537)|HEAP_ALLOCATE|[5]|Bytes:6
14:20:06.0 (2965648)|STATEMENT_EXECUTE|[4]
14:20:06.0 (2967717)|STATEMENT_EXECUTE|[5]
14:20:06.0 (2970304)|HEAP_ALLOCATE|[5]|Bytes:4
14:20:06.0 (3019161)|VARIABLE_ASSIGNMENT|[EXTERNAL]|this|{}|0x77659a1
14:20:06.0 (3039994)|VARIABLE_ASSIGNMENT|[EXTERNAL]|value|"test"
14:20:06.0 (3054895)|VARIABLE_ASSIGNMENT|[2]|this.PDFData|"test"|0x77659a1
14:20:06.0 (4046181)|SYSTEM_MODE_ENTER|true
14:20:06.0 (4385292)|VF_SERIALIZE_VIEWSTATE_BEGIN|066f4000002h6Fz
14:20:06.0 (19371812)|VF_SERIALIZE_VIEWSTATE_END
14:20:06.0 (20938214)|CODE_UNIT_STARTED|[EXTERNAL]|Generate Metadata
14:20:06.0 (21686235)|CODE_UNIT_FINISHED|Generate Metadata
14:20:06.24 (24015386)|CUMULATIVE_LIMIT_USAGE
14:20:06.24 (24015386)|LIMIT_USAGE_FOR_NS|(default)|
  Number of SOQL queries: 0 out of 100
  Number of query rows: 0 out of 50000
  Number of SOSL queries: 0 out of 20
  Number of DML statements: 0 out of 150
  Number of DML rows: 0 out of 10000
  Maximum CPU time: 0 out of 10000
  Maximum heap size: 0 out of 6000000
  Number of callouts: 0 out of 100
  Number of Email Invocations: 0 out of 10
  Number of future calls: 0 out of 50
  Number of queueable jobs added to the queue: 0 out of 50
  Number of Mobile Apex push calls: 0 out of 10

14:20:06.24 (24015386)|CUMULATIVE_LIMIT_USAGE_END

14:20:06.0 (24061191)|CODE_UNIT_FINISHED|VF: /apex/LightningPDFGeneratorDemo
14:20:06.0 (24997502)|EXECUTION_FINISHED
