36.0 APEX_CODE,FINEST;APEX_PROFILING,INFO;CALLOUT,INFO;DB,INFO;SYSTEM,DEBUG;VALIDATION,INFO;VISUALFORCE,INFO;WAVE,INFO;WORKFLOW,INFO
14:18:21.0 (357249)|USER_INFO|[EXTERNAL]|005f4000001uuP2|nmolinam@deloitte.com|Hora de Venezuela|GMT-04:00
14:18:21.0 (392779)|EXECUTION_STARTED
14:18:21.0 (398583)|CODE_UNIT_STARTED|[EXTERNAL]|066f4000002h6Fz|VF: /apex/LightningPDFGeneratorDemo
14:18:21.0 (5793938)|SYSTEM_MODE_ENTER|true
14:18:21.0 (6208809)|HEAP_ALLOCATE|[72]|Bytes:3
14:18:21.0 (6243492)|HEAP_ALLOCATE|[77]|Bytes:152
14:18:21.0 (6258473)|HEAP_ALLOCATE|[342]|Bytes:408
14:18:21.0 (6272550)|HEAP_ALLOCATE|[355]|Bytes:408
14:18:21.0 (6283973)|HEAP_ALLOCATE|[467]|Bytes:48
14:18:21.0 (6310528)|HEAP_ALLOCATE|[139]|Bytes:6
14:18:21.0 (6324534)|HEAP_ALLOCATE|[EXTERNAL]|Bytes:84
14:18:21.0 (6329900)|HEAP_ALLOCATE|[EXTERNAL]|Bytes:5
14:18:21.0 (6339484)|METHOD_ENTRY|[1]|01pf4000008yCKF|DataDisplayController.DataDisplayController()
14:18:21.0 (6345953)|STATEMENT_EXECUTE|[1]
14:18:21.0 (6374407)|STATEMENT_EXECUTE|[1]
14:18:21.0 (6381254)|METHOD_EXIT|[1]|DataDisplayController
14:18:21.0 (6398697)|HEAP_ALLOCATE|[EXTERNAL]|Bytes:8
14:18:21.0 (6408165)|VARIABLE_SCOPE_BEGIN|[4]|this|DataDisplayController|true|false
14:18:21.0 (6457079)|VARIABLE_ASSIGNMENT|[4]|this|{}|0x48360d52
14:18:21.0 (6465686)|STATEMENT_EXECUTE|[1]
14:18:21.0 (6467398)|STATEMENT_EXECUTE|[2]
14:18:21.0 (6473936)|HEAP_ALLOCATE|[5]|Bytes:6
14:18:21.0 (6523896)|STATEMENT_EXECUTE|[4]
14:18:21.0 (6525819)|STATEMENT_EXECUTE|[5]
14:18:21.0 (6528610)|HEAP_ALLOCATE|[5]|Bytes:4
14:18:21.0 (6595641)|VARIABLE_ASSIGNMENT|[EXTERNAL]|this|{}|0x48360d52
14:18:21.0 (6610053)|VARIABLE_ASSIGNMENT|[EXTERNAL]|value|"test"
14:18:21.0 (6624045)|VARIABLE_ASSIGNMENT|[2]|this.PDFData|"test"|0x48360d52
14:18:21.0 (7660510)|SYSTEM_MODE_ENTER|true
14:18:21.0 (8025660)|VF_SERIALIZE_VIEWSTATE_BEGIN|066f4000002h6Fz
14:18:21.0 (22927699)|VF_SERIALIZE_VIEWSTATE_END
14:18:21.0 (24048091)|CODE_UNIT_STARTED|[EXTERNAL]|Generate Metadata
14:18:21.0 (24581794)|CODE_UNIT_FINISHED|Generate Metadata
14:18:21.26 (26484519)|CUMULATIVE_LIMIT_USAGE
14:18:21.26 (26484519)|LIMIT_USAGE_FOR_NS|(default)|
  Number of SOQL queries: 0 out of 100
  Number of query rows: 0 out of 50000
  Number of SOSL queries: 0 out of 20
  Number of DML statements: 0 out of 150
  Number of DML rows: 0 out of 10000
  Maximum CPU time: 0 out of 10000
  Maximum heap size: 0 out of 6000000
  Number of callouts: 0 out of 100
  Number of Email Invocations: 0 out of 10
  Number of future calls: 0 out of 50
  Number of queueable jobs added to the queue: 0 out of 50
  Number of Mobile Apex push calls: 0 out of 10

14:18:21.26 (26484519)|CUMULATIVE_LIMIT_USAGE_END

14:18:21.0 (26516980)|CODE_UNIT_FINISHED|VF: /apex/LightningPDFGeneratorDemo
14:18:21.0 (27377527)|EXECUTION_FINISHED
