42.0 APEX_CODE,FINEST;APEX_PROFILING,INFO;CALLOUT,INFO;DB,INFO;SYSTEM,DEBUG;VALIDATION,INFO;VISUALFORCE,INFO;WAVE,INFO;WORKFLOW,INFO
14:27:19.0 (70137)|USER_INFO|[EXTERNAL]|005f4000001uuP2|nmolinam@deloitte.com|Hora de Venezuela|GMT-04:00
14:27:19.0 (115429)|EXECUTION_STARTED
14:27:19.0 (119802)|CODE_UNIT_STARTED|[EXTERNAL]|Aura
14:27:19.0 (1222931)|CODE_UNIT_STARTED|[EXTERNAL]|01pf4000008WnsX|ViewQuotePDF.getPDF
14:27:19.0 (1415329)|HEAP_ALLOCATE|[72]|Bytes:3
14:27:19.0 (1455830)|HEAP_ALLOCATE|[77]|Bytes:152
14:27:19.0 (1474458)|HEAP_ALLOCATE|[342]|Bytes:408
14:27:19.0 (1502620)|HEAP_ALLOCATE|[355]|Bytes:408
14:27:19.0 (1522168)|HEAP_ALLOCATE|[467]|Bytes:48
14:27:19.0 (1559796)|HEAP_ALLOCATE|[139]|Bytes:6
14:27:19.0 (1624534)|HEAP_ALLOCATE|[EXTERNAL]|Bytes:4
14:27:19.0 (1631190)|HEAP_ALLOCATE|[EXTERNAL]|Bytes:5
14:27:19.0 (1640962)|METHOD_ENTRY|[1]|01pf4000008WnsX|ViewQuotePDF.ViewQuotePDF()
14:27:19.0 (1648403)|STATEMENT_EXECUTE|[1]
14:27:19.0 (1652717)|STATEMENT_EXECUTE|[1]
14:27:19.0 (1681988)|HEAP_ALLOCATE|[50]|Bytes:5
14:27:19.0 (1698895)|HEAP_ALLOCATE|[56]|Bytes:5
14:27:19.0 (1706413)|HEAP_ALLOCATE|[64]|Bytes:7
14:27:19.0 (1730123)|SYSTEM_MODE_ENTER|false
14:27:19.0 (1742199)|HEAP_ALLOCATE|[EXTERNAL]|Bytes:5
14:27:19.0 (1749383)|SYSTEM_MODE_EXIT|false
14:27:19.0 (1758337)|METHOD_EXIT|[1]|ViewQuotePDF
14:27:19.0 (1769262)|SYSTEM_MODE_ENTER|false
14:27:19.0 (1781312)|HEAP_ALLOCATE|[4]|Bytes:5
14:27:19.0 (1786441)|STATEMENT_EXECUTE|[3]
14:27:19.0 (1788225)|STATEMENT_EXECUTE|[4]
14:27:19.0 (1879189)|HEAP_ALLOCATE|[4]|Bytes:4
14:27:19.0 (1959386)|VARIABLE_SCOPE_BEGIN|[4]|quotes|List<Quote>|true|false
14:27:19.0 (1980677)|HEAP_ALLOCATE|[EXTERNAL]|Bytes:4
14:27:19.0 (2013050)|VARIABLE_ASSIGNMENT|[4]|quotes|[]|0x6e675b8d
14:27:19.0 (2023123)|STATEMENT_EXECUTE|[5]
14:27:19.0 (2028907)|VARIABLE_SCOPE_BEGIN|[5]|pfdBase64|String|false|false
14:27:19.0 (2043227)|VARIABLE_ASSIGNMENT|[5]|pfdBase64|null
14:27:19.0 (2051868)|HEAP_ALLOCATE|[7]|Bytes:22
14:27:19.0 (2069943)|HEAP_ALLOCATE|[7]|Bytes:4
14:27:19.0 (2437872)|SOQL_EXECUTE_BEGIN|[7]|Aggregations:0|SELECT Name FROM Quote
14:27:19.0 (4434291)|SOQL_EXECUTE_END|[7]|Rows:1
14:27:19.0 (4454439)|HEAP_ALLOCATE|[EXTERNAL]|Bytes:8
14:27:19.0 (4604409)|HEAP_ALLOCATE|[7]|Bytes:54
14:27:19.0 (4613557)|HEAP_ALLOCATE|[7]|Bytes:8
14:27:19.0 (4626348)|SYSTEM_METHOD_ENTRY|[7]|QueryLocatorIterator.QueryLocatorIterator()
14:27:19.0 (4631788)|STATEMENT_EXECUTE|[7]
14:27:19.0 (4638758)|SYSTEM_METHOD_EXIT|[7]|QueryLocatorIterator
14:27:19.0 (4646003)|HEAP_ALLOCATE|[7]|Bytes:28
14:27:19.0 (4678104)|HEAP_ALLOCATE|[7]|Bytes:8
14:27:19.0 (4692401)|HEAP_ALLOCATE|[7]|Bytes:8
14:27:19.0 (4696143)|HEAP_ALLOCATE|[7]|Bytes:8
14:27:19.0 (4702275)|VARIABLE_SCOPE_BEGIN|[15]|this|Database.QueryLocatorIterator|true|false
14:27:19.0 (4735093)|VARIABLE_ASSIGNMENT|[15]|this|{}|0x55fe2b70
14:27:19.0 (4742248)|VARIABLE_SCOPE_BEGIN|[15]|values|List<SObject>|true|false
14:27:19.0 (4760526)|VARIABLE_ASSIGNMENT|[15]|values|[{"Name":"first quote","Id":"0Q0f40000009VVICA2"}]|0x761a8496
14:27:19.0 (4766988)|VARIABLE_SCOPE_BEGIN|[15]|ql|Database.QueryLocator|true|false
14:27:19.0 (4788157)|VARIABLE_ASSIGNMENT|[15]|ql|{"query":"SELECT Name FROM Quo (2 more) ..."}|0x37a29d76
14:27:19.0 (4794000)|VARIABLE_SCOPE_BEGIN|[15]|totalNumRecords|Integer|false|false
14:27:19.0 (4802848)|VARIABLE_ASSIGNMENT|[15]|totalNumRecords|1
14:27:19.0 (4807719)|VARIABLE_SCOPE_BEGIN|[15]|queryMoreSize|Integer|false|false
14:27:19.0 (4814304)|VARIABLE_ASSIGNMENT|[15]|queryMoreSize|49999
14:27:19.0 (4952841)|HEAP_ALLOCATE|[7]|Bytes:28
14:27:19.0 (4984992)|METHOD_ENTRY|[7]||Database.QueryLocatorIterator.hasNext()
14:27:19.0 (5045311)|METHOD_EXIT|[7]||Database.QueryLocatorIterator.hasNext()
14:27:19.0 (5079788)|METHOD_ENTRY|[7]||Database.QueryLocatorIterator.next()
14:27:19.0 (5210013)|METHOD_EXIT|[7]||Database.QueryLocatorIterator.next()
14:27:19.0 (5223703)|VARIABLE_SCOPE_BEGIN|[7]|q|Quote|true|false
14:27:19.0 (5246810)|VARIABLE_ASSIGNMENT|[7]|q|{"Name":"first quote","Id":"0Q0f40000009VVICA2"}|0x3d9045a
14:27:19.0 (5255904)|STATEMENT_EXECUTE|[7]
14:27:19.0 (5258447)|STATEMENT_EXECUTE|[8]
14:27:19.0 (5297487)|HEAP_ALLOCATE|[EXTERNAL]|Bytes:4
14:27:19.0 (5313915)|METHOD_ENTRY|[7]||Database.QueryLocatorIterator.hasNext()
14:27:19.0 (5334140)|METHOD_EXIT|[7]||Database.QueryLocatorIterator.hasNext()
14:27:19.0 (5344769)|VARIABLE_ASSIGNMENT|[7]|q|null|
14:27:19.0 (5408956)|STATEMENT_EXECUTE|[13]
14:27:19.0 (5530783)|HEAP_ALLOCATE|[14]|Bytes:5
14:27:19.0 (5583154)|HEAP_ALLOCATE|[14]|Bytes:12
14:27:19.0 (5593454)|VARIABLE_SCOPE_BEGIN|[14]|q|Quote|true|false
14:27:19.0 (5609378)|VARIABLE_ASSIGNMENT|[14]|q|{"Name":"first quote","Id":"0Q0f40000009VVICA2"}|0x3d9045a
14:27:19.0 (5615500)|STATEMENT_EXECUTE|[14]
14:27:19.0 (5617215)|STATEMENT_EXECUTE|[15]
14:27:19.0 (5620627)|HEAP_ALLOCATE|[15]|Bytes:20
14:27:19.0 (5658781)|HEAP_ALLOCATE|[15]|Bytes:31
14:27:19.0 (5714627)|USER_DEBUG|[15]|DEBUG|nombre de la quote: first quote
14:27:19.0 (5733557)|HEAP_ALLOCATE|[14]|Bytes:5
14:27:19.0 (5745870)|VARIABLE_ASSIGNMENT|[14]|q|null|
14:27:19.0 (5750786)|STATEMENT_EXECUTE|[18]
14:27:19.0 (5753768)|HEAP_ALLOCATE|[18]|Bytes:53
14:27:19.0 (5765477)|HEAP_ALLOCATE|[18]|Bytes:4
14:27:19.0 (5772647)|HEAP_ALLOCATE|[18]|Bytes:7
14:27:19.0 (5799076)|HEAP_ALLOCATE|[18]|Bytes:12
14:27:19.0 (6630108)|SOQL_EXECUTE_BEGIN|[18]|Aggregations:0|SELECT Body FROM Attachment WHERE ParentId = :tmpVar1
14:27:19.0 (9767792)|SOQL_EXECUTE_END|[18]|Rows:0
14:27:19.0 (9791996)|HEAP_ALLOCATE|[18]|Bytes:4
14:27:19.0 (9801479)|HEAP_ALLOCATE|[18]|Bytes:0
14:27:19.0 (9862081)|HEAP_ALLOCATE|[18]|Bytes:4
14:27:19.0 (9876238)|VARIABLE_SCOPE_BEGIN|[18]|attachements|List<Attachment>|true|false
14:27:19.0 (9894164)|VARIABLE_ASSIGNMENT|[18]|attachements|[]|0x2c3dadfc
14:27:19.0 (9901002)|STATEMENT_EXECUTE|[25]
14:27:19.0 (9905083)|HEAP_ALLOCATE|[25]|Bytes:10904
14:27:19.0 (9917648)|SYSTEM_MODE_EXIT|false
14:27:19.9 (9942747)|CUMULATIVE_LIMIT_USAGE
14:27:19.9 (9942747)|LIMIT_USAGE_FOR_NS|(default)|
  Number of SOQL queries: 2 out of 100
  Number of query rows: 1 out of 50000
  Number of SOSL queries: 0 out of 20
  Number of DML statements: 0 out of 150
  Number of DML rows: 0 out of 10000
  Maximum CPU time: 0 out of 10000
  Maximum heap size: 0 out of 6000000
  Number of callouts: 0 out of 100
  Number of Email Invocations: 0 out of 10
  Number of future calls: 0 out of 50
  Number of queueable jobs added to the queue: 0 out of 50
  Number of Mobile Apex push calls: 0 out of 10

14:27:19.9 (9942747)|CUMULATIVE_LIMIT_USAGE_END

14:27:19.0 (9978245)|CODE_UNIT_FINISHED|ViewQuotePDF.getPDF
14:27:19.0 (10238259)|CODE_UNIT_FINISHED|Aura
14:27:19.0 (11825188)|EXECUTION_FINISHED
