42.0 APEX_CODE,FINEST;APEX_PROFILING,INFO;CALLOUT,INFO;DB,INFO;SYSTEM,DEBUG;VALIDATION,INFO;VISUALFORCE,INFO;WAVE,INFO;WORKFLOW,INFO
15:34:59.0 (58743)|USER_INFO|[EXTERNAL]|005f4000001uuP2|nmolinam@deloitte.com|Hora de Venezuela|GMT-04:00
15:34:59.0 (89172)|EXECUTION_STARTED
15:34:59.0 (92903)|CODE_UNIT_STARTED|[EXTERNAL]|Aura
15:34:59.0 (583934)|HEAP_ALLOCATE|[72]|Bytes:3
15:34:59.0 (617533)|HEAP_ALLOCATE|[77]|Bytes:152
15:34:59.0 (630459)|HEAP_ALLOCATE|[342]|Bytes:408
15:34:59.0 (642817)|HEAP_ALLOCATE|[355]|Bytes:408
15:34:59.0 (653384)|HEAP_ALLOCATE|[467]|Bytes:48
15:34:59.0 (679943)|HEAP_ALLOCATE|[139]|Bytes:6
15:34:59.0 (693260)|HEAP_ALLOCATE|[EXTERNAL]|Bytes:18
15:34:59.0 (702439)|HEAP_ALLOCATE|[EXTERNAL]|Bytes:4
15:34:59.0 (1487227)|CODE_UNIT_STARTED|[EXTERNAL]|01pf4000009Vx35|CloneQuote.cloneQuote
15:34:59.0 (1631662)|HEAP_ALLOCATE|[EXTERNAL]|Bytes:1
15:34:59.0 (1650323)|METHOD_ENTRY|[1]|01pf4000009Vx35|CloneQuote.CloneQuote()
15:34:59.0 (1660876)|STATEMENT_EXECUTE|[1]
15:34:59.0 (1668541)|STATEMENT_EXECUTE|[1]
15:34:59.0 (1708046)|HEAP_ALLOCATE|[50]|Bytes:5
15:34:59.0 (1746681)|HEAP_ALLOCATE|[56]|Bytes:5
15:34:59.0 (1761056)|HEAP_ALLOCATE|[64]|Bytes:7
15:34:59.0 (1792363)|SYSTEM_MODE_ENTER|false
15:34:59.0 (1808415)|HEAP_ALLOCATE|[EXTERNAL]|Bytes:5
15:34:59.0 (1817998)|SYSTEM_MODE_EXIT|false
15:34:59.0 (1830553)|METHOD_EXIT|[1]|CloneQuote
15:34:59.0 (1838866)|HEAP_ALLOCATE|[EXTERNAL]|Bytes:4
15:34:59.0 (1852456)|SYSTEM_MODE_ENTER|false
15:34:59.0 (1862415)|VARIABLE_SCOPE_BEGIN|[3]|quoteId|Id|false|false
15:34:59.0 (2160723)|VARIABLE_ASSIGNMENT|[3]|quoteId|"0Q0f40000009kKqCAI"
15:34:59.0 (2193189)|HEAP_ALLOCATE|[6]|Bytes:5
15:34:59.0 (2201185)|STATEMENT_EXECUTE|[3]
15:34:59.0 (2203449)|STATEMENT_EXECUTE|[4]
15:34:59.0 (2208170)|HEAP_ALLOCATE|[6]|Bytes:183
15:34:59.0 (2230714)|HEAP_ALLOCATE|[6]|Bytes:4
15:34:59.0 (2246806)|HEAP_ALLOCATE|[6]|Bytes:7
15:34:59.0 (2970307)|SOQL_EXECUTE_BEGIN|[6]|Aggregations:1|SELECT Name, OPPORTUNITYiD, Pricebook2Id, (SELECT QuoteId, Description, Discount, PricebookEntryId, Quantity, Product2Id, UnitPrice FROM QuoteLineItems) FROM QUOTE WHERE ID = :tmpVar1
15:34:59.0 (7475916)|SOQL_EXECUTE_END|[6]|Rows:1
15:34:59.0 (7503100)|HEAP_ALLOCATE|[6]|Bytes:8
15:34:59.0 (7519103)|HEAP_ALLOCATE|[6]|Bytes:113
15:34:59.0 (7616457)|HEAP_ALLOCATE|[6]|Bytes:8
15:34:59.0 (7628564)|HEAP_ALLOCATE|[4]|Bytes:31
15:34:59.0 (7673458)|HEAP_ALLOCATE|[4]|Bytes:20
15:34:59.0 (7683169)|VARIABLE_SCOPE_BEGIN|[4]|q1|Quote|true|false
15:34:59.0 (7712230)|VARIABLE_ASSIGNMENT|[4]|q1|{"Name":"QUOTE 2","OpportunityId":"006f400000AO4MJAA1","Pricebook2Id":"01sf4000003Vb8JAAS","Id":"0Q0f40000009kKqCAI"}|0x2283c305
15:34:59.0 (7725445)|STATEMENT_EXECUTE|[11]
15:34:59.0 (7808413)|HEAP_ALLOCATE|[11]|Bytes:88
15:34:59.0 (7813809)|HEAP_ALLOCATE|[11]|Bytes:16
15:34:59.0 (7830568)|VARIABLE_SCOPE_BEGIN|[11]|q2|Quote|true|false
15:34:59.0 (7845946)|VARIABLE_ASSIGNMENT|[11]|q2|{"Name":"QUOTE 2","OpportunityId":"006f400000AO4MJAA1","Pricebook2Id":"01sf4000003Vb8JAAS"}|0x262ca9b8
15:34:59.0 (7852646)|STATEMENT_EXECUTE|[12]
15:34:59.0 (7915775)|VARIABLE_ASSIGNMENT|[12]|this.Pricebook2Id|"01sf4000003Vb8JAAS"|0x262ca9b8
15:34:59.0 (7922827)|STATEMENT_EXECUTE|[14]
15:34:59.0 (7946132)|HEAP_ALLOCATE|[14]|Bytes:8
15:34:59.0 (7953377)|DML_BEGIN|[14]|Op:Insert|Type:Quote|Rows:1
15:34:59.0 (7979206)|HEAP_ALLOCATE|[EXTERNAL]|Bytes:8
15:34:59.0 (41732574)|DML_END|[14]
15:34:59.0 (41750708)|HEAP_ALLOCATE|[14]|Bytes:-4
15:34:59.0 (41774935)|STATEMENT_EXECUTE|[15]
15:34:59.0 (41811684)|VARIABLE_SCOPE_BEGIN|[15]|idQuote|Id|false|false
15:34:59.0 (41926935)|VARIABLE_ASSIGNMENT|[15]|idQuote|"0Q0f40000009kLeCAI"
15:34:59.0 (41938795)|STATEMENT_EXECUTE|[18]
15:34:59.0 (41945409)|HEAP_ALLOCATE|[18]|Bytes:14
15:34:59.0 (41956907)|HEAP_ALLOCATE|[18]|Bytes:13
15:34:59.0 (42007728)|HEAP_ALLOCATE|[EXTERNAL]|Bytes:4
15:34:59.0 (42089498)|HEAP_ALLOCATE|[18]|Bytes:4
15:34:59.0 (42107848)|VARIABLE_SCOPE_BEGIN|[18]|items|List<QuoteLineItem>|true|false
15:34:59.0 (42133266)|VARIABLE_ASSIGNMENT|[18]|items|[]|0x5efc83a3
15:34:59.0 (42399567)|HEAP_ALLOCATE|[20]|Bytes:5
15:34:59.0 (42427176)|VARIABLE_ASSIGNMENT|[20]|i|null|
15:34:59.0 (42436359)|STATEMENT_EXECUTE|[20]
15:34:59.0 (42447748)|SYSTEM_MODE_EXIT|false
15:34:59.46 (46536645)|CUMULATIVE_LIMIT_USAGE
15:34:59.46 (46536645)|LIMIT_USAGE_FOR_NS|(default)|
  Number of SOQL queries: 1 out of 100
  Number of query rows: 1 out of 50000
  Number of SOSL queries: 0 out of 20
  Number of DML statements: 1 out of 150
  Number of DML rows: 1 out of 10000
  Maximum CPU time: 0 out of 10000
  Maximum heap size: 0 out of 6000000
  Number of callouts: 0 out of 100
  Number of Email Invocations: 0 out of 10
  Number of future calls: 0 out of 50
  Number of queueable jobs added to the queue: 0 out of 50
  Number of Mobile Apex push calls: 0 out of 10

15:34:59.46 (46536645)|CUMULATIVE_LIMIT_USAGE_END

15:34:59.0 (46572771)|CODE_UNIT_FINISHED|CloneQuote.cloneQuote
15:34:59.0 (46625282)|CODE_UNIT_FINISHED|Aura
15:34:59.0 (47444217)|EXECUTION_FINISHED
