42.0 APEX_CODE,FINEST;APEX_PROFILING,INFO;CALLOUT,INFO;DB,INFO;SYSTEM,DEBUG;VALIDATION,INFO;VISUALFORCE,INFO;WAVE,INFO;WORKFLOW,INFO
14:56:10.0 (69938)|USER_INFO|[EXTERNAL]|005f4000001uuP2|nmolinam@deloitte.com|Hora de Venezuela|GMT-04:00
14:56:10.0 (108255)|EXECUTION_STARTED
14:56:10.0 (112775)|CODE_UNIT_STARTED|[EXTERNAL]|Aura
14:56:10.0 (1244431)|CODE_UNIT_STARTED|[EXTERNAL]|01pf4000008WnsX|ViewQuotePDF.getPDF
14:56:10.0 (1428540)|HEAP_ALLOCATE|[72]|Bytes:3
14:56:10.0 (1461605)|HEAP_ALLOCATE|[77]|Bytes:152
14:56:10.0 (1474690)|HEAP_ALLOCATE|[342]|Bytes:408
14:56:10.0 (1495313)|HEAP_ALLOCATE|[355]|Bytes:408
14:56:10.0 (1507012)|HEAP_ALLOCATE|[467]|Bytes:48
14:56:10.0 (1532710)|HEAP_ALLOCATE|[139]|Bytes:6
14:56:10.0 (1590915)|HEAP_ALLOCATE|[EXTERNAL]|Bytes:4
14:56:10.0 (1597455)|HEAP_ALLOCATE|[EXTERNAL]|Bytes:8
14:56:10.0 (1606899)|METHOD_ENTRY|[1]|01pf4000008WnsX|ViewQuotePDF.ViewQuotePDF()
14:56:10.0 (1613949)|STATEMENT_EXECUTE|[1]
14:56:10.0 (1619393)|STATEMENT_EXECUTE|[1]
14:56:10.0 (1650387)|HEAP_ALLOCATE|[50]|Bytes:5
14:56:10.0 (1670654)|HEAP_ALLOCATE|[56]|Bytes:5
14:56:10.0 (1678308)|HEAP_ALLOCATE|[64]|Bytes:7
14:56:10.0 (1701691)|SYSTEM_MODE_ENTER|false
14:56:10.0 (1716077)|HEAP_ALLOCATE|[EXTERNAL]|Bytes:5
14:56:10.0 (1724744)|SYSTEM_MODE_EXIT|false
14:56:10.0 (1734993)|METHOD_EXIT|[1]|ViewQuotePDF
14:56:10.0 (1745348)|SYSTEM_MODE_ENTER|false
14:56:10.0 (1757699)|HEAP_ALLOCATE|[4]|Bytes:5
14:56:10.0 (1762637)|STATEMENT_EXECUTE|[3]
14:56:10.0 (1764566)|STATEMENT_EXECUTE|[4]
14:56:10.0 (1851791)|HEAP_ALLOCATE|[4]|Bytes:4
14:56:10.0 (1954194)|VARIABLE_SCOPE_BEGIN|[4]|quotes|List<Quote>|true|false
14:56:10.0 (1969068)|HEAP_ALLOCATE|[EXTERNAL]|Bytes:4
14:56:10.0 (1995431)|VARIABLE_ASSIGNMENT|[4]|quotes|[]|0xf8ab69e
14:56:10.0 (2001834)|STATEMENT_EXECUTE|[5]
14:56:10.0 (2006779)|VARIABLE_SCOPE_BEGIN|[5]|pfdBase64|String|false|false
14:56:10.0 (2017979)|VARIABLE_ASSIGNMENT|[5]|pfdBase64|null
14:56:10.0 (2024067)|HEAP_ALLOCATE|[7]|Bytes:22
14:56:10.0 (2037761)|HEAP_ALLOCATE|[7]|Bytes:4
14:56:10.0 (2305374)|SOQL_EXECUTE_BEGIN|[7]|Aggregations:0|SELECT Name FROM Quote
14:56:10.0 (4000011)|SOQL_EXECUTE_END|[7]|Rows:1
14:56:10.0 (4022613)|HEAP_ALLOCATE|[EXTERNAL]|Bytes:8
14:56:10.0 (4179791)|HEAP_ALLOCATE|[7]|Bytes:54
14:56:10.0 (4189281)|HEAP_ALLOCATE|[7]|Bytes:8
14:56:10.0 (4198676)|SYSTEM_METHOD_ENTRY|[7]|QueryLocatorIterator.QueryLocatorIterator()
14:56:10.0 (4203547)|STATEMENT_EXECUTE|[7]
14:56:10.0 (4209986)|SYSTEM_METHOD_EXIT|[7]|QueryLocatorIterator
14:56:10.0 (4217132)|HEAP_ALLOCATE|[7]|Bytes:28
14:56:10.0 (4246001)|HEAP_ALLOCATE|[7]|Bytes:8
14:56:10.0 (4258934)|HEAP_ALLOCATE|[7]|Bytes:8
14:56:10.0 (4262577)|HEAP_ALLOCATE|[7]|Bytes:8
14:56:10.0 (4267726)|VARIABLE_SCOPE_BEGIN|[15]|this|Database.QueryLocatorIterator|true|false
14:56:10.0 (4300913)|VARIABLE_ASSIGNMENT|[15]|this|{}|0x521f015e
14:56:10.0 (4308399)|VARIABLE_SCOPE_BEGIN|[15]|values|List<SObject>|true|false
14:56:10.0 (4331627)|VARIABLE_ASSIGNMENT|[15]|values|[{"Name":"first quote","Id":"0Q0f40000009VVICA2"}]|0xb4e66df
14:56:10.0 (4338489)|VARIABLE_SCOPE_BEGIN|[15]|ql|Database.QueryLocator|true|false
14:56:10.0 (4359674)|VARIABLE_ASSIGNMENT|[15]|ql|{"query":"SELECT Name FROM Quo (2 more) ..."}|0x5439f2d9
14:56:10.0 (4366070)|VARIABLE_SCOPE_BEGIN|[15]|totalNumRecords|Integer|false|false
14:56:10.0 (4375936)|VARIABLE_ASSIGNMENT|[15]|totalNumRecords|1
14:56:10.0 (4380130)|VARIABLE_SCOPE_BEGIN|[15]|queryMoreSize|Integer|false|false
14:56:10.0 (4387238)|VARIABLE_ASSIGNMENT|[15]|queryMoreSize|49999
14:56:10.0 (4474205)|HEAP_ALLOCATE|[7]|Bytes:28
14:56:10.0 (4504254)|METHOD_ENTRY|[7]||Database.QueryLocatorIterator.hasNext()
14:56:10.0 (4548657)|METHOD_EXIT|[7]||Database.QueryLocatorIterator.hasNext()
14:56:10.0 (4556278)|METHOD_ENTRY|[7]||Database.QueryLocatorIterator.next()
14:56:10.0 (4626607)|METHOD_EXIT|[7]||Database.QueryLocatorIterator.next()
14:56:10.0 (4635202)|VARIABLE_SCOPE_BEGIN|[7]|q|Quote|true|false
14:56:10.0 (4650045)|VARIABLE_ASSIGNMENT|[7]|q|{"Name":"first quote","Id":"0Q0f40000009VVICA2"}|0x8bf952d
14:56:10.0 (4657564)|STATEMENT_EXECUTE|[7]
14:56:10.0 (4659982)|STATEMENT_EXECUTE|[8]
14:56:10.0 (4690427)|HEAP_ALLOCATE|[EXTERNAL]|Bytes:4
14:56:10.0 (4702202)|METHOD_ENTRY|[7]||Database.QueryLocatorIterator.hasNext()
14:56:10.0 (4715598)|METHOD_EXIT|[7]||Database.QueryLocatorIterator.hasNext()
14:56:10.0 (4724012)|VARIABLE_ASSIGNMENT|[7]|q|null|
14:56:10.0 (4763448)|STATEMENT_EXECUTE|[13]
14:56:10.0 (4833252)|HEAP_ALLOCATE|[14]|Bytes:5
14:56:10.0 (4847653)|HEAP_ALLOCATE|[14]|Bytes:12
14:56:10.0 (4854312)|VARIABLE_SCOPE_BEGIN|[14]|q|Quote|true|false
14:56:10.0 (4868217)|VARIABLE_ASSIGNMENT|[14]|q|{"Name":"first quote","Id":"0Q0f40000009VVICA2"}|0x8bf952d
14:56:10.0 (4874930)|STATEMENT_EXECUTE|[14]
14:56:10.0 (4876734)|STATEMENT_EXECUTE|[15]
14:56:10.0 (4880097)|HEAP_ALLOCATE|[15]|Bytes:20
14:56:10.0 (4923313)|HEAP_ALLOCATE|[15]|Bytes:31
14:56:10.0 (4951287)|USER_DEBUG|[15]|DEBUG|nombre de la quote: first quote
14:56:10.0 (4967914)|HEAP_ALLOCATE|[14]|Bytes:5
14:56:10.0 (4978298)|VARIABLE_ASSIGNMENT|[14]|q|null|
14:56:10.0 (4983228)|STATEMENT_EXECUTE|[18]
14:56:10.0 (4985741)|HEAP_ALLOCATE|[18]|Bytes:53
14:56:10.0 (4997783)|HEAP_ALLOCATE|[18]|Bytes:4
14:56:10.0 (5004712)|HEAP_ALLOCATE|[18]|Bytes:7
14:56:10.0 (5029917)|HEAP_ALLOCATE|[18]|Bytes:12
14:56:10.0 (5731881)|SOQL_EXECUTE_BEGIN|[18]|Aggregations:0|SELECT Body FROM Attachment WHERE ParentId = :tmpVar1
14:56:10.0 (8285855)|SOQL_EXECUTE_END|[18]|Rows:0
14:56:10.0 (8311826)|HEAP_ALLOCATE|[18]|Bytes:4
14:56:10.0 (8321477)|HEAP_ALLOCATE|[18]|Bytes:0
14:56:10.0 (8375756)|HEAP_ALLOCATE|[18]|Bytes:4
14:56:10.0 (8391475)|VARIABLE_SCOPE_BEGIN|[18]|attachements|List<Attachment>|true|false
14:56:10.0 (8412288)|VARIABLE_ASSIGNMENT|[18]|attachements|[]|0x57d20de1
14:56:10.0 (8420124)|STATEMENT_EXECUTE|[20]
14:56:10.0 (8423959)|HEAP_ALLOCATE|[20]|Bytes:49
14:56:10.0 (9110290)|HEAP_ALLOCATE|[20]|Bytes:4
14:56:10.0 (9147320)|USER_DEBUG|[20]|DEBUG|Blob[903]
14:56:10.0 (9157343)|STATEMENT_EXECUTE|[24]
14:56:10.0 (9668373)|HEAP_ALLOCATE|[24]|Bytes:4
14:56:10.0 (9944550)|HEAP_ALLOCATE|[24]|Bytes:36
14:56:10.0 (10042691)|FATAL_ERROR|System.StringException: BLOB is not a valid UTF-8 string

Class.ViewQuotePDF.getPDF: line 24, column 1
14:56:10.0 (10056674)|FATAL_ERROR|System.StringException: BLOB is not a valid UTF-8 string

Class.ViewQuotePDF.getPDF: line 24, column 1
14:56:10.10 (10064090)|CUMULATIVE_LIMIT_USAGE
14:56:10.10 (10064090)|LIMIT_USAGE_FOR_NS|(default)|
  Number of SOQL queries: 2 out of 100
  Number of query rows: 1 out of 50000
  Number of SOSL queries: 0 out of 20
  Number of DML statements: 0 out of 150
  Number of DML rows: 0 out of 10000
  Maximum CPU time: 0 out of 10000
  Maximum heap size: 0 out of 6000000
  Number of callouts: 0 out of 100
  Number of Email Invocations: 0 out of 10
  Number of future calls: 0 out of 50
  Number of queueable jobs added to the queue: 0 out of 50
  Number of Mobile Apex push calls: 0 out of 10

14:56:10.10 (10064090)|CUMULATIVE_LIMIT_USAGE_END

14:56:10.0 (10110505)|CODE_UNIT_FINISHED|ViewQuotePDF.getPDF
14:56:10.0 (19169678)|CODE_UNIT_FINISHED|Aura
14:56:10.0 (20281786)|EXECUTION_FINISHED
