42.0 APEX_CODE,FINEST;APEX_PROFILING,INFO;CALLOUT,INFO;DB,INFO;SYSTEM,DEBUG;VALIDATION,INFO;VISUALFORCE,INFO;WAVE,INFO;WORKFLOW,INFO
Execute Anonymous: CloneQuote.cloneQuote('0Q0f40000009bwtCAA');
13:25:24.1 (1212412)|USER_INFO|[EXTERNAL]|005f4000001uuP2|nmolinam@deloitte.com|Hora de Venezuela|GMT-04:00
13:25:24.1 (1367090)|EXECUTION_STARTED
13:25:24.1 (1371331)|CODE_UNIT_STARTED|[EXTERNAL]|execute_anonymous_apex
13:25:24.1 (1548864)|HEAP_ALLOCATE|[72]|Bytes:3
13:25:24.1 (1620905)|HEAP_ALLOCATE|[77]|Bytes:152
13:25:24.1 (1637565)|HEAP_ALLOCATE|[342]|Bytes:408
13:25:24.1 (1648969)|HEAP_ALLOCATE|[355]|Bytes:408
13:25:24.1 (1660645)|HEAP_ALLOCATE|[467]|Bytes:48
13:25:24.1 (1711342)|HEAP_ALLOCATE|[139]|Bytes:6
13:25:24.1 (1730794)|HEAP_ALLOCATE|[EXTERNAL]|Bytes:1
13:25:24.1 (1823004)|STATEMENT_EXECUTE|[1]
13:25:24.1 (1826413)|STATEMENT_EXECUTE|[1]
13:25:24.1 (1829579)|HEAP_ALLOCATE|[1]|Bytes:18
13:25:24.1 (1851777)|HEAP_ALLOCATE|[1]|Bytes:4
13:25:24.1 (1904580)|HEAP_ALLOCATE|[50]|Bytes:5
13:25:24.1 (1925092)|HEAP_ALLOCATE|[56]|Bytes:5
13:25:24.1 (1933761)|HEAP_ALLOCATE|[64]|Bytes:7
13:25:24.1 (1954947)|SYSTEM_MODE_ENTER|false
13:25:24.1 (2039301)|HEAP_ALLOCATE|[1]|Bytes:5
13:25:24.1 (10314746)|HEAP_ALLOCATE|[1]|Bytes:1
13:25:24.1 (10338169)|HEAP_ALLOCATE|[1]|Bytes:2
13:25:24.1 (10387431)|METHOD_ENTRY|[1]|01pf4000009Vx35|CloneQuote.CloneQuote()
13:25:24.1 (10399977)|STATEMENT_EXECUTE|[1]
13:25:24.1 (10407868)|STATEMENT_EXECUTE|[1]
13:25:24.1 (10423976)|HEAP_ALLOCATE|[1]|Bytes:5
13:25:24.1 (10454777)|METHOD_EXIT|[1]|CloneQuote
13:25:24.1 (10559133)|METHOD_ENTRY|[1]|01pf4000009Vx35|CloneQuote.cloneQuote(Id)
13:25:24.1 (10626073)|VARIABLE_SCOPE_BEGIN|[3]|quoteId|Id|false|false
13:25:24.1 (10768513)|VARIABLE_ASSIGNMENT|[3]|quoteId|"0Q0f40000009bwtCAA"
13:25:24.1 (10795413)|HEAP_ALLOCATE|[6]|Bytes:5
13:25:24.1 (10803475)|STATEMENT_EXECUTE|[3]
13:25:24.1 (10806141)|STATEMENT_EXECUTE|[4]
13:25:24.1 (10810628)|HEAP_ALLOCATE|[6]|Bytes:158
13:25:24.1 (10829967)|HEAP_ALLOCATE|[6]|Bytes:4
13:25:24.1 (10870066)|HEAP_ALLOCATE|[6]|Bytes:7
13:25:24.1 (11313602)|SOQL_EXECUTE_BEGIN|[6]|Aggregations:1|SELECT Name, OPPORTUNITYiD, (SELECT QuoteId, Description, Discount, PricebookEntryId, Quantity, Product2Id FROM QuoteLineItems) FROM QUOTE WHERE ID = :tmpVar1
13:25:24.1 (23741433)|SOQL_EXECUTE_END|[6]|Rows:1
13:25:24.1 (23776394)|HEAP_ALLOCATE|[6]|Bytes:8
13:25:24.1 (23805729)|HEAP_ALLOCATE|[6]|Bytes:449
13:25:24.1 (23890417)|HEAP_ALLOCATE|[6]|Bytes:8
13:25:24.1 (23902785)|HEAP_ALLOCATE|[4]|Bytes:31
13:25:24.1 (23933561)|HEAP_ALLOCATE|[4]|Bytes:20
13:25:24.1 (23962782)|VARIABLE_SCOPE_BEGIN|[4]|q1|Quote|true|false
13:25:24.1 (24006390)|VARIABLE_ASSIGNMENT|[4]|q1|{"Name":"QUOTE 2","OpportunityId":"006f400000AO4MJAA1","Id":"0Q0f40000009bwtCAA","QuoteLineItems":[{"QuoteId":"0Q0f40000009bwtCAA","Id":"0QLf4000000sNKqGAM","PricebookEntryId":"01uf4000002Sio9AAC","Quantity":1.00,"Product2Id":"01tf4000001E5PCAA0"},{"QuoteId":"0Q0f40000009bwtCAA","Id":"0QLf4000000sNKrGAM","PricebookEntryId":"01uf4000002SioGAAS","Quantity":3.00,"Product2Id":"01tf4000001E5PJAA0"}]}|0x65d6e39
13:25:24.1 (24019373)|STATEMENT_EXECUTE|[11]
13:25:24.1 (24131415)|HEAP_ALLOCATE|[11]|Bytes:424
13:25:24.1 (24138001)|HEAP_ALLOCATE|[11]|Bytes:16
13:25:24.1 (24178542)|VARIABLE_SCOPE_BEGIN|[11]|q2|Quote|true|false
13:25:24.1 (24202215)|VARIABLE_ASSIGNMENT|[11]|q2|{"Name":"QUOTE 2","OpportunityId":"006f400000AO4MJAA1","QuoteLineItems":[{"QuoteId":"0Q0f40000009bwtCAA","Id":"0QLf4000000sNKqGAM","PricebookEntryId":"01uf4000002Sio9AAC","Quantity":1.00,"Product2Id":"01tf4000001E5PCAA0"},{"QuoteId":"0Q0f40000009bwtCAA","Id":"0QLf4000000sNKrGAM","PricebookEntryId":"01uf4000002SioGAAS","Quantity":3.00,"Product2Id":"01tf4000001E5PJAA0"}]}|0x30148940
13:25:24.1 (24211954)|STATEMENT_EXECUTE|[13]
13:25:24.1 (24239302)|HEAP_ALLOCATE|[13]|Bytes:8
13:25:24.1 (24250788)|DML_BEGIN|[13]|Op:Insert|Type:Quote|Rows:1
13:25:24.1 (24280966)|HEAP_ALLOCATE|[EXTERNAL]|Bytes:8
13:25:24.1 (93641252)|DML_END|[13]
13:25:24.1 (93656676)|HEAP_ALLOCATE|[13]|Bytes:-4
13:25:24.1 (93677586)|STATEMENT_EXECUTE|[14]
13:25:24.1 (93708481)|VARIABLE_SCOPE_BEGIN|[14]|idQuote|Id|false|false
13:25:24.1 (93787136)|VARIABLE_ASSIGNMENT|[14]|idQuote|"0Q0f40000009e9mCAA"
13:25:24.1 (93794491)|STATEMENT_EXECUTE|[16]
13:25:24.1 (93801057)|HEAP_ALLOCATE|[16]|Bytes:14
13:25:24.1 (93808610)|HEAP_ALLOCATE|[16]|Bytes:13
13:25:24.1 (93858868)|HEAP_ALLOCATE|[EXTERNAL]|Bytes:12
13:25:24.1 (93926533)|HEAP_ALLOCATE|[16]|Bytes:12
13:25:24.1 (93954656)|VARIABLE_SCOPE_BEGIN|[16]|items|List<QuoteLineItem>|true|false
13:25:24.1 (93994102)|VARIABLE_ASSIGNMENT|[16]|items|[{"QuoteId":"0Q0f40000009bwtCAA","Id":"0QLf4000000sNKqGAM","PricebookEntryId":"01uf4000002Sio9AAC","Quantity":1.00,"Product2Id":"01tf4000001E5PCAA0"},{"QuoteId":"0Q0f40000009bwtCAA","Id":"0QLf4000000sNKrGAM","PricebookEntryId":"01uf4000002SioGAAS","Quantity":3.00,"Product2Id":"01tf4000001E5PJAA0"}]|0x37f772e7
13:25:24.1 (94224709)|HEAP_ALLOCATE|[18]|Bytes:5
13:25:24.1 (94247612)|HEAP_ALLOCATE|[18]|Bytes:24
13:25:24.1 (94257597)|VARIABLE_SCOPE_BEGIN|[18]|i|QuoteLineItem|true|false
13:25:24.1 (94276057)|VARIABLE_ASSIGNMENT|[18]|i|{"QuoteId":"0Q0f40000009bwtCAA","Id":"0QLf4000000sNKqGAM","PricebookEntryId":"01uf4000002Sio9AAC","Quantity":1.00,"Product2Id":"01tf4000001E5PCAA0"}|0x13e6ae22
13:25:24.1 (94288817)|STATEMENT_EXECUTE|[18]
13:25:24.1 (94291348)|STATEMENT_EXECUTE|[19]
13:25:24.1 (94310970)|HEAP_ALLOCATE|[19]|Bytes:4
13:25:24.1 (94423743)|VARIABLE_SCOPE_BEGIN|[19]|ql|QuoteLineItem|true|false
13:25:24.1 (94440217)|VARIABLE_ASSIGNMENT|[19]|ql|{}|0x48c61620
13:25:24.1 (94451570)|STATEMENT_EXECUTE|[20]
13:25:24.1 (94518183)|VARIABLE_ASSIGNMENT|[20]|this.QuoteId|"0Q0f40000009e9mCAA"|0x48c61620
13:25:24.1 (94529504)|STATEMENT_EXECUTE|[21]
13:25:24.1 (94555384)|VARIABLE_ASSIGNMENT|[21]|this.Description|null|0x48c61620
13:25:24.1 (94562837)|STATEMENT_EXECUTE|[22]
13:25:24.1 (94580799)|VARIABLE_ASSIGNMENT|[22]|this.Discount|null|0x48c61620
13:25:24.1 (94586018)|STATEMENT_EXECUTE|[23]
13:25:24.1 (94612116)|VARIABLE_ASSIGNMENT|[23]|this.PricebookEntryId|"01uf4000002Sio9AAC"|0x48c61620
13:25:24.1 (94618963)|STATEMENT_EXECUTE|[24]
13:25:24.1 (94658341)|VARIABLE_ASSIGNMENT|[24]|this.Quantity|1.00|0x48c61620
13:25:24.1 (94664169)|STATEMENT_EXECUTE|[25]
13:25:24.1 (94686049)|VARIABLE_ASSIGNMENT|[25]|this.Product2Id|"01tf4000001E5PCAA0"|0x48c61620
13:25:24.1 (94692243)|STATEMENT_EXECUTE|[26]
13:25:24.1 (94696457)|HEAP_ALLOCATE|[26]|Bytes:8
13:25:24.1 (94784688)|HEAP_ALLOCATE|[26]|Bytes:158
13:25:24.1 (94806112)|HEAP_ALLOCATE|[26]|Bytes:166
13:25:24.1 (94830465)|USER_DEBUG|[26]|DEBUG|ql id : QuoteLineItem:{QuoteId=0Q0f40000009e9mCAA, Description=null, Discount=null, PricebookEntryId=01uf4000002Sio9AAC, Quantity=1.00, Product2Id=01tf4000001E5PCAA0}
13:25:24.1 (94840258)|STATEMENT_EXECUTE|[27]
13:25:24.1 (94858311)|HEAP_ALLOCATE|[27]|Bytes:8
13:25:24.1 (94869858)|DML_BEGIN|[27]|Op:Insert|Type:QuoteLineItem|Rows:1
13:25:24.1 (94898277)|HEAP_ALLOCATE|[EXTERNAL]|Bytes:8
13:25:24.1 (100764800)|DML_END|[27]
13:25:24.1 (101182521)|VF_PAGE_MESSAGE|The price book entry is in a different price book than the one assigned to the Quote, or Quote has no price book assigned.
13:25:24.1 (101620046)|EXCEPTION_THROWN|[27]|System.DmlException: Insert failed. First exception on row 0; first error: FIELD_INTEGRITY_EXCEPTION, The price book entry is in a different price book than the one assigned to the Quote, or Quote has no price book assigned.: [PricebookEntryId]
13:25:24.1 (101916290)|HEAP_ALLOCATE|[27]|Bytes:227
13:25:24.1 (101954230)|METHOD_EXIT|[1]|01pf4000009Vx35|CloneQuote.cloneQuote(Id)
13:25:24.1 (101968774)|SYSTEM_MODE_EXIT|false
13:25:24.1 (102094947)|FATAL_ERROR|System.DmlException: Insert failed. First exception on row 0; first error: FIELD_INTEGRITY_EXCEPTION, The price book entry is in a different price book than the one assigned to the Quote, or Quote has no price book assigned.: [PricebookEntryId]

Class.CloneQuote.cloneQuote: line 27, column 1
AnonymousBlock: line 1, column 1
AnonymousBlock: line 1, column 1
13:25:24.102 (102112963)|CUMULATIVE_LIMIT_USAGE
13:25:24.102 (102112963)|LIMIT_USAGE_FOR_NS|(default)|
  Number of SOQL queries: 1 out of 100
  Number of query rows: 3 out of 50000
  Number of SOSL queries: 0 out of 20
  Number of DML statements: 2 out of 150
  Number of DML rows: 2 out of 10000
  Maximum CPU time: 0 out of 10000
  Maximum heap size: 0 out of 6000000
  Number of callouts: 0 out of 100
  Number of Email Invocations: 0 out of 10
  Number of future calls: 0 out of 50
  Number of queueable jobs added to the queue: 0 out of 50
  Number of Mobile Apex push calls: 0 out of 10

13:25:24.102 (102112963)|CUMULATIVE_LIMIT_USAGE_END

13:25:24.1 (102154454)|CODE_UNIT_FINISHED|execute_anonymous_apex
13:25:24.1 (103272163)|EXECUTION_FINISHED
