42.0 APEX_CODE,FINEST;APEX_PROFILING,INFO;CALLOUT,INFO;DB,INFO;SYSTEM,DEBUG;VALIDATION,INFO;VISUALFORCE,INFO;WAVE,INFO;WORKFLOW,INFO
Execute Anonymous: CloneQuote.cloneQuote('0Q0f40000009bwtCAA');
12:56:20.1 (1121798)|USER_INFO|[EXTERNAL]|005f4000001uuP2|nmolinam@deloitte.com|Hora de Venezuela|GMT-04:00
12:56:20.1 (1142659)|EXECUTION_STARTED
12:56:20.1 (1148066)|CODE_UNIT_STARTED|[EXTERNAL]|execute_anonymous_apex
12:56:20.1 (1367750)|HEAP_ALLOCATE|[72]|Bytes:3
12:56:20.1 (1436019)|HEAP_ALLOCATE|[77]|Bytes:152
12:56:20.1 (1451616)|HEAP_ALLOCATE|[342]|Bytes:408
12:56:20.1 (1464330)|HEAP_ALLOCATE|[355]|Bytes:408
12:56:20.1 (1475480)|HEAP_ALLOCATE|[467]|Bytes:48
12:56:20.1 (1501915)|HEAP_ALLOCATE|[139]|Bytes:6
12:56:20.1 (1518322)|HEAP_ALLOCATE|[EXTERNAL]|Bytes:1
12:56:20.1 (1610321)|STATEMENT_EXECUTE|[1]
12:56:20.1 (1613258)|STATEMENT_EXECUTE|[1]
12:56:20.1 (1616318)|HEAP_ALLOCATE|[1]|Bytes:18
12:56:20.1 (1632577)|HEAP_ALLOCATE|[1]|Bytes:4
12:56:20.1 (1687994)|HEAP_ALLOCATE|[50]|Bytes:5
12:56:20.1 (1709802)|HEAP_ALLOCATE|[56]|Bytes:5
12:56:20.1 (1719897)|HEAP_ALLOCATE|[64]|Bytes:7
12:56:20.1 (1758834)|SYSTEM_MODE_ENTER|false
12:56:20.1 (1776725)|HEAP_ALLOCATE|[1]|Bytes:5
12:56:20.1 (7846834)|HEAP_ALLOCATE|[1]|Bytes:1
12:56:20.1 (7857800)|HEAP_ALLOCATE|[1]|Bytes:2
12:56:20.1 (7888621)|METHOD_ENTRY|[1]|01pf4000009Vx35|CloneQuote.CloneQuote()
12:56:20.1 (7897217)|STATEMENT_EXECUTE|[1]
12:56:20.1 (7901689)|STATEMENT_EXECUTE|[1]
12:56:20.1 (7914649)|HEAP_ALLOCATE|[1]|Bytes:5
12:56:20.1 (7936865)|METHOD_EXIT|[1]|CloneQuote
12:56:20.1 (7975105)|METHOD_ENTRY|[1]|01pf4000009Vx35|CloneQuote.cloneQuote(Id)
12:56:20.1 (8018312)|VARIABLE_SCOPE_BEGIN|[3]|quoteId|Id|false|false
12:56:20.1 (8151069)|VARIABLE_ASSIGNMENT|[3]|quoteId|"0Q0f40000009bwtCAA"
12:56:20.1 (8181975)|HEAP_ALLOCATE|[6]|Bytes:5
12:56:20.1 (8188749)|STATEMENT_EXECUTE|[3]
12:56:20.1 (8190510)|STATEMENT_EXECUTE|[4]
12:56:20.1 (8193867)|HEAP_ALLOCATE|[6]|Bytes:95
12:56:20.1 (8211317)|HEAP_ALLOCATE|[6]|Bytes:4
12:56:20.1 (8238144)|HEAP_ALLOCATE|[6]|Bytes:7
12:56:20.1 (8639174)|SOQL_EXECUTE_BEGIN|[6]|Aggregations:1|SELECT Name, OPPORTUNITYiD, (SELECT QuoteId FROM QuoteLineItems) FROM QUOTE WHERE ID = :tmpVar1
12:56:20.1 (13529156)|SOQL_EXECUTE_END|[6]|Rows:1
12:56:20.1 (13561070)|HEAP_ALLOCATE|[6]|Bytes:8
12:56:20.1 (13583975)|HEAP_ALLOCATE|[6]|Bytes:213
12:56:20.1 (13685106)|HEAP_ALLOCATE|[6]|Bytes:8
12:56:20.1 (13698799)|HEAP_ALLOCATE|[4]|Bytes:31
12:56:20.1 (13743499)|HEAP_ALLOCATE|[4]|Bytes:20
12:56:20.1 (13751760)|VARIABLE_SCOPE_BEGIN|[4]|q1|Quote|true|false
12:56:20.1 (13787008)|VARIABLE_ASSIGNMENT|[4]|q1|{"Name":"QUOTE 2","OpportunityId":"006f400000AO4MJAA1","Id":"0Q0f40000009bwtCAA","QuoteLineItems":[{"QuoteId":"0Q0f40000009bwtCAA","Id":"0QLf4000000sNKqGAM"},{"QuoteId":"0Q0f40000009bwtCAA","Id":"0QLf4000000sNKrGAM"}]}|0xab4d66e
12:56:20.1 (13797002)|STATEMENT_EXECUTE|[10]
12:56:20.1 (13898837)|HEAP_ALLOCATE|[10]|Bytes:188
12:56:20.1 (13905127)|HEAP_ALLOCATE|[10]|Bytes:16
12:56:20.1 (13941235)|VARIABLE_SCOPE_BEGIN|[10]|q2|Quote|true|false
12:56:20.1 (13960517)|VARIABLE_ASSIGNMENT|[10]|q2|{"Name":"QUOTE 2","OpportunityId":"006f400000AO4MJAA1","QuoteLineItems":[{"QuoteId":"0Q0f40000009bwtCAA","Id":"0QLf4000000sNKqGAM"},{"QuoteId":"0Q0f40000009bwtCAA","Id":"0QLf4000000sNKrGAM"}]}|0x6e9635f6
12:56:20.1 (13968019)|STATEMENT_EXECUTE|[12]
12:56:20.1 (13990267)|HEAP_ALLOCATE|[12]|Bytes:8
12:56:20.1 (14003048)|DML_BEGIN|[12]|Op:Insert|Type:Quote|Rows:1
12:56:20.1 (14036375)|HEAP_ALLOCATE|[EXTERNAL]|Bytes:8
12:56:20.1 (77515714)|DML_END|[12]
12:56:20.1 (77532356)|HEAP_ALLOCATE|[12]|Bytes:-4
12:56:20.1 (77554638)|STATEMENT_EXECUTE|[13]
12:56:20.1 (77591511)|VARIABLE_SCOPE_BEGIN|[13]|idQuote|Id|false|false
12:56:20.1 (77690247)|VARIABLE_ASSIGNMENT|[13]|idQuote|"0Q0f40000009e8FCAQ"
12:56:20.1 (77699315)|STATEMENT_EXECUTE|[15]
12:56:20.1 (77705834)|HEAP_ALLOCATE|[15]|Bytes:14
12:56:20.1 (77714137)|HEAP_ALLOCATE|[15]|Bytes:13
12:56:20.1 (77765621)|HEAP_ALLOCATE|[EXTERNAL]|Bytes:12
12:56:20.1 (77843303)|HEAP_ALLOCATE|[15]|Bytes:12
12:56:20.1 (77872918)|VARIABLE_SCOPE_BEGIN|[15]|items|List<QuoteLineItem>|true|false
12:56:20.1 (77905275)|VARIABLE_ASSIGNMENT|[15]|items|[{"QuoteId":"0Q0f40000009bwtCAA","Id":"0QLf4000000sNKqGAM"},{"QuoteId":"0Q0f40000009bwtCAA","Id":"0QLf4000000sNKrGAM"}]|0x36d8a30a
12:56:20.1 (78119343)|HEAP_ALLOCATE|[17]|Bytes:5
12:56:20.1 (78137961)|HEAP_ALLOCATE|[17]|Bytes:12
12:56:20.1 (78147089)|VARIABLE_SCOPE_BEGIN|[17]|i|QuoteLineItem|true|false
12:56:20.1 (78162106)|VARIABLE_ASSIGNMENT|[17]|i|{"QuoteId":"0Q0f40000009bwtCAA","Id":"0QLf4000000sNKqGAM"}|0x293106e2
12:56:20.1 (78168698)|STATEMENT_EXECUTE|[17]
12:56:20.1 (78170497)|STATEMENT_EXECUTE|[18]
12:56:20.1 (78192233)|HEAP_ALLOCATE|[18]|Bytes:4
12:56:20.1 (78296398)|VARIABLE_ASSIGNMENT|[18]|this.QuoteId|"0Q0f40000009e8FCAQ"|0x377b3b7e
12:56:20.1 (78322714)|VARIABLE_ASSIGNMENT|[18]|this.Id|null|0x377b3b7e
12:56:20.1 (78341840)|VARIABLE_SCOPE_BEGIN|[18]|ql|QuoteLineItem|true|false
12:56:20.1 (78358132)|VARIABLE_ASSIGNMENT|[18]|ql|{"QuoteId":"0Q0f40000009e8FCAQ"}|0x377b3b7e
12:56:20.1 (78363890)|STATEMENT_EXECUTE|[19]
12:56:20.1 (78370077)|VARIABLE_ASSIGNMENT|[19]|ql|{"QuoteId":"0Q0f40000009bwtCAA","Id":"0QLf4000000sNKqGAM"}|0x293106e2
12:56:20.1 (78374760)|STATEMENT_EXECUTE|[20]
12:56:20.1 (78378631)|HEAP_ALLOCATE|[20]|Bytes:8
12:56:20.1 (78451214)|HEAP_ALLOCATE|[20]|Bytes:65
12:56:20.1 (78471546)|HEAP_ALLOCATE|[20]|Bytes:73
12:56:20.1 (78500176)|USER_DEBUG|[20]|DEBUG|ql id : QuoteLineItem:{QuoteId=0Q0f40000009bwtCAA, Id=0QLf4000000sNKqGAM}
12:56:20.1 (78509815)|STATEMENT_EXECUTE|[21]
12:56:20.1 (78761927)|HEAP_ALLOCATE|[21]|Bytes:49
12:56:20.1 (78786825)|METHOD_EXIT|[1]|01pf4000009Vx35|CloneQuote.cloneQuote(Id)
12:56:20.1 (78796472)|SYSTEM_MODE_EXIT|false
12:56:20.1 (78870549)|FATAL_ERROR|System.SObjectException: Field is not writeable: QuoteLineItem.QuoteId

Class.CloneQuote.cloneQuote: line 21, column 1
AnonymousBlock: line 1, column 1
AnonymousBlock: line 1, column 1
12:56:20.78 (78909319)|CUMULATIVE_LIMIT_USAGE
12:56:20.78 (78909319)|LIMIT_USAGE_FOR_NS|(default)|
  Number of SOQL queries: 1 out of 100
  Number of query rows: 3 out of 50000
  Number of SOSL queries: 0 out of 20
  Number of DML statements: 1 out of 150
  Number of DML rows: 1 out of 10000
  Maximum CPU time: 0 out of 10000
  Maximum heap size: 0 out of 6000000
  Number of callouts: 0 out of 100
  Number of Email Invocations: 0 out of 10
  Number of future calls: 0 out of 50
  Number of queueable jobs added to the queue: 0 out of 50
  Number of Mobile Apex push calls: 0 out of 10

12:56:20.78 (78909319)|CUMULATIVE_LIMIT_USAGE_END

12:56:20.1 (78947829)|CODE_UNIT_FINISHED|execute_anonymous_apex
12:56:20.1 (80006602)|EXECUTION_FINISHED
