42.0 APEX_CODE,FINEST;APEX_PROFILING,INFO;CALLOUT,INFO;DB,INFO;SYSTEM,DEBUG;VALIDATION,INFO;VISUALFORCE,INFO;WAVE,INFO;WORKFLOW,INFO
09:29:16.0 (65695)|USER_INFO|[EXTERNAL]|005f4000001uuP2|nmolinam@deloitte.com|Hora de Venezuela|GMT-04:00
09:29:16.0 (98487)|EXECUTION_STARTED
09:29:16.0 (103239)|CODE_UNIT_STARTED|[EXTERNAL]|Aura
09:29:16.0 (656891)|HEAP_ALLOCATE|[72]|Bytes:3
09:29:16.0 (692410)|HEAP_ALLOCATE|[77]|Bytes:152
09:29:16.0 (706048)|HEAP_ALLOCATE|[342]|Bytes:408
09:29:16.0 (718854)|HEAP_ALLOCATE|[355]|Bytes:408
09:29:16.0 (729918)|HEAP_ALLOCATE|[467]|Bytes:48
09:29:16.0 (757045)|HEAP_ALLOCATE|[139]|Bytes:6
09:29:16.0 (770720)|HEAP_ALLOCATE|[EXTERNAL]|Bytes:18
09:29:16.0 (783182)|HEAP_ALLOCATE|[EXTERNAL]|Bytes:4
09:29:16.0 (1564042)|CODE_UNIT_STARTED|[EXTERNAL]|01pf4000009Vx35|CloneQuote.getQuote
09:29:16.0 (1672920)|HEAP_ALLOCATE|[EXTERNAL]|Bytes:4
09:29:16.0 (1679925)|HEAP_ALLOCATE|[EXTERNAL]|Bytes:2
09:29:16.0 (1690362)|METHOD_ENTRY|[1]|01pf4000009Vx35|CloneQuote.CloneQuote()
09:29:16.0 (1696930)|STATEMENT_EXECUTE|[1]
09:29:16.0 (1701522)|STATEMENT_EXECUTE|[1]
09:29:16.0 (1730045)|HEAP_ALLOCATE|[50]|Bytes:5
09:29:16.0 (1752366)|HEAP_ALLOCATE|[56]|Bytes:5
09:29:16.0 (1759669)|HEAP_ALLOCATE|[64]|Bytes:7
09:29:16.0 (1780427)|SYSTEM_MODE_ENTER|false
09:29:16.0 (1790740)|HEAP_ALLOCATE|[EXTERNAL]|Bytes:5
09:29:16.0 (1796504)|SYSTEM_MODE_EXIT|false
09:29:16.0 (1804415)|METHOD_EXIT|[1]|CloneQuote
09:29:16.0 (1809282)|HEAP_ALLOCATE|[EXTERNAL]|Bytes:4
09:29:16.0 (1817366)|SYSTEM_MODE_ENTER|false
09:29:16.0 (1823840)|VARIABLE_SCOPE_BEGIN|[34]|recordId|Id|false|false
09:29:16.0 (2100342)|VARIABLE_ASSIGNMENT|[34]|recordId|"0Q0f40000009lJJCAY"
09:29:16.0 (2121838)|HEAP_ALLOCATE|[35]|Bytes:5
09:29:16.0 (2127309)|STATEMENT_EXECUTE|[34]
09:29:16.0 (2129201)|STATEMENT_EXECUTE|[35]
09:29:16.0 (2131971)|HEAP_ALLOCATE|[35]|Bytes:82
09:29:16.0 (2150049)|HEAP_ALLOCATE|[35]|Bytes:4
09:29:16.0 (2162777)|HEAP_ALLOCATE|[35]|Bytes:7
09:29:16.0 (2530287)|SOQL_EXECUTE_BEGIN|[35]|Aggregations:0|SELECT Name, AccountId, OpportunityId, Pricebook2Id FROM Quote WHERE Id = :tmpVar1
09:29:16.0 (4840846)|SOQL_EXECUTE_END|[35]|Rows:1
09:29:16.0 (4861242)|HEAP_ALLOCATE|[35]|Bytes:8
09:29:16.0 (4875763)|HEAP_ALLOCATE|[35]|Bytes:114
09:29:16.0 (4953410)|HEAP_ALLOCATE|[35]|Bytes:8
09:29:16.0 (4964786)|HEAP_ALLOCATE|[35]|Bytes:31
09:29:16.0 (5006525)|HEAP_ALLOCATE|[35]|Bytes:20
09:29:16.0 (5014282)|VARIABLE_SCOPE_BEGIN|[35]|q|Quote|true|false
09:29:16.0 (5040025)|VARIABLE_ASSIGNMENT|[35]|q|{"Name":"first quote","AccountId":"001f400000IPlikAAD","OpportunityId":"006f400000AO4MJAA1","Id":"0Q0f40000009lJJCAY"}|0x7d5bd4ac
09:29:16.0 (5047228)|STATEMENT_EXECUTE|[36]
09:29:16.0 (5110104)|USER_DEBUG|[36]|DEBUG|Quote:{Name=first quote, AccountId=001f400000IPlikAAD, OpportunityId=006f400000AO4MJAA1, Id=0Q0f40000009lJJCAY}
09:29:16.0 (5126292)|STATEMENT_EXECUTE|[37]
09:29:16.0 (5133232)|SYSTEM_MODE_EXIT|false
09:29:16.5 (5155860)|CUMULATIVE_LIMIT_USAGE
09:29:16.5 (5155860)|LIMIT_USAGE_FOR_NS|(default)|
  Number of SOQL queries: 1 out of 100
  Number of query rows: 1 out of 50000
  Number of SOSL queries: 0 out of 20
  Number of DML statements: 0 out of 150
  Number of DML rows: 0 out of 10000
  Maximum CPU time: 0 out of 10000
  Maximum heap size: 0 out of 6000000
  Number of callouts: 0 out of 100
  Number of Email Invocations: 0 out of 10
  Number of future calls: 0 out of 50
  Number of queueable jobs added to the queue: 0 out of 50
  Number of Mobile Apex push calls: 0 out of 10

09:29:16.5 (5155860)|CUMULATIVE_LIMIT_USAGE_END

09:29:16.0 (5185733)|CODE_UNIT_FINISHED|CloneQuote.getQuote
09:29:16.0 (5240794)|CODE_UNIT_FINISHED|Aura
09:29:16.0 (6317365)|EXECUTION_FINISHED
