42.0 APEX_CODE,FINEST;APEX_PROFILING,INFO;CALLOUT,INFO;DB,INFO;SYSTEM,DEBUG;VALIDATION,INFO;VISUALFORCE,INFO;WAVE,INFO;WORKFLOW,INFO
13:47:05.0 (93793)|USER_INFO|[EXTERNAL]|005f4000001uuP2|nmolinam@deloitte.com|Hora de Venezuela|GMT-04:00
13:47:05.0 (137088)|EXECUTION_STARTED
13:47:05.0 (142627)|CODE_UNIT_STARTED|[EXTERNAL]|Aura
13:47:05.0 (1327766)|CODE_UNIT_STARTED|[EXTERNAL]|01pf4000008WnsX|ViewQuotePDF.getPDF
13:47:05.0 (1572969)|HEAP_ALLOCATE|[72]|Bytes:3
13:47:05.0 (1611828)|HEAP_ALLOCATE|[77]|Bytes:152
13:47:05.0 (1631164)|HEAP_ALLOCATE|[342]|Bytes:408
13:47:05.0 (1654334)|HEAP_ALLOCATE|[355]|Bytes:408
13:47:05.0 (1677632)|HEAP_ALLOCATE|[467]|Bytes:48
13:47:05.0 (1713476)|HEAP_ALLOCATE|[139]|Bytes:6
13:47:05.0 (1737714)|HEAP_ALLOCATE|[EXTERNAL]|Bytes:4
13:47:05.0 (1746237)|HEAP_ALLOCATE|[EXTERNAL]|Bytes:5
13:47:05.0 (1759211)|METHOD_ENTRY|[1]|01pf4000008WnsX|ViewQuotePDF.ViewQuotePDF()
13:47:05.0 (1769441)|STATEMENT_EXECUTE|[1]
13:47:05.0 (1777328)|STATEMENT_EXECUTE|[1]
13:47:05.0 (1813123)|HEAP_ALLOCATE|[50]|Bytes:5
13:47:05.0 (1838698)|HEAP_ALLOCATE|[56]|Bytes:5
13:47:05.0 (1851885)|HEAP_ALLOCATE|[64]|Bytes:7
13:47:05.0 (1881372)|SYSTEM_MODE_ENTER|false
13:47:05.0 (1897496)|HEAP_ALLOCATE|[EXTERNAL]|Bytes:5
13:47:05.0 (1907289)|SYSTEM_MODE_EXIT|false
13:47:05.0 (1918612)|METHOD_EXIT|[1]|ViewQuotePDF
13:47:05.0 (1934424)|SYSTEM_MODE_ENTER|false
13:47:05.0 (1954092)|HEAP_ALLOCATE|[4]|Bytes:5
13:47:05.0 (1962501)|STATEMENT_EXECUTE|[3]
13:47:05.0 (1964995)|STATEMENT_EXECUTE|[4]
13:47:05.0 (2101682)|HEAP_ALLOCATE|[4]|Bytes:4
13:47:05.0 (2166330)|VARIABLE_SCOPE_BEGIN|[4]|quotes|List<Quote>|true|false
13:47:05.0 (2180829)|HEAP_ALLOCATE|[EXTERNAL]|Bytes:4
13:47:05.0 (2205498)|VARIABLE_ASSIGNMENT|[4]|quotes|[]|0x2e6f3b5a
13:47:05.0 (2212708)|STATEMENT_EXECUTE|[5]
13:47:05.0 (2217157)|VARIABLE_SCOPE_BEGIN|[5]|pfdBase64|String|false|false
13:47:05.0 (2227052)|VARIABLE_ASSIGNMENT|[5]|pfdBase64|null
13:47:05.0 (2233613)|HEAP_ALLOCATE|[7]|Bytes:22
13:47:05.0 (2246306)|HEAP_ALLOCATE|[7]|Bytes:4
13:47:05.0 (2507050)|SOQL_EXECUTE_BEGIN|[7]|Aggregations:0|SELECT Name FROM Quote
13:47:05.0 (4141332)|SOQL_EXECUTE_END|[7]|Rows:1
13:47:05.0 (4161301)|HEAP_ALLOCATE|[EXTERNAL]|Bytes:8
13:47:05.0 (4292311)|HEAP_ALLOCATE|[7]|Bytes:54
13:47:05.0 (4301012)|HEAP_ALLOCATE|[7]|Bytes:8
13:47:05.0 (4309234)|SYSTEM_METHOD_ENTRY|[7]|QueryLocatorIterator.QueryLocatorIterator()
13:47:05.0 (4313217)|STATEMENT_EXECUTE|[7]
13:47:05.0 (4319963)|SYSTEM_METHOD_EXIT|[7]|QueryLocatorIterator
13:47:05.0 (4326262)|HEAP_ALLOCATE|[7]|Bytes:28
13:47:05.0 (4360340)|HEAP_ALLOCATE|[7]|Bytes:8
13:47:05.0 (4374767)|HEAP_ALLOCATE|[7]|Bytes:8
13:47:05.0 (4378221)|HEAP_ALLOCATE|[7]|Bytes:8
13:47:05.0 (4383582)|VARIABLE_SCOPE_BEGIN|[15]|this|Database.QueryLocatorIterator|true|false
13:47:05.0 (4442166)|VARIABLE_ASSIGNMENT|[15]|this|{}|0x10afc57a
13:47:05.0 (4449360)|VARIABLE_SCOPE_BEGIN|[15]|values|List<SObject>|true|false
13:47:05.0 (4468140)|VARIABLE_ASSIGNMENT|[15]|values|[{"Name":"first quote","Id":"0Q0f40000009VVICA2"}]|0x5e8d50aa
13:47:05.0 (4473296)|VARIABLE_SCOPE_BEGIN|[15]|ql|Database.QueryLocator|true|false
13:47:05.0 (4488706)|VARIABLE_ASSIGNMENT|[15]|ql|{"query":"SELECT Name FROM Quo (2 more) ..."}|0x1e4d22f1
13:47:05.0 (4493943)|VARIABLE_SCOPE_BEGIN|[15]|totalNumRecords|Integer|false|false
13:47:05.0 (4502853)|VARIABLE_ASSIGNMENT|[15]|totalNumRecords|1
13:47:05.0 (4510792)|VARIABLE_SCOPE_BEGIN|[15]|queryMoreSize|Integer|false|false
13:47:05.0 (4517971)|VARIABLE_ASSIGNMENT|[15]|queryMoreSize|49999
13:47:05.0 (4602126)|HEAP_ALLOCATE|[7]|Bytes:28
13:47:05.0 (4627123)|METHOD_ENTRY|[7]||Database.QueryLocatorIterator.hasNext()
13:47:05.0 (4666790)|METHOD_EXIT|[7]||Database.QueryLocatorIterator.hasNext()
13:47:05.0 (4722305)|METHOD_ENTRY|[7]||Database.QueryLocatorIterator.next()
13:47:05.0 (4793492)|METHOD_EXIT|[7]||Database.QueryLocatorIterator.next()
13:47:05.0 (4801002)|VARIABLE_SCOPE_BEGIN|[7]|q|Quote|true|false
13:47:05.0 (4816141)|VARIABLE_ASSIGNMENT|[7]|q|{"Name":"first quote","Id":"0Q0f40000009VVICA2"}|0x71419fb6
13:47:05.0 (4821903)|STATEMENT_EXECUTE|[7]
13:47:05.0 (4824056)|STATEMENT_EXECUTE|[8]
13:47:05.0 (4852689)|HEAP_ALLOCATE|[EXTERNAL]|Bytes:4
13:47:05.0 (4863812)|METHOD_ENTRY|[7]||Database.QueryLocatorIterator.hasNext()
13:47:05.0 (4876087)|METHOD_EXIT|[7]||Database.QueryLocatorIterator.hasNext()
13:47:05.0 (4883363)|VARIABLE_ASSIGNMENT|[7]|q|null|
13:47:05.0 (4913188)|STATEMENT_EXECUTE|[13]
13:47:05.0 (4987655)|HEAP_ALLOCATE|[14]|Bytes:5
13:47:05.0 (5002624)|HEAP_ALLOCATE|[14]|Bytes:12
13:47:05.0 (5012942)|VARIABLE_SCOPE_BEGIN|[14]|q|Quote|true|false
13:47:05.0 (5025727)|VARIABLE_ASSIGNMENT|[14]|q|{"Name":"first quote","Id":"0Q0f40000009VVICA2"}|0x71419fb6
13:47:05.0 (5031743)|STATEMENT_EXECUTE|[14]
13:47:05.0 (5033489)|STATEMENT_EXECUTE|[15]
13:47:05.0 (5036776)|HEAP_ALLOCATE|[15]|Bytes:20
13:47:05.0 (5073942)|HEAP_ALLOCATE|[15]|Bytes:31
13:47:05.0 (5239527)|USER_DEBUG|[15]|DEBUG|nombre de la quote: first quote
13:47:05.0 (5256801)|HEAP_ALLOCATE|[14]|Bytes:5
13:47:05.0 (5268372)|VARIABLE_ASSIGNMENT|[14]|q|null|
13:47:05.0 (5273248)|STATEMENT_EXECUTE|[18]
13:47:05.0 (5276087)|HEAP_ALLOCATE|[18]|Bytes:53
13:47:05.0 (5289045)|HEAP_ALLOCATE|[18]|Bytes:4
13:47:05.0 (5295542)|HEAP_ALLOCATE|[18]|Bytes:7
13:47:05.0 (5319783)|HEAP_ALLOCATE|[18]|Bytes:12
13:47:05.0 (5836274)|SOQL_EXECUTE_BEGIN|[18]|Aggregations:0|SELECT Body FROM Attachment WHERE ParentId = :tmpVar1
13:47:05.0 (7930143)|SOQL_EXECUTE_END|[18]|Rows:0
13:47:05.0 (7952718)|HEAP_ALLOCATE|[18]|Bytes:4
13:47:05.0 (7962188)|HEAP_ALLOCATE|[18]|Bytes:0
13:47:05.0 (8019036)|HEAP_ALLOCATE|[18]|Bytes:4
13:47:05.0 (8031241)|VARIABLE_SCOPE_BEGIN|[18]|attachements|List<Attachment>|true|false
13:47:05.0 (8047058)|VARIABLE_ASSIGNMENT|[18]|attachements|[]|0xd94a083
13:47:05.0 (8053000)|STATEMENT_EXECUTE|[20]
13:47:05.0 (8057068)|HEAP_ALLOCATE|[20]|Bytes:49
13:47:05.0 (8675432)|STATEMENT_EXECUTE|[24]
13:47:05.0 (9033236)|HEAP_ALLOCATE|[24]|Bytes:4
13:47:05.0 (9069683)|SYSTEM_MODE_EXIT|false
13:47:05.9 (9103091)|CUMULATIVE_LIMIT_USAGE
13:47:05.9 (9103091)|LIMIT_USAGE_FOR_NS|(default)|
  Number of SOQL queries: 2 out of 100
  Number of query rows: 1 out of 50000
  Number of SOSL queries: 0 out of 20
  Number of DML statements: 0 out of 150
  Number of DML rows: 0 out of 10000
  Maximum CPU time: 0 out of 10000
  Maximum heap size: 0 out of 6000000
  Number of callouts: 0 out of 100
  Number of Email Invocations: 0 out of 10
  Number of future calls: 0 out of 50
  Number of queueable jobs added to the queue: 0 out of 50
  Number of Mobile Apex push calls: 0 out of 10

13:47:05.9 (9103091)|CUMULATIVE_LIMIT_USAGE_END

13:47:05.0 (9141056)|CODE_UNIT_FINISHED|ViewQuotePDF.getPDF
13:47:05.0 (9278228)|CODE_UNIT_FINISHED|Aura
13:47:05.0 (10389020)|EXECUTION_FINISHED
