42.0 APEX_CODE,FINEST;APEX_PROFILING,INFO;CALLOUT,INFO;DB,INFO;SYSTEM,DEBUG;VALIDATION,INFO;VISUALFORCE,INFO;WAVE,INFO;WORKFLOW,INFO
15:37:17.0 (75602)|USER_INFO|[EXTERNAL]|005f4000001uuP2|nmolinam@deloitte.com|Hora de Venezuela|GMT-04:00
15:37:17.0 (119802)|EXECUTION_STARTED
15:37:17.0 (125322)|CODE_UNIT_STARTED|[EXTERNAL]|Aura
15:37:17.0 (740382)|HEAP_ALLOCATE|[72]|Bytes:3
15:37:17.0 (778627)|HEAP_ALLOCATE|[77]|Bytes:152
15:37:17.0 (793215)|HEAP_ALLOCATE|[342]|Bytes:408
15:37:17.0 (804726)|HEAP_ALLOCATE|[355]|Bytes:408
15:37:17.0 (815659)|HEAP_ALLOCATE|[467]|Bytes:48
15:37:17.0 (840975)|HEAP_ALLOCATE|[139]|Bytes:6
15:37:17.0 (855126)|HEAP_ALLOCATE|[EXTERNAL]|Bytes:18
15:37:17.0 (864944)|HEAP_ALLOCATE|[EXTERNAL]|Bytes:4
15:37:17.0 (1605003)|CODE_UNIT_STARTED|[EXTERNAL]|01pf4000009Vx35|CloneQuote.cloneQuote
15:37:17.0 (1717799)|HEAP_ALLOCATE|[EXTERNAL]|Bytes:1
15:37:17.0 (1731163)|METHOD_ENTRY|[1]|01pf4000009Vx35|CloneQuote.CloneQuote()
15:37:17.0 (1737565)|STATEMENT_EXECUTE|[1]
15:37:17.0 (1742922)|STATEMENT_EXECUTE|[1]
15:37:17.0 (1773707)|HEAP_ALLOCATE|[50]|Bytes:5
15:37:17.0 (1797584)|HEAP_ALLOCATE|[56]|Bytes:5
15:37:17.0 (1805403)|HEAP_ALLOCATE|[64]|Bytes:7
15:37:17.0 (1829460)|SYSTEM_MODE_ENTER|false
15:37:17.0 (1843378)|HEAP_ALLOCATE|[EXTERNAL]|Bytes:5
15:37:17.0 (1851151)|SYSTEM_MODE_EXIT|false
15:37:17.0 (1860194)|METHOD_EXIT|[1]|CloneQuote
15:37:17.0 (1865833)|HEAP_ALLOCATE|[EXTERNAL]|Bytes:4
15:37:17.0 (1874204)|SYSTEM_MODE_ENTER|false
15:37:17.0 (1880513)|VARIABLE_SCOPE_BEGIN|[3]|quoteId|Id|false|false
15:37:17.0 (2113975)|VARIABLE_ASSIGNMENT|[3]|quoteId|"0Q0f40000009kKqCAI"
15:37:17.0 (2139219)|HEAP_ALLOCATE|[6]|Bytes:5
15:37:17.0 (2145330)|STATEMENT_EXECUTE|[3]
15:37:17.0 (2147075)|STATEMENT_EXECUTE|[4]
15:37:17.0 (2150369)|HEAP_ALLOCATE|[6]|Bytes:183
15:37:17.0 (2172194)|HEAP_ALLOCATE|[6]|Bytes:4
15:37:17.0 (2185092)|HEAP_ALLOCATE|[6]|Bytes:7
15:37:17.0 (2917151)|SOQL_EXECUTE_BEGIN|[6]|Aggregations:1|SELECT Name, OPPORTUNITYiD, Pricebook2Id, (SELECT QuoteId, Description, Discount, PricebookEntryId, Quantity, Product2Id, UnitPrice FROM QuoteLineItems) FROM QUOTE WHERE ID = :tmpVar1
15:37:17.0 (7013422)|SOQL_EXECUTE_END|[6]|Rows:1
15:37:17.0 (7040560)|HEAP_ALLOCATE|[6]|Bytes:8
15:37:17.0 (7060014)|HEAP_ALLOCATE|[6]|Bytes:113
15:37:17.0 (7158139)|HEAP_ALLOCATE|[6]|Bytes:8
15:37:17.0 (7170144)|HEAP_ALLOCATE|[4]|Bytes:31
15:37:17.0 (7214719)|HEAP_ALLOCATE|[4]|Bytes:20
15:37:17.0 (7222587)|VARIABLE_SCOPE_BEGIN|[4]|q1|Quote|true|false
15:37:17.0 (7249388)|VARIABLE_ASSIGNMENT|[4]|q1|{"Name":"QUOTE 2","OpportunityId":"006f400000AO4MJAA1","Pricebook2Id":"01sf4000003Vb8JAAS","Id":"0Q0f40000009kKqCAI"}|0x21f409e3
15:37:17.0 (7256668)|STATEMENT_EXECUTE|[11]
15:37:17.0 (7335037)|HEAP_ALLOCATE|[11]|Bytes:88
15:37:17.0 (7340586)|HEAP_ALLOCATE|[11]|Bytes:16
15:37:17.0 (7358503)|VARIABLE_SCOPE_BEGIN|[11]|q2|Quote|true|false
15:37:17.0 (7373480)|VARIABLE_ASSIGNMENT|[11]|q2|{"Name":"QUOTE 2","OpportunityId":"006f400000AO4MJAA1","Pricebook2Id":"01sf4000003Vb8JAAS"}|0x6882ab5c
15:37:17.0 (7380310)|STATEMENT_EXECUTE|[12]
15:37:17.0 (7453046)|VARIABLE_ASSIGNMENT|[12]|this.Pricebook2Id|"01sf4000003Vb8JAAS"|0x6882ab5c
15:37:17.0 (7460007)|STATEMENT_EXECUTE|[14]
15:37:17.0 (7483326)|HEAP_ALLOCATE|[14]|Bytes:8
15:37:17.0 (7491512)|DML_BEGIN|[14]|Op:Insert|Type:Quote|Rows:1
15:37:17.0 (7519196)|HEAP_ALLOCATE|[EXTERNAL]|Bytes:8
15:37:17.0 (43934366)|DML_END|[14]
15:37:17.0 (43954353)|HEAP_ALLOCATE|[14]|Bytes:-4
15:37:17.0 (43979233)|STATEMENT_EXECUTE|[15]
15:37:17.0 (44020735)|VARIABLE_SCOPE_BEGIN|[15]|idQuote|Id|false|false
15:37:17.0 (44105109)|VARIABLE_ASSIGNMENT|[15]|idQuote|"0Q0f40000009kM3CAI"
15:37:17.0 (44113040)|STATEMENT_EXECUTE|[18]
15:37:17.0 (44119939)|HEAP_ALLOCATE|[18]|Bytes:14
15:37:17.0 (44128654)|HEAP_ALLOCATE|[18]|Bytes:13
15:37:17.0 (44179481)|HEAP_ALLOCATE|[EXTERNAL]|Bytes:4
15:37:17.0 (44274358)|HEAP_ALLOCATE|[18]|Bytes:4
15:37:17.0 (44288490)|VARIABLE_SCOPE_BEGIN|[18]|items|List<QuoteLineItem>|true|false
15:37:17.0 (44307586)|VARIABLE_ASSIGNMENT|[18]|items|[]|0x27e190e4
15:37:17.0 (44538178)|HEAP_ALLOCATE|[20]|Bytes:5
15:37:17.0 (44560468)|VARIABLE_ASSIGNMENT|[20]|i|null|
15:37:17.0 (44567855)|STATEMENT_EXECUTE|[20]
15:37:17.0 (44586635)|SYSTEM_MODE_EXIT|false
15:37:17.48 (48440370)|CUMULATIVE_LIMIT_USAGE
15:37:17.48 (48440370)|LIMIT_USAGE_FOR_NS|(default)|
  Number of SOQL queries: 1 out of 100
  Number of query rows: 1 out of 50000
  Number of SOSL queries: 0 out of 20
  Number of DML statements: 1 out of 150
  Number of DML rows: 1 out of 10000
  Maximum CPU time: 0 out of 10000
  Maximum heap size: 0 out of 6000000
  Number of callouts: 0 out of 100
  Number of Email Invocations: 0 out of 10
  Number of future calls: 0 out of 50
  Number of queueable jobs added to the queue: 0 out of 50
  Number of Mobile Apex push calls: 0 out of 10

15:37:17.48 (48440370)|CUMULATIVE_LIMIT_USAGE_END

15:37:17.0 (48475959)|CODE_UNIT_FINISHED|CloneQuote.cloneQuote
15:37:17.0 (48544570)|CODE_UNIT_FINISHED|Aura
15:37:17.0 (49373937)|EXECUTION_FINISHED
