42.0 APEX_CODE,FINEST;APEX_PROFILING,INFO;CALLOUT,INFO;DB,INFO;SYSTEM,DEBUG;VALIDATION,INFO;VISUALFORCE,INFO;WAVE,INFO;WORKFLOW,INFO
09:17:14.0 (350592)|USER_INFO|[EXTERNAL]|005f4000001uuP2|nmolinam@deloitte.com|Hora de Venezuela|GMT-04:00
09:17:14.0 (387971)|EXECUTION_STARTED
09:17:14.0 (392368)|CODE_UNIT_STARTED|[EXTERNAL]|Aura
09:17:14.0 (1333074)|HEAP_ALLOCATE|[72]|Bytes:3
09:17:14.0 (1375907)|HEAP_ALLOCATE|[77]|Bytes:152
09:17:14.0 (1390600)|HEAP_ALLOCATE|[342]|Bytes:408
09:17:14.0 (1401705)|HEAP_ALLOCATE|[355]|Bytes:408
09:17:14.0 (1412506)|HEAP_ALLOCATE|[467]|Bytes:48
09:17:14.0 (1441056)|HEAP_ALLOCATE|[139]|Bytes:6
09:17:14.0 (1454214)|HEAP_ALLOCATE|[EXTERNAL]|Bytes:18
09:17:14.0 (1467774)|HEAP_ALLOCATE|[EXTERNAL]|Bytes:4
09:17:14.0 (2610134)|CODE_UNIT_STARTED|[EXTERNAL]|01pf4000009Vx35|CloneQuote.getQuote
09:17:14.0 (2741598)|HEAP_ALLOCATE|[EXTERNAL]|Bytes:4
09:17:14.0 (2749864)|HEAP_ALLOCATE|[EXTERNAL]|Bytes:2
09:17:14.0 (2760994)|METHOD_ENTRY|[1]|01pf4000009Vx35|CloneQuote.CloneQuote()
09:17:14.0 (2768045)|STATEMENT_EXECUTE|[1]
09:17:14.0 (2773854)|STATEMENT_EXECUTE|[1]
09:17:14.0 (2807348)|HEAP_ALLOCATE|[50]|Bytes:5
09:17:14.0 (2834594)|HEAP_ALLOCATE|[56]|Bytes:5
09:17:14.0 (2842572)|HEAP_ALLOCATE|[64]|Bytes:7
09:17:14.0 (2867367)|SYSTEM_MODE_ENTER|false
09:17:14.0 (2881157)|HEAP_ALLOCATE|[EXTERNAL]|Bytes:5
09:17:14.0 (2889090)|SYSTEM_MODE_EXIT|false
09:17:14.0 (2898479)|METHOD_EXIT|[1]|CloneQuote
09:17:14.0 (2904204)|HEAP_ALLOCATE|[EXTERNAL]|Bytes:4
09:17:14.0 (2913386)|SYSTEM_MODE_ENTER|false
09:17:14.0 (2920174)|VARIABLE_SCOPE_BEGIN|[34]|recordId|Id|false|false
09:17:14.0 (3233156)|VARIABLE_ASSIGNMENT|[34]|recordId|"0Q0f40000009e7gCAA"
09:17:14.0 (3256723)|HEAP_ALLOCATE|[35]|Bytes:5
09:17:14.0 (3262192)|STATEMENT_EXECUTE|[34]
09:17:14.0 (3264092)|STATEMENT_EXECUTE|[35]
09:17:14.0 (3267319)|HEAP_ALLOCATE|[35]|Bytes:71
09:17:14.0 (3289079)|HEAP_ALLOCATE|[35]|Bytes:4
09:17:14.0 (3302308)|HEAP_ALLOCATE|[35]|Bytes:7
09:17:14.0 (3693383)|SOQL_EXECUTE_BEGIN|[35]|Aggregations:0|SELECT Name, OPPORTUNITYiD, Pricebook2Id FROM Quote WHERE Id = :tmpVar1
09:17:14.0 (5908166)|SOQL_EXECUTE_END|[35]|Rows:1
09:17:14.0 (5931059)|HEAP_ALLOCATE|[35]|Bytes:8
09:17:14.0 (5946554)|HEAP_ALLOCATE|[35]|Bytes:113
09:17:14.0 (6035591)|HEAP_ALLOCATE|[35]|Bytes:8
09:17:14.0 (6047900)|HEAP_ALLOCATE|[35]|Bytes:31
09:17:14.0 (6095234)|HEAP_ALLOCATE|[35]|Bytes:20
09:17:14.0 (6104011)|VARIABLE_SCOPE_BEGIN|[35]|q|Quote|true|false
09:17:14.0 (6133039)|VARIABLE_ASSIGNMENT|[35]|q|{"Name":"QUOTE 2","OpportunityId":"006f400000AO4MJAA1","Pricebook2Id":"01sf4000003Vb8JAAS","Id":"0Q0f40000009e7gCAA"}|0x109fa05a
09:17:14.0 (6140270)|STATEMENT_EXECUTE|[36]
09:17:14.0 (6209969)|USER_DEBUG|[36]|DEBUG|Quote:{Name=QUOTE 2, OpportunityId=006f400000AO4MJAA1, Pricebook2Id=01sf4000003Vb8JAAS, Id=0Q0f40000009e7gCAA}
09:17:14.0 (6221206)|STATEMENT_EXECUTE|[37]
09:17:14.0 (6229790)|SYSTEM_MODE_EXIT|false
09:17:14.6 (6259541)|CUMULATIVE_LIMIT_USAGE
09:17:14.6 (6259541)|LIMIT_USAGE_FOR_NS|(default)|
  Number of SOQL queries: 1 out of 100
  Number of query rows: 1 out of 50000
  Number of SOSL queries: 0 out of 20
  Number of DML statements: 0 out of 150
  Number of DML rows: 0 out of 10000
  Maximum CPU time: 0 out of 10000
  Maximum heap size: 0 out of 6000000
  Number of callouts: 0 out of 100
  Number of Email Invocations: 0 out of 10
  Number of future calls: 0 out of 50
  Number of queueable jobs added to the queue: 0 out of 50
  Number of Mobile Apex push calls: 0 out of 10

09:17:14.6 (6259541)|CUMULATIVE_LIMIT_USAGE_END

09:17:14.0 (6293018)|CODE_UNIT_FINISHED|CloneQuote.getQuote
09:17:14.0 (6354409)|CODE_UNIT_FINISHED|Aura
09:17:14.0 (7784792)|EXECUTION_FINISHED
