42.0 APEX_CODE,FINEST;APEX_PROFILING,INFO;CALLOUT,INFO;DB,INFO;SYSTEM,DEBUG;VALIDATION,INFO;VISUALFORCE,INFO;WAVE,INFO;WORKFLOW,INFO
15:38:22.0 (55483)|USER_INFO|[EXTERNAL]|005f4000001uuP2|nmolinam@deloitte.com|Hora de Venezuela|GMT-04:00
15:38:22.0 (88892)|EXECUTION_STARTED
15:38:22.0 (92848)|CODE_UNIT_STARTED|[EXTERNAL]|Aura
15:38:22.0 (598785)|HEAP_ALLOCATE|[72]|Bytes:3
15:38:22.0 (623885)|HEAP_ALLOCATE|[77]|Bytes:152
15:38:22.0 (634831)|HEAP_ALLOCATE|[342]|Bytes:408
15:38:22.0 (647195)|HEAP_ALLOCATE|[355]|Bytes:408
15:38:22.0 (657370)|HEAP_ALLOCATE|[467]|Bytes:48
15:38:22.0 (678086)|HEAP_ALLOCATE|[139]|Bytes:6
15:38:22.0 (691017)|HEAP_ALLOCATE|[EXTERNAL]|Bytes:18
15:38:22.0 (700003)|HEAP_ALLOCATE|[EXTERNAL]|Bytes:4
15:38:22.0 (1684137)|CODE_UNIT_STARTED|[EXTERNAL]|01pf4000009Vx35|CloneQuote.cloneQuote
15:38:22.0 (1771404)|HEAP_ALLOCATE|[EXTERNAL]|Bytes:1
15:38:22.0 (1783804)|METHOD_ENTRY|[1]|01pf4000009Vx35|CloneQuote.CloneQuote()
15:38:22.0 (1790027)|STATEMENT_EXECUTE|[1]
15:38:22.0 (1794561)|STATEMENT_EXECUTE|[1]
15:38:22.0 (1822640)|HEAP_ALLOCATE|[50]|Bytes:5
15:38:22.0 (1840871)|HEAP_ALLOCATE|[56]|Bytes:5
15:38:22.0 (1848307)|HEAP_ALLOCATE|[64]|Bytes:7
15:38:22.0 (1868610)|SYSTEM_MODE_ENTER|false
15:38:22.0 (1878690)|HEAP_ALLOCATE|[EXTERNAL]|Bytes:5
15:38:22.0 (1885258)|SYSTEM_MODE_EXIT|false
15:38:22.0 (1893434)|METHOD_EXIT|[1]|CloneQuote
15:38:22.0 (1898780)|HEAP_ALLOCATE|[EXTERNAL]|Bytes:4
15:38:22.0 (1907098)|SYSTEM_MODE_ENTER|false
15:38:22.0 (1914141)|VARIABLE_SCOPE_BEGIN|[3]|quoteId|Id|false|false
15:38:22.0 (2161513)|VARIABLE_ASSIGNMENT|[3]|quoteId|"0Q0f40000009kKqCAI"
15:38:22.0 (2184045)|HEAP_ALLOCATE|[6]|Bytes:5
15:38:22.0 (2189696)|STATEMENT_EXECUTE|[3]
15:38:22.0 (2191473)|STATEMENT_EXECUTE|[4]
15:38:22.0 (2194611)|HEAP_ALLOCATE|[6]|Bytes:183
15:38:22.0 (2211779)|HEAP_ALLOCATE|[6]|Bytes:4
15:38:22.0 (2223673)|HEAP_ALLOCATE|[6]|Bytes:7
15:38:22.0 (2898973)|SOQL_EXECUTE_BEGIN|[6]|Aggregations:1|SELECT Name, OPPORTUNITYiD, Pricebook2Id, (SELECT QuoteId, Description, Discount, PricebookEntryId, Quantity, Product2Id, UnitPrice FROM QuoteLineItems) FROM QUOTE WHERE ID = :tmpVar1
15:38:22.0 (7047559)|SOQL_EXECUTE_END|[6]|Rows:1
15:38:22.0 (7073581)|HEAP_ALLOCATE|[6]|Bytes:8
15:38:22.0 (7092691)|HEAP_ALLOCATE|[6]|Bytes:113
15:38:22.0 (7173382)|HEAP_ALLOCATE|[6]|Bytes:8
15:38:22.0 (7184520)|HEAP_ALLOCATE|[4]|Bytes:31
15:38:22.0 (7215564)|HEAP_ALLOCATE|[4]|Bytes:20
15:38:22.0 (7223055)|VARIABLE_SCOPE_BEGIN|[4]|q1|Quote|true|false
15:38:22.0 (7251208)|VARIABLE_ASSIGNMENT|[4]|q1|{"Name":"QUOTE 2","OpportunityId":"006f400000AO4MJAA1","Pricebook2Id":"01sf4000003Vb8JAAS","Id":"0Q0f40000009kKqCAI"}|0xcbb93f5
15:38:22.0 (7258542)|STATEMENT_EXECUTE|[11]
15:38:22.0 (7337596)|HEAP_ALLOCATE|[11]|Bytes:88
15:38:22.0 (7343391)|HEAP_ALLOCATE|[11]|Bytes:16
15:38:22.0 (7359521)|VARIABLE_SCOPE_BEGIN|[11]|q2|Quote|true|false
15:38:22.0 (7374615)|VARIABLE_ASSIGNMENT|[11]|q2|{"Name":"QUOTE 2","OpportunityId":"006f400000AO4MJAA1","Pricebook2Id":"01sf4000003Vb8JAAS"}|0x24bca5ab
15:38:22.0 (7380914)|STATEMENT_EXECUTE|[12]
15:38:22.0 (7459392)|VARIABLE_ASSIGNMENT|[12]|this.Pricebook2Id|"01sf4000003Vb8JAAS"|0x24bca5ab
15:38:22.0 (7466814)|STATEMENT_EXECUTE|[14]
15:38:22.0 (7489842)|HEAP_ALLOCATE|[14]|Bytes:8
15:38:22.0 (7497192)|DML_BEGIN|[14]|Op:Insert|Type:Quote|Rows:1
15:38:22.0 (7524343)|HEAP_ALLOCATE|[EXTERNAL]|Bytes:8
15:38:22.0 (41660301)|DML_END|[14]
15:38:22.0 (41676194)|HEAP_ALLOCATE|[14]|Bytes:-4
15:38:22.0 (41696806)|STATEMENT_EXECUTE|[15]
15:38:22.0 (41725995)|VARIABLE_SCOPE_BEGIN|[15]|idQuote|Id|false|false
15:38:22.0 (41803806)|VARIABLE_ASSIGNMENT|[15]|idQuote|"0Q0f40000009kMDCAY"
15:38:22.0 (41811348)|STATEMENT_EXECUTE|[18]
15:38:22.0 (41817018)|HEAP_ALLOCATE|[18]|Bytes:14
15:38:22.0 (41824644)|HEAP_ALLOCATE|[18]|Bytes:13
15:38:22.0 (41864988)|HEAP_ALLOCATE|[EXTERNAL]|Bytes:4
15:38:22.0 (41932706)|HEAP_ALLOCATE|[18]|Bytes:4
15:38:22.0 (41944851)|VARIABLE_SCOPE_BEGIN|[18]|items|List<QuoteLineItem>|true|false
15:38:22.0 (41961517)|VARIABLE_ASSIGNMENT|[18]|items|[]|0x7068e987
15:38:22.0 (42165948)|HEAP_ALLOCATE|[20]|Bytes:5
15:38:22.0 (42184705)|VARIABLE_ASSIGNMENT|[20]|i|null|
15:38:22.0 (42190249)|STATEMENT_EXECUTE|[20]
15:38:22.0 (42198277)|SYSTEM_MODE_EXIT|false
15:38:22.46 (46039565)|CUMULATIVE_LIMIT_USAGE
15:38:22.46 (46039565)|LIMIT_USAGE_FOR_NS|(default)|
  Number of SOQL queries: 1 out of 100
  Number of query rows: 1 out of 50000
  Number of SOSL queries: 0 out of 20
  Number of DML statements: 1 out of 150
  Number of DML rows: 1 out of 10000
  Maximum CPU time: 0 out of 10000
  Maximum heap size: 0 out of 6000000
  Number of callouts: 0 out of 100
  Number of Email Invocations: 0 out of 10
  Number of future calls: 0 out of 50
  Number of queueable jobs added to the queue: 0 out of 50
  Number of Mobile Apex push calls: 0 out of 10

15:38:22.46 (46039565)|CUMULATIVE_LIMIT_USAGE_END

15:38:22.0 (46076738)|CODE_UNIT_FINISHED|CloneQuote.cloneQuote
15:38:22.0 (46140161)|CODE_UNIT_FINISHED|Aura
15:38:22.0 (46937004)|EXECUTION_FINISHED
