42.0 APEX_CODE,FINEST;APEX_PROFILING,INFO;CALLOUT,INFO;DB,INFO;SYSTEM,DEBUG;VALIDATION,INFO;VISUALFORCE,INFO;WAVE,INFO;WORKFLOW,INFO
Execute Anonymous: CloneQuote.cloneQuote('0Q0f40000009bwtCAA');
13:23:03.1 (1144944)|USER_INFO|[EXTERNAL]|005f4000001uuP2|nmolinam@deloitte.com|Hora de Venezuela|GMT-04:00
13:23:03.1 (1170180)|EXECUTION_STARTED
13:23:03.1 (1175041)|CODE_UNIT_STARTED|[EXTERNAL]|execute_anonymous_apex
13:23:03.1 (1373946)|HEAP_ALLOCATE|[72]|Bytes:3
13:23:03.1 (1410558)|HEAP_ALLOCATE|[77]|Bytes:152
13:23:03.1 (1430930)|HEAP_ALLOCATE|[342]|Bytes:408
13:23:03.1 (1451944)|HEAP_ALLOCATE|[355]|Bytes:408
13:23:03.1 (1469947)|HEAP_ALLOCATE|[467]|Bytes:48
13:23:03.1 (1501314)|HEAP_ALLOCATE|[139]|Bytes:6
13:23:03.1 (1523108)|HEAP_ALLOCATE|[EXTERNAL]|Bytes:1
13:23:03.1 (1620712)|STATEMENT_EXECUTE|[1]
13:23:03.1 (1624082)|STATEMENT_EXECUTE|[1]
13:23:03.1 (1628067)|HEAP_ALLOCATE|[1]|Bytes:18
13:23:03.1 (1645045)|HEAP_ALLOCATE|[1]|Bytes:4
13:23:03.1 (1704329)|HEAP_ALLOCATE|[50]|Bytes:5
13:23:03.1 (1726102)|HEAP_ALLOCATE|[56]|Bytes:5
13:23:03.1 (1735844)|HEAP_ALLOCATE|[64]|Bytes:7
13:23:03.1 (1762556)|SYSTEM_MODE_ENTER|false
13:23:03.1 (1781685)|HEAP_ALLOCATE|[1]|Bytes:5
13:23:03.1 (10128075)|HEAP_ALLOCATE|[1]|Bytes:1
13:23:03.1 (10139288)|HEAP_ALLOCATE|[1]|Bytes:2
13:23:03.1 (10154145)|METHOD_ENTRY|[1]|01pf4000009Vx35|CloneQuote.CloneQuote()
13:23:03.1 (10160971)|STATEMENT_EXECUTE|[1]
13:23:03.1 (10165732)|STATEMENT_EXECUTE|[1]
13:23:03.1 (10177200)|HEAP_ALLOCATE|[1]|Bytes:5
13:23:03.1 (10187156)|METHOD_EXIT|[1]|CloneQuote
13:23:03.1 (10213669)|METHOD_ENTRY|[1]|01pf4000009Vx35|CloneQuote.cloneQuote(Id)
13:23:03.1 (10249117)|VARIABLE_SCOPE_BEGIN|[3]|quoteId|Id|false|false
13:23:03.1 (10396952)|VARIABLE_ASSIGNMENT|[3]|quoteId|"0Q0f40000009bwtCAA"
13:23:03.1 (10415777)|HEAP_ALLOCATE|[6]|Bytes:5
13:23:03.1 (10421830)|STATEMENT_EXECUTE|[3]
13:23:03.1 (10423581)|STATEMENT_EXECUTE|[4]
13:23:03.1 (10427025)|HEAP_ALLOCATE|[6]|Bytes:95
13:23:03.1 (10446139)|HEAP_ALLOCATE|[6]|Bytes:4
13:23:03.1 (10473418)|HEAP_ALLOCATE|[6]|Bytes:7
13:23:03.1 (10854407)|SOQL_EXECUTE_BEGIN|[6]|Aggregations:1|SELECT Name, OPPORTUNITYiD, (SELECT QuoteId FROM QuoteLineItems) FROM QUOTE WHERE ID = :tmpVar1
13:23:03.1 (14873743)|SOQL_EXECUTE_END|[6]|Rows:1
13:23:03.1 (14902693)|HEAP_ALLOCATE|[6]|Bytes:8
13:23:03.1 (14925253)|HEAP_ALLOCATE|[6]|Bytes:213
13:23:03.1 (15023906)|HEAP_ALLOCATE|[6]|Bytes:8
13:23:03.1 (15036099)|HEAP_ALLOCATE|[4]|Bytes:31
13:23:03.1 (15077396)|HEAP_ALLOCATE|[4]|Bytes:20
13:23:03.1 (15084911)|VARIABLE_SCOPE_BEGIN|[4]|q1|Quote|true|false
13:23:03.1 (15116646)|VARIABLE_ASSIGNMENT|[4]|q1|{"Name":"QUOTE 2","OpportunityId":"006f400000AO4MJAA1","Id":"0Q0f40000009bwtCAA","QuoteLineItems":[{"QuoteId":"0Q0f40000009bwtCAA","Id":"0QLf4000000sNKqGAM"},{"QuoteId":"0Q0f40000009bwtCAA","Id":"0QLf4000000sNKrGAM"}]}|0x2899f8ce
13:23:03.1 (15125729)|STATEMENT_EXECUTE|[10]
13:23:03.1 (15212393)|HEAP_ALLOCATE|[10]|Bytes:188
13:23:03.1 (15218095)|HEAP_ALLOCATE|[10]|Bytes:16
13:23:03.1 (15234476)|VARIABLE_SCOPE_BEGIN|[10]|q2|Quote|true|false
13:23:03.1 (15251943)|VARIABLE_ASSIGNMENT|[10]|q2|{"Name":"QUOTE 2","OpportunityId":"006f400000AO4MJAA1","QuoteLineItems":[{"QuoteId":"0Q0f40000009bwtCAA","Id":"0QLf4000000sNKqGAM"},{"QuoteId":"0Q0f40000009bwtCAA","Id":"0QLf4000000sNKrGAM"}]}|0x51aa9bd1
13:23:03.1 (15259117)|STATEMENT_EXECUTE|[12]
13:23:03.1 (15280453)|HEAP_ALLOCATE|[12]|Bytes:8
13:23:03.1 (15291034)|DML_BEGIN|[12]|Op:Insert|Type:Quote|Rows:1
13:23:03.1 (15322466)|HEAP_ALLOCATE|[EXTERNAL]|Bytes:8
13:23:03.1 (56865008)|DML_END|[12]
13:23:03.1 (56880017)|HEAP_ALLOCATE|[12]|Bytes:-4
13:23:03.1 (56900650)|STATEMENT_EXECUTE|[13]
13:23:03.1 (56943354)|VARIABLE_SCOPE_BEGIN|[13]|idQuote|Id|false|false
13:23:03.1 (57019496)|VARIABLE_ASSIGNMENT|[13]|idQuote|"0Q0f40000009e9cCAA"
13:23:03.1 (57027243)|STATEMENT_EXECUTE|[15]
13:23:03.1 (57035261)|HEAP_ALLOCATE|[15]|Bytes:14
13:23:03.1 (57043878)|HEAP_ALLOCATE|[15]|Bytes:13
13:23:03.1 (57089191)|HEAP_ALLOCATE|[EXTERNAL]|Bytes:12
13:23:03.1 (57192610)|HEAP_ALLOCATE|[15]|Bytes:12
13:23:03.1 (57235313)|VARIABLE_SCOPE_BEGIN|[15]|items|List<QuoteLineItem>|true|false
13:23:03.1 (57266779)|VARIABLE_ASSIGNMENT|[15]|items|[{"QuoteId":"0Q0f40000009bwtCAA","Id":"0QLf4000000sNKqGAM"},{"QuoteId":"0Q0f40000009bwtCAA","Id":"0QLf4000000sNKrGAM"}]|0x52313fc8
13:23:03.1 (57509991)|HEAP_ALLOCATE|[17]|Bytes:5
13:23:03.1 (57531078)|HEAP_ALLOCATE|[17]|Bytes:12
13:23:03.1 (57541285)|VARIABLE_SCOPE_BEGIN|[17]|i|QuoteLineItem|true|false
13:23:03.1 (57556860)|VARIABLE_ASSIGNMENT|[17]|i|{"QuoteId":"0Q0f40000009bwtCAA","Id":"0QLf4000000sNKqGAM"}|0x6e74914c
13:23:03.1 (57563744)|STATEMENT_EXECUTE|[17]
13:23:03.1 (57565615)|STATEMENT_EXECUTE|[18]
13:23:03.1 (57585100)|HEAP_ALLOCATE|[18]|Bytes:4
13:23:03.1 (57667653)|VARIABLE_SCOPE_BEGIN|[18]|ql|QuoteLineItem|true|false
13:23:03.1 (57682954)|VARIABLE_ASSIGNMENT|[18]|ql|{}|0x1efbb056
13:23:03.1 (57688882)|STATEMENT_EXECUTE|[19]
13:23:03.1 (57783337)|VARIABLE_ASSIGNMENT|[19]|this.QuoteId|"0Q0f40000009e9cCAA"|0x1efbb056
13:23:03.1 (57792446)|STATEMENT_EXECUTE|[20]
13:23:03.1 (57872985)|EXCEPTION_THROWN|[20]|System.SObjectException: SObject row was retrieved via SOQL without querying the requested field: QuoteLineItem.Discount
13:23:03.1 (57928781)|HEAP_ALLOCATE|[20]|Bytes:99
13:23:03.1 (57956847)|METHOD_EXIT|[1]|01pf4000009Vx35|CloneQuote.cloneQuote(Id)
13:23:03.1 (57966073)|SYSTEM_MODE_EXIT|false
13:23:03.1 (58049094)|FATAL_ERROR|System.SObjectException: SObject row was retrieved via SOQL without querying the requested field: QuoteLineItem.Discount

Class.CloneQuote.cloneQuote: line 20, column 1
AnonymousBlock: line 1, column 1
AnonymousBlock: line 1, column 1
13:23:03.58 (58091405)|CUMULATIVE_LIMIT_USAGE
13:23:03.58 (58091405)|LIMIT_USAGE_FOR_NS|(default)|
  Number of SOQL queries: 1 out of 100
  Number of query rows: 3 out of 50000
  Number of SOSL queries: 0 out of 20
  Number of DML statements: 1 out of 150
  Number of DML rows: 1 out of 10000
  Maximum CPU time: 0 out of 10000
  Maximum heap size: 0 out of 6000000
  Number of callouts: 0 out of 100
  Number of Email Invocations: 0 out of 10
  Number of future calls: 0 out of 50
  Number of queueable jobs added to the queue: 0 out of 50
  Number of Mobile Apex push calls: 0 out of 10

13:23:03.58 (58091405)|CUMULATIVE_LIMIT_USAGE_END

13:23:03.1 (58135142)|CODE_UNIT_FINISHED|execute_anonymous_apex
13:23:03.1 (59214992)|EXECUTION_FINISHED
