36.0 APEX_CODE,FINEST;APEX_PROFILING,INFO;CALLOUT,INFO;DB,INFO;SYSTEM,DEBUG;VALIDATION,INFO;VISUALFORCE,INFO;WAVE,INFO;WORKFLOW,INFO
14:22:28.0 (476530)|USER_INFO|[EXTERNAL]|005f4000001uuP2|nmolinam@deloitte.com|Hora de Venezuela|GMT-04:00
14:22:28.0 (568374)|EXECUTION_STARTED
14:22:28.0 (575302)|CODE_UNIT_STARTED|[EXTERNAL]|066f4000002h6Fz|VF: /apex/LightningPDFGeneratorDemo
14:22:28.0 (6311749)|SYSTEM_MODE_ENTER|true
14:22:28.0 (6653999)|HEAP_ALLOCATE|[72]|Bytes:3
14:22:28.0 (6688117)|HEAP_ALLOCATE|[77]|Bytes:152
14:22:28.0 (6703711)|HEAP_ALLOCATE|[342]|Bytes:408
14:22:28.0 (6722452)|HEAP_ALLOCATE|[355]|Bytes:408
14:22:28.0 (6739708)|HEAP_ALLOCATE|[467]|Bytes:48
14:22:28.0 (6770172)|HEAP_ALLOCATE|[139]|Bytes:6
14:22:28.0 (6791740)|HEAP_ALLOCATE|[EXTERNAL]|Bytes:84
14:22:28.0 (6799857)|HEAP_ALLOCATE|[EXTERNAL]|Bytes:5
14:22:28.0 (6812239)|METHOD_ENTRY|[1]|01pf4000008yCKF|DataDisplayController.DataDisplayController()
14:22:28.0 (6822224)|STATEMENT_EXECUTE|[1]
14:22:28.0 (6829306)|STATEMENT_EXECUTE|[1]
14:22:28.0 (6835311)|METHOD_EXIT|[1]|DataDisplayController
14:22:28.0 (6851328)|HEAP_ALLOCATE|[EXTERNAL]|Bytes:8
14:22:28.0 (6861966)|VARIABLE_SCOPE_BEGIN|[4]|this|DataDisplayController|true|false
14:22:28.0 (6923761)|VARIABLE_ASSIGNMENT|[4]|this|{}|0xaf4729
14:22:28.0 (6938777)|STATEMENT_EXECUTE|[1]
14:22:28.0 (6941272)|STATEMENT_EXECUTE|[2]
14:22:28.0 (6949800)|HEAP_ALLOCATE|[5]|Bytes:6
14:22:28.0 (7022318)|STATEMENT_EXECUTE|[4]
14:22:28.0 (7026972)|STATEMENT_EXECUTE|[5]
14:22:28.0 (7031220)|HEAP_ALLOCATE|[5]|Bytes:4
14:22:28.0 (7135620)|VARIABLE_ASSIGNMENT|[EXTERNAL]|this|{}|0xaf4729
14:22:28.0 (7153227)|VARIABLE_ASSIGNMENT|[EXTERNAL]|value|"test"
14:22:28.0 (7174126)|VARIABLE_ASSIGNMENT|[2]|this.PDFData|"test"|0xaf4729
14:22:28.0 (8363357)|SYSTEM_MODE_ENTER|true
14:22:28.0 (8729438)|VF_SERIALIZE_VIEWSTATE_BEGIN|066f4000002h6Fz
14:22:28.0 (10214540)|VF_SERIALIZE_VIEWSTATE_END
14:22:28.12 (12015544)|CUMULATIVE_LIMIT_USAGE
14:22:28.12 (12015544)|LIMIT_USAGE_FOR_NS|(default)|
  Number of SOQL queries: 0 out of 100
  Number of query rows: 0 out of 50000
  Number of SOSL queries: 0 out of 20
  Number of DML statements: 0 out of 150
  Number of DML rows: 0 out of 10000
  Maximum CPU time: 0 out of 10000
  Maximum heap size: 0 out of 6000000
  Number of callouts: 0 out of 100
  Number of Email Invocations: 0 out of 10
  Number of future calls: 0 out of 50
  Number of queueable jobs added to the queue: 0 out of 50
  Number of Mobile Apex push calls: 0 out of 10

14:22:28.12 (12015544)|CUMULATIVE_LIMIT_USAGE_END

14:22:28.0 (12048467)|CODE_UNIT_FINISHED|VF: /apex/LightningPDFGeneratorDemo
14:22:28.0 (13079141)|EXECUTION_FINISHED
