42.0 APEX_CODE,FINEST;APEX_PROFILING,INFO;CALLOUT,INFO;DB,INFO;SYSTEM,DEBUG;VALIDATION,INFO;VISUALFORCE,INFO;WAVE,INFO;WORKFLOW,INFO
15:38:25.0 (74880)|USER_INFO|[EXTERNAL]|005f4000001uuP2|nmolinam@deloitte.com|Hora de Venezuela|GMT-04:00
15:38:25.0 (113291)|EXECUTION_STARTED
15:38:25.0 (118537)|CODE_UNIT_STARTED|[EXTERNAL]|Aura
15:38:25.0 (776780)|HEAP_ALLOCATE|[72]|Bytes:3
15:38:25.0 (821548)|HEAP_ALLOCATE|[77]|Bytes:152
15:38:25.0 (847175)|HEAP_ALLOCATE|[342]|Bytes:408
15:38:25.0 (870912)|HEAP_ALLOCATE|[355]|Bytes:408
15:38:25.0 (891611)|HEAP_ALLOCATE|[467]|Bytes:48
15:38:25.0 (927853)|HEAP_ALLOCATE|[139]|Bytes:6
15:38:25.0 (950474)|HEAP_ALLOCATE|[EXTERNAL]|Bytes:18
15:38:25.0 (963635)|HEAP_ALLOCATE|[EXTERNAL]|Bytes:4
15:38:25.0 (1797736)|CODE_UNIT_STARTED|[EXTERNAL]|01pf4000009Vx35|CloneQuote.cloneQuote
15:38:25.0 (1948993)|HEAP_ALLOCATE|[EXTERNAL]|Bytes:1
15:38:25.0 (1967784)|METHOD_ENTRY|[1]|01pf4000009Vx35|CloneQuote.CloneQuote()
15:38:25.0 (1978391)|STATEMENT_EXECUTE|[1]
15:38:25.0 (1985165)|STATEMENT_EXECUTE|[1]
15:38:25.0 (2024921)|HEAP_ALLOCATE|[50]|Bytes:5
15:38:25.0 (2055464)|HEAP_ALLOCATE|[56]|Bytes:5
15:38:25.0 (2069069)|HEAP_ALLOCATE|[64]|Bytes:7
15:38:25.0 (2097488)|SYSTEM_MODE_ENTER|false
15:38:25.0 (2112931)|HEAP_ALLOCATE|[EXTERNAL]|Bytes:5
15:38:25.0 (2123026)|SYSTEM_MODE_EXIT|false
15:38:25.0 (2134855)|METHOD_EXIT|[1]|CloneQuote
15:38:25.0 (2143675)|HEAP_ALLOCATE|[EXTERNAL]|Bytes:4
15:38:25.0 (2156272)|SYSTEM_MODE_ENTER|false
15:38:25.0 (2165634)|VARIABLE_SCOPE_BEGIN|[3]|quoteId|Id|false|false
15:38:25.0 (2481912)|VARIABLE_ASSIGNMENT|[3]|quoteId|"0Q0f40000009kKqCAI"
15:38:25.0 (2511346)|HEAP_ALLOCATE|[6]|Bytes:5
15:38:25.0 (2519465)|STATEMENT_EXECUTE|[3]
15:38:25.0 (2521987)|STATEMENT_EXECUTE|[4]
15:38:25.0 (2526248)|HEAP_ALLOCATE|[6]|Bytes:183
15:38:25.0 (2550293)|HEAP_ALLOCATE|[6]|Bytes:4
15:38:25.0 (2566432)|HEAP_ALLOCATE|[6]|Bytes:7
15:38:25.0 (3473916)|SOQL_EXECUTE_BEGIN|[6]|Aggregations:1|SELECT Name, OPPORTUNITYiD, Pricebook2Id, (SELECT QuoteId, Description, Discount, PricebookEntryId, Quantity, Product2Id, UnitPrice FROM QuoteLineItems) FROM QUOTE WHERE ID = :tmpVar1
15:38:25.0 (8306948)|SOQL_EXECUTE_END|[6]|Rows:1
15:38:25.0 (8339586)|HEAP_ALLOCATE|[6]|Bytes:8
15:38:25.0 (8359315)|HEAP_ALLOCATE|[6]|Bytes:113
15:38:25.0 (8452513)|HEAP_ALLOCATE|[6]|Bytes:8
15:38:25.0 (8466084)|HEAP_ALLOCATE|[4]|Bytes:31
15:38:25.0 (8497400)|HEAP_ALLOCATE|[4]|Bytes:20
15:38:25.0 (8507513)|VARIABLE_SCOPE_BEGIN|[4]|q1|Quote|true|false
15:38:25.0 (8536343)|VARIABLE_ASSIGNMENT|[4]|q1|{"Name":"QUOTE 2","OpportunityId":"006f400000AO4MJAA1","Pricebook2Id":"01sf4000003Vb8JAAS","Id":"0Q0f40000009kKqCAI"}|0x6bac1eba
15:38:25.0 (8543793)|STATEMENT_EXECUTE|[11]
15:38:25.0 (8639114)|HEAP_ALLOCATE|[11]|Bytes:88
15:38:25.0 (8644738)|HEAP_ALLOCATE|[11]|Bytes:16
15:38:25.0 (8662000)|VARIABLE_SCOPE_BEGIN|[11]|q2|Quote|true|false
15:38:25.0 (8676875)|VARIABLE_ASSIGNMENT|[11]|q2|{"Name":"QUOTE 2","OpportunityId":"006f400000AO4MJAA1","Pricebook2Id":"01sf4000003Vb8JAAS"}|0x2d569334
15:38:25.0 (8683924)|STATEMENT_EXECUTE|[12]
15:38:25.0 (8746646)|VARIABLE_ASSIGNMENT|[12]|this.Pricebook2Id|"01sf4000003Vb8JAAS"|0x2d569334
15:38:25.0 (8753928)|STATEMENT_EXECUTE|[14]
15:38:25.0 (8777423)|HEAP_ALLOCATE|[14]|Bytes:8
15:38:25.0 (8785138)|DML_BEGIN|[14]|Op:Insert|Type:Quote|Rows:1
15:38:25.0 (8815233)|HEAP_ALLOCATE|[EXTERNAL]|Bytes:8
15:38:25.0 (36132433)|DML_END|[14]
15:38:25.0 (36150451)|HEAP_ALLOCATE|[14]|Bytes:-4
15:38:25.0 (36173205)|STATEMENT_EXECUTE|[15]
15:38:25.0 (36204279)|VARIABLE_SCOPE_BEGIN|[15]|idQuote|Id|false|false
15:38:25.0 (36281430)|VARIABLE_ASSIGNMENT|[15]|idQuote|"0Q0f40000009kMJCAY"
15:38:25.0 (36288802)|STATEMENT_EXECUTE|[18]
15:38:25.0 (36294181)|HEAP_ALLOCATE|[18]|Bytes:14
15:38:25.0 (36302313)|HEAP_ALLOCATE|[18]|Bytes:13
15:38:25.0 (36342100)|HEAP_ALLOCATE|[EXTERNAL]|Bytes:4
15:38:25.0 (36419262)|HEAP_ALLOCATE|[18]|Bytes:4
15:38:25.0 (36432061)|VARIABLE_SCOPE_BEGIN|[18]|items|List<QuoteLineItem>|true|false
15:38:25.0 (36451626)|VARIABLE_ASSIGNMENT|[18]|items|[]|0x45e40f86
15:38:25.0 (36663176)|HEAP_ALLOCATE|[20]|Bytes:5
15:38:25.0 (36682192)|VARIABLE_ASSIGNMENT|[20]|i|null|
15:38:25.0 (36688014)|STATEMENT_EXECUTE|[20]
15:38:25.0 (36697719)|SYSTEM_MODE_EXIT|false
15:38:25.40 (40783231)|CUMULATIVE_LIMIT_USAGE
15:38:25.40 (40783231)|LIMIT_USAGE_FOR_NS|(default)|
  Number of SOQL queries: 1 out of 100
  Number of query rows: 1 out of 50000
  Number of SOSL queries: 0 out of 20
  Number of DML statements: 1 out of 150
  Number of DML rows: 1 out of 10000
  Maximum CPU time: 0 out of 10000
  Maximum heap size: 0 out of 6000000
  Number of callouts: 0 out of 100
  Number of Email Invocations: 0 out of 10
  Number of future calls: 0 out of 50
  Number of queueable jobs added to the queue: 0 out of 50
  Number of Mobile Apex push calls: 0 out of 10

15:38:25.40 (40783231)|CUMULATIVE_LIMIT_USAGE_END

15:38:25.0 (40821109)|CODE_UNIT_FINISHED|CloneQuote.cloneQuote
15:38:25.0 (40898633)|CODE_UNIT_FINISHED|Aura
15:38:25.0 (41752145)|EXECUTION_FINISHED
ED
