42.0 APEX_CODE,FINEST;APEX_PROFILING,INFO;CALLOUT,INFO;DB,INFO;SYSTEM,DEBUG;VALIDATION,INFO;VISUALFORCE,INFO;WAVE,INFO;WORKFLOW,INFO
14:13:57.0 (87206)|USER_INFO|[EXTERNAL]|005f4000001uuP2|nmolinam@deloitte.com|Hora de Venezuela|GMT-04:00
14:13:57.0 (123083)|EXECUTION_STARTED
14:13:57.0 (127162)|CODE_UNIT_STARTED|[EXTERNAL]|Aura
14:13:57.0 (1252628)|CODE_UNIT_STARTED|[EXTERNAL]|01pf4000009Vx35|CloneQuote.cloneQuote
14:13:57.0 (1448123)|HEAP_ALLOCATE|[72]|Bytes:3
14:13:57.0 (1494784)|HEAP_ALLOCATE|[77]|Bytes:152
14:13:57.0 (1513316)|HEAP_ALLOCATE|[342]|Bytes:408
14:13:57.0 (1528755)|HEAP_ALLOCATE|[355]|Bytes:408
14:13:57.0 (1539871)|HEAP_ALLOCATE|[467]|Bytes:48
14:13:57.0 (1576549)|HEAP_ALLOCATE|[139]|Bytes:6
14:13:57.0 (1668374)|HEAP_ALLOCATE|[EXTERNAL]|Bytes:1
14:13:57.0 (1684982)|METHOD_ENTRY|[1]|01pf4000009Vx35|CloneQuote.CloneQuote()
14:13:57.0 (1698797)|STATEMENT_EXECUTE|[1]
14:13:57.0 (1706555)|STATEMENT_EXECUTE|[1]
14:13:57.0 (1749291)|HEAP_ALLOCATE|[50]|Bytes:5
14:13:57.0 (1778260)|HEAP_ALLOCATE|[56]|Bytes:5
14:13:57.0 (1789444)|HEAP_ALLOCATE|[64]|Bytes:7
14:13:57.0 (1817345)|SYSTEM_MODE_ENTER|false
14:13:57.0 (1832689)|HEAP_ALLOCATE|[EXTERNAL]|Bytes:5
14:13:57.0 (1840142)|SYSTEM_MODE_EXIT|false
14:13:57.0 (1849347)|METHOD_EXIT|[1]|CloneQuote
14:13:57.0 (1860686)|SYSTEM_MODE_ENTER|false
14:13:57.0 (1868436)|VARIABLE_SCOPE_BEGIN|[3]|quoteId|Id|false|false
14:13:57.0 (1888047)|VARIABLE_ASSIGNMENT|[3]|quoteId|null
14:13:57.0 (1902934)|HEAP_ALLOCATE|[6]|Bytes:5
14:13:57.0 (1908073)|STATEMENT_EXECUTE|[3]
14:13:57.0 (1909989)|STATEMENT_EXECUTE|[4]
14:13:57.0 (1914384)|HEAP_ALLOCATE|[6]|Bytes:183
14:13:57.0 (1936851)|HEAP_ALLOCATE|[6]|Bytes:4
14:13:57.0 (1948534)|HEAP_ALLOCATE|[6]|Bytes:7
14:13:57.0 (2695309)|SOQL_EXECUTE_BEGIN|[6]|Aggregations:1|SELECT Name, OPPORTUNITYiD, Pricebook2Id, (SELECT QuoteId, Description, Discount, PricebookEntryId, Quantity, Product2Id, UnitPrice FROM QuoteLineItems) FROM QUOTE WHERE ID = :tmpVar1
14:13:57.0 (4153763)|SOQL_EXECUTE_END|[6]|Rows:0
14:13:57.0 (4178683)|HEAP_ALLOCATE|[6]|Bytes:4
14:13:57.0 (4191036)|HEAP_ALLOCATE|[6]|Bytes:0
14:13:57.0 (4291283)|HEAP_ALLOCATE|[6]|Bytes:4
14:13:57.0 (4303956)|HEAP_ALLOCATE|[4]|Bytes:31
14:13:57.0 (4393534)|HEAP_ALLOCATE|[4]|Bytes:46
14:13:57.0 (4486389)|FATAL_ERROR|System.QueryException: List has no rows for assignment to SObject

Class.CloneQuote.cloneQuote: line 4, column 1
14:13:57.0 (4498243)|FATAL_ERROR|System.QueryException: List has no rows for assignment to SObject

Class.CloneQuote.cloneQuote: line 4, column 1
14:13:57.4 (4503550)|CUMULATIVE_LIMIT_USAGE
14:13:57.4 (4503550)|LIMIT_USAGE_FOR_NS|(default)|
  Number of SOQL queries: 1 out of 100
  Number of query rows: 0 out of 50000
  Number of SOSL queries: 0 out of 20
  Number of DML statements: 0 out of 150
  Number of DML rows: 0 out of 10000
  Maximum CPU time: 0 out of 10000
  Maximum heap size: 0 out of 6000000
  Number of callouts: 0 out of 100
  Number of Email Invocations: 0 out of 10
  Number of future calls: 0 out of 50
  Number of queueable jobs added to the queue: 0 out of 50
  Number of Mobile Apex push calls: 0 out of 10

14:13:57.4 (4503550)|CUMULATIVE_LIMIT_USAGE_END

14:13:57.0 (4536208)|CODE_UNIT_FINISHED|CloneQuote.cloneQuote
14:13:57.0 (7725144)|CODE_UNIT_FINISHED|Aura
14:13:57.0 (8523821)|EXECUTION_FINISHED
