42.0 APEX_CODE,FINEST;APEX_PROFILING,INFO;CALLOUT,INFO;DB,INFO;SYSTEM,DEBUG;VALIDATION,INFO;VISUALFORCE,INFO;WAVE,INFO;WORKFLOW,INFO
15:38:24.0 (58700)|USER_INFO|[EXTERNAL]|005f4000001uuP2|nmolinam@deloitte.com|Hora de Venezuela|GMT-04:00
15:38:24.0 (93548)|EXECUTION_STARTED
15:38:24.0 (97683)|CODE_UNIT_STARTED|[EXTERNAL]|Aura
15:38:24.0 (580910)|HEAP_ALLOCATE|[72]|Bytes:3
15:38:24.0 (618861)|HEAP_ALLOCATE|[77]|Bytes:152
15:38:24.0 (634337)|HEAP_ALLOCATE|[342]|Bytes:408
15:38:24.0 (647415)|HEAP_ALLOCATE|[355]|Bytes:408
15:38:24.0 (657820)|HEAP_ALLOCATE|[467]|Bytes:48
15:38:24.0 (683698)|HEAP_ALLOCATE|[139]|Bytes:6
15:38:24.0 (696845)|HEAP_ALLOCATE|[EXTERNAL]|Bytes:18
15:38:24.0 (706021)|HEAP_ALLOCATE|[EXTERNAL]|Bytes:4
15:38:24.0 (1449549)|CODE_UNIT_STARTED|[EXTERNAL]|01pf4000009Vx35|CloneQuote.cloneQuote
15:38:24.0 (1559794)|HEAP_ALLOCATE|[EXTERNAL]|Bytes:1
15:38:24.0 (1574263)|METHOD_ENTRY|[1]|01pf4000009Vx35|CloneQuote.CloneQuote()
15:38:24.0 (1582444)|STATEMENT_EXECUTE|[1]
15:38:24.0 (1588495)|STATEMENT_EXECUTE|[1]
15:38:24.0 (1622009)|HEAP_ALLOCATE|[50]|Bytes:5
15:38:24.0 (1646763)|HEAP_ALLOCATE|[56]|Bytes:5
15:38:24.0 (1654230)|HEAP_ALLOCATE|[64]|Bytes:7
15:38:24.0 (1675474)|SYSTEM_MODE_ENTER|false
15:38:24.0 (1689264)|HEAP_ALLOCATE|[EXTERNAL]|Bytes:5
15:38:24.0 (1696917)|SYSTEM_MODE_EXIT|false
15:38:24.0 (1706205)|METHOD_EXIT|[1]|CloneQuote
15:38:24.0 (1713073)|HEAP_ALLOCATE|[EXTERNAL]|Bytes:4
15:38:24.0 (1722645)|SYSTEM_MODE_ENTER|false
15:38:24.0 (1729786)|VARIABLE_SCOPE_BEGIN|[3]|quoteId|Id|false|false
15:38:24.0 (1959327)|VARIABLE_ASSIGNMENT|[3]|quoteId|"0Q0f40000009kKqCAI"
15:38:24.0 (1982077)|HEAP_ALLOCATE|[6]|Bytes:5
15:38:24.0 (1987798)|STATEMENT_EXECUTE|[3]
15:38:24.0 (1989614)|STATEMENT_EXECUTE|[4]
15:38:24.0 (1992725)|HEAP_ALLOCATE|[6]|Bytes:183
15:38:24.0 (2009130)|HEAP_ALLOCATE|[6]|Bytes:4
15:38:24.0 (2022248)|HEAP_ALLOCATE|[6]|Bytes:7
15:38:24.0 (2667750)|SOQL_EXECUTE_BEGIN|[6]|Aggregations:1|SELECT Name, OPPORTUNITYiD, Pricebook2Id, (SELECT QuoteId, Description, Discount, PricebookEntryId, Quantity, Product2Id, UnitPrice FROM QuoteLineItems) FROM QUOTE WHERE ID = :tmpVar1
15:38:24.0 (6464056)|SOQL_EXECUTE_END|[6]|Rows:1
15:38:24.0 (6489996)|HEAP_ALLOCATE|[6]|Bytes:8
15:38:24.0 (6507694)|HEAP_ALLOCATE|[6]|Bytes:113
15:38:24.0 (6596563)|HEAP_ALLOCATE|[6]|Bytes:8
15:38:24.0 (6608316)|HEAP_ALLOCATE|[4]|Bytes:31
15:38:24.0 (6639982)|HEAP_ALLOCATE|[4]|Bytes:20
15:38:24.0 (6647591)|VARIABLE_SCOPE_BEGIN|[4]|q1|Quote|true|false
15:38:24.0 (6673810)|VARIABLE_ASSIGNMENT|[4]|q1|{"Name":"QUOTE 2","OpportunityId":"006f400000AO4MJAA1","Pricebook2Id":"01sf4000003Vb8JAAS","Id":"0Q0f40000009kKqCAI"}|0x4dcd85a
15:38:24.0 (6681848)|STATEMENT_EXECUTE|[11]
15:38:24.0 (6759134)|HEAP_ALLOCATE|[11]|Bytes:88
15:38:24.0 (6764595)|HEAP_ALLOCATE|[11]|Bytes:16
15:38:24.0 (6785674)|VARIABLE_SCOPE_BEGIN|[11]|q2|Quote|true|false
15:38:24.0 (6801793)|VARIABLE_ASSIGNMENT|[11]|q2|{"Name":"QUOTE 2","OpportunityId":"006f400000AO4MJAA1","Pricebook2Id":"01sf4000003Vb8JAAS"}|0x29c55aa7
15:38:24.0 (6808970)|STATEMENT_EXECUTE|[12]
15:38:24.0 (6881124)|VARIABLE_ASSIGNMENT|[12]|this.Pricebook2Id|"01sf4000003Vb8JAAS"|0x29c55aa7
15:38:24.0 (6888135)|STATEMENT_EXECUTE|[14]
15:38:24.0 (6909766)|HEAP_ALLOCATE|[14]|Bytes:8
15:38:24.0 (6916571)|DML_BEGIN|[14]|Op:Insert|Type:Quote|Rows:1
15:38:24.0 (6942086)|HEAP_ALLOCATE|[EXTERNAL]|Bytes:8
15:38:24.0 (52726119)|DML_END|[14]
15:38:24.0 (52743696)|HEAP_ALLOCATE|[14]|Bytes:-4
15:38:24.0 (52766272)|STATEMENT_EXECUTE|[15]
15:38:24.0 (52805536)|VARIABLE_SCOPE_BEGIN|[15]|idQuote|Id|false|false
15:38:24.0 (52883653)|VARIABLE_ASSIGNMENT|[15]|idQuote|"0Q0f40000009kMNCAY"
15:38:24.0 (52890860)|STATEMENT_EXECUTE|[18]
15:38:24.0 (52897434)|HEAP_ALLOCATE|[18]|Bytes:14
15:38:24.0 (52905685)|HEAP_ALLOCATE|[18]|Bytes:13
15:38:24.0 (52953619)|HEAP_ALLOCATE|[EXTERNAL]|Bytes:4
15:38:24.0 (53032331)|HEAP_ALLOCATE|[18]|Bytes:4
15:38:24.0 (53045345)|VARIABLE_SCOPE_BEGIN|[18]|items|List<QuoteLineItem>|true|false
15:38:24.0 (53063849)|VARIABLE_ASSIGNMENT|[18]|items|[]|0x78817460
15:38:24.0 (53270136)|HEAP_ALLOCATE|[20]|Bytes:5
15:38:24.0 (53293335)|VARIABLE_ASSIGNMENT|[20]|i|null|
15:38:24.0 (53302733)|STATEMENT_EXECUTE|[20]
15:38:24.0 (53320134)|SYSTEM_MODE_EXIT|false
15:38:24.57 (57523211)|CUMULATIVE_LIMIT_USAGE
15:38:24.57 (57523211)|LIMIT_USAGE_FOR_NS|(default)|
  Number of SOQL queries: 1 out of 100
  Number of query rows: 1 out of 50000
  Number of SOSL queries: 0 out of 20
  Number of DML statements: 1 out of 150
  Number of DML rows: 1 out of 10000
  Maximum CPU time: 0 out of 10000
  Maximum heap size: 0 out of 6000000
  Number of callouts: 0 out of 100
  Number of Email Invocations: 0 out of 10
  Number of future calls: 0 out of 50
  Number of queueable jobs added to the queue: 0 out of 50
  Number of Mobile Apex push calls: 0 out of 10

15:38:24.57 (57523211)|CUMULATIVE_LIMIT_USAGE_END

15:38:24.0 (57559279)|CODE_UNIT_FINISHED|CloneQuote.cloneQuote
15:38:24.0 (57630437)|CODE_UNIT_FINISHED|Aura
15:38:24.0 (58459610)|EXECUTION_FINISHED
