42.0 APEX_CODE,FINEST;APEX_PROFILING,INFO;CALLOUT,INFO;DB,INFO;SYSTEM,DEBUG;VALIDATION,INFO;VISUALFORCE,INFO;WAVE,INFO;WORKFLOW,INFO
14:55:41.0 (72654)|USER_INFO|[EXTERNAL]|005f4000001uuP2|nmolinam@deloitte.com|Hora de Venezuela|GMT-04:00
14:55:41.0 (110773)|EXECUTION_STARTED
14:55:41.0 (115644)|CODE_UNIT_STARTED|[EXTERNAL]|Aura
14:55:41.0 (1198015)|CODE_UNIT_STARTED|[EXTERNAL]|01pf4000008WnsX|ViewQuotePDF.getPDF
14:55:41.0 (1417813)|HEAP_ALLOCATE|[72]|Bytes:3
14:55:41.0 (1460725)|HEAP_ALLOCATE|[77]|Bytes:152
14:55:41.0 (1475774)|HEAP_ALLOCATE|[342]|Bytes:408
14:55:41.0 (1487811)|HEAP_ALLOCATE|[355]|Bytes:408
14:55:41.0 (1498272)|HEAP_ALLOCATE|[467]|Bytes:48
14:55:41.0 (1525723)|HEAP_ALLOCATE|[139]|Bytes:6
14:55:41.0 (1591796)|HEAP_ALLOCATE|[EXTERNAL]|Bytes:4
14:55:41.0 (1597468)|HEAP_ALLOCATE|[EXTERNAL]|Bytes:8
14:55:41.0 (1608075)|METHOD_ENTRY|[1]|01pf4000008WnsX|ViewQuotePDF.ViewQuotePDF()
14:55:41.0 (1614863)|STATEMENT_EXECUTE|[1]
14:55:41.0 (1620071)|STATEMENT_EXECUTE|[1]
14:55:41.0 (1652579)|HEAP_ALLOCATE|[50]|Bytes:5
14:55:41.0 (1674352)|HEAP_ALLOCATE|[56]|Bytes:5
14:55:41.0 (1681758)|HEAP_ALLOCATE|[64]|Bytes:7
14:55:41.0 (1706026)|SYSTEM_MODE_ENTER|false
14:55:41.0 (1721710)|HEAP_ALLOCATE|[EXTERNAL]|Bytes:5
14:55:41.0 (1730873)|SYSTEM_MODE_EXIT|false
14:55:41.0 (1740966)|METHOD_EXIT|[1]|ViewQuotePDF
14:55:41.0 (1751715)|SYSTEM_MODE_ENTER|false
14:55:41.0 (1765871)|HEAP_ALLOCATE|[4]|Bytes:5
14:55:41.0 (1770712)|STATEMENT_EXECUTE|[3]
14:55:41.0 (1772706)|STATEMENT_EXECUTE|[4]
14:55:41.0 (1875847)|HEAP_ALLOCATE|[4]|Bytes:4
14:55:41.0 (1952214)|VARIABLE_SCOPE_BEGIN|[4]|quotes|List<Quote>|true|false
14:55:41.0 (1967640)|HEAP_ALLOCATE|[EXTERNAL]|Bytes:4
14:55:41.0 (1992708)|VARIABLE_ASSIGNMENT|[4]|quotes|[]|0x1db6a272
14:55:41.0 (1999213)|STATEMENT_EXECUTE|[5]
14:55:41.0 (2003181)|VARIABLE_SCOPE_BEGIN|[5]|pfdBase64|String|false|false
14:55:41.0 (2014245)|VARIABLE_ASSIGNMENT|[5]|pfdBase64|null
14:55:41.0 (2020693)|HEAP_ALLOCATE|[7]|Bytes:22
14:55:41.0 (2037919)|HEAP_ALLOCATE|[7]|Bytes:4
14:55:41.0 (2346469)|SOQL_EXECUTE_BEGIN|[7]|Aggregations:0|SELECT Name FROM Quote
14:55:41.0 (4016224)|SOQL_EXECUTE_END|[7]|Rows:1
14:55:41.0 (4036067)|HEAP_ALLOCATE|[EXTERNAL]|Bytes:8
14:55:41.0 (4196285)|HEAP_ALLOCATE|[7]|Bytes:54
14:55:41.0 (4207430)|HEAP_ALLOCATE|[7]|Bytes:8
14:55:41.0 (4216925)|SYSTEM_METHOD_ENTRY|[7]|QueryLocatorIterator.QueryLocatorIterator()
14:55:41.0 (4221840)|STATEMENT_EXECUTE|[7]
14:55:41.0 (4229905)|SYSTEM_METHOD_EXIT|[7]|QueryLocatorIterator
14:55:41.0 (4237389)|HEAP_ALLOCATE|[7]|Bytes:28
14:55:41.0 (4266177)|HEAP_ALLOCATE|[7]|Bytes:8
14:55:41.0 (4280017)|HEAP_ALLOCATE|[7]|Bytes:8
14:55:41.0 (4284232)|HEAP_ALLOCATE|[7]|Bytes:8
14:55:41.0 (4289099)|VARIABLE_SCOPE_BEGIN|[15]|this|Database.QueryLocatorIterator|true|false
14:55:41.0 (4326899)|VARIABLE_ASSIGNMENT|[15]|this|{}|0x74275d33
14:55:41.0 (4333983)|VARIABLE_SCOPE_BEGIN|[15]|values|List<SObject>|true|false
14:55:41.0 (4358075)|VARIABLE_ASSIGNMENT|[15]|values|[{"Name":"first quote","Id":"0Q0f40000009VVICA2"}]|0x2daa5c6e
14:55:41.0 (4364677)|VARIABLE_SCOPE_BEGIN|[15]|ql|Database.QueryLocator|true|false
14:55:41.0 (4385620)|VARIABLE_ASSIGNMENT|[15]|ql|{"query":"SELECT Name FROM Quo (2 more) ..."}|0x2d0e2241
14:55:41.0 (4391447)|VARIABLE_SCOPE_BEGIN|[15]|totalNumRecords|Integer|false|false
14:55:41.0 (4400889)|VARIABLE_ASSIGNMENT|[15]|totalNumRecords|1
14:55:41.0 (4405220)|VARIABLE_SCOPE_BEGIN|[15]|queryMoreSize|Integer|false|false
14:55:41.0 (4418400)|VARIABLE_ASSIGNMENT|[15]|queryMoreSize|49999
14:55:41.0 (4512532)|HEAP_ALLOCATE|[7]|Bytes:28
14:55:41.0 (4536663)|METHOD_ENTRY|[7]||Database.QueryLocatorIterator.hasNext()
14:55:41.0 (4587548)|METHOD_EXIT|[7]||Database.QueryLocatorIterator.hasNext()
14:55:41.0 (4595587)|METHOD_ENTRY|[7]||Database.QueryLocatorIterator.next()
14:55:41.0 (4675212)|METHOD_EXIT|[7]||Database.QueryLocatorIterator.next()
14:55:41.0 (4684646)|VARIABLE_SCOPE_BEGIN|[7]|q|Quote|true|false
14:55:41.0 (4703324)|VARIABLE_ASSIGNMENT|[7]|q|{"Name":"first quote","Id":"0Q0f40000009VVICA2"}|0x2422e422
14:55:41.0 (4710161)|STATEMENT_EXECUTE|[7]
14:55:41.0 (4712361)|STATEMENT_EXECUTE|[8]
14:55:41.0 (4743833)|HEAP_ALLOCATE|[EXTERNAL]|Bytes:4
14:55:41.0 (4755449)|METHOD_ENTRY|[7]||Database.QueryLocatorIterator.hasNext()
14:55:41.0 (4771304)|METHOD_EXIT|[7]||Database.QueryLocatorIterator.hasNext()
14:55:41.0 (4782742)|VARIABLE_ASSIGNMENT|[7]|q|null|
14:55:41.0 (4826865)|STATEMENT_EXECUTE|[13]
14:55:41.0 (4956489)|HEAP_ALLOCATE|[14]|Bytes:5
14:55:41.0 (4978499)|HEAP_ALLOCATE|[14]|Bytes:12
14:55:41.0 (4986398)|VARIABLE_SCOPE_BEGIN|[14]|q|Quote|true|false
14:55:41.0 (5000748)|VARIABLE_ASSIGNMENT|[14]|q|{"Name":"first quote","Id":"0Q0f40000009VVICA2"}|0x2422e422
14:55:41.0 (5007890)|STATEMENT_EXECUTE|[14]
14:55:41.0 (5009832)|STATEMENT_EXECUTE|[15]
14:55:41.0 (5013229)|HEAP_ALLOCATE|[15]|Bytes:20
14:55:41.0 (5081437)|HEAP_ALLOCATE|[15]|Bytes:31
14:55:41.0 (5113260)|USER_DEBUG|[15]|DEBUG|nombre de la quote: first quote
14:55:41.0 (5131533)|HEAP_ALLOCATE|[14]|Bytes:5
14:55:41.0 (5143422)|VARIABLE_ASSIGNMENT|[14]|q|null|
14:55:41.0 (5148414)|STATEMENT_EXECUTE|[18]
14:55:41.0 (5151282)|HEAP_ALLOCATE|[18]|Bytes:53
14:55:41.0 (5162654)|HEAP_ALLOCATE|[18]|Bytes:4
14:55:41.0 (5169720)|HEAP_ALLOCATE|[18]|Bytes:7
14:55:41.0 (5196408)|HEAP_ALLOCATE|[18]|Bytes:12
14:55:41.0 (5874661)|SOQL_EXECUTE_BEGIN|[18]|Aggregations:0|SELECT Body FROM Attachment WHERE ParentId = :tmpVar1
14:55:41.0 (8023714)|SOQL_EXECUTE_END|[18]|Rows:0
14:55:41.0 (8046398)|HEAP_ALLOCATE|[18]|Bytes:4
14:55:41.0 (8055790)|HEAP_ALLOCATE|[18]|Bytes:0
14:55:41.0 (8109082)|HEAP_ALLOCATE|[18]|Bytes:4
14:55:41.0 (8122849)|VARIABLE_SCOPE_BEGIN|[18]|attachements|List<Attachment>|true|false
14:55:41.0 (8139606)|VARIABLE_ASSIGNMENT|[18]|attachements|[]|0x2697a6af
14:55:41.0 (8146195)|STATEMENT_EXECUTE|[20]
14:55:41.0 (8150312)|HEAP_ALLOCATE|[20]|Bytes:49
14:55:41.0 (9035943)|HEAP_ALLOCATE|[20]|Bytes:4
14:55:41.0 (9072381)|USER_DEBUG|[20]|DEBUG|Blob[903]
14:55:41.0 (9083008)|STATEMENT_EXECUTE|[24]
14:55:41.0 (9383290)|HEAP_ALLOCATE|[24]|Bytes:4
14:55:41.0 (9580372)|HEAP_ALLOCATE|[24]|Bytes:36
14:55:41.0 (9665978)|FATAL_ERROR|System.StringException: BLOB is not a valid UTF-8 string

Class.ViewQuotePDF.getPDF: line 24, column 1
14:55:41.0 (9677171)|FATAL_ERROR|System.StringException: BLOB is not a valid UTF-8 string

Class.ViewQuotePDF.getPDF: line 24, column 1
14:55:41.9 (9684327)|CUMULATIVE_LIMIT_USAGE
14:55:41.9 (9684327)|LIMIT_USAGE_FOR_NS|(default)|
  Number of SOQL queries: 2 out of 100
  Number of query rows: 1 out of 50000
  Number of SOSL queries: 0 out of 20
  Number of DML statements: 0 out of 150
  Number of DML rows: 0 out of 10000
  Maximum CPU time: 0 out of 10000
  Maximum heap size: 0 out of 6000000
  Number of callouts: 0 out of 100
  Number of Email Invocations: 0 out of 10
  Number of future calls: 0 out of 50
  Number of queueable jobs added to the queue: 0 out of 50
  Number of Mobile Apex push calls: 0 out of 10

14:55:41.9 (9684327)|CUMULATIVE_LIMIT_USAGE_END

14:55:41.0 (9720854)|CODE_UNIT_FINISHED|ViewQuotePDF.getPDF
14:55:41.0 (13314086)|CODE_UNIT_FINISHED|Aura
14:55:41.0 (14187443)|EXECUTION_FINISHED
