42.0 APEX_CODE,FINEST;APEX_PROFILING,INFO;CALLOUT,INFO;DB,INFO;SYSTEM,DEBUG;VALIDATION,INFO;VISUALFORCE,INFO;WAVE,INFO;WORKFLOW,INFO
09:28:26.0 (63131)|USER_INFO|[EXTERNAL]|005f4000001uuP2|nmolinam@deloitte.com|Hora de Venezuela|GMT-04:00
09:28:26.0 (95482)|EXECUTION_STARTED
09:28:26.0 (101029)|CODE_UNIT_STARTED|[EXTERNAL]|Aura
09:28:26.0 (661719)|HEAP_ALLOCATE|[72]|Bytes:3
09:28:26.0 (698859)|HEAP_ALLOCATE|[77]|Bytes:152
09:28:26.0 (713349)|HEAP_ALLOCATE|[342]|Bytes:408
09:28:26.0 (726369)|HEAP_ALLOCATE|[355]|Bytes:408
09:28:26.0 (737087)|HEAP_ALLOCATE|[467]|Bytes:48
09:28:26.0 (769778)|HEAP_ALLOCATE|[139]|Bytes:6
09:28:26.0 (783944)|HEAP_ALLOCATE|[EXTERNAL]|Bytes:18
09:28:26.0 (796739)|HEAP_ALLOCATE|[EXTERNAL]|Bytes:4
09:28:26.0 (1611905)|CODE_UNIT_STARTED|[EXTERNAL]|01pf4000009Vx35|CloneQuote.getQuote
09:28:26.0 (1729234)|HEAP_ALLOCATE|[EXTERNAL]|Bytes:4
09:28:26.0 (1736671)|HEAP_ALLOCATE|[EXTERNAL]|Bytes:2
09:28:26.0 (1747990)|METHOD_ENTRY|[1]|01pf4000009Vx35|CloneQuote.CloneQuote()
09:28:26.0 (1753538)|STATEMENT_EXECUTE|[1]
09:28:26.0 (1761869)|STATEMENT_EXECUTE|[1]
09:28:26.0 (1792991)|HEAP_ALLOCATE|[50]|Bytes:5
09:28:26.0 (1820212)|HEAP_ALLOCATE|[56]|Bytes:5
09:28:26.0 (1828848)|HEAP_ALLOCATE|[64]|Bytes:7
09:28:26.0 (1853787)|SYSTEM_MODE_ENTER|false
09:28:26.0 (1866079)|HEAP_ALLOCATE|[EXTERNAL]|Bytes:5
09:28:26.0 (1874272)|SYSTEM_MODE_EXIT|false
09:28:26.0 (1883017)|METHOD_EXIT|[1]|CloneQuote
09:28:26.0 (1888973)|HEAP_ALLOCATE|[EXTERNAL]|Bytes:4
09:28:26.0 (1897084)|SYSTEM_MODE_ENTER|false
09:28:26.0 (1903514)|VARIABLE_SCOPE_BEGIN|[34]|recordId|Id|false|false
09:28:26.0 (2209976)|VARIABLE_ASSIGNMENT|[34]|recordId|"0Q0f40000009lJECAY"
09:28:26.0 (2234982)|HEAP_ALLOCATE|[35]|Bytes:5
09:28:26.0 (2240495)|STATEMENT_EXECUTE|[34]
09:28:26.0 (2242227)|STATEMENT_EXECUTE|[35]
09:28:26.0 (2245499)|HEAP_ALLOCATE|[35]|Bytes:82
09:28:26.0 (2267273)|HEAP_ALLOCATE|[35]|Bytes:4
09:28:26.0 (2281100)|HEAP_ALLOCATE|[35]|Bytes:7
09:28:26.0 (2649121)|SOQL_EXECUTE_BEGIN|[35]|Aggregations:0|SELECT Name, AccountId, OpportunityId, Pricebook2Id FROM Quote WHERE Id = :tmpVar1
09:28:26.0 (5415250)|SOQL_EXECUTE_END|[35]|Rows:1
09:28:26.0 (5438226)|HEAP_ALLOCATE|[35]|Bytes:8
09:28:26.0 (5451617)|HEAP_ALLOCATE|[35]|Bytes:110
09:28:26.0 (5535260)|HEAP_ALLOCATE|[35]|Bytes:8
09:28:26.0 (5546528)|HEAP_ALLOCATE|[35]|Bytes:31
09:28:26.0 (5593247)|HEAP_ALLOCATE|[35]|Bytes:20
09:28:26.0 (5600757)|VARIABLE_SCOPE_BEGIN|[35]|q|Quote|true|false
09:28:26.0 (5619943)|VARIABLE_ASSIGNMENT|[35]|q|{"Name":"QUOTE 2","AccountId":"001f400000IPlikAAD","OpportunityId":"006f400000AO4MJAA1","Id":"0Q0f40000009lJECAY"}|0x32bb8e4d
09:28:26.0 (5627060)|STATEMENT_EXECUTE|[36]
09:28:26.0 (5694336)|USER_DEBUG|[36]|DEBUG|Quote:{Name=QUOTE 2, AccountId=001f400000IPlikAAD, OpportunityId=006f400000AO4MJAA1, Id=0Q0f40000009lJECAY}
09:28:26.0 (5705167)|STATEMENT_EXECUTE|[37]
09:28:26.0 (5712895)|SYSTEM_MODE_EXIT|false
09:28:26.5 (5733655)|CUMULATIVE_LIMIT_USAGE
09:28:26.5 (5733655)|LIMIT_USAGE_FOR_NS|(default)|
  Number of SOQL queries: 1 out of 100
  Number of query rows: 1 out of 50000
  Number of SOSL queries: 0 out of 20
  Number of DML statements: 0 out of 150
  Number of DML rows: 0 out of 10000
  Maximum CPU time: 0 out of 10000
  Maximum heap size: 0 out of 6000000
  Number of callouts: 0 out of 100
  Number of Email Invocations: 0 out of 10
  Number of future calls: 0 out of 50
  Number of queueable jobs added to the queue: 0 out of 50
  Number of Mobile Apex push calls: 0 out of 10

09:28:26.5 (5733655)|CUMULATIVE_LIMIT_USAGE_END

09:28:26.0 (5781496)|CODE_UNIT_FINISHED|CloneQuote.getQuote
09:28:26.0 (5843172)|CODE_UNIT_FINISHED|Aura
09:28:26.0 (7106278)|EXECUTION_FINISHED
