42.0 APEX_CODE,FINEST;APEX_PROFILING,INFO;CALLOUT,INFO;DB,INFO;SYSTEM,DEBUG;VALIDATION,INFO;VISUALFORCE,INFO;WAVE,INFO;WORKFLOW,INFO
17:07:23.0 (73216)|USER_INFO|[EXTERNAL]|005f4000001uuP2|nmolinam@deloitte.com|Hora de Venezuela|GMT-04:00
17:07:23.0 (109348)|EXECUTION_STARTED
17:07:23.0 (114469)|CODE_UNIT_STARTED|[EXTERNAL]|Aura
17:07:23.0 (641969)|HEAP_ALLOCATE|[72]|Bytes:3
17:07:23.0 (671284)|HEAP_ALLOCATE|[77]|Bytes:152
17:07:23.0 (682339)|HEAP_ALLOCATE|[342]|Bytes:408
17:07:23.0 (693797)|HEAP_ALLOCATE|[355]|Bytes:408
17:07:23.0 (704174)|HEAP_ALLOCATE|[467]|Bytes:48
17:07:23.0 (724746)|HEAP_ALLOCATE|[139]|Bytes:6
17:07:23.0 (737116)|HEAP_ALLOCATE|[EXTERNAL]|Bytes:18
17:07:23.0 (746629)|HEAP_ALLOCATE|[EXTERNAL]|Bytes:4
17:07:23.0 (1503630)|CODE_UNIT_STARTED|[EXTERNAL]|01pf4000009Vx35|CloneQuote.getQuote
17:07:23.0 (1595067)|HEAP_ALLOCATE|[EXTERNAL]|Bytes:4
17:07:23.0 (1608611)|METHOD_ENTRY|[1]|01pf4000009Vx35|CloneQuote.CloneQuote()
17:07:23.0 (1615892)|STATEMENT_EXECUTE|[1]
17:07:23.0 (1621907)|STATEMENT_EXECUTE|[1]
17:07:23.0 (1652613)|HEAP_ALLOCATE|[50]|Bytes:5
17:07:23.0 (1671435)|HEAP_ALLOCATE|[56]|Bytes:5
17:07:23.0 (1679572)|HEAP_ALLOCATE|[64]|Bytes:7
17:07:23.0 (1703054)|SYSTEM_MODE_ENTER|false
17:07:23.0 (1719739)|HEAP_ALLOCATE|[EXTERNAL]|Bytes:5
17:07:23.0 (1727787)|SYSTEM_MODE_EXIT|false
17:07:23.0 (1737958)|METHOD_EXIT|[1]|CloneQuote
17:07:23.0 (1744053)|HEAP_ALLOCATE|[EXTERNAL]|Bytes:4
17:07:23.0 (1752249)|SYSTEM_MODE_ENTER|false
17:07:23.0 (1760041)|VARIABLE_SCOPE_BEGIN|[34]|recordId|Id|false|false
17:07:23.0 (2003674)|VARIABLE_ASSIGNMENT|[34]|recordId|"0Q0f40000009kKqCAI"
17:07:23.0 (2027450)|HEAP_ALLOCATE|[35]|Bytes:5
17:07:23.0 (2033059)|STATEMENT_EXECUTE|[34]
17:07:23.0 (2034877)|STATEMENT_EXECUTE|[35]
17:07:23.0 (2038847)|HEAP_ALLOCATE|[35]|Bytes:71
17:07:23.0 (2063737)|HEAP_ALLOCATE|[35]|Bytes:4
17:07:23.0 (2078485)|HEAP_ALLOCATE|[35]|Bytes:7
17:07:23.0 (2429528)|SOQL_EXECUTE_BEGIN|[35]|Aggregations:0|SELECT Name, OPPORTUNITYiD, Pricebook2Id FROM Quote WHERE Id = :tmpVar1
17:07:23.0 (4545079)|SOQL_EXECUTE_END|[35]|Rows:1
17:07:23.0 (4566240)|HEAP_ALLOCATE|[35]|Bytes:8
17:07:23.0 (4583479)|HEAP_ALLOCATE|[35]|Bytes:113
17:07:23.0 (4672414)|HEAP_ALLOCATE|[35]|Bytes:8
17:07:23.0 (4685016)|HEAP_ALLOCATE|[35]|Bytes:31
17:07:23.0 (4731513)|HEAP_ALLOCATE|[35]|Bytes:20
17:07:23.0 (4739668)|VARIABLE_SCOPE_BEGIN|[35]|q|Quote|true|false
17:07:23.0 (4765802)|VARIABLE_ASSIGNMENT|[35]|q|{"Name":"QUOTE 2","OpportunityId":"006f400000AO4MJAA1","Pricebook2Id":"01sf4000003Vb8JAAS","Id":"0Q0f40000009kKqCAI"}|0x3cfc95ce
17:07:23.0 (4774419)|STATEMENT_EXECUTE|[36]
17:07:23.0 (4783152)|SYSTEM_MODE_EXIT|false
17:07:23.4 (4805750)|CUMULATIVE_LIMIT_USAGE
17:07:23.4 (4805750)|LIMIT_USAGE_FOR_NS|(default)|
  Number of SOQL queries: 1 out of 100
  Number of query rows: 1 out of 50000
  Number of SOSL queries: 0 out of 20
  Number of DML statements: 0 out of 150
  Number of DML rows: 0 out of 10000
  Maximum CPU time: 0 out of 10000
  Maximum heap size: 0 out of 6000000
  Number of callouts: 0 out of 100
  Number of Email Invocations: 0 out of 10
  Number of future calls: 0 out of 50
  Number of queueable jobs added to the queue: 0 out of 50
  Number of Mobile Apex push calls: 0 out of 10

17:07:23.4 (4805750)|CUMULATIVE_LIMIT_USAGE_END

17:07:23.0 (4837646)|CODE_UNIT_FINISHED|CloneQuote.getQuote
17:07:23.0 (4914902)|CODE_UNIT_FINISHED|Aura
17:07:23.0 (5988353)|EXECUTION_FINISHED
