36.0 APEX_CODE,FINEST;APEX_PROFILING,INFO;CALLOUT,INFO;DB,INFO;SYSTEM,DEBUG;VALIDATION,INFO;VISUALFORCE,INFO;WAVE,INFO;WORKFLOW,INFO
14:20:03.0 (512983)|USER_INFO|[EXTERNAL]|005f4000001uuP2|nmolinam@deloitte.com|Hora de Venezuela|GMT-04:00
14:20:03.0 (581416)|EXECUTION_STARTED
14:20:03.0 (588307)|CODE_UNIT_STARTED|[EXTERNAL]|066f4000002h6Fz|VF: /apex/LightningPDFGeneratorDemo
14:20:03.0 (6617584)|SYSTEM_MODE_ENTER|true
14:20:03.0 (7105860)|HEAP_ALLOCATE|[72]|Bytes:3
14:20:03.0 (7151798)|HEAP_ALLOCATE|[77]|Bytes:152
14:20:03.0 (7171717)|HEAP_ALLOCATE|[342]|Bytes:408
14:20:03.0 (7190348)|HEAP_ALLOCATE|[355]|Bytes:408
14:20:03.0 (7208534)|HEAP_ALLOCATE|[467]|Bytes:48
14:20:03.0 (7241897)|HEAP_ALLOCATE|[139]|Bytes:6
14:20:03.0 (7277180)|HEAP_ALLOCATE|[EXTERNAL]|Bytes:84
14:20:03.0 (7293308)|HEAP_ALLOCATE|[EXTERNAL]|Bytes:5
14:20:03.0 (7310772)|METHOD_ENTRY|[1]|01pf4000008yCKF|DataDisplayController.DataDisplayController()
14:20:03.0 (7325366)|STATEMENT_EXECUTE|[1]
14:20:03.0 (7332784)|STATEMENT_EXECUTE|[1]
14:20:03.0 (7340745)|METHOD_EXIT|[1]|DataDisplayController
14:20:03.0 (7367247)|HEAP_ALLOCATE|[EXTERNAL]|Bytes:8
14:20:03.0 (7388554)|VARIABLE_SCOPE_BEGIN|[4]|this|DataDisplayController|true|false
14:20:03.0 (7454687)|VARIABLE_ASSIGNMENT|[4]|this|{}|0x500a00da
14:20:03.0 (7467789)|STATEMENT_EXECUTE|[1]
14:20:03.0 (7469970)|STATEMENT_EXECUTE|[2]
14:20:03.0 (7480021)|HEAP_ALLOCATE|[5]|Bytes:6
14:20:03.0 (7547468)|STATEMENT_EXECUTE|[4]
14:20:03.0 (7550751)|STATEMENT_EXECUTE|[5]
14:20:03.0 (7554505)|HEAP_ALLOCATE|[5]|Bytes:4
14:20:03.0 (7646302)|VARIABLE_ASSIGNMENT|[EXTERNAL]|this|{}|0x500a00da
14:20:03.0 (7665629)|VARIABLE_ASSIGNMENT|[EXTERNAL]|value|"test"
14:20:03.0 (7685157)|VARIABLE_ASSIGNMENT|[2]|this.PDFData|"test"|0x500a00da
14:20:03.0 (9239736)|SYSTEM_MODE_ENTER|true
14:20:03.0 (9720225)|VF_SERIALIZE_VIEWSTATE_BEGIN|066f4000002h6Fz
14:20:03.0 (36851532)|VF_SERIALIZE_VIEWSTATE_END
14:20:03.0 (38855453)|CODE_UNIT_STARTED|[EXTERNAL]|Generate Metadata
14:20:03.0 (39828492)|CODE_UNIT_FINISHED|Generate Metadata
14:20:03.42 (42525499)|CUMULATIVE_LIMIT_USAGE
14:20:03.42 (42525499)|LIMIT_USAGE_FOR_NS|(default)|
  Number of SOQL queries: 0 out of 100
  Number of query rows: 0 out of 50000
  Number of SOSL queries: 0 out of 20
  Number of DML statements: 0 out of 150
  Number of DML rows: 0 out of 10000
  Maximum CPU time: 0 out of 10000
  Maximum heap size: 0 out of 6000000
  Number of callouts: 0 out of 100
  Number of Email Invocations: 0 out of 10
  Number of future calls: 0 out of 50
  Number of queueable jobs added to the queue: 0 out of 50
  Number of Mobile Apex push calls: 0 out of 10

14:20:03.42 (42525499)|CUMULATIVE_LIMIT_USAGE_END

14:20:03.0 (42570406)|CODE_UNIT_FINISHED|VF: /apex/LightningPDFGeneratorDemo
14:20:03.0 (43385093)|EXECUTION_FINISHED
