42.0 APEX_CODE,FINEST;APEX_PROFILING,INFO;CALLOUT,INFO;DB,INFO;SYSTEM,DEBUG;VALIDATION,INFO;VISUALFORCE,INFO;WAVE,INFO;WORKFLOW,INFO
Execute Anonymous: CloneQuote.cloneQuote('0Q0f40000009bwtCAA');
11:59:45.1 (1382994)|USER_INFO|[EXTERNAL]|005f4000001uuP2|nmolinam@deloitte.com|Hora de Venezuela|GMT-04:00
11:59:45.1 (1415632)|EXECUTION_STARTED
11:59:45.1 (1424198)|CODE_UNIT_STARTED|[EXTERNAL]|execute_anonymous_apex
11:59:45.1 (1747762)|HEAP_ALLOCATE|[72]|Bytes:3
11:59:45.1 (1816908)|HEAP_ALLOCATE|[77]|Bytes:152
11:59:45.1 (1851184)|HEAP_ALLOCATE|[342]|Bytes:408
11:59:45.1 (1883624)|HEAP_ALLOCATE|[355]|Bytes:408
11:59:45.1 (1911065)|HEAP_ALLOCATE|[467]|Bytes:48
11:59:45.1 (1961055)|HEAP_ALLOCATE|[139]|Bytes:6
11:59:45.1 (2000782)|HEAP_ALLOCATE|[EXTERNAL]|Bytes:1
11:59:45.1 (2157377)|STATEMENT_EXECUTE|[1]
11:59:45.1 (2162053)|STATEMENT_EXECUTE|[1]
11:59:45.1 (2168004)|HEAP_ALLOCATE|[1]|Bytes:18
11:59:45.1 (2198212)|HEAP_ALLOCATE|[1]|Bytes:4
11:59:45.1 (2284174)|HEAP_ALLOCATE|[50]|Bytes:5
11:59:45.1 (2359904)|HEAP_ALLOCATE|[56]|Bytes:5
11:59:45.1 (2380991)|HEAP_ALLOCATE|[64]|Bytes:7
11:59:45.1 (2441794)|SYSTEM_MODE_ENTER|false
11:59:45.1 (2479224)|HEAP_ALLOCATE|[1]|Bytes:5
11:59:45.1 (10874687)|HEAP_ALLOCATE|[1]|Bytes:1
11:59:45.1 (10933987)|METHOD_ENTRY|[1]|01pf4000009Vx35|CloneQuote.CloneQuote()
11:59:45.1 (10950076)|STATEMENT_EXECUTE|[1]
11:59:45.1 (10961665)|STATEMENT_EXECUTE|[1]
11:59:45.1 (10991432)|HEAP_ALLOCATE|[1]|Bytes:5
11:59:45.1 (11022232)|METHOD_EXIT|[1]|CloneQuote
11:59:45.1 (11081697)|METHOD_ENTRY|[1]|01pf4000009Vx35|CloneQuote.cloneQuote(Id)
11:59:45.1 (11160454)|VARIABLE_SCOPE_BEGIN|[3]|quoteId|Id|false|false
11:59:45.1 (11498299)|VARIABLE_ASSIGNMENT|[3]|quoteId|"0Q0f40000009bwtCAA"
11:59:45.1 (11534301)|HEAP_ALLOCATE|[6]|Bytes:5
11:59:45.1 (11547684)|STATEMENT_EXECUTE|[3]
11:59:45.1 (11550672)|STATEMENT_EXECUTE|[4]
11:59:45.1 (11558133)|HEAP_ALLOCATE|[6]|Bytes:95
11:59:45.1 (11599225)|HEAP_ALLOCATE|[6]|Bytes:4
11:59:45.1 (11628207)|HEAP_ALLOCATE|[6]|Bytes:7
11:59:45.1 (12375786)|SOQL_EXECUTE_BEGIN|[6]|Aggregations:1|SELECT Name, OPPORTUNITYiD, (SELECT QuoteId FROM QuoteLineItems) FROM QUOTE WHERE ID = :tmpVar1
11:59:45.1 (18942376)|SOQL_EXECUTE_END|[6]|Rows:1
11:59:45.1 (19010097)|HEAP_ALLOCATE|[6]|Bytes:8
11:59:45.1 (19050431)|HEAP_ALLOCATE|[6]|Bytes:213
11:59:45.1 (19246097)|HEAP_ALLOCATE|[6]|Bytes:8
11:59:45.1 (19301306)|HEAP_ALLOCATE|[4]|Bytes:31
11:59:45.1 (19386484)|HEAP_ALLOCATE|[4]|Bytes:20
11:59:45.1 (19407922)|VARIABLE_SCOPE_BEGIN|[4]|q1|Quote|true|false
11:59:45.1 (19506058)|VARIABLE_ASSIGNMENT|[4]|q1|{"Name":"QUOTE 2","OpportunityId":"006f400000AO4MJAA1","Id":"0Q0f40000009bwtCAA","QuoteLineItems":[{"QuoteId":"0Q0f40000009bwtCAA","Id":"0QLf4000000sNKqGAM"},{"QuoteId":"0Q0f40000009bwtCAA","Id":"0QLf4000000sNKrGAM"}]}|0x14427e53
11:59:45.1 (19526260)|STATEMENT_EXECUTE|[10]
11:59:45.1 (19536346)|VARIABLE_SCOPE_BEGIN|[10]|q2|Quote|true|false
11:59:45.1 (19581432)|VARIABLE_ASSIGNMENT|[10]|q2|{"Name":"QUOTE 2","OpportunityId":"006f400000AO4MJAA1","Id":"0Q0f40000009bwtCAA","QuoteLineItems":[{"QuoteId":"0Q0f40000009bwtCAA","Id":"0QLf4000000sNKqGAM"},{"QuoteId":"0Q0f40000009bwtCAA","Id":"0QLf4000000sNKrGAM"}]}|0x14427e53
11:59:45.1 (19595720)|STATEMENT_EXECUTE|[12]
11:59:45.1 (19603303)|HEAP_ALLOCATE|[12]|Bytes:14
11:59:45.1 (19610999)|HEAP_ALLOCATE|[12]|Bytes:13
11:59:45.1 (19671296)|HEAP_ALLOCATE|[EXTERNAL]|Bytes:12
11:59:45.1 (19739624)|HEAP_ALLOCATE|[12]|Bytes:12
11:59:45.1 (19758947)|VARIABLE_SCOPE_BEGIN|[12]|items|List<QuoteLineItem>|true|false
11:59:45.1 (19785287)|VARIABLE_ASSIGNMENT|[12]|items|[{"QuoteId":"0Q0f40000009bwtCAA","Id":"0QLf4000000sNKqGAM"},{"QuoteId":"0Q0f40000009bwtCAA","Id":"0QLf4000000sNKrGAM"}]|0x1add479d
11:59:45.1 (19793506)|STATEMENT_EXECUTE|[14]
11:59:45.1 (19851059)|VARIABLE_ASSIGNMENT|[14]|this.Id|null|0x14427e53
11:59:45.1 (19860470)|STATEMENT_EXECUTE|[15]
11:59:45.1 (19909756)|HEAP_ALLOCATE|[15]|Bytes:8
11:59:45.1 (19928105)|DML_BEGIN|[15]|Op:Insert|Type:Quote|Rows:1
11:59:45.1 (19967699)|HEAP_ALLOCATE|[EXTERNAL]|Bytes:8
11:59:45.1 (68076797)|DML_END|[15]
11:59:45.1 (68482927)|HEAP_ALLOCATE|[16]|Bytes:5
11:59:45.1 (68543357)|HEAP_ALLOCATE|[16]|Bytes:12
11:59:45.1 (68574052)|VARIABLE_SCOPE_BEGIN|[16]|i|QuoteLineItem|true|false
11:59:45.1 (68614157)|VARIABLE_ASSIGNMENT|[16]|i|{"QuoteId":"0Q0f40000009bwtCAA","Id":"0QLf4000000sNKqGAM"}|0x40b8f18b
11:59:45.1 (68630875)|STATEMENT_EXECUTE|[16]
11:59:45.1 (68635043)|STATEMENT_EXECUTE|[17]
11:59:45.1 (68934239)|HEAP_ALLOCATE|[17]|Bytes:49
11:59:45.1 (69048855)|METHOD_EXIT|[1]|01pf4000009Vx35|CloneQuote.cloneQuote(Id)
11:59:45.1 (69064731)|SYSTEM_MODE_EXIT|false
11:59:45.1 (69234408)|FATAL_ERROR|System.SObjectException: Field is not writeable: QuoteLineItem.QuoteId

Class.CloneQuote.cloneQuote: line 17, column 1
AnonymousBlock: line 1, column 1
AnonymousBlock: line 1, column 1
11:59:45.69 (69310348)|CUMULATIVE_LIMIT_USAGE
11:59:45.69 (69310348)|LIMIT_USAGE_FOR_NS|(default)|
  Number of SOQL queries: 1 out of 100
  Number of query rows: 3 out of 50000
  Number of SOSL queries: 0 out of 20
  Number of DML statements: 1 out of 150
  Number of DML rows: 1 out of 10000
  Maximum CPU time: 0 out of 10000
  Maximum heap size: 0 out of 6000000
  Number of callouts: 0 out of 100
  Number of Email Invocations: 0 out of 10
  Number of future calls: 0 out of 50
  Number of queueable jobs added to the queue: 0 out of 50
  Number of Mobile Apex push calls: 0 out of 10

11:59:45.69 (69310348)|CUMULATIVE_LIMIT_USAGE_END

11:59:45.1 (69379509)|CODE_UNIT_FINISHED|execute_anonymous_apex
11:59:45.1 (70675347)|EXECUTION_FINISHED
