42.0 APEX_CODE,FINEST;APEX_PROFILING,INFO;CALLOUT,INFO;DB,INFO;SYSTEM,DEBUG;VALIDATION,INFO;VISUALFORCE,INFO;WAVE,INFO;WORKFLOW,INFO
11:16:41.0 (311750)|USER_INFO|[EXTERNAL]|005f4000001uuP2|nmolinam@deloitte.com|Hora de Venezuela|GMT-04:00
11:16:41.0 (342898)|EXECUTION_STARTED
11:16:41.0 (347530)|CODE_UNIT_STARTED|[EXTERNAL]|Aura
11:16:41.0 (1300757)|HEAP_ALLOCATE|[72]|Bytes:3
11:16:41.0 (1363559)|HEAP_ALLOCATE|[77]|Bytes:152
11:16:41.0 (1379369)|HEAP_ALLOCATE|[342]|Bytes:408
11:16:41.0 (1393059)|HEAP_ALLOCATE|[355]|Bytes:408
11:16:41.0 (1404446)|HEAP_ALLOCATE|[467]|Bytes:48
11:16:41.0 (1431148)|HEAP_ALLOCATE|[139]|Bytes:6
11:16:41.0 (1445007)|HEAP_ALLOCATE|[EXTERNAL]|Bytes:18
11:16:41.0 (1472759)|HEAP_ALLOCATE|[EXTERNAL]|Bytes:4
11:16:41.0 (2294759)|CODE_UNIT_STARTED|[EXTERNAL]|01pf4000009Vx35|CloneQuote.cloneQuote
11:16:41.0 (2761781)|HEAP_ALLOCATE|[EXTERNAL]|Bytes:1
11:16:41.0 (2792387)|METHOD_ENTRY|[1]|01pf4000009Vx35|CloneQuote.CloneQuote()
11:16:41.0 (2799758)|STATEMENT_EXECUTE|[1]
11:16:41.0 (2804350)|STATEMENT_EXECUTE|[1]
11:16:41.0 (2841073)|HEAP_ALLOCATE|[50]|Bytes:5
11:16:41.0 (2870865)|HEAP_ALLOCATE|[56]|Bytes:5
11:16:41.0 (2878907)|HEAP_ALLOCATE|[64]|Bytes:7
11:16:41.0 (2901920)|SYSTEM_MODE_ENTER|false
11:16:41.0 (3021943)|HEAP_ALLOCATE|[EXTERNAL]|Bytes:5
11:16:41.0 (3029947)|SYSTEM_MODE_EXIT|false
11:16:41.0 (3048589)|METHOD_EXIT|[1]|CloneQuote
11:16:41.0 (3055310)|HEAP_ALLOCATE|[EXTERNAL]|Bytes:4
11:16:41.0 (3065691)|SYSTEM_MODE_ENTER|false
11:16:41.0 (3072848)|VARIABLE_SCOPE_BEGIN|[3]|quoteId|Id|false|false
11:16:41.0 (3224703)|VARIABLE_ASSIGNMENT|[3]|quoteId|"0Q0f40000009bwtCAA"
11:16:41.0 (3244552)|HEAP_ALLOCATE|[4]|Bytes:5
11:16:41.0 (3250452)|STATEMENT_EXECUTE|[3]
11:16:41.0 (3252280)|STATEMENT_EXECUTE|[4]
11:16:41.0 (3256124)|HEAP_ALLOCATE|[4]|Bytes:42
11:16:41.0 (3271477)|HEAP_ALLOCATE|[4]|Bytes:4
11:16:41.0 (3292839)|HEAP_ALLOCATE|[4]|Bytes:7
11:16:41.0 (3967683)|SOQL_EXECUTE_BEGIN|[4]|Aggregations:0|SELECT Name FROM QUOTE WHERE ID = :tmpVar1
11:16:41.0 (6067580)|SOQL_EXECUTE_END|[4]|Rows:1
11:16:41.0 (6090943)|HEAP_ALLOCATE|[4]|Bytes:8
11:16:41.0 (6105253)|HEAP_ALLOCATE|[4]|Bytes:44
11:16:41.0 (6187441)|HEAP_ALLOCATE|[4]|Bytes:8
11:16:41.0 (6198934)|HEAP_ALLOCATE|[4]|Bytes:31
11:16:41.0 (6247262)|HEAP_ALLOCATE|[4]|Bytes:12
11:16:41.0 (6254292)|VARIABLE_SCOPE_BEGIN|[4]|q1|Quote|true|false
11:16:41.0 (6279333)|VARIABLE_ASSIGNMENT|[4]|q1|{"Name":"QUOTE 2","Id":"0Q0f40000009bwtCAA"}|0x21fee3f6
11:16:41.0 (6285986)|STATEMENT_EXECUTE|[5]
11:16:41.0 (6288983)|VARIABLE_SCOPE_BEGIN|[5]|q2|Quote|true|false
11:16:41.0 (6298996)|VARIABLE_ASSIGNMENT|[5]|q2|{"Name":"QUOTE 2","Id":"0Q0f40000009bwtCAA"}|0x21fee3f6
11:16:41.0 (6304217)|STATEMENT_EXECUTE|[6]
11:16:41.0 (6341529)|VARIABLE_ASSIGNMENT|[6]|this.Id|null|0x21fee3f6
11:16:41.0 (6348714)|STATEMENT_EXECUTE|[7]
11:16:41.0 (6369430)|HEAP_ALLOCATE|[7]|Bytes:8
11:16:41.0 (6381539)|DML_BEGIN|[7]|Op:Insert|Type:Quote|Rows:1
11:16:41.0 (6409263)|HEAP_ALLOCATE|[EXTERNAL]|Bytes:8
11:16:41.0 (13397140)|DML_END|[7]
11:16:41.0 (13482493)|EXCEPTION_THROWN|[7]|System.DmlException: Insert failed. First exception on row 0; first error: REQUIRED_FIELD_MISSING, Required fields are missing: [Opportunity Name]: [Opportunity Name]
11:16:41.0 (13740323)|HEAP_ALLOCATE|[7]|Bytes:149
11:16:41.0 (13832227)|FATAL_ERROR|System.DmlException: Insert failed. First exception on row 0; first error: REQUIRED_FIELD_MISSING, Required fields are missing: [Opportunity Name]: [Opportunity Name]

Class.CloneQuote.cloneQuote: line 7, column 1
11:16:41.0 (13845446)|FATAL_ERROR|System.DmlException: Insert failed. First exception on row 0; first error: REQUIRED_FIELD_MISSING, Required fields are missing: [Opportunity Name]: [Opportunity Name]

Class.CloneQuote.cloneQuote: line 7, column 1
11:16:41.13 (13852502)|CUMULATIVE_LIMIT_USAGE
11:16:41.13 (13852502)|LIMIT_USAGE_FOR_NS|(default)|
  Number of SOQL queries: 1 out of 100
  Number of query rows: 1 out of 50000
  Number of SOSL queries: 0 out of 20
  Number of DML statements: 1 out of 150
  Number of DML rows: 1 out of 10000
  Maximum CPU time: 0 out of 10000
  Maximum heap size: 0 out of 6000000
  Number of callouts: 0 out of 100
  Number of Email Invocations: 0 out of 10
  Number of future calls: 0 out of 50
  Number of queueable jobs added to the queue: 0 out of 50
  Number of Mobile Apex push calls: 0 out of 10

11:16:41.13 (13852502)|CUMULATIVE_LIMIT_USAGE_END

11:16:41.0 (13884212)|CODE_UNIT_FINISHED|CloneQuote.cloneQuote
11:16:41.0 (36972664)|CODE_UNIT_FINISHED|Aura
11:16:41.0 (38558444)|EXECUTION_FINISHED
