36.0 APEX_CODE,FINEST;APEX_PROFILING,INFO;CALLOUT,INFO;DB,INFO;SYSTEM,DEBUG;VALIDATION,INFO;VISUALFORCE,INFO;WAVE,INFO;WORKFLOW,INFO
14:20:00.0 (382125)|USER_INFO|[EXTERNAL]|005f4000001uuP2|nmolinam@deloitte.com|Hora de Venezuela|GMT-04:00
14:20:00.0 (432439)|EXECUTION_STARTED
14:20:00.0 (439171)|CODE_UNIT_STARTED|[EXTERNAL]|066f4000002h6Fz|VF: /apex/LightningPDFGeneratorDemo
14:20:00.0 (2134724)|SYSTEM_MODE_ENTER|true
14:20:00.0 (2554762)|HEAP_ALLOCATE|[72]|Bytes:3
14:20:00.0 (2599242)|HEAP_ALLOCATE|[77]|Bytes:152
14:20:00.0 (2621143)|HEAP_ALLOCATE|[342]|Bytes:408
14:20:00.0 (2643102)|HEAP_ALLOCATE|[355]|Bytes:408
14:20:00.0 (2662924)|HEAP_ALLOCATE|[467]|Bytes:48
14:20:00.0 (2701120)|HEAP_ALLOCATE|[139]|Bytes:6
14:20:00.0 (2728408)|HEAP_ALLOCATE|[EXTERNAL]|Bytes:84
14:20:00.0 (2737308)|HEAP_ALLOCATE|[EXTERNAL]|Bytes:5
14:20:00.0 (2758450)|METHOD_ENTRY|[1]|01pf4000008yCKF|DataDisplayController.DataDisplayController()
14:20:00.0 (2768152)|STATEMENT_EXECUTE|[1]
14:20:00.0 (2774295)|STATEMENT_EXECUTE|[1]
14:20:00.0 (2779857)|METHOD_EXIT|[1]|DataDisplayController
14:20:00.0 (2798738)|HEAP_ALLOCATE|[EXTERNAL]|Bytes:8
14:20:00.0 (2839697)|VARIABLE_SCOPE_BEGIN|[4]|this|DataDisplayController|true|false
14:20:00.0 (2902384)|VARIABLE_ASSIGNMENT|[4]|this|{}|0x69ee5e57
14:20:00.0 (2915101)|STATEMENT_EXECUTE|[1]
14:20:00.0 (2917477)|STATEMENT_EXECUTE|[2]
14:20:00.0 (2927704)|HEAP_ALLOCATE|[5]|Bytes:6
14:20:00.0 (3000356)|STATEMENT_EXECUTE|[4]
14:20:00.0 (3004126)|STATEMENT_EXECUTE|[5]
14:20:00.0 (3008030)|HEAP_ALLOCATE|[5]|Bytes:4
14:20:00.0 (3084559)|VARIABLE_ASSIGNMENT|[EXTERNAL]|this|{}|0x69ee5e57
14:20:00.0 (3112579)|VARIABLE_ASSIGNMENT|[EXTERNAL]|value|"test"
14:20:00.0 (3132512)|VARIABLE_ASSIGNMENT|[2]|this.PDFData|"test"|0x69ee5e57
14:20:00.0 (4461160)|SYSTEM_MODE_ENTER|true
14:20:00.0 (19430091)|VF_SERIALIZE_VIEWSTATE_BEGIN|066f4000002h6Fz
14:20:00.0 (35678644)|VF_SERIALIZE_VIEWSTATE_END
14:20:00.0 (37806033)|CODE_UNIT_STARTED|[EXTERNAL]|Generate Metadata
14:20:00.0 (38420458)|CODE_UNIT_FINISHED|Generate Metadata
14:20:00.41 (41033469)|CUMULATIVE_LIMIT_USAGE
14:20:00.41 (41033469)|LIMIT_USAGE_FOR_NS|(default)|
  Number of SOQL queries: 0 out of 100
  Number of query rows: 0 out of 50000
  Number of SOSL queries: 0 out of 20
  Number of DML statements: 0 out of 150
  Number of DML rows: 0 out of 10000
  Maximum CPU time: 0 out of 10000
  Maximum heap size: 0 out of 6000000
  Number of callouts: 0 out of 100
  Number of Email Invocations: 0 out of 10
  Number of future calls: 0 out of 50
  Number of queueable jobs added to the queue: 0 out of 50
  Number of Mobile Apex push calls: 0 out of 10

14:20:00.41 (41033469)|CUMULATIVE_LIMIT_USAGE_END

14:20:00.0 (41087471)|CODE_UNIT_FINISHED|VF: /apex/LightningPDFGeneratorDemo
14:20:00.0 (42240307)|EXECUTION_FINISHED
