42.0 APEX_CODE,FINEST;APEX_PROFILING,INFO;CALLOUT,INFO;DB,INFO;SYSTEM,DEBUG;VALIDATION,INFO;VISUALFORCE,INFO;WAVE,INFO;WORKFLOW,INFO
Execute Anonymous: CloneQuote.cloneQuote('0Q0f40000009bwtCAA');
12:05:50.1 (1067366)|USER_INFO|[EXTERNAL]|005f4000001uuP2|nmolinam@deloitte.com|Hora de Venezuela|GMT-04:00
12:05:50.1 (1087574)|EXECUTION_STARTED
12:05:50.1 (1093642)|CODE_UNIT_STARTED|[EXTERNAL]|execute_anonymous_apex
12:05:50.1 (1300179)|HEAP_ALLOCATE|[72]|Bytes:3
12:05:50.1 (1340192)|HEAP_ALLOCATE|[77]|Bytes:152
12:05:50.1 (1356883)|HEAP_ALLOCATE|[342]|Bytes:408
12:05:50.1 (1370385)|HEAP_ALLOCATE|[355]|Bytes:408
12:05:50.1 (1382716)|HEAP_ALLOCATE|[467]|Bytes:48
12:05:50.1 (1410663)|HEAP_ALLOCATE|[139]|Bytes:6
12:05:50.1 (1432914)|HEAP_ALLOCATE|[EXTERNAL]|Bytes:1
12:05:50.1 (1516045)|STATEMENT_EXECUTE|[1]
12:05:50.1 (1518989)|STATEMENT_EXECUTE|[1]
12:05:50.1 (1522861)|HEAP_ALLOCATE|[1]|Bytes:18
12:05:50.1 (1540235)|HEAP_ALLOCATE|[1]|Bytes:4
12:05:50.1 (1592038)|HEAP_ALLOCATE|[50]|Bytes:5
12:05:50.1 (1613436)|HEAP_ALLOCATE|[56]|Bytes:5
12:05:50.1 (1620082)|HEAP_ALLOCATE|[64]|Bytes:7
12:05:50.1 (1641578)|SYSTEM_MODE_ENTER|false
12:05:50.1 (1659675)|HEAP_ALLOCATE|[1]|Bytes:5
12:05:50.1 (8139660)|HEAP_ALLOCATE|[1]|Bytes:1
12:05:50.1 (8160139)|METHOD_ENTRY|[1]|01pf4000009Vx35|CloneQuote.CloneQuote()
12:05:50.1 (8166729)|STATEMENT_EXECUTE|[1]
12:05:50.1 (8171643)|STATEMENT_EXECUTE|[1]
12:05:50.1 (8182643)|HEAP_ALLOCATE|[1]|Bytes:5
12:05:50.1 (8194176)|METHOD_EXIT|[1]|CloneQuote
12:05:50.1 (8221038)|METHOD_ENTRY|[1]|01pf4000009Vx35|CloneQuote.cloneQuote(Id)
12:05:50.1 (8251810)|VARIABLE_SCOPE_BEGIN|[3]|quoteId|Id|false|false
12:05:50.1 (8375424)|VARIABLE_ASSIGNMENT|[3]|quoteId|"0Q0f40000009bwtCAA"
12:05:50.1 (8396125)|HEAP_ALLOCATE|[6]|Bytes:5
12:05:50.1 (8401744)|STATEMENT_EXECUTE|[3]
12:05:50.1 (8403483)|STATEMENT_EXECUTE|[4]
12:05:50.1 (8406772)|HEAP_ALLOCATE|[6]|Bytes:95
12:05:50.1 (8435572)|HEAP_ALLOCATE|[6]|Bytes:4
12:05:50.1 (8449826)|HEAP_ALLOCATE|[6]|Bytes:7
12:05:50.1 (8779098)|SOQL_EXECUTE_BEGIN|[6]|Aggregations:1|SELECT Name, OPPORTUNITYiD, (SELECT QuoteId FROM QuoteLineItems) FROM QUOTE WHERE ID = :tmpVar1
12:05:50.1 (12623900)|SOQL_EXECUTE_END|[6]|Rows:1
12:05:50.1 (12650426)|HEAP_ALLOCATE|[6]|Bytes:8
12:05:50.1 (12671768)|HEAP_ALLOCATE|[6]|Bytes:213
12:05:50.1 (12769882)|HEAP_ALLOCATE|[6]|Bytes:8
12:05:50.1 (12780812)|HEAP_ALLOCATE|[4]|Bytes:31
12:05:50.1 (12830243)|HEAP_ALLOCATE|[4]|Bytes:20
12:05:50.1 (12837562)|VARIABLE_SCOPE_BEGIN|[4]|q1|Quote|true|false
12:05:50.1 (12865391)|VARIABLE_ASSIGNMENT|[4]|q1|{"Name":"QUOTE 2","OpportunityId":"006f400000AO4MJAA1","Id":"0Q0f40000009bwtCAA","QuoteLineItems":[{"QuoteId":"0Q0f40000009bwtCAA","Id":"0QLf4000000sNKqGAM"},{"QuoteId":"0Q0f40000009bwtCAA","Id":"0QLf4000000sNKrGAM"}]}|0x7522038c
12:05:50.1 (12873137)|STATEMENT_EXECUTE|[10]
12:05:50.1 (12975655)|HEAP_ALLOCATE|[10]|Bytes:188
12:05:50.1 (12982189)|HEAP_ALLOCATE|[10]|Bytes:16
12:05:50.1 (12999791)|VARIABLE_SCOPE_BEGIN|[10]|q2|Quote|true|false
12:05:50.1 (13017005)|VARIABLE_ASSIGNMENT|[10]|q2|{"Name":"QUOTE 2","OpportunityId":"006f400000AO4MJAA1","QuoteLineItems":[{"QuoteId":"0Q0f40000009bwtCAA","Id":"0QLf4000000sNKqGAM"},{"QuoteId":"0Q0f40000009bwtCAA","Id":"0QLf4000000sNKrGAM"}]}|0x443f911e
12:05:50.1 (13031499)|METHOD_EXIT|[1]|01pf4000009Vx35|CloneQuote.cloneQuote(Id)
12:05:50.1 (13038084)|SYSTEM_MODE_EXIT|false
12:05:50.13 (13065559)|CUMULATIVE_LIMIT_USAGE
12:05:50.13 (13065559)|LIMIT_USAGE_FOR_NS|(default)|
  Number of SOQL queries: 1 out of 100
  Number of query rows: 3 out of 50000
  Number of SOSL queries: 0 out of 20
  Number of DML statements: 0 out of 150
  Number of DML rows: 0 out of 10000
  Maximum CPU time: 0 out of 10000
  Maximum heap size: 0 out of 6000000
  Number of callouts: 0 out of 100
  Number of Email Invocations: 0 out of 10
  Number of future calls: 0 out of 50
  Number of queueable jobs added to the queue: 0 out of 50
  Number of Mobile Apex push calls: 0 out of 10

12:05:50.13 (13065559)|CUMULATIVE_LIMIT_USAGE_END

12:05:50.1 (13104434)|CODE_UNIT_FINISHED|execute_anonymous_apex
12:05:50.1 (14278935)|EXECUTION_FINISHED
