42.0 APEX_CODE,FINEST;APEX_PROFILING,INFO;CALLOUT,INFO;DB,INFO;SYSTEM,DEBUG;VALIDATION,INFO;VISUALFORCE,INFO;WAVE,INFO;WORKFLOW,INFO
17:52:00.0 (58268)|USER_INFO|[EXTERNAL]|005f4000001uuP2|nmolinam@deloitte.com|Hora de Venezuela|GMT-04:00
17:52:00.0 (93503)|EXECUTION_STARTED
17:52:00.0 (98340)|CODE_UNIT_STARTED|[EXTERNAL]|Aura
17:52:00.0 (658145)|HEAP_ALLOCATE|[72]|Bytes:3
17:52:00.0 (696118)|HEAP_ALLOCATE|[77]|Bytes:152
17:52:00.0 (710530)|HEAP_ALLOCATE|[342]|Bytes:408
17:52:00.0 (721820)|HEAP_ALLOCATE|[355]|Bytes:408
17:52:00.0 (733637)|HEAP_ALLOCATE|[467]|Bytes:48
17:52:00.0 (766631)|HEAP_ALLOCATE|[139]|Bytes:6
17:52:00.0 (787447)|HEAP_ALLOCATE|[EXTERNAL]|Bytes:18
17:52:00.0 (800089)|HEAP_ALLOCATE|[EXTERNAL]|Bytes:4
17:52:00.0 (2100858)|CODE_UNIT_STARTED|[EXTERNAL]|01pf4000009Vx35|CloneQuote.getQuote
17:52:00.0 (2217636)|HEAP_ALLOCATE|[EXTERNAL]|Bytes:4
17:52:00.0 (2224873)|HEAP_ALLOCATE|[EXTERNAL]|Bytes:2
17:52:00.0 (2236772)|METHOD_ENTRY|[1]|01pf4000009Vx35|CloneQuote.CloneQuote()
17:52:00.0 (2243517)|STATEMENT_EXECUTE|[1]
17:52:00.0 (2248444)|STATEMENT_EXECUTE|[1]
17:52:00.0 (2283145)|HEAP_ALLOCATE|[50]|Bytes:5
17:52:00.0 (2305124)|HEAP_ALLOCATE|[56]|Bytes:5
17:52:00.0 (2313989)|HEAP_ALLOCATE|[64]|Bytes:7
17:52:00.0 (2339360)|SYSTEM_MODE_ENTER|false
17:52:00.0 (2352949)|HEAP_ALLOCATE|[EXTERNAL]|Bytes:5
17:52:00.0 (2361165)|SYSTEM_MODE_EXIT|false
17:52:00.0 (2371732)|METHOD_EXIT|[1]|CloneQuote
17:52:00.0 (2378583)|HEAP_ALLOCATE|[EXTERNAL]|Bytes:4
17:52:00.0 (2387340)|SYSTEM_MODE_ENTER|false
17:52:00.0 (2394319)|VARIABLE_SCOPE_BEGIN|[34]|recordId|Id|false|false
17:52:00.0 (2665042)|VARIABLE_ASSIGNMENT|[34]|recordId|"0Q0f40000009kKqCAI"
17:52:00.0 (2694283)|HEAP_ALLOCATE|[35]|Bytes:5
17:52:00.0 (2700338)|STATEMENT_EXECUTE|[34]
17:52:00.0 (2702165)|STATEMENT_EXECUTE|[35]
17:52:00.0 (2705347)|HEAP_ALLOCATE|[35]|Bytes:71
17:52:00.0 (2726747)|HEAP_ALLOCATE|[35]|Bytes:4
17:52:00.0 (2741226)|HEAP_ALLOCATE|[35]|Bytes:7
17:52:00.0 (3154376)|SOQL_EXECUTE_BEGIN|[35]|Aggregations:0|SELECT Name, OPPORTUNITYiD, Pricebook2Id FROM Quote WHERE Id = :tmpVar1
17:52:00.0 (5429141)|SOQL_EXECUTE_END|[35]|Rows:1
17:52:00.0 (5451070)|HEAP_ALLOCATE|[35]|Bytes:8
17:52:00.0 (5468283)|HEAP_ALLOCATE|[35]|Bytes:113
17:52:00.0 (5564977)|HEAP_ALLOCATE|[35]|Bytes:8
17:52:00.0 (5576986)|HEAP_ALLOCATE|[35]|Bytes:31
17:52:00.0 (5623960)|HEAP_ALLOCATE|[35]|Bytes:20
17:52:00.0 (5632320)|VARIABLE_SCOPE_BEGIN|[35]|q|Quote|true|false
17:52:00.0 (5664233)|VARIABLE_ASSIGNMENT|[35]|q|{"Name":"QUOTE 2","OpportunityId":"006f400000AO4MJAA1","Pricebook2Id":"01sf4000003Vb8JAAS","Id":"0Q0f40000009kKqCAI"}|0x7093ae23
17:52:00.0 (5672223)|STATEMENT_EXECUTE|[36]
17:52:00.0 (5742298)|USER_DEBUG|[36]|DEBUG|Quote:{Name=QUOTE 2, OpportunityId=006f400000AO4MJAA1, Pricebook2Id=01sf4000003Vb8JAAS, Id=0Q0f40000009kKqCAI}
17:52:00.0 (5758080)|STATEMENT_EXECUTE|[37]
17:52:00.0 (5766391)|SYSTEM_MODE_EXIT|false
17:52:00.5 (5791511)|CUMULATIVE_LIMIT_USAGE
17:52:00.5 (5791511)|LIMIT_USAGE_FOR_NS|(default)|
  Number of SOQL queries: 1 out of 100
  Number of query rows: 1 out of 50000
  Number of SOSL queries: 0 out of 20
  Number of DML statements: 0 out of 150
  Number of DML rows: 0 out of 10000
  Maximum CPU time: 0 out of 10000
  Maximum heap size: 0 out of 6000000
  Number of callouts: 0 out of 100
  Number of Email Invocations: 0 out of 10
  Number of future calls: 0 out of 50
  Number of queueable jobs added to the queue: 0 out of 50
  Number of Mobile Apex push calls: 0 out of 10

17:52:00.5 (5791511)|CUMULATIVE_LIMIT_USAGE_END

17:52:00.0 (5825492)|CODE_UNIT_FINISHED|CloneQuote.getQuote
17:52:00.0 (5884125)|CODE_UNIT_FINISHED|Aura
17:52:00.0 (6987892)|EXECUTION_FINISHED
