42.0 APEX_CODE,FINEST;APEX_PROFILING,INFO;CALLOUT,INFO;DB,INFO;SYSTEM,DEBUG;VALIDATION,INFO;VISUALFORCE,INFO;WAVE,INFO;WORKFLOW,INFO
Execute Anonymous: CloneQuote.cloneQuote('0Q0f40000009bwtCAA');
13:06:13.1 (1121726)|USER_INFO|[EXTERNAL]|005f4000001uuP2|nmolinam@deloitte.com|Hora de Venezuela|GMT-04:00
13:06:13.1 (1143626)|EXECUTION_STARTED
13:06:13.1 (1148215)|CODE_UNIT_STARTED|[EXTERNAL]|execute_anonymous_apex
13:06:13.1 (1322898)|HEAP_ALLOCATE|[72]|Bytes:3
13:06:13.1 (1368817)|HEAP_ALLOCATE|[77]|Bytes:152
13:06:13.1 (1382870)|HEAP_ALLOCATE|[342]|Bytes:408
13:06:13.1 (1395047)|HEAP_ALLOCATE|[355]|Bytes:408
13:06:13.1 (1406685)|HEAP_ALLOCATE|[467]|Bytes:48
13:06:13.1 (1429946)|HEAP_ALLOCATE|[139]|Bytes:6
13:06:13.1 (1447550)|HEAP_ALLOCATE|[EXTERNAL]|Bytes:1
13:06:13.1 (1546248)|STATEMENT_EXECUTE|[1]
13:06:13.1 (1549052)|STATEMENT_EXECUTE|[1]
13:06:13.1 (1552550)|HEAP_ALLOCATE|[1]|Bytes:18
13:06:13.1 (1564486)|HEAP_ALLOCATE|[1]|Bytes:4
13:06:13.1 (1610465)|HEAP_ALLOCATE|[50]|Bytes:5
13:06:13.1 (1626628)|HEAP_ALLOCATE|[56]|Bytes:5
13:06:13.1 (1634345)|HEAP_ALLOCATE|[64]|Bytes:7
13:06:13.1 (1654125)|SYSTEM_MODE_ENTER|false
13:06:13.1 (1794418)|HEAP_ALLOCATE|[1]|Bytes:5
13:06:13.1 (3037245)|HEAP_ALLOCATE|[1]|Bytes:1
13:06:13.1 (3047313)|HEAP_ALLOCATE|[1]|Bytes:2
13:06:13.1 (3097996)|METHOD_ENTRY|[1]|01pf4000009Vx35|CloneQuote.CloneQuote()
13:06:13.1 (3107932)|STATEMENT_EXECUTE|[1]
13:06:13.1 (3113549)|STATEMENT_EXECUTE|[1]
13:06:13.1 (3127458)|HEAP_ALLOCATE|[1]|Bytes:5
13:06:13.1 (3155956)|METHOD_EXIT|[1]|CloneQuote
13:06:13.1 (3202449)|METHOD_ENTRY|[1]|01pf4000009Vx35|CloneQuote.cloneQuote(Id)
13:06:13.1 (3245730)|VARIABLE_SCOPE_BEGIN|[3]|quoteId|Id|false|false
13:06:13.1 (3413740)|VARIABLE_ASSIGNMENT|[3]|quoteId|"0Q0f40000009bwtCAA"
13:06:13.1 (3441251)|HEAP_ALLOCATE|[6]|Bytes:5
13:06:13.1 (3449279)|STATEMENT_EXECUTE|[3]
13:06:13.1 (3451682)|STATEMENT_EXECUTE|[4]
13:06:13.1 (3455231)|HEAP_ALLOCATE|[6]|Bytes:95
13:06:13.1 (3475752)|HEAP_ALLOCATE|[6]|Bytes:4
13:06:13.1 (3504202)|HEAP_ALLOCATE|[6]|Bytes:7
13:06:13.1 (3909672)|SOQL_EXECUTE_BEGIN|[6]|Aggregations:1|SELECT Name, OPPORTUNITYiD, (SELECT QuoteId FROM QuoteLineItems) FROM QUOTE WHERE ID = :tmpVar1
13:06:13.1 (8065525)|SOQL_EXECUTE_END|[6]|Rows:1
13:06:13.1 (8100027)|HEAP_ALLOCATE|[6]|Bytes:8
13:06:13.1 (8122552)|HEAP_ALLOCATE|[6]|Bytes:213
13:06:13.1 (8233981)|HEAP_ALLOCATE|[6]|Bytes:8
13:06:13.1 (8264811)|HEAP_ALLOCATE|[4]|Bytes:31
13:06:13.1 (8320481)|HEAP_ALLOCATE|[4]|Bytes:20
13:06:13.1 (8331582)|VARIABLE_SCOPE_BEGIN|[4]|q1|Quote|true|false
13:06:13.1 (8367335)|VARIABLE_ASSIGNMENT|[4]|q1|{"Name":"QUOTE 2","OpportunityId":"006f400000AO4MJAA1","Id":"0Q0f40000009bwtCAA","QuoteLineItems":[{"QuoteId":"0Q0f40000009bwtCAA","Id":"0QLf4000000sNKqGAM"},{"QuoteId":"0Q0f40000009bwtCAA","Id":"0QLf4000000sNKrGAM"}]}|0x39f44dd9
13:06:13.1 (8377124)|STATEMENT_EXECUTE|[10]
13:06:13.1 (8486776)|HEAP_ALLOCATE|[10]|Bytes:188
13:06:13.1 (8493838)|HEAP_ALLOCATE|[10]|Bytes:16
13:06:13.1 (8532013)|VARIABLE_SCOPE_BEGIN|[10]|q2|Quote|true|false
13:06:13.1 (8556188)|VARIABLE_ASSIGNMENT|[10]|q2|{"Name":"QUOTE 2","OpportunityId":"006f400000AO4MJAA1","QuoteLineItems":[{"QuoteId":"0Q0f40000009bwtCAA","Id":"0QLf4000000sNKqGAM"},{"QuoteId":"0Q0f40000009bwtCAA","Id":"0QLf4000000sNKrGAM"}]}|0x32599202
13:06:13.1 (8568409)|STATEMENT_EXECUTE|[12]
13:06:13.1 (8595278)|HEAP_ALLOCATE|[12]|Bytes:8
13:06:13.1 (8609523)|DML_BEGIN|[12]|Op:Insert|Type:Quote|Rows:1
13:06:13.1 (8640495)|HEAP_ALLOCATE|[EXTERNAL]|Bytes:8
13:06:13.1 (44080100)|DML_END|[12]
13:06:13.1 (44115020)|HEAP_ALLOCATE|[12]|Bytes:-4
13:06:13.1 (44136652)|STATEMENT_EXECUTE|[13]
13:06:13.1 (44165234)|VARIABLE_SCOPE_BEGIN|[13]|idQuote|Id|false|false
13:06:13.1 (44245126)|VARIABLE_ASSIGNMENT|[13]|idQuote|"0Q0f40000009e98CAA"
13:06:13.1 (44252894)|STATEMENT_EXECUTE|[15]
13:06:13.1 (44259215)|HEAP_ALLOCATE|[15]|Bytes:14
13:06:13.1 (44266502)|HEAP_ALLOCATE|[15]|Bytes:13
13:06:13.1 (44310847)|HEAP_ALLOCATE|[EXTERNAL]|Bytes:12
13:06:13.1 (44366392)|HEAP_ALLOCATE|[15]|Bytes:12
13:06:13.1 (44394530)|VARIABLE_SCOPE_BEGIN|[15]|items|List<QuoteLineItem>|true|false
13:06:13.1 (44427161)|VARIABLE_ASSIGNMENT|[15]|items|[{"QuoteId":"0Q0f40000009bwtCAA","Id":"0QLf4000000sNKqGAM"},{"QuoteId":"0Q0f40000009bwtCAA","Id":"0QLf4000000sNKrGAM"}]|0x49081d2a
13:06:13.1 (44589471)|HEAP_ALLOCATE|[17]|Bytes:5
13:06:13.1 (44607047)|HEAP_ALLOCATE|[17]|Bytes:12
13:06:13.1 (44615009)|VARIABLE_SCOPE_BEGIN|[17]|i|QuoteLineItem|true|false
13:06:13.1 (44629859)|VARIABLE_ASSIGNMENT|[17]|i|{"QuoteId":"0Q0f40000009bwtCAA","Id":"0QLf4000000sNKqGAM"}|0x24c22a0b
13:06:13.1 (44637132)|STATEMENT_EXECUTE|[17]
13:06:13.1 (44639324)|STATEMENT_EXECUTE|[18]
13:06:13.1 (44658849)|HEAP_ALLOCATE|[18]|Bytes:4
13:06:13.1 (44781133)|VARIABLE_ASSIGNMENT|[18]|this.QuoteId|"0Q0f40000009e98CAA"|0x72de4d06
13:06:13.1 (44803762)|VARIABLE_SCOPE_BEGIN|[18]|ql|QuoteLineItem|true|false
13:06:13.1 (44825705)|VARIABLE_ASSIGNMENT|[18]|ql|{"QuoteId":"0Q0f40000009e98CAA"}|0x72de4d06
13:06:13.1 (44836241)|STATEMENT_EXECUTE|[20]
13:06:13.1 (44841612)|HEAP_ALLOCATE|[20]|Bytes:8
13:06:13.1 (44936024)|HEAP_ALLOCATE|[20]|Bytes:42
13:06:13.1 (44962637)|HEAP_ALLOCATE|[20]|Bytes:50
13:06:13.1 (44983547)|USER_DEBUG|[20]|DEBUG|ql id : QuoteLineItem:{QuoteId=0Q0f40000009e98CAA}
13:06:13.1 (44992796)|STATEMENT_EXECUTE|[22]
13:06:13.1 (45011496)|HEAP_ALLOCATE|[22]|Bytes:8
13:06:13.1 (45026318)|DML_BEGIN|[22]|Op:Insert|Type:QuoteLineItem|Rows:1
13:06:13.1 (45059827)|HEAP_ALLOCATE|[EXTERNAL]|Bytes:8
13:06:13.1 (56069161)|DML_END|[22]
13:06:13.1 (56222493)|VF_PAGE_MESSAGE|Required fields are missing: [PricebookEntryId, Quantity, UnitPrice, Product2Id]
13:06:13.1 (56618316)|EXCEPTION_THROWN|[22]|System.DmlException: Insert failed. First exception on row 0; first error: REQUIRED_FIELD_MISSING, Required fields are missing: [PricebookEntryId, Quantity, UnitPrice, Product2Id]: [PricebookEntryId, Quantity, UnitPrice, Product2Id]
13:06:13.1 (56919819)|HEAP_ALLOCATE|[22]|Bytes:215
13:06:13.1 (56948935)|METHOD_EXIT|[1]|01pf4000009Vx35|CloneQuote.cloneQuote(Id)
13:06:13.1 (56960140)|SYSTEM_MODE_EXIT|false
13:06:13.1 (57055161)|FATAL_ERROR|System.DmlException: Insert failed. First exception on row 0; first error: REQUIRED_FIELD_MISSING, Required fields are missing: [PricebookEntryId, Quantity, UnitPrice, Product2Id]: [PricebookEntryId, Quantity, UnitPrice, Product2Id]

Class.CloneQuote.cloneQuote: line 22, column 1
AnonymousBlock: line 1, column 1
AnonymousBlock: line 1, column 1
13:06:13.57 (57073531)|CUMULATIVE_LIMIT_USAGE
13:06:13.57 (57073531)|LIMIT_USAGE_FOR_NS|(default)|
  Number of SOQL queries: 1 out of 100
  Number of query rows: 3 out of 50000
  Number of SOSL queries: 0 out of 20
  Number of DML statements: 2 out of 150
  Number of DML rows: 2 out of 10000
  Maximum CPU time: 0 out of 10000
  Maximum heap size: 0 out of 6000000
  Number of callouts: 0 out of 100
  Number of Email Invocations: 0 out of 10
  Number of future calls: 0 out of 50
  Number of queueable jobs added to the queue: 0 out of 50
  Number of Mobile Apex push calls: 0 out of 10

13:06:13.57 (57073531)|CUMULATIVE_LIMIT_USAGE_END

13:06:13.1 (57119151)|CODE_UNIT_FINISHED|execute_anonymous_apex
13:06:13.1 (58233475)|EXECUTION_FINISHED
