42.0 APEX_CODE,FINEST;APEX_PROFILING,INFO;CALLOUT,INFO;DB,INFO;SYSTEM,DEBUG;VALIDATION,INFO;VISUALFORCE,INFO;WAVE,INFO;WORKFLOW,INFO
Execute Anonymous: CloneQuote.cloneQuote('0Q0f40000009bwtCAA');
12:43:57.1 (1131406)|USER_INFO|[EXTERNAL]|005f4000001uuP2|nmolinam@deloitte.com|Hora de Venezuela|GMT-04:00
12:43:57.1 (1148329)|EXECUTION_STARTED
12:43:57.1 (1152082)|CODE_UNIT_STARTED|[EXTERNAL]|execute_anonymous_apex
12:43:57.1 (1316282)|HEAP_ALLOCATE|[72]|Bytes:3
12:43:57.1 (1349028)|HEAP_ALLOCATE|[77]|Bytes:152
12:43:57.1 (1361309)|HEAP_ALLOCATE|[342]|Bytes:408
12:43:57.1 (1372742)|HEAP_ALLOCATE|[355]|Bytes:408
12:43:57.1 (1384263)|HEAP_ALLOCATE|[467]|Bytes:48
12:43:57.1 (1409267)|HEAP_ALLOCATE|[139]|Bytes:6
12:43:57.1 (1425316)|HEAP_ALLOCATE|[EXTERNAL]|Bytes:1
12:43:57.1 (1508036)|STATEMENT_EXECUTE|[1]
12:43:57.1 (1511056)|STATEMENT_EXECUTE|[1]
12:43:57.1 (1513852)|HEAP_ALLOCATE|[1]|Bytes:18
12:43:57.1 (1528192)|HEAP_ALLOCATE|[1]|Bytes:4
12:43:57.1 (1581123)|HEAP_ALLOCATE|[50]|Bytes:5
12:43:57.1 (1598449)|HEAP_ALLOCATE|[56]|Bytes:5
12:43:57.1 (1605251)|HEAP_ALLOCATE|[64]|Bytes:7
12:43:57.1 (1625159)|SYSTEM_MODE_ENTER|false
12:43:57.1 (1640887)|HEAP_ALLOCATE|[1]|Bytes:5
12:43:57.1 (9819121)|HEAP_ALLOCATE|[1]|Bytes:1
12:43:57.1 (9854358)|METHOD_ENTRY|[1]|01pf4000009Vx35|CloneQuote.CloneQuote()
12:43:57.1 (9864927)|STATEMENT_EXECUTE|[1]
12:43:57.1 (9872918)|STATEMENT_EXECUTE|[1]
12:43:57.1 (9888441)|HEAP_ALLOCATE|[1]|Bytes:5
12:43:57.1 (9904461)|METHOD_EXIT|[1]|CloneQuote
12:43:57.1 (9940705)|METHOD_ENTRY|[1]|01pf4000009Vx35|CloneQuote.cloneQuote(Id)
12:43:57.1 (9990239)|VARIABLE_SCOPE_BEGIN|[3]|quoteId|Id|false|false
12:43:57.1 (10180661)|VARIABLE_ASSIGNMENT|[3]|quoteId|"0Q0f40000009bwtCAA"
12:43:57.1 (10207207)|HEAP_ALLOCATE|[6]|Bytes:5
12:43:57.1 (10216185)|STATEMENT_EXECUTE|[3]
12:43:57.1 (10218655)|STATEMENT_EXECUTE|[4]
12:43:57.1 (10223045)|HEAP_ALLOCATE|[6]|Bytes:95
12:43:57.1 (10252091)|HEAP_ALLOCATE|[6]|Bytes:4
12:43:57.1 (10271729)|HEAP_ALLOCATE|[6]|Bytes:7
12:43:57.1 (10829665)|SOQL_EXECUTE_BEGIN|[6]|Aggregations:1|SELECT Name, OPPORTUNITYiD, (SELECT QuoteId FROM QuoteLineItems) FROM QUOTE WHERE ID = :tmpVar1
12:43:57.1 (16774833)|SOQL_EXECUTE_END|[6]|Rows:1
12:43:57.1 (16816449)|HEAP_ALLOCATE|[6]|Bytes:8
12:43:57.1 (16847717)|HEAP_ALLOCATE|[6]|Bytes:213
12:43:57.1 (16978672)|HEAP_ALLOCATE|[6]|Bytes:8
12:43:57.1 (16996440)|HEAP_ALLOCATE|[4]|Bytes:31
12:43:57.1 (17056148)|HEAP_ALLOCATE|[4]|Bytes:20
12:43:57.1 (17069925)|VARIABLE_SCOPE_BEGIN|[4]|q1|Quote|true|false
12:43:57.1 (17117818)|VARIABLE_ASSIGNMENT|[4]|q1|{"Name":"QUOTE 2","OpportunityId":"006f400000AO4MJAA1","Id":"0Q0f40000009bwtCAA","QuoteLineItems":[{"QuoteId":"0Q0f40000009bwtCAA","Id":"0QLf4000000sNKqGAM"},{"QuoteId":"0Q0f40000009bwtCAA","Id":"0QLf4000000sNKrGAM"}]}|0xd6a7115
12:43:57.1 (17132650)|STATEMENT_EXECUTE|[10]
12:43:57.1 (17248335)|HEAP_ALLOCATE|[10]|Bytes:188
12:43:57.1 (17257157)|HEAP_ALLOCATE|[10]|Bytes:16
12:43:57.1 (17281707)|VARIABLE_SCOPE_BEGIN|[10]|q2|Quote|true|false
12:43:57.1 (17310241)|VARIABLE_ASSIGNMENT|[10]|q2|{"Name":"QUOTE 2","OpportunityId":"006f400000AO4MJAA1","QuoteLineItems":[{"QuoteId":"0Q0f40000009bwtCAA","Id":"0QLf4000000sNKqGAM"},{"QuoteId":"0Q0f40000009bwtCAA","Id":"0QLf4000000sNKrGAM"}]}|0x115bc6e0
12:43:57.1 (17322708)|STATEMENT_EXECUTE|[12]
12:43:57.1 (17354682)|HEAP_ALLOCATE|[12]|Bytes:8
12:43:57.1 (17369839)|DML_BEGIN|[12]|Op:Insert|Type:Quote|Rows:1
12:43:57.1 (17410265)|HEAP_ALLOCATE|[EXTERNAL]|Bytes:8
12:43:57.1 (67059687)|DML_END|[12]
12:43:57.1 (67075531)|HEAP_ALLOCATE|[12]|Bytes:-4
12:43:57.1 (67099636)|STATEMENT_EXECUTE|[13]
12:43:57.1 (67132506)|VARIABLE_SCOPE_BEGIN|[13]|idQuote|Id|false|false
12:43:57.1 (67243363)|VARIABLE_ASSIGNMENT|[13]|idQuote|"0Q0f40000009e7lCAA"
12:43:57.1 (67253694)|STATEMENT_EXECUTE|[15]
12:43:57.1 (67261524)|HEAP_ALLOCATE|[15]|Bytes:14
12:43:57.1 (67272642)|HEAP_ALLOCATE|[15]|Bytes:13
12:43:57.1 (67330103)|HEAP_ALLOCATE|[EXTERNAL]|Bytes:12
12:43:57.1 (67425765)|HEAP_ALLOCATE|[15]|Bytes:12
12:43:57.1 (67443564)|VARIABLE_SCOPE_BEGIN|[15]|items|List<QuoteLineItem>|true|false
12:43:57.1 (67486259)|VARIABLE_ASSIGNMENT|[15]|items|[{"QuoteId":"0Q0f40000009bwtCAA","Id":"0QLf4000000sNKqGAM"},{"QuoteId":"0Q0f40000009bwtCAA","Id":"0QLf4000000sNKrGAM"}]|0x6bd876eb
12:43:57.1 (67781562)|HEAP_ALLOCATE|[17]|Bytes:5
12:43:57.1 (67813002)|HEAP_ALLOCATE|[17]|Bytes:12
12:43:57.1 (67831236)|VARIABLE_SCOPE_BEGIN|[17]|i|QuoteLineItem|true|false
12:43:57.1 (67853271)|VARIABLE_ASSIGNMENT|[17]|i|{"QuoteId":"0Q0f40000009bwtCAA","Id":"0QLf4000000sNKqGAM"}|0x24fd483e
12:43:57.1 (67863497)|STATEMENT_EXECUTE|[17]
12:43:57.1 (67866241)|STATEMENT_EXECUTE|[18]
12:43:57.1 (67890461)|HEAP_ALLOCATE|[18]|Bytes:4
12:43:57.1 (67998584)|VARIABLE_SCOPE_BEGIN|[18]|ql|QuoteLineItem|true|false
12:43:57.1 (68020184)|VARIABLE_ASSIGNMENT|[18]|ql|{}|0x68589f1d
12:43:57.1 (68030448)|STATEMENT_EXECUTE|[19]
12:43:57.1 (68124759)|HEAP_ALLOCATE|[19]|Bytes:33
12:43:57.1 (68133648)|HEAP_ALLOCATE|[19]|Bytes:8
12:43:57.1 (68166581)|VARIABLE_ASSIGNMENT|[19]|ql|{"QuoteId":"0Q0f40000009bwtCAA"}|0x409fc3d3
12:43:57.1 (68176518)|STATEMENT_EXECUTE|[20]
12:43:57.1 (68253711)|VARIABLE_ASSIGNMENT|[20]|this.QuoteId|"0Q0f40000009e7lCAA"|0x409fc3d3
12:43:57.1 (68264868)|STATEMENT_EXECUTE|[21]
12:43:57.1 (68292854)|HEAP_ALLOCATE|[21]|Bytes:8
12:43:57.1 (68307272)|DML_BEGIN|[21]|Op:Insert|Type:QuoteLineItem|Rows:1
12:43:57.1 (68347589)|HEAP_ALLOCATE|[EXTERNAL]|Bytes:8
12:43:57.1 (79764484)|DML_END|[21]
12:43:57.1 (79918553)|VF_PAGE_MESSAGE|Required fields are missing: [PricebookEntryId, Quantity, UnitPrice, Product2Id]
12:43:57.1 (80998269)|EXCEPTION_THROWN|[21]|System.DmlException: Insert failed. First exception on row 0; first error: REQUIRED_FIELD_MISSING, Required fields are missing: [PricebookEntryId, Quantity, UnitPrice, Product2Id]: [PricebookEntryId, Quantity, UnitPrice, Product2Id]
12:43:57.1 (81340907)|HEAP_ALLOCATE|[21]|Bytes:215
12:43:57.1 (81372504)|METHOD_EXIT|[1]|01pf4000009Vx35|CloneQuote.cloneQuote(Id)
12:43:57.1 (81383007)|SYSTEM_MODE_EXIT|false
12:43:57.1 (81474035)|FATAL_ERROR|System.DmlException: Insert failed. First exception on row 0; first error: REQUIRED_FIELD_MISSING, Required fields are missing: [PricebookEntryId, Quantity, UnitPrice, Product2Id]: [PricebookEntryId, Quantity, UnitPrice, Product2Id]

Class.CloneQuote.cloneQuote: line 21, column 1
AnonymousBlock: line 1, column 1
AnonymousBlock: line 1, column 1
12:43:57.81 (81490021)|CUMULATIVE_LIMIT_USAGE
12:43:57.81 (81490021)|LIMIT_USAGE_FOR_NS|(default)|
  Number of SOQL queries: 1 out of 100
  Number of query rows: 3 out of 50000
  Number of SOSL queries: 0 out of 20
  Number of DML statements: 2 out of 150
  Number of DML rows: 2 out of 10000
  Maximum CPU time: 0 out of 10000
  Maximum heap size: 0 out of 6000000
  Number of callouts: 0 out of 100
  Number of Email Invocations: 0 out of 10
  Number of future calls: 0 out of 50
  Number of queueable jobs added to the queue: 0 out of 50
  Number of Mobile Apex push calls: 0 out of 10

12:43:57.81 (81490021)|CUMULATIVE_LIMIT_USAGE_END

12:43:57.1 (81535259)|CODE_UNIT_FINISHED|execute_anonymous_apex
12:43:57.1 (82684453)|EXECUTION_FINISHED
