36.0 APEX_CODE,FINEST;APEX_PROFILING,INFO;CALLOUT,INFO;DB,INFO;SYSTEM,DEBUG;VALIDATION,INFO;VISUALFORCE,INFO;WAVE,INFO;WORKFLOW,INFO
14:18:29.0 (344448)|USER_INFO|[EXTERNAL]|005f4000001uuP2|nmolinam@deloitte.com|Hora de Venezuela|GMT-04:00
14:18:29.0 (377029)|EXECUTION_STARTED
14:18:29.0 (381608)|CODE_UNIT_STARTED|[EXTERNAL]|066f4000002h6Fz|VF: /apex/LightningPDFGeneratorDemo
14:18:29.0 (4364311)|SYSTEM_MODE_ENTER|true
14:18:29.0 (4727655)|HEAP_ALLOCATE|[72]|Bytes:3
14:18:29.0 (4759032)|HEAP_ALLOCATE|[77]|Bytes:152
14:18:29.0 (4773296)|HEAP_ALLOCATE|[342]|Bytes:408
14:18:29.0 (4784873)|HEAP_ALLOCATE|[355]|Bytes:408
14:18:29.0 (4795839)|HEAP_ALLOCATE|[467]|Bytes:48
14:18:29.0 (4823096)|HEAP_ALLOCATE|[139]|Bytes:6
14:18:29.0 (4837315)|HEAP_ALLOCATE|[EXTERNAL]|Bytes:84
14:18:29.0 (4842765)|HEAP_ALLOCATE|[EXTERNAL]|Bytes:5
14:18:29.0 (4852111)|METHOD_ENTRY|[1]|01pf4000008yCKF|DataDisplayController.DataDisplayController()
14:18:29.0 (4861380)|STATEMENT_EXECUTE|[1]
14:18:29.0 (4866794)|STATEMENT_EXECUTE|[1]
14:18:29.0 (4873076)|METHOD_EXIT|[1]|DataDisplayController
14:18:29.0 (4908806)|HEAP_ALLOCATE|[EXTERNAL]|Bytes:8
14:18:29.0 (4919413)|VARIABLE_SCOPE_BEGIN|[4]|this|DataDisplayController|true|false
14:18:29.0 (4969510)|VARIABLE_ASSIGNMENT|[4]|this|{}|0x5e08d72c
14:18:29.0 (4983359)|STATEMENT_EXECUTE|[1]
14:18:29.0 (4985258)|STATEMENT_EXECUTE|[2]
14:18:29.0 (4992251)|HEAP_ALLOCATE|[5]|Bytes:6
14:18:29.0 (5047099)|STATEMENT_EXECUTE|[4]
14:18:29.0 (5049773)|STATEMENT_EXECUTE|[5]
14:18:29.0 (5052387)|HEAP_ALLOCATE|[5]|Bytes:4
14:18:29.0 (5119267)|VARIABLE_ASSIGNMENT|[EXTERNAL]|this|{}|0x5e08d72c
14:18:29.0 (5134154)|VARIABLE_ASSIGNMENT|[EXTERNAL]|value|"test"
14:18:29.0 (5147100)|VARIABLE_ASSIGNMENT|[2]|this.PDFData|"test"|0x5e08d72c
14:18:29.0 (6103349)|SYSTEM_MODE_ENTER|true
14:18:29.0 (6453629)|VF_SERIALIZE_VIEWSTATE_BEGIN|066f4000002h6Fz
14:18:29.0 (28203247)|VF_SERIALIZE_VIEWSTATE_END
14:18:29.0 (29338593)|CODE_UNIT_STARTED|[EXTERNAL]|Generate Metadata
14:18:29.0 (29895618)|CODE_UNIT_FINISHED|Generate Metadata
14:18:29.31 (31749654)|CUMULATIVE_LIMIT_USAGE
14:18:29.31 (31749654)|LIMIT_USAGE_FOR_NS|(default)|
  Number of SOQL queries: 0 out of 100
  Number of query rows: 0 out of 50000
  Number of SOSL queries: 0 out of 20
  Number of DML statements: 0 out of 150
  Number of DML rows: 0 out of 10000
  Maximum CPU time: 0 out of 10000
  Maximum heap size: 0 out of 6000000
  Number of callouts: 0 out of 100
  Number of Email Invocations: 0 out of 10
  Number of future calls: 0 out of 50
  Number of queueable jobs added to the queue: 0 out of 50
  Number of Mobile Apex push calls: 0 out of 10

14:18:29.31 (31749654)|CUMULATIVE_LIMIT_USAGE_END

14:18:29.0 (31789341)|CODE_UNIT_FINISHED|VF: /apex/LightningPDFGeneratorDemo
14:18:29.0 (32709299)|EXECUTION_FINISHED
