42.0 APEX_CODE,FINEST;APEX_PROFILING,INFO;CALLOUT,INFO;DB,INFO;SYSTEM,DEBUG;VALIDATION,INFO;VISUALFORCE,INFO;WAVE,INFO;WORKFLOW,INFO
14:33:39.0 (80025)|USER_INFO|[EXTERNAL]|005f4000001uuP2|nmolinam@deloitte.com|Hora de Venezuela|GMT-04:00
14:33:39.0 (117804)|EXECUTION_STARTED
14:33:39.0 (123010)|CODE_UNIT_STARTED|[EXTERNAL]|Aura
14:33:39.0 (1236569)|CODE_UNIT_STARTED|[EXTERNAL]|01pf4000008WnsX|ViewQuotePDF.getPDF
14:33:39.0 (1450144)|HEAP_ALLOCATE|[72]|Bytes:3
14:33:39.0 (1484717)|HEAP_ALLOCATE|[77]|Bytes:152
14:33:39.0 (1497197)|HEAP_ALLOCATE|[342]|Bytes:408
14:33:39.0 (1509611)|HEAP_ALLOCATE|[355]|Bytes:408
14:33:39.0 (1520866)|HEAP_ALLOCATE|[467]|Bytes:48
14:33:39.0 (1546348)|HEAP_ALLOCATE|[139]|Bytes:6
14:33:39.0 (1561126)|HEAP_ALLOCATE|[EXTERNAL]|Bytes:4
14:33:39.0 (1566506)|HEAP_ALLOCATE|[EXTERNAL]|Bytes:8
14:33:39.0 (1576021)|METHOD_ENTRY|[1]|01pf4000008WnsX|ViewQuotePDF.ViewQuotePDF()
14:33:39.0 (1583596)|STATEMENT_EXECUTE|[1]
14:33:39.0 (1587871)|STATEMENT_EXECUTE|[1]
14:33:39.0 (1616820)|HEAP_ALLOCATE|[50]|Bytes:5
14:33:39.0 (1633720)|HEAP_ALLOCATE|[56]|Bytes:5
14:33:39.0 (1640810)|HEAP_ALLOCATE|[64]|Bytes:7
14:33:39.0 (1661065)|SYSTEM_MODE_ENTER|false
14:33:39.0 (1672759)|HEAP_ALLOCATE|[EXTERNAL]|Bytes:5
14:33:39.0 (1680779)|SYSTEM_MODE_EXIT|false
14:33:39.0 (1690149)|METHOD_EXIT|[1]|ViewQuotePDF
14:33:39.0 (1700245)|SYSTEM_MODE_ENTER|false
14:33:39.0 (1715021)|HEAP_ALLOCATE|[4]|Bytes:5
14:33:39.0 (1720019)|STATEMENT_EXECUTE|[3]
14:33:39.0 (1721866)|STATEMENT_EXECUTE|[4]
14:33:39.0 (1817945)|HEAP_ALLOCATE|[4]|Bytes:4
14:33:39.0 (1889812)|VARIABLE_SCOPE_BEGIN|[4]|quotes|List<Quote>|true|false
14:33:39.0 (1904546)|HEAP_ALLOCATE|[EXTERNAL]|Bytes:4
14:33:39.0 (1929148)|VARIABLE_ASSIGNMENT|[4]|quotes|[]|0x46f016a5
14:33:39.0 (1935666)|STATEMENT_EXECUTE|[5]
14:33:39.0 (1939429)|VARIABLE_SCOPE_BEGIN|[5]|pfdBase64|String|false|false
14:33:39.0 (1950842)|VARIABLE_ASSIGNMENT|[5]|pfdBase64|null
14:33:39.0 (1956663)|HEAP_ALLOCATE|[7]|Bytes:22
14:33:39.0 (1974199)|HEAP_ALLOCATE|[7]|Bytes:4
14:33:39.0 (2250653)|SOQL_EXECUTE_BEGIN|[7]|Aggregations:0|SELECT Name FROM Quote
14:33:39.0 (4097373)|SOQL_EXECUTE_END|[7]|Rows:1
14:33:39.0 (4118471)|HEAP_ALLOCATE|[EXTERNAL]|Bytes:8
14:33:39.0 (4282279)|HEAP_ALLOCATE|[7]|Bytes:54
14:33:39.0 (4291611)|HEAP_ALLOCATE|[7]|Bytes:8
14:33:39.0 (4300779)|SYSTEM_METHOD_ENTRY|[7]|QueryLocatorIterator.QueryLocatorIterator()
14:33:39.0 (4305460)|STATEMENT_EXECUTE|[7]
14:33:39.0 (4312118)|SYSTEM_METHOD_EXIT|[7]|QueryLocatorIterator
14:33:39.0 (4319847)|HEAP_ALLOCATE|[7]|Bytes:28
14:33:39.0 (4351272)|HEAP_ALLOCATE|[7]|Bytes:8
14:33:39.0 (4365700)|HEAP_ALLOCATE|[7]|Bytes:8
14:33:39.0 (4369534)|HEAP_ALLOCATE|[7]|Bytes:8
14:33:39.0 (4374561)|VARIABLE_SCOPE_BEGIN|[15]|this|Database.QueryLocatorIterator|true|false
14:33:39.0 (4408807)|VARIABLE_ASSIGNMENT|[15]|this|{}|0x64f401b3
14:33:39.0 (4415387)|VARIABLE_SCOPE_BEGIN|[15]|values|List<SObject>|true|false
14:33:39.0 (4436399)|VARIABLE_ASSIGNMENT|[15]|values|[{"Name":"first quote","Id":"0Q0f40000009VVICA2"}]|0x6cd76a22
14:33:39.0 (4441963)|VARIABLE_SCOPE_BEGIN|[15]|ql|Database.QueryLocator|true|false
14:33:39.0 (4462192)|VARIABLE_ASSIGNMENT|[15]|ql|{"query":"SELECT Name FROM Quo (2 more) ..."}|0x1816d3db
14:33:39.0 (4469019)|VARIABLE_SCOPE_BEGIN|[15]|totalNumRecords|Integer|false|false
14:33:39.0 (4477967)|VARIABLE_ASSIGNMENT|[15]|totalNumRecords|1
14:33:39.0 (4482210)|VARIABLE_SCOPE_BEGIN|[15]|queryMoreSize|Integer|false|false
14:33:39.0 (4489203)|VARIABLE_ASSIGNMENT|[15]|queryMoreSize|49999
14:33:39.0 (4578983)|HEAP_ALLOCATE|[7]|Bytes:28
14:33:39.0 (4602130)|METHOD_ENTRY|[7]||Database.QueryLocatorIterator.hasNext()
14:33:39.0 (4646509)|METHOD_EXIT|[7]||Database.QueryLocatorIterator.hasNext()
14:33:39.0 (4654580)|METHOD_ENTRY|[7]||Database.QueryLocatorIterator.next()
14:33:39.0 (4724962)|METHOD_EXIT|[7]||Database.QueryLocatorIterator.next()
14:33:39.0 (4733246)|VARIABLE_SCOPE_BEGIN|[7]|q|Quote|true|false
14:33:39.0 (4748010)|VARIABLE_ASSIGNMENT|[7]|q|{"Name":"first quote","Id":"0Q0f40000009VVICA2"}|0x7c75e445
14:33:39.0 (4755071)|STATEMENT_EXECUTE|[7]
14:33:39.0 (4757164)|STATEMENT_EXECUTE|[8]
14:33:39.0 (4791275)|HEAP_ALLOCATE|[EXTERNAL]|Bytes:4
14:33:39.0 (4803255)|METHOD_ENTRY|[7]||Database.QueryLocatorIterator.hasNext()
14:33:39.0 (4816310)|METHOD_EXIT|[7]||Database.QueryLocatorIterator.hasNext()
14:33:39.0 (4823825)|VARIABLE_ASSIGNMENT|[7]|q|null|
14:33:39.0 (4854458)|STATEMENT_EXECUTE|[13]
14:33:39.0 (4949857)|HEAP_ALLOCATE|[14]|Bytes:5
14:33:39.0 (4963469)|HEAP_ALLOCATE|[14]|Bytes:12
14:33:39.0 (4970388)|VARIABLE_SCOPE_BEGIN|[14]|q|Quote|true|false
14:33:39.0 (4983831)|VARIABLE_ASSIGNMENT|[14]|q|{"Name":"first quote","Id":"0Q0f40000009VVICA2"}|0x7c75e445
14:33:39.0 (4990310)|STATEMENT_EXECUTE|[14]
14:33:39.0 (4992260)|STATEMENT_EXECUTE|[15]
14:33:39.0 (4995271)|HEAP_ALLOCATE|[15]|Bytes:20
14:33:39.0 (5035742)|HEAP_ALLOCATE|[15]|Bytes:31
14:33:39.0 (5064077)|USER_DEBUG|[15]|DEBUG|nombre de la quote: first quote
14:33:39.0 (5079993)|HEAP_ALLOCATE|[14]|Bytes:5
14:33:39.0 (5090614)|VARIABLE_ASSIGNMENT|[14]|q|null|
14:33:39.0 (5095732)|STATEMENT_EXECUTE|[18]
14:33:39.0 (5098358)|HEAP_ALLOCATE|[18]|Bytes:53
14:33:39.0 (5111076)|HEAP_ALLOCATE|[18]|Bytes:4
14:33:39.0 (5118039)|HEAP_ALLOCATE|[18]|Bytes:7
14:33:39.0 (5142415)|HEAP_ALLOCATE|[18]|Bytes:12
14:33:39.0 (5818439)|SOQL_EXECUTE_BEGIN|[18]|Aggregations:0|SELECT Body FROM Attachment WHERE ParentId = :tmpVar1
14:33:39.0 (8695791)|SOQL_EXECUTE_END|[18]|Rows:0
14:33:39.0 (8721167)|HEAP_ALLOCATE|[18]|Bytes:4
14:33:39.0 (8731319)|HEAP_ALLOCATE|[18]|Bytes:0
14:33:39.0 (8797278)|HEAP_ALLOCATE|[18]|Bytes:4
14:33:39.0 (8809926)|VARIABLE_SCOPE_BEGIN|[18]|attachements|List<Attachment>|true|false
14:33:39.0 (8825478)|VARIABLE_ASSIGNMENT|[18]|attachements|[]|0x61490a9
14:33:39.0 (8831988)|STATEMENT_EXECUTE|[20]
14:33:39.0 (8835699)|HEAP_ALLOCATE|[20]|Bytes:49
14:33:39.0 (9390699)|HEAP_ALLOCATE|[20]|Bytes:4
14:33:39.0 (9426018)|USER_DEBUG|[20]|DEBUG|Blob[903]
14:33:39.0 (9435067)|STATEMENT_EXECUTE|[24]
14:33:39.0 (9745329)|HEAP_ALLOCATE|[24]|Bytes:4
14:33:39.0 (9781737)|SYSTEM_MODE_EXIT|false
14:33:39.9 (9807566)|CUMULATIVE_LIMIT_USAGE
14:33:39.9 (9807566)|LIMIT_USAGE_FOR_NS|(default)|
  Number of SOQL queries: 2 out of 100
  Number of query rows: 1 out of 50000
  Number of SOSL queries: 0 out of 20
  Number of DML statements: 0 out of 150
  Number of DML rows: 0 out of 10000
  Maximum CPU time: 0 out of 10000
  Maximum heap size: 0 out of 6000000
  Number of callouts: 0 out of 100
  Number of Email Invocations: 0 out of 10
  Number of future calls: 0 out of 50
  Number of queueable jobs added to the queue: 0 out of 50
  Number of Mobile Apex push calls: 0 out of 10

14:33:39.9 (9807566)|CUMULATIVE_LIMIT_USAGE_END

14:33:39.0 (9842006)|CODE_UNIT_FINISHED|ViewQuotePDF.getPDF
14:33:39.0 (10007165)|CODE_UNIT_FINISHED|Aura
14:33:39.0 (11273863)|EXECUTION_FINISHED
