42.0 APEX_CODE,FINEST;APEX_PROFILING,INFO;CALLOUT,INFO;DB,INFO;SYSTEM,DEBUG;VALIDATION,INFO;VISUALFORCE,INFO;WAVE,INFO;WORKFLOW,INFO
11:41:09.0 (368585)|USER_INFO|[EXTERNAL]|005f4000001uuP2|nmolinam@deloitte.com|Hora de Venezuela|GMT-04:00
11:41:09.0 (583727)|EXECUTION_STARTED
11:41:09.0 (590599)|CODE_UNIT_STARTED|[EXTERNAL]|Aura
11:41:09.0 (1574951)|HEAP_ALLOCATE|[72]|Bytes:3
11:41:09.0 (1656262)|HEAP_ALLOCATE|[77]|Bytes:152
11:41:09.0 (1674565)|HEAP_ALLOCATE|[342]|Bytes:408
11:41:09.0 (1687962)|HEAP_ALLOCATE|[355]|Bytes:408
11:41:09.0 (1698663)|HEAP_ALLOCATE|[467]|Bytes:48
11:41:09.0 (1756957)|HEAP_ALLOCATE|[139]|Bytes:6
11:41:09.0 (1772381)|HEAP_ALLOCATE|[EXTERNAL]|Bytes:18
11:41:09.0 (1799248)|HEAP_ALLOCATE|[EXTERNAL]|Bytes:4
11:41:09.0 (2630997)|CODE_UNIT_STARTED|[EXTERNAL]|01pf4000009Vx35|CloneQuote.cloneQuote
11:41:09.0 (2789307)|HEAP_ALLOCATE|[EXTERNAL]|Bytes:1
11:41:09.0 (2823324)|METHOD_ENTRY|[1]|01pf4000009Vx35|CloneQuote.CloneQuote()
11:41:09.0 (2831252)|STATEMENT_EXECUTE|[1]
11:41:09.0 (2836096)|STATEMENT_EXECUTE|[1]
11:41:09.0 (2873408)|HEAP_ALLOCATE|[50]|Bytes:5
11:41:09.0 (2917791)|HEAP_ALLOCATE|[56]|Bytes:5
11:41:09.0 (2930905)|HEAP_ALLOCATE|[64]|Bytes:7
11:41:09.0 (2957704)|SYSTEM_MODE_ENTER|false
11:41:09.0 (3039817)|HEAP_ALLOCATE|[EXTERNAL]|Bytes:5
11:41:09.0 (3050533)|SYSTEM_MODE_EXIT|false
11:41:09.0 (3069443)|METHOD_EXIT|[1]|CloneQuote
11:41:09.0 (3076471)|HEAP_ALLOCATE|[EXTERNAL]|Bytes:4
11:41:09.0 (3087822)|SYSTEM_MODE_ENTER|false
11:41:09.0 (3095967)|VARIABLE_SCOPE_BEGIN|[3]|quoteId|Id|false|false
11:41:09.0 (3232849)|VARIABLE_ASSIGNMENT|[3]|quoteId|"0Q0f40000009bwtCAA"
11:41:09.0 (3255004)|HEAP_ALLOCATE|[6]|Bytes:5
11:41:09.0 (3261105)|STATEMENT_EXECUTE|[3]
11:41:09.0 (3262993)|STATEMENT_EXECUTE|[4]
11:41:09.0 (3266082)|HEAP_ALLOCATE|[6]|Bytes:95
11:41:09.0 (3288494)|HEAP_ALLOCATE|[6]|Bytes:4
11:41:09.0 (3313088)|HEAP_ALLOCATE|[6]|Bytes:7
11:41:09.0 (4085334)|SOQL_EXECUTE_BEGIN|[6]|Aggregations:1|SELECT Name, OPPORTUNITYiD, (SELECT QuoteId FROM QuoteLineItems) FROM QUOTE WHERE ID = :tmpVar1
11:41:09.0 (18519024)|SOQL_EXECUTE_END|[6]|Rows:1
11:41:09.0 (18554085)|HEAP_ALLOCATE|[6]|Bytes:8
11:41:09.0 (18579016)|HEAP_ALLOCATE|[6]|Bytes:213
11:41:09.0 (18722231)|HEAP_ALLOCATE|[6]|Bytes:8
11:41:09.0 (18743355)|HEAP_ALLOCATE|[4]|Bytes:31
11:41:09.0 (18799724)|HEAP_ALLOCATE|[4]|Bytes:20
11:41:09.0 (18808167)|VARIABLE_SCOPE_BEGIN|[4]|q1|Quote|true|false
11:41:09.0 (18855298)|VARIABLE_ASSIGNMENT|[4]|q1|{"Name":"QUOTE 2","OpportunityId":"006f400000AO4MJAA1","Id":"0Q0f40000009bwtCAA","QuoteLineItems":[{"QuoteId":"0Q0f40000009bwtCAA","Id":"0QLf4000000sNKqGAM"},{"QuoteId":"0Q0f40000009bwtCAA","Id":"0QLf4000000sNKrGAM"}]}|0x3fa26961
11:41:09.0 (18866198)|STATEMENT_EXECUTE|[10]
11:41:09.0 (18870540)|VARIABLE_SCOPE_BEGIN|[10]|q2|Quote|true|false
11:41:09.0 (18886033)|VARIABLE_ASSIGNMENT|[10]|q2|{"Name":"QUOTE 2","OpportunityId":"006f400000AO4MJAA1","Id":"0Q0f40000009bwtCAA","QuoteLineItems":[{"QuoteId":"0Q0f40000009bwtCAA","Id":"0QLf4000000sNKqGAM"},{"QuoteId":"0Q0f40000009bwtCAA","Id":"0QLf4000000sNKrGAM"}]}|0x3fa26961
11:41:09.0 (18893145)|STATEMENT_EXECUTE|[11]
11:41:09.0 (18939880)|VARIABLE_ASSIGNMENT|[11]|this.Id|null|0x3fa26961
11:41:09.0 (18945944)|STATEMENT_EXECUTE|[12]
11:41:09.0 (18978339)|HEAP_ALLOCATE|[12]|Bytes:8
11:41:09.0 (18990216)|DML_BEGIN|[12]|Op:Insert|Type:Quote|Rows:1
11:41:09.0 (19019117)|HEAP_ALLOCATE|[EXTERNAL]|Bytes:8
11:41:09.0 (58138640)|DML_END|[12]
11:41:09.0 (58182917)|SYSTEM_MODE_EXIT|false
11:41:09.63 (63606712)|CUMULATIVE_LIMIT_USAGE
11:41:09.63 (63606712)|LIMIT_USAGE_FOR_NS|(default)|
  Number of SOQL queries: 1 out of 100
  Number of query rows: 3 out of 50000
  Number of SOSL queries: 0 out of 20
  Number of DML statements: 1 out of 150
  Number of DML rows: 1 out of 10000
  Maximum CPU time: 0 out of 10000
  Maximum heap size: 0 out of 6000000
  Number of callouts: 0 out of 100
  Number of Email Invocations: 0 out of 10
  Number of future calls: 0 out of 50
  Number of queueable jobs added to the queue: 0 out of 50
  Number of Mobile Apex push calls: 0 out of 10

11:41:09.63 (63606712)|CUMULATIVE_LIMIT_USAGE_END

11:41:09.0 (63654767)|CODE_UNIT_FINISHED|CloneQuote.cloneQuote
11:41:09.0 (63740928)|CODE_UNIT_FINISHED|Aura
11:41:09.0 (64934079)|EXECUTION_FINISHED
