42.0 APEX_CODE,FINEST;APEX_PROFILING,INFO;CALLOUT,INFO;DB,INFO;SYSTEM,DEBUG;VALIDATION,INFO;VISUALFORCE,INFO;WAVE,INFO;WORKFLOW,INFO
15:34:10.0 (55448)|USER_INFO|[EXTERNAL]|005f4000001uuP2|nmolinam@deloitte.com|Hora de Venezuela|GMT-04:00
15:34:10.0 (85300)|EXECUTION_STARTED
15:34:10.0 (89316)|CODE_UNIT_STARTED|[EXTERNAL]|Aura
15:34:10.0 (597865)|HEAP_ALLOCATE|[72]|Bytes:3
15:34:10.0 (658182)|HEAP_ALLOCATE|[77]|Bytes:152
15:34:10.0 (672029)|HEAP_ALLOCATE|[342]|Bytes:408
15:34:10.0 (684443)|HEAP_ALLOCATE|[355]|Bytes:408
15:34:10.0 (698897)|HEAP_ALLOCATE|[467]|Bytes:48
15:34:10.0 (724269)|HEAP_ALLOCATE|[139]|Bytes:6
15:34:10.0 (738222)|HEAP_ALLOCATE|[EXTERNAL]|Bytes:18
15:34:10.0 (771626)|HEAP_ALLOCATE|[EXTERNAL]|Bytes:4
15:34:10.0 (1761854)|CODE_UNIT_STARTED|[EXTERNAL]|01pf4000009Vx35|CloneQuote.cloneQuote
15:34:10.0 (1865558)|HEAP_ALLOCATE|[EXTERNAL]|Bytes:1
15:34:10.0 (1894966)|METHOD_ENTRY|[1]|01pf4000009Vx35|CloneQuote.CloneQuote()
15:34:10.0 (1902549)|STATEMENT_EXECUTE|[1]
15:34:10.0 (1907949)|STATEMENT_EXECUTE|[1]
15:34:10.0 (1939390)|HEAP_ALLOCATE|[50]|Bytes:5
15:34:10.0 (1969768)|HEAP_ALLOCATE|[56]|Bytes:5
15:34:10.0 (1977361)|HEAP_ALLOCATE|[64]|Bytes:7
15:34:10.0 (1998862)|SYSTEM_MODE_ENTER|false
15:34:10.0 (2010431)|HEAP_ALLOCATE|[EXTERNAL]|Bytes:5
15:34:10.0 (2018524)|SYSTEM_MODE_EXIT|false
15:34:10.0 (2037748)|METHOD_EXIT|[1]|CloneQuote
15:34:10.0 (2043591)|HEAP_ALLOCATE|[EXTERNAL]|Bytes:4
15:34:10.0 (2052561)|SYSTEM_MODE_ENTER|false
15:34:10.0 (2059411)|VARIABLE_SCOPE_BEGIN|[3]|quoteId|Id|false|false
15:34:10.0 (2273690)|VARIABLE_ASSIGNMENT|[3]|quoteId|"0Q0f40000009kKqCAI"
15:34:10.0 (2294049)|HEAP_ALLOCATE|[6]|Bytes:5
15:34:10.0 (2299944)|STATEMENT_EXECUTE|[3]
15:34:10.0 (2305514)|STATEMENT_EXECUTE|[4]
15:34:10.0 (2308508)|HEAP_ALLOCATE|[6]|Bytes:183
15:34:10.0 (2326725)|HEAP_ALLOCATE|[6]|Bytes:4
15:34:10.0 (2338592)|HEAP_ALLOCATE|[6]|Bytes:7
15:34:10.0 (2946204)|SOQL_EXECUTE_BEGIN|[6]|Aggregations:1|SELECT Name, OPPORTUNITYiD, Pricebook2Id, (SELECT QuoteId, Description, Discount, PricebookEntryId, Quantity, Product2Id, UnitPrice FROM QuoteLineItems) FROM QUOTE WHERE ID = :tmpVar1
15:34:10.0 (8280165)|SOQL_EXECUTE_END|[6]|Rows:1
15:34:10.0 (8303876)|HEAP_ALLOCATE|[6]|Bytes:8
15:34:10.0 (8317482)|HEAP_ALLOCATE|[6]|Bytes:113
15:34:10.0 (8389143)|HEAP_ALLOCATE|[6]|Bytes:8
15:34:10.0 (8400684)|HEAP_ALLOCATE|[4]|Bytes:31
15:34:10.0 (8429086)|HEAP_ALLOCATE|[4]|Bytes:20
15:34:10.0 (8437594)|VARIABLE_SCOPE_BEGIN|[4]|q1|Quote|true|false
15:34:10.0 (8468977)|VARIABLE_ASSIGNMENT|[4]|q1|{"Name":"QUOTE 2","OpportunityId":"006f400000AO4MJAA1","Pricebook2Id":"01sf4000003Vb8JAAS","Id":"0Q0f40000009kKqCAI"}|0x4090a697
15:34:10.0 (8476477)|STATEMENT_EXECUTE|[11]
15:34:10.0 (8555240)|HEAP_ALLOCATE|[11]|Bytes:88
15:34:10.0 (8560684)|HEAP_ALLOCATE|[11]|Bytes:16
15:34:10.0 (8577858)|VARIABLE_SCOPE_BEGIN|[11]|q2|Quote|true|false
15:34:10.0 (8596957)|VARIABLE_ASSIGNMENT|[11]|q2|{"Name":"QUOTE 2","OpportunityId":"006f400000AO4MJAA1","Pricebook2Id":"01sf4000003Vb8JAAS"}|0x40c67cf
15:34:10.0 (8603957)|STATEMENT_EXECUTE|[12]
15:34:10.0 (8669717)|VARIABLE_ASSIGNMENT|[12]|this.Pricebook2Id|"01sf4000003Vb8JAAS"|0x40c67cf
15:34:10.0 (8676735)|STATEMENT_EXECUTE|[14]
15:34:10.0 (8698924)|HEAP_ALLOCATE|[14]|Bytes:8
15:34:10.0 (8706730)|DML_BEGIN|[14]|Op:Insert|Type:Quote|Rows:1
15:34:10.0 (8729639)|HEAP_ALLOCATE|[EXTERNAL]|Bytes:8
15:34:10.0 (57148995)|DML_END|[14]
15:34:10.0 (57167819)|HEAP_ALLOCATE|[14]|Bytes:-4
15:34:10.0 (57195205)|STATEMENT_EXECUTE|[15]
15:34:10.0 (57229412)|VARIABLE_SCOPE_BEGIN|[15]|idQuote|Id|false|false
15:34:10.0 (57338609)|VARIABLE_ASSIGNMENT|[15]|idQuote|"0Q0f40000009kLUCAY"
15:34:10.0 (57350037)|STATEMENT_EXECUTE|[18]
15:34:10.0 (57357366)|HEAP_ALLOCATE|[18]|Bytes:14
15:34:10.0 (57367823)|HEAP_ALLOCATE|[18]|Bytes:13
15:34:10.0 (57409883)|HEAP_ALLOCATE|[EXTERNAL]|Bytes:4
15:34:10.0 (57483972)|HEAP_ALLOCATE|[18]|Bytes:4
15:34:10.0 (57501309)|VARIABLE_SCOPE_BEGIN|[18]|items|List<QuoteLineItem>|true|false
15:34:10.0 (57527322)|VARIABLE_ASSIGNMENT|[18]|items|[]|0x4fb3e823
15:34:10.0 (57719323)|HEAP_ALLOCATE|[20]|Bytes:5
15:34:10.0 (57745354)|VARIABLE_ASSIGNMENT|[20]|i|null|
15:34:10.0 (57754026)|STATEMENT_EXECUTE|[20]
15:34:10.0 (57767811)|SYSTEM_MODE_EXIT|false
15:34:10.62 (62250345)|CUMULATIVE_LIMIT_USAGE
15:34:10.62 (62250345)|LIMIT_USAGE_FOR_NS|(default)|
  Number of SOQL queries: 1 out of 100
  Number of query rows: 1 out of 50000
  Number of SOSL queries: 0 out of 20
  Number of DML statements: 1 out of 150
  Number of DML rows: 1 out of 10000
  Maximum CPU time: 0 out of 10000
  Maximum heap size: 0 out of 6000000
  Number of callouts: 0 out of 100
  Number of Email Invocations: 0 out of 10
  Number of future calls: 0 out of 50
  Number of queueable jobs added to the queue: 0 out of 50
  Number of Mobile Apex push calls: 0 out of 10

15:34:10.62 (62250345)|CUMULATIVE_LIMIT_USAGE_END

15:34:10.0 (62295233)|CODE_UNIT_FINISHED|CloneQuote.cloneQuote
15:34:10.0 (62374539)|CODE_UNIT_FINISHED|Aura
15:34:10.0 (63297782)|EXECUTION_FINISHED
