42.0 APEX_CODE,FINEST;APEX_PROFILING,INFO;CALLOUT,INFO;DB,INFO;SYSTEM,DEBUG;VALIDATION,INFO;VISUALFORCE,INFO;WAVE,INFO;WORKFLOW,INFO
15:28:00.0 (68627)|USER_INFO|[EXTERNAL]|005f4000001uuP2|nmolinam@deloitte.com|Hora de Venezuela|GMT-04:00
15:28:00.0 (105722)|EXECUTION_STARTED
15:28:00.0 (110318)|CODE_UNIT_STARTED|[EXTERNAL]|Aura
15:28:00.0 (1196947)|CODE_UNIT_STARTED|[EXTERNAL]|01pf4000008WnsX|ViewQuotePDF.getPDF
15:28:00.0 (1355541)|HEAP_ALLOCATE|[72]|Bytes:3
15:28:00.0 (1388155)|HEAP_ALLOCATE|[77]|Bytes:152
15:28:00.0 (1400663)|HEAP_ALLOCATE|[342]|Bytes:408
15:28:00.0 (1413419)|HEAP_ALLOCATE|[355]|Bytes:408
15:28:00.0 (1425234)|HEAP_ALLOCATE|[467]|Bytes:48
15:28:00.0 (1453037)|HEAP_ALLOCATE|[139]|Bytes:6
15:28:00.0 (1502793)|HEAP_ALLOCATE|[EXTERNAL]|Bytes:7
15:28:00.0 (1508947)|HEAP_ALLOCATE|[EXTERNAL]|Bytes:11
15:28:00.0 (1518066)|METHOD_ENTRY|[1]|01pf4000008WnsX|ViewQuotePDF.ViewQuotePDF()
15:28:00.0 (1524938)|STATEMENT_EXECUTE|[1]
15:28:00.0 (1529792)|STATEMENT_EXECUTE|[1]
15:28:00.0 (1560396)|HEAP_ALLOCATE|[50]|Bytes:5
15:28:00.0 (1578224)|HEAP_ALLOCATE|[56]|Bytes:5
15:28:00.0 (1585474)|HEAP_ALLOCATE|[64]|Bytes:7
15:28:00.0 (1609850)|SYSTEM_MODE_ENTER|false
15:28:00.0 (1622268)|HEAP_ALLOCATE|[EXTERNAL]|Bytes:5
15:28:00.0 (1629354)|SYSTEM_MODE_EXIT|false
15:28:00.0 (1638060)|METHOD_EXIT|[1]|ViewQuotePDF
15:28:00.0 (1648632)|SYSTEM_MODE_ENTER|false
15:28:00.0 (1663355)|HEAP_ALLOCATE|[4]|Bytes:5
15:28:00.0 (1669248)|STATEMENT_EXECUTE|[3]
15:28:00.0 (1671173)|STATEMENT_EXECUTE|[4]
15:28:00.0 (1762878)|HEAP_ALLOCATE|[4]|Bytes:4
15:28:00.0 (1832385)|VARIABLE_SCOPE_BEGIN|[4]|quotes|List<Quote>|true|false
15:28:00.0 (1847559)|HEAP_ALLOCATE|[EXTERNAL]|Bytes:4
15:28:00.0 (1871335)|VARIABLE_ASSIGNMENT|[4]|quotes|[]|0x5fbffca0
15:28:00.0 (1877384)|STATEMENT_EXECUTE|[5]
15:28:00.0 (1881419)|VARIABLE_SCOPE_BEGIN|[5]|pfdBase64|String|false|false
15:28:00.0 (1895058)|VARIABLE_ASSIGNMENT|[5]|pfdBase64|null
15:28:00.0 (1901563)|HEAP_ALLOCATE|[7]|Bytes:22
15:28:00.0 (1914914)|HEAP_ALLOCATE|[7]|Bytes:4
15:28:00.0 (2214908)|SOQL_EXECUTE_BEGIN|[7]|Aggregations:0|SELECT Name FROM Quote
15:28:00.0 (3872483)|SOQL_EXECUTE_END|[7]|Rows:1
15:28:00.0 (3893398)|HEAP_ALLOCATE|[EXTERNAL]|Bytes:8
15:28:00.0 (4037503)|HEAP_ALLOCATE|[7]|Bytes:54
15:28:00.0 (4047475)|HEAP_ALLOCATE|[7]|Bytes:8
15:28:00.0 (4056115)|SYSTEM_METHOD_ENTRY|[7]|QueryLocatorIterator.QueryLocatorIterator()
15:28:00.0 (4060825)|STATEMENT_EXECUTE|[7]
15:28:00.0 (4067630)|SYSTEM_METHOD_EXIT|[7]|QueryLocatorIterator
15:28:00.0 (4076559)|HEAP_ALLOCATE|[7]|Bytes:28
15:28:00.0 (4106484)|HEAP_ALLOCATE|[7]|Bytes:8
15:28:00.0 (4120146)|HEAP_ALLOCATE|[7]|Bytes:8
15:28:00.0 (4123719)|HEAP_ALLOCATE|[7]|Bytes:8
15:28:00.0 (4130683)|VARIABLE_SCOPE_BEGIN|[15]|this|Database.QueryLocatorIterator|true|false
15:28:00.0 (4165831)|VARIABLE_ASSIGNMENT|[15]|this|{}|0x733d8eb0
15:28:00.0 (4172792)|VARIABLE_SCOPE_BEGIN|[15]|values|List<SObject>|true|false
15:28:00.0 (4191663)|VARIABLE_ASSIGNMENT|[15]|values|[{"Name":"first quote","Id":"0Q0f40000009VVICA2"}]|0x73f90045
15:28:00.0 (4198602)|VARIABLE_SCOPE_BEGIN|[15]|ql|Database.QueryLocator|true|false
15:28:00.0 (4218773)|VARIABLE_ASSIGNMENT|[15]|ql|{"query":"SELECT Name FROM Quo (2 more) ..."}|0x6e8d2b1d
15:28:00.0 (4224366)|VARIABLE_SCOPE_BEGIN|[15]|totalNumRecords|Integer|false|false
15:28:00.0 (4233535)|VARIABLE_ASSIGNMENT|[15]|totalNumRecords|1
15:28:00.0 (4239165)|VARIABLE_SCOPE_BEGIN|[15]|queryMoreSize|Integer|false|false
15:28:00.0 (4248970)|VARIABLE_ASSIGNMENT|[15]|queryMoreSize|49999
15:28:00.0 (4342805)|HEAP_ALLOCATE|[7]|Bytes:28
15:28:00.0 (4366623)|METHOD_ENTRY|[7]||Database.QueryLocatorIterator.hasNext()
15:28:00.0 (4412815)|METHOD_EXIT|[7]||Database.QueryLocatorIterator.hasNext()
15:28:00.0 (4421463)|METHOD_ENTRY|[7]||Database.QueryLocatorIterator.next()
15:28:00.0 (4490820)|METHOD_EXIT|[7]||Database.QueryLocatorIterator.next()
15:28:00.0 (4499480)|VARIABLE_SCOPE_BEGIN|[7]|q|Quote|true|false
15:28:00.0 (4515492)|VARIABLE_ASSIGNMENT|[7]|q|{"Name":"first quote","Id":"0Q0f40000009VVICA2"}|0x3c76dfaa
15:28:00.0 (4524599)|STATEMENT_EXECUTE|[7]
15:28:00.0 (4527262)|STATEMENT_EXECUTE|[8]
15:28:00.0 (4556931)|HEAP_ALLOCATE|[EXTERNAL]|Bytes:4
15:28:00.0 (4568672)|METHOD_ENTRY|[7]||Database.QueryLocatorIterator.hasNext()
15:28:00.0 (4585378)|METHOD_EXIT|[7]||Database.QueryLocatorIterator.hasNext()
15:28:00.0 (4593886)|VARIABLE_ASSIGNMENT|[7]|q|null|
15:28:00.0 (4622806)|STATEMENT_EXECUTE|[13]
15:28:00.0 (4718286)|HEAP_ALLOCATE|[14]|Bytes:5
15:28:00.0 (4733100)|HEAP_ALLOCATE|[14]|Bytes:12
15:28:00.0 (4739891)|VARIABLE_SCOPE_BEGIN|[14]|q|Quote|true|false
15:28:00.0 (4756714)|VARIABLE_ASSIGNMENT|[14]|q|{"Name":"first quote","Id":"0Q0f40000009VVICA2"}|0x3c76dfaa
15:28:00.0 (4763144)|STATEMENT_EXECUTE|[14]
15:28:00.0 (4764973)|STATEMENT_EXECUTE|[15]
15:28:00.0 (4768400)|HEAP_ALLOCATE|[15]|Bytes:20
15:28:00.0 (4805483)|HEAP_ALLOCATE|[15]|Bytes:31
15:28:00.0 (4834316)|USER_DEBUG|[15]|DEBUG|nombre de la quote: first quote
15:28:00.0 (4851127)|HEAP_ALLOCATE|[14]|Bytes:5
15:28:00.0 (4864004)|VARIABLE_ASSIGNMENT|[14]|q|null|
15:28:00.0 (4869235)|STATEMENT_EXECUTE|[18]
15:28:00.0 (4871953)|HEAP_ALLOCATE|[18]|Bytes:53
15:28:00.0 (4884187)|HEAP_ALLOCATE|[18]|Bytes:4
15:28:00.0 (4890679)|HEAP_ALLOCATE|[18]|Bytes:7
15:28:00.0 (4916014)|HEAP_ALLOCATE|[18]|Bytes:12
15:28:00.0 (5643182)|SOQL_EXECUTE_BEGIN|[18]|Aggregations:0|SELECT Body FROM Attachment WHERE ParentId = :tmpVar1
15:28:00.0 (7793885)|SOQL_EXECUTE_END|[18]|Rows:0
15:28:00.0 (7815654)|HEAP_ALLOCATE|[18]|Bytes:4
15:28:00.0 (7826733)|HEAP_ALLOCATE|[18]|Bytes:0
15:28:00.0 (7881056)|HEAP_ALLOCATE|[18]|Bytes:4
15:28:00.0 (7893089)|VARIABLE_SCOPE_BEGIN|[18]|attachements|List<Attachment>|true|false
15:28:00.0 (7909088)|VARIABLE_ASSIGNMENT|[18]|attachements|[]|0x4fadf415
15:28:00.0 (7915212)|STATEMENT_EXECUTE|[20]
15:28:00.0 (7919086)|HEAP_ALLOCATE|[20]|Bytes:21
15:28:00.0 (7945294)|USER_DEBUG|[20]|DEBUG|before blob to string
15:28:00.0 (7955137)|STATEMENT_EXECUTE|[21]
15:28:00.0 (7963051)|METHOD_ENTRY|[21]|01pf4000008WnsX|ViewQuotePDF.StringPDF()
15:28:00.0 (7986665)|HEAP_ALLOCATE|[33]|Bytes:5
15:28:00.0 (7993481)|STATEMENT_EXECUTE|[32]
15:28:00.0 (7995674)|STATEMENT_EXECUTE|[33]
15:28:00.0 (7998522)|HEAP_ALLOCATE|[33]|Bytes:49
15:28:00.0 (8007238)|METHOD_EXIT|[21]|01pf4000008WnsX|ViewQuotePDF.StringPDF()
15:28:00.0 (8565901)|HEAP_ALLOCATE|[21]|Bytes:4
15:28:00.0 (8785940)|HEAP_ALLOCATE|[21]|Bytes:36
15:28:00.0 (8874947)|FATAL_ERROR|System.StringException: BLOB is not a valid UTF-8 string

Class.ViewQuotePDF.getPDF: line 21, column 1
15:28:00.0 (8888991)|FATAL_ERROR|System.StringException: BLOB is not a valid UTF-8 string

Class.ViewQuotePDF.getPDF: line 21, column 1
15:28:00.8 (8896477)|CUMULATIVE_LIMIT_USAGE
15:28:00.8 (8896477)|LIMIT_USAGE_FOR_NS|(default)|
  Number of SOQL queries: 2 out of 100
  Number of query rows: 1 out of 50000
  Number of SOSL queries: 0 out of 20
  Number of DML statements: 0 out of 150
  Number of DML rows: 0 out of 10000
  Maximum CPU time: 0 out of 10000
  Maximum heap size: 0 out of 6000000
  Number of callouts: 0 out of 100
  Number of Email Invocations: 0 out of 10
  Number of future calls: 0 out of 50
  Number of queueable jobs added to the queue: 0 out of 50
  Number of Mobile Apex push calls: 0 out of 10

15:28:00.8 (8896477)|CUMULATIVE_LIMIT_USAGE_END

15:28:00.0 (8931626)|CODE_UNIT_FINISHED|ViewQuotePDF.getPDF
15:28:00.0 (12782159)|CODE_UNIT_FINISHED|Aura
15:28:00.0 (13645143)|EXECUTION_FINISHED
