42.0 APEX_CODE,FINEST;APEX_PROFILING,INFO;CALLOUT,INFO;DB,INFO;SYSTEM,DEBUG;VALIDATION,INFO;VISUALFORCE,INFO;WAVE,INFO;WORKFLOW,INFO
15:29:26.0 (64253)|USER_INFO|[EXTERNAL]|005f4000001uuP2|nmolinam@deloitte.com|Hora de Venezuela|GMT-04:00
15:29:26.0 (97641)|EXECUTION_STARTED
15:29:26.0 (101957)|CODE_UNIT_STARTED|[EXTERNAL]|Aura
15:29:26.0 (715273)|HEAP_ALLOCATE|[72]|Bytes:3
15:29:26.0 (757580)|HEAP_ALLOCATE|[77]|Bytes:152
15:29:26.0 (773183)|HEAP_ALLOCATE|[342]|Bytes:408
15:29:26.0 (786150)|HEAP_ALLOCATE|[355]|Bytes:408
15:29:26.0 (797045)|HEAP_ALLOCATE|[467]|Bytes:48
15:29:26.0 (823497)|HEAP_ALLOCATE|[139]|Bytes:6
15:29:26.0 (837952)|HEAP_ALLOCATE|[EXTERNAL]|Bytes:18
15:29:26.0 (848242)|HEAP_ALLOCATE|[EXTERNAL]|Bytes:4
15:29:26.0 (1635424)|CODE_UNIT_STARTED|[EXTERNAL]|01pf4000009Vx35|CloneQuote.cloneQuote
15:29:26.0 (1751033)|HEAP_ALLOCATE|[EXTERNAL]|Bytes:1
15:29:26.0 (1764188)|METHOD_ENTRY|[1]|01pf4000009Vx35|CloneQuote.CloneQuote()
15:29:26.0 (1771345)|STATEMENT_EXECUTE|[1]
15:29:26.0 (1776585)|STATEMENT_EXECUTE|[1]
15:29:26.0 (1810233)|HEAP_ALLOCATE|[50]|Bytes:5
15:29:26.0 (1835813)|HEAP_ALLOCATE|[56]|Bytes:5
15:29:26.0 (1843385)|HEAP_ALLOCATE|[64]|Bytes:7
15:29:26.0 (1867807)|SYSTEM_MODE_ENTER|false
15:29:26.0 (1881723)|HEAP_ALLOCATE|[EXTERNAL]|Bytes:5
15:29:26.0 (1889265)|SYSTEM_MODE_EXIT|false
15:29:26.0 (1898004)|METHOD_EXIT|[1]|CloneQuote
15:29:26.0 (1903722)|HEAP_ALLOCATE|[EXTERNAL]|Bytes:4
15:29:26.0 (1912006)|SYSTEM_MODE_ENTER|false
15:29:26.0 (1918822)|VARIABLE_SCOPE_BEGIN|[3]|quoteId|Id|false|false
15:29:26.0 (2146659)|VARIABLE_ASSIGNMENT|[3]|quoteId|"0Q0f40000009kKqCAI"
15:29:26.0 (2170797)|HEAP_ALLOCATE|[6]|Bytes:5
15:29:26.0 (2176573)|STATEMENT_EXECUTE|[3]
15:29:26.0 (2178517)|STATEMENT_EXECUTE|[4]
15:29:26.0 (2181449)|HEAP_ALLOCATE|[6]|Bytes:183
15:29:26.0 (2206692)|HEAP_ALLOCATE|[6]|Bytes:4
15:29:26.0 (2220279)|HEAP_ALLOCATE|[6]|Bytes:7
15:29:26.0 (2863513)|SOQL_EXECUTE_BEGIN|[6]|Aggregations:1|SELECT Name, OPPORTUNITYiD, Pricebook2Id, (SELECT QuoteId, Description, Discount, PricebookEntryId, Quantity, Product2Id, UnitPrice FROM QuoteLineItems) FROM QUOTE WHERE ID = :tmpVar1
15:29:26.0 (6698973)|SOQL_EXECUTE_END|[6]|Rows:1
15:29:26.0 (6728160)|HEAP_ALLOCATE|[6]|Bytes:8
15:29:26.0 (6748766)|HEAP_ALLOCATE|[6]|Bytes:113
15:29:26.0 (6874689)|HEAP_ALLOCATE|[6]|Bytes:8
15:29:26.0 (6888211)|HEAP_ALLOCATE|[4]|Bytes:31
15:29:26.0 (6937137)|HEAP_ALLOCATE|[4]|Bytes:20
15:29:26.0 (6946224)|VARIABLE_SCOPE_BEGIN|[4]|q1|Quote|true|false
15:29:26.0 (6980107)|VARIABLE_ASSIGNMENT|[4]|q1|{"Name":"QUOTE 2","OpportunityId":"006f400000AO4MJAA1","Pricebook2Id":"01sf4000003Vb8JAAS","Id":"0Q0f40000009kKqCAI"}|0x18f09fe5
15:29:26.0 (6987496)|STATEMENT_EXECUTE|[11]
15:29:26.0 (7075853)|HEAP_ALLOCATE|[11]|Bytes:88
15:29:26.0 (7081965)|HEAP_ALLOCATE|[11]|Bytes:16
15:29:26.0 (7099879)|VARIABLE_SCOPE_BEGIN|[11]|q2|Quote|true|false
15:29:26.0 (7114965)|VARIABLE_ASSIGNMENT|[11]|q2|{"Name":"QUOTE 2","OpportunityId":"006f400000AO4MJAA1","Pricebook2Id":"01sf4000003Vb8JAAS"}|0x4821e58a
15:29:26.0 (7121544)|STATEMENT_EXECUTE|[12]
15:29:26.0 (7191345)|VARIABLE_ASSIGNMENT|[12]|this.Pricebook2Id|"01sf4000003Vb8JAAS"|0x4821e58a
15:29:26.0 (7198253)|STATEMENT_EXECUTE|[14]
15:29:26.0 (7222272)|HEAP_ALLOCATE|[14]|Bytes:8
15:29:26.0 (7230410)|DML_BEGIN|[14]|Op:Insert|Type:Quote|Rows:1
15:29:26.0 (7259587)|HEAP_ALLOCATE|[EXTERNAL]|Bytes:8
15:29:26.0 (48112310)|DML_END|[14]
15:29:26.0 (48130561)|HEAP_ALLOCATE|[14]|Bytes:-4
15:29:26.0 (48155361)|STATEMENT_EXECUTE|[15]
15:29:26.0 (48198489)|VARIABLE_SCOPE_BEGIN|[15]|idQuote|Id|false|false
15:29:26.0 (48278369)|VARIABLE_ASSIGNMENT|[15]|idQuote|"0Q0f40000009kLFCAY"
15:29:26.0 (48286181)|STATEMENT_EXECUTE|[18]
15:29:26.0 (48294538)|HEAP_ALLOCATE|[18]|Bytes:14
15:29:26.0 (48302791)|HEAP_ALLOCATE|[18]|Bytes:13
15:29:26.0 (48354751)|HEAP_ALLOCATE|[EXTERNAL]|Bytes:4
15:29:26.0 (48451576)|HEAP_ALLOCATE|[18]|Bytes:4
15:29:26.0 (48465310)|VARIABLE_SCOPE_BEGIN|[18]|items|List<QuoteLineItem>|true|false
15:29:26.0 (48515706)|VARIABLE_ASSIGNMENT|[18]|items|[]|0xf0507d7
15:29:26.0 (48748751)|HEAP_ALLOCATE|[20]|Bytes:5
15:29:26.0 (48770752)|VARIABLE_ASSIGNMENT|[20]|i|null|
15:29:26.0 (48777800)|STATEMENT_EXECUTE|[20]
15:29:26.0 (48792574)|SYSTEM_MODE_EXIT|false
15:29:26.53 (53319159)|CUMULATIVE_LIMIT_USAGE
15:29:26.53 (53319159)|LIMIT_USAGE_FOR_NS|(default)|
  Number of SOQL queries: 1 out of 100
  Number of query rows: 1 out of 50000
  Number of SOSL queries: 0 out of 20
  Number of DML statements: 1 out of 150
  Number of DML rows: 1 out of 10000
  Maximum CPU time: 0 out of 10000
  Maximum heap size: 0 out of 6000000
  Number of callouts: 0 out of 100
  Number of Email Invocations: 0 out of 10
  Number of future calls: 0 out of 50
  Number of queueable jobs added to the queue: 0 out of 50
  Number of Mobile Apex push calls: 0 out of 10

15:29:26.53 (53319159)|CUMULATIVE_LIMIT_USAGE_END

15:29:26.0 (53356921)|CODE_UNIT_FINISHED|CloneQuote.cloneQuote
15:29:26.0 (53422160)|CODE_UNIT_FINISHED|Aura
15:29:26.0 (54446295)|EXECUTION_FINISHED
