42.0 APEX_CODE,FINEST;APEX_PROFILING,INFO;CALLOUT,INFO;DB,INFO;SYSTEM,DEBUG;VALIDATION,INFO;VISUALFORCE,INFO;WAVE,INFO;WORKFLOW,INFO
14:00:26.0 (262108)|USER_INFO|[EXTERNAL]|005f4000001uuP2|nmolinam@deloitte.com|Hora de Venezuela|GMT-04:00
14:00:26.0 (294397)|EXECUTION_STARTED
14:00:26.0 (298201)|CODE_UNIT_STARTED|[EXTERNAL]|Aura
14:00:26.0 (1666662)|CODE_UNIT_STARTED|[EXTERNAL]|01pf4000008WnsX|ViewQuotePDF.getPDF
14:00:26.0 (1908647)|HEAP_ALLOCATE|[72]|Bytes:3
14:00:26.0 (1949429)|HEAP_ALLOCATE|[77]|Bytes:152
14:00:26.0 (1965274)|HEAP_ALLOCATE|[342]|Bytes:408
14:00:26.0 (1978481)|HEAP_ALLOCATE|[355]|Bytes:408
14:00:26.0 (1989431)|HEAP_ALLOCATE|[467]|Bytes:48
14:00:26.0 (2017224)|HEAP_ALLOCATE|[139]|Bytes:6
14:00:26.0 (2032618)|HEAP_ALLOCATE|[EXTERNAL]|Bytes:4
14:00:26.0 (2037187)|HEAP_ALLOCATE|[EXTERNAL]|Bytes:5
14:00:26.0 (2046544)|METHOD_ENTRY|[1]|01pf4000008WnsX|ViewQuotePDF.ViewQuotePDF()
14:00:26.0 (2053403)|STATEMENT_EXECUTE|[1]
14:00:26.0 (2058370)|STATEMENT_EXECUTE|[1]
14:00:26.0 (2087601)|HEAP_ALLOCATE|[50]|Bytes:5
14:00:26.0 (2107708)|HEAP_ALLOCATE|[56]|Bytes:5
14:00:26.0 (2115229)|HEAP_ALLOCATE|[64]|Bytes:7
14:00:26.0 (2136363)|SYSTEM_MODE_ENTER|false
14:00:26.0 (2148967)|HEAP_ALLOCATE|[EXTERNAL]|Bytes:5
14:00:26.0 (2156290)|SYSTEM_MODE_EXIT|false
14:00:26.0 (2164488)|METHOD_EXIT|[1]|ViewQuotePDF
14:00:26.0 (2174077)|SYSTEM_MODE_ENTER|false
14:00:26.0 (2185506)|HEAP_ALLOCATE|[4]|Bytes:5
14:00:26.0 (2190112)|STATEMENT_EXECUTE|[3]
14:00:26.0 (2191943)|STATEMENT_EXECUTE|[4]
14:00:26.0 (2299723)|HEAP_ALLOCATE|[4]|Bytes:4
14:00:26.0 (2387063)|VARIABLE_SCOPE_BEGIN|[4]|quotes|List<Quote>|true|false
14:00:26.0 (2400238)|HEAP_ALLOCATE|[EXTERNAL]|Bytes:4
14:00:26.0 (2424724)|VARIABLE_ASSIGNMENT|[4]|quotes|[]|0x6a81bd08
14:00:26.0 (2431478)|STATEMENT_EXECUTE|[5]
14:00:26.0 (2435681)|VARIABLE_SCOPE_BEGIN|[5]|pfdBase64|String|false|false
14:00:26.0 (2447975)|VARIABLE_ASSIGNMENT|[5]|pfdBase64|null
14:00:26.0 (2454567)|HEAP_ALLOCATE|[7]|Bytes:22
14:00:26.0 (2472121)|HEAP_ALLOCATE|[7]|Bytes:4
14:00:26.0 (2746118)|SOQL_EXECUTE_BEGIN|[7]|Aggregations:0|SELECT Name FROM Quote
14:00:26.0 (4377000)|SOQL_EXECUTE_END|[7]|Rows:1
14:00:26.0 (4396317)|HEAP_ALLOCATE|[EXTERNAL]|Bytes:8
14:00:26.0 (4538147)|HEAP_ALLOCATE|[7]|Bytes:54
14:00:26.0 (4546218)|HEAP_ALLOCATE|[7]|Bytes:8
14:00:26.0 (4554045)|SYSTEM_METHOD_ENTRY|[7]|QueryLocatorIterator.QueryLocatorIterator()
14:00:26.0 (4558275)|STATEMENT_EXECUTE|[7]
14:00:26.0 (4565416)|SYSTEM_METHOD_EXIT|[7]|QueryLocatorIterator
14:00:26.0 (4572102)|HEAP_ALLOCATE|[7]|Bytes:28
14:00:26.0 (4607958)|HEAP_ALLOCATE|[7]|Bytes:8
14:00:26.0 (4621980)|HEAP_ALLOCATE|[7]|Bytes:8
14:00:26.0 (4625192)|HEAP_ALLOCATE|[7]|Bytes:8
14:00:26.0 (4630312)|VARIABLE_SCOPE_BEGIN|[15]|this|Database.QueryLocatorIterator|true|false
14:00:26.0 (4665556)|VARIABLE_ASSIGNMENT|[15]|this|{}|0x5aa36e37
14:00:26.0 (4671843)|VARIABLE_SCOPE_BEGIN|[15]|values|List<SObject>|true|false
14:00:26.0 (4692064)|VARIABLE_ASSIGNMENT|[15]|values|[{"Name":"first quote","Id":"0Q0f40000009VVICA2"}]|0x1d34b51c
14:00:26.0 (4697331)|VARIABLE_SCOPE_BEGIN|[15]|ql|Database.QueryLocator|true|false
14:00:26.0 (4713253)|VARIABLE_ASSIGNMENT|[15]|ql|{"query":"SELECT Name FROM Quo (2 more) ..."}|0x1a175aeb
14:00:26.0 (4718754)|VARIABLE_SCOPE_BEGIN|[15]|totalNumRecords|Integer|false|false
14:00:26.0 (4752360)|VARIABLE_ASSIGNMENT|[15]|totalNumRecords|1
14:00:26.0 (4760298)|VARIABLE_SCOPE_BEGIN|[15]|queryMoreSize|Integer|false|false
14:00:26.0 (4771502)|VARIABLE_ASSIGNMENT|[15]|queryMoreSize|49999
14:00:26.0 (4872607)|HEAP_ALLOCATE|[7]|Bytes:28
14:00:26.0 (4896443)|METHOD_ENTRY|[7]||Database.QueryLocatorIterator.hasNext()
14:00:26.0 (4940615)|METHOD_EXIT|[7]||Database.QueryLocatorIterator.hasNext()
14:00:26.0 (4948429)|METHOD_ENTRY|[7]||Database.QueryLocatorIterator.next()
14:00:26.0 (5017323)|METHOD_EXIT|[7]||Database.QueryLocatorIterator.next()
14:00:26.0 (5026262)|VARIABLE_SCOPE_BEGIN|[7]|q|Quote|true|false
14:00:26.0 (5041821)|VARIABLE_ASSIGNMENT|[7]|q|{"Name":"first quote","Id":"0Q0f40000009VVICA2"}|0x9066ff7
14:00:26.0 (5048334)|STATEMENT_EXECUTE|[7]
14:00:26.0 (5050462)|STATEMENT_EXECUTE|[8]
14:00:26.0 (5080111)|HEAP_ALLOCATE|[EXTERNAL]|Bytes:4
14:00:26.0 (5090632)|METHOD_ENTRY|[7]||Database.QueryLocatorIterator.hasNext()
14:00:26.0 (5101970)|METHOD_EXIT|[7]||Database.QueryLocatorIterator.hasNext()
14:00:26.0 (5109099)|VARIABLE_ASSIGNMENT|[7]|q|null|
14:00:26.0 (5140044)|STATEMENT_EXECUTE|[13]
14:00:26.0 (5255422)|HEAP_ALLOCATE|[14]|Bytes:5
14:00:26.0 (5270728)|HEAP_ALLOCATE|[14]|Bytes:12
14:00:26.0 (5278671)|VARIABLE_SCOPE_BEGIN|[14]|q|Quote|true|false
14:00:26.0 (5293582)|VARIABLE_ASSIGNMENT|[14]|q|{"Name":"first quote","Id":"0Q0f40000009VVICA2"}|0x9066ff7
14:00:26.0 (5299759)|STATEMENT_EXECUTE|[14]
14:00:26.0 (5301502)|STATEMENT_EXECUTE|[15]
14:00:26.0 (5304929)|HEAP_ALLOCATE|[15]|Bytes:20
14:00:26.0 (5344926)|HEAP_ALLOCATE|[15]|Bytes:31
14:00:26.0 (5374963)|USER_DEBUG|[15]|DEBUG|nombre de la quote: first quote
14:00:26.0 (5389976)|HEAP_ALLOCATE|[14]|Bytes:5
14:00:26.0 (5400356)|VARIABLE_ASSIGNMENT|[14]|q|null|
14:00:26.0 (5405076)|STATEMENT_EXECUTE|[18]
14:00:26.0 (5407964)|HEAP_ALLOCATE|[18]|Bytes:53
14:00:26.0 (5419814)|HEAP_ALLOCATE|[18]|Bytes:4
14:00:26.0 (5426513)|HEAP_ALLOCATE|[18]|Bytes:7
14:00:26.0 (5449740)|HEAP_ALLOCATE|[18]|Bytes:12
14:00:26.0 (5971123)|SOQL_EXECUTE_BEGIN|[18]|Aggregations:0|SELECT Body FROM Attachment WHERE ParentId = :tmpVar1
14:00:26.0 (8797437)|SOQL_EXECUTE_END|[18]|Rows:0
14:00:26.0 (8818790)|HEAP_ALLOCATE|[18]|Bytes:4
14:00:26.0 (8828042)|HEAP_ALLOCATE|[18]|Bytes:0
14:00:26.0 (8883408)|HEAP_ALLOCATE|[18]|Bytes:4
14:00:26.0 (8894873)|VARIABLE_SCOPE_BEGIN|[18]|attachements|List<Attachment>|true|false
14:00:26.0 (8909842)|VARIABLE_ASSIGNMENT|[18]|attachements|[]|0x7b30c7f3
14:00:26.0 (8915979)|STATEMENT_EXECUTE|[24]
14:00:26.0 (8920264)|HEAP_ALLOCATE|[24]|Bytes:49
14:00:26.0 (9490795)|HEAP_ALLOCATE|[24]|Bytes:4
14:00:26.0 (9520021)|SYSTEM_MODE_EXIT|false
14:00:26.9 (9544432)|CUMULATIVE_LIMIT_USAGE
14:00:26.9 (9544432)|LIMIT_USAGE_FOR_NS|(default)|
  Number of SOQL queries: 2 out of 100
  Number of query rows: 1 out of 50000
  Number of SOSL queries: 0 out of 20
  Number of DML statements: 0 out of 150
  Number of DML rows: 0 out of 10000
  Maximum CPU time: 0 out of 10000
  Maximum heap size: 0 out of 6000000
  Number of callouts: 0 out of 100
  Number of Email Invocations: 0 out of 10
  Number of future calls: 0 out of 50
  Number of queueable jobs added to the queue: 0 out of 50
  Number of Mobile Apex push calls: 0 out of 10

14:00:26.9 (9544432)|CUMULATIVE_LIMIT_USAGE_END

14:00:26.0 (9573332)|CODE_UNIT_FINISHED|ViewQuotePDF.getPDF
14:00:26.0 (9751639)|CODE_UNIT_FINISHED|Aura
14:00:26.0 (10830691)|EXECUTION_FINISHED
