42.0 APEX_CODE,FINEST;APEX_PROFILING,INFO;CALLOUT,INFO;DB,INFO;SYSTEM,DEBUG;VALIDATION,INFO;VISUALFORCE,INFO;WAVE,INFO;WORKFLOW,INFO
09:28:55.0 (62517)|USER_INFO|[EXTERNAL]|005f4000001uuP2|nmolinam@deloitte.com|Hora de Venezuela|GMT-04:00
09:28:55.0 (100004)|EXECUTION_STARTED
09:28:55.0 (104628)|CODE_UNIT_STARTED|[EXTERNAL]|Aura
09:28:55.0 (745948)|HEAP_ALLOCATE|[72]|Bytes:3
09:28:55.0 (777522)|HEAP_ALLOCATE|[77]|Bytes:152
09:28:55.0 (794792)|HEAP_ALLOCATE|[342]|Bytes:408
09:28:55.0 (807897)|HEAP_ALLOCATE|[355]|Bytes:408
09:28:55.0 (819317)|HEAP_ALLOCATE|[467]|Bytes:48
09:28:55.0 (844199)|HEAP_ALLOCATE|[139]|Bytes:6
09:28:55.0 (857716)|HEAP_ALLOCATE|[EXTERNAL]|Bytes:18
09:28:55.0 (922229)|HEAP_ALLOCATE|[EXTERNAL]|Bytes:4
09:28:55.0 (1757966)|CODE_UNIT_STARTED|[EXTERNAL]|01pf4000009Vx35|CloneQuote.getQuote
09:28:55.0 (1850329)|HEAP_ALLOCATE|[EXTERNAL]|Bytes:4
09:28:55.0 (1857519)|HEAP_ALLOCATE|[EXTERNAL]|Bytes:2
09:28:55.0 (1867584)|METHOD_ENTRY|[1]|01pf4000009Vx35|CloneQuote.CloneQuote()
09:28:55.0 (1873537)|STATEMENT_EXECUTE|[1]
09:28:55.0 (1878852)|STATEMENT_EXECUTE|[1]
09:28:55.0 (1904758)|HEAP_ALLOCATE|[50]|Bytes:5
09:28:55.0 (1923278)|HEAP_ALLOCATE|[56]|Bytes:5
09:28:55.0 (1930736)|HEAP_ALLOCATE|[64]|Bytes:7
09:28:55.0 (1951380)|SYSTEM_MODE_ENTER|false
09:28:55.0 (1963044)|HEAP_ALLOCATE|[EXTERNAL]|Bytes:5
09:28:55.0 (1969191)|SYSTEM_MODE_EXIT|false
09:28:55.0 (1976719)|METHOD_EXIT|[1]|CloneQuote
09:28:55.0 (1981702)|HEAP_ALLOCATE|[EXTERNAL]|Bytes:4
09:28:55.0 (1990496)|SYSTEM_MODE_ENTER|false
09:28:55.0 (1997650)|VARIABLE_SCOPE_BEGIN|[34]|recordId|Id|false|false
09:28:55.0 (2308781)|VARIABLE_ASSIGNMENT|[34]|recordId|"0Q0f40000009VVICA2"
09:28:55.0 (2331109)|HEAP_ALLOCATE|[35]|Bytes:5
09:28:55.0 (2336733)|STATEMENT_EXECUTE|[34]
09:28:55.0 (2338687)|STATEMENT_EXECUTE|[35]
09:28:55.0 (2341535)|HEAP_ALLOCATE|[35]|Bytes:82
09:28:55.0 (2355942)|HEAP_ALLOCATE|[35]|Bytes:4
09:28:55.0 (2366447)|HEAP_ALLOCATE|[35]|Bytes:7
09:28:55.0 (2686826)|SOQL_EXECUTE_BEGIN|[35]|Aggregations:0|SELECT Name, AccountId, OpportunityId, Pricebook2Id FROM Quote WHERE Id = :tmpVar1
09:28:55.0 (5018793)|SOQL_EXECUTE_END|[35]|Rows:1
09:28:55.0 (5039989)|HEAP_ALLOCATE|[35]|Bytes:8
09:28:55.0 (5054774)|HEAP_ALLOCATE|[35]|Bytes:148
09:28:55.0 (5122899)|HEAP_ALLOCATE|[35]|Bytes:8
09:28:55.0 (5134477)|HEAP_ALLOCATE|[35]|Bytes:31
09:28:55.0 (5170476)|HEAP_ALLOCATE|[35]|Bytes:24
09:28:55.0 (5178279)|VARIABLE_SCOPE_BEGIN|[35]|q|Quote|true|false
09:28:55.0 (5205125)|VARIABLE_ASSIGNMENT|[35]|q|{"Name":"first quote","AccountId":"001f400000IPlikAAD","OpportunityId":"006f400000AO4MJAA1","Pricebook2Id":"01sf4000003Vb8JAAS","Id":"0Q0f40000009VVICA2"}|0x7415ed94
09:28:55.0 (5212999)|STATEMENT_EXECUTE|[36]
09:28:55.0 (5280015)|USER_DEBUG|[36]|DEBUG|Quote:{Name=first quote, AccountId=001f400000IPlikAAD, OpportunityId=006f400000AO4MJAA1, Pricebook2Id=01sf4000003Vb8JAAS, Id=0Q0f40000009VVICA2}
09:28:55.0 (5292480)|STATEMENT_EXECUTE|[37]
09:28:55.0 (5299216)|SYSTEM_MODE_EXIT|false
09:28:55.5 (5326526)|CUMULATIVE_LIMIT_USAGE
09:28:55.5 (5326526)|LIMIT_USAGE_FOR_NS|(default)|
  Number of SOQL queries: 1 out of 100
  Number of query rows: 1 out of 50000
  Number of SOSL queries: 0 out of 20
  Number of DML statements: 0 out of 150
  Number of DML rows: 0 out of 10000
  Maximum CPU time: 0 out of 10000
  Maximum heap size: 0 out of 6000000
  Number of callouts: 0 out of 100
  Number of Email Invocations: 0 out of 10
  Number of future calls: 0 out of 50
  Number of queueable jobs added to the queue: 0 out of 50
  Number of Mobile Apex push calls: 0 out of 10

09:28:55.5 (5326526)|CUMULATIVE_LIMIT_USAGE_END

09:28:55.0 (5359252)|CODE_UNIT_FINISHED|CloneQuote.getQuote
09:28:55.0 (5420406)|CODE_UNIT_FINISHED|Aura
09:28:55.0 (6507178)|EXECUTION_FINISHED
