42.0 APEX_CODE,FINEST;APEX_PROFILING,INFO;CALLOUT,INFO;DB,INFO;SYSTEM,DEBUG;VALIDATION,INFO;VISUALFORCE,INFO;WAVE,INFO;WORKFLOW,INFO
14:13:01.0 (82634)|USER_INFO|[EXTERNAL]|005f4000001uuP2|nmolinam@deloitte.com|Hora de Venezuela|GMT-04:00
14:13:01.0 (146954)|EXECUTION_STARTED
14:13:01.0 (152302)|CODE_UNIT_STARTED|[EXTERNAL]|Aura
14:13:01.0 (2129762)|CODE_UNIT_STARTED|[EXTERNAL]|01pf4000009Vx35|CloneQuote.cloneQuote
14:13:01.0 (2335402)|HEAP_ALLOCATE|[72]|Bytes:3
14:13:01.0 (2376104)|HEAP_ALLOCATE|[77]|Bytes:152
14:13:01.0 (2398533)|HEAP_ALLOCATE|[342]|Bytes:408
14:13:01.0 (2413230)|HEAP_ALLOCATE|[355]|Bytes:408
14:13:01.0 (2423988)|HEAP_ALLOCATE|[467]|Bytes:48
14:13:01.0 (2452879)|HEAP_ALLOCATE|[139]|Bytes:6
14:13:01.0 (2521213)|HEAP_ALLOCATE|[EXTERNAL]|Bytes:1
14:13:01.0 (2532142)|METHOD_ENTRY|[1]|01pf4000009Vx35|CloneQuote.CloneQuote()
14:13:01.0 (2538946)|STATEMENT_EXECUTE|[1]
14:13:01.0 (2543966)|STATEMENT_EXECUTE|[1]
14:13:01.0 (2573977)|HEAP_ALLOCATE|[50]|Bytes:5
14:13:01.0 (2600202)|HEAP_ALLOCATE|[56]|Bytes:5
14:13:01.0 (2609238)|HEAP_ALLOCATE|[64]|Bytes:7
14:13:01.0 (2631869)|SYSTEM_MODE_ENTER|false
14:13:01.0 (2650631)|HEAP_ALLOCATE|[EXTERNAL]|Bytes:5
14:13:01.0 (2660680)|SYSTEM_MODE_EXIT|false
14:13:01.0 (2675589)|METHOD_EXIT|[1]|CloneQuote
14:13:01.0 (2688767)|SYSTEM_MODE_ENTER|false
14:13:01.0 (2696168)|VARIABLE_SCOPE_BEGIN|[3]|quoteId|Id|false|false
14:13:01.0 (2715435)|VARIABLE_ASSIGNMENT|[3]|quoteId|null
14:13:01.0 (2730973)|HEAP_ALLOCATE|[6]|Bytes:5
14:13:01.0 (2736044)|STATEMENT_EXECUTE|[3]
14:13:01.0 (2737997)|STATEMENT_EXECUTE|[4]
14:13:01.0 (2742539)|HEAP_ALLOCATE|[6]|Bytes:183
14:13:01.0 (2766881)|HEAP_ALLOCATE|[6]|Bytes:4
14:13:01.0 (2779719)|HEAP_ALLOCATE|[6]|Bytes:7
14:13:01.0 (3431740)|SOQL_EXECUTE_BEGIN|[6]|Aggregations:1|SELECT Name, OPPORTUNITYiD, Pricebook2Id, (SELECT QuoteId, Description, Discount, PricebookEntryId, Quantity, Product2Id, UnitPrice FROM QuoteLineItems) FROM QUOTE WHERE ID = :tmpVar1
14:13:01.0 (5036154)|SOQL_EXECUTE_END|[6]|Rows:0
14:13:01.0 (5060929)|HEAP_ALLOCATE|[6]|Bytes:4
14:13:01.0 (5073023)|HEAP_ALLOCATE|[6]|Bytes:0
14:13:01.0 (5167104)|HEAP_ALLOCATE|[6]|Bytes:4
14:13:01.0 (5183036)|HEAP_ALLOCATE|[4]|Bytes:31
14:13:01.0 (5272308)|HEAP_ALLOCATE|[4]|Bytes:46
14:13:01.0 (5379631)|FATAL_ERROR|System.QueryException: List has no rows for assignment to SObject

Class.CloneQuote.cloneQuote: line 4, column 1
14:13:01.0 (5392066)|FATAL_ERROR|System.QueryException: List has no rows for assignment to SObject

Class.CloneQuote.cloneQuote: line 4, column 1
14:13:01.5 (5397984)|CUMULATIVE_LIMIT_USAGE
14:13:01.5 (5397984)|LIMIT_USAGE_FOR_NS|(default)|
  Number of SOQL queries: 1 out of 100
  Number of query rows: 0 out of 50000
  Number of SOSL queries: 0 out of 20
  Number of DML statements: 0 out of 150
  Number of DML rows: 0 out of 10000
  Maximum CPU time: 0 out of 10000
  Maximum heap size: 0 out of 6000000
  Number of callouts: 0 out of 100
  Number of Email Invocations: 0 out of 10
  Number of future calls: 0 out of 50
  Number of queueable jobs added to the queue: 0 out of 50
  Number of Mobile Apex push calls: 0 out of 10

14:13:01.5 (5397984)|CUMULATIVE_LIMIT_USAGE_END

14:13:01.0 (5433954)|CODE_UNIT_FINISHED|CloneQuote.cloneQuote
14:13:01.0 (8804135)|CODE_UNIT_FINISHED|Aura
14:13:01.0 (9679447)|EXECUTION_FINISHED
