42.0 APEX_CODE,FINEST;APEX_PROFILING,INFO;CALLOUT,INFO;DB,INFO;SYSTEM,DEBUG;VALIDATION,INFO;VISUALFORCE,INFO;WAVE,INFO;WORKFLOW,INFO
Execute Anonymous: CloneQuote.cloneQuote('0Q0f40000009bwtCAA');
13:23:32.1 (1183522)|USER_INFO|[EXTERNAL]|005f4000001uuP2|nmolinam@deloitte.com|Hora de Venezuela|GMT-04:00
13:23:32.1 (1215516)|EXECUTION_STARTED
13:23:32.1 (1221437)|CODE_UNIT_STARTED|[EXTERNAL]|execute_anonymous_apex
13:23:32.1 (1466686)|HEAP_ALLOCATE|[72]|Bytes:3
13:23:32.1 (1534949)|HEAP_ALLOCATE|[77]|Bytes:152
13:23:32.1 (1559100)|HEAP_ALLOCATE|[342]|Bytes:408
13:23:32.1 (1582720)|HEAP_ALLOCATE|[355]|Bytes:408
13:23:32.1 (1604057)|HEAP_ALLOCATE|[467]|Bytes:48
13:23:32.1 (1639974)|HEAP_ALLOCATE|[139]|Bytes:6
13:23:32.1 (1673268)|HEAP_ALLOCATE|[EXTERNAL]|Bytes:1
13:23:32.1 (1802717)|STATEMENT_EXECUTE|[1]
13:23:32.1 (1806360)|STATEMENT_EXECUTE|[1]
13:23:32.1 (1810962)|HEAP_ALLOCATE|[1]|Bytes:18
13:23:32.1 (1829408)|HEAP_ALLOCATE|[1]|Bytes:4
13:23:32.1 (1888802)|HEAP_ALLOCATE|[50]|Bytes:5
13:23:32.1 (1914144)|HEAP_ALLOCATE|[56]|Bytes:5
13:23:32.1 (1927416)|HEAP_ALLOCATE|[64]|Bytes:7
13:23:32.1 (1958492)|SYSTEM_MODE_ENTER|false
13:23:32.1 (1975530)|HEAP_ALLOCATE|[1]|Bytes:5
13:23:32.1 (8778600)|HEAP_ALLOCATE|[1]|Bytes:1
13:23:32.1 (8792740)|HEAP_ALLOCATE|[1]|Bytes:2
13:23:32.1 (8835634)|METHOD_ENTRY|[1]|01pf4000009Vx35|CloneQuote.CloneQuote()
13:23:32.1 (8845497)|STATEMENT_EXECUTE|[1]
13:23:32.1 (8851524)|STATEMENT_EXECUTE|[1]
13:23:32.1 (8868284)|HEAP_ALLOCATE|[1]|Bytes:5
13:23:32.1 (8897510)|METHOD_EXIT|[1]|CloneQuote
13:23:32.1 (8933164)|METHOD_ENTRY|[1]|01pf4000009Vx35|CloneQuote.cloneQuote(Id)
13:23:32.1 (8976706)|VARIABLE_SCOPE_BEGIN|[3]|quoteId|Id|false|false
13:23:32.1 (9140686)|VARIABLE_ASSIGNMENT|[3]|quoteId|"0Q0f40000009bwtCAA"
13:23:32.1 (9167930)|HEAP_ALLOCATE|[6]|Bytes:5
13:23:32.1 (9175664)|STATEMENT_EXECUTE|[3]
13:23:32.1 (9178172)|STATEMENT_EXECUTE|[4]
13:23:32.1 (9182028)|HEAP_ALLOCATE|[6]|Bytes:95
13:23:32.1 (9204048)|HEAP_ALLOCATE|[6]|Bytes:4
13:23:32.1 (9235590)|HEAP_ALLOCATE|[6]|Bytes:7
13:23:32.1 (9598399)|SOQL_EXECUTE_BEGIN|[6]|Aggregations:1|SELECT Name, OPPORTUNITYiD, (SELECT QuoteId FROM QuoteLineItems) FROM QUOTE WHERE ID = :tmpVar1
13:23:32.1 (13503152)|SOQL_EXECUTE_END|[6]|Rows:1
13:23:32.1 (13536470)|HEAP_ALLOCATE|[6]|Bytes:8
13:23:32.1 (13560089)|HEAP_ALLOCATE|[6]|Bytes:213
13:23:32.1 (13654664)|HEAP_ALLOCATE|[6]|Bytes:8
13:23:32.1 (13669405)|HEAP_ALLOCATE|[4]|Bytes:31
13:23:32.1 (13710262)|HEAP_ALLOCATE|[4]|Bytes:20
13:23:32.1 (13721339)|VARIABLE_SCOPE_BEGIN|[4]|q1|Quote|true|false
13:23:32.1 (13760637)|VARIABLE_ASSIGNMENT|[4]|q1|{"Name":"QUOTE 2","OpportunityId":"006f400000AO4MJAA1","Id":"0Q0f40000009bwtCAA","QuoteLineItems":[{"QuoteId":"0Q0f40000009bwtCAA","Id":"0QLf4000000sNKqGAM"},{"QuoteId":"0Q0f40000009bwtCAA","Id":"0QLf4000000sNKrGAM"}]}|0x5fc111c5
13:23:32.1 (13772960)|STATEMENT_EXECUTE|[10]
13:23:32.1 (13878943)|HEAP_ALLOCATE|[10]|Bytes:188
13:23:32.1 (13886713)|HEAP_ALLOCATE|[10]|Bytes:16
13:23:32.1 (13911038)|VARIABLE_SCOPE_BEGIN|[10]|q2|Quote|true|false
13:23:32.1 (13936739)|VARIABLE_ASSIGNMENT|[10]|q2|{"Name":"QUOTE 2","OpportunityId":"006f400000AO4MJAA1","QuoteLineItems":[{"QuoteId":"0Q0f40000009bwtCAA","Id":"0QLf4000000sNKqGAM"},{"QuoteId":"0Q0f40000009bwtCAA","Id":"0QLf4000000sNKrGAM"}]}|0x2ccf6c4a
13:23:32.1 (13946591)|STATEMENT_EXECUTE|[12]
13:23:32.1 (13975278)|HEAP_ALLOCATE|[12]|Bytes:8
13:23:32.1 (13990434)|DML_BEGIN|[12]|Op:Insert|Type:Quote|Rows:1
13:23:32.1 (14028786)|HEAP_ALLOCATE|[EXTERNAL]|Bytes:8
13:23:32.1 (55991683)|DML_END|[12]
13:23:32.1 (56004626)|HEAP_ALLOCATE|[12]|Bytes:-4
13:23:32.1 (56024541)|STATEMENT_EXECUTE|[13]
13:23:32.1 (56056833)|VARIABLE_SCOPE_BEGIN|[13]|idQuote|Id|false|false
13:23:32.1 (56140761)|VARIABLE_ASSIGNMENT|[13]|idQuote|"0Q0f40000009e9hCAA"
13:23:32.1 (56147942)|STATEMENT_EXECUTE|[15]
13:23:32.1 (56153785)|HEAP_ALLOCATE|[15]|Bytes:14
13:23:32.1 (56160922)|HEAP_ALLOCATE|[15]|Bytes:13
13:23:32.1 (56206341)|HEAP_ALLOCATE|[EXTERNAL]|Bytes:12
13:23:32.1 (56263241)|HEAP_ALLOCATE|[15]|Bytes:12
13:23:32.1 (56294649)|VARIABLE_SCOPE_BEGIN|[15]|items|List<QuoteLineItem>|true|false
13:23:32.1 (56323084)|VARIABLE_ASSIGNMENT|[15]|items|[{"QuoteId":"0Q0f40000009bwtCAA","Id":"0QLf4000000sNKqGAM"},{"QuoteId":"0Q0f40000009bwtCAA","Id":"0QLf4000000sNKrGAM"}]|0x2dbcaa9e
13:23:32.1 (56466694)|HEAP_ALLOCATE|[17]|Bytes:5
13:23:32.1 (56484431)|HEAP_ALLOCATE|[17]|Bytes:12
13:23:32.1 (56492668)|VARIABLE_SCOPE_BEGIN|[17]|i|QuoteLineItem|true|false
13:23:32.1 (56507153)|VARIABLE_ASSIGNMENT|[17]|i|{"QuoteId":"0Q0f40000009bwtCAA","Id":"0QLf4000000sNKqGAM"}|0x2dd7e644
13:23:32.1 (56513693)|STATEMENT_EXECUTE|[17]
13:23:32.1 (56515544)|STATEMENT_EXECUTE|[18]
13:23:32.1 (56536515)|HEAP_ALLOCATE|[18]|Bytes:4
13:23:32.1 (56620691)|VARIABLE_SCOPE_BEGIN|[18]|ql|QuoteLineItem|true|false
13:23:32.1 (56637386)|VARIABLE_ASSIGNMENT|[18]|ql|{}|0x71be0ddb
13:23:32.1 (56642632)|STATEMENT_EXECUTE|[19]
13:23:32.1 (56710291)|VARIABLE_ASSIGNMENT|[19]|this.QuoteId|"0Q0f40000009e9hCAA"|0x71be0ddb
13:23:32.1 (56717433)|STATEMENT_EXECUTE|[21]
13:23:32.1 (56760227)|EXCEPTION_THROWN|[21]|System.SObjectException: SObject row was retrieved via SOQL without querying the requested field: QuoteLineItem.PricebookEntryId
13:23:32.1 (56805827)|HEAP_ALLOCATE|[21]|Bytes:107
13:23:32.1 (56825102)|METHOD_EXIT|[1]|01pf4000009Vx35|CloneQuote.cloneQuote(Id)
13:23:32.1 (56839242)|SYSTEM_MODE_EXIT|false
13:23:32.1 (56932227)|FATAL_ERROR|System.SObjectException: SObject row was retrieved via SOQL without querying the requested field: QuoteLineItem.PricebookEntryId

Class.CloneQuote.cloneQuote: line 21, column 1
AnonymousBlock: line 1, column 1
AnonymousBlock: line 1, column 1
13:23:32.56 (56971043)|CUMULATIVE_LIMIT_USAGE
13:23:32.56 (56971043)|LIMIT_USAGE_FOR_NS|(default)|
  Number of SOQL queries: 1 out of 100
  Number of query rows: 3 out of 50000
  Number of SOSL queries: 0 out of 20
  Number of DML statements: 1 out of 150
  Number of DML rows: 1 out of 10000
  Maximum CPU time: 0 out of 10000
  Maximum heap size: 0 out of 6000000
  Number of callouts: 0 out of 100
  Number of Email Invocations: 0 out of 10
  Number of future calls: 0 out of 50
  Number of queueable jobs added to the queue: 0 out of 50
  Number of Mobile Apex push calls: 0 out of 10

13:23:32.56 (56971043)|CUMULATIVE_LIMIT_USAGE_END

13:23:32.1 (57004120)|CODE_UNIT_FINISHED|execute_anonymous_apex
13:23:32.1 (58117244)|EXECUTION_FINISHED
