42.0 APEX_CODE,FINEST;APEX_PROFILING,INFO;CALLOUT,INFO;DB,INFO;SYSTEM,DEBUG;VALIDATION,INFO;VISUALFORCE,INFO;WAVE,INFO;WORKFLOW,INFO
09:34:20.0 (378834)|USER_INFO|[EXTERNAL]|005f4000001uuP2|nmolinam@deloitte.com|Hora de Venezuela|GMT-04:00
09:34:20.0 (432084)|EXECUTION_STARTED
09:34:20.0 (438350)|CODE_UNIT_STARTED|[EXTERNAL]|Aura
09:34:20.0 (1615068)|HEAP_ALLOCATE|[72]|Bytes:3
09:34:20.0 (1707752)|HEAP_ALLOCATE|[77]|Bytes:152
09:34:20.0 (1732000)|HEAP_ALLOCATE|[342]|Bytes:408
09:34:20.0 (1754051)|HEAP_ALLOCATE|[355]|Bytes:408
09:34:20.0 (1773173)|HEAP_ALLOCATE|[467]|Bytes:48
09:34:20.0 (1814058)|HEAP_ALLOCATE|[139]|Bytes:6
09:34:20.0 (1835120)|HEAP_ALLOCATE|[EXTERNAL]|Bytes:18
09:34:20.0 (1911944)|HEAP_ALLOCATE|[EXTERNAL]|Bytes:4
09:34:20.0 (2939948)|CODE_UNIT_STARTED|[EXTERNAL]|01pf4000009Vx35|CloneQuote.getQuote
09:34:20.0 (3067009)|HEAP_ALLOCATE|[EXTERNAL]|Bytes:4
09:34:20.0 (3075413)|HEAP_ALLOCATE|[EXTERNAL]|Bytes:2
09:34:20.0 (3111173)|METHOD_ENTRY|[1]|01pf4000009Vx35|CloneQuote.CloneQuote()
09:34:20.0 (3118647)|STATEMENT_EXECUTE|[1]
09:34:20.0 (3124639)|STATEMENT_EXECUTE|[1]
09:34:20.0 (3160166)|HEAP_ALLOCATE|[50]|Bytes:5
09:34:20.0 (3187604)|HEAP_ALLOCATE|[56]|Bytes:5
09:34:20.0 (3195343)|HEAP_ALLOCATE|[64]|Bytes:7
09:34:20.0 (3222423)|SYSTEM_MODE_ENTER|false
09:34:20.0 (3342500)|HEAP_ALLOCATE|[EXTERNAL]|Bytes:5
09:34:20.0 (3355461)|SYSTEM_MODE_EXIT|false
09:34:20.0 (3384068)|METHOD_EXIT|[1]|CloneQuote
09:34:20.0 (3394791)|HEAP_ALLOCATE|[EXTERNAL]|Bytes:4
09:34:20.0 (3415381)|SYSTEM_MODE_ENTER|false
09:34:20.0 (3426797)|VARIABLE_SCOPE_BEGIN|[34]|recordId|Id|false|false
09:34:20.0 (3837687)|VARIABLE_ASSIGNMENT|[34]|recordId|"0Q0f40000009VVICA2"
09:34:20.0 (3869384)|HEAP_ALLOCATE|[35]|Bytes:5
09:34:20.0 (3877486)|STATEMENT_EXECUTE|[34]
09:34:20.0 (3879951)|STATEMENT_EXECUTE|[35]
09:34:20.0 (3884009)|HEAP_ALLOCATE|[35]|Bytes:82
09:34:20.0 (3914491)|HEAP_ALLOCATE|[35]|Bytes:4
09:34:20.0 (3932818)|HEAP_ALLOCATE|[35]|Bytes:7
09:34:20.0 (4416427)|SOQL_EXECUTE_BEGIN|[35]|Aggregations:0|SELECT Name, AccountId, OpportunityId, Pricebook2Id FROM Quote WHERE Id = :tmpVar1
09:34:20.0 (6903179)|SOQL_EXECUTE_END|[35]|Rows:1
09:34:20.0 (6931355)|HEAP_ALLOCATE|[35]|Bytes:8
09:34:20.0 (6947023)|HEAP_ALLOCATE|[35]|Bytes:148
09:34:20.0 (7049327)|HEAP_ALLOCATE|[35]|Bytes:8
09:34:20.0 (7065443)|HEAP_ALLOCATE|[35]|Bytes:31
09:34:20.0 (7104067)|HEAP_ALLOCATE|[35]|Bytes:24
09:34:20.0 (7113576)|VARIABLE_SCOPE_BEGIN|[35]|q|Quote|true|false
09:34:20.0 (7141731)|VARIABLE_ASSIGNMENT|[35]|q|{"Name":"first quote","AccountId":"001f400000IPlikAAD","OpportunityId":"006f400000AO4MJAA1","Pricebook2Id":"01sf4000003Vb8JAAS","Id":"0Q0f40000009VVICA2"}|0x546a78f0
09:34:20.0 (7150311)|STATEMENT_EXECUTE|[36]
09:34:20.0 (7227171)|USER_DEBUG|[36]|DEBUG|Quote:{Name=first quote, AccountId=001f400000IPlikAAD, OpportunityId=006f400000AO4MJAA1, Pricebook2Id=01sf4000003Vb8JAAS, Id=0Q0f40000009VVICA2}
09:34:20.0 (7239822)|STATEMENT_EXECUTE|[37]
09:34:20.0 (7249239)|SYSTEM_MODE_EXIT|false
09:34:20.7 (7275958)|CUMULATIVE_LIMIT_USAGE
09:34:20.7 (7275958)|LIMIT_USAGE_FOR_NS|(default)|
  Number of SOQL queries: 1 out of 100
  Number of query rows: 1 out of 50000
  Number of SOSL queries: 0 out of 20
  Number of DML statements: 0 out of 150
  Number of DML rows: 0 out of 10000
  Maximum CPU time: 0 out of 10000
  Maximum heap size: 0 out of 6000000
  Number of callouts: 0 out of 100
  Number of Email Invocations: 0 out of 10
  Number of future calls: 0 out of 50
  Number of queueable jobs added to the queue: 0 out of 50
  Number of Mobile Apex push calls: 0 out of 10

09:34:20.7 (7275958)|CUMULATIVE_LIMIT_USAGE_END

09:34:20.0 (7309414)|CODE_UNIT_FINISHED|CloneQuote.getQuote
09:34:20.0 (7372024)|CODE_UNIT_FINISHED|Aura
09:34:20.0 (8754588)|EXECUTION_FINISHED
